[35m[Appium][39m Welcome to Appium v1.22.2
[35m[Appium][39m Non-default server args:
[35m[Appium][39m   port: 55183
[35m[Appium][39m   loglevel: info
[35m[Appium][39m   tmpDir: C:\Users\NIAYUS~1\AppData\Local\Temp\\Katalon\Appium\Temp1656398446851
[35m[Appium][39m   chromedriverPort: 55184
[35m[Appium][39m Deprecated server args:
[35m[Appium][39m   [31m--chromedriver-port[39m => --default-capabilities
[35m[Appium][39m Default capabilities, which will be added to each request unless overridden by desired capabilities:
[35m[Appium][39m   chromedriverPort: 55184
[35m[Appium][39m Appium REST http interface listener started on 0.0.0.0:55183
[35m[HTTP][39m [37m-->[39m [37mGET[39m [37m/wd/hub/status[39m
[35m[HTTP][39m [90m{}[39m
[35m[HTTP][39m [37m<-- GET /wd/hub/status [39m[32m200[39m [90m18 ms - 68[39m
[35m[HTTP][39m [90m[39m
[35m[HTTP][39m [37m-->[39m [37mPOST[39m [37m/wd/hub/session[39m
[35m[HTTP][39m [90m{"desiredCapabilities":{"appActivity":".Settings","appPackage":"com.android.settings","newCommandTimeout":1800,"platformVersion":"11","automationName":"uiautomator2","autoGrantPermissions":true,"platformName":"Android","udid":"RR8N605F11Y","deviceName":"samsung SM-M315F (Android 11)","platform":"ANDROID","systemPort":8223},"capabilities":{"firstMatch":[{"appium:appActivity":".Settings","appium:appPackage":"com.android.settings","appium:autoGrantPermissions":true,"appium:automationName":"uiautomator2","appium:deviceName":"samsung SM-M315F (Android 11)","appium:newCommandTimeout":1800,"platform":"ANDROID","platformName":"android","appium:platformVersion":"11","appium:systemPort":8223,"appium:udid":"RR8N605F11Y"}]}}[39m
[35m[BaseDriver][39m The following capabilities are not standard capabilities and should have an extension prefix:
[35m[BaseDriver][39m   platform
[35m[BaseDriver][39m   chromedriverPort
[35m[Appium][39m Appium v1.22.2 creating new AndroidUiautomator2Driver (v1.70.1) session
[35m[BaseDriver][39m The following capabilities were provided, but are not recognized by Appium:
[35m[BaseDriver][39m   platform
[35m[BaseDriver][39m Session created with session id: b4e15bda-28ef-4f38-abed-eefad76d916d
[35m[UiAutomator2][39m Starting 'com.android.settings' directly on the device
[35m[ADB][39m Cannot sort build-tools folders ["29.0.3","android-8.1.0"] by semantic version names.
[35m[ADB][39m Falling back to sorting by modification date. Original error: Invalid Version: android-8.1.0
[35m[ADB][39m Found 2 'build-tools' folders under 'C:\Users\Nia Yusniati\.katalon\tools\android_sdk' (newest first):
[35m[ADB][39m     C:/Users/Nia Yusniati/.katalon/tools/android_sdk/build-tools/29.0.3
[35m[ADB][39m     C:/Users/Nia Yusniati/.katalon/tools/android_sdk/build-tools/android-8.1.0
[35m[ADB][39m Using 'adb.exe' from 'C:\Users\Nia Yusniati\.katalon\tools\android_sdk\platform-tools\adb.exe'
[35m[AndroidDriver][39m Retrieving device list
[35m[AndroidDriver][39m Using device: RR8N605F11Y
[35m[ADB][39m Using 'adb.exe' from 'C:\Users\Nia Yusniati\.katalon\tools\android_sdk\platform-tools\adb.exe'
[35m[ADB][39m Getting device platform version
[35m[UiAutomator2][39m Relaxing hidden api policy
[35m[AndroidDriver][39m No app sent in, not parsing package/activity
[35m[ADB][39m Using 'apksigner.jar' from 'C:\Users\Nia Yusniati\.katalon\tools\android_sdk\build-tools\29.0.3\lib\apksigner.jar'
[35m[ADB][39m 'C:\Users\Nia Yusniati\AppData\Roaming\npm\node_modules\appium\node_modules\appium-uiautomator2-server\apks\appium-uiautomator2-server-v4.27.0.apk' is signed with the default certificate
[35m[ADB][39m 'C:\Users\Nia Yusniati\AppData\Roaming\npm\node_modules\appium\node_modules\appium-uiautomator2-server\apks\appium-uiautomator2-server-debug-androidTest.apk' is signed with the default certificate
[35m[UiAutomator2][39m Server packages are not going to be (re)installed
[35m[ADB][39m Adding packages ["io.appium.settings","io.appium.uiautomator2.server","io.appium.uiautomator2.server.test"] to Doze whitelist
[35m[UiAutomator2][39m Starting UIAutomator2 server 4.27.0
[35m[UiAutomator2][39m Using UIAutomator2 server from 'C:\Users\Nia Yusniati\AppData\Roaming\npm\node_modules\appium\node_modules\appium-uiautomator2-server\apks\appium-uiautomator2-server-v4.27.0.apk' and test from 'C:\Users\Nia Yusniati\AppData\Roaming\npm\node_modules\appium\node_modules\appium-uiautomator2-server\apks\appium-uiautomator2-server-debug-androidTest.apk'
[35m[UiAutomator2][39m Waiting up to 30000ms for UiAutomator2 to be online...
[35m[WD Proxy][39m socket hang up
[35m[WD Proxy][39m socket hang up
[35m[WD Proxy][39m socket hang up
[35m[WD Proxy][39m Determined the downstream protocol as 'W3C'
[35m[AndroidDriver][39m Screen already unlocked, doing nothing
[35m[UiAutomator2][39m Starting 'com.android.settings/.Settings and waiting for 'com.android.settings/.Settings'
[35m[Appium][39m New AndroidUiautomator2Driver session created successfully, session b4e15bda-28ef-4f38-abed-eefad76d916d added to master session list
[35m[HTTP][39m [37m<-- POST /wd/hub/session [39m[32m200[39m [90m10892 ms - 1158[39m
[35m[HTTP][39m [90m[39m
[35m[HTTP][39m [37m-->[39m [37mGET[39m [37m/wd/hub/session/b4e15bda-28ef-4f38-abed-eefad76d916d[39m
[35m[HTTP][39m [90m{}[39m
[35m[HTTP][39m [37m<-- GET /wd/hub/session/b4e15bda-28ef-4f38-abed-eefad76d916d [39m[32m200[39m [90m15 ms - 1112[39m
[35m[HTTP][39m [90m[39m
[35m[HTTP][39m [37m-->[39m [37mGET[39m [37m/wd/hub/session/b4e15bda-28ef-4f38-abed-eefad76d916d[39m
[35m[HTTP][39m [90m{}[39m
[35m[HTTP][39m [37m<-- GET /wd/hub/session/b4e15bda-28ef-4f38-abed-eefad76d916d [39m[32m200[39m [90m13 ms - 1112[39m
[35m[HTTP][39m [90m[39m
[35m[HTTP][39m [37m-->[39m [37mGET[39m [37m/wd/hub/status[39m
[35m[HTTP][39m [90m{}[39m
[35m[HTTP][39m [37m<-- GET /wd/hub/status [39m[32m200[39m [90m1 ms - 68[39m
[35m[HTTP][39m [90m[39m
[35m[HTTP][39m [37m-->[39m [37mPOST[39m [37m/wd/hub/session/b4e15bda-28ef-4f38-abed-eefad76d916d/timeouts[39m
[35m[HTTP][39m [90m{"implicit":30000}[39m
[35m[HTTP][39m [37m<-- POST /wd/hub/session/b4e15bda-28ef-4f38-abed-eefad76d916d/timeouts [39m[32m200[39m [90m3 ms - 14[39m
[35m[HTTP][39m [90m[39m
[35m[HTTP][39m [37m-->[39m [37mGET[39m [37m/wd/hub/session/b4e15bda-28ef-4f38-abed-eefad76d916d/screenshot[39m
[35m[HTTP][39m [90m{}[39m
[35m[HTTP][39m [37m<-- GET /wd/hub/session/b4e15bda-28ef-4f38-abed-eefad76d916d/screenshot [39m[32m200[39m [90m525 ms - 219920[39m
[35m[HTTP][39m [90m[39m
[35m[HTTP][39m [37m-->[39m [37mGET[39m [37m/wd/hub/session/b4e15bda-28ef-4f38-abed-eefad76d916d/window/rect[39m
[35m[HTTP][39m [90m{}[39m
[35m[HTTP][39m [37m<-- GET /wd/hub/session/b4e15bda-28ef-4f38-abed-eefad76d916d/window/rect [39m[32m200[39m [90m27 ms - 50[39m
[35m[HTTP][39m [90m[39m
[35m[HTTP][39m [37m-->[39m [37mGET[39m [37m/wd/hub/session/b4e15bda-28ef-4f38-abed-eefad76d916d/appium/device/system_bars[39m
[35m[HTTP][39m [90m{}[39m
[35m[HTTP][39m [37m<-- GET /wd/hub/session/b4e15bda-28ef-4f38-abed-eefad76d916d/appium/device/system_bars [39m[32m200[39m [90m166 ms - 148[39m
[35m[HTTP][39m [90m[39m
[35m[HTTP][39m [37m-->[39m [37mPOST[39m [37m/wd/hub/session/b4e15bda-28ef-4f38-abed-eefad76d916d/appium/device/activate_app[39m
[35m[HTTP][39m [90m{"bundleId":"com.vq.mbrochuregp.client.android"}[39m
[35m[HTTP][39m [37m<-- POST /wd/hub/session/b4e15bda-28ef-4f38-abed-eefad76d916d/appium/device/activate_app [39m[32m200[39m [90m682 ms - 14[39m
[35m[HTTP][39m [90m[39m
[35m[HTTP][39m [37m-->[39m [37mGET[39m [37m/wd/hub/session/b4e15bda-28ef-4f38-abed-eefad76d916d/window/rect[39m
[35m[HTTP][39m [90m{}[39m
[35m[HTTP][39m [37m<-- GET /wd/hub/session/b4e15bda-28ef-4f38-abed-eefad76d916d/window/rect [39m[32m200[39m [90m49 ms - 50[39m
[35m[HTTP][39m [90m[39m
[35m[HTTP][39m [37m-->[39m [37mPOST[39m [37m/wd/hub/session/b4e15bda-28ef-4f38-abed-eefad76d916d/elements[39m
[35m[HTTP][39m [90m{"using":"xpath","value":"//*[@resource-id = 'com.vq.mbrochuregp.client.android:id/iv_home_profil_icon' and @package = 'com.vq.mbrochuregp.client.android']"}[39m
[35m[HTTP][39m [37m<-- POST /wd/hub/session/b4e15bda-28ef-4f38-abed-eefad76d916d/elements [39m[32m200[39m [90m1512 ms - 139[39m
[35m[HTTP][39m [90m[39m
[35m[HTTP][39m [37m-->[39m [37mGET[39m [37m/wd/hub/session/b4e15bda-28ef-4f38-abed-eefad76d916d/element/00000000-0000-06fd-ffff-ffff000015d7/location[39m
[35m[HTTP][39m [90m{}[39m
[35m[W3C (b4e15bda)][39m Driver proxy active, passing request on via HTTP proxy
[35m[WD Proxy][39m Replacing sessionId 4d0615db-a08a-4591-a4a2-111882e099bb with b4e15bda-28ef-4f38-abed-eefad76d916d
[35m[HTTP][39m [37m<-- GET /wd/hub/session/b4e15bda-28ef-4f38-abed-eefad76d916d/element/00000000-0000-06fd-ffff-ffff000015d7/location [39m[32m200[39m [90m91 ms - 79[39m
[35m[HTTP][39m [90m[39m
[35m[HTTP][39m [37m-->[39m [37mPOST[39m [37m/wd/hub/session/b4e15bda-28ef-4f38-abed-eefad76d916d/element/00000000-0000-06fd-ffff-ffff000015d7/click[39m
[35m[HTTP][39m [90m{"id":"00000000-0000-06fd-ffff-ffff000015d7"}[39m
[35m[HTTP][39m [37m<-- POST /wd/hub/session/b4e15bda-28ef-4f38-abed-eefad76d916d/element/00000000-0000-06fd-ffff-ffff000015d7/click [39m[32m200[39m [90m153 ms - 14[39m
[35m[HTTP][39m [90m[39m
[35m[HTTP][39m [37m-->[39m [37mPOST[39m [37m/wd/hub/session/b4e15bda-28ef-4f38-abed-eefad76d916d/timeouts[39m
[35m[HTTP][39m [90m{"implicit":50}[39m
[35m[HTTP][39m [37m<-- POST /wd/hub/session/b4e15bda-28ef-4f38-abed-eefad76d916d/timeouts [39m[32m200[39m [90m2 ms - 14[39m
[35m[HTTP][39m [90m[39m
[35m[HTTP][39m [37m-->[39m [37mGET[39m [37m/wd/hub/session/b4e15bda-28ef-4f38-abed-eefad76d916d/window/rect[39m
[35m[HTTP][39m [90m{}[39m
[35m[HTTP][39m [37m<-- GET /wd/hub/session/b4e15bda-28ef-4f38-abed-eefad76d916d/window/rect [39m[32m200[39m [90m44 ms - 50[39m
[35m[HTTP][39m [90m[39m
[35m[HTTP][39m [37m-->[39m [37mPOST[39m [37m/wd/hub/session/b4e15bda-28ef-4f38-abed-eefad76d916d/elements[39m
[35m[HTTP][39m [90m{"using":"xpath","value":"//hierarchy/android.widget.FrameLayout[1]/android.widget.LinearLayout[1]/android.widget.FrameLayout[1]/android.widget.LinearLayout[1]/android.widget.FrameLayout[1]/android.view.ViewGroup[1]/android.widget.ScrollView[1]/android.widget.LinearLayout[1]/android.view.ViewGroup[1]/android.widget.LinearLayout[1]/android.widget.FrameLayout[1]/android.widget.EditText[1]"}[39m
[35m[HTTP][39m [37m<-- POST /wd/hub/session/b4e15bda-28ef-4f38-abed-eefad76d916d/elements [39m[32m200[39m [90m234 ms - 139[39m
[35m[HTTP][39m [90m[39m
[35m[HTTP][39m [37m-->[39m [37mGET[39m [37m/wd/hub/session/b4e15bda-28ef-4f38-abed-eefad76d916d/element/00000000-0000-0708-ffff-ffff00001607/location[39m
[35m[HTTP][39m [90m{}[39m
[35m[W3C (b4e15bda)][39m Driver proxy active, passing request on via HTTP proxy
[35m[WD Proxy][39m Replacing sessionId 4d0615db-a08a-4591-a4a2-111882e099bb with b4e15bda-28ef-4f38-abed-eefad76d916d
[35m[HTTP][39m [37m<-- GET /wd/hub/session/b4e15bda-28ef-4f38-abed-eefad76d916d/element/00000000-0000-0708-ffff-ffff00001607/location [39m[32m200[39m [90m51 ms - 77[39m
[35m[HTTP][39m [90m[39m
[35m[HTTP][39m [37m-->[39m [37mPOST[39m [37m/wd/hub/session/b4e15bda-28ef-4f38-abed-eefad76d916d/timeouts[39m
[35m[HTTP][39m [90m{"implicit":30000}[39m
[35m[HTTP][39m [37m<-- POST /wd/hub/session/b4e15bda-28ef-4f38-abed-eefad76d916d/timeouts [39m[32m200[39m [90m3 ms - 14[39m
[35m[HTTP][39m [90m[39m
[35m[HTTP][39m [37m-->[39m [37mPOST[39m [37m/wd/hub/session/b4e15bda-28ef-4f38-abed-eefad76d916d/element/00000000-0000-0708-ffff-ffff00001607/clear[39m
[35m[HTTP][39m [90m{"id":"00000000-0000-0708-ffff-ffff00001607"}[39m
[35m[HTTP][39m [37m<-- POST /wd/hub/session/b4e15bda-28ef-4f38-abed-eefad76d916d/element/00000000-0000-0708-ffff-ffff00001607/clear [39m[32m200[39m [90m82 ms - 14[39m
[35m[HTTP][39m [90m[39m
[35m[HTTP][39m [37m-->[39m [37mPOST[39m [37m/wd/hub/session/b4e15bda-28ef-4f38-abed-eefad76d916d/element/00000000-0000-0708-ffff-ffff00001607/value[39m
[35m[HTTP][39m [90m{"id":"00000000-0000-0708-ffff-ffff00001607","text":"muhaimin@mailinator.com","value":["m","u","h","a","i","m","i","n","@","m","a","i","l","i","n","a","t","o","r",".","c","o","m"]}[39m
[35m[HTTP][39m [37m<-- POST /wd/hub/session/b4e15bda-28ef-4f38-abed-eefad76d916d/element/00000000-0000-0708-ffff-ffff00001607/value [39m[32m200[39m [90m605 ms - 14[39m
[35m[HTTP][39m [90m[39m
[35m[HTTP][39m [37m-->[39m [37mPOST[39m [37m/wd/hub/session/b4e15bda-28ef-4f38-abed-eefad76d916d/timeouts[39m
[35m[HTTP][39m [90m{"implicit":50}[39m
[35m[HTTP][39m [37m<-- POST /wd/hub/session/b4e15bda-28ef-4f38-abed-eefad76d916d/timeouts [39m[32m200[39m [90m2 ms - 14[39m
[35m[HTTP][39m [90m[39m
[35m[HTTP][39m [37m-->[39m [37mGET[39m [37m/wd/hub/session/b4e15bda-28ef-4f38-abed-eefad76d916d/window/rect[39m
[35m[HTTP][39m [90m{}[39m
[35m[HTTP][39m [37m<-- GET /wd/hub/session/b4e15bda-28ef-4f38-abed-eefad76d916d/window/rect [39m[32m200[39m [90m46 ms - 50[39m
[35m[HTTP][39m [90m[39m
[35m[HTTP][39m [37m-->[39m [37mPOST[39m [37m/wd/hub/session/b4e15bda-28ef-4f38-abed-eefad76d916d/elements[39m
[35m[HTTP][39m [90m{"using":"xpath","value":"//hierarchy/android.widget.FrameLayout[1]/android.widget.LinearLayout[1]/android.widget.FrameLayout[1]/android.widget.LinearLayout[1]/android.widget.FrameLayout[1]/android.view.ViewGroup[1]/android.widget.ScrollView[1]/android.widget.LinearLayout[1]/android.view.ViewGroup[1]/android.widget.LinearLayout[2]/android.widget.FrameLayout[1]/android.widget.EditText[1]"}[39m
[35m[HTTP][39m [37m<-- POST /wd/hub/session/b4e15bda-28ef-4f38-abed-eefad76d916d/elements [39m[32m200[39m [90m249 ms - 139[39m
[35m[HTTP][39m [90m[39m
[35m[HTTP][39m [37m-->[39m [37mGET[39m [37m/wd/hub/session/b4e15bda-28ef-4f38-abed-eefad76d916d/element/00000000-0000-0708-ffff-ffff0000160b/location[39m
[35m[HTTP][39m [90m{}[39m
[35m[W3C (b4e15bda)][39m Driver proxy active, passing request on via HTTP proxy
[35m[WD Proxy][39m Replacing sessionId 4d0615db-a08a-4591-a4a2-111882e099bb with b4e15bda-28ef-4f38-abed-eefad76d916d
[35m[HTTP][39m [37m<-- GET /wd/hub/session/b4e15bda-28ef-4f38-abed-eefad76d916d/element/00000000-0000-0708-ffff-ffff0000160b/location [39m[32m200[39m [90m40 ms - 78[39m
[35m[HTTP][39m [90m[39m
[35m[HTTP][39m [37m-->[39m [37mPOST[39m [37m/wd/hub/session/b4e15bda-28ef-4f38-abed-eefad76d916d/timeouts[39m
[35m[HTTP][39m [90m{"implicit":30000}[39m
[35m[HTTP][39m [37m<-- POST /wd/hub/session/b4e15bda-28ef-4f38-abed-eefad76d916d/timeouts [39m[32m200[39m [90m2 ms - 14[39m
[35m[HTTP][39m [90m[39m
[35m[HTTP][39m [37m-->[39m [37mPOST[39m [37m/wd/hub/session/b4e15bda-28ef-4f38-abed-eefad76d916d/element/00000000-0000-0708-ffff-ffff0000160b/clear[39m
[35m[HTTP][39m [90m{"id":"00000000-0000-0708-ffff-ffff0000160b"}[39m
[35m[HTTP][39m [37m<-- POST /wd/hub/session/b4e15bda-28ef-4f38-abed-eefad76d916d/element/00000000-0000-0708-ffff-ffff0000160b/clear [39m[32m200[39m [90m54 ms - 14[39m
[35m[HTTP][39m [90m[39m
[35m[HTTP][39m [37m-->[39m [37mPOST[39m [37m/wd/hub/session/b4e15bda-28ef-4f38-abed-eefad76d916d/element/00000000-0000-0708-ffff-ffff0000160b/value[39m
[35m[HTTP][39m [90m{"id":"00000000-0000-0708-ffff-ffff0000160b","text":"123abc","value":["1","2","3","a","b","c"]}[39m
[35m[HTTP][39m [37m<-- POST /wd/hub/session/b4e15bda-28ef-4f38-abed-eefad76d916d/element/00000000-0000-0708-ffff-ffff0000160b/value [39m[32m200[39m [90m1079 ms - 14[39m
[35m[HTTP][39m [90m[39m
[35m[HTTP][39m [37m-->[39m [37mGET[39m [37m/wd/hub/session/b4e15bda-28ef-4f38-abed-eefad76d916d/context[39m
[35m[HTTP][39m [90m{}[39m
[35m[HTTP][39m [37m<-- GET /wd/hub/session/b4e15bda-28ef-4f38-abed-eefad76d916d/context [39m[32m200[39m [90m2 ms - 22[39m
[35m[HTTP][39m [90m[39m
[35m[HTTP][39m [37m-->[39m [37mGET[39m [37m/wd/hub/session/b4e15bda-28ef-4f38-abed-eefad76d916d/contexts[39m
[35m[HTTP][39m [90m{}[39m
[35m[HTTP][39m [37m<-- GET /wd/hub/session/b4e15bda-28ef-4f38-abed-eefad76d916d/contexts [39m[32m200[39m [90m120 ms - 24[39m
[35m[HTTP][39m [90m[39m
[35m[HTTP][39m [37m-->[39m [37mPOST[39m [37m/wd/hub/session/b4e15bda-28ef-4f38-abed-eefad76d916d/context[39m
[35m[HTTP][39m [90m{"name":"NATIVE_APP"}[39m
[35m[HTTP][39m [37m<-- POST /wd/hub/session/b4e15bda-28ef-4f38-abed-eefad76d916d/context [39m[32m200[39m [90m2 ms - 14[39m
[35m[HTTP][39m [90m[39m
[35m[HTTP][39m [37m-->[39m [37mGET[39m [37m/wd/hub/session/b4e15bda-28ef-4f38-abed-eefad76d916d/window/rect[39m
[35m[HTTP][39m [90m{}[39m
[35m[HTTP][39m [37m<-- GET /wd/hub/session/b4e15bda-28ef-4f38-abed-eefad76d916d/window/rect [39m[32m200[39m [90m51 ms - 50[39m
[35m[HTTP][39m [90m[39m
[35m[HTTP][39m [37m-->[39m [37mPOST[39m [37m/wd/hub/session/b4e15bda-28ef-4f38-abed-eefad76d916d/execute/sync[39m
[35m[HTTP][39m [90m{"script":"mobile: viewportScreenshot","args":[]}[39m
[35m[AndroidDriver][39m Executing native command 'mobile: viewportScreenshot'
[35m[HTTP][39m [37m<-- POST /wd/hub/session/b4e15bda-28ef-4f38-abed-eefad76d916d/execute/sync [39m[32m200[39m [90m1782 ms - 154872[39m
[35m[HTTP][39m [90m[39m
[35m[HTTP][39m [37m-->[39m [37mPOST[39m [37m/wd/hub/session/b4e15bda-28ef-4f38-abed-eefad76d916d/context[39m
[35m[HTTP][39m [90m{"name":"NATIVE_APP"}[39m
[35m[HTTP][39m [37m<-- POST /wd/hub/session/b4e15bda-28ef-4f38-abed-eefad76d916d/context [39m[32m200[39m [90m2 ms - 14[39m
[35m[HTTP][39m [90m[39m
[35m[HTTP][39m [37m-->[39m [37mPOST[39m [37m/wd/hub/session/b4e15bda-28ef-4f38-abed-eefad76d916d/timeouts[39m
[35m[HTTP][39m [90m{"implicit":50}[39m
[35m[HTTP][39m [37m<-- POST /wd/hub/session/b4e15bda-28ef-4f38-abed-eefad76d916d/timeouts [39m[32m200[39m [90m2 ms - 14[39m
[35m[HTTP][39m [90m[39m
[35m[HTTP][39m [37m-->[39m [37mGET[39m [37m/wd/hub/session/b4e15bda-28ef-4f38-abed-eefad76d916d/window/rect[39m
[35m[HTTP][39m [90m{}[39m
[35m[HTTP][39m [37m<-- GET /wd/hub/session/b4e15bda-28ef-4f38-abed-eefad76d916d/window/rect [39m[32m200[39m [90m52 ms - 50[39m
[35m[HTTP][39m [90m[39m
[35m[HTTP][39m [37m-->[39m [37mPOST[39m [37m/wd/hub/session/b4e15bda-28ef-4f38-abed-eefad76d916d/elements[39m
[35m[HTTP][39m [90m{"using":"xpath","value":"//hierarchy/android.widget.FrameLayout[1]/android.widget.LinearLayout[1]/android.widget.FrameLayout[1]/android.widget.LinearLayout[1]/android.widget.FrameLayout[1]/android.view.ViewGroup[1]/android.widget.ScrollView[1]/android.widget.LinearLayout[1]/android.view.ViewGroup[1]/android.widget.Button[1]"}[39m
[35m[HTTP][39m [37m<-- POST /wd/hub/session/b4e15bda-28ef-4f38-abed-eefad76d916d/elements [39m[32m200[39m [90m250 ms - 139[39m
[35m[HTTP][39m [90m[39m
[35m[HTTP][39m [37m-->[39m [37mGET[39m [37m/wd/hub/session/b4e15bda-28ef-4f38-abed-eefad76d916d/element/00000000-0000-0708-ffff-ffff0000160e/location[39m
[35m[HTTP][39m [90m{}[39m
[35m[W3C (b4e15bda)][39m Driver proxy active, passing request on via HTTP proxy
[35m[WD Proxy][39m Replacing sessionId 4d0615db-a08a-4591-a4a2-111882e099bb with b4e15bda-28ef-4f38-abed-eefad76d916d
[35m[HTTP][39m [37m<-- GET /wd/hub/session/b4e15bda-28ef-4f38-abed-eefad76d916d/element/00000000-0000-0708-ffff-ffff0000160e/location [39m[32m200[39m [90m59 ms - 78[39m
[35m[HTTP][39m [90m[39m
[35m[HTTP][39m [37m-->[39m [37mPOST[39m [37m/wd/hub/session/b4e15bda-28ef-4f38-abed-eefad76d916d/timeouts[39m
[35m[HTTP][39m [90m{"implicit":30000}[39m
[35m[HTTP][39m [37m<-- POST /wd/hub/session/b4e15bda-28ef-4f38-abed-eefad76d916d/timeouts [39m[32m200[39m [90m1 ms - 14[39m
[35m[HTTP][39m [90m[39m
[35m[HTTP][39m [37m-->[39m [37mPOST[39m [37m/wd/hub/session/b4e15bda-28ef-4f38-abed-eefad76d916d/touch/perform[39m
[35m[HTTP][39m [90m{"actions":[{"action":"tap","options":{"x":1,"y":1,"element":"00000000-0000-0708-ffff-ffff0000160e"}},{"action":"release","options":{}}]}[39m
[35m[UiAutomator2][39m calling get location: 00000000-0000-0708-ffff-ffff0000160e
[35m[HTTP][39m [37m<-- POST /wd/hub/session/b4e15bda-28ef-4f38-abed-eefad76d916d/touch/perform [39m[32m200[39m [90m266 ms - 14[39m
[35m[HTTP][39m [90m[39m
[35m[HTTP][39m [37m-->[39m [37mGET[39m [37m/wd/hub/session/b4e15bda-28ef-4f38-abed-eefad76d916d/window/rect[39m
[35m[HTTP][39m [90m{}[39m
[35m[HTTP][39m [37m<-- GET /wd/hub/session/b4e15bda-28ef-4f38-abed-eefad76d916d/window/rect [39m[32m200[39m [90m26 ms - 50[39m
[35m[HTTP][39m [90m[39m
[35m[HTTP][39m [37m-->[39m [37mPOST[39m [37m/wd/hub/session/b4e15bda-28ef-4f38-abed-eefad76d916d/elements[39m
[35m[HTTP][39m [90m{"using":"xpath","value":"//*[@resource-id = 'com.vq.mbrochuregp.client.android:id/iv_home_profil_icon' and @package = 'com.vq.mbrochuregp.client.android']"}[39m
[35m[HTTP][39m [37m<-- POST /wd/hub/session/b4e15bda-28ef-4f38-abed-eefad76d916d/elements [39m[32m200[39m [90m5528 ms - 139[39m
[35m[HTTP][39m [90m[39m
[35m[HTTP][39m [37m-->[39m [37mGET[39m [37m/wd/hub/session/b4e15bda-28ef-4f38-abed-eefad76d916d/element/00000000-0000-070a-ffff-ffff0000165e/location[39m
[35m[HTTP][39m [90m{}[39m
[35m[W3C (b4e15bda)][39m Driver proxy active, passing request on via HTTP proxy
[35m[WD Proxy][39m Replacing sessionId 4d0615db-a08a-4591-a4a2-111882e099bb with b4e15bda-28ef-4f38-abed-eefad76d916d
[35m[HTTP][39m [37m<-- GET /wd/hub/session/b4e15bda-28ef-4f38-abed-eefad76d916d/element/00000000-0000-070a-ffff-ffff0000165e/location [39m[32m200[39m [90m792 ms - 79[39m
[35m[HTTP][39m [90m[39m
[35m[HTTP][39m [37m-->[39m [37mPOST[39m [37m/wd/hub/session/b4e15bda-28ef-4f38-abed-eefad76d916d/element/00000000-0000-070a-ffff-ffff0000165e/click[39m
[35m[HTTP][39m [90m{"id":"00000000-0000-070a-ffff-ffff0000165e"}[39m
[35m[HTTP][39m [37m<-- POST /wd/hub/session/b4e15bda-28ef-4f38-abed-eefad76d916d/element/00000000-0000-070a-ffff-ffff0000165e/click [39m[32m200[39m [90m124 ms - 14[39m
[35m[HTTP][39m [90m[39m
[35m[HTTP][39m [37m-->[39m [37mGET[39m [37m/wd/hub/session/b4e15bda-28ef-4f38-abed-eefad76d916d/context[39m
[35m[HTTP][39m [90m{}[39m
[35m[HTTP][39m [37m<-- GET /wd/hub/session/b4e15bda-28ef-4f38-abed-eefad76d916d/context [39m[32m200[39m [90m3 ms - 22[39m
[35m[HTTP][39m [90m[39m
[35m[HTTP][39m [37m-->[39m [37mGET[39m [37m/wd/hub/session/b4e15bda-28ef-4f38-abed-eefad76d916d/contexts[39m
[35m[HTTP][39m [90m{}[39m
[35m[HTTP][39m [37m<-- GET /wd/hub/session/b4e15bda-28ef-4f38-abed-eefad76d916d/contexts [39m[32m200[39m [90m106 ms - 24[39m
[35m[HTTP][39m [90m[39m
[35m[HTTP][39m [37m-->[39m [37mPOST[39m [37m/wd/hub/session/b4e15bda-28ef-4f38-abed-eefad76d916d/context[39m
[35m[HTTP][39m [90m{"name":"NATIVE_APP"}[39m
[35m[HTTP][39m [37m<-- POST /wd/hub/session/b4e15bda-28ef-4f38-abed-eefad76d916d/context [39m[32m200[39m [90m2 ms - 14[39m
[35m[HTTP][39m [90m[39m
[35m[HTTP][39m [37m-->[39m [37mGET[39m [37m/wd/hub/session/b4e15bda-28ef-4f38-abed-eefad76d916d/window/rect[39m
[35m[HTTP][39m [90m{}[39m
[35m[HTTP][39m [37m<-- GET /wd/hub/session/b4e15bda-28ef-4f38-abed-eefad76d916d/window/rect [39m[32m200[39m [90m28 ms - 50[39m
[35m[HTTP][39m [90m[39m
[35m[HTTP][39m [37m-->[39m [37mPOST[39m [37m/wd/hub/session/b4e15bda-28ef-4f38-abed-eefad76d916d/execute/sync[39m
[35m[HTTP][39m [90m{"script":"mobile: viewportScreenshot","args":[]}[39m
[35m[AndroidDriver][39m Executing native command 'mobile: viewportScreenshot'
[35m[HTTP][39m [37m<-- POST /wd/hub/session/b4e15bda-28ef-4f38-abed-eefad76d916d/execute/sync [39m[32m200[39m [90m1415 ms - 302420[39m
[35m[HTTP][39m [90m[39m
[35m[HTTP][39m [37m-->[39m [37mPOST[39m [37m/wd/hub/session/b4e15bda-28ef-4f38-abed-eefad76d916d/context[39m
[35m[HTTP][39m [90m{"name":"NATIVE_APP"}[39m
[35m[HTTP][39m [37m<-- POST /wd/hub/session/b4e15bda-28ef-4f38-abed-eefad76d916d/context [39m[32m200[39m [90m2 ms - 14[39m
[35m[HTTP][39m [90m[39m
[35m[HTTP][39m [37m-->[39m [37mGET[39m [37m/wd/hub/session/b4e15bda-28ef-4f38-abed-eefad76d916d/window/rect[39m
[35m[HTTP][39m [90m{}[39m
[35m[HTTP][39m [37m<-- GET /wd/hub/session/b4e15bda-28ef-4f38-abed-eefad76d916d/window/rect [39m[32m200[39m [90m42 ms - 50[39m
[35m[HTTP][39m [90m[39m
[35m[HTTP][39m [37m-->[39m [37mPOST[39m [37m/wd/hub/session/b4e15bda-28ef-4f38-abed-eefad76d916d/elements[39m
[35m[HTTP][39m [90m{"using":"xpath","value":"//*[@class = 'android.widget.ImageView' and @resource-id = 'com.vq.mbrochuregp.client.android:id/iv_home_icon' and (@text = '' or . = '')]"}[39m
[35m[HTTP][39m [37m<-- POST /wd/hub/session/b4e15bda-28ef-4f38-abed-eefad76d916d/elements [39m[32m200[39m [90m458 ms - 139[39m
[35m[HTTP][39m [90m[39m
[35m[HTTP][39m [37m-->[39m [37mGET[39m [37m/wd/hub/session/b4e15bda-28ef-4f38-abed-eefad76d916d/element/00000000-0000-070d-ffff-ffff000016a6/location[39m
[35m[HTTP][39m [90m{}[39m
[35m[W3C (b4e15bda)][39m Driver proxy active, passing request on via HTTP proxy
[35m[WD Proxy][39m Replacing sessionId 4d0615db-a08a-4591-a4a2-111882e099bb with b4e15bda-28ef-4f38-abed-eefad76d916d
[35m[HTTP][39m [37m<-- GET /wd/hub/session/b4e15bda-28ef-4f38-abed-eefad76d916d/element/00000000-0000-070d-ffff-ffff000016a6/location [39m[32m200[39m [90m44 ms - 78[39m
[35m[HTTP][39m [90m[39m
[35m[HTTP][39m [37m-->[39m [37mPOST[39m [37m/wd/hub/session/b4e15bda-28ef-4f38-abed-eefad76d916d/element/00000000-0000-070d-ffff-ffff000016a6/click[39m
[35m[HTTP][39m [90m{"id":"00000000-0000-070d-ffff-ffff000016a6"}[39m
[35m[HTTP][39m [37m<-- POST /wd/hub/session/b4e15bda-28ef-4f38-abed-eefad76d916d/element/00000000-0000-070d-ffff-ffff000016a6/click [39m[32m200[39m [90m101 ms - 14[39m
[35m[HTTP][39m [90m[39m
[35m[HTTP][39m [37m-->[39m [37mGET[39m [37m/wd/hub/status[39m
[35m[HTTP][39m [90m{}[39m
[35m[HTTP][39m [37m<-- GET /wd/hub/status [39m[32m200[39m [90m1 ms - 68[39m
[35m[HTTP][39m [90m[39m
[35m[HTTP][39m [37m-->[39m [37mPOST[39m [37m/wd/hub/session[39m
[35m[HTTP][39m [90m{"desiredCapabilities":{"appActivity":".Settings","appPackage":"com.android.settings","newCommandTimeout":1800,"platformVersion":"11","automationName":"uiautomator2","autoGrantPermissions":true,"platformName":"Android","udid":"RR8N605F11Y","deviceName":"samsung SM-M315F (Android 11)","platform":"ANDROID","systemPort":8287},"capabilities":{"firstMatch":[{"appium:appActivity":".Settings","appium:appPackage":"com.android.settings","appium:autoGrantPermissions":true,"appium:automationName":"uiautomator2","appium:deviceName":"samsung SM-M315F (Android 11)","appium:newCommandTimeout":1800,"platform":"ANDROID","platformName":"android","appium:platformVersion":"11","appium:systemPort":8287,"appium:udid":"RR8N605F11Y"}]}}[39m
[35m[BaseDriver][39m The following capabilities are not standard capabilities and should have an extension prefix:
[35m[BaseDriver][39m   platform
[35m[BaseDriver][39m   chromedriverPort
[35m[Appium][39m Appium v1.22.2 creating new AndroidUiautomator2Driver (v1.70.1) session
[35m[BaseDriver][39m The following capabilities were provided, but are not recognized by Appium:
[35m[BaseDriver][39m   platform
[35m[BaseDriver][39m Session created with session id: 6ab23308-d4fb-47c3-8ad7-71e6de10aedd
[35m[UiAutomator2][39m Starting 'com.android.settings' directly on the device
[35m[ADB][39m Using 'adb.exe' from 'C:\Users\Nia Yusniati\.katalon\tools\android_sdk\platform-tools\adb.exe'
[35m[AndroidDriver][39m Retrieving device list
[35m[AndroidDriver][39m Using device: RR8N605F11Y
[35m[ADB][39m Using 'adb.exe' from 'C:\Users\Nia Yusniati\.katalon\tools\android_sdk\platform-tools\adb.exe'
[35m[ADB][39m Getting device platform version
[35m[UiAutomator2][39m Relaxing hidden api policy
[35m[AndroidDriver][39m No app sent in, not parsing package/activity
[35m[UiAutomator2][39m Server packages are not going to be (re)installed
[35m[ADB][39m Adding packages ["io.appium.settings","io.appium.uiautomator2.server","io.appium.uiautomator2.server.test"] to Doze whitelist
[35m[UiAutomator2][39m Starting UIAutomator2 server 4.27.0
[35m[UiAutomator2][39m Using UIAutomator2 server from 'C:\Users\Nia Yusniati\AppData\Roaming\npm\node_modules\appium\node_modules\appium-uiautomator2-server\apks\appium-uiautomator2-server-v4.27.0.apk' and test from 'C:\Users\Nia Yusniati\AppData\Roaming\npm\node_modules\appium\node_modules\appium-uiautomator2-server\apks\appium-uiautomator2-server-debug-androidTest.apk'
[35m[UiAutomator2][39m Waiting up to 30000ms for UiAutomator2 to be online...
[35m[WD Proxy][39m socket hang up
[35m[WD Proxy][39m socket hang up
[35m[WD Proxy][39m socket hang up
[35m[WD Proxy][39m Determined the downstream protocol as 'W3C'
[35m[AndroidDriver][39m Screen already unlocked, doing nothing
[35m[UiAutomator2][39m Starting 'com.android.settings/.Settings and waiting for 'com.android.settings/.Settings'
[35m[Appium][39m New AndroidUiautomator2Driver session created successfully, session 6ab23308-d4fb-47c3-8ad7-71e6de10aedd added to master session list
[35m[HTTP][39m [37m<-- POST /wd/hub/session [39m[32m200[39m [90m9347 ms - 1158[39m
[35m[HTTP][39m [90m[39m
[35m[HTTP][39m [37m-->[39m [37mGET[39m [37m/wd/hub/session/6ab23308-d4fb-47c3-8ad7-71e6de10aedd[39m
[35m[HTTP][39m [90m{}[39m
[35m[HTTP][39m [37m<-- GET /wd/hub/session/6ab23308-d4fb-47c3-8ad7-71e6de10aedd [39m[32m200[39m [90m21 ms - 1112[39m
[35m[HTTP][39m [90m[39m
[35m[HTTP][39m [37m-->[39m [37mGET[39m [37m/wd/hub/session/6ab23308-d4fb-47c3-8ad7-71e6de10aedd[39m
[35m[HTTP][39m [90m{}[39m
[35m[HTTP][39m [37m<-- GET /wd/hub/session/6ab23308-d4fb-47c3-8ad7-71e6de10aedd [39m[32m200[39m [90m11 ms - 1112[39m
[35m[HTTP][39m [90m[39m
[35m[HTTP][39m [37m-->[39m [37mGET[39m [37m/wd/hub/status[39m
[35m[HTTP][39m [90m{}[39m
[35m[HTTP][39m [37m<-- GET /wd/hub/status [39m[32m200[39m [90m1 ms - 68[39m
[35m[HTTP][39m [90m[39m
[35m[HTTP][39m [37m-->[39m [37mPOST[39m [37m/wd/hub/session/6ab23308-d4fb-47c3-8ad7-71e6de10aedd/timeouts[39m
[35m[HTTP][39m [90m{"implicit":30000}[39m
[35m[HTTP][39m [37m<-- POST /wd/hub/session/6ab23308-d4fb-47c3-8ad7-71e6de10aedd/timeouts [39m[32m200[39m [90m2 ms - 14[39m
[35m[HTTP][39m [90m[39m
[35m[HTTP][39m [37m-->[39m [37mGET[39m [37m/wd/hub/session/6ab23308-d4fb-47c3-8ad7-71e6de10aedd/screenshot[39m
[35m[HTTP][39m [90m{}[39m
[35m[HTTP][39m [37m<-- GET /wd/hub/session/6ab23308-d4fb-47c3-8ad7-71e6de10aedd/screenshot [39m[32m200[39m [90m551 ms - 224440[39m
[35m[HTTP][39m [90m[39m
[35m[HTTP][39m [37m-->[39m [37mGET[39m [37m/wd/hub/session/6ab23308-d4fb-47c3-8ad7-71e6de10aedd/window/rect[39m
[35m[HTTP][39m [90m{}[39m
[35m[HTTP][39m [37m<-- GET /wd/hub/session/6ab23308-d4fb-47c3-8ad7-71e6de10aedd/window/rect [39m[32m200[39m [90m9 ms - 50[39m
[35m[HTTP][39m [90m[39m
[35m[HTTP][39m [37m-->[39m [37mGET[39m [37m/wd/hub/session/6ab23308-d4fb-47c3-8ad7-71e6de10aedd/appium/device/system_bars[39m
[35m[HTTP][39m [90m{}[39m
[35m[HTTP][39m [37m<-- GET /wd/hub/session/6ab23308-d4fb-47c3-8ad7-71e6de10aedd/appium/device/system_bars [39m[32m200[39m [90m98 ms - 148[39m
[35m[HTTP][39m [90m[39m
[35m[HTTP][39m [37m-->[39m [37mPOST[39m [37m/wd/hub/session/6ab23308-d4fb-47c3-8ad7-71e6de10aedd/appium/device/activate_app[39m
[35m[HTTP][39m [90m{"bundleId":"com.vq.mbrochuregp.client.android"}[39m
[35m[HTTP][39m [37m<-- POST /wd/hub/session/6ab23308-d4fb-47c3-8ad7-71e6de10aedd/appium/device/activate_app [39m[32m200[39m [90m648 ms - 14[39m
[35m[HTTP][39m [90m[39m
[35m[HTTP][39m [37m-->[39m [37mGET[39m [37m/wd/hub/session/6ab23308-d4fb-47c3-8ad7-71e6de10aedd/context[39m
[35m[HTTP][39m [90m{}[39m
[35m[HTTP][39m [37m<-- GET /wd/hub/session/6ab23308-d4fb-47c3-8ad7-71e6de10aedd/context [39m[32m200[39m [90m2 ms - 22[39m
[35m[HTTP][39m [90m[39m
[35m[HTTP][39m [37m-->[39m [37mGET[39m [37m/wd/hub/session/6ab23308-d4fb-47c3-8ad7-71e6de10aedd/contexts[39m
[35m[HTTP][39m [90m{}[39m
[35m[HTTP][39m [37m<-- GET /wd/hub/session/6ab23308-d4fb-47c3-8ad7-71e6de10aedd/contexts [39m[32m200[39m [90m115 ms - 24[39m
[35m[HTTP][39m [90m[39m
[35m[HTTP][39m [37m-->[39m [37mPOST[39m [37m/wd/hub/session/6ab23308-d4fb-47c3-8ad7-71e6de10aedd/context[39m
[35m[HTTP][39m [90m{"name":"NATIVE_APP"}[39m
[35m[HTTP][39m [37m<-- POST /wd/hub/session/6ab23308-d4fb-47c3-8ad7-71e6de10aedd/context [39m[32m200[39m [90m3 ms - 14[39m
[35m[HTTP][39m [90m[39m
[35m[HTTP][39m [37m-->[39m [37mPOST[39m [37m/wd/hub/session/6ab23308-d4fb-47c3-8ad7-71e6de10aedd/appium/device/press_keycode[39m
[35m[HTTP][39m [90m{"keycode":4}[39m
[35m[HTTP][39m [37m<-- POST /wd/hub/session/6ab23308-d4fb-47c3-8ad7-71e6de10aedd/appium/device/press_keycode [39m[32m200[39m [90m178 ms - 14[39m
[35m[HTTP][39m [90m[39m
[35m[HTTP][39m [37m-->[39m [37mPOST[39m [37m/wd/hub/session/6ab23308-d4fb-47c3-8ad7-71e6de10aedd/context[39m
[35m[HTTP][39m [90m{"name":"NATIVE_APP"}[39m
[35m[HTTP][39m [37m<-- POST /wd/hub/session/6ab23308-d4fb-47c3-8ad7-71e6de10aedd/context [39m[32m200[39m [90m2 ms - 14[39m
[35m[HTTP][39m [90m[39m
[35m[HTTP][39m [37m-->[39m [37mPOST[39m [37m/wd/hub/session/6ab23308-d4fb-47c3-8ad7-71e6de10aedd/timeouts[39m
[35m[HTTP][39m [90m{"implicit":50}[39m
[35m[HTTP][39m [37m<-- POST /wd/hub/session/6ab23308-d4fb-47c3-8ad7-71e6de10aedd/timeouts [39m[32m200[39m [90m2 ms - 14[39m
[35m[HTTP][39m [90m[39m
[35m[HTTP][39m [37m-->[39m [37mGET[39m [37m/wd/hub/session/6ab23308-d4fb-47c3-8ad7-71e6de10aedd/window/rect[39m
[35m[HTTP][39m [90m{}[39m
[35m[HTTP][39m [37m<-- GET /wd/hub/session/6ab23308-d4fb-47c3-8ad7-71e6de10aedd/window/rect [39m[32m200[39m [90m28 ms - 50[39m
[35m[HTTP][39m [90m[39m
[35m[HTTP][39m [37m-->[39m [37mPOST[39m [37m/wd/hub/session/6ab23308-d4fb-47c3-8ad7-71e6de10aedd/elements[39m
[35m[HTTP][39m [90m{"using":"xpath","value":"//*[@class = 'android.widget.Button' and (@text = 'TIDAK' or . = 'TIDAK') and @resource-id = 'android:id/button2']"}[39m
[35m[HTTP][39m [37m<-- POST /wd/hub/session/6ab23308-d4fb-47c3-8ad7-71e6de10aedd/elements [39m[32m200[39m [90m773 ms - 139[39m
[35m[HTTP][39m [90m[39m
[35m[HTTP][39m [37m-->[39m [37mGET[39m [37m/wd/hub/session/6ab23308-d4fb-47c3-8ad7-71e6de10aedd/element/00000000-0000-071e-ffff-ffff00001753/location[39m
[35m[HTTP][39m [90m{}[39m
[35m[W3C (6ab23308)][39m Driver proxy active, passing request on via HTTP proxy
[35m[WD Proxy][39m Replacing sessionId 84354fa3-f865-4603-9064-18f3d8ec6cf2 with 6ab23308-d4fb-47c3-8ad7-71e6de10aedd
[35m[HTTP][39m [37m<-- GET /wd/hub/session/6ab23308-d4fb-47c3-8ad7-71e6de10aedd/element/00000000-0000-071e-ffff-ffff00001753/location [39m[32m200[39m [90m27 ms - 79[39m
[35m[HTTP][39m [90m[39m
[35m[HTTP][39m [37m-->[39m [37mPOST[39m [37m/wd/hub/session/6ab23308-d4fb-47c3-8ad7-71e6de10aedd/timeouts[39m
[35m[HTTP][39m [90m{"implicit":30000}[39m
[35m[HTTP][39m [37m<-- POST /wd/hub/session/6ab23308-d4fb-47c3-8ad7-71e6de10aedd/timeouts [39m[32m200[39m [90m3 ms - 14[39m
[35m[HTTP][39m [90m[39m
[35m[HTTP][39m [37m-->[39m [37mPOST[39m [37m/wd/hub/session/6ab23308-d4fb-47c3-8ad7-71e6de10aedd/touch/perform[39m
[35m[HTTP][39m [90m{"actions":[{"action":"tap","options":{"x":1,"y":1,"element":"00000000-0000-071e-ffff-ffff00001753"}},{"action":"release","options":{}}]}[39m
[35m[UiAutomator2][39m calling get location: 00000000-0000-071e-ffff-ffff00001753
[35m[HTTP][39m [37m<-- POST /wd/hub/session/6ab23308-d4fb-47c3-8ad7-71e6de10aedd/touch/perform [39m[32m200[39m [90m762 ms - 14[39m
[35m[HTTP][39m [90m[39m
[35m[HTTP][39m [37m-->[39m [37mPOST[39m [37m/wd/hub/session/6ab23308-d4fb-47c3-8ad7-71e6de10aedd/timeouts[39m
[35m[HTTP][39m [90m{"implicit":50}[39m
[35m[HTTP][39m [37m<-- POST /wd/hub/session/6ab23308-d4fb-47c3-8ad7-71e6de10aedd/timeouts [39m[32m200[39m [90m1 ms - 14[39m
[35m[HTTP][39m [90m[39m
[35m[HTTP][39m [37m-->[39m [37mGET[39m [37m/wd/hub/session/6ab23308-d4fb-47c3-8ad7-71e6de10aedd/window/rect[39m
[35m[HTTP][39m [90m{}[39m
[35m[HTTP][39m [37m<-- GET /wd/hub/session/6ab23308-d4fb-47c3-8ad7-71e6de10aedd/window/rect [39m[32m200[39m [90m42 ms - 50[39m
[35m[HTTP][39m [90m[39m
[35m[HTTP][39m [37m-->[39m [37mPOST[39m [37m/wd/hub/session/6ab23308-d4fb-47c3-8ad7-71e6de10aedd/elements[39m
[35m[HTTP][39m [90m{"using":"xpath","value":"//*[@class = 'android.widget.ImageView' and @resource-id = 'com.vq.mbrochuregp.client.android:id/iv_home_billing_icon' and (@text = '' or . = '')]"}[39m
[35m[HTTP][39m [37m<-- POST /wd/hub/session/6ab23308-d4fb-47c3-8ad7-71e6de10aedd/elements [39m[32m200[39m [90m883 ms - 139[39m
[35m[HTTP][39m [90m[39m
[35m[HTTP][39m [37m-->[39m [37mGET[39m [37m/wd/hub/session/6ab23308-d4fb-47c3-8ad7-71e6de10aedd/element/00000000-0000-0711-ffff-ffff0000170b/location[39m
[35m[HTTP][39m [90m{}[39m
[35m[W3C (6ab23308)][39m Driver proxy active, passing request on via HTTP proxy
[35m[WD Proxy][39m Replacing sessionId 84354fa3-f865-4603-9064-18f3d8ec6cf2 with 6ab23308-d4fb-47c3-8ad7-71e6de10aedd
[35m[HTTP][39m [37m<-- GET /wd/hub/session/6ab23308-d4fb-47c3-8ad7-71e6de10aedd/element/00000000-0000-0711-ffff-ffff0000170b/location [39m[32m200[39m [90m31 ms - 79[39m
[35m[HTTP][39m [90m[39m
[35m[HTTP][39m [37m-->[39m [37mPOST[39m [37m/wd/hub/session/6ab23308-d4fb-47c3-8ad7-71e6de10aedd/timeouts[39m
[35m[HTTP][39m [90m{"implicit":30000}[39m
[35m[HTTP][39m [37m<-- POST /wd/hub/session/6ab23308-d4fb-47c3-8ad7-71e6de10aedd/timeouts [39m[32m200[39m [90m2 ms - 14[39m
[35m[HTTP][39m [90m[39m
[35m[HTTP][39m [37m-->[39m [37mPOST[39m [37m/wd/hub/session/6ab23308-d4fb-47c3-8ad7-71e6de10aedd/touch/perform[39m
[35m[HTTP][39m [90m{"actions":[{"action":"tap","options":{"x":1,"y":1,"element":"00000000-0000-0711-ffff-ffff0000170b"}},{"action":"release","options":{}}]}[39m
[35m[UiAutomator2][39m calling get location: 00000000-0000-0711-ffff-ffff0000170b
[35m[HTTP][39m [37m<-- POST /wd/hub/session/6ab23308-d4fb-47c3-8ad7-71e6de10aedd/touch/perform [39m[32m200[39m [90m293 ms - 14[39m
[35m[HTTP][39m [90m[39m
[35m[HTTP][39m [37m-->[39m [37mGET[39m [37m/wd/hub/session/6ab23308-d4fb-47c3-8ad7-71e6de10aedd/context[39m
[35m[HTTP][39m [90m{}[39m
[35m[HTTP][39m [37m<-- GET /wd/hub/session/6ab23308-d4fb-47c3-8ad7-71e6de10aedd/context [39m[32m200[39m [90m3 ms - 22[39m
[35m[HTTP][39m [90m[39m
[35m[HTTP][39m [37m-->[39m [37mGET[39m [37m/wd/hub/session/6ab23308-d4fb-47c3-8ad7-71e6de10aedd/contexts[39m
[35m[HTTP][39m [90m{}[39m
[35m[HTTP][39m [37m<-- GET /wd/hub/session/6ab23308-d4fb-47c3-8ad7-71e6de10aedd/contexts [39m[32m200[39m [90m125 ms - 24[39m
[35m[HTTP][39m [90m[39m
[35m[HTTP][39m [37m-->[39m [37mPOST[39m [37m/wd/hub/session/6ab23308-d4fb-47c3-8ad7-71e6de10aedd/context[39m
[35m[HTTP][39m [90m{"name":"NATIVE_APP"}[39m
[35m[HTTP][39m [37m<-- POST /wd/hub/session/6ab23308-d4fb-47c3-8ad7-71e6de10aedd/context [39m[32m200[39m [90m2 ms - 14[39m
[35m[HTTP][39m [90m[39m
[35m[HTTP][39m [37m-->[39m [37mGET[39m [37m/wd/hub/session/6ab23308-d4fb-47c3-8ad7-71e6de10aedd/window/rect[39m
[35m[HTTP][39m [90m{}[39m
[35m[HTTP][39m [37m<-- GET /wd/hub/session/6ab23308-d4fb-47c3-8ad7-71e6de10aedd/window/rect [39m[32m200[39m [90m54 ms - 50[39m
[35m[HTTP][39m [90m[39m
[35m[HTTP][39m [37m-->[39m [37mPOST[39m [37m/wd/hub/session/6ab23308-d4fb-47c3-8ad7-71e6de10aedd/execute/sync[39m
[35m[HTTP][39m [90m{"script":"mobile: viewportScreenshot","args":[]}[39m
[35m[AndroidDriver][39m Executing native command 'mobile: viewportScreenshot'
[35m[HTTP][39m [37m<-- POST /wd/hub/session/6ab23308-d4fb-47c3-8ad7-71e6de10aedd/execute/sync [39m[32m200[39m [90m1524 ms - 145844[39m
[35m[HTTP][39m [90m[39m
[35m[HTTP][39m [37m-->[39m [37mPOST[39m [37m/wd/hub/session/6ab23308-d4fb-47c3-8ad7-71e6de10aedd/context[39m
[35m[HTTP][39m [90m{"name":"NATIVE_APP"}[39m
[35m[HTTP][39m [37m<-- POST /wd/hub/session/6ab23308-d4fb-47c3-8ad7-71e6de10aedd/context [39m[32m200[39m [90m2 ms - 14[39m
[35m[HTTP][39m [90m[39m
[35m[HTTP][39m [37m-->[39m [37mPOST[39m [37m/wd/hub/session/6ab23308-d4fb-47c3-8ad7-71e6de10aedd/timeouts[39m
[35m[HTTP][39m [90m{"implicit":50}[39m
[35m[HTTP][39m [37m<-- POST /wd/hub/session/6ab23308-d4fb-47c3-8ad7-71e6de10aedd/timeouts [39m[32m200[39m [90m3 ms - 14[39m
[35m[HTTP][39m [90m[39m
[35m[HTTP][39m [37m-->[39m [37mGET[39m [37m/wd/hub/session/6ab23308-d4fb-47c3-8ad7-71e6de10aedd/window/rect[39m
[35m[HTTP][39m [90m{}[39m
[35m[HTTP][39m [37m<-- GET /wd/hub/session/6ab23308-d4fb-47c3-8ad7-71e6de10aedd/window/rect [39m[32m200[39m [90m58 ms - 50[39m
[35m[HTTP][39m [90m[39m
[35m[HTTP][39m [37m-->[39m [37mPOST[39m [37m/wd/hub/session/6ab23308-d4fb-47c3-8ad7-71e6de10aedd/elements[39m
[35m[HTTP][39m [90m{"using":"xpath","value":"//*[@class = 'android.widget.TextView' and (@text = 'Sudah Dibayar' or . = 'Sudah Dibayar')]"}[39m
[35m[HTTP][39m [37m<-- POST /wd/hub/session/6ab23308-d4fb-47c3-8ad7-71e6de10aedd/elements [39m[32m200[39m [90m1782 ms - 139[39m
[35m[HTTP][39m [90m[39m
[35m[HTTP][39m [37m-->[39m [37mGET[39m [37m/wd/hub/session/6ab23308-d4fb-47c3-8ad7-71e6de10aedd/element/00000000-0000-0720-ffff-ffff0000176b/location[39m
[35m[HTTP][39m [90m{}[39m
[35m[W3C (6ab23308)][39m Driver proxy active, passing request on via HTTP proxy
[35m[WD Proxy][39m Replacing sessionId 84354fa3-f865-4603-9064-18f3d8ec6cf2 with 6ab23308-d4fb-47c3-8ad7-71e6de10aedd
[35m[HTTP][39m [37m<-- GET /wd/hub/session/6ab23308-d4fb-47c3-8ad7-71e6de10aedd/element/00000000-0000-0720-ffff-ffff0000176b/location [39m[32m200[39m [90m532 ms - 78[39m
[35m[HTTP][39m [90m[39m
[35m[HTTP][39m [37m-->[39m [37mPOST[39m [37m/wd/hub/session/6ab23308-d4fb-47c3-8ad7-71e6de10aedd/timeouts[39m
[35m[HTTP][39m [90m{"implicit":30000}[39m
[35m[HTTP][39m [37m<-- POST /wd/hub/session/6ab23308-d4fb-47c3-8ad7-71e6de10aedd/timeouts [39m[32m200[39m [90m2 ms - 14[39m
[35m[HTTP][39m [90m[39m
[35m[HTTP][39m [37m-->[39m [37mPOST[39m [37m/wd/hub/session/6ab23308-d4fb-47c3-8ad7-71e6de10aedd/touch/perform[39m
[35m[HTTP][39m [90m{"actions":[{"action":"tap","options":{"x":1,"y":1,"element":"00000000-0000-0720-ffff-ffff0000176b"}},{"action":"release","options":{}}]}[39m
[35m[UiAutomator2][39m calling get location: 00000000-0000-0720-ffff-ffff0000176b
[35m[HTTP][39m [37m<-- POST /wd/hub/session/6ab23308-d4fb-47c3-8ad7-71e6de10aedd/touch/perform [39m[32m200[39m [90m1018 ms - 14[39m
[35m[HTTP][39m [90m[39m
[35m[HTTP][39m [37m-->[39m [37mGET[39m [37m/wd/hub/session/6ab23308-d4fb-47c3-8ad7-71e6de10aedd/context[39m
[35m[HTTP][39m [90m{}[39m
[35m[HTTP][39m [37m<-- GET /wd/hub/session/6ab23308-d4fb-47c3-8ad7-71e6de10aedd/context [39m[32m200[39m [90m2 ms - 22[39m
[35m[HTTP][39m [90m[39m
[35m[HTTP][39m [37m-->[39m [37mGET[39m [37m/wd/hub/session/6ab23308-d4fb-47c3-8ad7-71e6de10aedd/contexts[39m
[35m[HTTP][39m [90m{}[39m
[35m[HTTP][39m [37m<-- GET /wd/hub/session/6ab23308-d4fb-47c3-8ad7-71e6de10aedd/contexts [39m[32m200[39m [90m133 ms - 24[39m
[35m[HTTP][39m [90m[39m
[35m[HTTP][39m [37m-->[39m [37mPOST[39m [37m/wd/hub/session/6ab23308-d4fb-47c3-8ad7-71e6de10aedd/context[39m
[35m[HTTP][39m [90m{"name":"NATIVE_APP"}[39m
[35m[HTTP][39m [37m<-- POST /wd/hub/session/6ab23308-d4fb-47c3-8ad7-71e6de10aedd/context [39m[32m200[39m [90m2 ms - 14[39m
[35m[HTTP][39m [90m[39m
[35m[HTTP][39m [37m-->[39m [37mGET[39m [37m/wd/hub/session/6ab23308-d4fb-47c3-8ad7-71e6de10aedd/window/rect[39m
[35m[HTTP][39m [90m{}[39m
[35m[HTTP][39m [37m<-- GET /wd/hub/session/6ab23308-d4fb-47c3-8ad7-71e6de10aedd/window/rect [39m[32m200[39m [90m48 ms - 50[39m
[35m[HTTP][39m [90m[39m
[35m[HTTP][39m [37m-->[39m [37mPOST[39m [37m/wd/hub/session/6ab23308-d4fb-47c3-8ad7-71e6de10aedd/execute/sync[39m
[35m[HTTP][39m [90m{"script":"mobile: viewportScreenshot","args":[]}[39m
[35m[AndroidDriver][39m Executing native command 'mobile: viewportScreenshot'
[35m[HTTP][39m [37m<-- POST /wd/hub/session/6ab23308-d4fb-47c3-8ad7-71e6de10aedd/execute/sync [39m[32m200[39m [90m1556 ms - 168432[39m
[35m[HTTP][39m [90m[39m
[35m[HTTP][39m [37m-->[39m [37mPOST[39m [37m/wd/hub/session/6ab23308-d4fb-47c3-8ad7-71e6de10aedd/context[39m
[35m[HTTP][39m [90m{"name":"NATIVE_APP"}[39m
[35m[HTTP][39m [37m<-- POST /wd/hub/session/6ab23308-d4fb-47c3-8ad7-71e6de10aedd/context [39m[32m200[39m [90m2 ms - 14[39m
[35m[HTTP][39m [90m[39m
[35m[HTTP][39m [37m-->[39m [37mPOST[39m [37m/wd/hub/session/6ab23308-d4fb-47c3-8ad7-71e6de10aedd/timeouts[39m
[35m[HTTP][39m [90m{"implicit":50}[39m
[35m[HTTP][39m [37m<-- POST /wd/hub/session/6ab23308-d4fb-47c3-8ad7-71e6de10aedd/timeouts [39m[32m200[39m [90m1 ms - 14[39m
[35m[HTTP][39m [90m[39m
[35m[HTTP][39m [37m-->[39m [37mGET[39m [37m/wd/hub/session/6ab23308-d4fb-47c3-8ad7-71e6de10aedd/window/rect[39m
[35m[HTTP][39m [90m{}[39m
[35m[HTTP][39m [37m<-- GET /wd/hub/session/6ab23308-d4fb-47c3-8ad7-71e6de10aedd/window/rect [39m[32m200[39m [90m45 ms - 50[39m
[35m[HTTP][39m [90m[39m
[35m[HTTP][39m [37m-->[39m [37mPOST[39m [37m/wd/hub/session/6ab23308-d4fb-47c3-8ad7-71e6de10aedd/elements[39m
[35m[HTTP][39m [90m{"using":"xpath","value":"//*[@class = 'android.widget.TextView' and (@text = 'Belum Dibayar' or . = 'Belum Dibayar')]"}[39m
[35m[HTTP][39m [37m<-- POST /wd/hub/session/6ab23308-d4fb-47c3-8ad7-71e6de10aedd/elements [39m[32m200[39m [90m1003 ms - 139[39m
[35m[HTTP][39m [90m[39m
[35m[HTTP][39m [37m-->[39m [37mGET[39m [37m/wd/hub/session/6ab23308-d4fb-47c3-8ad7-71e6de10aedd/element/00000000-0000-0720-ffff-ffff00001768/location[39m
[35m[HTTP][39m [90m{}[39m
[35m[W3C (6ab23308)][39m Driver proxy active, passing request on via HTTP proxy
[35m[WD Proxy][39m Replacing sessionId 84354fa3-f865-4603-9064-18f3d8ec6cf2 with 6ab23308-d4fb-47c3-8ad7-71e6de10aedd
[35m[HTTP][39m [37m<-- GET /wd/hub/session/6ab23308-d4fb-47c3-8ad7-71e6de10aedd/element/00000000-0000-0720-ffff-ffff00001768/location [39m[32m200[39m [90m621 ms - 78[39m
[35m[HTTP][39m [90m[39m
[35m[HTTP][39m [37m-->[39m [37mPOST[39m [37m/wd/hub/session/6ab23308-d4fb-47c3-8ad7-71e6de10aedd/timeouts[39m
[35m[HTTP][39m [90m{"implicit":30000}[39m
[35m[HTTP][39m [37m<-- POST /wd/hub/session/6ab23308-d4fb-47c3-8ad7-71e6de10aedd/timeouts [39m[32m200[39m [90m2 ms - 14[39m
[35m[HTTP][39m [90m[39m
[35m[HTTP][39m [37m-->[39m [37mPOST[39m [37m/wd/hub/session/6ab23308-d4fb-47c3-8ad7-71e6de10aedd/touch/perform[39m
[35m[HTTP][39m [90m{"actions":[{"action":"tap","options":{"x":1,"y":1,"element":"00000000-0000-0720-ffff-ffff00001768"}},{"action":"release","options":{}}]}[39m
[35m[UiAutomator2][39m calling get location: 00000000-0000-0720-ffff-ffff00001768
[35m[HTTP][39m [37m<-- POST /wd/hub/session/6ab23308-d4fb-47c3-8ad7-71e6de10aedd/touch/perform [39m[32m200[39m [90m1928 ms - 14[39m
[35m[HTTP][39m [90m[39m
[35m[HTTP][39m [37m-->[39m [37mPOST[39m [37m/wd/hub/session/6ab23308-d4fb-47c3-8ad7-71e6de10aedd/timeouts[39m
[35m[HTTP][39m [90m{"implicit":50}[39m
[35m[HTTP][39m [37m<-- POST /wd/hub/session/6ab23308-d4fb-47c3-8ad7-71e6de10aedd/timeouts [39m[32m200[39m [90m1 ms - 14[39m
[35m[HTTP][39m [90m[39m
[35m[HTTP][39m [37m-->[39m [37mGET[39m [37m/wd/hub/session/6ab23308-d4fb-47c3-8ad7-71e6de10aedd/window/rect[39m
[35m[HTTP][39m [90m{}[39m
[35m[HTTP][39m [37m<-- GET /wd/hub/session/6ab23308-d4fb-47c3-8ad7-71e6de10aedd/window/rect [39m[32m200[39m [90m40 ms - 50[39m
[35m[HTTP][39m [90m[39m
[35m[HTTP][39m [37m-->[39m [37mPOST[39m [37m/wd/hub/session/6ab23308-d4fb-47c3-8ad7-71e6de10aedd/elements[39m
[35m[HTTP][39m [90m{"using":"xpath","value":"//hierarchy/android.widget.FrameLayout[1]/android.widget.LinearLayout[1]/android.widget.FrameLayout[1]/android.widget.LinearLayout[1]/android.widget.FrameLayout[1]/android.view.ViewGroup[1]/androidx.viewpager.widget.ViewPager[1]/android.widget.FrameLayout[1]/android.view.ViewGroup[1]/android.widget.ScrollView[1]/android.widget.LinearLayout[1]/androidx.recyclerview.widget.RecyclerView[1]/android.widget.LinearLayout[1]/android.widget.RelativeLayout[1]"}[39m
[35m[HTTP][39m [37m<-- POST /wd/hub/session/6ab23308-d4fb-47c3-8ad7-71e6de10aedd/elements [39m[32m200[39m [90m326 ms - 139[39m
[35m[HTTP][39m [90m[39m
[35m[HTTP][39m [37m-->[39m [37mGET[39m [37m/wd/hub/session/6ab23308-d4fb-47c3-8ad7-71e6de10aedd/element/00000000-0000-0720-ffff-ffff000017a9/location[39m
[35m[HTTP][39m [90m{}[39m
[35m[W3C (6ab23308)][39m Driver proxy active, passing request on via HTTP proxy
[35m[WD Proxy][39m Replacing sessionId 84354fa3-f865-4603-9064-18f3d8ec6cf2 with 6ab23308-d4fb-47c3-8ad7-71e6de10aedd
[35m[HTTP][39m [37m<-- GET /wd/hub/session/6ab23308-d4fb-47c3-8ad7-71e6de10aedd/element/00000000-0000-0720-ffff-ffff000017a9/location [39m[32m200[39m [90m532 ms - 77[39m
[35m[HTTP][39m [90m[39m
[35m[HTTP][39m [37m-->[39m [37mPOST[39m [37m/wd/hub/session/6ab23308-d4fb-47c3-8ad7-71e6de10aedd/timeouts[39m
[35m[HTTP][39m [90m{"implicit":30000}[39m
[35m[HTTP][39m [37m<-- POST /wd/hub/session/6ab23308-d4fb-47c3-8ad7-71e6de10aedd/timeouts [39m[32m200[39m [90m2 ms - 14[39m
[35m[HTTP][39m [90m[39m
[35m[HTTP][39m [37m-->[39m [37mPOST[39m [37m/wd/hub/session/6ab23308-d4fb-47c3-8ad7-71e6de10aedd/touch/perform[39m
[35m[HTTP][39m [90m{"actions":[{"action":"tap","options":{"x":1,"y":1,"element":"00000000-0000-0720-ffff-ffff000017a9"}},{"action":"release","options":{}}]}[39m
[35m[UiAutomator2][39m calling get location: 00000000-0000-0720-ffff-ffff000017a9
[35m[HTTP][39m [37m<-- POST /wd/hub/session/6ab23308-d4fb-47c3-8ad7-71e6de10aedd/touch/perform [39m[32m200[39m [90m271 ms - 14[39m
[35m[HTTP][39m [90m[39m
[35m[HTTP][39m [37m-->[39m [37mGET[39m [37m/wd/hub/session/6ab23308-d4fb-47c3-8ad7-71e6de10aedd/context[39m
[35m[HTTP][39m [90m{}[39m
[35m[HTTP][39m [37m<-- GET /wd/hub/session/6ab23308-d4fb-47c3-8ad7-71e6de10aedd/context [39m[32m200[39m [90m3 ms - 22[39m
[35m[HTTP][39m [90m[39m
[35m[HTTP][39m [37m-->[39m [37mGET[39m [37m/wd/hub/session/6ab23308-d4fb-47c3-8ad7-71e6de10aedd/contexts[39m
[35m[HTTP][39m [90m{}[39m
[35m[HTTP][39m [37m<-- GET /wd/hub/session/6ab23308-d4fb-47c3-8ad7-71e6de10aedd/contexts [39m[32m200[39m [90m164 ms - 24[39m
[35m[HTTP][39m [90m[39m
[35m[HTTP][39m [37m-->[39m [37mPOST[39m [37m/wd/hub/session/6ab23308-d4fb-47c3-8ad7-71e6de10aedd/context[39m
[35m[HTTP][39m [90m{"name":"NATIVE_APP"}[39m
[35m[HTTP][39m [37m<-- POST /wd/hub/session/6ab23308-d4fb-47c3-8ad7-71e6de10aedd/context [39m[32m200[39m [90m2 ms - 14[39m
[35m[HTTP][39m [90m[39m
[35m[HTTP][39m [37m-->[39m [37mGET[39m [37m/wd/hub/session/6ab23308-d4fb-47c3-8ad7-71e6de10aedd/window/rect[39m
[35m[HTTP][39m [90m{}[39m
[35m[HTTP][39m [37m<-- GET /wd/hub/session/6ab23308-d4fb-47c3-8ad7-71e6de10aedd/window/rect [39m[32m200[39m [90m43 ms - 50[39m
[35m[HTTP][39m [90m[39m
[35m[HTTP][39m [37m-->[39m [37mPOST[39m [37m/wd/hub/session/6ab23308-d4fb-47c3-8ad7-71e6de10aedd/execute/sync[39m
[35m[HTTP][39m [90m{"script":"mobile: viewportScreenshot","args":[]}[39m
[35m[AndroidDriver][39m Executing native command 'mobile: viewportScreenshot'
[35m[HTTP][39m [37m<-- POST /wd/hub/session/6ab23308-d4fb-47c3-8ad7-71e6de10aedd/execute/sync [39m[32m200[39m [90m1552 ms - 204624[39m
[35m[HTTP][39m [90m[39m
[35m[HTTP][39m [37m-->[39m [37mPOST[39m [37m/wd/hub/session/6ab23308-d4fb-47c3-8ad7-71e6de10aedd/context[39m
[35m[HTTP][39m [90m{"name":"NATIVE_APP"}[39m
[35m[HTTP][39m [37m<-- POST /wd/hub/session/6ab23308-d4fb-47c3-8ad7-71e6de10aedd/context [39m[32m200[39m [90m1 ms - 14[39m
[35m[HTTP][39m [90m[39m
[35m[HTTP][39m [37m-->[39m [37mPOST[39m [37m/wd/hub/session/6ab23308-d4fb-47c3-8ad7-71e6de10aedd/timeouts[39m
[35m[HTTP][39m [90m{"implicit":50}[39m
[35m[HTTP][39m [37m<-- POST /wd/hub/session/6ab23308-d4fb-47c3-8ad7-71e6de10aedd/timeouts [39m[32m200[39m [90m2 ms - 14[39m
[35m[HTTP][39m [90m[39m
[35m[HTTP][39m [37m-->[39m [37mGET[39m [37m/wd/hub/session/6ab23308-d4fb-47c3-8ad7-71e6de10aedd/window/rect[39m
[35m[HTTP][39m [90m{}[39m
[35m[HTTP][39m [37m<-- GET /wd/hub/session/6ab23308-d4fb-47c3-8ad7-71e6de10aedd/window/rect [39m[32m200[39m [90m42 ms - 50[39m
[35m[HTTP][39m [90m[39m
[35m[HTTP][39m [37m-->[39m [37mPOST[39m [37m/wd/hub/session/6ab23308-d4fb-47c3-8ad7-71e6de10aedd/elements[39m
[35m[HTTP][39m [90m{"using":"xpath","value":"//*[@class = 'android.widget.Button' and (@text = 'Email' or . = 'Email') and @resource-id = 'com.vq.mbrochuregp.client.android:id/btn_billing_detail_email']"}[39m
[35m[HTTP][39m [37m<-- POST /wd/hub/session/6ab23308-d4fb-47c3-8ad7-71e6de10aedd/elements [39m[32m200[39m [90m735 ms - 139[39m
[35m[HTTP][39m [90m[39m
[35m[HTTP][39m [37m-->[39m [37mGET[39m [37m/wd/hub/session/6ab23308-d4fb-47c3-8ad7-71e6de10aedd/element/00000000-0000-0721-ffff-ffff00001803/location[39m
[35m[HTTP][39m [90m{}[39m
[35m[W3C (6ab23308)][39m Driver proxy active, passing request on via HTTP proxy
[35m[WD Proxy][39m Replacing sessionId 84354fa3-f865-4603-9064-18f3d8ec6cf2 with 6ab23308-d4fb-47c3-8ad7-71e6de10aedd
[35m[HTTP][39m [37m<-- GET /wd/hub/session/6ab23308-d4fb-47c3-8ad7-71e6de10aedd/element/00000000-0000-0721-ffff-ffff00001803/location [39m[32m200[39m [90m38 ms - 79[39m
[35m[HTTP][39m [90m[39m
[35m[HTTP][39m [37m-->[39m [37mPOST[39m [37m/wd/hub/session/6ab23308-d4fb-47c3-8ad7-71e6de10aedd/timeouts[39m
[35m[HTTP][39m [90m{"implicit":30000}[39m
[35m[HTTP][39m [37m<-- POST /wd/hub/session/6ab23308-d4fb-47c3-8ad7-71e6de10aedd/timeouts [39m[32m200[39m [90m2 ms - 14[39m
[35m[HTTP][39m [90m[39m
[35m[HTTP][39m [37m-->[39m [37mPOST[39m [37m/wd/hub/session/6ab23308-d4fb-47c3-8ad7-71e6de10aedd/touch/perform[39m
[35m[HTTP][39m [90m{"actions":[{"action":"tap","options":{"x":1,"y":1,"element":"00000000-0000-0721-ffff-ffff00001803"}},{"action":"release","options":{}}]}[39m
[35m[UiAutomator2][39m calling get location: 00000000-0000-0721-ffff-ffff00001803
[35m[HTTP][39m [37m<-- POST /wd/hub/session/6ab23308-d4fb-47c3-8ad7-71e6de10aedd/touch/perform [39m[32m200[39m [90m1542 ms - 14[39m
[35m[HTTP][39m [90m[39m
[35m[HTTP][39m [37m-->[39m [37mGET[39m [37m/wd/hub/session/6ab23308-d4fb-47c3-8ad7-71e6de10aedd/context[39m
[35m[HTTP][39m [90m{}[39m
[35m[HTTP][39m [37m<-- GET /wd/hub/session/6ab23308-d4fb-47c3-8ad7-71e6de10aedd/context [39m[32m200[39m [90m3 ms - 22[39m
[35m[HTTP][39m [90m[39m
[35m[HTTP][39m [37m-->[39m [37mGET[39m [37m/wd/hub/session/6ab23308-d4fb-47c3-8ad7-71e6de10aedd/contexts[39m
[35m[HTTP][39m [90m{}[39m
[35m[HTTP][39m [37m<-- GET /wd/hub/session/6ab23308-d4fb-47c3-8ad7-71e6de10aedd/contexts [39m[32m200[39m [90m158 ms - 24[39m
[35m[HTTP][39m [90m[39m
[35m[HTTP][39m [37m-->[39m [37mPOST[39m [37m/wd/hub/session/6ab23308-d4fb-47c3-8ad7-71e6de10aedd/context[39m
[35m[HTTP][39m [90m{"name":"NATIVE_APP"}[39m
[35m[HTTP][39m [37m<-- POST /wd/hub/session/6ab23308-d4fb-47c3-8ad7-71e6de10aedd/context [39m[32m200[39m [90m2 ms - 14[39m
[35m[HTTP][39m [90m[39m
[35m[HTTP][39m [37m-->[39m [37mGET[39m [37m/wd/hub/session/6ab23308-d4fb-47c3-8ad7-71e6de10aedd/window/rect[39m
[35m[HTTP][39m [90m{}[39m
[35m[HTTP][39m [37m<-- GET /wd/hub/session/6ab23308-d4fb-47c3-8ad7-71e6de10aedd/window/rect [39m[32m200[39m [90m35 ms - 50[39m
[35m[HTTP][39m [90m[39m
[35m[HTTP][39m [37m-->[39m [37mPOST[39m [37m/wd/hub/session/6ab23308-d4fb-47c3-8ad7-71e6de10aedd/execute/sync[39m
[35m[HTTP][39m [90m{"script":"mobile: viewportScreenshot","args":[]}[39m
[35m[AndroidDriver][39m Executing native command 'mobile: viewportScreenshot'
[35m[HTTP][39m [37m<-- POST /wd/hub/session/6ab23308-d4fb-47c3-8ad7-71e6de10aedd/execute/sync [39m[32m200[39m [90m1682 ms - 199588[39m
[35m[HTTP][39m [90m[39m
[35m[HTTP][39m [37m-->[39m [37mPOST[39m [37m/wd/hub/session/6ab23308-d4fb-47c3-8ad7-71e6de10aedd/context[39m
[35m[HTTP][39m [90m{"name":"NATIVE_APP"}[39m
[35m[HTTP][39m [37m<-- POST /wd/hub/session/6ab23308-d4fb-47c3-8ad7-71e6de10aedd/context [39m[32m200[39m [90m2 ms - 14[39m
[35m[HTTP][39m [90m[39m
[35m[HTTP][39m [37m-->[39m [37mPOST[39m [37m/wd/hub/session/6ab23308-d4fb-47c3-8ad7-71e6de10aedd/timeouts[39m
[35m[HTTP][39m [90m{"implicit":50}[39m
[35m[HTTP][39m [37m<-- POST /wd/hub/session/6ab23308-d4fb-47c3-8ad7-71e6de10aedd/timeouts [39m[32m200[39m [90m1 ms - 14[39m
[35m[HTTP][39m [90m[39m
[35m[HTTP][39m [37m-->[39m [37mGET[39m [37m/wd/hub/session/6ab23308-d4fb-47c3-8ad7-71e6de10aedd/window/rect[39m
[35m[HTTP][39m [90m{}[39m
[35m[HTTP][39m [37m<-- GET /wd/hub/session/6ab23308-d4fb-47c3-8ad7-71e6de10aedd/window/rect [39m[32m200[39m [90m50 ms - 50[39m
[35m[HTTP][39m [90m[39m
[35m[HTTP][39m [37m-->[39m [37mPOST[39m [37m/wd/hub/session/6ab23308-d4fb-47c3-8ad7-71e6de10aedd/elements[39m
[35m[HTTP][39m [90m{"using":"xpath","value":"//*[@class = 'android.widget.Button' and (@text = 'Kirim' or . = 'Kirim') and @resource-id = 'com.vq.mbrochuregp.client.android:id/btn_stnk_send_email_send_email']"}[39m
[35m[HTTP][39m [37m<-- POST /wd/hub/session/6ab23308-d4fb-47c3-8ad7-71e6de10aedd/elements [39m[32m200[39m [90m206 ms - 139[39m
[35m[HTTP][39m [90m[39m
[35m[HTTP][39m [37m-->[39m [37mGET[39m [37m/wd/hub/session/6ab23308-d4fb-47c3-8ad7-71e6de10aedd/element/00000000-0000-0722-ffff-ffff0000181e/location[39m
[35m[HTTP][39m [90m{}[39m
[35m[W3C (6ab23308)][39m Driver proxy active, passing request on via HTTP proxy
[35m[WD Proxy][39m Replacing sessionId 84354fa3-f865-4603-9064-18f3d8ec6cf2 with 6ab23308-d4fb-47c3-8ad7-71e6de10aedd
[35m[HTTP][39m [37m<-- GET /wd/hub/session/6ab23308-d4fb-47c3-8ad7-71e6de10aedd/element/00000000-0000-0722-ffff-ffff0000181e/location [39m[32m200[39m [90m42 ms - 78[39m
[35m[HTTP][39m [90m[39m
[35m[HTTP][39m [37m-->[39m [37mPOST[39m [37m/wd/hub/session/6ab23308-d4fb-47c3-8ad7-71e6de10aedd/timeouts[39m
[35m[HTTP][39m [90m{"implicit":30000}[39m
[35m[HTTP][39m [37m<-- POST /wd/hub/session/6ab23308-d4fb-47c3-8ad7-71e6de10aedd/timeouts [39m[32m200[39m [90m2 ms - 14[39m
[35m[HTTP][39m [90m[39m
[35m[HTTP][39m [37m-->[39m [37mPOST[39m [37m/wd/hub/session/6ab23308-d4fb-47c3-8ad7-71e6de10aedd/touch/perform[39m
[35m[HTTP][39m [90m{"actions":[{"action":"tap","options":{"x":1,"y":1,"element":"00000000-0000-0722-ffff-ffff0000181e"}},{"action":"release","options":{}}]}[39m
[35m[UiAutomator2][39m calling get location: 00000000-0000-0722-ffff-ffff0000181e
[35m[HTTP][39m [37m<-- POST /wd/hub/session/6ab23308-d4fb-47c3-8ad7-71e6de10aedd/touch/perform [39m[32m200[39m [90m303 ms - 14[39m
[35m[HTTP][39m [90m[39m
[35m[HTTP][39m [37m-->[39m [37mGET[39m [37m/wd/hub/session/6ab23308-d4fb-47c3-8ad7-71e6de10aedd/context[39m
[35m[HTTP][39m [90m{}[39m
[35m[HTTP][39m [37m<-- GET /wd/hub/session/6ab23308-d4fb-47c3-8ad7-71e6de10aedd/context [39m[32m200[39m [90m3 ms - 22[39m
[35m[HTTP][39m [90m[39m
[35m[HTTP][39m [37m-->[39m [37mGET[39m [37m/wd/hub/session/6ab23308-d4fb-47c3-8ad7-71e6de10aedd/contexts[39m
[35m[HTTP][39m [90m{}[39m
[35m[HTTP][39m [37m<-- GET /wd/hub/session/6ab23308-d4fb-47c3-8ad7-71e6de10aedd/contexts [39m[32m200[39m [90m143 ms - 24[39m
[35m[HTTP][39m [90m[39m
[35m[HTTP][39m [37m-->[39m [37mPOST[39m [37m/wd/hub/session/6ab23308-d4fb-47c3-8ad7-71e6de10aedd/context[39m
[35m[HTTP][39m [90m{"name":"NATIVE_APP"}[39m
[35m[HTTP][39m [37m<-- POST /wd/hub/session/6ab23308-d4fb-47c3-8ad7-71e6de10aedd/context [39m[32m200[39m [90m2 ms - 14[39m
[35m[HTTP][39m [90m[39m
[35m[HTTP][39m [37m-->[39m [37mGET[39m [37m/wd/hub/session/6ab23308-d4fb-47c3-8ad7-71e6de10aedd/window/rect[39m
[35m[HTTP][39m [90m{}[39m
[35m[HTTP][39m [37m<-- GET /wd/hub/session/6ab23308-d4fb-47c3-8ad7-71e6de10aedd/window/rect [39m[32m200[39m [90m42 ms - 50[39m
[35m[HTTP][39m [90m[39m
[35m[HTTP][39m [37m-->[39m [37mPOST[39m [37m/wd/hub/session/6ab23308-d4fb-47c3-8ad7-71e6de10aedd/execute/sync[39m
[35m[HTTP][39m [90m{"script":"mobile: viewportScreenshot","args":[]}[39m
[35m[AndroidDriver][39m Executing native command 'mobile: viewportScreenshot'
[35m[HTTP][39m [37m<-- POST /wd/hub/session/6ab23308-d4fb-47c3-8ad7-71e6de10aedd/execute/sync [39m[32m200[39m [90m1584 ms - 294856[39m
[35m[HTTP][39m [90m[39m
[35m[HTTP][39m [37m-->[39m [37mPOST[39m [37m/wd/hub/session/6ab23308-d4fb-47c3-8ad7-71e6de10aedd/context[39m
[35m[HTTP][39m [90m{"name":"NATIVE_APP"}[39m
[35m[HTTP][39m [37m<-- POST /wd/hub/session/6ab23308-d4fb-47c3-8ad7-71e6de10aedd/context [39m[32m200[39m [90m3 ms - 14[39m
[35m[HTTP][39m [90m[39m
[35m[HTTP][39m [37m-->[39m [37mGET[39m [37m/wd/hub/session/6ab23308-d4fb-47c3-8ad7-71e6de10aedd/context[39m
[35m[HTTP][39m [90m{}[39m
[35m[HTTP][39m [37m<-- GET /wd/hub/session/6ab23308-d4fb-47c3-8ad7-71e6de10aedd/context [39m[32m200[39m [90m2 ms - 22[39m
[35m[HTTP][39m [90m[39m
[35m[HTTP][39m [37m-->[39m [37mGET[39m [37m/wd/hub/session/6ab23308-d4fb-47c3-8ad7-71e6de10aedd/contexts[39m
[35m[HTTP][39m [90m{}[39m
[35m[HTTP][39m [37m<-- GET /wd/hub/session/6ab23308-d4fb-47c3-8ad7-71e6de10aedd/contexts [39m[32m200[39m [90m114 ms - 24[39m
[35m[HTTP][39m [90m[39m
[35m[HTTP][39m [37m-->[39m [37mPOST[39m [37m/wd/hub/session/6ab23308-d4fb-47c3-8ad7-71e6de10aedd/context[39m
[35m[HTTP][39m [90m{"name":"NATIVE_APP"}[39m
[35m[HTTP][39m [37m<-- POST /wd/hub/session/6ab23308-d4fb-47c3-8ad7-71e6de10aedd/context [39m[32m200[39m [90m1 ms - 14[39m
[35m[HTTP][39m [90m[39m
[35m[HTTP][39m [37m-->[39m [37mPOST[39m [37m/wd/hub/session/6ab23308-d4fb-47c3-8ad7-71e6de10aedd/appium/device/press_keycode[39m
[35m[HTTP][39m [90m{"keycode":4}[39m
[35m[HTTP][39m [37m<-- POST /wd/hub/session/6ab23308-d4fb-47c3-8ad7-71e6de10aedd/appium/device/press_keycode [39m[32m200[39m [90m745 ms - 14[39m
[35m[HTTP][39m [90m[39m
[35m[HTTP][39m [37m-->[39m [37mPOST[39m [37m/wd/hub/session/6ab23308-d4fb-47c3-8ad7-71e6de10aedd/context[39m
[35m[HTTP][39m [90m{"name":"NATIVE_APP"}[39m
[35m[HTTP][39m [37m<-- POST /wd/hub/session/6ab23308-d4fb-47c3-8ad7-71e6de10aedd/context [39m[32m200[39m [90m2 ms - 14[39m
[35m[HTTP][39m [90m[39m
[35m[HTTP][39m [37m-->[39m [37mGET[39m [37m/wd/hub/session/6ab23308-d4fb-47c3-8ad7-71e6de10aedd/context[39m
[35m[HTTP][39m [90m{}[39m
[35m[HTTP][39m [37m<-- GET /wd/hub/session/6ab23308-d4fb-47c3-8ad7-71e6de10aedd/context [39m[32m200[39m [90m2 ms - 22[39m
[35m[HTTP][39m [90m[39m
[35m[HTTP][39m [37m-->[39m [37mGET[39m [37m/wd/hub/session/6ab23308-d4fb-47c3-8ad7-71e6de10aedd/contexts[39m
[35m[HTTP][39m [90m{}[39m
[35m[HTTP][39m [37m<-- GET /wd/hub/session/6ab23308-d4fb-47c3-8ad7-71e6de10aedd/contexts [39m[32m200[39m [90m136 ms - 24[39m
[35m[HTTP][39m [90m[39m
[35m[HTTP][39m [37m-->[39m [37mPOST[39m [37m/wd/hub/session/6ab23308-d4fb-47c3-8ad7-71e6de10aedd/context[39m
[35m[HTTP][39m [90m{"name":"NATIVE_APP"}[39m
[35m[HTTP][39m [37m<-- POST /wd/hub/session/6ab23308-d4fb-47c3-8ad7-71e6de10aedd/context [39m[32m200[39m [90m2 ms - 14[39m
[35m[HTTP][39m [90m[39m
[35m[HTTP][39m [37m-->[39m [37mPOST[39m [37m/wd/hub/session/6ab23308-d4fb-47c3-8ad7-71e6de10aedd/appium/device/press_keycode[39m
[35m[HTTP][39m [90m{"keycode":4}[39m
[35m[HTTP][39m [37m<-- POST /wd/hub/session/6ab23308-d4fb-47c3-8ad7-71e6de10aedd/appium/device/press_keycode [39m[32m200[39m [90m519 ms - 14[39m
[35m[HTTP][39m [90m[39m
[35m[HTTP][39m [37m-->[39m [37mPOST[39m [37m/wd/hub/session/6ab23308-d4fb-47c3-8ad7-71e6de10aedd/context[39m
[35m[HTTP][39m [90m{"name":"NATIVE_APP"}[39m
[35m[HTTP][39m [37m<-- POST /wd/hub/session/6ab23308-d4fb-47c3-8ad7-71e6de10aedd/context [39m[32m200[39m [90m3 ms - 14[39m
[35m[HTTP][39m [90m[39m
[35m[HTTP][39m [37m-->[39m [37mGET[39m [37m/wd/hub/session/6ab23308-d4fb-47c3-8ad7-71e6de10aedd/window/rect[39m
[35m[HTTP][39m [90m{}[39m
[35m[HTTP][39m [37m<-- GET /wd/hub/session/6ab23308-d4fb-47c3-8ad7-71e6de10aedd/window/rect [39m[32m200[39m [90m45 ms - 50[39m
[35m[HTTP][39m [90m[39m
[35m[HTTP][39m [37m-->[39m [37mPOST[39m [37m/wd/hub/session/6ab23308-d4fb-47c3-8ad7-71e6de10aedd/elements[39m
[35m[HTTP][39m [90m{"using":"xpath","value":"//*[@resource-id = 'com.vq.mbrochuregp.client.android:id/iv_home_profil_icon' and @package = 'com.vq.mbrochuregp.client.android']"}[39m
[35m[HTTP][39m [37m<-- POST /wd/hub/session/6ab23308-d4fb-47c3-8ad7-71e6de10aedd/elements [39m[32m200[39m [90m3900 ms - 139[39m
[35m[HTTP][39m [90m[39m
[35m[HTTP][39m [37m-->[39m [37mGET[39m [37m/wd/hub/session/6ab23308-d4fb-47c3-8ad7-71e6de10aedd/element/00000000-0000-0720-ffff-ffff00001779/location[39m
[35m[HTTP][39m [90m{}[39m
[35m[W3C (6ab23308)][39m Driver proxy active, passing request on via HTTP proxy
[35m[WD Proxy][39m Replacing sessionId 84354fa3-f865-4603-9064-18f3d8ec6cf2 with 6ab23308-d4fb-47c3-8ad7-71e6de10aedd
[35m[HTTP][39m [37m<-- GET /wd/hub/session/6ab23308-d4fb-47c3-8ad7-71e6de10aedd/element/00000000-0000-0720-ffff-ffff00001779/location [39m[32m200[39m [90m459 ms - 79[39m
[35m[HTTP][39m [90m[39m
[35m[HTTP][39m [37m-->[39m [37mPOST[39m [37m/wd/hub/session/6ab23308-d4fb-47c3-8ad7-71e6de10aedd/element/00000000-0000-0720-ffff-ffff00001779/click[39m
[35m[HTTP][39m [90m{"id":"00000000-0000-0720-ffff-ffff00001779"}[39m
[35m[HTTP][39m [37m<-- POST /wd/hub/session/6ab23308-d4fb-47c3-8ad7-71e6de10aedd/element/00000000-0000-0720-ffff-ffff00001779/click [39m[32m200[39m [90m108 ms - 14[39m
[35m[HTTP][39m [90m[39m
[35m[HTTP][39m [37m-->[39m [37mDELETE[39m [37m/wd/hub/session/6ab23308-d4fb-47c3-8ad7-71e6de10aedd[39m
[35m[HTTP][39m [90m{}[39m
[35m[Appium][39m Removing session 6ab23308-d4fb-47c3-8ad7-71e6de10aedd from our master session list
[35m[UiAutomator2][39m Restoring hidden api policy to the device default configuration
[35m[HTTP][39m [37m<-- DELETE /wd/hub/session/6ab23308-d4fb-47c3-8ad7-71e6de10aedd [39m[32m200[39m [90m474 ms - 14[39m
[35m[HTTP][39m [90m[39m
