[35m[Appium][39m Welcome to Appium v1.22.2
[35m[Appium][39m Non-default server args:
[35m[Appium][39m   port: 60791
[35m[Appium][39m   loglevel: info
[35m[Appium][39m   tmpDir: C:\Users\NIAYUS~1\AppData\Local\Temp\\Katalon\Appium\Temp1655276153777
[35m[Appium][39m   chromedriverPort: 60794
[35m[Appium][39m Deprecated server args:
[35m[Appium][39m   [31m--chromedriver-port[39m => --default-capabilities
[35m[Appium][39m Default capabilities, which will be added to each request unless overridden by desired capabilities:
[35m[Appium][39m   chromedriverPort: 60794
[35m[Appium][39m Appium REST http interface listener started on 0.0.0.0:60791
[35m[HTTP][39m [37m-->[39m [37mGET[39m [37m/wd/hub/status[39m
[35m[HTTP][39m [90m{}[39m
[35m[HTTP][39m [37m<-- GET /wd/hub/status [39m[32m200[39m [90m16 ms - 68[39m
[35m[HTTP][39m [90m[39m
[35m[HTTP][39m [37m-->[39m [37mPOST[39m [37m/wd/hub/session[39m
[35m[HTTP][39m [90m{"desiredCapabilities":{"appActivity":".Settings","appPackage":"com.android.settings","newCommandTimeout":1800,"platformVersion":"11","automationName":"uiautomator2","autoGrantPermissions":true,"platformName":"Android","udid":"RR8N605F11Y","deviceName":"samsung SM-M315F (Android 11)","platform":"ANDROID","systemPort":8254},"capabilities":{"firstMatch":[{"appium:appActivity":".Settings","appium:appPackage":"com.android.settings","appium:autoGrantPermissions":true,"appium:automationName":"uiautomator2","appium:deviceName":"samsung SM-M315F (Android 11)","appium:newCommandTimeout":1800,"platform":"ANDROID","platformName":"android","appium:platformVersion":"11","appium:systemPort":8254,"appium:udid":"RR8N605F11Y"}]}}[39m
[35m[BaseDriver][39m The following capabilities are not standard capabilities and should have an extension prefix:
[35m[BaseDriver][39m   platform
[35m[BaseDriver][39m   chromedriverPort
[35m[Appium][39m Appium v1.22.2 creating new AndroidUiautomator2Driver (v1.70.1) session
[35m[BaseDriver][39m The following capabilities were provided, but are not recognized by Appium:
[35m[BaseDriver][39m   platform
[35m[BaseDriver][39m Session created with session id: 4a2ffee0-64bd-406f-a850-2010781a33e3
[35m[UiAutomator2][39m Starting 'com.android.settings' directly on the device
[35m[ADB][39m Cannot sort build-tools folders ["29.0.3","android-8.1.0"] by semantic version names.
[35m[ADB][39m Falling back to sorting by modification date. Original error: Invalid Version: android-8.1.0
[35m[ADB][39m Found 2 'build-tools' folders under 'C:\Users\Nia Yusniati\.katalon\tools\android_sdk' (newest first):
[35m[ADB][39m     C:/Users/Nia Yusniati/.katalon/tools/android_sdk/build-tools/29.0.3
[35m[ADB][39m     C:/Users/Nia Yusniati/.katalon/tools/android_sdk/build-tools/android-8.1.0
[35m[ADB][39m Using 'adb.exe' from 'C:\Users\Nia Yusniati\.katalon\tools\android_sdk\platform-tools\adb.exe'
[35m[AndroidDriver][39m Retrieving device list
[35m[AndroidDriver][39m Using device: RR8N605F11Y
[35m[ADB][39m Using 'adb.exe' from 'C:\Users\Nia Yusniati\.katalon\tools\android_sdk\platform-tools\adb.exe'
[35m[ADB][39m Getting device platform version
[35m[UiAutomator2][39m Relaxing hidden api policy
[35m[AndroidDriver][39m No app sent in, not parsing package/activity
[35m[ADB][39m Using 'apksigner.jar' from 'C:\Users\Nia Yusniati\.katalon\tools\android_sdk\build-tools\29.0.3\lib\apksigner.jar'
[35m[ADB][39m 'C:\Users\Nia Yusniati\AppData\Roaming\npm\node_modules\appium\node_modules\appium-uiautomator2-server\apks\appium-uiautomator2-server-v4.27.0.apk' is signed with the default certificate
[35m[ADB][39m 'C:\Users\Nia Yusniati\AppData\Roaming\npm\node_modules\appium\node_modules\appium-uiautomator2-server\apks\appium-uiautomator2-server-debug-androidTest.apk' is signed with the default certificate
[35m[UiAutomator2][39m Server packages are not going to be (re)installed
[35m[ADB][39m Adding packages ["io.appium.settings","io.appium.uiautomator2.server","io.appium.uiautomator2.server.test"] to Doze whitelist
[35m[UiAutomator2][39m Starting UIAutomator2 server 4.27.0
[35m[UiAutomator2][39m Using UIAutomator2 server from 'C:\Users\Nia Yusniati\AppData\Roaming\npm\node_modules\appium\node_modules\appium-uiautomator2-server\apks\appium-uiautomator2-server-v4.27.0.apk' and test from 'C:\Users\Nia Yusniati\AppData\Roaming\npm\node_modules\appium\node_modules\appium-uiautomator2-server\apks\appium-uiautomator2-server-debug-androidTest.apk'
[35m[UiAutomator2][39m Waiting up to 30000ms for UiAutomator2 to be online...
[35m[WD Proxy][39m socket hang up
[35m[WD Proxy][39m socket hang up
[35m[WD Proxy][39m socket hang up
[35m[WD Proxy][39m Determined the downstream protocol as 'W3C'
[35m[AndroidDriver][39m Screen already unlocked, doing nothing
[35m[UiAutomator2][39m Starting 'com.android.settings/.Settings and waiting for 'com.android.settings/.Settings'
[35m[Appium][39m New AndroidUiautomator2Driver session created successfully, session 4a2ffee0-64bd-406f-a850-2010781a33e3 added to master session list
[35m[HTTP][39m [37m<-- POST /wd/hub/session [39m[32m200[39m [90m12523 ms - 1158[39m
[35m[HTTP][39m [90m[39m
[35m[HTTP][39m [37m-->[39m [37mGET[39m [37m/wd/hub/session/4a2ffee0-64bd-406f-a850-2010781a33e3[39m
[35m[HTTP][39m [90m{}[39m
[35m[HTTP][39m [37m<-- GET /wd/hub/session/4a2ffee0-64bd-406f-a850-2010781a33e3 [39m[32m200[39m [90m14 ms - 1112[39m
[35m[HTTP][39m [90m[39m
[35m[HTTP][39m [37m-->[39m [37mGET[39m [37m/wd/hub/session/4a2ffee0-64bd-406f-a850-2010781a33e3[39m
[35m[HTTP][39m [90m{}[39m
[35m[HTTP][39m [37m<-- GET /wd/hub/session/4a2ffee0-64bd-406f-a850-2010781a33e3 [39m[32m200[39m [90m12 ms - 1112[39m
[35m[HTTP][39m [90m[39m
[35m[HTTP][39m [37m-->[39m [37mGET[39m [37m/wd/hub/status[39m
[35m[HTTP][39m [90m{}[39m
[35m[HTTP][39m [37m<-- GET /wd/hub/status [39m[32m200[39m [90m1 ms - 68[39m
[35m[HTTP][39m [90m[39m
[35m[HTTP][39m [37m-->[39m [37mPOST[39m [37m/wd/hub/session/4a2ffee0-64bd-406f-a850-2010781a33e3/timeouts[39m
[35m[HTTP][39m [90m{"implicit":30000}[39m
[35m[HTTP][39m [37m<-- POST /wd/hub/session/4a2ffee0-64bd-406f-a850-2010781a33e3/timeouts [39m[32m200[39m [90m5 ms - 14[39m
[35m[HTTP][39m [90m[39m
[35m[HTTP][39m [37m-->[39m [37mGET[39m [37m/wd/hub/session/4a2ffee0-64bd-406f-a850-2010781a33e3/screenshot[39m
[35m[HTTP][39m [90m{}[39m
[35m[HTTP][39m [37m<-- GET /wd/hub/session/4a2ffee0-64bd-406f-a850-2010781a33e3/screenshot [39m[32m200[39m [90m583 ms - 216496[39m
[35m[HTTP][39m [90m[39m
[35m[HTTP][39m [37m-->[39m [37mGET[39m [37m/wd/hub/session/4a2ffee0-64bd-406f-a850-2010781a33e3/window/rect[39m
[35m[HTTP][39m [90m{}[39m
[35m[HTTP][39m [37m<-- GET /wd/hub/session/4a2ffee0-64bd-406f-a850-2010781a33e3/window/rect [39m[32m200[39m [90m22 ms - 50[39m
[35m[HTTP][39m [90m[39m
[35m[HTTP][39m [37m-->[39m [37mGET[39m [37m/wd/hub/session/4a2ffee0-64bd-406f-a850-2010781a33e3/appium/device/system_bars[39m
[35m[HTTP][39m [90m{}[39m
[35m[HTTP][39m [37m<-- GET /wd/hub/session/4a2ffee0-64bd-406f-a850-2010781a33e3/appium/device/system_bars [39m[32m200[39m [90m156 ms - 148[39m
[35m[HTTP][39m [90m[39m
[35m[HTTP][39m [37m-->[39m [37mPOST[39m [37m/wd/hub/session/4a2ffee0-64bd-406f-a850-2010781a33e3/appium/device/activate_app[39m
[35m[HTTP][39m [90m{"bundleId":"com.vq.mbrochuregp.client.android"}[39m
[35m[HTTP][39m [37m<-- POST /wd/hub/session/4a2ffee0-64bd-406f-a850-2010781a33e3/appium/device/activate_app [39m[32m200[39m [90m756 ms - 14[39m
[35m[HTTP][39m [90m[39m
[35m[HTTP][39m [37m-->[39m [37mPOST[39m [37m/wd/hub/session/4a2ffee0-64bd-406f-a850-2010781a33e3/timeouts[39m
[35m[HTTP][39m [90m{"implicit":50}[39m
[35m[HTTP][39m [37m<-- POST /wd/hub/session/4a2ffee0-64bd-406f-a850-2010781a33e3/timeouts [39m[32m200[39m [90m4 ms - 14[39m
[35m[HTTP][39m [90m[39m
[35m[HTTP][39m [37m-->[39m [37mGET[39m [37m/wd/hub/session/4a2ffee0-64bd-406f-a850-2010781a33e3/window/rect[39m
[35m[HTTP][39m [90m{}[39m
[35m[HTTP][39m [37m<-- GET /wd/hub/session/4a2ffee0-64bd-406f-a850-2010781a33e3/window/rect [39m[32m200[39m [90m29 ms - 50[39m
[35m[HTTP][39m [90m[39m
[35m[HTTP][39m [37m-->[39m [37mPOST[39m [37m/wd/hub/session/4a2ffee0-64bd-406f-a850-2010781a33e3/elements[39m
[35m[HTTP][39m [90m{"using":"xpath","value":"//*[@class = 'android.widget.EditText' and (@text = 'Email' or . = 'Email') and @resource-id = 'com.vq.mbrochuregp.client.android:id/et_login_email']"}[39m
[35m[HTTP][39m [37m<-- POST /wd/hub/session/4a2ffee0-64bd-406f-a850-2010781a33e3/elements [39m[32m200[39m [90m3210 ms - 139[39m
[35m[HTTP][39m [90m[39m
[35m[HTTP][39m [37m-->[39m [37mGET[39m [37m/wd/hub/session/4a2ffee0-64bd-406f-a850-2010781a33e3/element/00000000-0000-0020-ffff-ffff00000122/location[39m
[35m[HTTP][39m [90m{}[39m
[35m[W3C (4a2ffee0)][39m Driver proxy active, passing request on via HTTP proxy
[35m[WD Proxy][39m Replacing sessionId d82b2d28-8035-4fbe-81d3-83c8103916d8 with 4a2ffee0-64bd-406f-a850-2010781a33e3
[35m[HTTP][39m [37m<-- GET /wd/hub/session/4a2ffee0-64bd-406f-a850-2010781a33e3/element/00000000-0000-0020-ffff-ffff00000122/location [39m[32m200[39m [90m40 ms - 77[39m
[35m[HTTP][39m [90m[39m
[35m[HTTP][39m [37m-->[39m [37mPOST[39m [37m/wd/hub/session/4a2ffee0-64bd-406f-a850-2010781a33e3/timeouts[39m
[35m[HTTP][39m [90m{"implicit":30000}[39m
[35m[HTTP][39m [37m<-- POST /wd/hub/session/4a2ffee0-64bd-406f-a850-2010781a33e3/timeouts [39m[32m200[39m [90m2 ms - 14[39m
[35m[HTTP][39m [90m[39m
[35m[HTTP][39m [37m-->[39m [37mPOST[39m [37m/wd/hub/session/4a2ffee0-64bd-406f-a850-2010781a33e3/element/00000000-0000-0020-ffff-ffff00000122/clear[39m
[35m[HTTP][39m [90m{"id":"00000000-0000-0020-ffff-ffff00000122"}[39m
[35m[HTTP][39m [37m<-- POST /wd/hub/session/4a2ffee0-64bd-406f-a850-2010781a33e3/element/00000000-0000-0020-ffff-ffff00000122/clear [39m[32m200[39m [90m35 ms - 14[39m
[35m[HTTP][39m [90m[39m
[35m[HTTP][39m [37m-->[39m [37mPOST[39m [37m/wd/hub/session/4a2ffee0-64bd-406f-a850-2010781a33e3/element/00000000-0000-0020-ffff-ffff00000122/value[39m
[35m[HTTP][39m [90m{"id":"00000000-0000-0020-ffff-ffff00000122","text":"lisharyani@mailinator.com","value":["l","i","s","h","a","r","y","a","n","i","@","m","a","i","l","i","n","a","t","o","r",".","c","o","m"]}[39m
[35m[HTTP][39m [37m<-- POST /wd/hub/session/4a2ffee0-64bd-406f-a850-2010781a33e3/element/00000000-0000-0020-ffff-ffff00000122/value [39m[32m200[39m [90m548 ms - 14[39m
[35m[HTTP][39m [90m[39m
[35m[HTTP][39m [37m-->[39m [37mPOST[39m [37m/wd/hub/session/4a2ffee0-64bd-406f-a850-2010781a33e3/timeouts[39m
[35m[HTTP][39m [90m{"implicit":50}[39m
[35m[HTTP][39m [37m<-- POST /wd/hub/session/4a2ffee0-64bd-406f-a850-2010781a33e3/timeouts [39m[32m200[39m [90m2 ms - 14[39m
[35m[HTTP][39m [90m[39m
[35m[HTTP][39m [37m-->[39m [37mGET[39m [37m/wd/hub/session/4a2ffee0-64bd-406f-a850-2010781a33e3/window/rect[39m
[35m[HTTP][39m [90m{}[39m
[35m[HTTP][39m [37m<-- GET /wd/hub/session/4a2ffee0-64bd-406f-a850-2010781a33e3/window/rect [39m[32m200[39m [90m20 ms - 50[39m
[35m[HTTP][39m [90m[39m
[35m[HTTP][39m [37m-->[39m [37mPOST[39m [37m/wd/hub/session/4a2ffee0-64bd-406f-a850-2010781a33e3/elements[39m
[35m[HTTP][39m [90m{"using":"xpath","value":"//*[@class = 'android.widget.EditText' and (@text = 'Password' or . = 'Password') and @resource-id = 'com.vq.mbrochuregp.client.android:id/et_login_password']"}[39m
[35m[HTTP][39m [37m<-- POST /wd/hub/session/4a2ffee0-64bd-406f-a850-2010781a33e3/elements [39m[32m200[39m [90m614 ms - 139[39m
[35m[HTTP][39m [90m[39m
[35m[HTTP][39m [37m-->[39m [37mGET[39m [37m/wd/hub/session/4a2ffee0-64bd-406f-a850-2010781a33e3/element/00000000-0000-0020-ffff-ffff00000126/location[39m
[35m[HTTP][39m [90m{}[39m
[35m[W3C (4a2ffee0)][39m Driver proxy active, passing request on via HTTP proxy
[35m[WD Proxy][39m Replacing sessionId d82b2d28-8035-4fbe-81d3-83c8103916d8 with 4a2ffee0-64bd-406f-a850-2010781a33e3
[35m[HTTP][39m [37m<-- GET /wd/hub/session/4a2ffee0-64bd-406f-a850-2010781a33e3/element/00000000-0000-0020-ffff-ffff00000126/location [39m[32m200[39m [90m29 ms - 78[39m
[35m[HTTP][39m [90m[39m
[35m[HTTP][39m [37m-->[39m [37mPOST[39m [37m/wd/hub/session/4a2ffee0-64bd-406f-a850-2010781a33e3/timeouts[39m
[35m[HTTP][39m [90m{"implicit":30000}[39m
[35m[HTTP][39m [37m<-- POST /wd/hub/session/4a2ffee0-64bd-406f-a850-2010781a33e3/timeouts [39m[32m200[39m [90m2 ms - 14[39m
[35m[HTTP][39m [90m[39m
[35m[HTTP][39m [37m-->[39m [37mPOST[39m [37m/wd/hub/session/4a2ffee0-64bd-406f-a850-2010781a33e3/element/00000000-0000-0020-ffff-ffff00000126/clear[39m
[35m[HTTP][39m [90m{"id":"00000000-0000-0020-ffff-ffff00000126"}[39m
[35m[HTTP][39m [37m<-- POST /wd/hub/session/4a2ffee0-64bd-406f-a850-2010781a33e3/element/00000000-0000-0020-ffff-ffff00000126/clear [39m[32m200[39m [90m34 ms - 14[39m
[35m[HTTP][39m [90m[39m
[35m[HTTP][39m [37m-->[39m [37mPOST[39m [37m/wd/hub/session/4a2ffee0-64bd-406f-a850-2010781a33e3/element/00000000-0000-0020-ffff-ffff00000126/value[39m
[35m[HTTP][39m [90m{"id":"00000000-0000-0020-ffff-ffff00000126","text":"123abc","value":["1","2","3","a","b","c"]}[39m
[35m[HTTP][39m [37m<-- POST /wd/hub/session/4a2ffee0-64bd-406f-a850-2010781a33e3/element/00000000-0000-0020-ffff-ffff00000126/value [39m[32m200[39m [90m1005 ms - 14[39m
[35m[HTTP][39m [90m[39m
[35m[HTTP][39m [37m-->[39m [37mGET[39m [37m/wd/hub/session/4a2ffee0-64bd-406f-a850-2010781a33e3/context[39m
[35m[HTTP][39m [90m{}[39m
[35m[HTTP][39m [37m<-- GET /wd/hub/session/4a2ffee0-64bd-406f-a850-2010781a33e3/context [39m[32m200[39m [90m2 ms - 22[39m
[35m[HTTP][39m [90m[39m
[35m[HTTP][39m [37m-->[39m [37mGET[39m [37m/wd/hub/session/4a2ffee0-64bd-406f-a850-2010781a33e3/contexts[39m
[35m[HTTP][39m [90m{}[39m
[35m[HTTP][39m [37m<-- GET /wd/hub/session/4a2ffee0-64bd-406f-a850-2010781a33e3/contexts [39m[32m200[39m [90m107 ms - 24[39m
[35m[HTTP][39m [90m[39m
[35m[HTTP][39m [37m-->[39m [37mPOST[39m [37m/wd/hub/session/4a2ffee0-64bd-406f-a850-2010781a33e3/context[39m
[35m[HTTP][39m [90m{"name":"NATIVE_APP"}[39m
[35m[HTTP][39m [37m<-- POST /wd/hub/session/4a2ffee0-64bd-406f-a850-2010781a33e3/context [39m[32m200[39m [90m2 ms - 14[39m
[35m[HTTP][39m [90m[39m
[35m[HTTP][39m [37m-->[39m [37mGET[39m [37m/wd/hub/session/4a2ffee0-64bd-406f-a850-2010781a33e3/window/rect[39m
[35m[HTTP][39m [90m{}[39m
[35m[HTTP][39m [37m<-- GET /wd/hub/session/4a2ffee0-64bd-406f-a850-2010781a33e3/window/rect [39m[32m200[39m [90m16 ms - 50[39m
[35m[HTTP][39m [90m[39m
[35m[HTTP][39m [37m-->[39m [37mPOST[39m [37m/wd/hub/session/4a2ffee0-64bd-406f-a850-2010781a33e3/execute/sync[39m
[35m[HTTP][39m [90m{"script":"mobile: viewportScreenshot","args":[]}[39m
[35m[AndroidDriver][39m Executing native command 'mobile: viewportScreenshot'
[35m[HTTP][39m [37m<-- POST /wd/hub/session/4a2ffee0-64bd-406f-a850-2010781a33e3/execute/sync [39m[32m200[39m [90m1275 ms - 156464[39m
[35m[HTTP][39m [90m[39m
[35m[HTTP][39m [37m-->[39m [37mPOST[39m [37m/wd/hub/session/4a2ffee0-64bd-406f-a850-2010781a33e3/context[39m
[35m[HTTP][39m [90m{"name":"NATIVE_APP"}[39m
[35m[HTTP][39m [37m<-- POST /wd/hub/session/4a2ffee0-64bd-406f-a850-2010781a33e3/context [39m[32m200[39m [90m2 ms - 14[39m
[35m[HTTP][39m [90m[39m
[35m[HTTP][39m [37m-->[39m [37mPOST[39m [37m/wd/hub/session/4a2ffee0-64bd-406f-a850-2010781a33e3/timeouts[39m
[35m[HTTP][39m [90m{"implicit":50}[39m
[35m[HTTP][39m [37m<-- POST /wd/hub/session/4a2ffee0-64bd-406f-a850-2010781a33e3/timeouts [39m[32m200[39m [90m1 ms - 14[39m
[35m[HTTP][39m [90m[39m
[35m[HTTP][39m [37m-->[39m [37mGET[39m [37m/wd/hub/session/4a2ffee0-64bd-406f-a850-2010781a33e3/window/rect[39m
[35m[HTTP][39m [90m{}[39m
[35m[HTTP][39m [37m<-- GET /wd/hub/session/4a2ffee0-64bd-406f-a850-2010781a33e3/window/rect [39m[32m200[39m [90m19 ms - 50[39m
[35m[HTTP][39m [90m[39m
[35m[HTTP][39m [37m-->[39m [37mPOST[39m [37m/wd/hub/session/4a2ffee0-64bd-406f-a850-2010781a33e3/elements[39m
[35m[HTTP][39m [90m{"using":"xpath","value":"//hierarchy/android.widget.FrameLayout[1]/android.widget.LinearLayout[1]/android.widget.FrameLayout[1]/android.widget.LinearLayout[1]/android.widget.FrameLayout[1]/android.view.ViewGroup[1]/android.widget.ScrollView[1]/android.widget.LinearLayout[1]/android.view.ViewGroup[1]/android.widget.Button[1]"}[39m
[35m[HTTP][39m [37m<-- POST /wd/hub/session/4a2ffee0-64bd-406f-a850-2010781a33e3/elements [39m[32m200[39m [90m321 ms - 139[39m
[35m[HTTP][39m [90m[39m
[35m[HTTP][39m [37m-->[39m [37mGET[39m [37m/wd/hub/session/4a2ffee0-64bd-406f-a850-2010781a33e3/element/00000000-0000-0020-ffff-ffff00000129/location[39m
[35m[HTTP][39m [90m{}[39m
[35m[W3C (4a2ffee0)][39m Driver proxy active, passing request on via HTTP proxy
[35m[WD Proxy][39m Replacing sessionId d82b2d28-8035-4fbe-81d3-83c8103916d8 with 4a2ffee0-64bd-406f-a850-2010781a33e3
[35m[HTTP][39m [37m<-- GET /wd/hub/session/4a2ffee0-64bd-406f-a850-2010781a33e3/element/00000000-0000-0020-ffff-ffff00000129/location [39m[32m200[39m [90m31 ms - 78[39m
[35m[HTTP][39m [90m[39m
[35m[HTTP][39m [37m-->[39m [37mPOST[39m [37m/wd/hub/session/4a2ffee0-64bd-406f-a850-2010781a33e3/timeouts[39m
[35m[HTTP][39m [90m{"implicit":30000}[39m
[35m[HTTP][39m [37m<-- POST /wd/hub/session/4a2ffee0-64bd-406f-a850-2010781a33e3/timeouts [39m[32m200[39m [90m2 ms - 14[39m
[35m[HTTP][39m [90m[39m
[35m[HTTP][39m [37m-->[39m [37mPOST[39m [37m/wd/hub/session/4a2ffee0-64bd-406f-a850-2010781a33e3/touch/perform[39m
[35m[HTTP][39m [90m{"actions":[{"action":"tap","options":{"x":1,"y":1,"element":"00000000-0000-0020-ffff-ffff00000129"}},{"action":"release","options":{}}]}[39m
[35m[UiAutomator2][39m calling get location: 00000000-0000-0020-ffff-ffff00000129
[35m[HTTP][39m [37m<-- POST /wd/hub/session/4a2ffee0-64bd-406f-a850-2010781a33e3/touch/perform [39m[32m200[39m [90m213 ms - 14[39m
[35m[HTTP][39m [90m[39m
[35m[HTTP][39m [37m-->[39m [37mGET[39m [37m/wd/hub/session/4a2ffee0-64bd-406f-a850-2010781a33e3/window/rect[39m
[35m[HTTP][39m [90m{}[39m
[35m[HTTP][39m [37m<-- GET /wd/hub/session/4a2ffee0-64bd-406f-a850-2010781a33e3/window/rect [39m[32m200[39m [90m17 ms - 50[39m
[35m[HTTP][39m [90m[39m
[35m[HTTP][39m [37m-->[39m [37mPOST[39m [37m/wd/hub/session/4a2ffee0-64bd-406f-a850-2010781a33e3/elements[39m
[35m[HTTP][39m [90m{"using":"xpath","value":"//*[@resource-id = 'com.vq.mbrochuregp.client.android:id/iv_home_profil_icon' and @package = 'com.vq.mbrochuregp.client.android']"}[39m
[35m[HTTP][39m [37m<-- POST /wd/hub/session/4a2ffee0-64bd-406f-a850-2010781a33e3/elements [39m[32m200[39m [90m1337 ms - 139[39m
[35m[HTTP][39m [90m[39m
[35m[HTTP][39m [37m-->[39m [37mGET[39m [37m/wd/hub/session/4a2ffee0-64bd-406f-a850-2010781a33e3/element/00000000-0000-0022-ffff-ffff0000017e/location[39m
[35m[HTTP][39m [90m{}[39m
[35m[W3C (4a2ffee0)][39m Driver proxy active, passing request on via HTTP proxy
[35m[WD Proxy][39m Replacing sessionId d82b2d28-8035-4fbe-81d3-83c8103916d8 with 4a2ffee0-64bd-406f-a850-2010781a33e3
[35m[HTTP][39m [37m<-- GET /wd/hub/session/4a2ffee0-64bd-406f-a850-2010781a33e3/element/00000000-0000-0022-ffff-ffff0000017e/location [39m[32m200[39m [90m27 ms - 79[39m
[35m[HTTP][39m [90m[39m
[35m[HTTP][39m [37m-->[39m [37mPOST[39m [37m/wd/hub/session/4a2ffee0-64bd-406f-a850-2010781a33e3/element/00000000-0000-0022-ffff-ffff0000017e/click[39m
[35m[HTTP][39m [90m{"id":"00000000-0000-0022-ffff-ffff0000017e"}[39m
[35m[HTTP][39m [37m<-- POST /wd/hub/session/4a2ffee0-64bd-406f-a850-2010781a33e3/element/00000000-0000-0022-ffff-ffff0000017e/click [39m[32m200[39m [90m86 ms - 14[39m
[35m[HTTP][39m [90m[39m
[35m[HTTP][39m [37m-->[39m [37mGET[39m [37m/wd/hub/session/4a2ffee0-64bd-406f-a850-2010781a33e3/context[39m
[35m[HTTP][39m [90m{}[39m
[35m[HTTP][39m [37m<-- GET /wd/hub/session/4a2ffee0-64bd-406f-a850-2010781a33e3/context [39m[32m200[39m [90m3 ms - 22[39m
[35m[HTTP][39m [90m[39m
[35m[HTTP][39m [37m-->[39m [37mGET[39m [37m/wd/hub/session/4a2ffee0-64bd-406f-a850-2010781a33e3/contexts[39m
[35m[HTTP][39m [90m{}[39m
[35m[HTTP][39m [37m<-- GET /wd/hub/session/4a2ffee0-64bd-406f-a850-2010781a33e3/contexts [39m[32m200[39m [90m93 ms - 24[39m
[35m[HTTP][39m [90m[39m
[35m[HTTP][39m [37m-->[39m [37mPOST[39m [37m/wd/hub/session/4a2ffee0-64bd-406f-a850-2010781a33e3/context[39m
[35m[HTTP][39m [90m{"name":"NATIVE_APP"}[39m
[35m[HTTP][39m [37m<-- POST /wd/hub/session/4a2ffee0-64bd-406f-a850-2010781a33e3/context [39m[32m200[39m [90m3 ms - 14[39m
[35m[HTTP][39m [90m[39m
[35m[HTTP][39m [37m-->[39m [37mGET[39m [37m/wd/hub/session/4a2ffee0-64bd-406f-a850-2010781a33e3/window/rect[39m
[35m[HTTP][39m [90m{}[39m
[35m[HTTP][39m [37m<-- GET /wd/hub/session/4a2ffee0-64bd-406f-a850-2010781a33e3/window/rect [39m[32m200[39m [90m16 ms - 50[39m
[35m[HTTP][39m [90m[39m
[35m[HTTP][39m [37m-->[39m [37mPOST[39m [37m/wd/hub/session/4a2ffee0-64bd-406f-a850-2010781a33e3/execute/sync[39m
[35m[HTTP][39m [90m{"script":"mobile: viewportScreenshot","args":[]}[39m
[35m[AndroidDriver][39m Executing native command 'mobile: viewportScreenshot'
[35m[HTTP][39m [37m<-- POST /wd/hub/session/4a2ffee0-64bd-406f-a850-2010781a33e3/execute/sync [39m[32m200[39m [90m1300 ms - 260512[39m
[35m[HTTP][39m [90m[39m
[35m[HTTP][39m [37m-->[39m [37mPOST[39m [37m/wd/hub/session/4a2ffee0-64bd-406f-a850-2010781a33e3/context[39m
[35m[HTTP][39m [90m{"name":"NATIVE_APP"}[39m
[35m[HTTP][39m [37m<-- POST /wd/hub/session/4a2ffee0-64bd-406f-a850-2010781a33e3/context [39m[32m200[39m [90m2 ms - 14[39m
[35m[HTTP][39m [90m[39m
[35m[HTTP][39m [37m-->[39m [37mGET[39m [37m/wd/hub/session/4a2ffee0-64bd-406f-a850-2010781a33e3/window/rect[39m
[35m[HTTP][39m [90m{}[39m
[35m[HTTP][39m [37m<-- GET /wd/hub/session/4a2ffee0-64bd-406f-a850-2010781a33e3/window/rect [39m[32m200[39m [90m19 ms - 50[39m
[35m[HTTP][39m [90m[39m
[35m[HTTP][39m [37m-->[39m [37mPOST[39m [37m/wd/hub/session/4a2ffee0-64bd-406f-a850-2010781a33e3/elements[39m
[35m[HTTP][39m [90m{"using":"xpath","value":"//*[@class = 'android.widget.ImageView' and @resource-id = 'com.vq.mbrochuregp.client.android:id/iv_home_icon' and (@text = '' or . = '')]"}[39m
[35m[HTTP][39m [37m<-- POST /wd/hub/session/4a2ffee0-64bd-406f-a850-2010781a33e3/elements [39m[32m200[39m [90m510 ms - 139[39m
[35m[HTTP][39m [90m[39m
[35m[HTTP][39m [37m-->[39m [37mGET[39m [37m/wd/hub/session/4a2ffee0-64bd-406f-a850-2010781a33e3/element/00000000-0000-0024-ffff-ffff000001f2/location[39m
[35m[HTTP][39m [90m{}[39m
[35m[W3C (4a2ffee0)][39m Driver proxy active, passing request on via HTTP proxy
[35m[WD Proxy][39m Replacing sessionId d82b2d28-8035-4fbe-81d3-83c8103916d8 with 4a2ffee0-64bd-406f-a850-2010781a33e3
[35m[HTTP][39m [37m<-- GET /wd/hub/session/4a2ffee0-64bd-406f-a850-2010781a33e3/element/00000000-0000-0024-ffff-ffff000001f2/location [39m[32m200[39m [90m31 ms - 78[39m
[35m[HTTP][39m [90m[39m
[35m[HTTP][39m [37m-->[39m [37mPOST[39m [37m/wd/hub/session/4a2ffee0-64bd-406f-a850-2010781a33e3/element/00000000-0000-0024-ffff-ffff000001f2/click[39m
[35m[HTTP][39m [90m{"id":"00000000-0000-0024-ffff-ffff000001f2"}[39m
[35m[HTTP][39m [37m<-- POST /wd/hub/session/4a2ffee0-64bd-406f-a850-2010781a33e3/element/00000000-0000-0024-ffff-ffff000001f2/click [39m[32m200[39m [90m68 ms - 14[39m
[35m[HTTP][39m [90m[39m
[35m[HTTP][39m [37m-->[39m [37mGET[39m [37m/wd/hub/status[39m
[35m[HTTP][39m [90m{}[39m
[35m[HTTP][39m [37m<-- GET /wd/hub/status [39m[32m200[39m [90m1 ms - 68[39m
[35m[HTTP][39m [90m[39m
[35m[HTTP][39m [37m-->[39m [37mPOST[39m [37m/wd/hub/session[39m
[35m[HTTP][39m [90m{"desiredCapabilities":{"appActivity":".Settings","appPackage":"com.android.settings","newCommandTimeout":1800,"platformVersion":"11","automationName":"uiautomator2","autoGrantPermissions":true,"platformName":"Android","udid":"RR8N605F11Y","deviceName":"samsung SM-M315F (Android 11)","platform":"ANDROID","systemPort":8243},"capabilities":{"firstMatch":[{"appium:appActivity":".Settings","appium:appPackage":"com.android.settings","appium:autoGrantPermissions":true,"appium:automationName":"uiautomator2","appium:deviceName":"samsung SM-M315F (Android 11)","appium:newCommandTimeout":1800,"platform":"ANDROID","platformName":"android","appium:platformVersion":"11","appium:systemPort":8243,"appium:udid":"RR8N605F11Y"}]}}[39m
[35m[BaseDriver][39m The following capabilities are not standard capabilities and should have an extension prefix:
[35m[BaseDriver][39m   platform
[35m[BaseDriver][39m   chromedriverPort
[35m[Appium][39m Appium v1.22.2 creating new AndroidUiautomator2Driver (v1.70.1) session
[35m[BaseDriver][39m The following capabilities were provided, but are not recognized by Appium:
[35m[BaseDriver][39m   platform
[35m[BaseDriver][39m Session created with session id: e06b02d1-ae6f-466f-a8a8-2c3e337f758b
[35m[UiAutomator2][39m Starting 'com.android.settings' directly on the device
[35m[ADB][39m Using 'adb.exe' from 'C:\Users\Nia Yusniati\.katalon\tools\android_sdk\platform-tools\adb.exe'
[35m[AndroidDriver][39m Retrieving device list
[35m[AndroidDriver][39m Using device: RR8N605F11Y
[35m[ADB][39m Using 'adb.exe' from 'C:\Users\Nia Yusniati\.katalon\tools\android_sdk\platform-tools\adb.exe'
[35m[ADB][39m Getting device platform version
[35m[UiAutomator2][39m Relaxing hidden api policy
[35m[AndroidDriver][39m No app sent in, not parsing package/activity
[35m[UiAutomator2][39m Server packages are not going to be (re)installed
[35m[ADB][39m Adding packages ["io.appium.settings","io.appium.uiautomator2.server","io.appium.uiautomator2.server.test"] to Doze whitelist
[35m[UiAutomator2][39m Starting UIAutomator2 server 4.27.0
[35m[UiAutomator2][39m Using UIAutomator2 server from 'C:\Users\Nia Yusniati\AppData\Roaming\npm\node_modules\appium\node_modules\appium-uiautomator2-server\apks\appium-uiautomator2-server-v4.27.0.apk' and test from 'C:\Users\Nia Yusniati\AppData\Roaming\npm\node_modules\appium\node_modules\appium-uiautomator2-server\apks\appium-uiautomator2-server-debug-androidTest.apk'
[35m[UiAutomator2][39m Waiting up to 30000ms for UiAutomator2 to be online...
[35m[WD Proxy][39m socket hang up
[35m[WD Proxy][39m socket hang up
[35m[WD Proxy][39m socket hang up
[35m[WD Proxy][39m Determined the downstream protocol as 'W3C'
[35m[AndroidDriver][39m Screen already unlocked, doing nothing
[35m[UiAutomator2][39m Starting 'com.android.settings/.Settings and waiting for 'com.android.settings/.Settings'
[35m[Appium][39m New AndroidUiautomator2Driver session created successfully, session e06b02d1-ae6f-466f-a8a8-2c3e337f758b added to master session list
[35m[HTTP][39m [37m<-- POST /wd/hub/session [39m[32m200[39m [90m10019 ms - 1158[39m
[35m[HTTP][39m [90m[39m
[35m[HTTP][39m [37m-->[39m [37mGET[39m [37m/wd/hub/session/e06b02d1-ae6f-466f-a8a8-2c3e337f758b[39m
[35m[HTTP][39m [90m{}[39m
[35m[HTTP][39m [37m<-- GET /wd/hub/session/e06b02d1-ae6f-466f-a8a8-2c3e337f758b [39m[32m200[39m [90m18 ms - 1112[39m
[35m[HTTP][39m [90m[39m
[35m[HTTP][39m [37m-->[39m [37mGET[39m [37m/wd/hub/session/e06b02d1-ae6f-466f-a8a8-2c3e337f758b[39m
[35m[HTTP][39m [90m{}[39m
[35m[HTTP][39m [37m<-- GET /wd/hub/session/e06b02d1-ae6f-466f-a8a8-2c3e337f758b [39m[32m200[39m [90m20 ms - 1112[39m
[35m[HTTP][39m [90m[39m
[35m[HTTP][39m [37m-->[39m [37mGET[39m [37m/wd/hub/status[39m
[35m[HTTP][39m [90m{}[39m
[35m[HTTP][39m [37m<-- GET /wd/hub/status [39m[32m200[39m [90m1 ms - 68[39m
[35m[HTTP][39m [90m[39m
[35m[HTTP][39m [37m-->[39m [37mPOST[39m [37m/wd/hub/session/e06b02d1-ae6f-466f-a8a8-2c3e337f758b/timeouts[39m
[35m[HTTP][39m [90m{"implicit":30000}[39m
[35m[HTTP][39m [37m<-- POST /wd/hub/session/e06b02d1-ae6f-466f-a8a8-2c3e337f758b/timeouts [39m[32m200[39m [90m1 ms - 14[39m
[35m[HTTP][39m [90m[39m
[35m[HTTP][39m [37m-->[39m [37mGET[39m [37m/wd/hub/session/e06b02d1-ae6f-466f-a8a8-2c3e337f758b/screenshot[39m
[35m[HTTP][39m [90m{}[39m
[35m[HTTP][39m [37m<-- GET /wd/hub/session/e06b02d1-ae6f-466f-a8a8-2c3e337f758b/screenshot [39m[32m200[39m [90m658 ms - 217132[39m
[35m[HTTP][39m [90m[39m
[35m[HTTP][39m [37m-->[39m [37mGET[39m [37m/wd/hub/session/e06b02d1-ae6f-466f-a8a8-2c3e337f758b/window/rect[39m
[35m[HTTP][39m [90m{}[39m
[35m[HTTP][39m [37m<-- GET /wd/hub/session/e06b02d1-ae6f-466f-a8a8-2c3e337f758b/window/rect [39m[32m200[39m [90m11 ms - 50[39m
[35m[HTTP][39m [90m[39m
[35m[HTTP][39m [37m-->[39m [37mGET[39m [37m/wd/hub/session/e06b02d1-ae6f-466f-a8a8-2c3e337f758b/appium/device/system_bars[39m
[35m[HTTP][39m [90m{}[39m
[35m[HTTP][39m [37m<-- GET /wd/hub/session/e06b02d1-ae6f-466f-a8a8-2c3e337f758b/appium/device/system_bars [39m[32m200[39m [90m122 ms - 148[39m
[35m[HTTP][39m [90m[39m
[35m[HTTP][39m [37m-->[39m [37mPOST[39m [37m/wd/hub/session/e06b02d1-ae6f-466f-a8a8-2c3e337f758b/appium/device/activate_app[39m
[35m[HTTP][39m [90m{"bundleId":"com.vq.mbrochuregp.client.android"}[39m
[35m[HTTP][39m [37m<-- POST /wd/hub/session/e06b02d1-ae6f-466f-a8a8-2c3e337f758b/appium/device/activate_app [39m[32m200[39m [90m649 ms - 14[39m
[35m[HTTP][39m [90m[39m
[35m[HTTP][39m [37m-->[39m [37mGET[39m [37m/wd/hub/session/e06b02d1-ae6f-466f-a8a8-2c3e337f758b/context[39m
[35m[HTTP][39m [90m{}[39m
[35m[HTTP][39m [37m<-- GET /wd/hub/session/e06b02d1-ae6f-466f-a8a8-2c3e337f758b/context [39m[32m200[39m [90m1 ms - 22[39m
[35m[HTTP][39m [90m[39m
[35m[HTTP][39m [37m-->[39m [37mGET[39m [37m/wd/hub/session/e06b02d1-ae6f-466f-a8a8-2c3e337f758b/contexts[39m
[35m[HTTP][39m [90m{}[39m
[35m[HTTP][39m [37m<-- GET /wd/hub/session/e06b02d1-ae6f-466f-a8a8-2c3e337f758b/contexts [39m[32m200[39m [90m85 ms - 24[39m
[35m[HTTP][39m [90m[39m
[35m[HTTP][39m [37m-->[39m [37mPOST[39m [37m/wd/hub/session/e06b02d1-ae6f-466f-a8a8-2c3e337f758b/context[39m
[35m[HTTP][39m [90m{"name":"NATIVE_APP"}[39m
[35m[HTTP][39m [37m<-- POST /wd/hub/session/e06b02d1-ae6f-466f-a8a8-2c3e337f758b/context [39m[32m200[39m [90m2 ms - 14[39m
[35m[HTTP][39m [90m[39m
[35m[HTTP][39m [37m-->[39m [37mPOST[39m [37m/wd/hub/session/e06b02d1-ae6f-466f-a8a8-2c3e337f758b/appium/device/press_keycode[39m
[35m[HTTP][39m [90m{"keycode":4}[39m
[35m[HTTP][39m [37m<-- POST /wd/hub/session/e06b02d1-ae6f-466f-a8a8-2c3e337f758b/appium/device/press_keycode [39m[32m200[39m [90m129 ms - 14[39m
[35m[HTTP][39m [90m[39m
[35m[HTTP][39m [37m-->[39m [37mPOST[39m [37m/wd/hub/session/e06b02d1-ae6f-466f-a8a8-2c3e337f758b/context[39m
[35m[HTTP][39m [90m{"name":"NATIVE_APP"}[39m
[35m[HTTP][39m [37m<-- POST /wd/hub/session/e06b02d1-ae6f-466f-a8a8-2c3e337f758b/context [39m[32m200[39m [90m2 ms - 14[39m
[35m[HTTP][39m [90m[39m
[35m[HTTP][39m [37m-->[39m [37mPOST[39m [37m/wd/hub/session/e06b02d1-ae6f-466f-a8a8-2c3e337f758b/timeouts[39m
[35m[HTTP][39m [90m{"implicit":50}[39m
[35m[HTTP][39m [37m<-- POST /wd/hub/session/e06b02d1-ae6f-466f-a8a8-2c3e337f758b/timeouts [39m[32m200[39m [90m3 ms - 14[39m
[35m[HTTP][39m [90m[39m
[35m[HTTP][39m [37m-->[39m [37mGET[39m [37m/wd/hub/session/e06b02d1-ae6f-466f-a8a8-2c3e337f758b/window/rect[39m
[35m[HTTP][39m [90m{}[39m
[35m[HTTP][39m [37m<-- GET /wd/hub/session/e06b02d1-ae6f-466f-a8a8-2c3e337f758b/window/rect [39m[32m200[39m [90m25 ms - 50[39m
[35m[HTTP][39m [90m[39m
[35m[HTTP][39m [37m-->[39m [37mPOST[39m [37m/wd/hub/session/e06b02d1-ae6f-466f-a8a8-2c3e337f758b/elements[39m
[35m[HTTP][39m [90m{"using":"xpath","value":"//*[@class = 'android.widget.Button' and (@text = 'TIDAK' or . = 'TIDAK') and @resource-id = 'android:id/button2']"}[39m
[35m[HTTP][39m [37m<-- POST /wd/hub/session/e06b02d1-ae6f-466f-a8a8-2c3e337f758b/elements [39m[32m200[39m [90m2252 ms - 139[39m
[35m[HTTP][39m [90m[39m
[35m[HTTP][39m [37m-->[39m [37mGET[39m [37m/wd/hub/session/e06b02d1-ae6f-466f-a8a8-2c3e337f758b/element/00000000-0000-0047-ffff-ffff000002d0/location[39m
[35m[HTTP][39m [90m{}[39m
[35m[W3C (e06b02d1)][39m Driver proxy active, passing request on via HTTP proxy
[35m[WD Proxy][39m Replacing sessionId 972edd47-d969-4f65-a554-d717289537b3 with e06b02d1-ae6f-466f-a8a8-2c3e337f758b
[35m[HTTP][39m [37m<-- GET /wd/hub/session/e06b02d1-ae6f-466f-a8a8-2c3e337f758b/element/00000000-0000-0047-ffff-ffff000002d0/location [39m[32m200[39m [90m34 ms - 79[39m
[35m[HTTP][39m [90m[39m
[35m[HTTP][39m [37m-->[39m [37mPOST[39m [37m/wd/hub/session/e06b02d1-ae6f-466f-a8a8-2c3e337f758b/timeouts[39m
[35m[HTTP][39m [90m{"implicit":30000}[39m
[35m[HTTP][39m [37m<-- POST /wd/hub/session/e06b02d1-ae6f-466f-a8a8-2c3e337f758b/timeouts [39m[32m200[39m [90m3 ms - 14[39m
[35m[HTTP][39m [90m[39m
[35m[HTTP][39m [37m-->[39m [37mPOST[39m [37m/wd/hub/session/e06b02d1-ae6f-466f-a8a8-2c3e337f758b/touch/perform[39m
[35m[HTTP][39m [90m{"actions":[{"action":"tap","options":{"x":1,"y":1,"element":"00000000-0000-0047-ffff-ffff000002d0"}},{"action":"release","options":{}}]}[39m
[35m[UiAutomator2][39m calling get location: 00000000-0000-0047-ffff-ffff000002d0
[35m[HTTP][39m [37m<-- POST /wd/hub/session/e06b02d1-ae6f-466f-a8a8-2c3e337f758b/touch/perform [39m[32m200[39m [90m184 ms - 14[39m
[35m[HTTP][39m [90m[39m
[35m[HTTP][39m [37m-->[39m [37mPOST[39m [37m/wd/hub/session/e06b02d1-ae6f-466f-a8a8-2c3e337f758b/timeouts[39m
[35m[HTTP][39m [90m{"implicit":50}[39m
[35m[HTTP][39m [37m<-- POST /wd/hub/session/e06b02d1-ae6f-466f-a8a8-2c3e337f758b/timeouts [39m[32m200[39m [90m1 ms - 14[39m
[35m[HTTP][39m [90m[39m
[35m[HTTP][39m [37m-->[39m [37mGET[39m [37m/wd/hub/session/e06b02d1-ae6f-466f-a8a8-2c3e337f758b/window/rect[39m
[35m[HTTP][39m [90m{}[39m
[35m[HTTP][39m [37m<-- GET /wd/hub/session/e06b02d1-ae6f-466f-a8a8-2c3e337f758b/window/rect [39m[32m200[39m [90m24 ms - 50[39m
[35m[HTTP][39m [90m[39m
[35m[HTTP][39m [37m-->[39m [37mPOST[39m [37m/wd/hub/session/e06b02d1-ae6f-466f-a8a8-2c3e337f758b/elements[39m
[35m[HTTP][39m [90m{"using":"xpath","value":"//hierarchy/android.widget.FrameLayout[1]/android.widget.LinearLayout[1]/android.widget.FrameLayout[1]/android.widget.LinearLayout[1]/android.widget.FrameLayout[1]/android.view.ViewGroup[1]/android.widget.ScrollView[1]/android.widget.LinearLayout[1]/android.view.ViewGroup[2]/android.widget.LinearLayout[1]/androidx.recyclerview.widget.RecyclerView[1]/android.widget.LinearLayout[8]/android.widget.ImageView[1]"}[39m
[35m[HTTP][39m [37m<-- POST /wd/hub/session/e06b02d1-ae6f-466f-a8a8-2c3e337f758b/elements [39m[32m200[39m [90m1042 ms - 139[39m
[35m[HTTP][39m [90m[39m
[35m[HTTP][39m [37m-->[39m [37mGET[39m [37m/wd/hub/session/e06b02d1-ae6f-466f-a8a8-2c3e337f758b/element/00000000-0000-0030-ffff-ffff00000281/location[39m
[35m[HTTP][39m [90m{}[39m
[35m[W3C (e06b02d1)][39m Driver proxy active, passing request on via HTTP proxy
[35m[WD Proxy][39m Replacing sessionId 972edd47-d969-4f65-a554-d717289537b3 with e06b02d1-ae6f-466f-a8a8-2c3e337f758b
[35m[HTTP][39m [37m<-- GET /wd/hub/session/e06b02d1-ae6f-466f-a8a8-2c3e337f758b/element/00000000-0000-0030-ffff-ffff00000281/location [39m[32m200[39m [90m27 ms - 79[39m
[35m[HTTP][39m [90m[39m
[35m[HTTP][39m [37m-->[39m [37mPOST[39m [37m/wd/hub/session/e06b02d1-ae6f-466f-a8a8-2c3e337f758b/timeouts[39m
[35m[HTTP][39m [90m{"implicit":30000}[39m
[35m[HTTP][39m [37m<-- POST /wd/hub/session/e06b02d1-ae6f-466f-a8a8-2c3e337f758b/timeouts [39m[32m200[39m [90m2 ms - 14[39m
[35m[HTTP][39m [90m[39m
[35m[HTTP][39m [37m-->[39m [37mPOST[39m [37m/wd/hub/session/e06b02d1-ae6f-466f-a8a8-2c3e337f758b/touch/perform[39m
[35m[HTTP][39m [90m{"actions":[{"action":"tap","options":{"x":1,"y":1,"element":"00000000-0000-0030-ffff-ffff00000281"}},{"action":"release","options":{}}]}[39m
[35m[UiAutomator2][39m calling get location: 00000000-0000-0030-ffff-ffff00000281
[35m[HTTP][39m [37m<-- POST /wd/hub/session/e06b02d1-ae6f-466f-a8a8-2c3e337f758b/touch/perform [39m[32m200[39m [90m190 ms - 14[39m
[35m[HTTP][39m [90m[39m
[35m[HTTP][39m [37m-->[39m [37mPOST[39m [37m/wd/hub/session/e06b02d1-ae6f-466f-a8a8-2c3e337f758b/timeouts[39m
[35m[HTTP][39m [90m{"implicit":50}[39m
[35m[HTTP][39m [37m<-- POST /wd/hub/session/e06b02d1-ae6f-466f-a8a8-2c3e337f758b/timeouts [39m[32m200[39m [90m2 ms - 14[39m
[35m[HTTP][39m [90m[39m
[35m[HTTP][39m [37m-->[39m [37mGET[39m [37m/wd/hub/session/e06b02d1-ae6f-466f-a8a8-2c3e337f758b/window/rect[39m
[35m[HTTP][39m [90m{}[39m
[35m[HTTP][39m [37m<-- GET /wd/hub/session/e06b02d1-ae6f-466f-a8a8-2c3e337f758b/window/rect [39m[32m200[39m [90m20 ms - 50[39m
[35m[HTTP][39m [90m[39m
[35m[HTTP][39m [37m-->[39m [37mPOST[39m [37m/wd/hub/session/e06b02d1-ae6f-466f-a8a8-2c3e337f758b/elements[39m
[35m[HTTP][39m [90m{"using":"xpath","value":"//hierarchy/android.widget.FrameLayout[1]/android.widget.LinearLayout[1]/android.widget.FrameLayout[1]/android.widget.LinearLayout[1]/android.widget.FrameLayout[1]/android.view.ViewGroup[1]/android.widget.ScrollView[1]/android.widget.LinearLayout[1]/android.widget.LinearLayout[1]/androidx.recyclerview.widget.RecyclerView[1]/android.widget.LinearLayout[2]/android.widget.ImageView[1]"}[39m
[35m[HTTP][39m [37m<-- POST /wd/hub/session/e06b02d1-ae6f-466f-a8a8-2c3e337f758b/elements [39m[32m200[39m [90m960 ms - 139[39m
[35m[HTTP][39m [90m[39m
[35m[HTTP][39m [37m-->[39m [37mGET[39m [37m/wd/hub/session/e06b02d1-ae6f-466f-a8a8-2c3e337f758b/element/00000000-0000-0048-ffff-ffff00000306/location[39m
[35m[HTTP][39m [90m{}[39m
[35m[W3C (e06b02d1)][39m Driver proxy active, passing request on via HTTP proxy
[35m[WD Proxy][39m Replacing sessionId 972edd47-d969-4f65-a554-d717289537b3 with e06b02d1-ae6f-466f-a8a8-2c3e337f758b
[35m[HTTP][39m [37m<-- GET /wd/hub/session/e06b02d1-ae6f-466f-a8a8-2c3e337f758b/element/00000000-0000-0048-ffff-ffff00000306/location [39m[32m200[39m [90m29 ms - 78[39m
[35m[HTTP][39m [90m[39m
[35m[HTTP][39m [37m-->[39m [37mPOST[39m [37m/wd/hub/session/e06b02d1-ae6f-466f-a8a8-2c3e337f758b/timeouts[39m
[35m[HTTP][39m [90m{"implicit":30000}[39m
[35m[HTTP][39m [37m<-- POST /wd/hub/session/e06b02d1-ae6f-466f-a8a8-2c3e337f758b/timeouts [39m[32m200[39m [90m2 ms - 14[39m
[35m[HTTP][39m [90m[39m
[35m[HTTP][39m [37m-->[39m [37mPOST[39m [37m/wd/hub/session/e06b02d1-ae6f-466f-a8a8-2c3e337f758b/touch/perform[39m
[35m[HTTP][39m [90m{"actions":[{"action":"tap","options":{"x":1,"y":1,"element":"00000000-0000-0048-ffff-ffff00000306"}},{"action":"release","options":{}}]}[39m
[35m[UiAutomator2][39m calling get location: 00000000-0000-0048-ffff-ffff00000306
[35m[HTTP][39m [37m<-- POST /wd/hub/session/e06b02d1-ae6f-466f-a8a8-2c3e337f758b/touch/perform [39m[32m200[39m [90m206 ms - 14[39m
[35m[HTTP][39m [90m[39m
[35m[HTTP][39m [37m-->[39m [37mPOST[39m [37m/wd/hub/session/e06b02d1-ae6f-466f-a8a8-2c3e337f758b/timeouts[39m
[35m[HTTP][39m [90m{"implicit":50}[39m
[35m[HTTP][39m [37m<-- POST /wd/hub/session/e06b02d1-ae6f-466f-a8a8-2c3e337f758b/timeouts [39m[32m200[39m [90m2 ms - 14[39m
[35m[HTTP][39m [90m[39m
[35m[HTTP][39m [37m-->[39m [37mGET[39m [37m/wd/hub/session/e06b02d1-ae6f-466f-a8a8-2c3e337f758b/window/rect[39m
[35m[HTTP][39m [90m{}[39m
[35m[HTTP][39m [37m<-- GET /wd/hub/session/e06b02d1-ae6f-466f-a8a8-2c3e337f758b/window/rect [39m[32m200[39m [90m30 ms - 50[39m
[35m[HTTP][39m [90m[39m
[35m[HTTP][39m [37m-->[39m [37mPOST[39m [37m/wd/hub/session/e06b02d1-ae6f-466f-a8a8-2c3e337f758b/elements[39m
[35m[HTTP][39m [90m{"using":"xpath","value":"//hierarchy/android.widget.FrameLayout[1]/android.widget.LinearLayout[1]/android.widget.FrameLayout[1]/android.widget.LinearLayout[1]/android.widget.FrameLayout[1]/android.view.ViewGroup[1]/androidx.viewpager.widget.ViewPager[1]/android.widget.FrameLayout[1]/android.view.ViewGroup[1]/androidx.recyclerview.widget.RecyclerView[1]/android.widget.LinearLayout[1]/android.widget.RelativeLayout[1]"}[39m
[35m[HTTP][39m [37m<-- POST /wd/hub/session/e06b02d1-ae6f-466f-a8a8-2c3e337f758b/elements [39m[32m200[39m [90m244 ms - 139[39m
[35m[HTTP][39m [90m[39m
[35m[HTTP][39m [37m-->[39m [37mGET[39m [37m/wd/hub/session/e06b02d1-ae6f-466f-a8a8-2c3e337f758b/element/00000000-0000-0049-ffff-ffff00000359/location[39m
[35m[HTTP][39m [90m{}[39m
[35m[W3C (e06b02d1)][39m Driver proxy active, passing request on via HTTP proxy
[35m[WD Proxy][39m Replacing sessionId 972edd47-d969-4f65-a554-d717289537b3 with e06b02d1-ae6f-466f-a8a8-2c3e337f758b
[35m[HTTP][39m [37m<-- GET /wd/hub/session/e06b02d1-ae6f-466f-a8a8-2c3e337f758b/element/00000000-0000-0049-ffff-ffff00000359/location [39m[32m200[39m [90m35 ms - 77[39m
[35m[HTTP][39m [90m[39m
[35m[HTTP][39m [37m-->[39m [37mPOST[39m [37m/wd/hub/session/e06b02d1-ae6f-466f-a8a8-2c3e337f758b/timeouts[39m
[35m[HTTP][39m [90m{"implicit":30000}[39m
[35m[HTTP][39m [37m<-- POST /wd/hub/session/e06b02d1-ae6f-466f-a8a8-2c3e337f758b/timeouts [39m[32m200[39m [90m2 ms - 14[39m
[35m[HTTP][39m [90m[39m
[35m[HTTP][39m [37m-->[39m [37mPOST[39m [37m/wd/hub/session/e06b02d1-ae6f-466f-a8a8-2c3e337f758b/touch/perform[39m
[35m[HTTP][39m [90m{"actions":[{"action":"tap","options":{"x":1,"y":1,"element":"00000000-0000-0049-ffff-ffff00000359"}},{"action":"release","options":{}}]}[39m
[35m[UiAutomator2][39m calling get location: 00000000-0000-0049-ffff-ffff00000359
[35m[HTTP][39m [37m<-- POST /wd/hub/session/e06b02d1-ae6f-466f-a8a8-2c3e337f758b/touch/perform [39m[32m200[39m [90m246 ms - 14[39m
[35m[HTTP][39m [90m[39m
[35m[HTTP][39m [37m-->[39m [37mGET[39m [37m/wd/hub/session/e06b02d1-ae6f-466f-a8a8-2c3e337f758b/context[39m
[35m[HTTP][39m [90m{}[39m
[35m[HTTP][39m [37m<-- GET /wd/hub/session/e06b02d1-ae6f-466f-a8a8-2c3e337f758b/context [39m[32m200[39m [90m3 ms - 22[39m
[35m[HTTP][39m [90m[39m
[35m[HTTP][39m [37m-->[39m [37mGET[39m [37m/wd/hub/session/e06b02d1-ae6f-466f-a8a8-2c3e337f758b/contexts[39m
[35m[HTTP][39m [90m{}[39m
[35m[HTTP][39m [37m<-- GET /wd/hub/session/e06b02d1-ae6f-466f-a8a8-2c3e337f758b/contexts [39m[32m200[39m [90m115 ms - 24[39m
[35m[HTTP][39m [90m[39m
[35m[HTTP][39m [37m-->[39m [37mPOST[39m [37m/wd/hub/session/e06b02d1-ae6f-466f-a8a8-2c3e337f758b/context[39m
[35m[HTTP][39m [90m{"name":"NATIVE_APP"}[39m
[35m[HTTP][39m [37m<-- POST /wd/hub/session/e06b02d1-ae6f-466f-a8a8-2c3e337f758b/context [39m[32m200[39m [90m1 ms - 14[39m
[35m[HTTP][39m [90m[39m
[35m[HTTP][39m [37m-->[39m [37mGET[39m [37m/wd/hub/session/e06b02d1-ae6f-466f-a8a8-2c3e337f758b/window/rect[39m
[35m[HTTP][39m [90m{}[39m
[35m[HTTP][39m [37m<-- GET /wd/hub/session/e06b02d1-ae6f-466f-a8a8-2c3e337f758b/window/rect [39m[32m200[39m [90m24 ms - 50[39m
[35m[HTTP][39m [90m[39m
[35m[HTTP][39m [37m-->[39m [37mPOST[39m [37m/wd/hub/session/e06b02d1-ae6f-466f-a8a8-2c3e337f758b/execute/sync[39m
[35m[HTTP][39m [90m{"script":"mobile: viewportScreenshot","args":[]}[39m
[35m[AndroidDriver][39m Executing native command 'mobile: viewportScreenshot'
[35m[HTTP][39m [37m<-- POST /wd/hub/session/e06b02d1-ae6f-466f-a8a8-2c3e337f758b/execute/sync [39m[32m200[39m [90m1357 ms - 253516[39m
[35m[HTTP][39m [90m[39m
[35m[HTTP][39m [37m-->[39m [37mPOST[39m [37m/wd/hub/session/e06b02d1-ae6f-466f-a8a8-2c3e337f758b/context[39m
[35m[HTTP][39m [90m{"name":"NATIVE_APP"}[39m
[35m[HTTP][39m [37m<-- POST /wd/hub/session/e06b02d1-ae6f-466f-a8a8-2c3e337f758b/context [39m[32m200[39m [90m2 ms - 14[39m
[35m[HTTP][39m [90m[39m
[35m[HTTP][39m [37m-->[39m [37mPOST[39m [37m/wd/hub/session/e06b02d1-ae6f-466f-a8a8-2c3e337f758b/timeouts[39m
[35m[HTTP][39m [90m{"implicit":50}[39m
[35m[HTTP][39m [37m<-- POST /wd/hub/session/e06b02d1-ae6f-466f-a8a8-2c3e337f758b/timeouts [39m[32m200[39m [90m2 ms - 14[39m
[35m[HTTP][39m [90m[39m
[35m[HTTP][39m [37m-->[39m [37mGET[39m [37m/wd/hub/session/e06b02d1-ae6f-466f-a8a8-2c3e337f758b/window/rect[39m
[35m[HTTP][39m [90m{}[39m
[35m[HTTP][39m [37m<-- GET /wd/hub/session/e06b02d1-ae6f-466f-a8a8-2c3e337f758b/window/rect [39m[32m200[39m [90m25 ms - 50[39m
[35m[HTTP][39m [90m[39m
[35m[HTTP][39m [37m-->[39m [37mPOST[39m [37m/wd/hub/session/e06b02d1-ae6f-466f-a8a8-2c3e337f758b/elements[39m
[35m[HTTP][39m [90m{"using":"xpath","value":"//hierarchy/android.widget.FrameLayout[1]/android.widget.LinearLayout[1]/android.widget.FrameLayout[1]/android.widget.LinearLayout[1]/android.widget.FrameLayout[1]/android.view.ViewGroup[1]/android.widget.ScrollView[1]/android.view.ViewGroup[1]/android.widget.LinearLayout[2]/androidx.recyclerview.widget.RecyclerView[1]/android.widget.LinearLayout[2]/android.widget.RelativeLayout[1]/android.widget.LinearLayout[1]/android.widget.CheckBox[1]"}[39m
[35m[HTTP][39m [37m<-- POST /wd/hub/session/e06b02d1-ae6f-466f-a8a8-2c3e337f758b/elements [39m[32m200[39m [90m567 ms - 139[39m
[35m[HTTP][39m [90m[39m
[35m[HTTP][39m [37m-->[39m [37mGET[39m [37m/wd/hub/session/e06b02d1-ae6f-466f-a8a8-2c3e337f758b/element/00000000-0000-004a-ffff-ffff000003b5/location[39m
[35m[HTTP][39m [90m{}[39m
[35m[W3C (e06b02d1)][39m Driver proxy active, passing request on via HTTP proxy
[35m[WD Proxy][39m Replacing sessionId 972edd47-d969-4f65-a554-d717289537b3 with e06b02d1-ae6f-466f-a8a8-2c3e337f758b
[35m[HTTP][39m [37m<-- GET /wd/hub/session/e06b02d1-ae6f-466f-a8a8-2c3e337f758b/element/00000000-0000-004a-ffff-ffff000003b5/location [39m[32m200[39m [90m33 ms - 77[39m
[35m[HTTP][39m [90m[39m
[35m[HTTP][39m [37m-->[39m [37mPOST[39m [37m/wd/hub/session/e06b02d1-ae6f-466f-a8a8-2c3e337f758b/timeouts[39m
[35m[HTTP][39m [90m{"implicit":30000}[39m
[35m[HTTP][39m [37m<-- POST /wd/hub/session/e06b02d1-ae6f-466f-a8a8-2c3e337f758b/timeouts [39m[32m200[39m [90m2 ms - 14[39m
[35m[HTTP][39m [90m[39m
[35m[HTTP][39m [37m-->[39m [37mPOST[39m [37m/wd/hub/session/e06b02d1-ae6f-466f-a8a8-2c3e337f758b/touch/perform[39m
[35m[HTTP][39m [90m{"actions":[{"action":"tap","options":{"x":1,"y":1,"element":"00000000-0000-004a-ffff-ffff000003b5"}},{"action":"release","options":{}}]}[39m
[35m[UiAutomator2][39m calling get location: 00000000-0000-004a-ffff-ffff000003b5
[35m[HTTP][39m [37m<-- POST /wd/hub/session/e06b02d1-ae6f-466f-a8a8-2c3e337f758b/touch/perform [39m[32m200[39m [90m214 ms - 14[39m
[35m[HTTP][39m [90m[39m
[35m[HTTP][39m [37m-->[39m [37mGET[39m [37m/wd/hub/session/e06b02d1-ae6f-466f-a8a8-2c3e337f758b/context[39m
[35m[HTTP][39m [90m{}[39m
[35m[HTTP][39m [37m<-- GET /wd/hub/session/e06b02d1-ae6f-466f-a8a8-2c3e337f758b/context [39m[32m200[39m [90m3 ms - 22[39m
[35m[HTTP][39m [90m[39m
[35m[HTTP][39m [37m-->[39m [37mGET[39m [37m/wd/hub/session/e06b02d1-ae6f-466f-a8a8-2c3e337f758b/contexts[39m
[35m[HTTP][39m [90m{}[39m
[35m[HTTP][39m [37m<-- GET /wd/hub/session/e06b02d1-ae6f-466f-a8a8-2c3e337f758b/contexts [39m[32m200[39m [90m132 ms - 24[39m
[35m[HTTP][39m [90m[39m
[35m[HTTP][39m [37m-->[39m [37mPOST[39m [37m/wd/hub/session/e06b02d1-ae6f-466f-a8a8-2c3e337f758b/context[39m
[35m[HTTP][39m [90m{"name":"NATIVE_APP"}[39m
[35m[HTTP][39m [37m<-- POST /wd/hub/session/e06b02d1-ae6f-466f-a8a8-2c3e337f758b/context [39m[32m200[39m [90m3 ms - 14[39m
[35m[HTTP][39m [90m[39m
[35m[HTTP][39m [37m-->[39m [37mGET[39m [37m/wd/hub/session/e06b02d1-ae6f-466f-a8a8-2c3e337f758b/window/rect[39m
[35m[HTTP][39m [90m{}[39m
[35m[HTTP][39m [37m<-- GET /wd/hub/session/e06b02d1-ae6f-466f-a8a8-2c3e337f758b/window/rect [39m[32m200[39m [90m27 ms - 50[39m
[35m[HTTP][39m [90m[39m
[35m[HTTP][39m [37m-->[39m [37mPOST[39m [37m/wd/hub/session/e06b02d1-ae6f-466f-a8a8-2c3e337f758b/execute/sync[39m
[35m[HTTP][39m [90m{"script":"mobile: viewportScreenshot","args":[]}[39m
[35m[AndroidDriver][39m Executing native command 'mobile: viewportScreenshot'
[35m[HTTP][39m [37m<-- POST /wd/hub/session/e06b02d1-ae6f-466f-a8a8-2c3e337f758b/execute/sync [39m[32m200[39m [90m1484 ms - 253624[39m
[35m[HTTP][39m [90m[39m
[35m[HTTP][39m [37m-->[39m [37mPOST[39m [37m/wd/hub/session/e06b02d1-ae6f-466f-a8a8-2c3e337f758b/context[39m
[35m[HTTP][39m [90m{"name":"NATIVE_APP"}[39m
[35m[HTTP][39m [37m<-- POST /wd/hub/session/e06b02d1-ae6f-466f-a8a8-2c3e337f758b/context [39m[32m200[39m [90m2 ms - 14[39m
[35m[HTTP][39m [90m[39m
[35m[HTTP][39m [37m-->[39m [37mGET[39m [37m/wd/hub/session/e06b02d1-ae6f-466f-a8a8-2c3e337f758b/window/rect[39m
[35m[HTTP][39m [90m{}[39m
[35m[HTTP][39m [37m<-- GET /wd/hub/session/e06b02d1-ae6f-466f-a8a8-2c3e337f758b/window/rect [39m[32m200[39m [90m29 ms - 50[39m
[35m[HTTP][39m [90m[39m
[35m[HTTP][39m [37m-->[39m [37mPOST[39m [37m/wd/hub/session/e06b02d1-ae6f-466f-a8a8-2c3e337f758b/elements[39m
[35m[HTTP][39m [90m{"using":"xpath","value":"//*[@class = 'android.widget.Button' and (@text = 'Lanjutkan >' or . = 'Lanjutkan >') and @resource-id = 'com.vq.mbrochuregp.client.android:id/btn_upgrade_asuransi_list_detail_next']"}[39m
[35m[HTTP][39m [37m<-- POST /wd/hub/session/e06b02d1-ae6f-466f-a8a8-2c3e337f758b/elements [39m[32m200[39m [90m648 ms - 139[39m
[35m[HTTP][39m [90m[39m
[35m[HTTP][39m [37m-->[39m [37mGET[39m [37m/wd/hub/session/e06b02d1-ae6f-466f-a8a8-2c3e337f758b/element/00000000-0000-004a-ffff-ffff000003a0/location[39m
[35m[HTTP][39m [90m{}[39m
[35m[W3C (e06b02d1)][39m Driver proxy active, passing request on via HTTP proxy
[35m[WD Proxy][39m Replacing sessionId 972edd47-d969-4f65-a554-d717289537b3 with e06b02d1-ae6f-466f-a8a8-2c3e337f758b
[35m[HTTP][39m [37m<-- GET /wd/hub/session/e06b02d1-ae6f-466f-a8a8-2c3e337f758b/element/00000000-0000-004a-ffff-ffff000003a0/location [39m[32m200[39m [90m29 ms - 78[39m
[35m[HTTP][39m [90m[39m
[35m[HTTP][39m [37m-->[39m [37mPOST[39m [37m/wd/hub/session/e06b02d1-ae6f-466f-a8a8-2c3e337f758b/element/00000000-0000-004a-ffff-ffff000003a0/click[39m
[35m[HTTP][39m [90m{"id":"00000000-0000-004a-ffff-ffff000003a0"}[39m
[35m[HTTP][39m [37m<-- POST /wd/hub/session/e06b02d1-ae6f-466f-a8a8-2c3e337f758b/element/00000000-0000-004a-ffff-ffff000003a0/click [39m[32m200[39m [90m67 ms - 14[39m
[35m[HTTP][39m [90m[39m
