<?xml version="1.0" encoding="UTF-8" standalone="no"?>
<!DOCTYPE log SYSTEM "logger.dtd">
<log>
<record>
  <date>2022-06-22T14:48:17</date>
  <millis>1655884097079</millis>
  <sequence>0</sequence>
  <level>START</level>
  <class>com.kms.katalon.core.logging.XmlKeywordLogger</class>
  <method>startSuite</method>
  <thread>1</thread>
  <message>Start Test Suite : Test Suites/FINA - API Payment</message>
  <nestedLevel>0</nestedLevel>
  <escapedJava>false</escapedJava>
  <property name="rerunTestFailImmediately">true</property>
  <property name="retryCount">3</property>
  <property name="name">FINA - API Payment</property>
  <property name="description"></property>
  <property name="id">Test Suites/FINA - API Payment</property>
</record>
<record>
  <date>2022-06-22T14:48:17</date>
  <millis>1655884097103</millis>
  <sequence>1</sequence>
  <level>RUN_DATA</level>
  <class>com.kms.katalon.core.logging.XmlKeywordLogger</class>
  <method>logMessage</method>
  <thread>1</thread>
  <message>hostName = Nia Yusniati - Apandi</message>
  <nestedLevel>0</nestedLevel>
  <escapedJava>false</escapedJava>
  <property name="hostName">Nia Yusniati - Apandi</property>
</record>
<record>
  <date>2022-06-22T14:48:17</date>
  <millis>1655884097104</millis>
  <sequence>2</sequence>
  <level>RUN_DATA</level>
  <class>com.kms.katalon.core.logging.XmlKeywordLogger</class>
  <method>logMessage</method>
  <thread>1</thread>
  <message>os = Windows 10 64bit</message>
  <nestedLevel>0</nestedLevel>
  <escapedJava>false</escapedJava>
  <property name="os">Windows 10 64bit</property>
</record>
<record>
  <date>2022-06-22T14:48:17</date>
  <millis>1655884097105</millis>
  <sequence>3</sequence>
  <level>RUN_DATA</level>
  <class>com.kms.katalon.core.logging.XmlKeywordLogger</class>
  <method>logMessage</method>
  <thread>1</thread>
  <message>hostAddress = 10.10.6.22</message>
  <nestedLevel>0</nestedLevel>
  <escapedJava>false</escapedJava>
  <property name="hostAddress">10.10.6.22</property>
</record>
<record>
  <date>2022-06-22T14:48:17</date>
  <millis>1655884097108</millis>
  <sequence>4</sequence>
  <level>RUN_DATA</level>
  <class>com.kms.katalon.core.logging.XmlKeywordLogger</class>
  <method>logMessage</method>
  <thread>1</thread>
  <message>katalonVersion = 8.1.0.208</message>
  <nestedLevel>0</nestedLevel>
  <escapedJava>false</escapedJava>
  <property name="katalonVersion">8.1.0.208</property>
</record>
<record>
  <date>2022-06-22T14:48:18</date>
  <millis>1655884098134</millis>
  <sequence>5</sequence>
  <level>START</level>
  <class>com.kms.katalon.core.logging.XmlKeywordLogger</class>
  <method>startTest</method>
  <thread>1</thread>
  <message>Start Test Case : Test Cases/DMS_FINA_API/FINA_Payment_VA</message>
  <nestedLevel>1</nestedLevel>
  <escapedJava>false</escapedJava>
  <property name="remainingRetryCount">3</property>
  <property name="name">Test Cases/DMS_FINA_API/FINA_Payment_VA</property>
  <property name="description"></property>
  <property name="id">Test Cases/DMS_FINA_API/FINA_Payment_VA</property>
  <property name="source">C:\Users\Nia Yusniati\Git_Asa\katalon-fina\Test Cases\DMS_FINA_API\FINA_Payment_VA.tc</property>
  <property name="tag"></property>
  <property name="isOptional">false</property>
  <property name="currentRetryCount">0</property>
</record>
<record>
  <date>2022-06-22T14:48:18</date>
  <millis>1655884098199</millis>
  <sequence>7</sequence>
  <level>INFO</level>
  <class>com.kms.katalon.core.logging.XmlKeywordLogger</class>
  <method>logMessage</method>
  <thread>1</thread>
  <message>c_code = 55000</message>
  <nestedLevel>1</nestedLevel>
  <escapedJava>false</escapedJava>
</record>
<record>
  <date>2022-06-22T14:48:18</date>
  <millis>1655884098206</millis>
  <sequence>8</sequence>
  <level>INFO</level>
  <class>com.kms.katalon.core.logging.XmlKeywordLogger</class>
  <method>logMessage</method>
  <thread>1</thread>
  <message>cust_no = 220600061</message>
  <nestedLevel>1</nestedLevel>
  <escapedJava>false</escapedJava>
</record>
<record>
  <date>2022-06-22T14:48:18</date>
  <millis>1655884098208</millis>
  <sequence>9</sequence>
  <level>INFO</level>
  <class>com.kms.katalon.core.logging.XmlKeywordLogger</class>
  <method>logMessage</method>
  <thread>1</thread>
  <message>req_id = 9940011285001-1</message>
  <nestedLevel>1</nestedLevel>
  <escapedJava>false</escapedJava>
</record>
<record>
  <date>2022-06-22T14:48:18</date>
  <millis>1655884098209</millis>
  <sequence>10</sequence>
  <level>INFO</level>
  <class>com.kms.katalon.core.logging.XmlKeywordLogger</class>
  <method>logMessage</method>
  <thread>1</thread>
  <message>channel_type = 6015</message>
  <nestedLevel>1</nestedLevel>
  <escapedJava>false</escapedJava>
</record>
<record>
  <date>2022-06-22T14:48:18</date>
  <millis>1655884098210</millis>
  <sequence>11</sequence>
  <level>INFO</level>
  <class>com.kms.katalon.core.logging.XmlKeywordLogger</class>
  <method>logMessage</method>
  <thread>1</thread>
  <message>cust_name = RIZAL</message>
  <nestedLevel>1</nestedLevel>
  <escapedJava>false</escapedJava>
</record>
<record>
  <date>2022-06-22T14:48:18</date>
  <millis>1655884098213</millis>
  <sequence>12</sequence>
  <level>INFO</level>
  <class>com.kms.katalon.core.logging.XmlKeywordLogger</class>
  <method>logMessage</method>
  <thread>1</thread>
  <message>paid_amount = 304000</message>
  <nestedLevel>1</nestedLevel>
  <escapedJava>false</escapedJava>
</record>
<record>
  <date>2022-06-22T14:48:18</date>
  <millis>1655884098214</millis>
  <sequence>13</sequence>
  <level>INFO</level>
  <class>com.kms.katalon.core.logging.XmlKeywordLogger</class>
  <method>logMessage</method>
  <thread>1</thread>
  <message>total_amount = 304000</message>
  <nestedLevel>1</nestedLevel>
  <escapedJava>false</escapedJava>
</record>
<record>
  <date>2022-06-22T14:48:18</date>
  <millis>1655884098215</millis>
  <sequence>14</sequence>
  <level>INFO</level>
  <class>com.kms.katalon.core.logging.XmlKeywordLogger</class>
  <method>logMessage</method>
  <thread>1</thread>
  <message>trans_date = 22/06/2022 15:00:07</message>
  <nestedLevel>1</nestedLevel>
  <escapedJava>false</escapedJava>
</record>
<record>
  <date>2022-06-22T14:48:18</date>
  <millis>1655884098216</millis>
  <sequence>15</sequence>
  <level>INFO</level>
  <class>com.kms.katalon.core.logging.XmlKeywordLogger</class>
  <method>logMessage</method>
  <thread>1</thread>
  <message>ref = 20220617001</message>
  <nestedLevel>1</nestedLevel>
  <escapedJava>false</escapedJava>
</record>
<record>
  <date>2022-06-22T14:48:18</date>
  <millis>1655884098216</millis>
  <sequence>16</sequence>
  <level>INFO</level>
  <class>com.kms.katalon.core.logging.XmlKeywordLogger</class>
  <method>logMessage</method>
  <thread>1</thread>
  <message>no = 2</message>
  <nestedLevel>1</nestedLevel>
  <escapedJava>false</escapedJava>
</record>
<record>
  <date>2022-06-22T14:48:19</date>
  <millis>1655884099335</millis>
  <sequence>17</sequence>
  <level>START</level>
  <class>com.kms.katalon.core.logging.XmlKeywordLogger</class>
  <method>startKeyword</method>
  <thread>1</thread>
  <message>Start action : payment = sendRequest(findTestObject(&amp;quot;DMS_FINA_API/Payment VA&amp;quot;, [&amp;quot;c_code&amp;quot;:c_code, &amp;quot;cust_no&amp;quot;:cust_no, &amp;quot;req_id&amp;quot;:req_id, &amp;quot;channel_type&amp;quot;:channel_type, &amp;quot;cust_name&amp;quot;:cust_name, &amp;quot;paid_amount&amp;quot;:paid_amount, ... ]))</message>
  <nestedLevel>1</nestedLevel>
  <escapedJava>false</escapedJava>
  <property name="startLine">22</property>
  <property name="stepIndex">1</property>
  <property name="description">call service payment VA</property>
</record>
<record>
  <date>2022-06-22T14:48:23</date>
  <millis>1655884103552</millis>
  <sequence>20</sequence>
  <level>INFO</level>
  <class>com.kms.katalon.core.logging.XmlKeywordLogger</class>
  <method>logMessage</method>
  <thread>1</thread>
  <message>HAR: C:\Users\Nia Yusniati\Git_Asa\katalon-fina\Reports\20220622_144554\FINA - API Payment\20220622_144554\requests\main\0.har</message>
  <nestedLevel>1</nestedLevel>
  <escapedJava>false</escapedJava>
  <property name="harId">dfd27408-202e-4a2d-86a7-9aa6f464b24e</property>
</record>
<record>
  <date>2022-06-22T14:48:23</date>
  <millis>1655884103705</millis>
  <sequence>21</sequence>
  <level>PASSED</level>
  <class>com.kms.katalon.core.logging.XmlKeywordLogger</class>
  <method>logMessage</method>
  <thread>1</thread>
  <message>Send request successfully</message>
  <nestedLevel>1</nestedLevel>
  <escapedJava>false</escapedJava>
  <property name="testops-method-name">com.kms.katalon.core.webservice.keyword.builtin.SendRequestKeyword.sendRequest</property>
  <property name="testops-execution-stacktrace"></property>
</record>
<record>
  <date>2022-06-22T14:48:23</date>
  <millis>1655884103706</millis>
  <sequence>22</sequence>
  <level>END</level>
  <class>com.kms.katalon.core.logging.XmlKeywordLogger</class>
  <method>endKeyword</method>
  <thread>1</thread>
  <message>End action : payment = sendRequest(findTestObject(&amp;quot;DMS_FINA_API/Payment VA&amp;quot;, [&amp;quot;c_code&amp;quot;:c_code, &amp;quot;cust_no&amp;quot;:cust_no, &amp;quot;req_id&amp;quot;:req_id, &amp;quot;channel_type&amp;quot;:channel_type, &amp;quot;cust_name&amp;quot;:cust_name, &amp;quot;paid_amount&amp;quot;:paid_amount, ... ]))</message>
  <nestedLevel>1</nestedLevel>
  <escapedJava>false</escapedJava>
</record>
<record>
  <date>2022-06-22T14:48:23</date>
  <millis>1655884103708</millis>
  <sequence>23</sequence>
  <level>START</level>
  <class>com.kms.katalon.core.logging.XmlKeywordLogger</class>
  <method>startKeyword</method>
  <thread>1</thread>
  <message>Start action : response = payment.getResponseText()</message>
  <nestedLevel>1</nestedLevel>
  <escapedJava>false</escapedJava>
  <property name="startLine">27</property>
  <property name="stepIndex">2</property>
  <property name="description">show response to report in test suite</property>
</record>
<record>
  <date>2022-06-22T14:48:23</date>
  <millis>1655884103734</millis>
  <sequence>24</sequence>
  <level>END</level>
  <class>com.kms.katalon.core.logging.XmlKeywordLogger</class>
  <method>endKeyword</method>
  <thread>1</thread>
  <message>End action : response = payment.getResponseText()</message>
  <nestedLevel>1</nestedLevel>
  <escapedJava>false</escapedJava>
</record>
<record>
  <date>2022-06-22T14:48:23</date>
  <millis>1655884103735</millis>
  <sequence>25</sequence>
  <level>START</level>
  <class>com.kms.katalon.core.logging.XmlKeywordLogger</class>
  <method>startKeyword</method>
  <thread>1</thread>
  <message>Start action : markPassed(&amp;quot;result payment data ke : &amp;quot; + no)</message>
  <nestedLevel>1</nestedLevel>
  <escapedJava>false</escapedJava>
  <property name="startLine">29</property>
  <property name="stepIndex">3</property>
</record>
<record>
  <date>2022-06-22T14:48:23</date>
  <millis>1655884103757</millis>
  <sequence>27</sequence>
  <level>PASSED</level>
  <class>com.kms.katalon.core.logging.XmlKeywordLogger</class>
  <method>logMessage</method>
  <thread>1</thread>
  <message>result payment data ke : 2</message>
  <nestedLevel>1</nestedLevel>
  <escapedJava>false</escapedJava>
  <property name="testops-execution-stacktrace">com.kms.katalon.core.logging.KeywordLogger.logPassed(KeywordLogger.java:330)
com.kms.katalon.core.logging.KeywordLogger.logPassed(KeywordLogger.java:324)
com.kms.katalon.core.util.KeywordUtil.markPassed(KeywordUtil.java:55)
com.kms.katalon.core.util.KeywordUtil$markPassed.call(Unknown Source)
FINA_Payment_VA.run(FINA_Payment_VA:29)
</property>
</record>
<record>
  <date>2022-06-22T14:48:23</date>
  <millis>1655884103758</millis>
  <sequence>28</sequence>
  <level>END</level>
  <class>com.kms.katalon.core.logging.XmlKeywordLogger</class>
  <method>endKeyword</method>
  <thread>1</thread>
  <message>End action : markPassed(&amp;quot;result payment data ke : &amp;quot; + no)</message>
  <nestedLevel>1</nestedLevel>
  <escapedJava>false</escapedJava>
</record>
<record>
  <date>2022-06-22T14:48:23</date>
  <millis>1655884103759</millis>
  <sequence>29</sequence>
  <level>START</level>
  <class>com.kms.katalon.core.logging.XmlKeywordLogger</class>
  <method>startKeyword</method>
  <thread>1</thread>
  <message>Start action : logInfo($response)</message>
  <nestedLevel>1</nestedLevel>
  <escapedJava>false</escapedJava>
  <property name="startLine">31</property>
  <property name="stepIndex">4</property>
</record>
<record>
  <date>2022-06-22T14:48:23</date>
  <millis>1655884103809</millis>
  <sequence>30</sequence>
  <level>INFO</level>
  <class>com.kms.katalon.core.logging.XmlKeywordLogger</class>
  <method>logMessage</method>
  <thread>1</thread>
  <message>{
  &amp;quot;CompanyCode&amp;quot; : &amp;quot;55000&amp;quot;,
  &amp;quot;CustomerNumber&amp;quot; : &amp;quot;220600061&amp;quot;,
  &amp;quot;RequestID&amp;quot; : &amp;quot;9940011285001-1&amp;quot;,
  &amp;quot;PaymentFlagStatus&amp;quot; : &amp;quot;00&amp;quot;,
  &amp;quot;PaymentFlagReason&amp;quot; : {
    &amp;quot;Indonesian&amp;quot; : &amp;quot;Sukses&amp;quot;,
    &amp;quot;English&amp;quot; : &amp;quot;Success&amp;quot;
  },
  &amp;quot;CustomerName&amp;quot; : &amp;quot;RIZAL&amp;quot;,
  &amp;quot;CurrencyCode&amp;quot; : &amp;quot;IDR&amp;quot;,
  &amp;quot;PaidAmount&amp;quot; : &amp;quot;304000.00&amp;quot;,
  &amp;quot;TotalAmount&amp;quot; : &amp;quot;304000.00&amp;quot;,
  &amp;quot;TransactionDate&amp;quot; : &amp;quot;22/06/2022 15:00:07&amp;quot;,
  &amp;quot;DetailBills&amp;quot; : null,
  &amp;quot;FreeTexts&amp;quot; : [ {
    &amp;quot;Indonesian&amp;quot; : &amp;quot;Upgrade Asuransi&amp;quot;,
    &amp;quot;English&amp;quot; : &amp;quot;Insurance Upgrade&amp;quot;
  } ],
  &amp;quot;AdditionalData&amp;quot; : &amp;quot;&amp;quot;
}</message>
  <nestedLevel>1</nestedLevel>
  <escapedJava>false</escapedJava>
</record>
<record>
  <date>2022-06-22T14:48:23</date>
  <millis>1655884103810</millis>
  <sequence>31</sequence>
  <level>END</level>
  <class>com.kms.katalon.core.logging.XmlKeywordLogger</class>
  <method>endKeyword</method>
  <thread>1</thread>
  <message>End action : logInfo($response)</message>
  <nestedLevel>1</nestedLevel>
  <escapedJava>false</escapedJava>
</record>
<record>
  <date>2022-06-22T14:48:23</date>
  <millis>1655884103812</millis>
  <sequence>32</sequence>
  <level>PASSED</level>
  <class>com.kms.katalon.core.logging.XmlKeywordLogger</class>
  <method>logMessage</method>
  <thread>1</thread>
  <message>Test Cases/DMS_FINA_API/FINA_Payment_VA</message>
  <nestedLevel>1</nestedLevel>
  <escapedJava>false</escapedJava>
</record>
<record>
  <date>2022-06-22T14:48:23</date>
  <millis>1655884103814</millis>
  <sequence>33</sequence>
  <level>END</level>
  <class>com.kms.katalon.core.logging.XmlKeywordLogger</class>
  <method>endTest</method>
  <thread>1</thread>
  <message>End Test Case : Test Cases/DMS_FINA_API/FINA_Payment_VA</message>
  <nestedLevel>0</nestedLevel>
  <escapedJava>false</escapedJava>
  <property name="remainingRetryCount">3</property>
  <property name="currentRetryCount">0</property>
  <property name="keywordsUsage">{
  &quot;web_ui&quot;: false,
  &quot;web_service&quot;: true,
  &quot;cucumber&quot;: false,
  &quot;builtin&quot;: false,
  &quot;mobile&quot;: false,
  &quot;windows&quot;: false,
  &quot;testng&quot;: false
}</property>
</record>
<record>
  <date>2022-06-22T14:48:23</date>
  <millis>1655884103818</millis>
  <sequence>34</sequence>
  <level>START</level>
  <class>com.kms.katalon.core.logging.XmlKeywordLogger</class>
  <method>startKeyword</method>
  <thread>1</thread>
  <message>Start listener action : exportKatalonReports</message>
  <nestedLevel>0</nestedLevel>
  <escapedJava>false</escapedJava>
</record>
<record>
  <date>2022-06-22T14:48:24</date>
  <millis>1655884104317</millis>
  <sequence>98</sequence>
  <level>INFO</level>
  <class>com.kms.katalon.core.logging.XmlKeywordLogger</class>
  <method>logMessage</method>
  <thread>1</thread>
  <message>Start generating HTML report folder at: C:\Users\Nia Yusniati\Git_Asa\katalon-fina\Reports\20220622_144554\FINA - API Payment\20220622_144554...</message>
  <nestedLevel>0</nestedLevel>
  <escapedJava>false</escapedJava>
</record>
<record>
  <date>2022-06-22T14:48:24</date>
  <millis>1655884104392</millis>
  <sequence>99</sequence>
  <level>INFO</level>
  <class>com.kms.katalon.core.logging.XmlKeywordLogger</class>
  <method>logMessage</method>
  <thread>1</thread>
  <message>HTML report generated</message>
  <nestedLevel>0</nestedLevel>
  <escapedJava>false</escapedJava>
</record>
<record>
  <date>2022-06-22T14:48:24</date>
  <millis>1655884104395</millis>
  <sequence>100</sequence>
  <level>INFO</level>
  <class>com.kms.katalon.core.logging.XmlKeywordLogger</class>
  <method>logMessage</method>
  <thread>1</thread>
  <message>Start generating CSV report folder at: C:\Users\Nia Yusniati\Git_Asa\katalon-fina\Reports\20220622_144554\FINA - API Payment\20220622_144554...</message>
  <nestedLevel>0</nestedLevel>
  <escapedJava>false</escapedJava>
</record>
<record>
  <date>2022-06-22T14:48:24</date>
  <millis>1655884104425</millis>
  <sequence>101</sequence>
  <level>INFO</level>
  <class>com.kms.katalon.core.logging.XmlKeywordLogger</class>
  <method>logMessage</method>
  <thread>1</thread>
  <message>CSV report generated</message>
  <nestedLevel>0</nestedLevel>
  <escapedJava>false</escapedJava>
</record>
<record>
  <date>2022-06-22T14:48:24</date>
  <millis>1655884104487</millis>
  <sequence>103</sequence>
  <level>END</level>
  <class>com.kms.katalon.core.logging.XmlKeywordLogger</class>
  <method>endKeyword</method>
  <thread>1</thread>
  <message>End listener action : exportKatalonReports</message>
  <nestedLevel>0</nestedLevel>
  <escapedJava>false</escapedJava>
</record>
<record>
  <date>2022-06-22T14:48:24</date>
  <millis>1655884104577</millis>
  <sequence>104</sequence>
  <level>END</level>
  <class>com.kms.katalon.core.logging.XmlKeywordLogger</class>
  <method>endSuite</method>
  <thread>1</thread>
  <message>End Test Suite : Test Suites/FINA - API Payment</message>
  <nestedLevel>0</nestedLevel>
  <escapedJava>false</escapedJava>
</record>
</log>
<?xml version="1.0" encoding="UTF-8" standalone="no"?>
<!DOCTYPE log SYSTEM "logger.dtd">
<log>
<record>
  <date>2022-06-27T11:36:32</date>
  <millis>1656304592185</millis>
  <sequence>3881</sequence>
  <level>INFO</level>
  <class>com.kms.katalon.core.logging.XmlKeywordLogger</class>
  <method>logMessage</method>
  <thread>1</thread>
  <message>Finding test data with id &amp;apos;Data Files/DMS_FINA_Payment VA&amp;apos;</message>
  <nestedLevel>0</nestedLevel>
  <escapedJava>false</escapedJava>
</record>
<record>
  <date>2022-06-27T11:36:32</date>
  <millis>1656304592218</millis>
  <sequence>3882</sequence>
  <level>INFO</level>
  <class>com.kms.katalon.core.logging.XmlKeywordLogger</class>
  <method>logMessage</method>
  <thread>1</thread>
  <message>Test data is excel file, reading excel file</message>
  <nestedLevel>0</nestedLevel>
  <escapedJava>false</escapedJava>
</record>
<record>
  <date>2022-06-27T11:36:32</date>
  <millis>1656304592219</millis>
  <sequence>3883</sequence>
  <level>INFO</level>
  <class>com.kms.katalon.core.logging.XmlKeywordLogger</class>
  <method>logMessage</method>
  <thread>1</thread>
  <message>Reading excel file with source file &amp;apos;C:\Users\Nia Yusniati\Git_Asa\katalon-fina\Excel\Paid Fina Matriks.xlsx&amp;apos; and sheet name &amp;apos;Aswata Cycle 2&amp;apos;</message>
  <nestedLevel>0</nestedLevel>
  <escapedJava>false</escapedJava>
</record>
<record>
  <date>2022-06-27T11:36:50</date>
  <millis>1656304610524</millis>
  <sequence>3884</sequence>
  <level>INFO</level>
  <class>com.kms.katalon.core.logging.XmlKeywordLogger</class>
  <method>logMessage</method>
  <thread>174</thread>
  <message>Finding test data with id &amp;apos;Data Files/DMS_FINA_Payment VA&amp;apos;</message>
  <nestedLevel>0</nestedLevel>
  <escapedJava>false</escapedJava>
</record>
<record>
  <date>2022-06-27T11:36:50</date>
  <millis>1656304610527</millis>
  <sequence>3885</sequence>
  <level>INFO</level>
  <class>com.kms.katalon.core.logging.XmlKeywordLogger</class>
  <method>logMessage</method>
  <thread>174</thread>
  <message>Test data is excel file, reading excel file</message>
  <nestedLevel>0</nestedLevel>
  <escapedJava>false</escapedJava>
</record>
<record>
  <date>2022-06-27T11:36:50</date>
  <millis>1656304610528</millis>
  <sequence>3886</sequence>
  <level>INFO</level>
  <class>com.kms.katalon.core.logging.XmlKeywordLogger</class>
  <method>logMessage</method>
  <thread>174</thread>
  <message>Reading excel file with source file &amp;apos;C:\Users\Nia Yusniati\Git_Asa\katalon-fina\Excel\Paid Fina Matriks.xlsx&amp;apos; and sheet name &amp;apos;Aswata Cycle 2&amp;apos;</message>
  <nestedLevel>0</nestedLevel>
  <escapedJava>false</escapedJava>
</record>
