[35m[Appium][39m Welcome to Appium v1.22.2
[35m[Appium][39m Non-default server args:
[35m[Appium][39m   port: 54265
[35m[Appium][39m   loglevel: info
[35m[Appium][39m   tmpDir: C:\Users\NIAYUS~1\AppData\Local\Temp\\Katalon\Appium\Temp1655347112363
[35m[Appium][39m   chromedriverPort: 54266
[35m[Appium][39m Deprecated server args:
[35m[Appium][39m   [31m--chromedriver-port[39m => --default-capabilities
[35m[Appium][39m Default capabilities, which will be added to each request unless overridden by desired capabilities:
[35m[Appium][39m   chromedriverPort: 54266
[35m[Appium][39m Appium REST http interface listener started on 0.0.0.0:54265
[35m[HTTP][39m [37m-->[39m [37mGET[39m [37m/wd/hub/status[39m
[35m[HTTP][39m [90m{}[39m
[35m[HTTP][39m [37m<-- GET /wd/hub/status [39m[32m200[39m [90m16 ms - 68[39m
[35m[HTTP][39m [90m[39m
[35m[HTTP][39m [37m-->[39m [37mPOST[39m [37m/wd/hub/session[39m
[35m[HTTP][39m [90m{"desiredCapabilities":{"appActivity":".Settings","appPackage":"com.android.settings","newCommandTimeout":1800,"platformVersion":"11","automationName":"uiautomator2","autoGrantPermissions":true,"platformName":"Android","udid":"RR8N605F11Y","deviceName":"samsung SM-M315F (Android 11)","platform":"ANDROID","systemPort":8219},"capabilities":{"firstMatch":[{"appium:appActivity":".Settings","appium:appPackage":"com.android.settings","appium:autoGrantPermissions":true,"appium:automationName":"uiautomator2","appium:deviceName":"samsung SM-M315F (Android 11)","appium:newCommandTimeout":1800,"platform":"ANDROID","platformName":"android","appium:platformVersion":"11","appium:systemPort":8219,"appium:udid":"RR8N605F11Y"}]}}[39m
[35m[BaseDriver][39m The following capabilities are not standard capabilities and should have an extension prefix:
[35m[BaseDriver][39m   platform
[35m[BaseDriver][39m   chromedriverPort
[35m[Appium][39m Appium v1.22.2 creating new AndroidUiautomator2Driver (v1.70.1) session
[35m[BaseDriver][39m The following capabilities were provided, but are not recognized by Appium:
[35m[BaseDriver][39m   platform
[35m[BaseDriver][39m Session created with session id: 94389976-063e-494c-8871-a53b8a676c6b
[35m[UiAutomator2][39m Starting 'com.android.settings' directly on the device
[35m[ADB][39m Cannot sort build-tools folders ["29.0.3","android-8.1.0"] by semantic version names.
[35m[ADB][39m Falling back to sorting by modification date. Original error: Invalid Version: android-8.1.0
[35m[ADB][39m Found 2 'build-tools' folders under 'C:\Users\Nia Yusniati\.katalon\tools\android_sdk' (newest first):
[35m[ADB][39m     C:/Users/Nia Yusniati/.katalon/tools/android_sdk/build-tools/29.0.3
[35m[ADB][39m     C:/Users/Nia Yusniati/.katalon/tools/android_sdk/build-tools/android-8.1.0
[35m[ADB][39m Using 'adb.exe' from 'C:\Users\Nia Yusniati\.katalon\tools\android_sdk\platform-tools\adb.exe'
[35m[AndroidDriver][39m Retrieving device list
[35m[AndroidDriver][39m Using device: RR8N605F11Y
[35m[ADB][39m Using 'adb.exe' from 'C:\Users\Nia Yusniati\.katalon\tools\android_sdk\platform-tools\adb.exe'
[35m[ADB][39m Getting device platform version
[35m[UiAutomator2][39m Relaxing hidden api policy
[35m[AndroidDriver][39m No app sent in, not parsing package/activity
[35m[ADB][39m Using 'apksigner.jar' from 'C:\Users\Nia Yusniati\.katalon\tools\android_sdk\build-tools\29.0.3\lib\apksigner.jar'
[35m[ADB][39m 'C:\Users\Nia Yusniati\AppData\Roaming\npm\node_modules\appium\node_modules\appium-uiautomator2-server\apks\appium-uiautomator2-server-v4.27.0.apk' is signed with the default certificate
[35m[ADB][39m 'C:\Users\Nia Yusniati\AppData\Roaming\npm\node_modules\appium\node_modules\appium-uiautomator2-server\apks\appium-uiautomator2-server-debug-androidTest.apk' is signed with the default certificate
[35m[UiAutomator2][39m Server packages are not going to be (re)installed
[35m[ADB][39m Adding packages ["io.appium.settings","io.appium.uiautomator2.server","io.appium.uiautomator2.server.test"] to Doze whitelist
[35m[UiAutomator2][39m Starting UIAutomator2 server 4.27.0
[35m[UiAutomator2][39m Using UIAutomator2 server from 'C:\Users\Nia Yusniati\AppData\Roaming\npm\node_modules\appium\node_modules\appium-uiautomator2-server\apks\appium-uiautomator2-server-v4.27.0.apk' and test from 'C:\Users\Nia Yusniati\AppData\Roaming\npm\node_modules\appium\node_modules\appium-uiautomator2-server\apks\appium-uiautomator2-server-debug-androidTest.apk'
[35m[UiAutomator2][39m Waiting up to 30000ms for UiAutomator2 to be online...
[35m[WD Proxy][39m socket hang up
[35m[WD Proxy][39m socket hang up
[35m[WD Proxy][39m socket hang up
[35m[WD Proxy][39m Determined the downstream protocol as 'W3C'
[35m[AndroidDriver][39m Screen already unlocked, doing nothing
[35m[UiAutomator2][39m Starting 'com.android.settings/.Settings and waiting for 'com.android.settings/.Settings'
[35m[Appium][39m New AndroidUiautomator2Driver session created successfully, session 94389976-063e-494c-8871-a53b8a676c6b added to master session list
[35m[HTTP][39m [37m<-- POST /wd/hub/session [39m[32m200[39m [90m10329 ms - 1158[39m
[35m[HTTP][39m [90m[39m
[35m[HTTP][39m [37m-->[39m [37mGET[39m [37m/wd/hub/session/94389976-063e-494c-8871-a53b8a676c6b[39m
[35m[HTTP][39m [90m{}[39m
[35m[HTTP][39m [37m<-- GET /wd/hub/session/94389976-063e-494c-8871-a53b8a676c6b [39m[32m200[39m [90m13 ms - 1112[39m
[35m[HTTP][39m [90m[39m
[35m[HTTP][39m [37m-->[39m [37mGET[39m [37m/wd/hub/session/94389976-063e-494c-8871-a53b8a676c6b[39m
[35m[HTTP][39m [90m{}[39m
[35m[HTTP][39m [37m<-- GET /wd/hub/session/94389976-063e-494c-8871-a53b8a676c6b [39m[32m200[39m [90m12 ms - 1112[39m
[35m[HTTP][39m [90m[39m
[35m[HTTP][39m [37m-->[39m [37mGET[39m [37m/wd/hub/status[39m
[35m[HTTP][39m [90m{}[39m
[35m[HTTP][39m [37m<-- GET /wd/hub/status [39m[32m200[39m [90m2 ms - 68[39m
[35m[HTTP][39m [90m[39m
[35m[HTTP][39m [37m-->[39m [37mPOST[39m [37m/wd/hub/session/94389976-063e-494c-8871-a53b8a676c6b/timeouts[39m
[35m[HTTP][39m [90m{"implicit":30000}[39m
[35m[HTTP][39m [37m<-- POST /wd/hub/session/94389976-063e-494c-8871-a53b8a676c6b/timeouts [39m[32m200[39m [90m4 ms - 14[39m
[35m[HTTP][39m [90m[39m
[35m[HTTP][39m [37m-->[39m [37mGET[39m [37m/wd/hub/session/94389976-063e-494c-8871-a53b8a676c6b/screenshot[39m
[35m[HTTP][39m [90m{}[39m
[35m[HTTP][39m [37m<-- GET /wd/hub/session/94389976-063e-494c-8871-a53b8a676c6b/screenshot [39m[32m200[39m [90m526 ms - 222092[39m
[35m[HTTP][39m [90m[39m
[35m[HTTP][39m [37m-->[39m [37mGET[39m [37m/wd/hub/session/94389976-063e-494c-8871-a53b8a676c6b/window/rect[39m
[35m[HTTP][39m [90m{}[39m
[35m[HTTP][39m [37m<-- GET /wd/hub/session/94389976-063e-494c-8871-a53b8a676c6b/window/rect [39m[32m200[39m [90m20 ms - 50[39m
[35m[HTTP][39m [90m[39m
[35m[HTTP][39m [37m-->[39m [37mGET[39m [37m/wd/hub/session/94389976-063e-494c-8871-a53b8a676c6b/appium/device/system_bars[39m
[35m[HTTP][39m [90m{}[39m
[35m[HTTP][39m [37m<-- GET /wd/hub/session/94389976-063e-494c-8871-a53b8a676c6b/appium/device/system_bars [39m[32m200[39m [90m125 ms - 148[39m
[35m[HTTP][39m [90m[39m
[35m[HTTP][39m [37m-->[39m [37mPOST[39m [37m/wd/hub/session/94389976-063e-494c-8871-a53b8a676c6b/appium/device/activate_app[39m
[35m[HTTP][39m [90m{"bundleId":"com.vq.mbrochuregp.client.android"}[39m
[35m[HTTP][39m [37m<-- POST /wd/hub/session/94389976-063e-494c-8871-a53b8a676c6b/appium/device/activate_app [39m[32m200[39m [90m543 ms - 14[39m
[35m[HTTP][39m [90m[39m
[35m[HTTP][39m [37m-->[39m [37mGET[39m [37m/wd/hub/session/94389976-063e-494c-8871-a53b8a676c6b/window/rect[39m
[35m[HTTP][39m [90m{}[39m
[35m[HTTP][39m [37m<-- GET /wd/hub/session/94389976-063e-494c-8871-a53b8a676c6b/window/rect [39m[32m200[39m [90m22 ms - 50[39m
[35m[HTTP][39m [90m[39m
[35m[HTTP][39m [37m-->[39m [37mPOST[39m [37m/wd/hub/session/94389976-063e-494c-8871-a53b8a676c6b/elements[39m
[35m[HTTP][39m [90m{"using":"xpath","value":"//*[@resource-id = 'com.vq.mbrochuregp.client.android:id/iv_home_profil_icon' and @package = 'com.vq.mbrochuregp.client.android']"}[39m
[35m[HTTP][39m [37m<-- POST /wd/hub/session/94389976-063e-494c-8871-a53b8a676c6b/elements [39m[32m200[39m [90m2374 ms - 139[39m
[35m[HTTP][39m [90m[39m
[35m[HTTP][39m [37m-->[39m [37mGET[39m [37m/wd/hub/session/94389976-063e-494c-8871-a53b8a676c6b/element/00000000-0000-0661-ffff-ffff00002d8e/location[39m
[35m[HTTP][39m [90m{}[39m
[35m[W3C (94389976)][39m Driver proxy active, passing request on via HTTP proxy
[35m[WD Proxy][39m Replacing sessionId 592b8723-ae76-471b-ab0d-6365769309d2 with 94389976-063e-494c-8871-a53b8a676c6b
[35m[HTTP][39m [37m<-- GET /wd/hub/session/94389976-063e-494c-8871-a53b8a676c6b/element/00000000-0000-0661-ffff-ffff00002d8e/location [39m[32m200[39m [90m984 ms - 79[39m
[35m[HTTP][39m [90m[39m
[35m[HTTP][39m [37m-->[39m [37mPOST[39m [37m/wd/hub/session/94389976-063e-494c-8871-a53b8a676c6b/element/00000000-0000-0661-ffff-ffff00002d8e/click[39m
[35m[HTTP][39m [90m{"id":"00000000-0000-0661-ffff-ffff00002d8e"}[39m
[35m[HTTP][39m [37m<-- POST /wd/hub/session/94389976-063e-494c-8871-a53b8a676c6b/element/00000000-0000-0661-ffff-ffff00002d8e/click [39m[32m200[39m [90m73 ms - 14[39m
[35m[HTTP][39m [90m[39m
[35m[HTTP][39m [37m-->[39m [37mPOST[39m [37m/wd/hub/session/94389976-063e-494c-8871-a53b8a676c6b/timeouts[39m
[35m[HTTP][39m [90m{"implicit":50}[39m
[35m[HTTP][39m [37m<-- POST /wd/hub/session/94389976-063e-494c-8871-a53b8a676c6b/timeouts [39m[32m200[39m [90m2 ms - 14[39m
[35m[HTTP][39m [90m[39m
[35m[HTTP][39m [37m-->[39m [37mGET[39m [37m/wd/hub/session/94389976-063e-494c-8871-a53b8a676c6b/window/rect[39m
[35m[HTTP][39m [90m{}[39m
[35m[HTTP][39m [37m<-- GET /wd/hub/session/94389976-063e-494c-8871-a53b8a676c6b/window/rect [39m[32m200[39m [90m20 ms - 50[39m
[35m[HTTP][39m [90m[39m
[35m[HTTP][39m [37m-->[39m [37mPOST[39m [37m/wd/hub/session/94389976-063e-494c-8871-a53b8a676c6b/elements[39m
[35m[HTTP][39m [90m{"using":"xpath","value":"//hierarchy/android.widget.FrameLayout[1]/android.widget.LinearLayout[1]/android.widget.FrameLayout[1]/android.widget.LinearLayout[1]/android.widget.FrameLayout[1]/android.view.ViewGroup[1]/android.widget.ScrollView[1]/android.widget.LinearLayout[1]/android.view.ViewGroup[1]/android.widget.LinearLayout[1]/android.widget.FrameLayout[1]/android.widget.EditText[1]"}[39m
[35m[HTTP][39m [37m<-- POST /wd/hub/session/94389976-063e-494c-8871-a53b8a676c6b/elements [39m[32m200[39m [90m483 ms - 139[39m
[35m[HTTP][39m [90m[39m
[35m[HTTP][39m [37m-->[39m [37mGET[39m [37m/wd/hub/session/94389976-063e-494c-8871-a53b8a676c6b/element/00000000-0000-0681-ffff-ffff00002e44/location[39m
[35m[HTTP][39m [90m{}[39m
[35m[W3C (94389976)][39m Driver proxy active, passing request on via HTTP proxy
[35m[WD Proxy][39m Replacing sessionId 592b8723-ae76-471b-ab0d-6365769309d2 with 94389976-063e-494c-8871-a53b8a676c6b
[35m[HTTP][39m [37m<-- GET /wd/hub/session/94389976-063e-494c-8871-a53b8a676c6b/element/00000000-0000-0681-ffff-ffff00002e44/location [39m[32m200[39m [90m56 ms - 77[39m
[35m[HTTP][39m [90m[39m
[35m[HTTP][39m [37m-->[39m [37mPOST[39m [37m/wd/hub/session/94389976-063e-494c-8871-a53b8a676c6b/timeouts[39m
[35m[HTTP][39m [90m{"implicit":30000}[39m
[35m[HTTP][39m [37m<-- POST /wd/hub/session/94389976-063e-494c-8871-a53b8a676c6b/timeouts [39m[32m200[39m [90m2 ms - 14[39m
[35m[HTTP][39m [90m[39m
[35m[HTTP][39m [37m-->[39m [37mPOST[39m [37m/wd/hub/session/94389976-063e-494c-8871-a53b8a676c6b/element/00000000-0000-0681-ffff-ffff00002e44/clear[39m
[35m[HTTP][39m [90m{"id":"00000000-0000-0681-ffff-ffff00002e44"}[39m
[35m[HTTP][39m [37m<-- POST /wd/hub/session/94389976-063e-494c-8871-a53b8a676c6b/element/00000000-0000-0681-ffff-ffff00002e44/clear [39m[32m200[39m [90m65 ms - 14[39m
[35m[HTTP][39m [90m[39m
[35m[HTTP][39m [37m-->[39m [37mPOST[39m [37m/wd/hub/session/94389976-063e-494c-8871-a53b8a676c6b/element/00000000-0000-0681-ffff-ffff00002e44/value[39m
[35m[HTTP][39m [90m{"id":"00000000-0000-0681-ffff-ffff00002e44","text":"zemi@mailinator.com","value":["z","e","m","i","@","m","a","i","l","i","n","a","t","o","r",".","c","o","m"]}[39m
[35m[HTTP][39m [37m<-- POST /wd/hub/session/94389976-063e-494c-8871-a53b8a676c6b/element/00000000-0000-0681-ffff-ffff00002e44/value [39m[32m200[39m [90m513 ms - 14[39m
[35m[HTTP][39m [90m[39m
[35m[HTTP][39m [37m-->[39m [37mPOST[39m [37m/wd/hub/session/94389976-063e-494c-8871-a53b8a676c6b/timeouts[39m
[35m[HTTP][39m [90m{"implicit":50}[39m
[35m[HTTP][39m [37m<-- POST /wd/hub/session/94389976-063e-494c-8871-a53b8a676c6b/timeouts [39m[32m200[39m [90m2 ms - 14[39m
[35m[HTTP][39m [90m[39m
[35m[HTTP][39m [37m-->[39m [37mGET[39m [37m/wd/hub/session/94389976-063e-494c-8871-a53b8a676c6b/window/rect[39m
[35m[HTTP][39m [90m{}[39m
[35m[HTTP][39m [37m<-- GET /wd/hub/session/94389976-063e-494c-8871-a53b8a676c6b/window/rect [39m[32m200[39m [90m18 ms - 50[39m
[35m[HTTP][39m [90m[39m
[35m[HTTP][39m [37m-->[39m [37mPOST[39m [37m/wd/hub/session/94389976-063e-494c-8871-a53b8a676c6b/elements[39m
[35m[HTTP][39m [90m{"using":"xpath","value":"//hierarchy/android.widget.FrameLayout[1]/android.widget.LinearLayout[1]/android.widget.FrameLayout[1]/android.widget.LinearLayout[1]/android.widget.FrameLayout[1]/android.view.ViewGroup[1]/android.widget.ScrollView[1]/android.widget.LinearLayout[1]/android.view.ViewGroup[1]/android.widget.LinearLayout[2]/android.widget.FrameLayout[1]/android.widget.EditText[1]"}[39m
[35m[HTTP][39m [37m<-- POST /wd/hub/session/94389976-063e-494c-8871-a53b8a676c6b/elements [39m[32m200[39m [90m605 ms - 139[39m
[35m[HTTP][39m [90m[39m
[35m[HTTP][39m [37m-->[39m [37mGET[39m [37m/wd/hub/session/94389976-063e-494c-8871-a53b8a676c6b/element/00000000-0000-0681-ffff-ffff00002e48/location[39m
[35m[HTTP][39m [90m{}[39m
[35m[W3C (94389976)][39m Driver proxy active, passing request on via HTTP proxy
[35m[WD Proxy][39m Replacing sessionId 592b8723-ae76-471b-ab0d-6365769309d2 with 94389976-063e-494c-8871-a53b8a676c6b
[35m[HTTP][39m [37m<-- GET /wd/hub/session/94389976-063e-494c-8871-a53b8a676c6b/element/00000000-0000-0681-ffff-ffff00002e48/location [39m[32m200[39m [90m31 ms - 78[39m
[35m[HTTP][39m [90m[39m
[35m[HTTP][39m [37m-->[39m [37mPOST[39m [37m/wd/hub/session/94389976-063e-494c-8871-a53b8a676c6b/timeouts[39m
[35m[HTTP][39m [90m{"implicit":30000}[39m
[35m[HTTP][39m [37m<-- POST /wd/hub/session/94389976-063e-494c-8871-a53b8a676c6b/timeouts [39m[32m200[39m [90m2 ms - 14[39m
[35m[HTTP][39m [90m[39m
[35m[HTTP][39m [37m-->[39m [37mPOST[39m [37m/wd/hub/session/94389976-063e-494c-8871-a53b8a676c6b/element/00000000-0000-0681-ffff-ffff00002e48/clear[39m
[35m[HTTP][39m [90m{"id":"00000000-0000-0681-ffff-ffff00002e48"}[39m
[35m[HTTP][39m [37m<-- POST /wd/hub/session/94389976-063e-494c-8871-a53b8a676c6b/element/00000000-0000-0681-ffff-ffff00002e48/clear [39m[32m200[39m [90m25 ms - 14[39m
[35m[HTTP][39m [90m[39m
[35m[HTTP][39m [37m-->[39m [37mPOST[39m [37m/wd/hub/session/94389976-063e-494c-8871-a53b8a676c6b/element/00000000-0000-0681-ffff-ffff00002e48/value[39m
[35m[HTTP][39m [90m{"id":"00000000-0000-0681-ffff-ffff00002e48","text":"123abc","value":["1","2","3","a","b","c"]}[39m
[35m[HTTP][39m [37m<-- POST /wd/hub/session/94389976-063e-494c-8871-a53b8a676c6b/element/00000000-0000-0681-ffff-ffff00002e48/value [39m[32m200[39m [90m505 ms - 14[39m
[35m[HTTP][39m [90m[39m
[35m[HTTP][39m [37m-->[39m [37mGET[39m [37m/wd/hub/session/94389976-063e-494c-8871-a53b8a676c6b/context[39m
[35m[HTTP][39m [90m{}[39m
[35m[HTTP][39m [37m<-- GET /wd/hub/session/94389976-063e-494c-8871-a53b8a676c6b/context [39m[32m200[39m [90m1 ms - 22[39m
[35m[HTTP][39m [90m[39m
[35m[HTTP][39m [37m-->[39m [37mGET[39m [37m/wd/hub/session/94389976-063e-494c-8871-a53b8a676c6b/contexts[39m
[35m[HTTP][39m [90m{}[39m
[35m[HTTP][39m [37m<-- GET /wd/hub/session/94389976-063e-494c-8871-a53b8a676c6b/contexts [39m[32m200[39m [90m78 ms - 24[39m
[35m[HTTP][39m [90m[39m
[35m[HTTP][39m [37m-->[39m [37mPOST[39m [37m/wd/hub/session/94389976-063e-494c-8871-a53b8a676c6b/context[39m
[35m[HTTP][39m [90m{"name":"NATIVE_APP"}[39m
[35m[HTTP][39m [37m<-- POST /wd/hub/session/94389976-063e-494c-8871-a53b8a676c6b/context [39m[32m200[39m [90m3 ms - 14[39m
[35m[HTTP][39m [90m[39m
[35m[HTTP][39m [37m-->[39m [37mGET[39m [37m/wd/hub/session/94389976-063e-494c-8871-a53b8a676c6b/window/rect[39m
[35m[HTTP][39m [90m{}[39m
[35m[HTTP][39m [37m<-- GET /wd/hub/session/94389976-063e-494c-8871-a53b8a676c6b/window/rect [39m[32m200[39m [90m27 ms - 50[39m
[35m[HTTP][39m [90m[39m
[35m[HTTP][39m [37m-->[39m [37mPOST[39m [37m/wd/hub/session/94389976-063e-494c-8871-a53b8a676c6b/execute/sync[39m
[35m[HTTP][39m [90m{"script":"mobile: viewportScreenshot","args":[]}[39m
[35m[AndroidDriver][39m Executing native command 'mobile: viewportScreenshot'
[35m[HTTP][39m [37m<-- POST /wd/hub/session/94389976-063e-494c-8871-a53b8a676c6b/execute/sync [39m[32m200[39m [90m1430 ms - 153376[39m
[35m[HTTP][39m [90m[39m
[35m[HTTP][39m [37m-->[39m [37mPOST[39m [37m/wd/hub/session/94389976-063e-494c-8871-a53b8a676c6b/context[39m
[35m[HTTP][39m [90m{"name":"NATIVE_APP"}[39m
[35m[HTTP][39m [37m<-- POST /wd/hub/session/94389976-063e-494c-8871-a53b8a676c6b/context [39m[32m200[39m [90m2 ms - 14[39m
[35m[HTTP][39m [90m[39m
[35m[HTTP][39m [37m-->[39m [37mPOST[39m [37m/wd/hub/session/94389976-063e-494c-8871-a53b8a676c6b/timeouts[39m
[35m[HTTP][39m [90m{"implicit":50}[39m
[35m[HTTP][39m [37m<-- POST /wd/hub/session/94389976-063e-494c-8871-a53b8a676c6b/timeouts [39m[32m200[39m [90m1 ms - 14[39m
[35m[HTTP][39m [90m[39m
[35m[HTTP][39m [37m-->[39m [37mGET[39m [37m/wd/hub/session/94389976-063e-494c-8871-a53b8a676c6b/window/rect[39m
[35m[HTTP][39m [90m{}[39m
[35m[HTTP][39m [37m<-- GET /wd/hub/session/94389976-063e-494c-8871-a53b8a676c6b/window/rect [39m[32m200[39m [90m30 ms - 50[39m
[35m[HTTP][39m [90m[39m
[35m[HTTP][39m [37m-->[39m [37mPOST[39m [37m/wd/hub/session/94389976-063e-494c-8871-a53b8a676c6b/elements[39m
[35m[HTTP][39m [90m{"using":"xpath","value":"//hierarchy/android.widget.FrameLayout[1]/android.widget.LinearLayout[1]/android.widget.FrameLayout[1]/android.widget.LinearLayout[1]/android.widget.FrameLayout[1]/android.view.ViewGroup[1]/android.widget.ScrollView[1]/android.widget.LinearLayout[1]/android.view.ViewGroup[1]/android.widget.Button[1]"}[39m
[35m[HTTP][39m [37m<-- POST /wd/hub/session/94389976-063e-494c-8871-a53b8a676c6b/elements [39m[32m200[39m [90m205 ms - 139[39m
[35m[HTTP][39m [90m[39m
[35m[HTTP][39m [37m-->[39m [37mGET[39m [37m/wd/hub/session/94389976-063e-494c-8871-a53b8a676c6b/element/00000000-0000-0681-ffff-ffff00002e4b/location[39m
[35m[HTTP][39m [90m{}[39m
[35m[W3C (94389976)][39m Driver proxy active, passing request on via HTTP proxy
[35m[WD Proxy][39m Replacing sessionId 592b8723-ae76-471b-ab0d-6365769309d2 with 94389976-063e-494c-8871-a53b8a676c6b
[35m[HTTP][39m [37m<-- GET /wd/hub/session/94389976-063e-494c-8871-a53b8a676c6b/element/00000000-0000-0681-ffff-ffff00002e4b/location [39m[32m200[39m [90m31 ms - 78[39m
[35m[HTTP][39m [90m[39m
[35m[HTTP][39m [37m-->[39m [37mPOST[39m [37m/wd/hub/session/94389976-063e-494c-8871-a53b8a676c6b/timeouts[39m
[35m[HTTP][39m [90m{"implicit":30000}[39m
[35m[HTTP][39m [37m<-- POST /wd/hub/session/94389976-063e-494c-8871-a53b8a676c6b/timeouts [39m[32m200[39m [90m2 ms - 14[39m
[35m[HTTP][39m [90m[39m
[35m[HTTP][39m [37m-->[39m [37mPOST[39m [37m/wd/hub/session/94389976-063e-494c-8871-a53b8a676c6b/touch/perform[39m
[35m[HTTP][39m [90m{"actions":[{"action":"tap","options":{"x":1,"y":1,"element":"00000000-0000-0681-ffff-ffff00002e4b"}},{"action":"release","options":{}}]}[39m
[35m[UiAutomator2][39m calling get location: 00000000-0000-0681-ffff-ffff00002e4b
[35m[HTTP][39m [37m<-- POST /wd/hub/session/94389976-063e-494c-8871-a53b8a676c6b/touch/perform [39m[32m200[39m [90m224 ms - 14[39m
[35m[HTTP][39m [90m[39m
[35m[HTTP][39m [37m-->[39m [37mGET[39m [37m/wd/hub/session/94389976-063e-494c-8871-a53b8a676c6b/context[39m
[35m[HTTP][39m [90m{}[39m
[35m[HTTP][39m [37m<-- GET /wd/hub/session/94389976-063e-494c-8871-a53b8a676c6b/context [39m[32m200[39m [90m1 ms - 22[39m
[35m[HTTP][39m [90m[39m
[35m[HTTP][39m [37m-->[39m [37mGET[39m [37m/wd/hub/session/94389976-063e-494c-8871-a53b8a676c6b/contexts[39m
[35m[HTTP][39m [90m{}[39m
[35m[HTTP][39m [37m<-- GET /wd/hub/session/94389976-063e-494c-8871-a53b8a676c6b/contexts [39m[32m200[39m [90m102 ms - 24[39m
[35m[HTTP][39m [90m[39m
[35m[HTTP][39m [37m-->[39m [37mPOST[39m [37m/wd/hub/session/94389976-063e-494c-8871-a53b8a676c6b/context[39m
[35m[HTTP][39m [90m{"name":"NATIVE_APP"}[39m
[35m[HTTP][39m [37m<-- POST /wd/hub/session/94389976-063e-494c-8871-a53b8a676c6b/context [39m[32m200[39m [90m1 ms - 14[39m
[35m[HTTP][39m [90m[39m
[35m[HTTP][39m [37m-->[39m [37mPOST[39m [37m/wd/hub/session/94389976-063e-494c-8871-a53b8a676c6b/element[39m
[35m[HTTP][39m [90m{"using":"-android uiautomator","value":"new UiScrollable(new UiSelector().scrollable(true).instance(0)).scrollIntoView(new UiSelector().textContains(\"Suku Bunga\"))"}[39m
[35m[HTTP][39m [37m<-- POST /wd/hub/session/94389976-063e-494c-8871-a53b8a676c6b/element [39m[32m200[39m [90m9155 ms - 137[39m
[35m[HTTP][39m [90m[39m
[35m[HTTP][39m [37m-->[39m [37mPOST[39m [37m/wd/hub/session/94389976-063e-494c-8871-a53b8a676c6b/context[39m
[35m[HTTP][39m [90m{"name":"NATIVE_APP"}[39m
[35m[HTTP][39m [37m<-- POST /wd/hub/session/94389976-063e-494c-8871-a53b8a676c6b/context [39m[32m200[39m [90m2 ms - 14[39m
[35m[HTTP][39m [90m[39m
[35m[HTTP][39m [37m-->[39m [37mGET[39m [37m/wd/hub/session/94389976-063e-494c-8871-a53b8a676c6b/window/rect[39m
[35m[HTTP][39m [90m{}[39m
[35m[HTTP][39m [37m<-- GET /wd/hub/session/94389976-063e-494c-8871-a53b8a676c6b/window/rect [39m[32m200[39m [90m22 ms - 50[39m
[35m[HTTP][39m [90m[39m
[35m[HTTP][39m [37m-->[39m [37mPOST[39m [37m/wd/hub/session/94389976-063e-494c-8871-a53b8a676c6b/elements[39m
[35m[HTTP][39m [90m{"using":"xpath","value":"//*[@resource-id = 'com.vq.mbrochuregp.client.android:id/iv_home_profil_icon' and @package = 'com.vq.mbrochuregp.client.android']"}[39m
[35m[HTTP][39m [37m<-- POST /wd/hub/session/94389976-063e-494c-8871-a53b8a676c6b/elements [39m[32m200[39m [90m467 ms - 139[39m
[35m[HTTP][39m [90m[39m
[35m[HTTP][39m [37m-->[39m [37mGET[39m [37m/wd/hub/session/94389976-063e-494c-8871-a53b8a676c6b/element/00000000-0000-0683-ffff-ffff00002ea5/location[39m
[35m[HTTP][39m [90m{}[39m
[35m[W3C (94389976)][39m Driver proxy active, passing request on via HTTP proxy
[35m[WD Proxy][39m Replacing sessionId 592b8723-ae76-471b-ab0d-6365769309d2 with 94389976-063e-494c-8871-a53b8a676c6b
[35m[HTTP][39m [37m<-- GET /wd/hub/session/94389976-063e-494c-8871-a53b8a676c6b/element/00000000-0000-0683-ffff-ffff00002ea5/location [39m[32m200[39m [90m27 ms - 79[39m
[35m[HTTP][39m [90m[39m
[35m[HTTP][39m [37m-->[39m [37mPOST[39m [37m/wd/hub/session/94389976-063e-494c-8871-a53b8a676c6b/element/00000000-0000-0683-ffff-ffff00002ea5/click[39m
[35m[HTTP][39m [90m{"id":"00000000-0000-0683-ffff-ffff00002ea5"}[39m
[35m[HTTP][39m [37m<-- POST /wd/hub/session/94389976-063e-494c-8871-a53b8a676c6b/element/00000000-0000-0683-ffff-ffff00002ea5/click [39m[32m200[39m [90m60 ms - 14[39m
[35m[HTTP][39m [90m[39m
[35m[HTTP][39m [37m-->[39m [37mGET[39m [37m/wd/hub/session/94389976-063e-494c-8871-a53b8a676c6b/context[39m
[35m[HTTP][39m [90m{}[39m
[35m[HTTP][39m [37m<-- GET /wd/hub/session/94389976-063e-494c-8871-a53b8a676c6b/context [39m[32m200[39m [90m3 ms - 22[39m
[35m[HTTP][39m [90m[39m
[35m[HTTP][39m [37m-->[39m [37mGET[39m [37m/wd/hub/session/94389976-063e-494c-8871-a53b8a676c6b/contexts[39m
[35m[HTTP][39m [90m{}[39m
[35m[HTTP][39m [37m<-- GET /wd/hub/session/94389976-063e-494c-8871-a53b8a676c6b/contexts [39m[32m200[39m [90m127 ms - 24[39m
[35m[HTTP][39m [90m[39m
[35m[HTTP][39m [37m-->[39m [37mPOST[39m [37m/wd/hub/session/94389976-063e-494c-8871-a53b8a676c6b/context[39m
[35m[HTTP][39m [90m{"name":"NATIVE_APP"}[39m
[35m[HTTP][39m [37m<-- POST /wd/hub/session/94389976-063e-494c-8871-a53b8a676c6b/context [39m[32m200[39m [90m2 ms - 14[39m
[35m[HTTP][39m [90m[39m
[35m[HTTP][39m [37m-->[39m [37mGET[39m [37m/wd/hub/session/94389976-063e-494c-8871-a53b8a676c6b/window/rect[39m
[35m[HTTP][39m [90m{}[39m
[35m[HTTP][39m [37m<-- GET /wd/hub/session/94389976-063e-494c-8871-a53b8a676c6b/window/rect [39m[32m200[39m [90m27 ms - 50[39m
[35m[HTTP][39m [90m[39m
[35m[HTTP][39m [37m-->[39m [37mPOST[39m [37m/wd/hub/session/94389976-063e-494c-8871-a53b8a676c6b/execute/sync[39m
[35m[HTTP][39m [90m{"script":"mobile: viewportScreenshot","args":[]}[39m
[35m[AndroidDriver][39m Executing native command 'mobile: viewportScreenshot'
[35m[HTTP][39m [37m<-- POST /wd/hub/session/94389976-063e-494c-8871-a53b8a676c6b/execute/sync [39m[32m200[39m [90m1412 ms - 258280[39m
[35m[HTTP][39m [90m[39m
[35m[HTTP][39m [37m-->[39m [37mPOST[39m [37m/wd/hub/session/94389976-063e-494c-8871-a53b8a676c6b/context[39m
[35m[HTTP][39m [90m{"name":"NATIVE_APP"}[39m
[35m[HTTP][39m [37m<-- POST /wd/hub/session/94389976-063e-494c-8871-a53b8a676c6b/context [39m[32m200[39m [90m2 ms - 14[39m
[35m[HTTP][39m [90m[39m
[35m[HTTP][39m [37m-->[39m [37mGET[39m [37m/wd/hub/session/94389976-063e-494c-8871-a53b8a676c6b/window/rect[39m
[35m[HTTP][39m [90m{}[39m
[35m[HTTP][39m [37m<-- GET /wd/hub/session/94389976-063e-494c-8871-a53b8a676c6b/window/rect [39m[32m200[39m [90m25 ms - 50[39m
[35m[HTTP][39m [90m[39m
[35m[HTTP][39m [37m-->[39m [37mPOST[39m [37m/wd/hub/session/94389976-063e-494c-8871-a53b8a676c6b/elements[39m
[35m[HTTP][39m [90m{"using":"xpath","value":"//*[@class = 'android.widget.ImageView' and @resource-id = 'com.vq.mbrochuregp.client.android:id/iv_home_icon' and (@text = '' or . = '')]"}[39m
[35m[HTTP][39m [37m<-- POST /wd/hub/session/94389976-063e-494c-8871-a53b8a676c6b/elements [39m[32m200[39m [90m408 ms - 139[39m
[35m[HTTP][39m [90m[39m
[35m[HTTP][39m [37m-->[39m [37mGET[39m [37m/wd/hub/session/94389976-063e-494c-8871-a53b8a676c6b/element/00000000-0000-0685-ffff-ffff00002f19/location[39m
[35m[HTTP][39m [90m{}[39m
[35m[W3C (94389976)][39m Driver proxy active, passing request on via HTTP proxy
[35m[WD Proxy][39m Replacing sessionId 592b8723-ae76-471b-ab0d-6365769309d2 with 94389976-063e-494c-8871-a53b8a676c6b
[35m[HTTP][39m [37m<-- GET /wd/hub/session/94389976-063e-494c-8871-a53b8a676c6b/element/00000000-0000-0685-ffff-ffff00002f19/location [39m[32m200[39m [90m29 ms - 78[39m
[35m[HTTP][39m [90m[39m
[35m[HTTP][39m [37m-->[39m [37mPOST[39m [37m/wd/hub/session/94389976-063e-494c-8871-a53b8a676c6b/element/00000000-0000-0685-ffff-ffff00002f19/click[39m
[35m[HTTP][39m [90m{"id":"00000000-0000-0685-ffff-ffff00002f19"}[39m
[35m[HTTP][39m [37m<-- POST /wd/hub/session/94389976-063e-494c-8871-a53b8a676c6b/element/00000000-0000-0685-ffff-ffff00002f19/click [39m[32m200[39m [90m51 ms - 14[39m
[35m[HTTP][39m [90m[39m
[35m[HTTP][39m [37m-->[39m [37mGET[39m [37m/wd/hub/status[39m
[35m[HTTP][39m [90m{}[39m
[35m[HTTP][39m [37m<-- GET /wd/hub/status [39m[32m200[39m [90m1 ms - 68[39m
[35m[HTTP][39m [90m[39m
[35m[HTTP][39m [37m-->[39m [37mPOST[39m [37m/wd/hub/session[39m
[35m[HTTP][39m [90m{"desiredCapabilities":{"appActivity":".Settings","appPackage":"com.android.settings","newCommandTimeout":1800,"platformVersion":"11","automationName":"uiautomator2","autoGrantPermissions":true,"platformName":"Android","udid":"RR8N605F11Y","deviceName":"samsung SM-M315F (Android 11)","platform":"ANDROID","systemPort":8223},"capabilities":{"firstMatch":[{"appium:appActivity":".Settings","appium:appPackage":"com.android.settings","appium:autoGrantPermissions":true,"appium:automationName":"uiautomator2","appium:deviceName":"samsung SM-M315F (Android 11)","appium:newCommandTimeout":1800,"platform":"ANDROID","platformName":"android","appium:platformVersion":"11","appium:systemPort":8223,"appium:udid":"RR8N605F11Y"}]}}[39m
[35m[BaseDriver][39m The following capabilities are not standard capabilities and should have an extension prefix:
[35m[BaseDriver][39m   platform
[35m[BaseDriver][39m   chromedriverPort
[35m[Appium][39m Appium v1.22.2 creating new AndroidUiautomator2Driver (v1.70.1) session
[35m[BaseDriver][39m The following capabilities were provided, but are not recognized by Appium:
[35m[BaseDriver][39m   platform
[35m[BaseDriver][39m Session created with session id: d4304f19-f09f-42e7-9d32-dbaa232857c9
[35m[UiAutomator2][39m Starting 'com.android.settings' directly on the device
[35m[ADB][39m Using 'adb.exe' from 'C:\Users\Nia Yusniati\.katalon\tools\android_sdk\platform-tools\adb.exe'
[35m[AndroidDriver][39m Retrieving device list
[35m[AndroidDriver][39m Using device: RR8N605F11Y
[35m[ADB][39m Using 'adb.exe' from 'C:\Users\Nia Yusniati\.katalon\tools\android_sdk\platform-tools\adb.exe'
[35m[ADB][39m Getting device platform version
[35m[UiAutomator2][39m Relaxing hidden api policy
[35m[AndroidDriver][39m No app sent in, not parsing package/activity
[35m[UiAutomator2][39m Server packages are not going to be (re)installed
[35m[ADB][39m Adding packages ["io.appium.settings","io.appium.uiautomator2.server","io.appium.uiautomator2.server.test"] to Doze whitelist
[35m[UiAutomator2][39m Starting UIAutomator2 server 4.27.0
[35m[UiAutomator2][39m Using UIAutomator2 server from 'C:\Users\Nia Yusniati\AppData\Roaming\npm\node_modules\appium\node_modules\appium-uiautomator2-server\apks\appium-uiautomator2-server-v4.27.0.apk' and test from 'C:\Users\Nia Yusniati\AppData\Roaming\npm\node_modules\appium\node_modules\appium-uiautomator2-server\apks\appium-uiautomator2-server-debug-androidTest.apk'
[35m[UiAutomator2][39m Waiting up to 30000ms for UiAutomator2 to be online...
[35m[WD Proxy][39m socket hang up
[35m[WD Proxy][39m socket hang up
[35m[WD Proxy][39m socket hang up
[35m[WD Proxy][39m Determined the downstream protocol as 'W3C'
[35m[AndroidDriver][39m Screen already unlocked, doing nothing
[35m[UiAutomator2][39m Starting 'com.android.settings/.Settings and waiting for 'com.android.settings/.Settings'
[35m[Appium][39m New AndroidUiautomator2Driver session created successfully, session d4304f19-f09f-42e7-9d32-dbaa232857c9 added to master session list
[35m[HTTP][39m [37m<-- POST /wd/hub/session [39m[32m200[39m [90m9626 ms - 1158[39m
[35m[HTTP][39m [90m[39m
[35m[HTTP][39m [37m-->[39m [37mGET[39m [37m/wd/hub/session/d4304f19-f09f-42e7-9d32-dbaa232857c9[39m
[35m[HTTP][39m [90m{}[39m
[35m[HTTP][39m [37m<-- GET /wd/hub/session/d4304f19-f09f-42e7-9d32-dbaa232857c9 [39m[32m200[39m [90m14 ms - 1112[39m
[35m[HTTP][39m [90m[39m
[35m[HTTP][39m [37m-->[39m [37mGET[39m [37m/wd/hub/session/d4304f19-f09f-42e7-9d32-dbaa232857c9[39m
[35m[HTTP][39m [90m{}[39m
[35m[HTTP][39m [37m<-- GET /wd/hub/session/d4304f19-f09f-42e7-9d32-dbaa232857c9 [39m[32m200[39m [90m15 ms - 1112[39m
[35m[HTTP][39m [90m[39m
[35m[HTTP][39m [37m-->[39m [37mGET[39m [37m/wd/hub/status[39m
[35m[HTTP][39m [90m{}[39m
[35m[HTTP][39m [37m<-- GET /wd/hub/status [39m[32m200[39m [90m1 ms - 68[39m
[35m[HTTP][39m [90m[39m
[35m[HTTP][39m [37m-->[39m [37mPOST[39m [37m/wd/hub/session/d4304f19-f09f-42e7-9d32-dbaa232857c9/timeouts[39m
[35m[HTTP][39m [90m{"implicit":30000}[39m
[35m[HTTP][39m [37m<-- POST /wd/hub/session/d4304f19-f09f-42e7-9d32-dbaa232857c9/timeouts [39m[32m200[39m [90m2 ms - 14[39m
[35m[HTTP][39m [90m[39m
[35m[HTTP][39m [37m-->[39m [37mGET[39m [37m/wd/hub/session/d4304f19-f09f-42e7-9d32-dbaa232857c9/screenshot[39m
[35m[HTTP][39m [90m{}[39m
[35m[HTTP][39m [37m<-- GET /wd/hub/session/d4304f19-f09f-42e7-9d32-dbaa232857c9/screenshot [39m[32m200[39m [90m578 ms - 223220[39m
[35m[HTTP][39m [90m[39m
[35m[HTTP][39m [37m-->[39m [37mGET[39m [37m/wd/hub/session/d4304f19-f09f-42e7-9d32-dbaa232857c9/window/rect[39m
[35m[HTTP][39m [90m{}[39m
[35m[HTTP][39m [37m<-- GET /wd/hub/session/d4304f19-f09f-42e7-9d32-dbaa232857c9/window/rect [39m[32m200[39m [90m9 ms - 50[39m
[35m[HTTP][39m [90m[39m
[35m[HTTP][39m [37m-->[39m [37mGET[39m [37m/wd/hub/session/d4304f19-f09f-42e7-9d32-dbaa232857c9/appium/device/system_bars[39m
[35m[HTTP][39m [90m{}[39m
[35m[HTTP][39m [37m<-- GET /wd/hub/session/d4304f19-f09f-42e7-9d32-dbaa232857c9/appium/device/system_bars [39m[32m200[39m [90m88 ms - 148[39m
[35m[HTTP][39m [90m[39m
[35m[HTTP][39m [37m-->[39m [37mPOST[39m [37m/wd/hub/session/d4304f19-f09f-42e7-9d32-dbaa232857c9/appium/device/activate_app[39m
[35m[HTTP][39m [90m{"bundleId":"com.vq.mbrochuregp.client.android"}[39m
[35m[HTTP][39m [37m<-- POST /wd/hub/session/d4304f19-f09f-42e7-9d32-dbaa232857c9/appium/device/activate_app [39m[32m200[39m [90m620 ms - 14[39m
[35m[HTTP][39m [90m[39m
[35m[HTTP][39m [37m-->[39m [37mGET[39m [37m/wd/hub/session/d4304f19-f09f-42e7-9d32-dbaa232857c9/context[39m
[35m[HTTP][39m [90m{}[39m
[35m[HTTP][39m [37m<-- GET /wd/hub/session/d4304f19-f09f-42e7-9d32-dbaa232857c9/context [39m[32m200[39m [90m1 ms - 22[39m
[35m[HTTP][39m [90m[39m
[35m[HTTP][39m [37m-->[39m [37mGET[39m [37m/wd/hub/session/d4304f19-f09f-42e7-9d32-dbaa232857c9/contexts[39m
[35m[HTTP][39m [90m{}[39m
[35m[HTTP][39m [37m<-- GET /wd/hub/session/d4304f19-f09f-42e7-9d32-dbaa232857c9/contexts [39m[32m200[39m [90m101 ms - 24[39m
[35m[HTTP][39m [90m[39m
[35m[HTTP][39m [37m-->[39m [37mPOST[39m [37m/wd/hub/session/d4304f19-f09f-42e7-9d32-dbaa232857c9/context[39m
[35m[HTTP][39m [90m{"name":"NATIVE_APP"}[39m
[35m[HTTP][39m [37m<-- POST /wd/hub/session/d4304f19-f09f-42e7-9d32-dbaa232857c9/context [39m[32m200[39m [90m2 ms - 14[39m
[35m[HTTP][39m [90m[39m
[35m[HTTP][39m [37m-->[39m [37mPOST[39m [37m/wd/hub/session/d4304f19-f09f-42e7-9d32-dbaa232857c9/appium/device/press_keycode[39m
[35m[HTTP][39m [90m{"keycode":4}[39m
[35m[HTTP][39m [37m<-- POST /wd/hub/session/d4304f19-f09f-42e7-9d32-dbaa232857c9/appium/device/press_keycode [39m[32m200[39m [90m83 ms - 14[39m
[35m[HTTP][39m [90m[39m
[35m[HTTP][39m [37m-->[39m [37mPOST[39m [37m/wd/hub/session/d4304f19-f09f-42e7-9d32-dbaa232857c9/context[39m
[35m[HTTP][39m [90m{"name":"NATIVE_APP"}[39m
[35m[HTTP][39m [37m<-- POST /wd/hub/session/d4304f19-f09f-42e7-9d32-dbaa232857c9/context [39m[32m200[39m [90m2 ms - 14[39m
[35m[HTTP][39m [90m[39m
[35m[HTTP][39m [37m-->[39m [37mPOST[39m [37m/wd/hub/session/d4304f19-f09f-42e7-9d32-dbaa232857c9/timeouts[39m
[35m[HTTP][39m [90m{"implicit":50}[39m
[35m[HTTP][39m [37m<-- POST /wd/hub/session/d4304f19-f09f-42e7-9d32-dbaa232857c9/timeouts [39m[32m200[39m [90m2 ms - 14[39m
[35m[HTTP][39m [90m[39m
[35m[HTTP][39m [37m-->[39m [37mGET[39m [37m/wd/hub/session/d4304f19-f09f-42e7-9d32-dbaa232857c9/window/rect[39m
[35m[HTTP][39m [90m{}[39m
[35m[HTTP][39m [37m<-- GET /wd/hub/session/d4304f19-f09f-42e7-9d32-dbaa232857c9/window/rect [39m[32m200[39m [90m12 ms - 50[39m
[35m[HTTP][39m [90m[39m
[35m[HTTP][39m [37m-->[39m [37mPOST[39m [37m/wd/hub/session/d4304f19-f09f-42e7-9d32-dbaa232857c9/elements[39m
[35m[HTTP][39m [90m{"using":"xpath","value":"//*[@class = 'android.widget.Button' and (@text = 'TIDAK' or . = 'TIDAK') and @resource-id = 'android:id/button2']"}[39m
[35m[HTTP][39m [37m<-- POST /wd/hub/session/d4304f19-f09f-42e7-9d32-dbaa232857c9/elements [39m[32m200[39m [90m2407 ms - 139[39m
[35m[HTTP][39m [90m[39m
[35m[HTTP][39m [37m-->[39m [37mGET[39m [37m/wd/hub/session/d4304f19-f09f-42e7-9d32-dbaa232857c9/element/00000000-0000-06aa-ffff-ffff00002ff7/location[39m
[35m[HTTP][39m [90m{}[39m
[35m[W3C (d4304f19)][39m Driver proxy active, passing request on via HTTP proxy
[35m[WD Proxy][39m Replacing sessionId ec9aa6ef-e25f-42b9-b232-ac360580a7e4 with d4304f19-f09f-42e7-9d32-dbaa232857c9
[35m[HTTP][39m [37m<-- GET /wd/hub/session/d4304f19-f09f-42e7-9d32-dbaa232857c9/element/00000000-0000-06aa-ffff-ffff00002ff7/location [39m[32m200[39m [90m28 ms - 79[39m
[35m[HTTP][39m [90m[39m
[35m[HTTP][39m [37m-->[39m [37mPOST[39m [37m/wd/hub/session/d4304f19-f09f-42e7-9d32-dbaa232857c9/timeouts[39m
[35m[HTTP][39m [90m{"implicit":30000}[39m
[35m[HTTP][39m [37m<-- POST /wd/hub/session/d4304f19-f09f-42e7-9d32-dbaa232857c9/timeouts [39m[32m200[39m [90m3 ms - 14[39m
[35m[HTTP][39m [90m[39m
[35m[HTTP][39m [37m-->[39m [37mPOST[39m [37m/wd/hub/session/d4304f19-f09f-42e7-9d32-dbaa232857c9/touch/perform[39m
[35m[HTTP][39m [90m{"actions":[{"action":"tap","options":{"x":1,"y":1,"element":"00000000-0000-06aa-ffff-ffff00002ff7"}},{"action":"release","options":{}}]}[39m
[35m[UiAutomator2][39m calling get location: 00000000-0000-06aa-ffff-ffff00002ff7
[35m[HTTP][39m [37m<-- POST /wd/hub/session/d4304f19-f09f-42e7-9d32-dbaa232857c9/touch/perform [39m[32m200[39m [90m715 ms - 14[39m
[35m[HTTP][39m [90m[39m
[35m[HTTP][39m [37m-->[39m [37mPOST[39m [37m/wd/hub/session/d4304f19-f09f-42e7-9d32-dbaa232857c9/timeouts[39m
[35m[HTTP][39m [90m{"implicit":50}[39m
[35m[HTTP][39m [37m<-- POST /wd/hub/session/d4304f19-f09f-42e7-9d32-dbaa232857c9/timeouts [39m[32m200[39m [90m2 ms - 14[39m
[35m[HTTP][39m [90m[39m
[35m[HTTP][39m [37m-->[39m [37mGET[39m [37m/wd/hub/session/d4304f19-f09f-42e7-9d32-dbaa232857c9/window/rect[39m
[35m[HTTP][39m [90m{}[39m
[35m[HTTP][39m [37m<-- GET /wd/hub/session/d4304f19-f09f-42e7-9d32-dbaa232857c9/window/rect [39m[32m200[39m [90m25 ms - 50[39m
[35m[HTTP][39m [90m[39m
[35m[HTTP][39m [37m-->[39m [37mPOST[39m [37m/wd/hub/session/d4304f19-f09f-42e7-9d32-dbaa232857c9/elements[39m
[35m[HTTP][39m [90m{"using":"xpath","value":"//hierarchy/android.widget.FrameLayout[1]/android.widget.LinearLayout[1]/android.widget.FrameLayout[1]/android.widget.LinearLayout[1]/android.widget.FrameLayout[1]/android.view.ViewGroup[1]/android.widget.ScrollView[1]/android.widget.LinearLayout[1]/android.view.ViewGroup[2]/android.widget.LinearLayout[1]/androidx.recyclerview.widget.RecyclerView[1]/android.widget.LinearLayout[8]/android.widget.ImageView[1]"}[39m
[35m[HTTP][39m [37m<-- POST /wd/hub/session/d4304f19-f09f-42e7-9d32-dbaa232857c9/elements [39m[32m200[39m [90m494 ms - 139[39m
[35m[HTTP][39m [90m[39m
[35m[HTTP][39m [37m-->[39m [37mGET[39m [37m/wd/hub/session/d4304f19-f09f-42e7-9d32-dbaa232857c9/element/00000000-0000-068c-ffff-ffff00002fa8/location[39m
[35m[HTTP][39m [90m{}[39m
[35m[W3C (d4304f19)][39m Driver proxy active, passing request on via HTTP proxy
[35m[WD Proxy][39m Replacing sessionId ec9aa6ef-e25f-42b9-b232-ac360580a7e4 with d4304f19-f09f-42e7-9d32-dbaa232857c9
[35m[HTTP][39m [37m<-- GET /wd/hub/session/d4304f19-f09f-42e7-9d32-dbaa232857c9/element/00000000-0000-068c-ffff-ffff00002fa8/location [39m[32m200[39m [90m28 ms - 79[39m
[35m[HTTP][39m [90m[39m
[35m[HTTP][39m [37m-->[39m [37mPOST[39m [37m/wd/hub/session/d4304f19-f09f-42e7-9d32-dbaa232857c9/timeouts[39m
[35m[HTTP][39m [90m{"implicit":30000}[39m
[35m[HTTP][39m [37m<-- POST /wd/hub/session/d4304f19-f09f-42e7-9d32-dbaa232857c9/timeouts [39m[32m200[39m [90m2 ms - 14[39m
[35m[HTTP][39m [90m[39m
[35m[HTTP][39m [37m-->[39m [37mPOST[39m [37m/wd/hub/session/d4304f19-f09f-42e7-9d32-dbaa232857c9/touch/perform[39m
[35m[HTTP][39m [90m{"actions":[{"action":"tap","options":{"x":1,"y":1,"element":"00000000-0000-068c-ffff-ffff00002fa8"}},{"action":"release","options":{}}]}[39m
[35m[UiAutomator2][39m calling get location: 00000000-0000-068c-ffff-ffff00002fa8
[35m[HTTP][39m [37m<-- POST /wd/hub/session/d4304f19-f09f-42e7-9d32-dbaa232857c9/touch/perform [39m[32m200[39m [90m197 ms - 14[39m
[35m[HTTP][39m [90m[39m
[35m[HTTP][39m [37m-->[39m [37mPOST[39m [37m/wd/hub/session/d4304f19-f09f-42e7-9d32-dbaa232857c9/timeouts[39m
[35m[HTTP][39m [90m{"implicit":50}[39m
[35m[HTTP][39m [37m<-- POST /wd/hub/session/d4304f19-f09f-42e7-9d32-dbaa232857c9/timeouts [39m[32m200[39m [90m2 ms - 14[39m
[35m[HTTP][39m [90m[39m
[35m[HTTP][39m [37m-->[39m [37mGET[39m [37m/wd/hub/session/d4304f19-f09f-42e7-9d32-dbaa232857c9/window/rect[39m
[35m[HTTP][39m [90m{}[39m
[35m[HTTP][39m [37m<-- GET /wd/hub/session/d4304f19-f09f-42e7-9d32-dbaa232857c9/window/rect [39m[32m200[39m [90m19 ms - 50[39m
[35m[HTTP][39m [90m[39m
[35m[HTTP][39m [37m-->[39m [37mPOST[39m [37m/wd/hub/session/d4304f19-f09f-42e7-9d32-dbaa232857c9/elements[39m
[35m[HTTP][39m [90m{"using":"xpath","value":"//hierarchy/android.widget.FrameLayout[1]/android.widget.LinearLayout[1]/android.widget.FrameLayout[1]/android.widget.LinearLayout[1]/android.widget.FrameLayout[1]/android.view.ViewGroup[1]/android.widget.ScrollView[1]/android.widget.LinearLayout[1]/android.widget.LinearLayout[1]/androidx.recyclerview.widget.RecyclerView[1]/android.widget.LinearLayout[2]/android.widget.ImageView[1]"}[39m
[35m[HTTP][39m [37m<-- POST /wd/hub/session/d4304f19-f09f-42e7-9d32-dbaa232857c9/elements [39m[32m200[39m [90m918 ms - 139[39m
[35m[HTTP][39m [90m[39m
[35m[HTTP][39m [37m-->[39m [37mGET[39m [37m/wd/hub/session/d4304f19-f09f-42e7-9d32-dbaa232857c9/element/00000000-0000-06ab-ffff-ffff0000302d/location[39m
[35m[HTTP][39m [90m{}[39m
[35m[W3C (d4304f19)][39m Driver proxy active, passing request on via HTTP proxy
[35m[WD Proxy][39m Replacing sessionId ec9aa6ef-e25f-42b9-b232-ac360580a7e4 with d4304f19-f09f-42e7-9d32-dbaa232857c9
[35m[HTTP][39m [37m<-- GET /wd/hub/session/d4304f19-f09f-42e7-9d32-dbaa232857c9/element/00000000-0000-06ab-ffff-ffff0000302d/location [39m[32m200[39m [90m231 ms - 78[39m
[35m[HTTP][39m [90m[39m
[35m[HTTP][39m [37m-->[39m [37mPOST[39m [37m/wd/hub/session/d4304f19-f09f-42e7-9d32-dbaa232857c9/timeouts[39m
[35m[HTTP][39m [90m{"implicit":30000}[39m
[35m[HTTP][39m [37m<-- POST /wd/hub/session/d4304f19-f09f-42e7-9d32-dbaa232857c9/timeouts [39m[32m200[39m [90m2 ms - 14[39m
[35m[HTTP][39m [90m[39m
[35m[HTTP][39m [37m-->[39m [37mPOST[39m [37m/wd/hub/session/d4304f19-f09f-42e7-9d32-dbaa232857c9/touch/perform[39m
[35m[HTTP][39m [90m{"actions":[{"action":"tap","options":{"x":1,"y":1,"element":"00000000-0000-06ab-ffff-ffff0000302d"}},{"action":"release","options":{}}]}[39m
[35m[UiAutomator2][39m calling get location: 00000000-0000-06ab-ffff-ffff0000302d
[35m[HTTP][39m [37m<-- POST /wd/hub/session/d4304f19-f09f-42e7-9d32-dbaa232857c9/touch/perform [39m[32m200[39m [90m203 ms - 14[39m
[35m[HTTP][39m [90m[39m
[35m[HTTP][39m [37m-->[39m [37mPOST[39m [37m/wd/hub/session/d4304f19-f09f-42e7-9d32-dbaa232857c9/timeouts[39m
[35m[HTTP][39m [90m{"implicit":50}[39m
[35m[HTTP][39m [37m<-- POST /wd/hub/session/d4304f19-f09f-42e7-9d32-dbaa232857c9/timeouts [39m[32m200[39m [90m2 ms - 14[39m
[35m[HTTP][39m [90m[39m
[35m[HTTP][39m [37m-->[39m [37mGET[39m [37m/wd/hub/session/d4304f19-f09f-42e7-9d32-dbaa232857c9/window/rect[39m
[35m[HTTP][39m [90m{}[39m
[35m[HTTP][39m [37m<-- GET /wd/hub/session/d4304f19-f09f-42e7-9d32-dbaa232857c9/window/rect [39m[32m200[39m [90m26 ms - 50[39m
[35m[HTTP][39m [90m[39m
[35m[HTTP][39m [37m-->[39m [37mPOST[39m [37m/wd/hub/session/d4304f19-f09f-42e7-9d32-dbaa232857c9/elements[39m
[35m[HTTP][39m [90m{"using":"xpath","value":"//hierarchy/android.widget.FrameLayout[1]/android.widget.LinearLayout[1]/android.widget.FrameLayout[1]/android.widget.LinearLayout[1]/android.widget.FrameLayout[1]/android.view.ViewGroup[1]/androidx.viewpager.widget.ViewPager[1]/android.widget.FrameLayout[1]/android.view.ViewGroup[1]/androidx.recyclerview.widget.RecyclerView[1]/android.widget.LinearLayout[1]/android.widget.RelativeLayout[1]"}[39m
[35m[HTTP][39m [37m<-- POST /wd/hub/session/d4304f19-f09f-42e7-9d32-dbaa232857c9/elements [39m[32m200[39m [90m230 ms - 139[39m
[35m[HTTP][39m [90m[39m
[35m[HTTP][39m [37m-->[39m [37mGET[39m [37m/wd/hub/session/d4304f19-f09f-42e7-9d32-dbaa232857c9/element/00000000-0000-06ac-ffff-ffff0000307b/location[39m
[35m[HTTP][39m [90m{}[39m
[35m[W3C (d4304f19)][39m Driver proxy active, passing request on via HTTP proxy
[35m[WD Proxy][39m Replacing sessionId ec9aa6ef-e25f-42b9-b232-ac360580a7e4 with d4304f19-f09f-42e7-9d32-dbaa232857c9
[35m[HTTP][39m [37m<-- GET /wd/hub/session/d4304f19-f09f-42e7-9d32-dbaa232857c9/element/00000000-0000-06ac-ffff-ffff0000307b/location [39m[32m200[39m [90m26 ms - 77[39m
[35m[HTTP][39m [90m[39m
[35m[HTTP][39m [37m-->[39m [37mPOST[39m [37m/wd/hub/session/d4304f19-f09f-42e7-9d32-dbaa232857c9/timeouts[39m
[35m[HTTP][39m [90m{"implicit":30000}[39m
[35m[HTTP][39m [37m<-- POST /wd/hub/session/d4304f19-f09f-42e7-9d32-dbaa232857c9/timeouts [39m[32m200[39m [90m1 ms - 14[39m
[35m[HTTP][39m [90m[39m
[35m[HTTP][39m [37m-->[39m [37mPOST[39m [37m/wd/hub/session/d4304f19-f09f-42e7-9d32-dbaa232857c9/touch/perform[39m
[35m[HTTP][39m [90m{"actions":[{"action":"tap","options":{"x":1,"y":1,"element":"00000000-0000-06ac-ffff-ffff0000307b"}},{"action":"release","options":{}}]}[39m
[35m[UiAutomator2][39m calling get location: 00000000-0000-06ac-ffff-ffff0000307b
[35m[HTTP][39m [37m<-- POST /wd/hub/session/d4304f19-f09f-42e7-9d32-dbaa232857c9/touch/perform [39m[32m200[39m [90m211 ms - 14[39m
[35m[HTTP][39m [90m[39m
[35m[HTTP][39m [37m-->[39m [37mGET[39m [37m/wd/hub/session/d4304f19-f09f-42e7-9d32-dbaa232857c9/context[39m
[35m[HTTP][39m [90m{}[39m
[35m[HTTP][39m [37m<-- GET /wd/hub/session/d4304f19-f09f-42e7-9d32-dbaa232857c9/context [39m[32m200[39m [90m3 ms - 22[39m
[35m[HTTP][39m [90m[39m
[35m[HTTP][39m [37m-->[39m [37mGET[39m [37m/wd/hub/session/d4304f19-f09f-42e7-9d32-dbaa232857c9/contexts[39m
[35m[HTTP][39m [90m{}[39m
[35m[HTTP][39m [37m<-- GET /wd/hub/session/d4304f19-f09f-42e7-9d32-dbaa232857c9/contexts [39m[32m200[39m [90m111 ms - 24[39m
[35m[HTTP][39m [90m[39m
[35m[HTTP][39m [37m-->[39m [37mPOST[39m [37m/wd/hub/session/d4304f19-f09f-42e7-9d32-dbaa232857c9/context[39m
[35m[HTTP][39m [90m{"name":"NATIVE_APP"}[39m
[35m[HTTP][39m [37m<-- POST /wd/hub/session/d4304f19-f09f-42e7-9d32-dbaa232857c9/context [39m[32m200[39m [90m1 ms - 14[39m
[35m[HTTP][39m [90m[39m
[35m[HTTP][39m [37m-->[39m [37mGET[39m [37m/wd/hub/session/d4304f19-f09f-42e7-9d32-dbaa232857c9/window/rect[39m
[35m[HTTP][39m [90m{}[39m
[35m[HTTP][39m [37m<-- GET /wd/hub/session/d4304f19-f09f-42e7-9d32-dbaa232857c9/window/rect [39m[32m200[39m [90m19 ms - 50[39m
[35m[HTTP][39m [90m[39m
[35m[HTTP][39m [37m-->[39m [37mPOST[39m [37m/wd/hub/session/d4304f19-f09f-42e7-9d32-dbaa232857c9/execute/sync[39m
[35m[HTTP][39m [90m{"script":"mobile: viewportScreenshot","args":[]}[39m
[35m[AndroidDriver][39m Executing native command 'mobile: viewportScreenshot'
[35m[HTTP][39m [37m<-- POST /wd/hub/session/d4304f19-f09f-42e7-9d32-dbaa232857c9/execute/sync [39m[32m200[39m [90m1325 ms - 109952[39m
[35m[HTTP][39m [90m[39m
[35m[HTTP][39m [37m-->[39m [37mPOST[39m [37m/wd/hub/session/d4304f19-f09f-42e7-9d32-dbaa232857c9/context[39m
[35m[HTTP][39m [90m{"name":"NATIVE_APP"}[39m
[35m[HTTP][39m [37m<-- POST /wd/hub/session/d4304f19-f09f-42e7-9d32-dbaa232857c9/context [39m[32m200[39m [90m2 ms - 14[39m
[35m[HTTP][39m [90m[39m
[35m[HTTP][39m [37m-->[39m [37mPOST[39m [37m/wd/hub/session/d4304f19-f09f-42e7-9d32-dbaa232857c9/timeouts[39m
[35m[HTTP][39m [90m{"implicit":50}[39m
[35m[HTTP][39m [37m<-- POST /wd/hub/session/d4304f19-f09f-42e7-9d32-dbaa232857c9/timeouts [39m[32m200[39m [90m2 ms - 14[39m
[35m[HTTP][39m [90m[39m
[35m[HTTP][39m [37m-->[39m [37mGET[39m [37m/wd/hub/session/d4304f19-f09f-42e7-9d32-dbaa232857c9/window/rect[39m
[35m[HTTP][39m [90m{}[39m
[35m[HTTP][39m [37m<-- GET /wd/hub/session/d4304f19-f09f-42e7-9d32-dbaa232857c9/window/rect [39m[32m200[39m [90m28 ms - 50[39m
[35m[HTTP][39m [90m[39m
[35m[HTTP][39m [37m-->[39m [37mPOST[39m [37m/wd/hub/session/d4304f19-f09f-42e7-9d32-dbaa232857c9/elements[39m
[35m[HTTP][39m [90m{"using":"xpath","value":"//hierarchy/android.widget.FrameLayout[1]/android.widget.LinearLayout[1]/android.widget.FrameLayout[1]/android.widget.LinearLayout[1]/android.widget.FrameLayout[1]/android.view.ViewGroup[1]/android.widget.ScrollView[1]/android.view.ViewGroup[1]/android.widget.LinearLayout[2]/androidx.recyclerview.widget.RecyclerView[1]/android.widget.LinearLayout[4]/android.widget.RelativeLayout[1]/android.widget.LinearLayout[1]/android.widget.CheckBox[1]"}[39m
[35m[HTTP][39m [37m<-- POST /wd/hub/session/d4304f19-f09f-42e7-9d32-dbaa232857c9/elements [39m[32m200[39m [90m239 ms - 12[39m
[35m[HTTP][39m [90m[39m
[35m[HTTP][39m [37m-->[39m [37mPOST[39m [37m/wd/hub/session/d4304f19-f09f-42e7-9d32-dbaa232857c9/elements[39m
[35m[HTTP][39m [90m{"using":"xpath","value":"//hierarchy/android.widget.FrameLayout[1]/android.widget.LinearLayout[1]/android.widget.FrameLayout[1]/android.widget.LinearLayout[1]/android.widget.FrameLayout[1]/android.view.ViewGroup[1]/android.widget.ScrollView[1]/android.view.ViewGroup[1]/android.widget.LinearLayout[2]/androidx.recyclerview.widget.RecyclerView[1]/android.widget.LinearLayout[4]/android.widget.RelativeLayout[1]/android.widget.LinearLayout[1]/android.widget.CheckBox[1]"}[39m
[35m[HTTP][39m [37m<-- POST /wd/hub/session/d4304f19-f09f-42e7-9d32-dbaa232857c9/elements [39m[32m200[39m [90m293 ms - 12[39m
[35m[HTTP][39m [90m[39m
[35m[HTTP][39m [37m-->[39m [37mPOST[39m [37m/wd/hub/session/d4304f19-f09f-42e7-9d32-dbaa232857c9/elements[39m
[35m[HTTP][39m [90m{"using":"xpath","value":"//hierarchy/android.widget.FrameLayout[1]/android.widget.LinearLayout[1]/android.widget.FrameLayout[1]/android.widget.LinearLayout[1]/android.widget.FrameLayout[1]/android.view.ViewGroup[1]/android.widget.ScrollView[1]/android.view.ViewGroup[1]/android.widget.LinearLayout[2]/androidx.recyclerview.widget.RecyclerView[1]/android.widget.LinearLayout[4]/android.widget.RelativeLayout[1]/android.widget.LinearLayout[1]/android.widget.CheckBox[1]"}[39m
[35m[HTTP][39m [37m<-- POST /wd/hub/session/d4304f19-f09f-42e7-9d32-dbaa232857c9/elements [39m[32m200[39m [90m777 ms - 139[39m
[35m[HTTP][39m [90m[39m
[35m[HTTP][39m [37m-->[39m [37mGET[39m [37m/wd/hub/session/d4304f19-f09f-42e7-9d32-dbaa232857c9/element/00000000-0000-06ad-ffff-ffff000030f2/location[39m
[35m[HTTP][39m [90m{}[39m
[35m[W3C (d4304f19)][39m Driver proxy active, passing request on via HTTP proxy
[35m[WD Proxy][39m Replacing sessionId ec9aa6ef-e25f-42b9-b232-ac360580a7e4 with d4304f19-f09f-42e7-9d32-dbaa232857c9
[35m[HTTP][39m [37m<-- GET /wd/hub/session/d4304f19-f09f-42e7-9d32-dbaa232857c9/element/00000000-0000-06ad-ffff-ffff000030f2/location [39m[32m200[39m [90m27 ms - 78[39m
[35m[HTTP][39m [90m[39m
[35m[HTTP][39m [37m-->[39m [37mPOST[39m [37m/wd/hub/session/d4304f19-f09f-42e7-9d32-dbaa232857c9/timeouts[39m
[35m[HTTP][39m [90m{"implicit":30000}[39m
[35m[HTTP][39m [37m<-- POST /wd/hub/session/d4304f19-f09f-42e7-9d32-dbaa232857c9/timeouts [39m[32m200[39m [90m2 ms - 14[39m
[35m[HTTP][39m [90m[39m
[35m[HTTP][39m [37m-->[39m [37mPOST[39m [37m/wd/hub/session/d4304f19-f09f-42e7-9d32-dbaa232857c9/touch/perform[39m
[35m[HTTP][39m [90m{"actions":[{"action":"tap","options":{"x":1,"y":1,"element":"00000000-0000-06ad-ffff-ffff000030f2"}},{"action":"release","options":{}}]}[39m
[35m[UiAutomator2][39m calling get location: 00000000-0000-06ad-ffff-ffff000030f2
[35m[HTTP][39m [37m<-- POST /wd/hub/session/d4304f19-f09f-42e7-9d32-dbaa232857c9/touch/perform [39m[32m200[39m [90m227 ms - 14[39m
[35m[HTTP][39m [90m[39m
[35m[HTTP][39m [37m-->[39m [37mGET[39m [37m/wd/hub/session/d4304f19-f09f-42e7-9d32-dbaa232857c9/context[39m
[35m[HTTP][39m [90m{}[39m
[35m[HTTP][39m [37m<-- GET /wd/hub/session/d4304f19-f09f-42e7-9d32-dbaa232857c9/context [39m[32m200[39m [90m3 ms - 22[39m
[35m[HTTP][39m [90m[39m
[35m[HTTP][39m [37m-->[39m [37mGET[39m [37m/wd/hub/session/d4304f19-f09f-42e7-9d32-dbaa232857c9/contexts[39m
[35m[HTTP][39m [90m{}[39m
[35m[HTTP][39m [37m<-- GET /wd/hub/session/d4304f19-f09f-42e7-9d32-dbaa232857c9/contexts [39m[32m200[39m [90m111 ms - 24[39m
[35m[HTTP][39m [90m[39m
[35m[HTTP][39m [37m-->[39m [37mPOST[39m [37m/wd/hub/session/d4304f19-f09f-42e7-9d32-dbaa232857c9/context[39m
[35m[HTTP][39m [90m{"name":"NATIVE_APP"}[39m
[35m[HTTP][39m [37m<-- POST /wd/hub/session/d4304f19-f09f-42e7-9d32-dbaa232857c9/context [39m[32m200[39m [90m2 ms - 14[39m
[35m[HTTP][39m [90m[39m
[35m[HTTP][39m [37m-->[39m [37mGET[39m [37m/wd/hub/session/d4304f19-f09f-42e7-9d32-dbaa232857c9/window/rect[39m
[35m[HTTP][39m [90m{}[39m
[35m[HTTP][39m [37m<-- GET /wd/hub/session/d4304f19-f09f-42e7-9d32-dbaa232857c9/window/rect [39m[32m200[39m [90m24 ms - 50[39m
[35m[HTTP][39m [90m[39m
[35m[HTTP][39m [37m-->[39m [37mPOST[39m [37m/wd/hub/session/d4304f19-f09f-42e7-9d32-dbaa232857c9/execute/sync[39m
[35m[HTTP][39m [90m{"script":"mobile: viewportScreenshot","args":[]}[39m
[35m[AndroidDriver][39m Executing native command 'mobile: viewportScreenshot'
[35m[HTTP][39m [37m<-- POST /wd/hub/session/d4304f19-f09f-42e7-9d32-dbaa232857c9/execute/sync [39m[32m200[39m [90m1419 ms - 187328[39m
[35m[HTTP][39m [90m[39m
[35m[HTTP][39m [37m-->[39m [37mPOST[39m [37m/wd/hub/session/d4304f19-f09f-42e7-9d32-dbaa232857c9/context[39m
[35m[HTTP][39m [90m{"name":"NATIVE_APP"}[39m
[35m[HTTP][39m [37m<-- POST /wd/hub/session/d4304f19-f09f-42e7-9d32-dbaa232857c9/context [39m[32m200[39m [90m1 ms - 14[39m
[35m[HTTP][39m [90m[39m
[35m[HTTP][39m [37m-->[39m [37mGET[39m [37m/wd/hub/session/d4304f19-f09f-42e7-9d32-dbaa232857c9/window/rect[39m
[35m[HTTP][39m [90m{}[39m
[35m[HTTP][39m [37m<-- GET /wd/hub/session/d4304f19-f09f-42e7-9d32-dbaa232857c9/window/rect [39m[32m200[39m [90m24 ms - 50[39m
[35m[HTTP][39m [90m[39m
[35m[HTTP][39m [37m-->[39m [37mPOST[39m [37m/wd/hub/session/d4304f19-f09f-42e7-9d32-dbaa232857c9/elements[39m
[35m[HTTP][39m [90m{"using":"xpath","value":"//*[@class = 'android.widget.Button' and (@text = 'Lanjutkan >' or . = 'Lanjutkan >') and @resource-id = 'com.vq.mbrochuregp.client.android:id/btn_upgrade_asuransi_list_detail_next']"}[39m
[35m[HTTP][39m [37m<-- POST /wd/hub/session/d4304f19-f09f-42e7-9d32-dbaa232857c9/elements [39m[32m200[39m [90m544 ms - 139[39m
[35m[HTTP][39m [90m[39m
[35m[HTTP][39m [37m-->[39m [37mGET[39m [37m/wd/hub/session/d4304f19-f09f-42e7-9d32-dbaa232857c9/element/00000000-0000-06ad-ffff-ffff000030c7/location[39m
[35m[HTTP][39m [90m{}[39m
[35m[W3C (d4304f19)][39m Driver proxy active, passing request on via HTTP proxy
[35m[WD Proxy][39m Replacing sessionId ec9aa6ef-e25f-42b9-b232-ac360580a7e4 with d4304f19-f09f-42e7-9d32-dbaa232857c9
[35m[HTTP][39m [37m<-- GET /wd/hub/session/d4304f19-f09f-42e7-9d32-dbaa232857c9/element/00000000-0000-06ad-ffff-ffff000030c7/location [39m[32m200[39m [90m39 ms - 78[39m
[35m[HTTP][39m [90m[39m
[35m[HTTP][39m [37m-->[39m [37mPOST[39m [37m/wd/hub/session/d4304f19-f09f-42e7-9d32-dbaa232857c9/element/00000000-0000-06ad-ffff-ffff000030c7/click[39m
[35m[HTTP][39m [90m{"id":"00000000-0000-06ad-ffff-ffff000030c7"}[39m
[35m[HTTP][39m [37m<-- POST /wd/hub/session/d4304f19-f09f-42e7-9d32-dbaa232857c9/element/00000000-0000-06ad-ffff-ffff000030c7/click [39m[32m200[39m [90m64 ms - 14[39m
[35m[HTTP][39m [90m[39m
[35m[HTTP][39m [37m-->[39m [37mGET[39m [37m/wd/hub/session/d4304f19-f09f-42e7-9d32-dbaa232857c9/context[39m
[35m[HTTP][39m [90m{}[39m
[35m[HTTP][39m [37m<-- GET /wd/hub/session/d4304f19-f09f-42e7-9d32-dbaa232857c9/context [39m[32m200[39m [90m3 ms - 22[39m
[35m[HTTP][39m [90m[39m
[35m[HTTP][39m [37m-->[39m [37mGET[39m [37m/wd/hub/session/d4304f19-f09f-42e7-9d32-dbaa232857c9/contexts[39m
[35m[HTTP][39m [90m{}[39m
[35m[HTTP][39m [37m<-- GET /wd/hub/session/d4304f19-f09f-42e7-9d32-dbaa232857c9/contexts [39m[32m200[39m [90m102 ms - 24[39m
[35m[HTTP][39m [90m[39m
[35m[HTTP][39m [37m-->[39m [37mPOST[39m [37m/wd/hub/session/d4304f19-f09f-42e7-9d32-dbaa232857c9/context[39m
[35m[HTTP][39m [90m{"name":"NATIVE_APP"}[39m
[35m[HTTP][39m [37m<-- POST /wd/hub/session/d4304f19-f09f-42e7-9d32-dbaa232857c9/context [39m[32m200[39m [90m1 ms - 14[39m
[35m[HTTP][39m [90m[39m
[35m[HTTP][39m [37m-->[39m [37mGET[39m [37m/wd/hub/session/d4304f19-f09f-42e7-9d32-dbaa232857c9/window/rect[39m
[35m[HTTP][39m [90m{}[39m
[35m[HTTP][39m [37m<-- GET /wd/hub/session/d4304f19-f09f-42e7-9d32-dbaa232857c9/window/rect [39m[32m200[39m [90m22 ms - 50[39m
[35m[HTTP][39m [90m[39m
[35m[HTTP][39m [37m-->[39m [37mPOST[39m [37m/wd/hub/session/d4304f19-f09f-42e7-9d32-dbaa232857c9/execute/sync[39m
[35m[HTTP][39m [90m{"script":"mobile: viewportScreenshot","args":[]}[39m
[35m[AndroidDriver][39m Executing native command 'mobile: viewportScreenshot'
[35m[HTTP][39m [37m<-- POST /wd/hub/session/d4304f19-f09f-42e7-9d32-dbaa232857c9/execute/sync [39m[32m200[39m [90m1203 ms - 167948[39m
[35m[HTTP][39m [90m[39m
[35m[HTTP][39m [37m-->[39m [37mPOST[39m [37m/wd/hub/session/d4304f19-f09f-42e7-9d32-dbaa232857c9/context[39m
[35m[HTTP][39m [90m{"name":"NATIVE_APP"}[39m
[35m[HTTP][39m [37m<-- POST /wd/hub/session/d4304f19-f09f-42e7-9d32-dbaa232857c9/context [39m[32m200[39m [90m4 ms - 14[39m
[35m[HTTP][39m [90m[39m
[35m[HTTP][39m [37m-->[39m [37mGET[39m [37m/wd/hub/session/d4304f19-f09f-42e7-9d32-dbaa232857c9/window/rect[39m
[35m[HTTP][39m [90m{}[39m
[35m[HTTP][39m [37m<-- GET /wd/hub/session/d4304f19-f09f-42e7-9d32-dbaa232857c9/window/rect [39m[32m200[39m [90m25 ms - 50[39m
[35m[HTTP][39m [90m[39m
[35m[HTTP][39m [37m-->[39m [37mPOST[39m [37m/wd/hub/session/d4304f19-f09f-42e7-9d32-dbaa232857c9/elements[39m
[35m[HTTP][39m [90m{"using":"xpath","value":"//*[@class = 'android.widget.Button' and (@text = 'Lanjutkan >' or . = 'Lanjutkan >') and @resource-id = 'com.vq.mbrochuregp.client.android:id/btn_asuransi_perluasan_next']"}[39m
[35m[HTTP][39m [37m<-- POST /wd/hub/session/d4304f19-f09f-42e7-9d32-dbaa232857c9/elements [39m[32m200[39m [90m488 ms - 139[39m
[35m[HTTP][39m [90m[39m
[35m[HTTP][39m [37m-->[39m [37mGET[39m [37m/wd/hub/session/d4304f19-f09f-42e7-9d32-dbaa232857c9/element/00000000-0000-06ae-ffff-ffff0000312e/location[39m
[35m[HTTP][39m [90m{}[39m
[35m[W3C (d4304f19)][39m Driver proxy active, passing request on via HTTP proxy
[35m[WD Proxy][39m Replacing sessionId ec9aa6ef-e25f-42b9-b232-ac360580a7e4 with d4304f19-f09f-42e7-9d32-dbaa232857c9
[35m[HTTP][39m [37m<-- GET /wd/hub/session/d4304f19-f09f-42e7-9d32-dbaa232857c9/element/00000000-0000-06ae-ffff-ffff0000312e/location [39m[32m200[39m [90m682 ms - 78[39m
[35m[HTTP][39m [90m[39m
[35m[HTTP][39m [37m-->[39m [37mPOST[39m [37m/wd/hub/session/d4304f19-f09f-42e7-9d32-dbaa232857c9/element/00000000-0000-06ae-ffff-ffff0000312e/click[39m
[35m[HTTP][39m [90m{"id":"00000000-0000-06ae-ffff-ffff0000312e"}[39m
[35m[HTTP][39m [37m<-- POST /wd/hub/session/d4304f19-f09f-42e7-9d32-dbaa232857c9/element/00000000-0000-06ae-ffff-ffff0000312e/click [39m[32m200[39m [90m64 ms - 14[39m
[35m[HTTP][39m [90m[39m
[35m[HTTP][39m [37m-->[39m [37mPOST[39m [37m/wd/hub/session/d4304f19-f09f-42e7-9d32-dbaa232857c9/timeouts[39m
[35m[HTTP][39m [90m{"implicit":50}[39m
[35m[HTTP][39m [37m<-- POST /wd/hub/session/d4304f19-f09f-42e7-9d32-dbaa232857c9/timeouts [39m[32m200[39m [90m1 ms - 14[39m
[35m[HTTP][39m [90m[39m
[35m[HTTP][39m [37m-->[39m [37mGET[39m [37m/wd/hub/session/d4304f19-f09f-42e7-9d32-dbaa232857c9/window/rect[39m
[35m[HTTP][39m [90m{}[39m
[35m[HTTP][39m [37m<-- GET /wd/hub/session/d4304f19-f09f-42e7-9d32-dbaa232857c9/window/rect [39m[32m200[39m [90m22 ms - 50[39m
[35m[HTTP][39m [90m[39m
[35m[HTTP][39m [37m-->[39m [37mPOST[39m [37m/wd/hub/session/d4304f19-f09f-42e7-9d32-dbaa232857c9/elements[39m
[35m[HTTP][39m [90m{"using":"id","value":"com.vq.mbrochuregp.client.android:id/et_upgrade_asuransi_result_telefon"}[39m
[35m[HTTP][39m [37m<-- POST /wd/hub/session/d4304f19-f09f-42e7-9d32-dbaa232857c9/elements [39m[32m200[39m [90m90 ms - 139[39m
[35m[HTTP][39m [90m[39m
[35m[HTTP][39m [37m-->[39m [37mGET[39m [37m/wd/hub/session/d4304f19-f09f-42e7-9d32-dbaa232857c9/element/00000000-0000-06af-ffff-ffff000031e9/location[39m
[35m[HTTP][39m [90m{}[39m
[35m[W3C (d4304f19)][39m Driver proxy active, passing request on via HTTP proxy
[35m[WD Proxy][39m Replacing sessionId ec9aa6ef-e25f-42b9-b232-ac360580a7e4 with d4304f19-f09f-42e7-9d32-dbaa232857c9
[35m[HTTP][39m [37m<-- GET /wd/hub/session/d4304f19-f09f-42e7-9d32-dbaa232857c9/element/00000000-0000-06af-ffff-ffff000031e9/location [39m[32m200[39m [90m26 ms - 78[39m
[35m[HTTP][39m [90m[39m
[35m[HTTP][39m [37m-->[39m [37mPOST[39m [37m/wd/hub/session/d4304f19-f09f-42e7-9d32-dbaa232857c9/timeouts[39m
[35m[HTTP][39m [90m{"implicit":30000}[39m
[35m[HTTP][39m [37m<-- POST /wd/hub/session/d4304f19-f09f-42e7-9d32-dbaa232857c9/timeouts [39m[32m200[39m [90m2 ms - 14[39m
[35m[HTTP][39m [90m[39m
[35m[HTTP][39m [37m-->[39m [37mPOST[39m [37m/wd/hub/session/d4304f19-f09f-42e7-9d32-dbaa232857c9/element/00000000-0000-06af-ffff-ffff000031e9/clear[39m
[35m[HTTP][39m [90m{"id":"00000000-0000-06af-ffff-ffff000031e9"}[39m
[35m[HTTP][39m [37m<-- POST /wd/hub/session/d4304f19-f09f-42e7-9d32-dbaa232857c9/element/00000000-0000-06af-ffff-ffff000031e9/clear [39m[32m200[39m [90m36 ms - 14[39m
[35m[HTTP][39m [90m[39m
[35m[HTTP][39m [37m-->[39m [37mPOST[39m [37m/wd/hub/session/d4304f19-f09f-42e7-9d32-dbaa232857c9/element/00000000-0000-06af-ffff-ffff000031e9/value[39m
[35m[HTTP][39m [90m{"id":"00000000-0000-06af-ffff-ffff000031e9","text":"085710222991","value":["0","8","5","7","1","0","2","2","2","9","9","1"]}[39m
[35m[HTTP][39m [37m<-- POST /wd/hub/session/d4304f19-f09f-42e7-9d32-dbaa232857c9/element/00000000-0000-06af-ffff-ffff000031e9/value [39m[32m200[39m [90m549 ms - 14[39m
[35m[HTTP][39m [90m[39m
[35m[HTTP][39m [37m-->[39m [37mGET[39m [37m/wd/hub/session/d4304f19-f09f-42e7-9d32-dbaa232857c9/context[39m
[35m[HTTP][39m [90m{}[39m
[35m[HTTP][39m [37m<-- GET /wd/hub/session/d4304f19-f09f-42e7-9d32-dbaa232857c9/context [39m[32m200[39m [90m2 ms - 22[39m
[35m[HTTP][39m [90m[39m
[35m[HTTP][39m [37m-->[39m [37mGET[39m [37m/wd/hub/session/d4304f19-f09f-42e7-9d32-dbaa232857c9/contexts[39m
[35m[HTTP][39m [90m{}[39m
[35m[HTTP][39m [37m<-- GET /wd/hub/session/d4304f19-f09f-42e7-9d32-dbaa232857c9/contexts [39m[32m200[39m [90m117 ms - 24[39m
[35m[HTTP][39m [90m[39m
[35m[HTTP][39m [37m-->[39m [37mPOST[39m [37m/wd/hub/session/d4304f19-f09f-42e7-9d32-dbaa232857c9/context[39m
[35m[HTTP][39m [90m{"name":"NATIVE_APP"}[39m
[35m[HTTP][39m [37m<-- POST /wd/hub/session/d4304f19-f09f-42e7-9d32-dbaa232857c9/context [39m[32m200[39m [90m2 ms - 14[39m
[35m[HTTP][39m [90m[39m
[35m[HTTP][39m [37m-->[39m [37mGET[39m [37m/wd/hub/session/d4304f19-f09f-42e7-9d32-dbaa232857c9/window/rect[39m
[35m[HTTP][39m [90m{}[39m
[35m[HTTP][39m [37m<-- GET /wd/hub/session/d4304f19-f09f-42e7-9d32-dbaa232857c9/window/rect [39m[32m200[39m [90m20 ms - 50[39m
[35m[HTTP][39m [90m[39m
[35m[HTTP][39m [37m-->[39m [37mPOST[39m [37m/wd/hub/session/d4304f19-f09f-42e7-9d32-dbaa232857c9/execute/sync[39m
[35m[HTTP][39m [90m{"script":"mobile: viewportScreenshot","args":[]}[39m
[35m[AndroidDriver][39m Executing native command 'mobile: viewportScreenshot'
[35m[HTTP][39m [37m<-- POST /wd/hub/session/d4304f19-f09f-42e7-9d32-dbaa232857c9/execute/sync [39m[32m200[39m [90m1450 ms - 316108[39m
[35m[HTTP][39m [90m[39m
[35m[HTTP][39m [37m-->[39m [37mPOST[39m [37m/wd/hub/session/d4304f19-f09f-42e7-9d32-dbaa232857c9/context[39m
[35m[HTTP][39m [90m{"name":"NATIVE_APP"}[39m
[35m[HTTP][39m [37m<-- POST /wd/hub/session/d4304f19-f09f-42e7-9d32-dbaa232857c9/context [39m[32m200[39m [90m2 ms - 14[39m
[35m[HTTP][39m [90m[39m
[35m[HTTP][39m [37m-->[39m [37mGET[39m [37m/wd/hub/session/d4304f19-f09f-42e7-9d32-dbaa232857c9/window/rect[39m
[35m[HTTP][39m [90m{}[39m
[35m[HTTP][39m [37m<-- GET /wd/hub/session/d4304f19-f09f-42e7-9d32-dbaa232857c9/window/rect [39m[32m200[39m [90m24 ms - 50[39m
[35m[HTTP][39m [90m[39m
[35m[HTTP][39m [37m-->[39m [37mPOST[39m [37m/wd/hub/session/d4304f19-f09f-42e7-9d32-dbaa232857c9/elements[39m
[35m[HTTP][39m [90m{"using":"xpath","value":"//*[@class = 'android.widget.Button' and (@text = 'Submit' or . = 'Submit') and @resource-id = 'com.vq.mbrochuregp.client.android:id/btn_upgrade_asuransi_result_submit']"}[39m
[35m[HTTP][39m [37m<-- POST /wd/hub/session/d4304f19-f09f-42e7-9d32-dbaa232857c9/elements [39m[32m200[39m [90m442 ms - 139[39m
[35m[HTTP][39m [90m[39m
[35m[HTTP][39m [37m-->[39m [37mGET[39m [37m/wd/hub/session/d4304f19-f09f-42e7-9d32-dbaa232857c9/element/00000000-0000-06af-ffff-ffff000031f3/location[39m
[35m[HTTP][39m [90m{}[39m
[35m[W3C (d4304f19)][39m Driver proxy active, passing request on via HTTP proxy
[35m[WD Proxy][39m Replacing sessionId ec9aa6ef-e25f-42b9-b232-ac360580a7e4 with d4304f19-f09f-42e7-9d32-dbaa232857c9
[35m[HTTP][39m [37m<-- GET /wd/hub/session/d4304f19-f09f-42e7-9d32-dbaa232857c9/element/00000000-0000-06af-ffff-ffff000031f3/location [39m[32m200[39m [90m28 ms - 78[39m
[35m[HTTP][39m [90m[39m
[35m[HTTP][39m [37m-->[39m [37mPOST[39m [37m/wd/hub/session/d4304f19-f09f-42e7-9d32-dbaa232857c9/element/00000000-0000-06af-ffff-ffff000031f3/click[39m
[35m[HTTP][39m [90m{"id":"00000000-0000-06af-ffff-ffff000031f3"}[39m
[35m[HTTP][39m [37m<-- POST /wd/hub/session/d4304f19-f09f-42e7-9d32-dbaa232857c9/element/00000000-0000-06af-ffff-ffff000031f3/click [39m[32m200[39m [90m68 ms - 14[39m
[35m[HTTP][39m [90m[39m
[35m[HTTP][39m [37m-->[39m [37mPOST[39m [37m/wd/hub/session/d4304f19-f09f-42e7-9d32-dbaa232857c9/timeouts[39m
[35m[HTTP][39m [90m{"implicit":50}[39m
[35m[HTTP][39m [37m<-- POST /wd/hub/session/d4304f19-f09f-42e7-9d32-dbaa232857c9/timeouts [39m[32m200[39m [90m1 ms - 14[39m
[35m[HTTP][39m [90m[39m
[35m[HTTP][39m [37m-->[39m [37mGET[39m [37m/wd/hub/session/d4304f19-f09f-42e7-9d32-dbaa232857c9/window/rect[39m
[35m[HTTP][39m [90m{}[39m
[35m[HTTP][39m [37m<-- GET /wd/hub/session/d4304f19-f09f-42e7-9d32-dbaa232857c9/window/rect [39m[32m200[39m [90m21 ms - 50[39m
[35m[HTTP][39m [90m[39m
[35m[HTTP][39m [37m-->[39m [37mPOST[39m [37m/wd/hub/session/d4304f19-f09f-42e7-9d32-dbaa232857c9/elements[39m
[35m[HTTP][39m [90m{"using":"xpath","value":"//*[@class = 'android.widget.Button' and (@text = 'YA' or . = 'YA') and @resource-id = 'android:id/button1']"}[39m
[35m[HTTP][39m [37m<-- POST /wd/hub/session/d4304f19-f09f-42e7-9d32-dbaa232857c9/elements [39m[32m200[39m [90m467 ms - 139[39m
[35m[HTTP][39m [90m[39m
[35m[HTTP][39m [37m-->[39m [37mGET[39m [37m/wd/hub/session/d4304f19-f09f-42e7-9d32-dbaa232857c9/element/00000000-0000-06b0-ffff-ffff00003238/location[39m
[35m[HTTP][39m [90m{}[39m
[35m[W3C (d4304f19)][39m Driver proxy active, passing request on via HTTP proxy
[35m[WD Proxy][39m Replacing sessionId ec9aa6ef-e25f-42b9-b232-ac360580a7e4 with d4304f19-f09f-42e7-9d32-dbaa232857c9
[35m[HTTP][39m [37m<-- GET /wd/hub/session/d4304f19-f09f-42e7-9d32-dbaa232857c9/element/00000000-0000-06b0-ffff-ffff00003238/location [39m[32m200[39m [90m25 ms - 79[39m
[35m[HTTP][39m [90m[39m
[35m[HTTP][39m [37m-->[39m [37mPOST[39m [37m/wd/hub/session/d4304f19-f09f-42e7-9d32-dbaa232857c9/timeouts[39m
[35m[HTTP][39m [90m{"implicit":30000}[39m
[35m[HTTP][39m [37m<-- POST /wd/hub/session/d4304f19-f09f-42e7-9d32-dbaa232857c9/timeouts [39m[32m200[39m [90m3 ms - 14[39m
[35m[HTTP][39m [90m[39m
[35m[HTTP][39m [37m-->[39m [37mPOST[39m [37m/wd/hub/session/d4304f19-f09f-42e7-9d32-dbaa232857c9/touch/perform[39m
[35m[HTTP][39m [90m{"actions":[{"action":"tap","options":{"x":1,"y":1,"element":"00000000-0000-06b0-ffff-ffff00003238"}},{"action":"release","options":{}}]}[39m
[35m[UiAutomator2][39m calling get location: 00000000-0000-06b0-ffff-ffff00003238
[35m[HTTP][39m [37m<-- POST /wd/hub/session/d4304f19-f09f-42e7-9d32-dbaa232857c9/touch/perform [39m[32m200[39m [90m1162 ms - 14[39m
[35m[HTTP][39m [90m[39m
[35m[HTTP][39m [37m-->[39m [37mPOST[39m [37m/wd/hub/session/d4304f19-f09f-42e7-9d32-dbaa232857c9/timeouts[39m
[35m[HTTP][39m [90m{"implicit":50}[39m
[35m[HTTP][39m [37m<-- POST /wd/hub/session/d4304f19-f09f-42e7-9d32-dbaa232857c9/timeouts [39m[32m200[39m [90m1 ms - 14[39m
[35m[HTTP][39m [90m[39m
[35m[HTTP][39m [37m-->[39m [37mGET[39m [37m/wd/hub/session/d4304f19-f09f-42e7-9d32-dbaa232857c9/window/rect[39m
[35m[HTTP][39m [90m{}[39m
[35m[HTTP][39m [37m<-- GET /wd/hub/session/d4304f19-f09f-42e7-9d32-dbaa232857c9/window/rect [39m[32m200[39m [90m20 ms - 50[39m
[35m[HTTP][39m [90m[39m
[35m[HTTP][39m [37m-->[39m [37mPOST[39m [37m/wd/hub/session/d4304f19-f09f-42e7-9d32-dbaa232857c9/elements[39m
[35m[HTTP][39m [90m{"using":"xpath","value":"//*[@class = 'android.widget.Button' and (@text = 'Kembali' or . = 'Kembali') and @resource-id = 'com.vq.mbrochuregp.client.android:id/btn_asuransi_save_back']"}[39m
[35m[HTTP][39m [37m<-- POST /wd/hub/session/d4304f19-f09f-42e7-9d32-dbaa232857c9/elements [39m[32m200[39m [90m164 ms - 139[39m
[35m[HTTP][39m [90m[39m
[35m[HTTP][39m [37m-->[39m [37mGET[39m [37m/wd/hub/session/d4304f19-f09f-42e7-9d32-dbaa232857c9/element/00000000-0000-06b1-ffff-ffff00003252/location[39m
[35m[HTTP][39m [90m{}[39m
[35m[W3C (d4304f19)][39m Driver proxy active, passing request on via HTTP proxy
[35m[WD Proxy][39m Replacing sessionId ec9aa6ef-e25f-42b9-b232-ac360580a7e4 with d4304f19-f09f-42e7-9d32-dbaa232857c9
[35m[HTTP][39m [37m<-- GET /wd/hub/session/d4304f19-f09f-42e7-9d32-dbaa232857c9/element/00000000-0000-06b1-ffff-ffff00003252/location [39m[32m200[39m [90m25 ms - 79[39m
[35m[HTTP][39m [90m[39m
[35m[HTTP][39m [37m-->[39m [37mPOST[39m [37m/wd/hub/session/d4304f19-f09f-42e7-9d32-dbaa232857c9/timeouts[39m
[35m[HTTP][39m [90m{"implicit":30000}[39m
[35m[HTTP][39m [37m<-- POST /wd/hub/session/d4304f19-f09f-42e7-9d32-dbaa232857c9/timeouts [39m[32m200[39m [90m2 ms - 14[39m
[35m[HTTP][39m [90m[39m
[35m[HTTP][39m [37m-->[39m [37mPOST[39m [37m/wd/hub/session/d4304f19-f09f-42e7-9d32-dbaa232857c9/touch/perform[39m
[35m[HTTP][39m [90m{"actions":[{"action":"tap","options":{"x":1,"y":1,"element":"00000000-0000-06b1-ffff-ffff00003252"}},{"action":"release","options":{}}]}[39m
[35m[UiAutomator2][39m calling get location: 00000000-0000-06b1-ffff-ffff00003252
[35m[HTTP][39m [37m<-- POST /wd/hub/session/d4304f19-f09f-42e7-9d32-dbaa232857c9/touch/perform [39m[32m200[39m [90m188 ms - 14[39m
[35m[HTTP][39m [90m[39m
[35m[HTTP][39m [37m-->[39m [37mGET[39m [37m/wd/hub/session/d4304f19-f09f-42e7-9d32-dbaa232857c9/context[39m
[35m[HTTP][39m [90m{}[39m
[35m[HTTP][39m [37m<-- GET /wd/hub/session/d4304f19-f09f-42e7-9d32-dbaa232857c9/context [39m[32m200[39m [90m1 ms - 22[39m
[35m[HTTP][39m [90m[39m
[35m[HTTP][39m [37m-->[39m [37mGET[39m [37m/wd/hub/session/d4304f19-f09f-42e7-9d32-dbaa232857c9/contexts[39m
[35m[HTTP][39m [90m{}[39m
[35m[HTTP][39m [37m<-- GET /wd/hub/session/d4304f19-f09f-42e7-9d32-dbaa232857c9/contexts [39m[32m200[39m [90m96 ms - 24[39m
[35m[HTTP][39m [90m[39m
[35m[HTTP][39m [37m-->[39m [37mPOST[39m [37m/wd/hub/session/d4304f19-f09f-42e7-9d32-dbaa232857c9/context[39m
[35m[HTTP][39m [90m{"name":"NATIVE_APP"}[39m
[35m[HTTP][39m [37m<-- POST /wd/hub/session/d4304f19-f09f-42e7-9d32-dbaa232857c9/context [39m[32m200[39m [90m1 ms - 14[39m
[35m[HTTP][39m [90m[39m
[35m[HTTP][39m [37m-->[39m [37mGET[39m [37m/wd/hub/session/d4304f19-f09f-42e7-9d32-dbaa232857c9/window/rect[39m
[35m[HTTP][39m [90m{}[39m
[35m[HTTP][39m [37m<-- GET /wd/hub/session/d4304f19-f09f-42e7-9d32-dbaa232857c9/window/rect [39m[32m200[39m [90m20 ms - 50[39m
[35m[HTTP][39m [90m[39m
[35m[HTTP][39m [37m-->[39m [37mPOST[39m [37m/wd/hub/session/d4304f19-f09f-42e7-9d32-dbaa232857c9/execute/sync[39m
[35m[HTTP][39m [90m{"script":"mobile: viewportScreenshot","args":[]}[39m
[35m[AndroidDriver][39m Executing native command 'mobile: viewportScreenshot'
[35m[HTTP][39m [37m<-- POST /wd/hub/session/d4304f19-f09f-42e7-9d32-dbaa232857c9/execute/sync [39m[32m200[39m [90m1261 ms - 141048[39m
[35m[HTTP][39m [90m[39m
[35m[HTTP][39m [37m-->[39m [37mPOST[39m [37m/wd/hub/session/d4304f19-f09f-42e7-9d32-dbaa232857c9/context[39m
[35m[HTTP][39m [90m{"name":"NATIVE_APP"}[39m
[35m[HTTP][39m [37m<-- POST /wd/hub/session/d4304f19-f09f-42e7-9d32-dbaa232857c9/context [39m[32m200[39m [90m2 ms - 14[39m
[35m[HTTP][39m [90m[39m
[35m[HTTP][39m [37m-->[39m [37mGET[39m [37m/wd/hub/session/d4304f19-f09f-42e7-9d32-dbaa232857c9/context[39m
[35m[HTTP][39m [90m{}[39m
[35m[HTTP][39m [37m<-- GET /wd/hub/session/d4304f19-f09f-42e7-9d32-dbaa232857c9/context [39m[32m200[39m [90m2 ms - 22[39m
[35m[HTTP][39m [90m[39m
[35m[HTTP][39m [37m-->[39m [37mGET[39m [37m/wd/hub/session/d4304f19-f09f-42e7-9d32-dbaa232857c9/contexts[39m
[35m[HTTP][39m [90m{}[39m
[35m[HTTP][39m [37m<-- GET /wd/hub/session/d4304f19-f09f-42e7-9d32-dbaa232857c9/contexts [39m[32m200[39m [90m88 ms - 24[39m
[35m[HTTP][39m [90m[39m
[35m[HTTP][39m [37m-->[39m [37mPOST[39m [37m/wd/hub/session/d4304f19-f09f-42e7-9d32-dbaa232857c9/context[39m
[35m[HTTP][39m [90m{"name":"NATIVE_APP"}[39m
[35m[HTTP][39m [37m<-- POST /wd/hub/session/d4304f19-f09f-42e7-9d32-dbaa232857c9/context [39m[32m200[39m [90m1 ms - 14[39m
[35m[HTTP][39m [90m[39m
[35m[HTTP][39m [37m-->[39m [37mPOST[39m [37m/wd/hub/session/d4304f19-f09f-42e7-9d32-dbaa232857c9/appium/device/press_keycode[39m
[35m[HTTP][39m [90m{"keycode":4}[39m
[35m[HTTP][39m [37m<-- POST /wd/hub/session/d4304f19-f09f-42e7-9d32-dbaa232857c9/appium/device/press_keycode [39m[32m200[39m [90m637 ms - 14[39m
[35m[HTTP][39m [90m[39m
[35m[HTTP][39m [37m-->[39m [37mPOST[39m [37m/wd/hub/session/d4304f19-f09f-42e7-9d32-dbaa232857c9/context[39m
[35m[HTTP][39m [90m{"name":"NATIVE_APP"}[39m
[35m[HTTP][39m [37m<-- POST /wd/hub/session/d4304f19-f09f-42e7-9d32-dbaa232857c9/context [39m[32m200[39m [90m1 ms - 14[39m
[35m[HTTP][39m [90m[39m
[35m[HTTP][39m [37m-->[39m [37mGET[39m [37m/wd/hub/session/d4304f19-f09f-42e7-9d32-dbaa232857c9/context[39m
[35m[HTTP][39m [90m{}[39m
[35m[HTTP][39m [37m<-- GET /wd/hub/session/d4304f19-f09f-42e7-9d32-dbaa232857c9/context [39m[32m200[39m [90m2 ms - 22[39m
[35m[HTTP][39m [90m[39m
[35m[HTTP][39m [37m-->[39m [37mGET[39m [37m/wd/hub/session/d4304f19-f09f-42e7-9d32-dbaa232857c9/contexts[39m
[35m[HTTP][39m [90m{}[39m
[35m[HTTP][39m [37m<-- GET /wd/hub/session/d4304f19-f09f-42e7-9d32-dbaa232857c9/contexts [39m[32m200[39m [90m88 ms - 24[39m
[35m[HTTP][39m [90m[39m
[35m[HTTP][39m [37m-->[39m [37mPOST[39m [37m/wd/hub/session/d4304f19-f09f-42e7-9d32-dbaa232857c9/context[39m
[35m[HTTP][39m [90m{"name":"NATIVE_APP"}[39m
[35m[HTTP][39m [37m<-- POST /wd/hub/session/d4304f19-f09f-42e7-9d32-dbaa232857c9/context [39m[32m200[39m [90m2 ms - 14[39m
[35m[HTTP][39m [90m[39m
[35m[HTTP][39m [37m-->[39m [37mPOST[39m [37m/wd/hub/session/d4304f19-f09f-42e7-9d32-dbaa232857c9/appium/device/press_keycode[39m
[35m[HTTP][39m [90m{"keycode":4}[39m
[35m[HTTP][39m [37m<-- POST /wd/hub/session/d4304f19-f09f-42e7-9d32-dbaa232857c9/appium/device/press_keycode [39m[32m200[39m [90m1679 ms - 14[39m
[35m[HTTP][39m [90m[39m
[35m[HTTP][39m [37m-->[39m [37mPOST[39m [37m/wd/hub/session/d4304f19-f09f-42e7-9d32-dbaa232857c9/context[39m
[35m[HTTP][39m [90m{"name":"NATIVE_APP"}[39m
[35m[HTTP][39m [37m<-- POST /wd/hub/session/d4304f19-f09f-42e7-9d32-dbaa232857c9/context [39m[32m200[39m [90m2 ms - 14[39m
[35m[HTTP][39m [90m[39m
[35m[HTTP][39m [37m-->[39m [37mGET[39m [37m/wd/hub/session/d4304f19-f09f-42e7-9d32-dbaa232857c9/window/rect[39m
[35m[HTTP][39m [90m{}[39m
[35m[HTTP][39m [37m<-- GET /wd/hub/session/d4304f19-f09f-42e7-9d32-dbaa232857c9/window/rect [39m[32m200[39m [90m25 ms - 50[39m
[35m[HTTP][39m [90m[39m
[35m[HTTP][39m [37m-->[39m [37mPOST[39m [37m/wd/hub/session/d4304f19-f09f-42e7-9d32-dbaa232857c9/elements[39m
[35m[HTTP][39m [90m{"using":"xpath","value":"//*[@resource-id = 'com.vq.mbrochuregp.client.android:id/iv_home_profil_icon' and @package = 'com.vq.mbrochuregp.client.android']"}[39m
[35m[HTTP][39m [37m<-- POST /wd/hub/session/d4304f19-f09f-42e7-9d32-dbaa232857c9/elements [39m[32m200[39m [90m618 ms - 139[39m
[35m[HTTP][39m [90m[39m
[35m[HTTP][39m [37m-->[39m [37mGET[39m [37m/wd/hub/session/d4304f19-f09f-42e7-9d32-dbaa232857c9/element/00000000-0000-06b6-ffff-ffff000032f9/location[39m
[35m[HTTP][39m [90m{}[39m
[35m[W3C (d4304f19)][39m Driver proxy active, passing request on via HTTP proxy
[35m[WD Proxy][39m Replacing sessionId ec9aa6ef-e25f-42b9-b232-ac360580a7e4 with d4304f19-f09f-42e7-9d32-dbaa232857c9
[35m[HTTP][39m [37m<-- GET /wd/hub/session/d4304f19-f09f-42e7-9d32-dbaa232857c9/element/00000000-0000-06b6-ffff-ffff000032f9/location [39m[32m200[39m [90m715 ms - 79[39m
[35m[HTTP][39m [90m[39m
[35m[HTTP][39m [37m-->[39m [37mPOST[39m [37m/wd/hub/session/d4304f19-f09f-42e7-9d32-dbaa232857c9/element/00000000-0000-06b6-ffff-ffff000032f9/click[39m
[35m[HTTP][39m [90m{"id":"00000000-0000-06b6-ffff-ffff000032f9"}[39m
[35m[HTTP][39m [37m<-- POST /wd/hub/session/d4304f19-f09f-42e7-9d32-dbaa232857c9/element/00000000-0000-06b6-ffff-ffff000032f9/click [39m[32m200[39m [90m71 ms - 14[39m
[35m[HTTP][39m [90m[39m
[35m[HTTP][39m [37m-->[39m [37mDELETE[39m [37m/wd/hub/session/d4304f19-f09f-42e7-9d32-dbaa232857c9[39m
[35m[HTTP][39m [90m{}[39m
[35m[Appium][39m Removing session d4304f19-f09f-42e7-9d32-dbaa232857c9 from our master session list
[35m[UiAutomator2][39m Restoring hidden api policy to the device default configuration
[35m[HTTP][39m [37m<-- DELETE /wd/hub/session/d4304f19-f09f-42e7-9d32-dbaa232857c9 [39m[32m200[39m [90m561 ms - 14[39m
[35m[HTTP][39m [90m[39m
