[35m[Appium][39m Welcome to Appium v1.22.2
[35m[Appium][39m Non-default server args:
[35m[Appium][39m   port: 55261
[35m[Appium][39m   loglevel: info
[35m[Appium][39m   tmpDir: C:\Users\NIAYUS~1\AppData\Local\Temp\\Katalon\Appium\Temp1655347953543
[35m[Appium][39m   chromedriverPort: 55262
[35m[Appium][39m Deprecated server args:
[35m[Appium][39m   [31m--chromedriver-port[39m => --default-capabilities
[35m[Appium][39m Default capabilities, which will be added to each request unless overridden by desired capabilities:
[35m[Appium][39m   chromedriverPort: 55262
[35m[Appium][39m Appium REST http interface listener started on 0.0.0.0:55261
[35m[HTTP][39m [37m-->[39m [37mGET[39m [37m/wd/hub/status[39m
[35m[HTTP][39m [90m{}[39m
[35m[HTTP][39m [37m<-- GET /wd/hub/status [39m[32m200[39m [90m17 ms - 68[39m
[35m[HTTP][39m [90m[39m
[35m[HTTP][39m [37m-->[39m [37mPOST[39m [37m/wd/hub/session[39m
[35m[HTTP][39m [90m{"desiredCapabilities":{"appActivity":".Settings","appPackage":"com.android.settings","newCommandTimeout":1800,"platformVersion":"11","automationName":"uiautomator2","autoGrantPermissions":true,"platformName":"Android","udid":"RR8N605F11Y","deviceName":"samsung SM-M315F (Android 11)","platform":"ANDROID","systemPort":8206},"capabilities":{"firstMatch":[{"appium:appActivity":".Settings","appium:appPackage":"com.android.settings","appium:autoGrantPermissions":true,"appium:automationName":"uiautomator2","appium:deviceName":"samsung SM-M315F (Android 11)","appium:newCommandTimeout":1800,"platform":"ANDROID","platformName":"android","appium:platformVersion":"11","appium:systemPort":8206,"appium:udid":"RR8N605F11Y"}]}}[39m
[35m[BaseDriver][39m The following capabilities are not standard capabilities and should have an extension prefix:
[35m[BaseDriver][39m   platform
[35m[BaseDriver][39m   chromedriverPort
[35m[Appium][39m Appium v1.22.2 creating new AndroidUiautomator2Driver (v1.70.1) session
[35m[BaseDriver][39m The following capabilities were provided, but are not recognized by Appium:
[35m[BaseDriver][39m   platform
[35m[BaseDriver][39m Session created with session id: fc2e4d52-4ad6-4454-8095-84ef679b3bfd
[35m[UiAutomator2][39m Starting 'com.android.settings' directly on the device
[35m[ADB][39m Cannot sort build-tools folders ["29.0.3","android-8.1.0"] by semantic version names.
[35m[ADB][39m Falling back to sorting by modification date. Original error: Invalid Version: android-8.1.0
[35m[ADB][39m Found 2 'build-tools' folders under 'C:\Users\Nia Yusniati\.katalon\tools\android_sdk' (newest first):
[35m[ADB][39m     C:/Users/Nia Yusniati/.katalon/tools/android_sdk/build-tools/29.0.3
[35m[ADB][39m     C:/Users/Nia Yusniati/.katalon/tools/android_sdk/build-tools/android-8.1.0
[35m[ADB][39m Using 'adb.exe' from 'C:\Users\Nia Yusniati\.katalon\tools\android_sdk\platform-tools\adb.exe'
[35m[AndroidDriver][39m Retrieving device list
[35m[AndroidDriver][39m Using device: RR8N605F11Y
[35m[ADB][39m Using 'adb.exe' from 'C:\Users\Nia Yusniati\.katalon\tools\android_sdk\platform-tools\adb.exe'
[35m[ADB][39m Getting device platform version
[35m[UiAutomator2][39m Relaxing hidden api policy
[35m[AndroidDriver][39m No app sent in, not parsing package/activity
[35m[ADB][39m Using 'apksigner.jar' from 'C:\Users\Nia Yusniati\.katalon\tools\android_sdk\build-tools\29.0.3\lib\apksigner.jar'
[35m[ADB][39m 'C:\Users\Nia Yusniati\AppData\Roaming\npm\node_modules\appium\node_modules\appium-uiautomator2-server\apks\appium-uiautomator2-server-v4.27.0.apk' is signed with the default certificate
[35m[ADB][39m 'C:\Users\Nia Yusniati\AppData\Roaming\npm\node_modules\appium\node_modules\appium-uiautomator2-server\apks\appium-uiautomator2-server-debug-androidTest.apk' is signed with the default certificate
[35m[UiAutomator2][39m Server packages are not going to be (re)installed
[35m[ADB][39m Adding packages ["io.appium.settings","io.appium.uiautomator2.server","io.appium.uiautomator2.server.test"] to Doze whitelist
[35m[UiAutomator2][39m Starting UIAutomator2 server 4.27.0
[35m[UiAutomator2][39m Using UIAutomator2 server from 'C:\Users\Nia Yusniati\AppData\Roaming\npm\node_modules\appium\node_modules\appium-uiautomator2-server\apks\appium-uiautomator2-server-v4.27.0.apk' and test from 'C:\Users\Nia Yusniati\AppData\Roaming\npm\node_modules\appium\node_modules\appium-uiautomator2-server\apks\appium-uiautomator2-server-debug-androidTest.apk'
[35m[UiAutomator2][39m Waiting up to 30000ms for UiAutomator2 to be online...
[35m[WD Proxy][39m socket hang up
[35m[WD Proxy][39m socket hang up
[35m[WD Proxy][39m socket hang up
[35m[WD Proxy][39m Determined the downstream protocol as 'W3C'
[35m[AndroidDriver][39m Screen already unlocked, doing nothing
[35m[UiAutomator2][39m Starting 'com.android.settings/.Settings and waiting for 'com.android.settings/.Settings'
[35m[Appium][39m New AndroidUiautomator2Driver session created successfully, session fc2e4d52-4ad6-4454-8095-84ef679b3bfd added to master session list
[35m[HTTP][39m [37m<-- POST /wd/hub/session [39m[32m200[39m [90m10183 ms - 1158[39m
[35m[HTTP][39m [90m[39m
[35m[HTTP][39m [37m-->[39m [37mGET[39m [37m/wd/hub/session/fc2e4d52-4ad6-4454-8095-84ef679b3bfd[39m
[35m[HTTP][39m [90m{}[39m
[35m[HTTP][39m [37m<-- GET /wd/hub/session/fc2e4d52-4ad6-4454-8095-84ef679b3bfd [39m[32m200[39m [90m11 ms - 1112[39m
[35m[HTTP][39m [90m[39m
[35m[HTTP][39m [37m-->[39m [37mGET[39m [37m/wd/hub/session/fc2e4d52-4ad6-4454-8095-84ef679b3bfd[39m
[35m[HTTP][39m [90m{}[39m
[35m[HTTP][39m [37m<-- GET /wd/hub/session/fc2e4d52-4ad6-4454-8095-84ef679b3bfd [39m[32m200[39m [90m10 ms - 1112[39m
[35m[HTTP][39m [90m[39m
[35m[HTTP][39m [37m-->[39m [37mGET[39m [37m/wd/hub/status[39m
[35m[HTTP][39m [90m{}[39m
[35m[HTTP][39m [37m<-- GET /wd/hub/status [39m[32m200[39m [90m1 ms - 68[39m
[35m[HTTP][39m [90m[39m
[35m[HTTP][39m [37m-->[39m [37mPOST[39m [37m/wd/hub/session/fc2e4d52-4ad6-4454-8095-84ef679b3bfd/timeouts[39m
[35m[HTTP][39m [90m{"implicit":30000}[39m
[35m[HTTP][39m [37m<-- POST /wd/hub/session/fc2e4d52-4ad6-4454-8095-84ef679b3bfd/timeouts [39m[32m200[39m [90m3 ms - 14[39m
[35m[HTTP][39m [90m[39m
[35m[HTTP][39m [37m-->[39m [37mGET[39m [37m/wd/hub/session/fc2e4d52-4ad6-4454-8095-84ef679b3bfd/screenshot[39m
[35m[HTTP][39m [90m{}[39m
[35m[HTTP][39m [37m<-- GET /wd/hub/session/fc2e4d52-4ad6-4454-8095-84ef679b3bfd/screenshot [39m[32m200[39m [90m531 ms - 223040[39m
[35m[HTTP][39m [90m[39m
[35m[HTTP][39m [37m-->[39m [37mGET[39m [37m/wd/hub/session/fc2e4d52-4ad6-4454-8095-84ef679b3bfd/window/rect[39m
[35m[HTTP][39m [90m{}[39m
[35m[HTTP][39m [37m<-- GET /wd/hub/session/fc2e4d52-4ad6-4454-8095-84ef679b3bfd/window/rect [39m[32m200[39m [90m21 ms - 50[39m
[35m[HTTP][39m [90m[39m
[35m[HTTP][39m [37m-->[39m [37mGET[39m [37m/wd/hub/session/fc2e4d52-4ad6-4454-8095-84ef679b3bfd/appium/device/system_bars[39m
[35m[HTTP][39m [90m{}[39m
[35m[HTTP][39m [37m<-- GET /wd/hub/session/fc2e4d52-4ad6-4454-8095-84ef679b3bfd/appium/device/system_bars [39m[32m200[39m [90m109 ms - 148[39m
[35m[HTTP][39m [90m[39m
[35m[HTTP][39m [37m-->[39m [37mPOST[39m [37m/wd/hub/session/fc2e4d52-4ad6-4454-8095-84ef679b3bfd/appium/device/activate_app[39m
[35m[HTTP][39m [90m{"bundleId":"com.vq.mbrochuregp.client.android"}[39m
[35m[HTTP][39m [37m<-- POST /wd/hub/session/fc2e4d52-4ad6-4454-8095-84ef679b3bfd/appium/device/activate_app [39m[32m200[39m [90m607 ms - 14[39m
[35m[HTTP][39m [90m[39m
[35m[HTTP][39m [37m-->[39m [37mGET[39m [37m/wd/hub/session/fc2e4d52-4ad6-4454-8095-84ef679b3bfd/window/rect[39m
[35m[HTTP][39m [90m{}[39m
[35m[HTTP][39m [37m<-- GET /wd/hub/session/fc2e4d52-4ad6-4454-8095-84ef679b3bfd/window/rect [39m[32m200[39m [90m28 ms - 50[39m
[35m[HTTP][39m [90m[39m
[35m[HTTP][39m [37m-->[39m [37mPOST[39m [37m/wd/hub/session/fc2e4d52-4ad6-4454-8095-84ef679b3bfd/elements[39m
[35m[HTTP][39m [90m{"using":"xpath","value":"//*[@resource-id = 'com.vq.mbrochuregp.client.android:id/iv_home_profil_icon' and @package = 'com.vq.mbrochuregp.client.android']"}[39m
[35m[HTTP][39m [37m<-- POST /wd/hub/session/fc2e4d52-4ad6-4454-8095-84ef679b3bfd/elements [39m[32m200[39m [90m1553 ms - 139[39m
[35m[HTTP][39m [90m[39m
[35m[HTTP][39m [37m-->[39m [37mGET[39m [37m/wd/hub/session/fc2e4d52-4ad6-4454-8095-84ef679b3bfd/element/00000000-0000-0779-ffff-ffff00003f3b/location[39m
[35m[HTTP][39m [90m{}[39m
[35m[W3C (fc2e4d52)][39m Driver proxy active, passing request on via HTTP proxy
[35m[WD Proxy][39m Replacing sessionId ad6d7080-1f64-4342-b45a-f69ff36b18fd with fc2e4d52-4ad6-4454-8095-84ef679b3bfd
[35m[HTTP][39m [37m<-- GET /wd/hub/session/fc2e4d52-4ad6-4454-8095-84ef679b3bfd/element/00000000-0000-0779-ffff-ffff00003f3b/location [39m[32m200[39m [90m648 ms - 79[39m
[35m[HTTP][39m [90m[39m
[35m[HTTP][39m [37m-->[39m [37mPOST[39m [37m/wd/hub/session/fc2e4d52-4ad6-4454-8095-84ef679b3bfd/element/00000000-0000-0779-ffff-ffff00003f3b/click[39m
[35m[HTTP][39m [90m{"id":"00000000-0000-0779-ffff-ffff00003f3b"}[39m
[35m[HTTP][39m [37m<-- POST /wd/hub/session/fc2e4d52-4ad6-4454-8095-84ef679b3bfd/element/00000000-0000-0779-ffff-ffff00003f3b/click [39m[32m200[39m [90m94 ms - 14[39m
[35m[HTTP][39m [90m[39m
[35m[HTTP][39m [37m-->[39m [37mPOST[39m [37m/wd/hub/session/fc2e4d52-4ad6-4454-8095-84ef679b3bfd/timeouts[39m
[35m[HTTP][39m [90m{"implicit":50}[39m
[35m[HTTP][39m [37m<-- POST /wd/hub/session/fc2e4d52-4ad6-4454-8095-84ef679b3bfd/timeouts [39m[32m200[39m [90m2 ms - 14[39m
[35m[HTTP][39m [90m[39m
[35m[HTTP][39m [37m-->[39m [37mGET[39m [37m/wd/hub/session/fc2e4d52-4ad6-4454-8095-84ef679b3bfd/window/rect[39m
[35m[HTTP][39m [90m{}[39m
[35m[HTTP][39m [37m<-- GET /wd/hub/session/fc2e4d52-4ad6-4454-8095-84ef679b3bfd/window/rect [39m[32m200[39m [90m28 ms - 50[39m
[35m[HTTP][39m [90m[39m
[35m[HTTP][39m [37m-->[39m [37mPOST[39m [37m/wd/hub/session/fc2e4d52-4ad6-4454-8095-84ef679b3bfd/elements[39m
[35m[HTTP][39m [90m{"using":"xpath","value":"//hierarchy/android.widget.FrameLayout[1]/android.widget.LinearLayout[1]/android.widget.FrameLayout[1]/android.widget.LinearLayout[1]/android.widget.FrameLayout[1]/android.view.ViewGroup[1]/android.widget.ScrollView[1]/android.widget.LinearLayout[1]/android.view.ViewGroup[1]/android.widget.LinearLayout[1]/android.widget.FrameLayout[1]/android.widget.EditText[1]"}[39m
[35m[HTTP][39m [37m<-- POST /wd/hub/session/fc2e4d52-4ad6-4454-8095-84ef679b3bfd/elements [39m[32m200[39m [90m211 ms - 139[39m
[35m[HTTP][39m [90m[39m
[35m[HTTP][39m [37m-->[39m [37mGET[39m [37m/wd/hub/session/fc2e4d52-4ad6-4454-8095-84ef679b3bfd/element/00000000-0000-0799-ffff-ffff00003fc9/location[39m
[35m[HTTP][39m [90m{}[39m
[35m[W3C (fc2e4d52)][39m Driver proxy active, passing request on via HTTP proxy
[35m[WD Proxy][39m Replacing sessionId ad6d7080-1f64-4342-b45a-f69ff36b18fd with fc2e4d52-4ad6-4454-8095-84ef679b3bfd
[35m[HTTP][39m [37m<-- GET /wd/hub/session/fc2e4d52-4ad6-4454-8095-84ef679b3bfd/element/00000000-0000-0799-ffff-ffff00003fc9/location [39m[32m200[39m [90m61 ms - 77[39m
[35m[HTTP][39m [90m[39m
[35m[HTTP][39m [37m-->[39m [37mPOST[39m [37m/wd/hub/session/fc2e4d52-4ad6-4454-8095-84ef679b3bfd/timeouts[39m
[35m[HTTP][39m [90m{"implicit":30000}[39m
[35m[HTTP][39m [37m<-- POST /wd/hub/session/fc2e4d52-4ad6-4454-8095-84ef679b3bfd/timeouts [39m[32m200[39m [90m3 ms - 14[39m
[35m[HTTP][39m [90m[39m
[35m[HTTP][39m [37m-->[39m [37mPOST[39m [37m/wd/hub/session/fc2e4d52-4ad6-4454-8095-84ef679b3bfd/element/00000000-0000-0799-ffff-ffff00003fc9/clear[39m
[35m[HTTP][39m [90m{"id":"00000000-0000-0799-ffff-ffff00003fc9"}[39m
[35m[HTTP][39m [37m<-- POST /wd/hub/session/fc2e4d52-4ad6-4454-8095-84ef679b3bfd/element/00000000-0000-0799-ffff-ffff00003fc9/clear [39m[32m200[39m [90m74 ms - 14[39m
[35m[HTTP][39m [90m[39m
[35m[HTTP][39m [37m-->[39m [37mPOST[39m [37m/wd/hub/session/fc2e4d52-4ad6-4454-8095-84ef679b3bfd/element/00000000-0000-0799-ffff-ffff00003fc9/value[39m
[35m[HTTP][39m [90m{"id":"00000000-0000-0799-ffff-ffff00003fc9","text":"ratnak@mailinator.com","value":["r","a","t","n","a","k","@","m","a","i","l","i","n","a","t","o","r",".","c","o","m"]}[39m
[35m[HTTP][39m [37m<-- POST /wd/hub/session/fc2e4d52-4ad6-4454-8095-84ef679b3bfd/element/00000000-0000-0799-ffff-ffff00003fc9/value [39m[32m200[39m [90m1012 ms - 14[39m
[35m[HTTP][39m [90m[39m
[35m[HTTP][39m [37m-->[39m [37mPOST[39m [37m/wd/hub/session/fc2e4d52-4ad6-4454-8095-84ef679b3bfd/timeouts[39m
[35m[HTTP][39m [90m{"implicit":50}[39m
[35m[HTTP][39m [37m<-- POST /wd/hub/session/fc2e4d52-4ad6-4454-8095-84ef679b3bfd/timeouts [39m[32m200[39m [90m2 ms - 14[39m
[35m[HTTP][39m [90m[39m
[35m[HTTP][39m [37m-->[39m [37mGET[39m [37m/wd/hub/session/fc2e4d52-4ad6-4454-8095-84ef679b3bfd/window/rect[39m
[35m[HTTP][39m [90m{}[39m
[35m[HTTP][39m [37m<-- GET /wd/hub/session/fc2e4d52-4ad6-4454-8095-84ef679b3bfd/window/rect [39m[32m200[39m [90m27 ms - 50[39m
[35m[HTTP][39m [90m[39m
[35m[HTTP][39m [37m-->[39m [37mPOST[39m [37m/wd/hub/session/fc2e4d52-4ad6-4454-8095-84ef679b3bfd/elements[39m
[35m[HTTP][39m [90m{"using":"xpath","value":"//hierarchy/android.widget.FrameLayout[1]/android.widget.LinearLayout[1]/android.widget.FrameLayout[1]/android.widget.LinearLayout[1]/android.widget.FrameLayout[1]/android.view.ViewGroup[1]/android.widget.ScrollView[1]/android.widget.LinearLayout[1]/android.view.ViewGroup[1]/android.widget.LinearLayout[2]/android.widget.FrameLayout[1]/android.widget.EditText[1]"}[39m
[35m[HTTP][39m [37m<-- POST /wd/hub/session/fc2e4d52-4ad6-4454-8095-84ef679b3bfd/elements [39m[32m200[39m [90m422 ms - 139[39m
[35m[HTTP][39m [90m[39m
[35m[HTTP][39m [37m-->[39m [37mGET[39m [37m/wd/hub/session/fc2e4d52-4ad6-4454-8095-84ef679b3bfd/element/00000000-0000-0799-ffff-ffff00003fcd/location[39m
[35m[HTTP][39m [90m{}[39m
[35m[W3C (fc2e4d52)][39m Driver proxy active, passing request on via HTTP proxy
[35m[WD Proxy][39m Replacing sessionId ad6d7080-1f64-4342-b45a-f69ff36b18fd with fc2e4d52-4ad6-4454-8095-84ef679b3bfd
[35m[HTTP][39m [37m<-- GET /wd/hub/session/fc2e4d52-4ad6-4454-8095-84ef679b3bfd/element/00000000-0000-0799-ffff-ffff00003fcd/location [39m[32m200[39m [90m32 ms - 78[39m
[35m[HTTP][39m [90m[39m
[35m[HTTP][39m [37m-->[39m [37mPOST[39m [37m/wd/hub/session/fc2e4d52-4ad6-4454-8095-84ef679b3bfd/timeouts[39m
[35m[HTTP][39m [90m{"implicit":30000}[39m
[35m[HTTP][39m [37m<-- POST /wd/hub/session/fc2e4d52-4ad6-4454-8095-84ef679b3bfd/timeouts [39m[32m200[39m [90m2 ms - 14[39m
[35m[HTTP][39m [90m[39m
[35m[HTTP][39m [37m-->[39m [37mPOST[39m [37m/wd/hub/session/fc2e4d52-4ad6-4454-8095-84ef679b3bfd/element/00000000-0000-0799-ffff-ffff00003fcd/clear[39m
[35m[HTTP][39m [90m{"id":"00000000-0000-0799-ffff-ffff00003fcd"}[39m
[35m[HTTP][39m [37m<-- POST /wd/hub/session/fc2e4d52-4ad6-4454-8095-84ef679b3bfd/element/00000000-0000-0799-ffff-ffff00003fcd/clear [39m[32m200[39m [90m33 ms - 14[39m
[35m[HTTP][39m [90m[39m
[35m[HTTP][39m [37m-->[39m [37mPOST[39m [37m/wd/hub/session/fc2e4d52-4ad6-4454-8095-84ef679b3bfd/element/00000000-0000-0799-ffff-ffff00003fcd/value[39m
[35m[HTTP][39m [90m{"id":"00000000-0000-0799-ffff-ffff00003fcd","text":"123abc","value":["1","2","3","a","b","c"]}[39m
[35m[HTTP][39m [37m<-- POST /wd/hub/session/fc2e4d52-4ad6-4454-8095-84ef679b3bfd/element/00000000-0000-0799-ffff-ffff00003fcd/value [39m[32m200[39m [90m1013 ms - 14[39m
[35m[HTTP][39m [90m[39m
[35m[HTTP][39m [37m-->[39m [37mGET[39m [37m/wd/hub/session/fc2e4d52-4ad6-4454-8095-84ef679b3bfd/context[39m
[35m[HTTP][39m [90m{}[39m
[35m[HTTP][39m [37m<-- GET /wd/hub/session/fc2e4d52-4ad6-4454-8095-84ef679b3bfd/context [39m[32m200[39m [90m2 ms - 22[39m
[35m[HTTP][39m [90m[39m
[35m[HTTP][39m [37m-->[39m [37mGET[39m [37m/wd/hub/session/fc2e4d52-4ad6-4454-8095-84ef679b3bfd/contexts[39m
[35m[HTTP][39m [90m{}[39m
[35m[HTTP][39m [37m<-- GET /wd/hub/session/fc2e4d52-4ad6-4454-8095-84ef679b3bfd/contexts [39m[32m200[39m [90m120 ms - 24[39m
[35m[HTTP][39m [90m[39m
[35m[HTTP][39m [37m-->[39m [37mPOST[39m [37m/wd/hub/session/fc2e4d52-4ad6-4454-8095-84ef679b3bfd/context[39m
[35m[HTTP][39m [90m{"name":"NATIVE_APP"}[39m
[35m[HTTP][39m [37m<-- POST /wd/hub/session/fc2e4d52-4ad6-4454-8095-84ef679b3bfd/context [39m[32m200[39m [90m2 ms - 14[39m
[35m[HTTP][39m [90m[39m
[35m[HTTP][39m [37m-->[39m [37mGET[39m [37m/wd/hub/session/fc2e4d52-4ad6-4454-8095-84ef679b3bfd/window/rect[39m
[35m[HTTP][39m [90m{}[39m
[35m[HTTP][39m [37m<-- GET /wd/hub/session/fc2e4d52-4ad6-4454-8095-84ef679b3bfd/window/rect [39m[32m200[39m [90m25 ms - 50[39m
[35m[HTTP][39m [90m[39m
[35m[HTTP][39m [37m-->[39m [37mPOST[39m [37m/wd/hub/session/fc2e4d52-4ad6-4454-8095-84ef679b3bfd/execute/sync[39m
[35m[HTTP][39m [90m{"script":"mobile: viewportScreenshot","args":[]}[39m
[35m[AndroidDriver][39m Executing native command 'mobile: viewportScreenshot'
[35m[HTTP][39m [37m<-- POST /wd/hub/session/fc2e4d52-4ad6-4454-8095-84ef679b3bfd/execute/sync [39m[32m200[39m [90m1374 ms - 154716[39m
[35m[HTTP][39m [90m[39m
[35m[HTTP][39m [37m-->[39m [37mPOST[39m [37m/wd/hub/session/fc2e4d52-4ad6-4454-8095-84ef679b3bfd/context[39m
[35m[HTTP][39m [90m{"name":"NATIVE_APP"}[39m
[35m[HTTP][39m [37m<-- POST /wd/hub/session/fc2e4d52-4ad6-4454-8095-84ef679b3bfd/context [39m[32m200[39m [90m2 ms - 14[39m
[35m[HTTP][39m [90m[39m
[35m[HTTP][39m [37m-->[39m [37mPOST[39m [37m/wd/hub/session/fc2e4d52-4ad6-4454-8095-84ef679b3bfd/timeouts[39m
[35m[HTTP][39m [90m{"implicit":50}[39m
[35m[HTTP][39m [37m<-- POST /wd/hub/session/fc2e4d52-4ad6-4454-8095-84ef679b3bfd/timeouts [39m[32m200[39m [90m2 ms - 14[39m
[35m[HTTP][39m [90m[39m
[35m[HTTP][39m [37m-->[39m [37mGET[39m [37m/wd/hub/session/fc2e4d52-4ad6-4454-8095-84ef679b3bfd/window/rect[39m
[35m[HTTP][39m [90m{}[39m
[35m[HTTP][39m [37m<-- GET /wd/hub/session/fc2e4d52-4ad6-4454-8095-84ef679b3bfd/window/rect [39m[32m200[39m [90m30 ms - 50[39m
[35m[HTTP][39m [90m[39m
[35m[HTTP][39m [37m-->[39m [37mPOST[39m [37m/wd/hub/session/fc2e4d52-4ad6-4454-8095-84ef679b3bfd/elements[39m
[35m[HTTP][39m [90m{"using":"xpath","value":"//hierarchy/android.widget.FrameLayout[1]/android.widget.LinearLayout[1]/android.widget.FrameLayout[1]/android.widget.LinearLayout[1]/android.widget.FrameLayout[1]/android.view.ViewGroup[1]/android.widget.ScrollView[1]/android.widget.LinearLayout[1]/android.view.ViewGroup[1]/android.widget.Button[1]"}[39m
[35m[HTTP][39m [37m<-- POST /wd/hub/session/fc2e4d52-4ad6-4454-8095-84ef679b3bfd/elements [39m[32m200[39m [90m217 ms - 139[39m
[35m[HTTP][39m [90m[39m
[35m[HTTP][39m [37m-->[39m [37mGET[39m [37m/wd/hub/session/fc2e4d52-4ad6-4454-8095-84ef679b3bfd/element/00000000-0000-0799-ffff-ffff00003fd0/location[39m
[35m[HTTP][39m [90m{}[39m
[35m[W3C (fc2e4d52)][39m Driver proxy active, passing request on via HTTP proxy
[35m[WD Proxy][39m Replacing sessionId ad6d7080-1f64-4342-b45a-f69ff36b18fd with fc2e4d52-4ad6-4454-8095-84ef679b3bfd
[35m[HTTP][39m [37m<-- GET /wd/hub/session/fc2e4d52-4ad6-4454-8095-84ef679b3bfd/element/00000000-0000-0799-ffff-ffff00003fd0/location [39m[32m200[39m [90m54 ms - 78[39m
[35m[HTTP][39m [90m[39m
[35m[HTTP][39m [37m-->[39m [37mPOST[39m [37m/wd/hub/session/fc2e4d52-4ad6-4454-8095-84ef679b3bfd/timeouts[39m
[35m[HTTP][39m [90m{"implicit":30000}[39m
[35m[HTTP][39m [37m<-- POST /wd/hub/session/fc2e4d52-4ad6-4454-8095-84ef679b3bfd/timeouts [39m[32m200[39m [90m1 ms - 14[39m
[35m[HTTP][39m [90m[39m
[35m[HTTP][39m [37m-->[39m [37mPOST[39m [37m/wd/hub/session/fc2e4d52-4ad6-4454-8095-84ef679b3bfd/touch/perform[39m
[35m[HTTP][39m [90m{"actions":[{"action":"tap","options":{"x":1,"y":1,"element":"00000000-0000-0799-ffff-ffff00003fd0"}},{"action":"release","options":{}}]}[39m
[35m[UiAutomator2][39m calling get location: 00000000-0000-0799-ffff-ffff00003fd0
[35m[HTTP][39m [37m<-- POST /wd/hub/session/fc2e4d52-4ad6-4454-8095-84ef679b3bfd/touch/perform [39m[32m200[39m [90m234 ms - 14[39m
[35m[HTTP][39m [90m[39m
[35m[HTTP][39m [37m-->[39m [37mGET[39m [37m/wd/hub/session/fc2e4d52-4ad6-4454-8095-84ef679b3bfd/window/rect[39m
[35m[HTTP][39m [90m{}[39m
[35m[HTTP][39m [37m<-- GET /wd/hub/session/fc2e4d52-4ad6-4454-8095-84ef679b3bfd/window/rect [39m[32m200[39m [90m24 ms - 50[39m
[35m[HTTP][39m [90m[39m
[35m[HTTP][39m [37m-->[39m [37mPOST[39m [37m/wd/hub/session/fc2e4d52-4ad6-4454-8095-84ef679b3bfd/elements[39m
[35m[HTTP][39m [90m{"using":"xpath","value":"//*[@resource-id = 'com.vq.mbrochuregp.client.android:id/iv_home_profil_icon' and @package = 'com.vq.mbrochuregp.client.android']"}[39m
[35m[HTTP][39m [37m<-- POST /wd/hub/session/fc2e4d52-4ad6-4454-8095-84ef679b3bfd/elements [39m[32m200[39m [90m4614 ms - 139[39m
[35m[HTTP][39m [90m[39m
[35m[HTTP][39m [37m-->[39m [37mGET[39m [37m/wd/hub/session/fc2e4d52-4ad6-4454-8095-84ef679b3bfd/element/00000000-0000-079b-ffff-ffff0000402a/location[39m
[35m[HTTP][39m [90m{}[39m
[35m[W3C (fc2e4d52)][39m Driver proxy active, passing request on via HTTP proxy
[35m[WD Proxy][39m Replacing sessionId ad6d7080-1f64-4342-b45a-f69ff36b18fd with fc2e4d52-4ad6-4454-8095-84ef679b3bfd
[35m[HTTP][39m [37m<-- GET /wd/hub/session/fc2e4d52-4ad6-4454-8095-84ef679b3bfd/element/00000000-0000-079b-ffff-ffff0000402a/location [39m[32m200[39m [90m450 ms - 79[39m
[35m[HTTP][39m [90m[39m
[35m[HTTP][39m [37m-->[39m [37mPOST[39m [37m/wd/hub/session/fc2e4d52-4ad6-4454-8095-84ef679b3bfd/element/00000000-0000-079b-ffff-ffff0000402a/click[39m
[35m[HTTP][39m [90m{"id":"00000000-0000-079b-ffff-ffff0000402a"}[39m
[35m[HTTP][39m [37m<-- POST /wd/hub/session/fc2e4d52-4ad6-4454-8095-84ef679b3bfd/element/00000000-0000-079b-ffff-ffff0000402a/click [39m[32m200[39m [90m56 ms - 14[39m
[35m[HTTP][39m [90m[39m
[35m[HTTP][39m [37m-->[39m [37mGET[39m [37m/wd/hub/session/fc2e4d52-4ad6-4454-8095-84ef679b3bfd/context[39m
[35m[HTTP][39m [90m{}[39m
[35m[HTTP][39m [37m<-- GET /wd/hub/session/fc2e4d52-4ad6-4454-8095-84ef679b3bfd/context [39m[32m200[39m [90m2 ms - 22[39m
[35m[HTTP][39m [90m[39m
[35m[HTTP][39m [37m-->[39m [37mGET[39m [37m/wd/hub/session/fc2e4d52-4ad6-4454-8095-84ef679b3bfd/contexts[39m
[35m[HTTP][39m [90m{}[39m
[35m[HTTP][39m [37m<-- GET /wd/hub/session/fc2e4d52-4ad6-4454-8095-84ef679b3bfd/contexts [39m[32m200[39m [90m127 ms - 24[39m
[35m[HTTP][39m [90m[39m
[35m[HTTP][39m [37m-->[39m [37mPOST[39m [37m/wd/hub/session/fc2e4d52-4ad6-4454-8095-84ef679b3bfd/context[39m
[35m[HTTP][39m [90m{"name":"NATIVE_APP"}[39m
[35m[HTTP][39m [37m<-- POST /wd/hub/session/fc2e4d52-4ad6-4454-8095-84ef679b3bfd/context [39m[32m200[39m [90m2 ms - 14[39m
[35m[HTTP][39m [90m[39m
[35m[HTTP][39m [37m-->[39m [37mGET[39m [37m/wd/hub/session/fc2e4d52-4ad6-4454-8095-84ef679b3bfd/window/rect[39m
[35m[HTTP][39m [90m{}[39m
[35m[HTTP][39m [37m<-- GET /wd/hub/session/fc2e4d52-4ad6-4454-8095-84ef679b3bfd/window/rect [39m[32m200[39m [90m21 ms - 50[39m
[35m[HTTP][39m [90m[39m
[35m[HTTP][39m [37m-->[39m [37mPOST[39m [37m/wd/hub/session/fc2e4d52-4ad6-4454-8095-84ef679b3bfd/execute/sync[39m
[35m[HTTP][39m [90m{"script":"mobile: viewportScreenshot","args":[]}[39m
[35m[AndroidDriver][39m Executing native command 'mobile: viewportScreenshot'
[35m[HTTP][39m [37m<-- POST /wd/hub/session/fc2e4d52-4ad6-4454-8095-84ef679b3bfd/execute/sync [39m[32m200[39m [90m1286 ms - 267620[39m
[35m[HTTP][39m [90m[39m
[35m[HTTP][39m [37m-->[39m [37mPOST[39m [37m/wd/hub/session/fc2e4d52-4ad6-4454-8095-84ef679b3bfd/context[39m
[35m[HTTP][39m [90m{"name":"NATIVE_APP"}[39m
[35m[HTTP][39m [37m<-- POST /wd/hub/session/fc2e4d52-4ad6-4454-8095-84ef679b3bfd/context [39m[32m200[39m [90m2 ms - 14[39m
[35m[HTTP][39m [90m[39m
[35m[HTTP][39m [37m-->[39m [37mGET[39m [37m/wd/hub/session/fc2e4d52-4ad6-4454-8095-84ef679b3bfd/window/rect[39m
[35m[HTTP][39m [90m{}[39m
[35m[HTTP][39m [37m<-- GET /wd/hub/session/fc2e4d52-4ad6-4454-8095-84ef679b3bfd/window/rect [39m[32m200[39m [90m28 ms - 50[39m
[35m[HTTP][39m [90m[39m
[35m[HTTP][39m [37m-->[39m [37mPOST[39m [37m/wd/hub/session/fc2e4d52-4ad6-4454-8095-84ef679b3bfd/elements[39m
[35m[HTTP][39m [90m{"using":"xpath","value":"//*[@class = 'android.widget.ImageView' and @resource-id = 'com.vq.mbrochuregp.client.android:id/iv_home_icon' and (@text = '' or . = '')]"}[39m
[35m[HTTP][39m [37m<-- POST /wd/hub/session/fc2e4d52-4ad6-4454-8095-84ef679b3bfd/elements [39m[32m200[39m [90m332 ms - 139[39m
[35m[HTTP][39m [90m[39m
[35m[HTTP][39m [37m-->[39m [37mGET[39m [37m/wd/hub/session/fc2e4d52-4ad6-4454-8095-84ef679b3bfd/element/00000000-0000-079d-ffff-ffff00004099/location[39m
[35m[HTTP][39m [90m{}[39m
[35m[W3C (fc2e4d52)][39m Driver proxy active, passing request on via HTTP proxy
[35m[WD Proxy][39m Replacing sessionId ad6d7080-1f64-4342-b45a-f69ff36b18fd with fc2e4d52-4ad6-4454-8095-84ef679b3bfd
[35m[HTTP][39m [37m<-- GET /wd/hub/session/fc2e4d52-4ad6-4454-8095-84ef679b3bfd/element/00000000-0000-079d-ffff-ffff00004099/location [39m[32m200[39m [90m508 ms - 78[39m
[35m[HTTP][39m [90m[39m
[35m[HTTP][39m [37m-->[39m [37mPOST[39m [37m/wd/hub/session/fc2e4d52-4ad6-4454-8095-84ef679b3bfd/element/00000000-0000-079d-ffff-ffff00004099/click[39m
[35m[HTTP][39m [90m{"id":"00000000-0000-079d-ffff-ffff00004099"}[39m
[35m[HTTP][39m [37m<-- POST /wd/hub/session/fc2e4d52-4ad6-4454-8095-84ef679b3bfd/element/00000000-0000-079d-ffff-ffff00004099/click [39m[32m200[39m [90m71 ms - 14[39m
[35m[HTTP][39m [90m[39m
[35m[HTTP][39m [37m-->[39m [37mGET[39m [37m/wd/hub/status[39m
[35m[HTTP][39m [90m{}[39m
[35m[HTTP][39m [37m<-- GET /wd/hub/status [39m[32m200[39m [90m1 ms - 68[39m
[35m[HTTP][39m [90m[39m
[35m[HTTP][39m [37m-->[39m [37mPOST[39m [37m/wd/hub/session[39m
[35m[HTTP][39m [90m{"desiredCapabilities":{"appActivity":".Settings","appPackage":"com.android.settings","newCommandTimeout":1800,"platformVersion":"11","automationName":"uiautomator2","autoGrantPermissions":true,"platformName":"Android","udid":"RR8N605F11Y","deviceName":"samsung SM-M315F (Android 11)","platform":"ANDROID","systemPort":8210},"capabilities":{"firstMatch":[{"appium:appActivity":".Settings","appium:appPackage":"com.android.settings","appium:autoGrantPermissions":true,"appium:automationName":"uiautomator2","appium:deviceName":"samsung SM-M315F (Android 11)","appium:newCommandTimeout":1800,"platform":"ANDROID","platformName":"android","appium:platformVersion":"11","appium:systemPort":8210,"appium:udid":"RR8N605F11Y"}]}}[39m
[35m[BaseDriver][39m The following capabilities are not standard capabilities and should have an extension prefix:
[35m[BaseDriver][39m   platform
[35m[BaseDriver][39m   chromedriverPort
[35m[Appium][39m Appium v1.22.2 creating new AndroidUiautomator2Driver (v1.70.1) session
[35m[BaseDriver][39m The following capabilities were provided, but are not recognized by Appium:
[35m[BaseDriver][39m   platform
[35m[BaseDriver][39m Session created with session id: 105a962b-de02-41bf-bdd5-4dd802fb598f
[35m[UiAutomator2][39m Starting 'com.android.settings' directly on the device
[35m[ADB][39m Using 'adb.exe' from 'C:\Users\Nia Yusniati\.katalon\tools\android_sdk\platform-tools\adb.exe'
[35m[AndroidDriver][39m Retrieving device list
[35m[AndroidDriver][39m Using device: RR8N605F11Y
[35m[ADB][39m Using 'adb.exe' from 'C:\Users\Nia Yusniati\.katalon\tools\android_sdk\platform-tools\adb.exe'
[35m[ADB][39m Getting device platform version
[35m[UiAutomator2][39m Relaxing hidden api policy
[35m[AndroidDriver][39m No app sent in, not parsing package/activity
[35m[UiAutomator2][39m Server packages are not going to be (re)installed
[35m[ADB][39m Adding packages ["io.appium.settings","io.appium.uiautomator2.server","io.appium.uiautomator2.server.test"] to Doze whitelist
[35m[UiAutomator2][39m Starting UIAutomator2 server 4.27.0
[35m[UiAutomator2][39m Using UIAutomator2 server from 'C:\Users\Nia Yusniati\AppData\Roaming\npm\node_modules\appium\node_modules\appium-uiautomator2-server\apks\appium-uiautomator2-server-v4.27.0.apk' and test from 'C:\Users\Nia Yusniati\AppData\Roaming\npm\node_modules\appium\node_modules\appium-uiautomator2-server\apks\appium-uiautomator2-server-debug-androidTest.apk'
[35m[UiAutomator2][39m Waiting up to 30000ms for UiAutomator2 to be online...
[35m[WD Proxy][39m socket hang up
[35m[WD Proxy][39m socket hang up
[35m[WD Proxy][39m socket hang up
[35m[WD Proxy][39m Determined the downstream protocol as 'W3C'
[35m[AndroidDriver][39m Screen already unlocked, doing nothing
[35m[UiAutomator2][39m Starting 'com.android.settings/.Settings and waiting for 'com.android.settings/.Settings'
[35m[Appium][39m New AndroidUiautomator2Driver session created successfully, session 105a962b-de02-41bf-bdd5-4dd802fb598f added to master session list
[35m[HTTP][39m [37m<-- POST /wd/hub/session [39m[32m200[39m [90m9128 ms - 1158[39m
[35m[HTTP][39m [90m[39m
[35m[HTTP][39m [37m-->[39m [37mGET[39m [37m/wd/hub/session/105a962b-de02-41bf-bdd5-4dd802fb598f[39m
[35m[HTTP][39m [90m{}[39m
[35m[HTTP][39m [37m<-- GET /wd/hub/session/105a962b-de02-41bf-bdd5-4dd802fb598f [39m[32m200[39m [90m16 ms - 1112[39m
[35m[HTTP][39m [90m[39m
[35m[HTTP][39m [37m-->[39m [37mGET[39m [37m/wd/hub/session/105a962b-de02-41bf-bdd5-4dd802fb598f[39m
[35m[HTTP][39m [90m{}[39m
[35m[HTTP][39m [37m<-- GET /wd/hub/session/105a962b-de02-41bf-bdd5-4dd802fb598f [39m[32m200[39m [90m11 ms - 1112[39m
[35m[HTTP][39m [90m[39m
[35m[HTTP][39m [37m-->[39m [37mGET[39m [37m/wd/hub/status[39m
[35m[HTTP][39m [90m{}[39m
[35m[HTTP][39m [37m<-- GET /wd/hub/status [39m[32m200[39m [90m1 ms - 68[39m
[35m[HTTP][39m [90m[39m
[35m[HTTP][39m [37m-->[39m [37mPOST[39m [37m/wd/hub/session/105a962b-de02-41bf-bdd5-4dd802fb598f/timeouts[39m
[35m[HTTP][39m [90m{"implicit":30000}[39m
[35m[HTTP][39m [37m<-- POST /wd/hub/session/105a962b-de02-41bf-bdd5-4dd802fb598f/timeouts [39m[32m200[39m [90m1 ms - 14[39m
[35m[HTTP][39m [90m[39m
[35m[HTTP][39m [37m-->[39m [37mGET[39m [37m/wd/hub/session/105a962b-de02-41bf-bdd5-4dd802fb598f/screenshot[39m
[35m[HTTP][39m [90m{}[39m
[35m[HTTP][39m [37m<-- GET /wd/hub/session/105a962b-de02-41bf-bdd5-4dd802fb598f/screenshot [39m[32m200[39m [90m559 ms - 228032[39m
[35m[HTTP][39m [90m[39m
[35m[HTTP][39m [37m-->[39m [37mGET[39m [37m/wd/hub/session/105a962b-de02-41bf-bdd5-4dd802fb598f/window/rect[39m
[35m[HTTP][39m [90m{}[39m
[35m[HTTP][39m [37m<-- GET /wd/hub/session/105a962b-de02-41bf-bdd5-4dd802fb598f/window/rect [39m[32m200[39m [90m11 ms - 50[39m
[35m[HTTP][39m [90m[39m
[35m[HTTP][39m [37m-->[39m [37mGET[39m [37m/wd/hub/session/105a962b-de02-41bf-bdd5-4dd802fb598f/appium/device/system_bars[39m
[35m[HTTP][39m [90m{}[39m
[35m[HTTP][39m [37m<-- GET /wd/hub/session/105a962b-de02-41bf-bdd5-4dd802fb598f/appium/device/system_bars [39m[32m200[39m [90m116 ms - 148[39m
[35m[HTTP][39m [90m[39m
[35m[HTTP][39m [37m-->[39m [37mPOST[39m [37m/wd/hub/session/105a962b-de02-41bf-bdd5-4dd802fb598f/appium/device/activate_app[39m
[35m[HTTP][39m [90m{"bundleId":"com.vq.mbrochuregp.client.android"}[39m
[35m[HTTP][39m [37m<-- POST /wd/hub/session/105a962b-de02-41bf-bdd5-4dd802fb598f/appium/device/activate_app [39m[32m200[39m [90m575 ms - 14[39m
[35m[HTTP][39m [90m[39m
[35m[HTTP][39m [37m-->[39m [37mGET[39m [37m/wd/hub/session/105a962b-de02-41bf-bdd5-4dd802fb598f/context[39m
[35m[HTTP][39m [90m{}[39m
[35m[HTTP][39m [37m<-- GET /wd/hub/session/105a962b-de02-41bf-bdd5-4dd802fb598f/context [39m[32m200[39m [90m2 ms - 22[39m
[35m[HTTP][39m [90m[39m
[35m[HTTP][39m [37m-->[39m [37mGET[39m [37m/wd/hub/session/105a962b-de02-41bf-bdd5-4dd802fb598f/contexts[39m
[35m[HTTP][39m [90m{}[39m
[35m[HTTP][39m [37m<-- GET /wd/hub/session/105a962b-de02-41bf-bdd5-4dd802fb598f/contexts [39m[32m200[39m [90m125 ms - 24[39m
[35m[HTTP][39m [90m[39m
[35m[HTTP][39m [37m-->[39m [37mPOST[39m [37m/wd/hub/session/105a962b-de02-41bf-bdd5-4dd802fb598f/context[39m
[35m[HTTP][39m [90m{"name":"NATIVE_APP"}[39m
[35m[HTTP][39m [37m<-- POST /wd/hub/session/105a962b-de02-41bf-bdd5-4dd802fb598f/context [39m[32m200[39m [90m3 ms - 14[39m
[35m[HTTP][39m [90m[39m
[35m[HTTP][39m [37m-->[39m [37mPOST[39m [37m/wd/hub/session/105a962b-de02-41bf-bdd5-4dd802fb598f/appium/device/press_keycode[39m
[35m[HTTP][39m [90m{"keycode":4}[39m
[35m[HTTP][39m [37m<-- POST /wd/hub/session/105a962b-de02-41bf-bdd5-4dd802fb598f/appium/device/press_keycode [39m[32m200[39m [90m269 ms - 14[39m
[35m[HTTP][39m [90m[39m
[35m[HTTP][39m [37m-->[39m [37mPOST[39m [37m/wd/hub/session/105a962b-de02-41bf-bdd5-4dd802fb598f/context[39m
[35m[HTTP][39m [90m{"name":"NATIVE_APP"}[39m
[35m[HTTP][39m [37m<-- POST /wd/hub/session/105a962b-de02-41bf-bdd5-4dd802fb598f/context [39m[32m200[39m [90m2 ms - 14[39m
[35m[HTTP][39m [90m[39m
[35m[HTTP][39m [37m-->[39m [37mPOST[39m [37m/wd/hub/session/105a962b-de02-41bf-bdd5-4dd802fb598f/timeouts[39m
[35m[HTTP][39m [90m{"implicit":50}[39m
[35m[HTTP][39m [37m<-- POST /wd/hub/session/105a962b-de02-41bf-bdd5-4dd802fb598f/timeouts [39m[32m200[39m [90m2 ms - 14[39m
[35m[HTTP][39m [90m[39m
[35m[HTTP][39m [37m-->[39m [37mGET[39m [37m/wd/hub/session/105a962b-de02-41bf-bdd5-4dd802fb598f/window/rect[39m
[35m[HTTP][39m [90m{}[39m
[35m[HTTP][39m [37m<-- GET /wd/hub/session/105a962b-de02-41bf-bdd5-4dd802fb598f/window/rect [39m[32m200[39m [90m11 ms - 50[39m
[35m[HTTP][39m [90m[39m
[35m[HTTP][39m [37m-->[39m [37mPOST[39m [37m/wd/hub/session/105a962b-de02-41bf-bdd5-4dd802fb598f/elements[39m
[35m[HTTP][39m [90m{"using":"xpath","value":"//*[@class = 'android.widget.Button' and (@text = 'TIDAK' or . = 'TIDAK') and @resource-id = 'android:id/button2']"}[39m
[35m[HTTP][39m [37m<-- POST /wd/hub/session/105a962b-de02-41bf-bdd5-4dd802fb598f/elements [39m[32m200[39m [90m677 ms - 139[39m
[35m[HTTP][39m [90m[39m
[35m[HTTP][39m [37m-->[39m [37mGET[39m [37m/wd/hub/session/105a962b-de02-41bf-bdd5-4dd802fb598f/element/00000000-0000-07c3-ffff-ffff00004177/location[39m
[35m[HTTP][39m [90m{}[39m
[35m[W3C (105a962b)][39m Driver proxy active, passing request on via HTTP proxy
[35m[WD Proxy][39m Replacing sessionId 96a351b1-0416-45e3-ade1-3afab26a3e12 with 105a962b-de02-41bf-bdd5-4dd802fb598f
[35m[HTTP][39m [37m<-- GET /wd/hub/session/105a962b-de02-41bf-bdd5-4dd802fb598f/element/00000000-0000-07c3-ffff-ffff00004177/location [39m[32m200[39m [90m883 ms - 79[39m
[35m[HTTP][39m [90m[39m
[35m[HTTP][39m [37m-->[39m [37mPOST[39m [37m/wd/hub/session/105a962b-de02-41bf-bdd5-4dd802fb598f/timeouts[39m
[35m[HTTP][39m [90m{"implicit":30000}[39m
[35m[HTTP][39m [37m<-- POST /wd/hub/session/105a962b-de02-41bf-bdd5-4dd802fb598f/timeouts [39m[32m200[39m [90m2 ms - 14[39m
[35m[HTTP][39m [90m[39m
[35m[HTTP][39m [37m-->[39m [37mPOST[39m [37m/wd/hub/session/105a962b-de02-41bf-bdd5-4dd802fb598f/touch/perform[39m
[35m[HTTP][39m [90m{"actions":[{"action":"tap","options":{"x":1,"y":1,"element":"00000000-0000-07c3-ffff-ffff00004177"}},{"action":"release","options":{}}]}[39m
[35m[UiAutomator2][39m calling get location: 00000000-0000-07c3-ffff-ffff00004177
[35m[HTTP][39m [37m<-- POST /wd/hub/session/105a962b-de02-41bf-bdd5-4dd802fb598f/touch/perform [39m[32m200[39m [90m978 ms - 14[39m
[35m[HTTP][39m [90m[39m
[35m[HTTP][39m [37m-->[39m [37mPOST[39m [37m/wd/hub/session/105a962b-de02-41bf-bdd5-4dd802fb598f/timeouts[39m
[35m[HTTP][39m [90m{"implicit":50}[39m
[35m[HTTP][39m [37m<-- POST /wd/hub/session/105a962b-de02-41bf-bdd5-4dd802fb598f/timeouts [39m[32m200[39m [90m1 ms - 14[39m
[35m[HTTP][39m [90m[39m
[35m[HTTP][39m [37m-->[39m [37mGET[39m [37m/wd/hub/session/105a962b-de02-41bf-bdd5-4dd802fb598f/window/rect[39m
[35m[HTTP][39m [90m{}[39m
[35m[HTTP][39m [37m<-- GET /wd/hub/session/105a962b-de02-41bf-bdd5-4dd802fb598f/window/rect [39m[32m200[39m [90m10 ms - 50[39m
[35m[HTTP][39m [90m[39m
[35m[HTTP][39m [37m-->[39m [37mPOST[39m [37m/wd/hub/session/105a962b-de02-41bf-bdd5-4dd802fb598f/elements[39m
[35m[HTTP][39m [90m{"using":"xpath","value":"//hierarchy/android.widget.FrameLayout[1]/android.widget.LinearLayout[1]/android.widget.FrameLayout[1]/android.widget.LinearLayout[1]/android.widget.FrameLayout[1]/android.view.ViewGroup[1]/android.widget.ScrollView[1]/android.widget.LinearLayout[1]/android.view.ViewGroup[2]/android.widget.LinearLayout[1]/androidx.recyclerview.widget.RecyclerView[1]/android.widget.LinearLayout[8]/android.widget.ImageView[1]"}[39m
[35m[HTTP][39m [37m<-- POST /wd/hub/session/105a962b-de02-41bf-bdd5-4dd802fb598f/elements [39m[32m200[39m [90m167 ms - 139[39m
[35m[HTTP][39m [90m[39m
[35m[HTTP][39m [37m-->[39m [37mGET[39m [37m/wd/hub/session/105a962b-de02-41bf-bdd5-4dd802fb598f/element/00000000-0000-07a7-ffff-ffff00004128/location[39m
[35m[HTTP][39m [90m{}[39m
[35m[W3C (105a962b)][39m Driver proxy active, passing request on via HTTP proxy
[35m[WD Proxy][39m Replacing sessionId 96a351b1-0416-45e3-ade1-3afab26a3e12 with 105a962b-de02-41bf-bdd5-4dd802fb598f
[35m[HTTP][39m [37m<-- GET /wd/hub/session/105a962b-de02-41bf-bdd5-4dd802fb598f/element/00000000-0000-07a7-ffff-ffff00004128/location [39m[32m200[39m [90m13 ms - 79[39m
[35m[HTTP][39m [90m[39m
[35m[HTTP][39m [37m-->[39m [37mPOST[39m [37m/wd/hub/session/105a962b-de02-41bf-bdd5-4dd802fb598f/timeouts[39m
[35m[HTTP][39m [90m{"implicit":30000}[39m
[35m[HTTP][39m [37m<-- POST /wd/hub/session/105a962b-de02-41bf-bdd5-4dd802fb598f/timeouts [39m[32m200[39m [90m1 ms - 14[39m
[35m[HTTP][39m [90m[39m
[35m[HTTP][39m [37m-->[39m [37mPOST[39m [37m/wd/hub/session/105a962b-de02-41bf-bdd5-4dd802fb598f/touch/perform[39m
[35m[HTTP][39m [90m{"actions":[{"action":"tap","options":{"x":1,"y":1,"element":"00000000-0000-07a7-ffff-ffff00004128"}},{"action":"release","options":{}}]}[39m
[35m[UiAutomator2][39m calling get location: 00000000-0000-07a7-ffff-ffff00004128
[35m[HTTP][39m [37m<-- POST /wd/hub/session/105a962b-de02-41bf-bdd5-4dd802fb598f/touch/perform [39m[32m200[39m [90m155 ms - 14[39m
[35m[HTTP][39m [90m[39m
[35m[HTTP][39m [37m-->[39m [37mPOST[39m [37m/wd/hub/session/105a962b-de02-41bf-bdd5-4dd802fb598f/timeouts[39m
[35m[HTTP][39m [90m{"implicit":50}[39m
[35m[HTTP][39m [37m<-- POST /wd/hub/session/105a962b-de02-41bf-bdd5-4dd802fb598f/timeouts [39m[32m200[39m [90m1 ms - 14[39m
[35m[HTTP][39m [90m[39m
[35m[HTTP][39m [37m-->[39m [37mGET[39m [37m/wd/hub/session/105a962b-de02-41bf-bdd5-4dd802fb598f/window/rect[39m
[35m[HTTP][39m [90m{}[39m
[35m[HTTP][39m [37m<-- GET /wd/hub/session/105a962b-de02-41bf-bdd5-4dd802fb598f/window/rect [39m[32m200[39m [90m10 ms - 50[39m
[35m[HTTP][39m [90m[39m
[35m[HTTP][39m [37m-->[39m [37mPOST[39m [37m/wd/hub/session/105a962b-de02-41bf-bdd5-4dd802fb598f/elements[39m
[35m[HTTP][39m [90m{"using":"xpath","value":"//hierarchy/android.widget.FrameLayout[1]/android.widget.LinearLayout[1]/android.widget.FrameLayout[1]/android.widget.LinearLayout[1]/android.widget.FrameLayout[1]/android.view.ViewGroup[1]/android.widget.ScrollView[1]/android.widget.LinearLayout[1]/android.widget.LinearLayout[1]/androidx.recyclerview.widget.RecyclerView[1]/android.widget.LinearLayout[1]/android.widget.ImageView[1]"}[39m
[35m[HTTP][39m [37m<-- POST /wd/hub/session/105a962b-de02-41bf-bdd5-4dd802fb598f/elements [39m[32m200[39m [90m749 ms - 139[39m
[35m[HTTP][39m [90m[39m
[35m[HTTP][39m [37m-->[39m [37mGET[39m [37m/wd/hub/session/105a962b-de02-41bf-bdd5-4dd802fb598f/element/00000000-0000-07c4-ffff-ffff000041aa/location[39m
[35m[HTTP][39m [90m{}[39m
[35m[W3C (105a962b)][39m Driver proxy active, passing request on via HTTP proxy
[35m[WD Proxy][39m Replacing sessionId 96a351b1-0416-45e3-ade1-3afab26a3e12 with 105a962b-de02-41bf-bdd5-4dd802fb598f
[35m[HTTP][39m [37m<-- GET /wd/hub/session/105a962b-de02-41bf-bdd5-4dd802fb598f/element/00000000-0000-07c4-ffff-ffff000041aa/location [39m[32m200[39m [90m17 ms - 77[39m
[35m[HTTP][39m [90m[39m
[35m[HTTP][39m [37m-->[39m [37mPOST[39m [37m/wd/hub/session/105a962b-de02-41bf-bdd5-4dd802fb598f/timeouts[39m
[35m[HTTP][39m [90m{"implicit":30000}[39m
[35m[HTTP][39m [37m<-- POST /wd/hub/session/105a962b-de02-41bf-bdd5-4dd802fb598f/timeouts [39m[32m200[39m [90m2 ms - 14[39m
[35m[HTTP][39m [90m[39m
[35m[HTTP][39m [37m-->[39m [37mPOST[39m [37m/wd/hub/session/105a962b-de02-41bf-bdd5-4dd802fb598f/touch/perform[39m
[35m[HTTP][39m [90m{"actions":[{"action":"tap","options":{"x":1,"y":1,"element":"00000000-0000-07c4-ffff-ffff000041aa"}},{"action":"release","options":{}}]}[39m
[35m[UiAutomator2][39m calling get location: 00000000-0000-07c4-ffff-ffff000041aa
[35m[HTTP][39m [37m<-- POST /wd/hub/session/105a962b-de02-41bf-bdd5-4dd802fb598f/touch/perform [39m[32m200[39m [90m161 ms - 14[39m
[35m[HTTP][39m [90m[39m
[35m[HTTP][39m [37m-->[39m [37mGET[39m [37m/wd/hub/session/105a962b-de02-41bf-bdd5-4dd802fb598f/context[39m
[35m[HTTP][39m [90m{}[39m
[35m[HTTP][39m [37m<-- GET /wd/hub/session/105a962b-de02-41bf-bdd5-4dd802fb598f/context [39m[32m200[39m [90m4 ms - 22[39m
[35m[HTTP][39m [90m[39m
[35m[HTTP][39m [37m-->[39m [37mGET[39m [37m/wd/hub/session/105a962b-de02-41bf-bdd5-4dd802fb598f/contexts[39m
[35m[HTTP][39m [90m{}[39m
[35m[HTTP][39m [37m<-- GET /wd/hub/session/105a962b-de02-41bf-bdd5-4dd802fb598f/contexts [39m[32m200[39m [90m119 ms - 24[39m
[35m[HTTP][39m [90m[39m
[35m[HTTP][39m [37m-->[39m [37mPOST[39m [37m/wd/hub/session/105a962b-de02-41bf-bdd5-4dd802fb598f/context[39m
[35m[HTTP][39m [90m{"name":"NATIVE_APP"}[39m
[35m[HTTP][39m [37m<-- POST /wd/hub/session/105a962b-de02-41bf-bdd5-4dd802fb598f/context [39m[32m200[39m [90m2 ms - 14[39m
[35m[HTTP][39m [90m[39m
[35m[HTTP][39m [37m-->[39m [37mGET[39m [37m/wd/hub/session/105a962b-de02-41bf-bdd5-4dd802fb598f/window/rect[39m
[35m[HTTP][39m [90m{}[39m
[35m[HTTP][39m [37m<-- GET /wd/hub/session/105a962b-de02-41bf-bdd5-4dd802fb598f/window/rect [39m[32m200[39m [90m39 ms - 50[39m
[35m[HTTP][39m [90m[39m
[35m[HTTP][39m [37m-->[39m [37mPOST[39m [37m/wd/hub/session/105a962b-de02-41bf-bdd5-4dd802fb598f/execute/sync[39m
[35m[HTTP][39m [90m{"script":"mobile: viewportScreenshot","args":[]}[39m
[35m[AndroidDriver][39m Executing native command 'mobile: viewportScreenshot'
[35m[HTTP][39m [37m<-- POST /wd/hub/session/105a962b-de02-41bf-bdd5-4dd802fb598f/execute/sync [39m[32m200[39m [90m1284 ms - 113760[39m
[35m[HTTP][39m [90m[39m
[35m[HTTP][39m [37m-->[39m [37mPOST[39m [37m/wd/hub/session/105a962b-de02-41bf-bdd5-4dd802fb598f/context[39m
[35m[HTTP][39m [90m{"name":"NATIVE_APP"}[39m
[35m[HTTP][39m [37m<-- POST /wd/hub/session/105a962b-de02-41bf-bdd5-4dd802fb598f/context [39m[32m200[39m [90m1 ms - 14[39m
[35m[HTTP][39m [90m[39m
[35m[HTTP][39m [37m-->[39m [37mPOST[39m [37m/wd/hub/session/105a962b-de02-41bf-bdd5-4dd802fb598f/timeouts[39m
[35m[HTTP][39m [90m{"implicit":50}[39m
[35m[HTTP][39m [37m<-- POST /wd/hub/session/105a962b-de02-41bf-bdd5-4dd802fb598f/timeouts [39m[32m200[39m [90m2 ms - 14[39m
[35m[HTTP][39m [90m[39m
[35m[HTTP][39m [37m-->[39m [37mGET[39m [37m/wd/hub/session/105a962b-de02-41bf-bdd5-4dd802fb598f/window/rect[39m
[35m[HTTP][39m [90m{}[39m
[35m[HTTP][39m [37m<-- GET /wd/hub/session/105a962b-de02-41bf-bdd5-4dd802fb598f/window/rect [39m[32m200[39m [90m28 ms - 50[39m
[35m[HTTP][39m [90m[39m
[35m[HTTP][39m [37m-->[39m [37mPOST[39m [37m/wd/hub/session/105a962b-de02-41bf-bdd5-4dd802fb598f/elements[39m
[35m[HTTP][39m [90m{"using":"xpath","value":"//hierarchy/android.widget.FrameLayout[1]/android.widget.LinearLayout[1]/android.widget.FrameLayout[1]/android.widget.LinearLayout[1]/android.widget.FrameLayout[1]/android.view.ViewGroup[1]/androidx.viewpager.widget.ViewPager[1]/android.widget.FrameLayout[1]/android.view.ViewGroup[1]/androidx.recyclerview.widget.RecyclerView[1]/android.widget.LinearLayout[1]/android.widget.RelativeLayout[1]"}[39m
[35m[HTTP][39m [37m<-- POST /wd/hub/session/105a962b-de02-41bf-bdd5-4dd802fb598f/elements [39m[32m200[39m [90m225 ms - 139[39m
[35m[HTTP][39m [90m[39m
[35m[HTTP][39m [37m-->[39m [37mGET[39m [37m/wd/hub/session/105a962b-de02-41bf-bdd5-4dd802fb598f/element/00000000-0000-07c5-ffff-ffff000041fb/location[39m
[35m[HTTP][39m [90m{}[39m
[35m[W3C (105a962b)][39m Driver proxy active, passing request on via HTTP proxy
[35m[WD Proxy][39m Replacing sessionId 96a351b1-0416-45e3-ade1-3afab26a3e12 with 105a962b-de02-41bf-bdd5-4dd802fb598f
[35m[HTTP][39m [37m<-- GET /wd/hub/session/105a962b-de02-41bf-bdd5-4dd802fb598f/element/00000000-0000-07c5-ffff-ffff000041fb/location [39m[32m200[39m [90m26 ms - 77[39m
[35m[HTTP][39m [90m[39m
[35m[HTTP][39m [37m-->[39m [37mPOST[39m [37m/wd/hub/session/105a962b-de02-41bf-bdd5-4dd802fb598f/timeouts[39m
[35m[HTTP][39m [90m{"implicit":30000}[39m
[35m[HTTP][39m [37m<-- POST /wd/hub/session/105a962b-de02-41bf-bdd5-4dd802fb598f/timeouts [39m[32m200[39m [90m1 ms - 14[39m
[35m[HTTP][39m [90m[39m
[35m[HTTP][39m [37m-->[39m [37mPOST[39m [37m/wd/hub/session/105a962b-de02-41bf-bdd5-4dd802fb598f/touch/perform[39m
[35m[HTTP][39m [90m{"actions":[{"action":"tap","options":{"x":1,"y":1,"element":"00000000-0000-07c5-ffff-ffff000041fb"}},{"action":"release","options":{}}]}[39m
[35m[UiAutomator2][39m calling get location: 00000000-0000-07c5-ffff-ffff000041fb
[35m[HTTP][39m [37m<-- POST /wd/hub/session/105a962b-de02-41bf-bdd5-4dd802fb598f/touch/perform [39m[32m200[39m [90m207 ms - 14[39m
[35m[HTTP][39m [90m[39m
[35m[HTTP][39m [37m-->[39m [37mGET[39m [37m/wd/hub/session/105a962b-de02-41bf-bdd5-4dd802fb598f/context[39m
[35m[HTTP][39m [90m{}[39m
[35m[HTTP][39m [37m<-- GET /wd/hub/session/105a962b-de02-41bf-bdd5-4dd802fb598f/context [39m[32m200[39m [90m2 ms - 22[39m
[35m[HTTP][39m [90m[39m
[35m[HTTP][39m [37m-->[39m [37mGET[39m [37m/wd/hub/session/105a962b-de02-41bf-bdd5-4dd802fb598f/contexts[39m
[35m[HTTP][39m [90m{}[39m
[35m[HTTP][39m [37m<-- GET /wd/hub/session/105a962b-de02-41bf-bdd5-4dd802fb598f/contexts [39m[32m200[39m [90m98 ms - 24[39m
[35m[HTTP][39m [90m[39m
[35m[HTTP][39m [37m-->[39m [37mPOST[39m [37m/wd/hub/session/105a962b-de02-41bf-bdd5-4dd802fb598f/context[39m
[35m[HTTP][39m [90m{"name":"NATIVE_APP"}[39m
[35m[HTTP][39m [37m<-- POST /wd/hub/session/105a962b-de02-41bf-bdd5-4dd802fb598f/context [39m[32m200[39m [90m2 ms - 14[39m
[35m[HTTP][39m [90m[39m
[35m[HTTP][39m [37m-->[39m [37mGET[39m [37m/wd/hub/session/105a962b-de02-41bf-bdd5-4dd802fb598f/window/rect[39m
[35m[HTTP][39m [90m{}[39m
[35m[HTTP][39m [37m<-- GET /wd/hub/session/105a962b-de02-41bf-bdd5-4dd802fb598f/window/rect [39m[32m200[39m [90m24 ms - 50[39m
[35m[HTTP][39m [90m[39m
[35m[HTTP][39m [37m-->[39m [37mPOST[39m [37m/wd/hub/session/105a962b-de02-41bf-bdd5-4dd802fb598f/context[39m
[35m[HTTP][39m [90m{"name":"NATIVE_APP"}[39m
[35m[HTTP][39m [37m<-- POST /wd/hub/session/105a962b-de02-41bf-bdd5-4dd802fb598f/context [39m[32m200[39m [90m2 ms - 14[39m
[35m[HTTP][39m [90m[39m
[35m[HTTP][39m [37m-->[39m [37mGET[39m [37m/wd/hub/session/105a962b-de02-41bf-bdd5-4dd802fb598f/context[39m
[35m[HTTP][39m [90m{}[39m
[35m[HTTP][39m [37m<-- GET /wd/hub/session/105a962b-de02-41bf-bdd5-4dd802fb598f/context [39m[32m200[39m [90m3 ms - 22[39m
[35m[HTTP][39m [90m[39m
[35m[HTTP][39m [37m-->[39m [37mGET[39m [37m/wd/hub/session/105a962b-de02-41bf-bdd5-4dd802fb598f/contexts[39m
[35m[HTTP][39m [90m{}[39m
[35m[HTTP][39m [37m<-- GET /wd/hub/session/105a962b-de02-41bf-bdd5-4dd802fb598f/contexts [39m[32m200[39m [90m82 ms - 24[39m
[35m[HTTP][39m [90m[39m
[35m[HTTP][39m [37m-->[39m [37mPOST[39m [37m/wd/hub/session/105a962b-de02-41bf-bdd5-4dd802fb598f/context[39m
[35m[HTTP][39m [90m{"name":"NATIVE_APP"}[39m
[35m[HTTP][39m [37m<-- POST /wd/hub/session/105a962b-de02-41bf-bdd5-4dd802fb598f/context [39m[32m200[39m [90m1 ms - 14[39m
[35m[HTTP][39m [90m[39m
[35m[HTTP][39m [37m-->[39m [37mGET[39m [37m/wd/hub/session/105a962b-de02-41bf-bdd5-4dd802fb598f/window/rect[39m
[35m[HTTP][39m [90m{}[39m
[35m[HTTP][39m [37m<-- GET /wd/hub/session/105a962b-de02-41bf-bdd5-4dd802fb598f/window/rect [39m[32m200[39m [90m25 ms - 50[39m
[35m[HTTP][39m [90m[39m
[35m[HTTP][39m [37m-->[39m [37mPOST[39m [37m/wd/hub/session/105a962b-de02-41bf-bdd5-4dd802fb598f/context[39m
[35m[HTTP][39m [90m{"name":"NATIVE_APP"}[39m
[35m[HTTP][39m [37m<-- POST /wd/hub/session/105a962b-de02-41bf-bdd5-4dd802fb598f/context [39m[32m200[39m [90m2 ms - 14[39m
[35m[HTTP][39m [90m[39m
[35m[HTTP][39m [37m-->[39m [37mGET[39m [37m/wd/hub/session/105a962b-de02-41bf-bdd5-4dd802fb598f/context[39m
[35m[HTTP][39m [90m{}[39m
[35m[HTTP][39m [37m<-- GET /wd/hub/session/105a962b-de02-41bf-bdd5-4dd802fb598f/context [39m[32m200[39m [90m2 ms - 22[39m
[35m[HTTP][39m [90m[39m
[35m[HTTP][39m [37m-->[39m [37mGET[39m [37m/wd/hub/session/105a962b-de02-41bf-bdd5-4dd802fb598f/contexts[39m
[35m[HTTP][39m [90m{}[39m
[35m[HTTP][39m [37m<-- GET /wd/hub/session/105a962b-de02-41bf-bdd5-4dd802fb598f/contexts [39m[32m200[39m [90m116 ms - 24[39m
[35m[HTTP][39m [90m[39m
[35m[HTTP][39m [37m-->[39m [37mPOST[39m [37m/wd/hub/session/105a962b-de02-41bf-bdd5-4dd802fb598f/context[39m
[35m[HTTP][39m [90m{"name":"NATIVE_APP"}[39m
[35m[HTTP][39m [37m<-- POST /wd/hub/session/105a962b-de02-41bf-bdd5-4dd802fb598f/context [39m[32m200[39m [90m1 ms - 14[39m
[35m[HTTP][39m [90m[39m
[35m[HTTP][39m [37m-->[39m [37mPOST[39m [37m/wd/hub/session/105a962b-de02-41bf-bdd5-4dd802fb598f/touch/perform[39m
[35m[HTTP][39m [90m{"actions":[{"action":"press","options":{"x":540,"y":1491}},{"action":"wait","options":{"ms":500}},{"action":"moveTo","options":{"x":540,"y":639}},{"action":"release","options":{}}]}[39m
[35m[HTTP][39m [37m<-- POST /wd/hub/session/105a962b-de02-41bf-bdd5-4dd802fb598f/touch/perform [39m[32m200[39m [90m1063 ms - 14[39m
[35m[HTTP][39m [90m[39m
[35m[HTTP][39m [37m-->[39m [37mPOST[39m [37m/wd/hub/session/105a962b-de02-41bf-bdd5-4dd802fb598f/context[39m
[35m[HTTP][39m [90m{"name":"NATIVE_APP"}[39m
[35m[HTTP][39m [37m<-- POST /wd/hub/session/105a962b-de02-41bf-bdd5-4dd802fb598f/context [39m[32m200[39m [90m2 ms - 14[39m
[35m[HTTP][39m [90m[39m
[35m[HTTP][39m [37m-->[39m [37mPOST[39m [37m/wd/hub/session/105a962b-de02-41bf-bdd5-4dd802fb598f/timeouts[39m
[35m[HTTP][39m [90m{"implicit":50}[39m
[35m[HTTP][39m [37m<-- POST /wd/hub/session/105a962b-de02-41bf-bdd5-4dd802fb598f/timeouts [39m[32m200[39m [90m2 ms - 14[39m
[35m[HTTP][39m [90m[39m
[35m[HTTP][39m [37m-->[39m [37mGET[39m [37m/wd/hub/session/105a962b-de02-41bf-bdd5-4dd802fb598f/window/rect[39m
[35m[HTTP][39m [90m{}[39m
[35m[HTTP][39m [37m<-- GET /wd/hub/session/105a962b-de02-41bf-bdd5-4dd802fb598f/window/rect [39m[32m200[39m [90m24 ms - 50[39m
[35m[HTTP][39m [90m[39m
[35m[HTTP][39m [37m-->[39m [37mPOST[39m [37m/wd/hub/session/105a962b-de02-41bf-bdd5-4dd802fb598f/elements[39m
[35m[HTTP][39m [90m{"using":"xpath","value":"//*[@class = 'android.widget.RadioButton' and (@text = '1 Tahun' or . = '1 Tahun') and @resource-id = 'com.vq.mbrochuregp.client.android:id/rb_1']"}[39m
[35m[HTTP][39m [37m<-- POST /wd/hub/session/105a962b-de02-41bf-bdd5-4dd802fb598f/elements [39m[32m200[39m [90m538 ms - 139[39m
[35m[HTTP][39m [90m[39m
[35m[HTTP][39m [37m-->[39m [37mGET[39m [37m/wd/hub/session/105a962b-de02-41bf-bdd5-4dd802fb598f/element/00000000-0000-07c6-ffff-ffff00004249/location[39m
[35m[HTTP][39m [90m{}[39m
[35m[W3C (105a962b)][39m Driver proxy active, passing request on via HTTP proxy
[35m[WD Proxy][39m Replacing sessionId 96a351b1-0416-45e3-ade1-3afab26a3e12 with 105a962b-de02-41bf-bdd5-4dd802fb598f
[35m[HTTP][39m [37m<-- GET /wd/hub/session/105a962b-de02-41bf-bdd5-4dd802fb598f/element/00000000-0000-07c6-ffff-ffff00004249/location [39m[32m200[39m [90m28 ms - 78[39m
[35m[HTTP][39m [90m[39m
[35m[HTTP][39m [37m-->[39m [37mPOST[39m [37m/wd/hub/session/105a962b-de02-41bf-bdd5-4dd802fb598f/timeouts[39m
[35m[HTTP][39m [90m{"implicit":30000}[39m
[35m[HTTP][39m [37m<-- POST /wd/hub/session/105a962b-de02-41bf-bdd5-4dd802fb598f/timeouts [39m[32m200[39m [90m3 ms - 14[39m
[35m[HTTP][39m [90m[39m
[35m[HTTP][39m [37m-->[39m [37mPOST[39m [37m/wd/hub/session/105a962b-de02-41bf-bdd5-4dd802fb598f/touch/perform[39m
[35m[HTTP][39m [90m{"actions":[{"action":"tap","options":{"x":1,"y":1,"element":"00000000-0000-07c6-ffff-ffff00004249"}},{"action":"release","options":{}}]}[39m
[35m[UiAutomator2][39m calling get location: 00000000-0000-07c6-ffff-ffff00004249
[35m[HTTP][39m [37m<-- POST /wd/hub/session/105a962b-de02-41bf-bdd5-4dd802fb598f/touch/perform [39m[32m200[39m [90m699 ms - 14[39m
[35m[HTTP][39m [90m[39m
[35m[HTTP][39m [37m-->[39m [37mGET[39m [37m/wd/hub/session/105a962b-de02-41bf-bdd5-4dd802fb598f/context[39m
[35m[HTTP][39m [90m{}[39m
[35m[HTTP][39m [37m<-- GET /wd/hub/session/105a962b-de02-41bf-bdd5-4dd802fb598f/context [39m[32m200[39m [90m2 ms - 22[39m
[35m[HTTP][39m [90m[39m
[35m[HTTP][39m [37m-->[39m [37mGET[39m [37m/wd/hub/session/105a962b-de02-41bf-bdd5-4dd802fb598f/contexts[39m
[35m[HTTP][39m [90m{}[39m
[35m[HTTP][39m [37m<-- GET /wd/hub/session/105a962b-de02-41bf-bdd5-4dd802fb598f/contexts [39m[32m200[39m [90m99 ms - 24[39m
[35m[HTTP][39m [90m[39m
[35m[HTTP][39m [37m-->[39m [37mPOST[39m [37m/wd/hub/session/105a962b-de02-41bf-bdd5-4dd802fb598f/context[39m
[35m[HTTP][39m [90m{"name":"NATIVE_APP"}[39m
[35m[HTTP][39m [37m<-- POST /wd/hub/session/105a962b-de02-41bf-bdd5-4dd802fb598f/context [39m[32m200[39m [90m1 ms - 14[39m
[35m[HTTP][39m [90m[39m
[35m[HTTP][39m [37m-->[39m [37mGET[39m [37m/wd/hub/session/105a962b-de02-41bf-bdd5-4dd802fb598f/window/rect[39m
[35m[HTTP][39m [90m{}[39m
[35m[HTTP][39m [37m<-- GET /wd/hub/session/105a962b-de02-41bf-bdd5-4dd802fb598f/window/rect [39m[32m200[39m [90m29 ms - 50[39m
[35m[HTTP][39m [90m[39m
[35m[HTTP][39m [37m-->[39m [37mPOST[39m [37m/wd/hub/session/105a962b-de02-41bf-bdd5-4dd802fb598f/execute/sync[39m
[35m[HTTP][39m [90m{"script":"mobile: viewportScreenshot","args":[]}[39m
[35m[AndroidDriver][39m Executing native command 'mobile: viewportScreenshot'
[35m[HTTP][39m [37m<-- POST /wd/hub/session/105a962b-de02-41bf-bdd5-4dd802fb598f/execute/sync [39m[32m200[39m [90m1299 ms - 220904[39m
[35m[HTTP][39m [90m[39m
[35m[HTTP][39m [37m-->[39m [37mPOST[39m [37m/wd/hub/session/105a962b-de02-41bf-bdd5-4dd802fb598f/context[39m
[35m[HTTP][39m [90m{"name":"NATIVE_APP"}[39m
[35m[HTTP][39m [37m<-- POST /wd/hub/session/105a962b-de02-41bf-bdd5-4dd802fb598f/context [39m[32m200[39m [90m2 ms - 14[39m
[35m[HTTP][39m [90m[39m
[35m[HTTP][39m [37m-->[39m [37mGET[39m [37m/wd/hub/session/105a962b-de02-41bf-bdd5-4dd802fb598f/window/rect[39m
[35m[HTTP][39m [90m{}[39m
[35m[HTTP][39m [37m<-- GET /wd/hub/session/105a962b-de02-41bf-bdd5-4dd802fb598f/window/rect [39m[32m200[39m [90m25 ms - 50[39m
[35m[HTTP][39m [90m[39m
[35m[HTTP][39m [37m-->[39m [37mPOST[39m [37m/wd/hub/session/105a962b-de02-41bf-bdd5-4dd802fb598f/elements[39m
[35m[HTTP][39m [90m{"using":"xpath","value":"//*[@class = 'android.widget.Button' and (@text = 'Lanjutkan >' or . = 'Lanjutkan >') and @resource-id = 'com.vq.mbrochuregp.client.android:id/btn_renewal_asuransi_list_detail_next']"}[39m
[35m[HTTP][39m [37m<-- POST /wd/hub/session/105a962b-de02-41bf-bdd5-4dd802fb598f/elements [39m[32m200[39m [90m394 ms - 139[39m
[35m[HTTP][39m [90m[39m
[35m[HTTP][39m [37m-->[39m [37mGET[39m [37m/wd/hub/session/105a962b-de02-41bf-bdd5-4dd802fb598f/element/00000000-0000-07c6-ffff-ffff0000425c/location[39m
[35m[HTTP][39m [90m{}[39m
[35m[W3C (105a962b)][39m Driver proxy active, passing request on via HTTP proxy
[35m[WD Proxy][39m Replacing sessionId 96a351b1-0416-45e3-ade1-3afab26a3e12 with 105a962b-de02-41bf-bdd5-4dd802fb598f
[35m[HTTP][39m [37m<-- GET /wd/hub/session/105a962b-de02-41bf-bdd5-4dd802fb598f/element/00000000-0000-07c6-ffff-ffff0000425c/location [39m[32m200[39m [90m32 ms - 78[39m
[35m[HTTP][39m [90m[39m
[35m[HTTP][39m [37m-->[39m [37mPOST[39m [37m/wd/hub/session/105a962b-de02-41bf-bdd5-4dd802fb598f/element/00000000-0000-07c6-ffff-ffff0000425c/click[39m
[35m[HTTP][39m [90m{"id":"00000000-0000-07c6-ffff-ffff0000425c"}[39m
[35m[HTTP][39m [37m<-- POST /wd/hub/session/105a962b-de02-41bf-bdd5-4dd802fb598f/element/00000000-0000-07c6-ffff-ffff0000425c/click [39m[32m200[39m [90m63 ms - 14[39m
[35m[HTTP][39m [90m[39m
[35m[HTTP][39m [37m-->[39m [37mGET[39m [37m/wd/hub/session/105a962b-de02-41bf-bdd5-4dd802fb598f/context[39m
[35m[HTTP][39m [90m{}[39m
[35m[HTTP][39m [37m<-- GET /wd/hub/session/105a962b-de02-41bf-bdd5-4dd802fb598f/context [39m[32m200[39m [90m3 ms - 22[39m
[35m[HTTP][39m [90m[39m
[35m[HTTP][39m [37m-->[39m [37mGET[39m [37m/wd/hub/session/105a962b-de02-41bf-bdd5-4dd802fb598f/contexts[39m
[35m[HTTP][39m [90m{}[39m
[35m[HTTP][39m [37m<-- GET /wd/hub/session/105a962b-de02-41bf-bdd5-4dd802fb598f/contexts [39m[32m200[39m [90m136 ms - 24[39m
[35m[HTTP][39m [90m[39m
[35m[HTTP][39m [37m-->[39m [37mPOST[39m [37m/wd/hub/session/105a962b-de02-41bf-bdd5-4dd802fb598f/context[39m
[35m[HTTP][39m [90m{"name":"NATIVE_APP"}[39m
[35m[HTTP][39m [37m<-- POST /wd/hub/session/105a962b-de02-41bf-bdd5-4dd802fb598f/context [39m[32m200[39m [90m2 ms - 14[39m
[35m[HTTP][39m [90m[39m
[35m[HTTP][39m [37m-->[39m [37mGET[39m [37m/wd/hub/session/105a962b-de02-41bf-bdd5-4dd802fb598f/window/rect[39m
[35m[HTTP][39m [90m{}[39m
[35m[HTTP][39m [37m<-- GET /wd/hub/session/105a962b-de02-41bf-bdd5-4dd802fb598f/window/rect [39m[32m200[39m [90m23 ms - 50[39m
[35m[HTTP][39m [90m[39m
[35m[HTTP][39m [37m-->[39m [37mPOST[39m [37m/wd/hub/session/105a962b-de02-41bf-bdd5-4dd802fb598f/execute/sync[39m
[35m[HTTP][39m [90m{"script":"mobile: viewportScreenshot","args":[]}[39m
[35m[AndroidDriver][39m Executing native command 'mobile: viewportScreenshot'
[35m[HTTP][39m [37m<-- POST /wd/hub/session/105a962b-de02-41bf-bdd5-4dd802fb598f/execute/sync [39m[32m200[39m [90m1272 ms - 232772[39m
[35m[HTTP][39m [90m[39m
[35m[HTTP][39m [37m-->[39m [37mPOST[39m [37m/wd/hub/session/105a962b-de02-41bf-bdd5-4dd802fb598f/context[39m
[35m[HTTP][39m [90m{"name":"NATIVE_APP"}[39m
[35m[HTTP][39m [37m<-- POST /wd/hub/session/105a962b-de02-41bf-bdd5-4dd802fb598f/context [39m[32m200[39m [90m1 ms - 14[39m
[35m[HTTP][39m [90m[39m
[35m[HTTP][39m [37m-->[39m [37mGET[39m [37m/wd/hub/session/105a962b-de02-41bf-bdd5-4dd802fb598f/window/rect[39m
[35m[HTTP][39m [90m{}[39m
[35m[HTTP][39m [37m<-- GET /wd/hub/session/105a962b-de02-41bf-bdd5-4dd802fb598f/window/rect [39m[32m200[39m [90m24 ms - 50[39m
[35m[HTTP][39m [90m[39m
[35m[HTTP][39m [37m-->[39m [37mPOST[39m [37m/wd/hub/session/105a962b-de02-41bf-bdd5-4dd802fb598f/elements[39m
[35m[HTTP][39m [90m{"using":"xpath","value":"//*[@class = 'android.widget.Button' and (@text = 'Submit' or . = 'Submit') and @resource-id = 'com.vq.mbrochuregp.client.android:id/btn_renewal_asuransi_result_submit']"}[39m
[35m[HTTP][39m [37m<-- POST /wd/hub/session/105a962b-de02-41bf-bdd5-4dd802fb598f/elements [39m[32m200[39m [90m355 ms - 139[39m
[35m[HTTP][39m [90m[39m
[35m[HTTP][39m [37m-->[39m [37mGET[39m [37m/wd/hub/session/105a962b-de02-41bf-bdd5-4dd802fb598f/element/00000000-0000-07c7-ffff-ffff000042cb/location[39m
[35m[HTTP][39m [90m{}[39m
[35m[W3C (105a962b)][39m Driver proxy active, passing request on via HTTP proxy
[35m[WD Proxy][39m Replacing sessionId 96a351b1-0416-45e3-ade1-3afab26a3e12 with 105a962b-de02-41bf-bdd5-4dd802fb598f
[35m[HTTP][39m [37m<-- GET /wd/hub/session/105a962b-de02-41bf-bdd5-4dd802fb598f/element/00000000-0000-07c7-ffff-ffff000042cb/location [39m[32m200[39m [90m31 ms - 78[39m
[35m[HTTP][39m [90m[39m
[35m[HTTP][39m [37m-->[39m [37mPOST[39m [37m/wd/hub/session/105a962b-de02-41bf-bdd5-4dd802fb598f/element/00000000-0000-07c7-ffff-ffff000042cb/click[39m
[35m[HTTP][39m [90m{"id":"00000000-0000-07c7-ffff-ffff000042cb"}[39m
[35m[HTTP][39m [37m<-- POST /wd/hub/session/105a962b-de02-41bf-bdd5-4dd802fb598f/element/00000000-0000-07c7-ffff-ffff000042cb/click [39m[32m200[39m [90m63 ms - 14[39m
[35m[HTTP][39m [90m[39m
[35m[HTTP][39m [37m-->[39m [37mPOST[39m [37m/wd/hub/session/105a962b-de02-41bf-bdd5-4dd802fb598f/timeouts[39m
[35m[HTTP][39m [90m{"implicit":50}[39m
[35m[HTTP][39m [37m<-- POST /wd/hub/session/105a962b-de02-41bf-bdd5-4dd802fb598f/timeouts [39m[32m200[39m [90m2 ms - 14[39m
[35m[HTTP][39m [90m[39m
[35m[HTTP][39m [37m-->[39m [37mGET[39m [37m/wd/hub/session/105a962b-de02-41bf-bdd5-4dd802fb598f/window/rect[39m
[35m[HTTP][39m [90m{}[39m
[35m[HTTP][39m [37m<-- GET /wd/hub/session/105a962b-de02-41bf-bdd5-4dd802fb598f/window/rect [39m[32m200[39m [90m22 ms - 50[39m
[35m[HTTP][39m [90m[39m
[35m[HTTP][39m [37m-->[39m [37mPOST[39m [37m/wd/hub/session/105a962b-de02-41bf-bdd5-4dd802fb598f/elements[39m
[35m[HTTP][39m [90m{"using":"xpath","value":"//*[@class = 'android.widget.Button' and (@text = 'YA' or . = 'YA') and @resource-id = 'android:id/button1']"}[39m
[35m[HTTP][39m [37m<-- POST /wd/hub/session/105a962b-de02-41bf-bdd5-4dd802fb598f/elements [39m[32m200[39m [90m620 ms - 139[39m
[35m[HTTP][39m [90m[39m
[35m[HTTP][39m [37m-->[39m [37mGET[39m [37m/wd/hub/session/105a962b-de02-41bf-bdd5-4dd802fb598f/element/00000000-0000-07c8-ffff-ffff000042ec/location[39m
[35m[HTTP][39m [90m{}[39m
[35m[W3C (105a962b)][39m Driver proxy active, passing request on via HTTP proxy
[35m[WD Proxy][39m Replacing sessionId 96a351b1-0416-45e3-ade1-3afab26a3e12 with 105a962b-de02-41bf-bdd5-4dd802fb598f
[35m[HTTP][39m [37m<-- GET /wd/hub/session/105a962b-de02-41bf-bdd5-4dd802fb598f/element/00000000-0000-07c8-ffff-ffff000042ec/location [39m[32m200[39m [90m25 ms - 79[39m
[35m[HTTP][39m [90m[39m
[35m[HTTP][39m [37m-->[39m [37mPOST[39m [37m/wd/hub/session/105a962b-de02-41bf-bdd5-4dd802fb598f/timeouts[39m
[35m[HTTP][39m [90m{"implicit":30000}[39m
[35m[HTTP][39m [37m<-- POST /wd/hub/session/105a962b-de02-41bf-bdd5-4dd802fb598f/timeouts [39m[32m200[39m [90m2 ms - 14[39m
[35m[HTTP][39m [90m[39m
[35m[HTTP][39m [37m-->[39m [37mPOST[39m [37m/wd/hub/session/105a962b-de02-41bf-bdd5-4dd802fb598f/touch/perform[39m
[35m[HTTP][39m [90m{"actions":[{"action":"tap","options":{"x":1,"y":1,"element":"00000000-0000-07c8-ffff-ffff000042ec"}},{"action":"release","options":{}}]}[39m
[35m[UiAutomator2][39m calling get location: 00000000-0000-07c8-ffff-ffff000042ec
[35m[HTTP][39m [37m<-- POST /wd/hub/session/105a962b-de02-41bf-bdd5-4dd802fb598f/touch/perform [39m[32m200[39m [90m216 ms - 14[39m
[35m[HTTP][39m [90m[39m
[35m[HTTP][39m [37m-->[39m [37mGET[39m [37m/wd/hub/session/105a962b-de02-41bf-bdd5-4dd802fb598f/context[39m
[35m[HTTP][39m [90m{}[39m
[35m[HTTP][39m [37m<-- GET /wd/hub/session/105a962b-de02-41bf-bdd5-4dd802fb598f/context [39m[32m200[39m [90m1 ms - 22[39m
[35m[HTTP][39m [90m[39m
[35m[HTTP][39m [37m-->[39m [37mGET[39m [37m/wd/hub/session/105a962b-de02-41bf-bdd5-4dd802fb598f/contexts[39m
[35m[HTTP][39m [90m{}[39m
[35m[HTTP][39m [37m<-- GET /wd/hub/session/105a962b-de02-41bf-bdd5-4dd802fb598f/contexts [39m[32m200[39m [90m95 ms - 24[39m
[35m[HTTP][39m [90m[39m
[35m[HTTP][39m [37m-->[39m [37mPOST[39m [37m/wd/hub/session/105a962b-de02-41bf-bdd5-4dd802fb598f/context[39m
[35m[HTTP][39m [90m{"name":"NATIVE_APP"}[39m
[35m[HTTP][39m [37m<-- POST /wd/hub/session/105a962b-de02-41bf-bdd5-4dd802fb598f/context [39m[32m200[39m [90m2 ms - 14[39m
[35m[HTTP][39m [90m[39m
[35m[HTTP][39m [37m-->[39m [37mGET[39m [37m/wd/hub/session/105a962b-de02-41bf-bdd5-4dd802fb598f/window/rect[39m
[35m[HTTP][39m [90m{}[39m
[35m[HTTP][39m [37m<-- GET /wd/hub/session/105a962b-de02-41bf-bdd5-4dd802fb598f/window/rect [39m[32m200[39m [90m23 ms - 50[39m
[35m[HTTP][39m [90m[39m
[35m[HTTP][39m [37m-->[39m [37mPOST[39m [37m/wd/hub/session/105a962b-de02-41bf-bdd5-4dd802fb598f/execute/sync[39m
[35m[HTTP][39m [90m{"script":"mobile: viewportScreenshot","args":[]}[39m
[35m[AndroidDriver][39m Executing native command 'mobile: viewportScreenshot'
[35m[HTTP][39m [37m<-- POST /wd/hub/session/105a962b-de02-41bf-bdd5-4dd802fb598f/execute/sync [39m[32m200[39m [90m1230 ms - 142668[39m
[35m[HTTP][39m [90m[39m
[35m[HTTP][39m [37m-->[39m [37mPOST[39m [37m/wd/hub/session/105a962b-de02-41bf-bdd5-4dd802fb598f/context[39m
[35m[HTTP][39m [90m{"name":"NATIVE_APP"}[39m
[35m[HTTP][39m [37m<-- POST /wd/hub/session/105a962b-de02-41bf-bdd5-4dd802fb598f/context [39m[32m200[39m [90m2 ms - 14[39m
[35m[HTTP][39m [90m[39m
[35m[HTTP][39m [37m-->[39m [37mPOST[39m [37m/wd/hub/session/105a962b-de02-41bf-bdd5-4dd802fb598f/timeouts[39m
[35m[HTTP][39m [90m{"implicit":50}[39m
[35m[HTTP][39m [37m<-- POST /wd/hub/session/105a962b-de02-41bf-bdd5-4dd802fb598f/timeouts [39m[32m200[39m [90m1 ms - 14[39m
[35m[HTTP][39m [90m[39m
[35m[HTTP][39m [37m-->[39m [37mGET[39m [37m/wd/hub/session/105a962b-de02-41bf-bdd5-4dd802fb598f/window/rect[39m
[35m[HTTP][39m [90m{}[39m
[35m[HTTP][39m [37m<-- GET /wd/hub/session/105a962b-de02-41bf-bdd5-4dd802fb598f/window/rect [39m[32m200[39m [90m23 ms - 50[39m
[35m[HTTP][39m [90m[39m
[35m[HTTP][39m [37m-->[39m [37mPOST[39m [37m/wd/hub/session/105a962b-de02-41bf-bdd5-4dd802fb598f/elements[39m
[35m[HTTP][39m [90m{"using":"xpath","value":"//*[@class = 'android.widget.Button' and (@text = 'Kembali' or . = 'Kembali') and @resource-id = 'com.vq.mbrochuregp.client.android:id/btn_renewal_asuransi_save_kembali']"}[39m
[35m[HTTP][39m [37m<-- POST /wd/hub/session/105a962b-de02-41bf-bdd5-4dd802fb598f/elements [39m[32m200[39m [90m170 ms - 139[39m
[35m[HTTP][39m [90m[39m
[35m[HTTP][39m [37m-->[39m [37mGET[39m [37m/wd/hub/session/105a962b-de02-41bf-bdd5-4dd802fb598f/element/00000000-0000-07c9-ffff-ffff00004306/location[39m
[35m[HTTP][39m [90m{}[39m
[35m[W3C (105a962b)][39m Driver proxy active, passing request on via HTTP proxy
[35m[WD Proxy][39m Replacing sessionId 96a351b1-0416-45e3-ade1-3afab26a3e12 with 105a962b-de02-41bf-bdd5-4dd802fb598f
[35m[HTTP][39m [37m<-- GET /wd/hub/session/105a962b-de02-41bf-bdd5-4dd802fb598f/element/00000000-0000-07c9-ffff-ffff00004306/location [39m[32m200[39m [90m28 ms - 79[39m
[35m[HTTP][39m [90m[39m
[35m[HTTP][39m [37m-->[39m [37mPOST[39m [37m/wd/hub/session/105a962b-de02-41bf-bdd5-4dd802fb598f/timeouts[39m
[35m[HTTP][39m [90m{"implicit":30000}[39m
[35m[HTTP][39m [37m<-- POST /wd/hub/session/105a962b-de02-41bf-bdd5-4dd802fb598f/timeouts [39m[32m200[39m [90m2 ms - 14[39m
[35m[HTTP][39m [90m[39m
[35m[HTTP][39m [37m-->[39m [37mPOST[39m [37m/wd/hub/session/105a962b-de02-41bf-bdd5-4dd802fb598f/touch/perform[39m
[35m[HTTP][39m [90m{"actions":[{"action":"tap","options":{"x":1,"y":1,"element":"00000000-0000-07c9-ffff-ffff00004306"}},{"action":"release","options":{}}]}[39m
[35m[UiAutomator2][39m calling get location: 00000000-0000-07c9-ffff-ffff00004306
[35m[HTTP][39m [37m<-- POST /wd/hub/session/105a962b-de02-41bf-bdd5-4dd802fb598f/touch/perform [39m[32m200[39m [90m218 ms - 14[39m
[35m[HTTP][39m [90m[39m
[35m[HTTP][39m [37m-->[39m [37mGET[39m [37m/wd/hub/session/105a962b-de02-41bf-bdd5-4dd802fb598f/context[39m
[35m[HTTP][39m [90m{}[39m
[35m[HTTP][39m [37m<-- GET /wd/hub/session/105a962b-de02-41bf-bdd5-4dd802fb598f/context [39m[32m200[39m [90m2 ms - 22[39m
[35m[HTTP][39m [90m[39m
[35m[HTTP][39m [37m-->[39m [37mGET[39m [37m/wd/hub/session/105a962b-de02-41bf-bdd5-4dd802fb598f/contexts[39m
[35m[HTTP][39m [90m{}[39m
[35m[HTTP][39m [37m<-- GET /wd/hub/session/105a962b-de02-41bf-bdd5-4dd802fb598f/contexts [39m[32m200[39m [90m134 ms - 24[39m
[35m[HTTP][39m [90m[39m
[35m[HTTP][39m [37m-->[39m [37mPOST[39m [37m/wd/hub/session/105a962b-de02-41bf-bdd5-4dd802fb598f/context[39m
[35m[HTTP][39m [90m{"name":"NATIVE_APP"}[39m
[35m[HTTP][39m [37m<-- POST /wd/hub/session/105a962b-de02-41bf-bdd5-4dd802fb598f/context [39m[32m200[39m [90m3 ms - 14[39m
[35m[HTTP][39m [90m[39m
[35m[HTTP][39m [37m-->[39m [37mPOST[39m [37m/wd/hub/session/105a962b-de02-41bf-bdd5-4dd802fb598f/appium/device/press_keycode[39m
[35m[HTTP][39m [90m{"keycode":4}[39m
[35m[HTTP][39m [37m<-- POST /wd/hub/session/105a962b-de02-41bf-bdd5-4dd802fb598f/appium/device/press_keycode [39m[32m200[39m [90m1650 ms - 14[39m
[35m[HTTP][39m [90m[39m
[35m[HTTP][39m [37m-->[39m [37mPOST[39m [37m/wd/hub/session/105a962b-de02-41bf-bdd5-4dd802fb598f/context[39m
[35m[HTTP][39m [90m{"name":"NATIVE_APP"}[39m
[35m[HTTP][39m [37m<-- POST /wd/hub/session/105a962b-de02-41bf-bdd5-4dd802fb598f/context [39m[32m200[39m [90m2 ms - 14[39m
[35m[HTTP][39m [90m[39m
[35m[HTTP][39m [37m-->[39m [37mGET[39m [37m/wd/hub/session/105a962b-de02-41bf-bdd5-4dd802fb598f/context[39m
[35m[HTTP][39m [90m{}[39m
[35m[HTTP][39m [37m<-- GET /wd/hub/session/105a962b-de02-41bf-bdd5-4dd802fb598f/context [39m[32m200[39m [90m2 ms - 22[39m
[35m[HTTP][39m [90m[39m
[35m[HTTP][39m [37m-->[39m [37mGET[39m [37m/wd/hub/session/105a962b-de02-41bf-bdd5-4dd802fb598f/contexts[39m
[35m[HTTP][39m [90m{}[39m
[35m[HTTP][39m [37m<-- GET /wd/hub/session/105a962b-de02-41bf-bdd5-4dd802fb598f/contexts [39m[32m200[39m [90m105 ms - 24[39m
[35m[HTTP][39m [90m[39m
[35m[HTTP][39m [37m-->[39m [37mPOST[39m [37m/wd/hub/session/105a962b-de02-41bf-bdd5-4dd802fb598f/context[39m
[35m[HTTP][39m [90m{"name":"NATIVE_APP"}[39m
[35m[HTTP][39m [37m<-- POST /wd/hub/session/105a962b-de02-41bf-bdd5-4dd802fb598f/context [39m[32m200[39m [90m2 ms - 14[39m
[35m[HTTP][39m [90m[39m
[35m[HTTP][39m [37m-->[39m [37mPOST[39m [37m/wd/hub/session/105a962b-de02-41bf-bdd5-4dd802fb598f/appium/device/press_keycode[39m
[35m[HTTP][39m [90m{"keycode":4}[39m
[35m[HTTP][39m [37m<-- POST /wd/hub/session/105a962b-de02-41bf-bdd5-4dd802fb598f/appium/device/press_keycode [39m[32m200[39m [90m1741 ms - 14[39m
[35m[HTTP][39m [90m[39m
[35m[HTTP][39m [37m-->[39m [37mPOST[39m [37m/wd/hub/session/105a962b-de02-41bf-bdd5-4dd802fb598f/context[39m
[35m[HTTP][39m [90m{"name":"NATIVE_APP"}[39m
[35m[HTTP][39m [37m<-- POST /wd/hub/session/105a962b-de02-41bf-bdd5-4dd802fb598f/context [39m[32m200[39m [90m2 ms - 14[39m
[35m[HTTP][39m [90m[39m
[35m[HTTP][39m [37m-->[39m [37mGET[39m [37m/wd/hub/session/105a962b-de02-41bf-bdd5-4dd802fb598f/window/rect[39m
[35m[HTTP][39m [90m{}[39m
[35m[HTTP][39m [37m<-- GET /wd/hub/session/105a962b-de02-41bf-bdd5-4dd802fb598f/window/rect [39m[32m200[39m [90m15 ms - 50[39m
[35m[HTTP][39m [90m[39m
[35m[HTTP][39m [37m-->[39m [37mPOST[39m [37m/wd/hub/session/105a962b-de02-41bf-bdd5-4dd802fb598f/elements[39m
[35m[HTTP][39m [90m{"using":"xpath","value":"//*[@resource-id = 'com.vq.mbrochuregp.client.android:id/iv_home_profil_icon' and @package = 'com.vq.mbrochuregp.client.android']"}[39m
[35m[HTTP][39m [37m<-- POST /wd/hub/session/105a962b-de02-41bf-bdd5-4dd802fb598f/elements [39m[32m200[39m [90m839 ms - 139[39m
[35m[HTTP][39m [90m[39m
[35m[HTTP][39m [37m-->[39m [37mGET[39m [37m/wd/hub/session/105a962b-de02-41bf-bdd5-4dd802fb598f/element/00000000-0000-07ce-ffff-ffff000043b2/location[39m
[35m[HTTP][39m [90m{}[39m
[35m[W3C (105a962b)][39m Driver proxy active, passing request on via HTTP proxy
[35m[WD Proxy][39m Replacing sessionId 96a351b1-0416-45e3-ade1-3afab26a3e12 with 105a962b-de02-41bf-bdd5-4dd802fb598f
[35m[HTTP][39m [37m<-- GET /wd/hub/session/105a962b-de02-41bf-bdd5-4dd802fb598f/element/00000000-0000-07ce-ffff-ffff000043b2/location [39m[32m200[39m [90m354 ms - 79[39m
[35m[HTTP][39m [90m[39m
[35m[HTTP][39m [37m-->[39m [37mPOST[39m [37m/wd/hub/session/105a962b-de02-41bf-bdd5-4dd802fb598f/element/00000000-0000-07ce-ffff-ffff000043b2/click[39m
[35m[HTTP][39m [90m{"id":"00000000-0000-07ce-ffff-ffff000043b2"}[39m
[35m[HTTP][39m [37m<-- POST /wd/hub/session/105a962b-de02-41bf-bdd5-4dd802fb598f/element/00000000-0000-07ce-ffff-ffff000043b2/click [39m[32m200[39m [90m59 ms - 14[39m
[35m[HTTP][39m [90m[39m
[35m[HTTP][39m [37m-->[39m [37mDELETE[39m [37m/wd/hub/session/105a962b-de02-41bf-bdd5-4dd802fb598f[39m
[35m[HTTP][39m [90m{}[39m
[35m[Appium][39m Removing session 105a962b-de02-41bf-bdd5-4dd802fb598f from our master session list
[35m[UiAutomator2][39m Restoring hidden api policy to the device default configuration
[35m[HTTP][39m [37m<-- DELETE /wd/hub/session/105a962b-de02-41bf-bdd5-4dd802fb598f [39m[32m200[39m [90m509 ms - 14[39m
[35m[HTTP][39m [90m[39m
