[35m[Appium][39m Welcome to Appium v1.22.2
[35m[Appium][39m Non-default server args:
[35m[Appium][39m   port: 64110
[35m[Appium][39m   loglevel: info
[35m[Appium][39m   tmpDir: C:\Users\NIAYUS~1\AppData\Local\Temp\\Katalon\Appium\Temp1641781775959
[35m[Appium][39m   chromedriverPort: 64111
[35m[Appium][39m Deprecated server args:
[35m[Appium][39m   [31m--chromedriver-port[39m => --default-capabilities
[35m[Appium][39m Default capabilities, which will be added to each request unless overridden by desired capabilities:
[35m[Appium][39m   chromedriverPort: 64111
[35m[Appium][39m Appium REST http interface listener started on 0.0.0.0:64110
[35m[HTTP][39m [37m-->[39m [37mGET[39m [37m/wd/hub/status[39m
[35m[HTTP][39m [90m{}[39m
[35m[HTTP][39m [37m<-- GET /wd/hub/status [39m[32m200[39m [90m15 ms - 68[39m
[35m[HTTP][39m [90m[39m
[35m[HTTP][39m [37m-->[39m [37mPOST[39m [37m/wd/hub/session[39m
[35m[HTTP][39m [90m{"desiredCapabilities":{"appActivity":".Settings","appPackage":"com.android.settings","newCommandTimeout":1800,"platformVersion":"11","automationName":"uiautomator2","autoGrantPermissions":true,"platformName":"Android","udid":"RR8N605F11Y","deviceName":"samsung SM-M315F (Android 11)","platform":"ANDROID","systemPort":8237},"capabilities":{"firstMatch":[{"appium:appActivity":".Settings","appium:appPackage":"com.android.settings","appium:autoGrantPermissions":true,"appium:automationName":"uiautomator2","appium:deviceName":"samsung SM-M315F (Android 11)","appium:newCommandTimeout":1800,"platform":"ANDROID","platformName":"android","appium:platformVersion":"11","appium:systemPort":8237,"appium:udid":"RR8N605F11Y"}]}}[39m
[35m[BaseDriver][39m The following capabilities are not standard capabilities and should have an extension prefix:
[35m[BaseDriver][39m   platform
[35m[BaseDriver][39m   chromedriverPort
[35m[Appium][39m Appium v1.22.2 creating new AndroidUiautomator2Driver (v1.70.1) session
[35m[BaseDriver][39m The following capabilities were provided, but are not recognized by Appium:
[35m[BaseDriver][39m   platform
[35m[BaseDriver][39m Session created with session id: 1a7f9da2-8437-400e-a351-ed14f5524d2a
[35m[UiAutomator2][39m Starting 'com.android.settings' directly on the device
[35m[ADB][39m Cannot sort build-tools folders ["29.0.3","android-8.1.0"] by semantic version names.
[35m[ADB][39m Falling back to sorting by modification date. Original error: Invalid Version: android-8.1.0
[35m[ADB][39m Found 2 'build-tools' folders under 'C:\Users\Nia Yusniati\.katalon\tools\android_sdk' (newest first):
[35m[ADB][39m     C:/Users/Nia Yusniati/.katalon/tools/android_sdk/build-tools/29.0.3
[35m[ADB][39m     C:/Users/Nia Yusniati/.katalon/tools/android_sdk/build-tools/android-8.1.0
[35m[ADB][39m Using 'adb.exe' from 'C:\Users\Nia Yusniati\.katalon\tools\android_sdk\platform-tools\adb.exe'
[35m[AndroidDriver][39m Retrieving device list
[35m[AndroidDriver][39m Using device: RR8N605F11Y
[35m[ADB][39m Using 'adb.exe' from 'C:\Users\Nia Yusniati\.katalon\tools\android_sdk\platform-tools\adb.exe'
[35m[ADB][39m Getting device platform version
[35m[UiAutomator2][39m Relaxing hidden api policy
[35m[AndroidDriver][39m No app sent in, not parsing package/activity
[35m[ADB][39m Using 'apksigner.jar' from 'C:\Users\Nia Yusniati\.katalon\tools\android_sdk\build-tools\29.0.3\lib\apksigner.jar'
[35m[ADB][39m 'C:\Users\Nia Yusniati\AppData\Roaming\npm\node_modules\appium\node_modules\appium-uiautomator2-server\apks\appium-uiautomator2-server-v4.27.0.apk' is signed with the default certificate
[35m[ADB][39m 'C:\Users\Nia Yusniati\AppData\Roaming\npm\node_modules\appium\node_modules\appium-uiautomator2-server\apks\appium-uiautomator2-server-debug-androidTest.apk' is signed with the default certificate
[35m[UiAutomator2][39m Server packages are not going to be (re)installed
[35m[ADB][39m Adding packages ["io.appium.settings","io.appium.uiautomator2.server","io.appium.uiautomator2.server.test"] to Doze whitelist
[35m[UiAutomator2][39m Starting UIAutomator2 server 4.27.0
[35m[UiAutomator2][39m Using UIAutomator2 server from 'C:\Users\Nia Yusniati\AppData\Roaming\npm\node_modules\appium\node_modules\appium-uiautomator2-server\apks\appium-uiautomator2-server-v4.27.0.apk' and test from 'C:\Users\Nia Yusniati\AppData\Roaming\npm\node_modules\appium\node_modules\appium-uiautomator2-server\apks\appium-uiautomator2-server-debug-androidTest.apk'
[35m[UiAutomator2][39m Waiting up to 30000ms for UiAutomator2 to be online...
[35m[WD Proxy][39m socket hang up
[35m[WD Proxy][39m socket hang up
[35m[WD Proxy][39m socket hang up
[35m[WD Proxy][39m Determined the downstream protocol as 'W3C'
[35m[AndroidDriver][39m Screen already unlocked, doing nothing
[35m[UiAutomator2][39m Starting 'com.android.settings/.Settings and waiting for 'com.android.settings/.Settings'
[35m[Appium][39m New AndroidUiautomator2Driver session created successfully, session 1a7f9da2-8437-400e-a351-ed14f5524d2a added to master session list
[35m[HTTP][39m [37m<-- POST /wd/hub/session [39m[32m200[39m [90m10965 ms - 1158[39m
[35m[HTTP][39m [90m[39m
[35m[HTTP][39m [37m-->[39m [37mGET[39m [37m/wd/hub/session/1a7f9da2-8437-400e-a351-ed14f5524d2a[39m
[35m[HTTP][39m [90m{}[39m
[35m[HTTP][39m [37m<-- GET /wd/hub/session/1a7f9da2-8437-400e-a351-ed14f5524d2a [39m[32m200[39m [90m13 ms - 1112[39m
[35m[HTTP][39m [90m[39m
[35m[HTTP][39m [37m-->[39m [37mGET[39m [37m/wd/hub/session/1a7f9da2-8437-400e-a351-ed14f5524d2a[39m
[35m[HTTP][39m [90m{}[39m
[35m[HTTP][39m [37m<-- GET /wd/hub/session/1a7f9da2-8437-400e-a351-ed14f5524d2a [39m[32m200[39m [90m13 ms - 1112[39m
[35m[HTTP][39m [90m[39m
[35m[HTTP][39m [37m-->[39m [37mGET[39m [37m/wd/hub/status[39m
[35m[HTTP][39m [90m{}[39m
[35m[HTTP][39m [37m<-- GET /wd/hub/status [39m[32m200[39m [90m1 ms - 68[39m
[35m[HTTP][39m [90m[39m
[35m[HTTP][39m [37m-->[39m [37mPOST[39m [37m/wd/hub/session/1a7f9da2-8437-400e-a351-ed14f5524d2a/timeouts[39m
[35m[HTTP][39m [90m{"implicit":30000}[39m
[35m[HTTP][39m [37m<-- POST /wd/hub/session/1a7f9da2-8437-400e-a351-ed14f5524d2a/timeouts [39m[32m200[39m [90m3 ms - 14[39m
[35m[HTTP][39m [90m[39m
[35m[HTTP][39m [37m-->[39m [37mGET[39m [37m/wd/hub/session/1a7f9da2-8437-400e-a351-ed14f5524d2a/screenshot[39m
[35m[HTTP][39m [90m{}[39m
[35m[HTTP][39m [37m<-- GET /wd/hub/session/1a7f9da2-8437-400e-a351-ed14f5524d2a/screenshot [39m[32m200[39m [90m562 ms - 187660[39m
[35m[HTTP][39m [90m[39m
[35m[HTTP][39m [37m-->[39m [37mGET[39m [37m/wd/hub/session/1a7f9da2-8437-400e-a351-ed14f5524d2a/window/rect[39m
[35m[HTTP][39m [90m{}[39m
[35m[HTTP][39m [37m<-- GET /wd/hub/session/1a7f9da2-8437-400e-a351-ed14f5524d2a/window/rect [39m[32m200[39m [90m38 ms - 50[39m
[35m[HTTP][39m [90m[39m
[35m[HTTP][39m [37m-->[39m [37mGET[39m [37m/wd/hub/session/1a7f9da2-8437-400e-a351-ed14f5524d2a/appium/device/system_bars[39m
[35m[HTTP][39m [90m{}[39m
[35m[HTTP][39m [37m<-- GET /wd/hub/session/1a7f9da2-8437-400e-a351-ed14f5524d2a/appium/device/system_bars [39m[32m200[39m [90m160 ms - 148[39m
[35m[HTTP][39m [90m[39m
[35m[HTTP][39m [37m-->[39m [37mPOST[39m [37m/wd/hub/session/1a7f9da2-8437-400e-a351-ed14f5524d2a/appium/device/activate_app[39m
[35m[HTTP][39m [90m{"bundleId":"com.vq.mbrochuregp.client.android"}[39m
[35m[HTTP][39m [37m<-- POST /wd/hub/session/1a7f9da2-8437-400e-a351-ed14f5524d2a/appium/device/activate_app [39m[32m200[39m [90m622 ms - 14[39m
[35m[HTTP][39m [90m[39m
[35m[HTTP][39m [37m-->[39m [37mGET[39m [37m/wd/hub/session/1a7f9da2-8437-400e-a351-ed14f5524d2a/context[39m
[35m[HTTP][39m [90m{}[39m
[35m[HTTP][39m [37m<-- GET /wd/hub/session/1a7f9da2-8437-400e-a351-ed14f5524d2a/context [39m[32m200[39m [90m3 ms - 22[39m
[35m[HTTP][39m [90m[39m
[35m[HTTP][39m [37m-->[39m [37mGET[39m [37m/wd/hub/session/1a7f9da2-8437-400e-a351-ed14f5524d2a/contexts[39m
[35m[HTTP][39m [90m{}[39m
[35m[HTTP][39m [37m<-- GET /wd/hub/session/1a7f9da2-8437-400e-a351-ed14f5524d2a/contexts [39m[32m200[39m [90m80 ms - 24[39m
[35m[HTTP][39m [90m[39m
[35m[HTTP][39m [37m-->[39m [37mPOST[39m [37m/wd/hub/session/1a7f9da2-8437-400e-a351-ed14f5524d2a/context[39m
[35m[HTTP][39m [90m{"name":"NATIVE_APP"}[39m
[35m[HTTP][39m [37m<-- POST /wd/hub/session/1a7f9da2-8437-400e-a351-ed14f5524d2a/context [39m[32m200[39m [90m5 ms - 14[39m
[35m[HTTP][39m [90m[39m
[35m[HTTP][39m [37m-->[39m [37mPOST[39m [37m/wd/hub/session/1a7f9da2-8437-400e-a351-ed14f5524d2a/appium/device/press_keycode[39m
[35m[HTTP][39m [90m{"keycode":4}[39m
[35m[HTTP][39m [37m<-- POST /wd/hub/session/1a7f9da2-8437-400e-a351-ed14f5524d2a/appium/device/press_keycode [39m[32m200[39m [90m1152 ms - 14[39m
[35m[HTTP][39m [90m[39m
[35m[HTTP][39m [37m-->[39m [37mPOST[39m [37m/wd/hub/session/1a7f9da2-8437-400e-a351-ed14f5524d2a/context[39m
[35m[HTTP][39m [90m{"name":"NATIVE_APP"}[39m
[35m[HTTP][39m [37m<-- POST /wd/hub/session/1a7f9da2-8437-400e-a351-ed14f5524d2a/context [39m[32m200[39m [90m2 ms - 14[39m
[35m[HTTP][39m [90m[39m
[35m[HTTP][39m [37m-->[39m [37mGET[39m [37m/wd/hub/session/1a7f9da2-8437-400e-a351-ed14f5524d2a/window/rect[39m
[35m[HTTP][39m [90m{}[39m
[35m[HTTP][39m [37m<-- GET /wd/hub/session/1a7f9da2-8437-400e-a351-ed14f5524d2a/window/rect [39m[32m200[39m [90m40 ms - 50[39m
[35m[HTTP][39m [90m[39m
[35m[HTTP][39m [37m-->[39m [37mPOST[39m [37m/wd/hub/session/1a7f9da2-8437-400e-a351-ed14f5524d2a/elements[39m
[35m[HTTP][39m [90m{"using":"xpath","value":"//*[@resource-id = 'com.vq.mbrochuregp.client.android:id/iv_home_profil_icon' and @package = 'com.vq.mbrochuregp.client.android']"}[39m
[35m[HTTP][39m [37m<-- POST /wd/hub/session/1a7f9da2-8437-400e-a351-ed14f5524d2a/elements [39m[32m200[39m [90m2531 ms - 139[39m
[35m[HTTP][39m [90m[39m
[35m[HTTP][39m [37m-->[39m [37mGET[39m [37m/wd/hub/session/1a7f9da2-8437-400e-a351-ed14f5524d2a/element/00000000-0000-0053-ffff-ffff000016ad/location[39m
[35m[HTTP][39m [90m{}[39m
[35m[W3C (1a7f9da2)][39m Driver proxy active, passing request on via HTTP proxy
[35m[WD Proxy][39m Replacing sessionId 02c26bf2-bc25-492f-8cfc-d82ac9213950 with 1a7f9da2-8437-400e-a351-ed14f5524d2a
[35m[HTTP][39m [37m<-- GET /wd/hub/session/1a7f9da2-8437-400e-a351-ed14f5524d2a/element/00000000-0000-0053-ffff-ffff000016ad/location [39m[32m200[39m [90m57 ms - 79[39m
[35m[HTTP][39m [90m[39m
[35m[HTTP][39m [37m-->[39m [37mPOST[39m [37m/wd/hub/session/1a7f9da2-8437-400e-a351-ed14f5524d2a/element/00000000-0000-0053-ffff-ffff000016ad/click[39m
[35m[HTTP][39m [90m{"id":"00000000-0000-0053-ffff-ffff000016ad"}[39m
[35m[HTTP][39m [37m<-- POST /wd/hub/session/1a7f9da2-8437-400e-a351-ed14f5524d2a/element/00000000-0000-0053-ffff-ffff000016ad/click [39m[32m200[39m [90m111 ms - 14[39m
[35m[HTTP][39m [90m[39m
[35m[HTTP][39m [37m-->[39m [37mPOST[39m [37m/wd/hub/session/1a7f9da2-8437-400e-a351-ed14f5524d2a/timeouts[39m
[35m[HTTP][39m [90m{"implicit":50}[39m
[35m[HTTP][39m [37m<-- POST /wd/hub/session/1a7f9da2-8437-400e-a351-ed14f5524d2a/timeouts [39m[32m200[39m [90m2 ms - 14[39m
[35m[HTTP][39m [90m[39m
[35m[HTTP][39m [37m-->[39m [37mGET[39m [37m/wd/hub/session/1a7f9da2-8437-400e-a351-ed14f5524d2a/window/rect[39m
[35m[HTTP][39m [90m{}[39m
[35m[HTTP][39m [37m<-- GET /wd/hub/session/1a7f9da2-8437-400e-a351-ed14f5524d2a/window/rect [39m[32m200[39m [90m48 ms - 50[39m
[35m[HTTP][39m [90m[39m
[35m[HTTP][39m [37m-->[39m [37mPOST[39m [37m/wd/hub/session/1a7f9da2-8437-400e-a351-ed14f5524d2a/elements[39m
[35m[HTTP][39m [90m{"using":"xpath","value":"//hierarchy/android.widget.FrameLayout[1]/android.widget.LinearLayout[1]/android.widget.FrameLayout[1]/android.widget.LinearLayout[1]/android.widget.FrameLayout[1]/android.view.ViewGroup[1]/android.widget.ScrollView[1]/android.widget.LinearLayout[1]/android.view.ViewGroup[1]/android.widget.LinearLayout[1]/android.widget.FrameLayout[1]/android.widget.EditText[1]"}[39m
[35m[HTTP][39m [37m<-- POST /wd/hub/session/1a7f9da2-8437-400e-a351-ed14f5524d2a/elements [39m[32m200[39m [90m264 ms - 139[39m
[35m[HTTP][39m [90m[39m
[35m[HTTP][39m [37m-->[39m [37mGET[39m [37m/wd/hub/session/1a7f9da2-8437-400e-a351-ed14f5524d2a/element/00000000-0000-0060-ffff-ffff000017b6/location[39m
[35m[HTTP][39m [90m{}[39m
[35m[W3C (1a7f9da2)][39m Driver proxy active, passing request on via HTTP proxy
[35m[WD Proxy][39m Replacing sessionId 02c26bf2-bc25-492f-8cfc-d82ac9213950 with 1a7f9da2-8437-400e-a351-ed14f5524d2a
[35m[HTTP][39m [37m<-- GET /wd/hub/session/1a7f9da2-8437-400e-a351-ed14f5524d2a/element/00000000-0000-0060-ffff-ffff000017b6/location [39m[32m200[39m [90m63 ms - 77[39m
[35m[HTTP][39m [90m[39m
[35m[HTTP][39m [37m-->[39m [37mPOST[39m [37m/wd/hub/session/1a7f9da2-8437-400e-a351-ed14f5524d2a/timeouts[39m
[35m[HTTP][39m [90m{"implicit":30000}[39m
[35m[HTTP][39m [37m<-- POST /wd/hub/session/1a7f9da2-8437-400e-a351-ed14f5524d2a/timeouts [39m[32m200[39m [90m4 ms - 14[39m
[35m[HTTP][39m [90m[39m
[35m[HTTP][39m [37m-->[39m [37mPOST[39m [37m/wd/hub/session/1a7f9da2-8437-400e-a351-ed14f5524d2a/element/00000000-0000-0060-ffff-ffff000017b6/clear[39m
[35m[HTTP][39m [90m{"id":"00000000-0000-0060-ffff-ffff000017b6"}[39m
[35m[HTTP][39m [37m<-- POST /wd/hub/session/1a7f9da2-8437-400e-a351-ed14f5524d2a/element/00000000-0000-0060-ffff-ffff000017b6/clear [39m[32m200[39m [90m78 ms - 14[39m
[35m[HTTP][39m [90m[39m
[35m[HTTP][39m [37m-->[39m [37mPOST[39m [37m/wd/hub/session/1a7f9da2-8437-400e-a351-ed14f5524d2a/element/00000000-0000-0060-ffff-ffff000017b6/value[39m
[35m[HTTP][39m [90m{"id":"00000000-0000-0060-ffff-ffff000017b6","text":"wardi@mailinator.com","value":["w","a","r","d","i","@","m","a","i","l","i","n","a","t","o","r",".","c","o","m"]}[39m
[35m[HTTP][39m [37m<-- POST /wd/hub/session/1a7f9da2-8437-400e-a351-ed14f5524d2a/element/00000000-0000-0060-ffff-ffff000017b6/value [39m[32m200[39m [90m564 ms - 14[39m
[35m[HTTP][39m [90m[39m
[35m[HTTP][39m [37m-->[39m [37mPOST[39m [37m/wd/hub/session/1a7f9da2-8437-400e-a351-ed14f5524d2a/timeouts[39m
[35m[HTTP][39m [90m{"implicit":50}[39m
[35m[HTTP][39m [37m<-- POST /wd/hub/session/1a7f9da2-8437-400e-a351-ed14f5524d2a/timeouts [39m[32m200[39m [90m3 ms - 14[39m
[35m[HTTP][39m [90m[39m
[35m[HTTP][39m [37m-->[39m [37mGET[39m [37m/wd/hub/session/1a7f9da2-8437-400e-a351-ed14f5524d2a/window/rect[39m
[35m[HTTP][39m [90m{}[39m
[35m[HTTP][39m [37m<-- GET /wd/hub/session/1a7f9da2-8437-400e-a351-ed14f5524d2a/window/rect [39m[32m200[39m [90m39 ms - 50[39m
[35m[HTTP][39m [90m[39m
[35m[HTTP][39m [37m-->[39m [37mPOST[39m [37m/wd/hub/session/1a7f9da2-8437-400e-a351-ed14f5524d2a/elements[39m
[35m[HTTP][39m [90m{"using":"xpath","value":"//hierarchy/android.widget.FrameLayout[1]/android.widget.LinearLayout[1]/android.widget.FrameLayout[1]/android.widget.LinearLayout[1]/android.widget.FrameLayout[1]/android.view.ViewGroup[1]/android.widget.ScrollView[1]/android.widget.LinearLayout[1]/android.view.ViewGroup[1]/android.widget.LinearLayout[2]/android.widget.FrameLayout[1]/android.widget.EditText[1]"}[39m
[35m[HTTP][39m [37m<-- POST /wd/hub/session/1a7f9da2-8437-400e-a351-ed14f5524d2a/elements [39m[32m200[39m [90m444 ms - 139[39m
[35m[HTTP][39m [90m[39m
[35m[HTTP][39m [37m-->[39m [37mGET[39m [37m/wd/hub/session/1a7f9da2-8437-400e-a351-ed14f5524d2a/element/00000000-0000-0060-ffff-ffff000017ba/location[39m
[35m[HTTP][39m [90m{}[39m
[35m[W3C (1a7f9da2)][39m Driver proxy active, passing request on via HTTP proxy
[35m[WD Proxy][39m Replacing sessionId 02c26bf2-bc25-492f-8cfc-d82ac9213950 with 1a7f9da2-8437-400e-a351-ed14f5524d2a
[35m[HTTP][39m [37m<-- GET /wd/hub/session/1a7f9da2-8437-400e-a351-ed14f5524d2a/element/00000000-0000-0060-ffff-ffff000017ba/location [39m[32m200[39m [90m38 ms - 78[39m
[35m[HTTP][39m [90m[39m
[35m[HTTP][39m [37m-->[39m [37mPOST[39m [37m/wd/hub/session/1a7f9da2-8437-400e-a351-ed14f5524d2a/timeouts[39m
[35m[HTTP][39m [90m{"implicit":30000}[39m
[35m[HTTP][39m [37m<-- POST /wd/hub/session/1a7f9da2-8437-400e-a351-ed14f5524d2a/timeouts [39m[32m200[39m [90m3 ms - 14[39m
[35m[HTTP][39m [90m[39m
[35m[HTTP][39m [37m-->[39m [37mPOST[39m [37m/wd/hub/session/1a7f9da2-8437-400e-a351-ed14f5524d2a/element/00000000-0000-0060-ffff-ffff000017ba/clear[39m
[35m[HTTP][39m [90m{"id":"00000000-0000-0060-ffff-ffff000017ba"}[39m
[35m[HTTP][39m [37m<-- POST /wd/hub/session/1a7f9da2-8437-400e-a351-ed14f5524d2a/element/00000000-0000-0060-ffff-ffff000017ba/clear [39m[32m200[39m [90m73 ms - 14[39m
[35m[HTTP][39m [90m[39m
[35m[HTTP][39m [37m-->[39m [37mPOST[39m [37m/wd/hub/session/1a7f9da2-8437-400e-a351-ed14f5524d2a/element/00000000-0000-0060-ffff-ffff000017ba/value[39m
[35m[HTTP][39m [90m{"id":"00000000-0000-0060-ffff-ffff000017ba","text":"123abc","value":["1","2","3","a","b","c"]}[39m
[35m[HTTP][39m [37m<-- POST /wd/hub/session/1a7f9da2-8437-400e-a351-ed14f5524d2a/element/00000000-0000-0060-ffff-ffff000017ba/value [39m[32m200[39m [90m576 ms - 14[39m
[35m[HTTP][39m [90m[39m
[35m[HTTP][39m [37m-->[39m [37mGET[39m [37m/wd/hub/session/1a7f9da2-8437-400e-a351-ed14f5524d2a/context[39m
[35m[HTTP][39m [90m{}[39m
[35m[HTTP][39m [37m<-- GET /wd/hub/session/1a7f9da2-8437-400e-a351-ed14f5524d2a/context [39m[32m200[39m [90m1 ms - 22[39m
[35m[HTTP][39m [90m[39m
[35m[HTTP][39m [37m-->[39m [37mGET[39m [37m/wd/hub/session/1a7f9da2-8437-400e-a351-ed14f5524d2a/contexts[39m
[35m[HTTP][39m [90m{}[39m
[35m[HTTP][39m [37m<-- GET /wd/hub/session/1a7f9da2-8437-400e-a351-ed14f5524d2a/contexts [39m[32m200[39m [90m104 ms - 24[39m
[35m[HTTP][39m [90m[39m
[35m[HTTP][39m [37m-->[39m [37mPOST[39m [37m/wd/hub/session/1a7f9da2-8437-400e-a351-ed14f5524d2a/context[39m
[35m[HTTP][39m [90m{"name":"NATIVE_APP"}[39m
[35m[HTTP][39m [37m<-- POST /wd/hub/session/1a7f9da2-8437-400e-a351-ed14f5524d2a/context [39m[32m200[39m [90m2 ms - 14[39m
[35m[HTTP][39m [90m[39m
[35m[HTTP][39m [37m-->[39m [37mGET[39m [37m/wd/hub/session/1a7f9da2-8437-400e-a351-ed14f5524d2a/window/rect[39m
[35m[HTTP][39m [90m{}[39m
[35m[HTTP][39m [37m<-- GET /wd/hub/session/1a7f9da2-8437-400e-a351-ed14f5524d2a/window/rect [39m[32m200[39m [90m36 ms - 50[39m
[35m[HTTP][39m [90m[39m
[35m[HTTP][39m [37m-->[39m [37mPOST[39m [37m/wd/hub/session/1a7f9da2-8437-400e-a351-ed14f5524d2a/execute/sync[39m
[35m[HTTP][39m [90m{"script":"mobile: viewportScreenshot","args":[]}[39m
[35m[AndroidDriver][39m Executing native command 'mobile: viewportScreenshot'
[35m[HTTP][39m [37m<-- POST /wd/hub/session/1a7f9da2-8437-400e-a351-ed14f5524d2a/execute/sync [39m[32m200[39m [90m1548 ms - 154784[39m
[35m[HTTP][39m [90m[39m
[35m[HTTP][39m [37m-->[39m [37mPOST[39m [37m/wd/hub/session/1a7f9da2-8437-400e-a351-ed14f5524d2a/context[39m
[35m[HTTP][39m [90m{"name":"NATIVE_APP"}[39m
[35m[HTTP][39m [37m<-- POST /wd/hub/session/1a7f9da2-8437-400e-a351-ed14f5524d2a/context [39m[32m200[39m [90m2 ms - 14[39m
[35m[HTTP][39m [90m[39m
[35m[HTTP][39m [37m-->[39m [37mPOST[39m [37m/wd/hub/session/1a7f9da2-8437-400e-a351-ed14f5524d2a/timeouts[39m
[35m[HTTP][39m [90m{"implicit":50}[39m
[35m[HTTP][39m [37m<-- POST /wd/hub/session/1a7f9da2-8437-400e-a351-ed14f5524d2a/timeouts [39m[32m200[39m [90m2 ms - 14[39m
[35m[HTTP][39m [90m[39m
[35m[HTTP][39m [37m-->[39m [37mGET[39m [37m/wd/hub/session/1a7f9da2-8437-400e-a351-ed14f5524d2a/window/rect[39m
[35m[HTTP][39m [90m{}[39m
[35m[HTTP][39m [37m<-- GET /wd/hub/session/1a7f9da2-8437-400e-a351-ed14f5524d2a/window/rect [39m[32m200[39m [90m48 ms - 50[39m
[35m[HTTP][39m [90m[39m
[35m[HTTP][39m [37m-->[39m [37mPOST[39m [37m/wd/hub/session/1a7f9da2-8437-400e-a351-ed14f5524d2a/elements[39m
[35m[HTTP][39m [90m{"using":"xpath","value":"//hierarchy/android.widget.FrameLayout[1]/android.widget.LinearLayout[1]/android.widget.FrameLayout[1]/android.widget.LinearLayout[1]/android.widget.FrameLayout[1]/android.view.ViewGroup[1]/android.widget.ScrollView[1]/android.widget.LinearLayout[1]/android.view.ViewGroup[1]/android.widget.Button[1]"}[39m
[35m[HTTP][39m [37m<-- POST /wd/hub/session/1a7f9da2-8437-400e-a351-ed14f5524d2a/elements [39m[32m200[39m [90m230 ms - 139[39m
[35m[HTTP][39m [90m[39m
[35m[HTTP][39m [37m-->[39m [37mGET[39m [37m/wd/hub/session/1a7f9da2-8437-400e-a351-ed14f5524d2a/element/00000000-0000-0060-ffff-ffff000017bd/location[39m
[35m[HTTP][39m [90m{}[39m
[35m[W3C (1a7f9da2)][39m Driver proxy active, passing request on via HTTP proxy
[35m[WD Proxy][39m Replacing sessionId 02c26bf2-bc25-492f-8cfc-d82ac9213950 with 1a7f9da2-8437-400e-a351-ed14f5524d2a
[35m[HTTP][39m [37m<-- GET /wd/hub/session/1a7f9da2-8437-400e-a351-ed14f5524d2a/element/00000000-0000-0060-ffff-ffff000017bd/location [39m[32m200[39m [90m41 ms - 78[39m
[35m[HTTP][39m [90m[39m
[35m[HTTP][39m [37m-->[39m [37mPOST[39m [37m/wd/hub/session/1a7f9da2-8437-400e-a351-ed14f5524d2a/timeouts[39m
[35m[HTTP][39m [90m{"implicit":30000}[39m
[35m[HTTP][39m [37m<-- POST /wd/hub/session/1a7f9da2-8437-400e-a351-ed14f5524d2a/timeouts [39m[32m200[39m [90m2 ms - 14[39m
[35m[HTTP][39m [90m[39m
[35m[HTTP][39m [37m-->[39m [37mPOST[39m [37m/wd/hub/session/1a7f9da2-8437-400e-a351-ed14f5524d2a/touch/perform[39m
[35m[HTTP][39m [90m{"actions":[{"action":"tap","options":{"x":1,"y":1,"element":"00000000-0000-0060-ffff-ffff000017bd"}},{"action":"release","options":{}}]}[39m
[35m[UiAutomator2][39m calling get location: 00000000-0000-0060-ffff-ffff000017bd
[35m[HTTP][39m [37m<-- POST /wd/hub/session/1a7f9da2-8437-400e-a351-ed14f5524d2a/touch/perform [39m[32m200[39m [90m334 ms - 14[39m
[35m[HTTP][39m [90m[39m
[35m[HTTP][39m [37m-->[39m [37mGET[39m [37m/wd/hub/session/1a7f9da2-8437-400e-a351-ed14f5524d2a/context[39m
[35m[HTTP][39m [90m{}[39m
[35m[HTTP][39m [37m<-- GET /wd/hub/session/1a7f9da2-8437-400e-a351-ed14f5524d2a/context [39m[32m200[39m [90m1 ms - 22[39m
[35m[HTTP][39m [90m[39m
[35m[HTTP][39m [37m-->[39m [37mGET[39m [37m/wd/hub/session/1a7f9da2-8437-400e-a351-ed14f5524d2a/contexts[39m
[35m[HTTP][39m [90m{}[39m
[35m[HTTP][39m [37m<-- GET /wd/hub/session/1a7f9da2-8437-400e-a351-ed14f5524d2a/contexts [39m[32m200[39m [90m109 ms - 24[39m
[35m[HTTP][39m [90m[39m
[35m[HTTP][39m [37m-->[39m [37mPOST[39m [37m/wd/hub/session/1a7f9da2-8437-400e-a351-ed14f5524d2a/context[39m
[35m[HTTP][39m [90m{"name":"NATIVE_APP"}[39m
[35m[HTTP][39m [37m<-- POST /wd/hub/session/1a7f9da2-8437-400e-a351-ed14f5524d2a/context [39m[32m200[39m [90m3 ms - 14[39m
[35m[HTTP][39m [90m[39m
[35m[HTTP][39m [37m-->[39m [37mPOST[39m [37m/wd/hub/session/1a7f9da2-8437-400e-a351-ed14f5524d2a/element[39m
[35m[HTTP][39m [90m{"using":"-android uiautomator","value":"new UiScrollable(new UiSelector().scrollable(true).instance(0)).scrollIntoView(new UiSelector().textContains(\"Suku Bunga\"))"}[39m
[35m[HTTP][39m [37m<-- POST /wd/hub/session/1a7f9da2-8437-400e-a351-ed14f5524d2a/element [39m[32m200[39m [90m9899 ms - 137[39m
[35m[HTTP][39m [90m[39m
[35m[HTTP][39m [37m-->[39m [37mPOST[39m [37m/wd/hub/session/1a7f9da2-8437-400e-a351-ed14f5524d2a/context[39m
[35m[HTTP][39m [90m{"name":"NATIVE_APP"}[39m
[35m[HTTP][39m [37m<-- POST /wd/hub/session/1a7f9da2-8437-400e-a351-ed14f5524d2a/context [39m[32m200[39m [90m3 ms - 14[39m
[35m[HTTP][39m [90m[39m
[35m[HTTP][39m [37m-->[39m [37mGET[39m [37m/wd/hub/session/1a7f9da2-8437-400e-a351-ed14f5524d2a/window/rect[39m
[35m[HTTP][39m [90m{}[39m
[35m[HTTP][39m [37m<-- GET /wd/hub/session/1a7f9da2-8437-400e-a351-ed14f5524d2a/window/rect [39m[32m200[39m [90m41 ms - 50[39m
[35m[HTTP][39m [90m[39m
[35m[HTTP][39m [37m-->[39m [37mPOST[39m [37m/wd/hub/session/1a7f9da2-8437-400e-a351-ed14f5524d2a/elements[39m
[35m[HTTP][39m [90m{"using":"xpath","value":"//*[@resource-id = 'com.vq.mbrochuregp.client.android:id/iv_home_profil_icon' and @package = 'com.vq.mbrochuregp.client.android']"}[39m
[35m[HTTP][39m [37m<-- POST /wd/hub/session/1a7f9da2-8437-400e-a351-ed14f5524d2a/elements [39m[32m200[39m [90m633 ms - 139[39m
[35m[HTTP][39m [90m[39m
[35m[HTTP][39m [37m-->[39m [37mGET[39m [37m/wd/hub/session/1a7f9da2-8437-400e-a351-ed14f5524d2a/element/00000000-0000-0062-ffff-ffff00001815/location[39m
[35m[HTTP][39m [90m{}[39m
[35m[W3C (1a7f9da2)][39m Driver proxy active, passing request on via HTTP proxy
[35m[WD Proxy][39m Replacing sessionId 02c26bf2-bc25-492f-8cfc-d82ac9213950 with 1a7f9da2-8437-400e-a351-ed14f5524d2a
[35m[HTTP][39m [37m<-- GET /wd/hub/session/1a7f9da2-8437-400e-a351-ed14f5524d2a/element/00000000-0000-0062-ffff-ffff00001815/location [39m[32m200[39m [90m36 ms - 79[39m
[35m[HTTP][39m [90m[39m
[35m[HTTP][39m [37m-->[39m [37mPOST[39m [37m/wd/hub/session/1a7f9da2-8437-400e-a351-ed14f5524d2a/element/00000000-0000-0062-ffff-ffff00001815/click[39m
[35m[HTTP][39m [90m{"id":"00000000-0000-0062-ffff-ffff00001815"}[39m
[35m[HTTP][39m [37m<-- POST /wd/hub/session/1a7f9da2-8437-400e-a351-ed14f5524d2a/element/00000000-0000-0062-ffff-ffff00001815/click [39m[32m200[39m [90m127 ms - 14[39m
[35m[HTTP][39m [90m[39m
[35m[HTTP][39m [37m-->[39m [37mGET[39m [37m/wd/hub/session/1a7f9da2-8437-400e-a351-ed14f5524d2a/context[39m
[35m[HTTP][39m [90m{}[39m
[35m[HTTP][39m [37m<-- GET /wd/hub/session/1a7f9da2-8437-400e-a351-ed14f5524d2a/context [39m[32m200[39m [90m3 ms - 22[39m
[35m[HTTP][39m [90m[39m
[35m[HTTP][39m [37m-->[39m [37mGET[39m [37m/wd/hub/session/1a7f9da2-8437-400e-a351-ed14f5524d2a/contexts[39m
[35m[HTTP][39m [90m{}[39m
[35m[HTTP][39m [37m<-- GET /wd/hub/session/1a7f9da2-8437-400e-a351-ed14f5524d2a/contexts [39m[32m200[39m [90m126 ms - 24[39m
[35m[HTTP][39m [90m[39m
[35m[HTTP][39m [37m-->[39m [37mPOST[39m [37m/wd/hub/session/1a7f9da2-8437-400e-a351-ed14f5524d2a/context[39m
[35m[HTTP][39m [90m{"name":"NATIVE_APP"}[39m
[35m[HTTP][39m [37m<-- POST /wd/hub/session/1a7f9da2-8437-400e-a351-ed14f5524d2a/context [39m[32m200[39m [90m2 ms - 14[39m
[35m[HTTP][39m [90m[39m
[35m[HTTP][39m [37m-->[39m [37mGET[39m [37m/wd/hub/session/1a7f9da2-8437-400e-a351-ed14f5524d2a/window/rect[39m
[35m[HTTP][39m [90m{}[39m
[35m[HTTP][39m [37m<-- GET /wd/hub/session/1a7f9da2-8437-400e-a351-ed14f5524d2a/window/rect [39m[32m200[39m [90m44 ms - 50[39m
[35m[HTTP][39m [90m[39m
[35m[HTTP][39m [37m-->[39m [37mPOST[39m [37m/wd/hub/session/1a7f9da2-8437-400e-a351-ed14f5524d2a/execute/sync[39m
[35m[HTTP][39m [90m{"script":"mobile: viewportScreenshot","args":[]}[39m
[35m[AndroidDriver][39m Executing native command 'mobile: viewportScreenshot'
[35m[HTTP][39m [37m<-- POST /wd/hub/session/1a7f9da2-8437-400e-a351-ed14f5524d2a/execute/sync [39m[32m200[39m [90m1482 ms - 320864[39m
[35m[HTTP][39m [90m[39m
[35m[HTTP][39m [37m-->[39m [37mPOST[39m [37m/wd/hub/session/1a7f9da2-8437-400e-a351-ed14f5524d2a/context[39m
[35m[HTTP][39m [90m{"name":"NATIVE_APP"}[39m
[35m[HTTP][39m [37m<-- POST /wd/hub/session/1a7f9da2-8437-400e-a351-ed14f5524d2a/context [39m[32m200[39m [90m2 ms - 14[39m
[35m[HTTP][39m [90m[39m
[35m[HTTP][39m [37m-->[39m [37mGET[39m [37m/wd/hub/session/1a7f9da2-8437-400e-a351-ed14f5524d2a/window/rect[39m
[35m[HTTP][39m [90m{}[39m
[35m[HTTP][39m [37m<-- GET /wd/hub/session/1a7f9da2-8437-400e-a351-ed14f5524d2a/window/rect [39m[32m200[39m [90m48 ms - 50[39m
[35m[HTTP][39m [90m[39m
[35m[HTTP][39m [37m-->[39m [37mPOST[39m [37m/wd/hub/session/1a7f9da2-8437-400e-a351-ed14f5524d2a/elements[39m
[35m[HTTP][39m [90m{"using":"xpath","value":"//*[@class = 'android.widget.ImageView' and @resource-id = 'com.vq.mbrochuregp.client.android:id/iv_home_icon' and (@text = '' or . = '')]"}[39m
[35m[HTTP][39m [37m<-- POST /wd/hub/session/1a7f9da2-8437-400e-a351-ed14f5524d2a/elements [39m[32m200[39m [90m531 ms - 139[39m
[35m[HTTP][39m [90m[39m
[35m[HTTP][39m [37m-->[39m [37mGET[39m [37m/wd/hub/session/1a7f9da2-8437-400e-a351-ed14f5524d2a/element/00000000-0000-0064-ffff-ffff00001889/location[39m
[35m[HTTP][39m [90m{}[39m
[35m[W3C (1a7f9da2)][39m Driver proxy active, passing request on via HTTP proxy
[35m[WD Proxy][39m Replacing sessionId 02c26bf2-bc25-492f-8cfc-d82ac9213950 with 1a7f9da2-8437-400e-a351-ed14f5524d2a
[35m[HTTP][39m [37m<-- GET /wd/hub/session/1a7f9da2-8437-400e-a351-ed14f5524d2a/element/00000000-0000-0064-ffff-ffff00001889/location [39m[32m200[39m [90m207 ms - 78[39m
[35m[HTTP][39m [90m[39m
[35m[HTTP][39m [37m-->[39m [37mPOST[39m [37m/wd/hub/session/1a7f9da2-8437-400e-a351-ed14f5524d2a/element/00000000-0000-0064-ffff-ffff00001889/click[39m
[35m[HTTP][39m [90m{"id":"00000000-0000-0064-ffff-ffff00001889"}[39m
[35m[HTTP][39m [37m<-- POST /wd/hub/session/1a7f9da2-8437-400e-a351-ed14f5524d2a/element/00000000-0000-0064-ffff-ffff00001889/click [39m[32m200[39m [90m737 ms - 14[39m
[35m[HTTP][39m [90m[39m
[35m[HTTP][39m [37m-->[39m [37mGET[39m [37m/wd/hub/status[39m
[35m[HTTP][39m [90m{}[39m
[35m[HTTP][39m [37m<-- GET /wd/hub/status [39m[32m200[39m [90m1 ms - 68[39m
[35m[HTTP][39m [90m[39m
[35m[HTTP][39m [37m-->[39m [37mPOST[39m [37m/wd/hub/session[39m
[35m[HTTP][39m [90m{"desiredCapabilities":{"appActivity":".Settings","appPackage":"com.android.settings","newCommandTimeout":1800,"platformVersion":"11","automationName":"uiautomator2","autoGrantPermissions":true,"platformName":"Android","udid":"RR8N605F11Y","deviceName":"samsung SM-M315F (Android 11)","platform":"ANDROID","systemPort":8297},"capabilities":{"firstMatch":[{"appium:appActivity":".Settings","appium:appPackage":"com.android.settings","appium:autoGrantPermissions":true,"appium:automationName":"uiautomator2","appium:deviceName":"samsung SM-M315F (Android 11)","appium:newCommandTimeout":1800,"platform":"ANDROID","platformName":"android","appium:platformVersion":"11","appium:systemPort":8297,"appium:udid":"RR8N605F11Y"}]}}[39m
[35m[BaseDriver][39m The following capabilities are not standard capabilities and should have an extension prefix:
[35m[BaseDriver][39m   platform
[35m[BaseDriver][39m   chromedriverPort
[35m[Appium][39m Appium v1.22.2 creating new AndroidUiautomator2Driver (v1.70.1) session
[35m[BaseDriver][39m The following capabilities were provided, but are not recognized by Appium:
[35m[BaseDriver][39m   platform
[35m[BaseDriver][39m Session created with session id: cb8d32a9-44b7-419a-a6ce-40d95fae1c54
[35m[UiAutomator2][39m Starting 'com.android.settings' directly on the device
[35m[ADB][39m Using 'adb.exe' from 'C:\Users\Nia Yusniati\.katalon\tools\android_sdk\platform-tools\adb.exe'
[35m[AndroidDriver][39m Retrieving device list
[35m[AndroidDriver][39m Using device: RR8N605F11Y
[35m[ADB][39m Using 'adb.exe' from 'C:\Users\Nia Yusniati\.katalon\tools\android_sdk\platform-tools\adb.exe'
[35m[ADB][39m Getting device platform version
[35m[UiAutomator2][39m Relaxing hidden api policy
[35m[AndroidDriver][39m No app sent in, not parsing package/activity
[35m[UiAutomator2][39m Server packages are not going to be (re)installed
[35m[ADB][39m Adding packages ["io.appium.settings","io.appium.uiautomator2.server","io.appium.uiautomator2.server.test"] to Doze whitelist
[35m[UiAutomator2][39m Starting UIAutomator2 server 4.27.0
[35m[UiAutomator2][39m Using UIAutomator2 server from 'C:\Users\Nia Yusniati\AppData\Roaming\npm\node_modules\appium\node_modules\appium-uiautomator2-server\apks\appium-uiautomator2-server-v4.27.0.apk' and test from 'C:\Users\Nia Yusniati\AppData\Roaming\npm\node_modules\appium\node_modules\appium-uiautomator2-server\apks\appium-uiautomator2-server-debug-androidTest.apk'
[35m[UiAutomator2][39m Waiting up to 30000ms for UiAutomator2 to be online...
[35m[WD Proxy][39m socket hang up
[35m[WD Proxy][39m socket hang up
[35m[WD Proxy][39m socket hang up
[35m[WD Proxy][39m Determined the downstream protocol as 'W3C'
[35m[AndroidDriver][39m Screen already unlocked, doing nothing
[35m[UiAutomator2][39m Starting 'com.android.settings/.Settings and waiting for 'com.android.settings/.Settings'
[35m[Appium][39m New AndroidUiautomator2Driver session created successfully, session cb8d32a9-44b7-419a-a6ce-40d95fae1c54 added to master session list
[35m[HTTP][39m [37m<-- POST /wd/hub/session [39m[32m200[39m [90m10010 ms - 1158[39m
[35m[HTTP][39m [90m[39m
[35m[HTTP][39m [37m-->[39m [37mGET[39m [37m/wd/hub/session/cb8d32a9-44b7-419a-a6ce-40d95fae1c54[39m
[35m[HTTP][39m [90m{}[39m
[35m[HTTP][39m [37m<-- GET /wd/hub/session/cb8d32a9-44b7-419a-a6ce-40d95fae1c54 [39m[32m200[39m [90m16 ms - 1112[39m
[35m[HTTP][39m [90m[39m
[35m[HTTP][39m [37m-->[39m [37mGET[39m [37m/wd/hub/session/cb8d32a9-44b7-419a-a6ce-40d95fae1c54[39m
[35m[HTTP][39m [90m{}[39m
[35m[HTTP][39m [37m<-- GET /wd/hub/session/cb8d32a9-44b7-419a-a6ce-40d95fae1c54 [39m[32m200[39m [90m12 ms - 1112[39m
[35m[HTTP][39m [90m[39m
[35m[HTTP][39m [37m-->[39m [37mGET[39m [37m/wd/hub/status[39m
[35m[HTTP][39m [90m{}[39m
[35m[HTTP][39m [37m<-- GET /wd/hub/status [39m[32m200[39m [90m1 ms - 68[39m
[35m[HTTP][39m [90m[39m
[35m[HTTP][39m [37m-->[39m [37mPOST[39m [37m/wd/hub/session/cb8d32a9-44b7-419a-a6ce-40d95fae1c54/timeouts[39m
[35m[HTTP][39m [90m{"implicit":30000}[39m
[35m[HTTP][39m [37m<-- POST /wd/hub/session/cb8d32a9-44b7-419a-a6ce-40d95fae1c54/timeouts [39m[32m200[39m [90m2 ms - 14[39m
[35m[HTTP][39m [90m[39m
[35m[HTTP][39m [37m-->[39m [37mGET[39m [37m/wd/hub/session/cb8d32a9-44b7-419a-a6ce-40d95fae1c54/screenshot[39m
[35m[HTTP][39m [90m{}[39m
[35m[HTTP][39m [37m<-- GET /wd/hub/session/cb8d32a9-44b7-419a-a6ce-40d95fae1c54/screenshot [39m[32m200[39m [90m512 ms - 187972[39m
[35m[HTTP][39m [90m[39m
[35m[HTTP][39m [37m-->[39m [37mGET[39m [37m/wd/hub/session/cb8d32a9-44b7-419a-a6ce-40d95fae1c54/window/rect[39m
[35m[HTTP][39m [90m{}[39m
[35m[HTTP][39m [37m<-- GET /wd/hub/session/cb8d32a9-44b7-419a-a6ce-40d95fae1c54/window/rect [39m[32m200[39m [90m9 ms - 50[39m
[35m[HTTP][39m [90m[39m
[35m[HTTP][39m [37m-->[39m [37mGET[39m [37m/wd/hub/session/cb8d32a9-44b7-419a-a6ce-40d95fae1c54/appium/device/system_bars[39m
[35m[HTTP][39m [90m{}[39m
[35m[HTTP][39m [37m<-- GET /wd/hub/session/cb8d32a9-44b7-419a-a6ce-40d95fae1c54/appium/device/system_bars [39m[32m200[39m [90m91 ms - 148[39m
[35m[HTTP][39m [90m[39m
[35m[HTTP][39m [37m-->[39m [37mPOST[39m [37m/wd/hub/session/cb8d32a9-44b7-419a-a6ce-40d95fae1c54/appium/device/activate_app[39m
[35m[HTTP][39m [90m{"bundleId":"com.vq.mbrochuregp.client.android"}[39m
[35m[HTTP][39m [37m<-- POST /wd/hub/session/cb8d32a9-44b7-419a-a6ce-40d95fae1c54/appium/device/activate_app [39m[32m200[39m [90m567 ms - 14[39m
[35m[HTTP][39m [90m[39m
[35m[HTTP][39m [37m-->[39m [37mGET[39m [37m/wd/hub/session/cb8d32a9-44b7-419a-a6ce-40d95fae1c54/context[39m
[35m[HTTP][39m [90m{}[39m
[35m[HTTP][39m [37m<-- GET /wd/hub/session/cb8d32a9-44b7-419a-a6ce-40d95fae1c54/context [39m[32m200[39m [90m2 ms - 22[39m
[35m[HTTP][39m [90m[39m
[35m[HTTP][39m [37m-->[39m [37mGET[39m [37m/wd/hub/session/cb8d32a9-44b7-419a-a6ce-40d95fae1c54/contexts[39m
[35m[HTTP][39m [90m{}[39m
[35m[HTTP][39m [37m<-- GET /wd/hub/session/cb8d32a9-44b7-419a-a6ce-40d95fae1c54/contexts [39m[32m200[39m [90m123 ms - 24[39m
[35m[HTTP][39m [90m[39m
[35m[HTTP][39m [37m-->[39m [37mPOST[39m [37m/wd/hub/session/cb8d32a9-44b7-419a-a6ce-40d95fae1c54/context[39m
[35m[HTTP][39m [90m{"name":"NATIVE_APP"}[39m
[35m[HTTP][39m [37m<-- POST /wd/hub/session/cb8d32a9-44b7-419a-a6ce-40d95fae1c54/context [39m[32m200[39m [90m2 ms - 14[39m
[35m[HTTP][39m [90m[39m
[35m[HTTP][39m [37m-->[39m [37mPOST[39m [37m/wd/hub/session/cb8d32a9-44b7-419a-a6ce-40d95fae1c54/appium/device/press_keycode[39m
[35m[HTTP][39m [90m{"keycode":4}[39m
[35m[HTTP][39m [37m<-- POST /wd/hub/session/cb8d32a9-44b7-419a-a6ce-40d95fae1c54/appium/device/press_keycode [39m[32m200[39m [90m729 ms - 14[39m
[35m[HTTP][39m [90m[39m
[35m[HTTP][39m [37m-->[39m [37mPOST[39m [37m/wd/hub/session/cb8d32a9-44b7-419a-a6ce-40d95fae1c54/context[39m
[35m[HTTP][39m [90m{"name":"NATIVE_APP"}[39m
[35m[HTTP][39m [37m<-- POST /wd/hub/session/cb8d32a9-44b7-419a-a6ce-40d95fae1c54/context [39m[32m200[39m [90m3 ms - 14[39m
[35m[HTTP][39m [90m[39m
[35m[HTTP][39m [37m-->[39m [37mPOST[39m [37m/wd/hub/session/cb8d32a9-44b7-419a-a6ce-40d95fae1c54/timeouts[39m
[35m[HTTP][39m [90m{"implicit":50}[39m
[35m[HTTP][39m [37m<-- POST /wd/hub/session/cb8d32a9-44b7-419a-a6ce-40d95fae1c54/timeouts [39m[32m200[39m [90m1 ms - 14[39m
[35m[HTTP][39m [90m[39m
[35m[HTTP][39m [37m-->[39m [37mGET[39m [37m/wd/hub/session/cb8d32a9-44b7-419a-a6ce-40d95fae1c54/window/rect[39m
[35m[HTTP][39m [90m{}[39m
[35m[HTTP][39m [37m<-- GET /wd/hub/session/cb8d32a9-44b7-419a-a6ce-40d95fae1c54/window/rect [39m[32m200[39m [90m31 ms - 50[39m
[35m[HTTP][39m [90m[39m
[35m[HTTP][39m [37m-->[39m [37mPOST[39m [37m/wd/hub/session/cb8d32a9-44b7-419a-a6ce-40d95fae1c54/elements[39m
[35m[HTTP][39m [90m{"using":"xpath","value":"//hierarchy/android.widget.FrameLayout[1]/android.widget.LinearLayout[1]/android.widget.FrameLayout[1]/android.widget.LinearLayout[1]/android.widget.FrameLayout[1]/android.view.ViewGroup[1]/android.widget.ScrollView[1]/android.widget.LinearLayout[1]/android.view.ViewGroup[2]/android.widget.LinearLayout[1]/androidx.recyclerview.widget.RecyclerView[1]/android.widget.LinearLayout[8]/android.widget.ImageView[1]"}[39m
[35m[HTTP][39m [37m<-- POST /wd/hub/session/cb8d32a9-44b7-419a-a6ce-40d95fae1c54/elements [39m[32m200[39m [90m1766 ms - 139[39m
[35m[HTTP][39m [90m[39m
[35m[HTTP][39m [37m-->[39m [37mGET[39m [37m/wd/hub/session/cb8d32a9-44b7-419a-a6ce-40d95fae1c54/element/00000000-0000-006d-ffff-ffff00001928/location[39m
[35m[HTTP][39m [90m{}[39m
[35m[W3C (cb8d32a9)][39m Driver proxy active, passing request on via HTTP proxy
[35m[WD Proxy][39m Replacing sessionId ee40b25a-bf11-4cb1-b342-d9afc92df22d with cb8d32a9-44b7-419a-a6ce-40d95fae1c54
[35m[HTTP][39m [37m<-- GET /wd/hub/session/cb8d32a9-44b7-419a-a6ce-40d95fae1c54/element/00000000-0000-006d-ffff-ffff00001928/location [39m[32m200[39m [90m49 ms - 79[39m
[35m[HTTP][39m [90m[39m
[35m[HTTP][39m [37m-->[39m [37mPOST[39m [37m/wd/hub/session/cb8d32a9-44b7-419a-a6ce-40d95fae1c54/timeouts[39m
[35m[HTTP][39m [90m{"implicit":30000}[39m
[35m[HTTP][39m [37m<-- POST /wd/hub/session/cb8d32a9-44b7-419a-a6ce-40d95fae1c54/timeouts [39m[32m200[39m [90m2 ms - 14[39m
[35m[HTTP][39m [90m[39m
[35m[HTTP][39m [37m-->[39m [37mPOST[39m [37m/wd/hub/session/cb8d32a9-44b7-419a-a6ce-40d95fae1c54/touch/perform[39m
[35m[HTTP][39m [90m{"actions":[{"action":"tap","options":{"x":1,"y":1,"element":"00000000-0000-006d-ffff-ffff00001928"}},{"action":"release","options":{}}]}[39m
[35m[UiAutomator2][39m calling get location: 00000000-0000-006d-ffff-ffff00001928
[35m[HTTP][39m [37m<-- POST /wd/hub/session/cb8d32a9-44b7-419a-a6ce-40d95fae1c54/touch/perform [39m[32m200[39m [90m315 ms - 14[39m
[35m[HTTP][39m [90m[39m
[35m[HTTP][39m [37m-->[39m [37mPOST[39m [37m/wd/hub/session/cb8d32a9-44b7-419a-a6ce-40d95fae1c54/timeouts[39m
[35m[HTTP][39m [90m{"implicit":50}[39m
[35m[HTTP][39m [37m<-- POST /wd/hub/session/cb8d32a9-44b7-419a-a6ce-40d95fae1c54/timeouts [39m[32m200[39m [90m2 ms - 14[39m
[35m[HTTP][39m [90m[39m
[35m[HTTP][39m [37m-->[39m [37mGET[39m [37m/wd/hub/session/cb8d32a9-44b7-419a-a6ce-40d95fae1c54/window/rect[39m
[35m[HTTP][39m [90m{}[39m
[35m[HTTP][39m [37m<-- GET /wd/hub/session/cb8d32a9-44b7-419a-a6ce-40d95fae1c54/window/rect [39m[32m200[39m [90m17 ms - 50[39m
[35m[HTTP][39m [90m[39m
[35m[HTTP][39m [37m-->[39m [37mPOST[39m [37m/wd/hub/session/cb8d32a9-44b7-419a-a6ce-40d95fae1c54/elements[39m
[35m[HTTP][39m [90m{"using":"xpath","value":"//hierarchy/android.widget.FrameLayout[1]/android.widget.LinearLayout[1]/android.widget.FrameLayout[1]/android.widget.LinearLayout[1]/android.widget.FrameLayout[1]/android.view.ViewGroup[1]/android.widget.ScrollView[1]/android.widget.LinearLayout[1]/android.widget.LinearLayout[1]/androidx.recyclerview.widget.RecyclerView[1]/android.widget.LinearLayout[1]/android.widget.ImageView[1]"}[39m
[35m[HTTP][39m [37m<-- POST /wd/hub/session/cb8d32a9-44b7-419a-a6ce-40d95fae1c54/elements [39m[32m200[39m [90m825 ms - 139[39m
[35m[HTTP][39m [90m[39m
[35m[HTTP][39m [37m-->[39m [37mGET[39m [37m/wd/hub/session/cb8d32a9-44b7-419a-a6ce-40d95fae1c54/element/00000000-0000-0076-ffff-ffff000019aa/location[39m
[35m[HTTP][39m [90m{}[39m
[35m[W3C (cb8d32a9)][39m Driver proxy active, passing request on via HTTP proxy
[35m[WD Proxy][39m Replacing sessionId ee40b25a-bf11-4cb1-b342-d9afc92df22d with cb8d32a9-44b7-419a-a6ce-40d95fae1c54
[35m[HTTP][39m [37m<-- GET /wd/hub/session/cb8d32a9-44b7-419a-a6ce-40d95fae1c54/element/00000000-0000-0076-ffff-ffff000019aa/location [39m[32m200[39m [90m38 ms - 77[39m
[35m[HTTP][39m [90m[39m
[35m[HTTP][39m [37m-->[39m [37mPOST[39m [37m/wd/hub/session/cb8d32a9-44b7-419a-a6ce-40d95fae1c54/timeouts[39m
[35m[HTTP][39m [90m{"implicit":30000}[39m
[35m[HTTP][39m [37m<-- POST /wd/hub/session/cb8d32a9-44b7-419a-a6ce-40d95fae1c54/timeouts [39m[32m200[39m [90m2 ms - 14[39m
[35m[HTTP][39m [90m[39m
[35m[HTTP][39m [37m-->[39m [37mPOST[39m [37m/wd/hub/session/cb8d32a9-44b7-419a-a6ce-40d95fae1c54/touch/perform[39m
[35m[HTTP][39m [90m{"actions":[{"action":"tap","options":{"x":1,"y":1,"element":"00000000-0000-0076-ffff-ffff000019aa"}},{"action":"release","options":{}}]}[39m
[35m[UiAutomator2][39m calling get location: 00000000-0000-0076-ffff-ffff000019aa
[35m[HTTP][39m [37m<-- POST /wd/hub/session/cb8d32a9-44b7-419a-a6ce-40d95fae1c54/touch/perform [39m[32m200[39m [90m250 ms - 14[39m
[35m[HTTP][39m [90m[39m
[35m[HTTP][39m [37m-->[39m [37mGET[39m [37m/wd/hub/session/cb8d32a9-44b7-419a-a6ce-40d95fae1c54/context[39m
[35m[HTTP][39m [90m{}[39m
[35m[HTTP][39m [37m<-- GET /wd/hub/session/cb8d32a9-44b7-419a-a6ce-40d95fae1c54/context [39m[32m200[39m [90m5 ms - 22[39m
[35m[HTTP][39m [90m[39m
[35m[HTTP][39m [37m-->[39m [37mGET[39m [37m/wd/hub/session/cb8d32a9-44b7-419a-a6ce-40d95fae1c54/contexts[39m
[35m[HTTP][39m [90m{}[39m
[35m[HTTP][39m [37m<-- GET /wd/hub/session/cb8d32a9-44b7-419a-a6ce-40d95fae1c54/contexts [39m[32m200[39m [90m118 ms - 24[39m
[35m[HTTP][39m [90m[39m
[35m[HTTP][39m [37m-->[39m [37mPOST[39m [37m/wd/hub/session/cb8d32a9-44b7-419a-a6ce-40d95fae1c54/context[39m
[35m[HTTP][39m [90m{"name":"NATIVE_APP"}[39m
[35m[HTTP][39m [37m<-- POST /wd/hub/session/cb8d32a9-44b7-419a-a6ce-40d95fae1c54/context [39m[32m200[39m [90m3 ms - 14[39m
[35m[HTTP][39m [90m[39m
[35m[HTTP][39m [37m-->[39m [37mGET[39m [37m/wd/hub/session/cb8d32a9-44b7-419a-a6ce-40d95fae1c54/window/rect[39m
[35m[HTTP][39m [90m{}[39m
[35m[HTTP][39m [37m<-- GET /wd/hub/session/cb8d32a9-44b7-419a-a6ce-40d95fae1c54/window/rect [39m[32m200[39m [90m54 ms - 50[39m
[35m[HTTP][39m [90m[39m
[35m[HTTP][39m [37m-->[39m [37mPOST[39m [37m/wd/hub/session/cb8d32a9-44b7-419a-a6ce-40d95fae1c54/execute/sync[39m
[35m[HTTP][39m [90m{"script":"mobile: viewportScreenshot","args":[]}[39m
[35m[AndroidDriver][39m Executing native command 'mobile: viewportScreenshot'
[35m[HTTP][39m [37m<-- POST /wd/hub/session/cb8d32a9-44b7-419a-a6ce-40d95fae1c54/execute/sync [39m[32m200[39m [90m1562 ms - 303440[39m
[35m[HTTP][39m [90m[39m
[35m[HTTP][39m [37m-->[39m [37mPOST[39m [37m/wd/hub/session/cb8d32a9-44b7-419a-a6ce-40d95fae1c54/context[39m
[35m[HTTP][39m [90m{"name":"NATIVE_APP"}[39m
[35m[HTTP][39m [37m<-- POST /wd/hub/session/cb8d32a9-44b7-419a-a6ce-40d95fae1c54/context [39m[32m200[39m [90m3 ms - 14[39m
[35m[HTTP][39m [90m[39m
[35m[HTTP][39m [37m-->[39m [37mPOST[39m [37m/wd/hub/session/cb8d32a9-44b7-419a-a6ce-40d95fae1c54/timeouts[39m
[35m[HTTP][39m [90m{"implicit":50}[39m
[35m[HTTP][39m [37m<-- POST /wd/hub/session/cb8d32a9-44b7-419a-a6ce-40d95fae1c54/timeouts [39m[32m200[39m [90m2 ms - 14[39m
[35m[HTTP][39m [90m[39m
[35m[HTTP][39m [37m-->[39m [37mGET[39m [37m/wd/hub/session/cb8d32a9-44b7-419a-a6ce-40d95fae1c54/window/rect[39m
[35m[HTTP][39m [90m{}[39m
[35m[HTTP][39m [37m<-- GET /wd/hub/session/cb8d32a9-44b7-419a-a6ce-40d95fae1c54/window/rect [39m[32m200[39m [90m40 ms - 50[39m
[35m[HTTP][39m [90m[39m
[35m[HTTP][39m [37m-->[39m [37mPOST[39m [37m/wd/hub/session/cb8d32a9-44b7-419a-a6ce-40d95fae1c54/elements[39m
[35m[HTTP][39m [90m{"using":"xpath","value":"//hierarchy/android.widget.FrameLayout[1]/android.widget.LinearLayout[1]/android.widget.FrameLayout[1]/android.widget.LinearLayout[1]/android.widget.FrameLayout[1]/android.view.ViewGroup[1]/androidx.viewpager.widget.ViewPager[1]/android.widget.FrameLayout[1]/android.view.ViewGroup[1]/android.widget.ScrollView[1]/android.widget.LinearLayout[1]/androidx.recyclerview.widget.RecyclerView[1]/android.widget.LinearLayout[1]/android.widget.RelativeLayout[1]"}[39m
[35m[HTTP][39m [37m<-- POST /wd/hub/session/cb8d32a9-44b7-419a-a6ce-40d95fae1c54/elements [39m[32m200[39m [90m508 ms - 139[39m
[35m[HTTP][39m [90m[39m
[35m[HTTP][39m [37m-->[39m [37mGET[39m [37m/wd/hub/session/cb8d32a9-44b7-419a-a6ce-40d95fae1c54/element/00000000-0000-0077-ffff-ffff00001a0b/location[39m
[35m[HTTP][39m [90m{}[39m
[35m[W3C (cb8d32a9)][39m Driver proxy active, passing request on via HTTP proxy
[35m[WD Proxy][39m Replacing sessionId ee40b25a-bf11-4cb1-b342-d9afc92df22d with cb8d32a9-44b7-419a-a6ce-40d95fae1c54
[35m[HTTP][39m [37m<-- GET /wd/hub/session/cb8d32a9-44b7-419a-a6ce-40d95fae1c54/element/00000000-0000-0077-ffff-ffff00001a0b/location [39m[32m200[39m [90m41 ms - 77[39m
[35m[HTTP][39m [90m[39m
[35m[HTTP][39m [37m-->[39m [37mPOST[39m [37m/wd/hub/session/cb8d32a9-44b7-419a-a6ce-40d95fae1c54/timeouts[39m
[35m[HTTP][39m [90m{"implicit":30000}[39m
[35m[HTTP][39m [37m<-- POST /wd/hub/session/cb8d32a9-44b7-419a-a6ce-40d95fae1c54/timeouts [39m[32m200[39m [90m2 ms - 14[39m
[35m[HTTP][39m [90m[39m
[35m[HTTP][39m [37m-->[39m [37mPOST[39m [37m/wd/hub/session/cb8d32a9-44b7-419a-a6ce-40d95fae1c54/touch/perform[39m
[35m[HTTP][39m [90m{"actions":[{"action":"tap","options":{"x":1,"y":1,"element":"00000000-0000-0077-ffff-ffff00001a0b"}},{"action":"release","options":{}}]}[39m
[35m[UiAutomator2][39m calling get location: 00000000-0000-0077-ffff-ffff00001a0b
[35m[HTTP][39m [37m<-- POST /wd/hub/session/cb8d32a9-44b7-419a-a6ce-40d95fae1c54/touch/perform [39m[32m200[39m [90m290 ms - 14[39m
[35m[HTTP][39m [90m[39m
[35m[HTTP][39m [37m-->[39m [37mGET[39m [37m/wd/hub/session/cb8d32a9-44b7-419a-a6ce-40d95fae1c54/context[39m
[35m[HTTP][39m [90m{}[39m
[35m[HTTP][39m [37m<-- GET /wd/hub/session/cb8d32a9-44b7-419a-a6ce-40d95fae1c54/context [39m[32m200[39m [90m2 ms - 22[39m
[35m[HTTP][39m [90m[39m
[35m[HTTP][39m [37m-->[39m [37mGET[39m [37m/wd/hub/session/cb8d32a9-44b7-419a-a6ce-40d95fae1c54/contexts[39m
[35m[HTTP][39m [90m{}[39m
[35m[HTTP][39m [37m<-- GET /wd/hub/session/cb8d32a9-44b7-419a-a6ce-40d95fae1c54/contexts [39m[32m200[39m [90m112 ms - 24[39m
[35m[HTTP][39m [90m[39m
[35m[HTTP][39m [37m-->[39m [37mPOST[39m [37m/wd/hub/session/cb8d32a9-44b7-419a-a6ce-40d95fae1c54/context[39m
[35m[HTTP][39m [90m{"name":"NATIVE_APP"}[39m
[35m[HTTP][39m [37m<-- POST /wd/hub/session/cb8d32a9-44b7-419a-a6ce-40d95fae1c54/context [39m[32m200[39m [90m1 ms - 14[39m
[35m[HTTP][39m [90m[39m
[35m[HTTP][39m [37m-->[39m [37mGET[39m [37m/wd/hub/session/cb8d32a9-44b7-419a-a6ce-40d95fae1c54/window/rect[39m
[35m[HTTP][39m [90m{}[39m
[35m[HTTP][39m [37m<-- GET /wd/hub/session/cb8d32a9-44b7-419a-a6ce-40d95fae1c54/window/rect [39m[32m200[39m [90m45 ms - 50[39m
[35m[HTTP][39m [90m[39m
[35m[HTTP][39m [37m-->[39m [37mPOST[39m [37m/wd/hub/session/cb8d32a9-44b7-419a-a6ce-40d95fae1c54/context[39m
[35m[HTTP][39m [90m{"name":"NATIVE_APP"}[39m
[35m[HTTP][39m [37m<-- POST /wd/hub/session/cb8d32a9-44b7-419a-a6ce-40d95fae1c54/context [39m[32m200[39m [90m2 ms - 14[39m
[35m[HTTP][39m [90m[39m
[35m[HTTP][39m [37m-->[39m [37mGET[39m [37m/wd/hub/session/cb8d32a9-44b7-419a-a6ce-40d95fae1c54/context[39m
[35m[HTTP][39m [90m{}[39m
[35m[HTTP][39m [37m<-- GET /wd/hub/session/cb8d32a9-44b7-419a-a6ce-40d95fae1c54/context [39m[32m200[39m [90m2 ms - 22[39m
[35m[HTTP][39m [90m[39m
[35m[HTTP][39m [37m-->[39m [37mGET[39m [37m/wd/hub/session/cb8d32a9-44b7-419a-a6ce-40d95fae1c54/contexts[39m
[35m[HTTP][39m [90m{}[39m
[35m[HTTP][39m [37m<-- GET /wd/hub/session/cb8d32a9-44b7-419a-a6ce-40d95fae1c54/contexts [39m[32m200[39m [90m100 ms - 24[39m
[35m[HTTP][39m [90m[39m
[35m[HTTP][39m [37m-->[39m [37mPOST[39m [37m/wd/hub/session/cb8d32a9-44b7-419a-a6ce-40d95fae1c54/context[39m
[35m[HTTP][39m [90m{"name":"NATIVE_APP"}[39m
[35m[HTTP][39m [37m<-- POST /wd/hub/session/cb8d32a9-44b7-419a-a6ce-40d95fae1c54/context [39m[32m200[39m [90m2 ms - 14[39m
[35m[HTTP][39m [90m[39m
[35m[HTTP][39m [37m-->[39m [37mGET[39m [37m/wd/hub/session/cb8d32a9-44b7-419a-a6ce-40d95fae1c54/window/rect[39m
[35m[HTTP][39m [90m{}[39m
[35m[HTTP][39m [37m<-- GET /wd/hub/session/cb8d32a9-44b7-419a-a6ce-40d95fae1c54/window/rect [39m[32m200[39m [90m46 ms - 50[39m
[35m[HTTP][39m [90m[39m
[35m[HTTP][39m [37m-->[39m [37mPOST[39m [37m/wd/hub/session/cb8d32a9-44b7-419a-a6ce-40d95fae1c54/context[39m
[35m[HTTP][39m [90m{"name":"NATIVE_APP"}[39m
[35m[HTTP][39m [37m<-- POST /wd/hub/session/cb8d32a9-44b7-419a-a6ce-40d95fae1c54/context [39m[32m200[39m [90m5 ms - 14[39m
[35m[HTTP][39m [90m[39m
[35m[HTTP][39m [37m-->[39m [37mGET[39m [37m/wd/hub/session/cb8d32a9-44b7-419a-a6ce-40d95fae1c54/context[39m
[35m[HTTP][39m [90m{}[39m
[35m[HTTP][39m [37m<-- GET /wd/hub/session/cb8d32a9-44b7-419a-a6ce-40d95fae1c54/context [39m[32m200[39m [90m1 ms - 22[39m
[35m[HTTP][39m [90m[39m
[35m[HTTP][39m [37m-->[39m [37mGET[39m [37m/wd/hub/session/cb8d32a9-44b7-419a-a6ce-40d95fae1c54/contexts[39m
[35m[HTTP][39m [90m{}[39m
[35m[HTTP][39m [37m<-- GET /wd/hub/session/cb8d32a9-44b7-419a-a6ce-40d95fae1c54/contexts [39m[32m200[39m [90m95 ms - 24[39m
[35m[HTTP][39m [90m[39m
[35m[HTTP][39m [37m-->[39m [37mPOST[39m [37m/wd/hub/session/cb8d32a9-44b7-419a-a6ce-40d95fae1c54/context[39m
[35m[HTTP][39m [90m{"name":"NATIVE_APP"}[39m
[35m[HTTP][39m [37m<-- POST /wd/hub/session/cb8d32a9-44b7-419a-a6ce-40d95fae1c54/context [39m[32m200[39m [90m1 ms - 14[39m
[35m[HTTP][39m [90m[39m
[35m[HTTP][39m [37m-->[39m [37mPOST[39m [37m/wd/hub/session/cb8d32a9-44b7-419a-a6ce-40d95fae1c54/touch/perform[39m
[35m[HTTP][39m [90m{"actions":[{"action":"press","options":{"x":540,"y":1491}},{"action":"wait","options":{"ms":500}},{"action":"moveTo","options":{"x":540,"y":639}},{"action":"release","options":{}}]}[39m
[35m[HTTP][39m [37m<-- POST /wd/hub/session/cb8d32a9-44b7-419a-a6ce-40d95fae1c54/touch/perform [39m[32m200[39m [90m1172 ms - 14[39m
[35m[HTTP][39m [90m[39m
[35m[HTTP][39m [37m-->[39m [37mPOST[39m [37m/wd/hub/session/cb8d32a9-44b7-419a-a6ce-40d95fae1c54/context[39m
[35m[HTTP][39m [90m{"name":"NATIVE_APP"}[39m
[35m[HTTP][39m [37m<-- POST /wd/hub/session/cb8d32a9-44b7-419a-a6ce-40d95fae1c54/context [39m[32m200[39m [90m3 ms - 14[39m
[35m[HTTP][39m [90m[39m
[35m[HTTP][39m [37m-->[39m [37mPOST[39m [37m/wd/hub/session/cb8d32a9-44b7-419a-a6ce-40d95fae1c54/timeouts[39m
[35m[HTTP][39m [90m{"implicit":50}[39m
[35m[HTTP][39m [37m<-- POST /wd/hub/session/cb8d32a9-44b7-419a-a6ce-40d95fae1c54/timeouts [39m[32m200[39m [90m3 ms - 14[39m
[35m[HTTP][39m [90m[39m
[35m[HTTP][39m [37m-->[39m [37mGET[39m [37m/wd/hub/session/cb8d32a9-44b7-419a-a6ce-40d95fae1c54/window/rect[39m
[35m[HTTP][39m [90m{}[39m
[35m[HTTP][39m [37m<-- GET /wd/hub/session/cb8d32a9-44b7-419a-a6ce-40d95fae1c54/window/rect [39m[32m200[39m [90m46 ms - 50[39m
[35m[HTTP][39m [90m[39m
[35m[HTTP][39m [37m-->[39m [37mPOST[39m [37m/wd/hub/session/cb8d32a9-44b7-419a-a6ce-40d95fae1c54/elements[39m
[35m[HTTP][39m [90m{"using":"xpath","value":"//*[@class = 'android.widget.RadioButton' and (@text = '2 Tahun' or . = '2 Tahun') and @resource-id = 'com.vq.mbrochuregp.client.android:id/rb_2']"}[39m
[35m[HTTP][39m [37m<-- POST /wd/hub/session/cb8d32a9-44b7-419a-a6ce-40d95fae1c54/elements [39m[32m200[39m [90m590 ms - 139[39m
[35m[HTTP][39m [90m[39m
[35m[HTTP][39m [37m-->[39m [37mGET[39m [37m/wd/hub/session/cb8d32a9-44b7-419a-a6ce-40d95fae1c54/element/00000000-0000-0078-ffff-ffff00001a96/location[39m
[35m[HTTP][39m [90m{}[39m
[35m[W3C (cb8d32a9)][39m Driver proxy active, passing request on via HTTP proxy
[35m[WD Proxy][39m Replacing sessionId ee40b25a-bf11-4cb1-b342-d9afc92df22d with cb8d32a9-44b7-419a-a6ce-40d95fae1c54
[35m[HTTP][39m [37m<-- GET /wd/hub/session/cb8d32a9-44b7-419a-a6ce-40d95fae1c54/element/00000000-0000-0078-ffff-ffff00001a96/location [39m[32m200[39m [90m36 ms - 78[39m
[35m[HTTP][39m [90m[39m
[35m[HTTP][39m [37m-->[39m [37mPOST[39m [37m/wd/hub/session/cb8d32a9-44b7-419a-a6ce-40d95fae1c54/timeouts[39m
[35m[HTTP][39m [90m{"implicit":30000}[39m
[35m[HTTP][39m [37m<-- POST /wd/hub/session/cb8d32a9-44b7-419a-a6ce-40d95fae1c54/timeouts [39m[32m200[39m [90m2 ms - 14[39m
[35m[HTTP][39m [90m[39m
[35m[HTTP][39m [37m-->[39m [37mPOST[39m [37m/wd/hub/session/cb8d32a9-44b7-419a-a6ce-40d95fae1c54/touch/perform[39m
[35m[HTTP][39m [90m{"actions":[{"action":"tap","options":{"x":1,"y":1,"element":"00000000-0000-0078-ffff-ffff00001a96"}},{"action":"release","options":{}}]}[39m
[35m[UiAutomator2][39m calling get location: 00000000-0000-0078-ffff-ffff00001a96
[35m[HTTP][39m [37m<-- POST /wd/hub/session/cb8d32a9-44b7-419a-a6ce-40d95fae1c54/touch/perform [39m[32m200[39m [90m297 ms - 14[39m
[35m[HTTP][39m [90m[39m
[35m[HTTP][39m [37m-->[39m [37mGET[39m [37m/wd/hub/session/cb8d32a9-44b7-419a-a6ce-40d95fae1c54/context[39m
[35m[HTTP][39m [90m{}[39m
[35m[HTTP][39m [37m<-- GET /wd/hub/session/cb8d32a9-44b7-419a-a6ce-40d95fae1c54/context [39m[32m200[39m [90m2 ms - 22[39m
[35m[HTTP][39m [90m[39m
[35m[HTTP][39m [37m-->[39m [37mGET[39m [37m/wd/hub/session/cb8d32a9-44b7-419a-a6ce-40d95fae1c54/contexts[39m
[35m[HTTP][39m [90m{}[39m
[35m[HTTP][39m [37m<-- GET /wd/hub/session/cb8d32a9-44b7-419a-a6ce-40d95fae1c54/contexts [39m[32m200[39m [90m113 ms - 24[39m
[35m[HTTP][39m [90m[39m
[35m[HTTP][39m [37m-->[39m [37mPOST[39m [37m/wd/hub/session/cb8d32a9-44b7-419a-a6ce-40d95fae1c54/context[39m
[35m[HTTP][39m [90m{"name":"NATIVE_APP"}[39m
[35m[HTTP][39m [37m<-- POST /wd/hub/session/cb8d32a9-44b7-419a-a6ce-40d95fae1c54/context [39m[32m200[39m [90m2 ms - 14[39m
[35m[HTTP][39m [90m[39m
[35m[HTTP][39m [37m-->[39m [37mGET[39m [37m/wd/hub/session/cb8d32a9-44b7-419a-a6ce-40d95fae1c54/window/rect[39m
[35m[HTTP][39m [90m{}[39m
[35m[HTTP][39m [37m<-- GET /wd/hub/session/cb8d32a9-44b7-419a-a6ce-40d95fae1c54/window/rect [39m[32m200[39m [90m49 ms - 50[39m
[35m[HTTP][39m [90m[39m
[35m[HTTP][39m [37m-->[39m [37mPOST[39m [37m/wd/hub/session/cb8d32a9-44b7-419a-a6ce-40d95fae1c54/execute/sync[39m
[35m[HTTP][39m [90m{"script":"mobile: viewportScreenshot","args":[]}[39m
[35m[AndroidDriver][39m Executing native command 'mobile: viewportScreenshot'
[35m[HTTP][39m [37m<-- POST /wd/hub/session/cb8d32a9-44b7-419a-a6ce-40d95fae1c54/execute/sync [39m[32m200[39m [90m1313 ms - 253700[39m
[35m[HTTP][39m [90m[39m
[35m[HTTP][39m [37m-->[39m [37mPOST[39m [37m/wd/hub/session/cb8d32a9-44b7-419a-a6ce-40d95fae1c54/context[39m
[35m[HTTP][39m [90m{"name":"NATIVE_APP"}[39m
[35m[HTTP][39m [37m<-- POST /wd/hub/session/cb8d32a9-44b7-419a-a6ce-40d95fae1c54/context [39m[32m200[39m [90m1 ms - 14[39m
[35m[HTTP][39m [90m[39m
[35m[HTTP][39m [37m-->[39m [37mGET[39m [37m/wd/hub/session/cb8d32a9-44b7-419a-a6ce-40d95fae1c54/window/rect[39m
[35m[HTTP][39m [90m{}[39m
[35m[HTTP][39m [37m<-- GET /wd/hub/session/cb8d32a9-44b7-419a-a6ce-40d95fae1c54/window/rect [39m[32m200[39m [90m39 ms - 50[39m
[35m[HTTP][39m [90m[39m
[35m[HTTP][39m [37m-->[39m [37mPOST[39m [37m/wd/hub/session/cb8d32a9-44b7-419a-a6ce-40d95fae1c54/elements[39m
[35m[HTTP][39m [90m{"using":"xpath","value":"//*[@class = 'android.widget.Button' and (@text = 'Lanjutkan >' or . = 'Lanjutkan >') and @resource-id = 'com.vq.mbrochuregp.client.android:id/btn_renewal_asuransi_list_detail_next']"}[39m
[35m[HTTP][39m [37m<-- POST /wd/hub/session/cb8d32a9-44b7-419a-a6ce-40d95fae1c54/elements [39m[32m200[39m [90m558 ms - 139[39m
[35m[HTTP][39m [90m[39m
[35m[HTTP][39m [37m-->[39m [37mGET[39m [37m/wd/hub/session/cb8d32a9-44b7-419a-a6ce-40d95fae1c54/element/00000000-0000-0078-ffff-ffff00001aa8/location[39m
[35m[HTTP][39m [90m{}[39m
[35m[W3C (cb8d32a9)][39m Driver proxy active, passing request on via HTTP proxy
[35m[WD Proxy][39m Replacing sessionId ee40b25a-bf11-4cb1-b342-d9afc92df22d with cb8d32a9-44b7-419a-a6ce-40d95fae1c54
[35m[HTTP][39m [37m<-- GET /wd/hub/session/cb8d32a9-44b7-419a-a6ce-40d95fae1c54/element/00000000-0000-0078-ffff-ffff00001aa8/location [39m[32m200[39m [90m42 ms - 78[39m
[35m[HTTP][39m [90m[39m
[35m[HTTP][39m [37m-->[39m [37mPOST[39m [37m/wd/hub/session/cb8d32a9-44b7-419a-a6ce-40d95fae1c54/element/00000000-0000-0078-ffff-ffff00001aa8/click[39m
[35m[HTTP][39m [90m{"id":"00000000-0000-0078-ffff-ffff00001aa8"}[39m
[35m[HTTP][39m [37m<-- POST /wd/hub/session/cb8d32a9-44b7-419a-a6ce-40d95fae1c54/element/00000000-0000-0078-ffff-ffff00001aa8/click [39m[32m200[39m [90m129 ms - 14[39m
[35m[HTTP][39m [90m[39m
[35m[HTTP][39m [37m-->[39m [37mPOST[39m [37m/wd/hub/session/cb8d32a9-44b7-419a-a6ce-40d95fae1c54/timeouts[39m
[35m[HTTP][39m [90m{"implicit":50}[39m
[35m[HTTP][39m [37m<-- POST /wd/hub/session/cb8d32a9-44b7-419a-a6ce-40d95fae1c54/timeouts [39m[32m200[39m [90m2 ms - 14[39m
[35m[HTTP][39m [90m[39m
[35m[HTTP][39m [37m-->[39m [37mGET[39m [37m/wd/hub/session/cb8d32a9-44b7-419a-a6ce-40d95fae1c54/window/rect[39m
[35m[HTTP][39m [90m{}[39m
[35m[HTTP][39m [37m<-- GET /wd/hub/session/cb8d32a9-44b7-419a-a6ce-40d95fae1c54/window/rect [39m[32m200[39m [90m48 ms - 50[39m
[35m[HTTP][39m [90m[39m
[35m[HTTP][39m [37m-->[39m [37mPOST[39m [37m/wd/hub/session/cb8d32a9-44b7-419a-a6ce-40d95fae1c54/elements[39m
[35m[HTTP][39m [90m{"using":"id","value":"com.vq.mbrochuregp.client.android:id/et_renewal_asuransi_result_telefon"}[39m
[35m[HTTP][39m [37m<-- POST /wd/hub/session/cb8d32a9-44b7-419a-a6ce-40d95fae1c54/elements [39m[32m200[39m [90m166 ms - 139[39m
[35m[HTTP][39m [90m[39m
[35m[HTTP][39m [37m-->[39m [37mGET[39m [37m/wd/hub/session/cb8d32a9-44b7-419a-a6ce-40d95fae1c54/element/00000000-0000-0079-ffff-ffff00001b0c/location[39m
[35m[HTTP][39m [90m{}[39m
[35m[W3C (cb8d32a9)][39m Driver proxy active, passing request on via HTTP proxy
[35m[WD Proxy][39m Replacing sessionId ee40b25a-bf11-4cb1-b342-d9afc92df22d with cb8d32a9-44b7-419a-a6ce-40d95fae1c54
[35m[HTTP][39m [37m<-- GET /wd/hub/session/cb8d32a9-44b7-419a-a6ce-40d95fae1c54/element/00000000-0000-0079-ffff-ffff00001b0c/location [39m[32m200[39m [90m513 ms - 78[39m
[35m[HTTP][39m [90m[39m
[35m[HTTP][39m [37m-->[39m [37mPOST[39m [37m/wd/hub/session/cb8d32a9-44b7-419a-a6ce-40d95fae1c54/timeouts[39m
[35m[HTTP][39m [90m{"implicit":30000}[39m
[35m[HTTP][39m [37m<-- POST /wd/hub/session/cb8d32a9-44b7-419a-a6ce-40d95fae1c54/timeouts [39m[32m200[39m [90m2 ms - 14[39m
[35m[HTTP][39m [90m[39m
[35m[HTTP][39m [37m-->[39m [37mPOST[39m [37m/wd/hub/session/cb8d32a9-44b7-419a-a6ce-40d95fae1c54/element/00000000-0000-0079-ffff-ffff00001b0c/clear[39m
[35m[HTTP][39m [90m{"id":"00000000-0000-0079-ffff-ffff00001b0c"}[39m
[35m[HTTP][39m [37m<-- POST /wd/hub/session/cb8d32a9-44b7-419a-a6ce-40d95fae1c54/element/00000000-0000-0079-ffff-ffff00001b0c/clear [39m[32m200[39m [90m59 ms - 14[39m
[35m[HTTP][39m [90m[39m
[35m[HTTP][39m [37m-->[39m [37mPOST[39m [37m/wd/hub/session/cb8d32a9-44b7-419a-a6ce-40d95fae1c54/element/00000000-0000-0079-ffff-ffff00001b0c/value[39m
[35m[HTTP][39m [90m{"id":"00000000-0000-0079-ffff-ffff00001b0c","text":"","value":[]}[39m
[35m[HTTP][39m [37m<-- POST /wd/hub/session/cb8d32a9-44b7-419a-a6ce-40d95fae1c54/element/00000000-0000-0079-ffff-ffff00001b0c/value [39m[32m200[39m [90m569 ms - 14[39m
[35m[HTTP][39m [90m[39m
[35m[HTTP][39m [37m-->[39m [37mGET[39m [37m/wd/hub/session/cb8d32a9-44b7-419a-a6ce-40d95fae1c54/context[39m
[35m[HTTP][39m [90m{}[39m
[35m[HTTP][39m [37m<-- GET /wd/hub/session/cb8d32a9-44b7-419a-a6ce-40d95fae1c54/context [39m[32m200[39m [90m2 ms - 22[39m
[35m[HTTP][39m [90m[39m
[35m[HTTP][39m [37m-->[39m [37mGET[39m [37m/wd/hub/session/cb8d32a9-44b7-419a-a6ce-40d95fae1c54/contexts[39m
[35m[HTTP][39m [90m{}[39m
[35m[HTTP][39m [37m<-- GET /wd/hub/session/cb8d32a9-44b7-419a-a6ce-40d95fae1c54/contexts [39m[32m200[39m [90m132 ms - 24[39m
[35m[HTTP][39m [90m[39m
[35m[HTTP][39m [37m-->[39m [37mPOST[39m [37m/wd/hub/session/cb8d32a9-44b7-419a-a6ce-40d95fae1c54/context[39m
[35m[HTTP][39m [90m{"name":"NATIVE_APP"}[39m
[35m[HTTP][39m [37m<-- POST /wd/hub/session/cb8d32a9-44b7-419a-a6ce-40d95fae1c54/context [39m[32m200[39m [90m2 ms - 14[39m
[35m[HTTP][39m [90m[39m
[35m[HTTP][39m [37m-->[39m [37mGET[39m [37m/wd/hub/session/cb8d32a9-44b7-419a-a6ce-40d95fae1c54/window/rect[39m
[35m[HTTP][39m [90m{}[39m
[35m[HTTP][39m [37m<-- GET /wd/hub/session/cb8d32a9-44b7-419a-a6ce-40d95fae1c54/window/rect [39m[32m200[39m [90m42 ms - 50[39m
[35m[HTTP][39m [90m[39m
[35m[HTTP][39m [37m-->[39m [37mPOST[39m [37m/wd/hub/session/cb8d32a9-44b7-419a-a6ce-40d95fae1c54/execute/sync[39m
[35m[HTTP][39m [90m{"script":"mobile: viewportScreenshot","args":[]}[39m
[35m[AndroidDriver][39m Executing native command 'mobile: viewportScreenshot'
[35m[HTTP][39m [37m<-- POST /wd/hub/session/cb8d32a9-44b7-419a-a6ce-40d95fae1c54/execute/sync [39m[32m200[39m [90m1392 ms - 221132[39m
[35m[HTTP][39m [90m[39m
[35m[HTTP][39m [37m-->[39m [37mPOST[39m [37m/wd/hub/session/cb8d32a9-44b7-419a-a6ce-40d95fae1c54/context[39m
[35m[HTTP][39m [90m{"name":"NATIVE_APP"}[39m
[35m[HTTP][39m [37m<-- POST /wd/hub/session/cb8d32a9-44b7-419a-a6ce-40d95fae1c54/context [39m[32m200[39m [90m1 ms - 14[39m
[35m[HTTP][39m [90m[39m
[35m[HTTP][39m [37m-->[39m [37mGET[39m [37m/wd/hub/session/cb8d32a9-44b7-419a-a6ce-40d95fae1c54/window/rect[39m
[35m[HTTP][39m [90m{}[39m
[35m[HTTP][39m [37m<-- GET /wd/hub/session/cb8d32a9-44b7-419a-a6ce-40d95fae1c54/window/rect [39m[32m200[39m [90m42 ms - 50[39m
[35m[HTTP][39m [90m[39m
[35m[HTTP][39m [37m-->[39m [37mPOST[39m [37m/wd/hub/session/cb8d32a9-44b7-419a-a6ce-40d95fae1c54/elements[39m
[35m[HTTP][39m [90m{"using":"xpath","value":"//*[@class = 'android.widget.Button' and (@text = 'Submit' or . = 'Submit') and @resource-id = 'com.vq.mbrochuregp.client.android:id/btn_renewal_asuransi_result_submit']"}[39m
[35m[HTTP][39m [37m<-- POST /wd/hub/session/cb8d32a9-44b7-419a-a6ce-40d95fae1c54/elements [39m[32m200[39m [90m427 ms - 139[39m
[35m[HTTP][39m [90m[39m
[35m[HTTP][39m [37m-->[39m [37mGET[39m [37m/wd/hub/session/cb8d32a9-44b7-419a-a6ce-40d95fae1c54/element/00000000-0000-0079-ffff-ffff00001b16/location[39m
[35m[HTTP][39m [90m{}[39m
[35m[W3C (cb8d32a9)][39m Driver proxy active, passing request on via HTTP proxy
[35m[WD Proxy][39m Replacing sessionId ee40b25a-bf11-4cb1-b342-d9afc92df22d with cb8d32a9-44b7-419a-a6ce-40d95fae1c54
[35m[HTTP][39m [37m<-- GET /wd/hub/session/cb8d32a9-44b7-419a-a6ce-40d95fae1c54/element/00000000-0000-0079-ffff-ffff00001b16/location [39m[32m200[39m [90m45 ms - 78[39m
[35m[HTTP][39m [90m[39m
[35m[HTTP][39m [37m-->[39m [37mPOST[39m [37m/wd/hub/session/cb8d32a9-44b7-419a-a6ce-40d95fae1c54/element/00000000-0000-0079-ffff-ffff00001b16/click[39m
[35m[HTTP][39m [90m{"id":"00000000-0000-0079-ffff-ffff00001b16"}[39m
[35m[HTTP][39m [37m<-- POST /wd/hub/session/cb8d32a9-44b7-419a-a6ce-40d95fae1c54/element/00000000-0000-0079-ffff-ffff00001b16/click [39m[32m200[39m [90m86 ms - 14[39m
[35m[HTTP][39m [90m[39m
[35m[HTTP][39m [37m-->[39m [37mPOST[39m [37m/wd/hub/session/cb8d32a9-44b7-419a-a6ce-40d95fae1c54/timeouts[39m
[35m[HTTP][39m [90m{"implicit":50}[39m
[35m[HTTP][39m [37m<-- POST /wd/hub/session/cb8d32a9-44b7-419a-a6ce-40d95fae1c54/timeouts [39m[32m200[39m [90m1 ms - 14[39m
[35m[HTTP][39m [90m[39m
[35m[HTTP][39m [37m-->[39m [37mGET[39m [37m/wd/hub/session/cb8d32a9-44b7-419a-a6ce-40d95fae1c54/window/rect[39m
[35m[HTTP][39m [90m{}[39m
[35m[HTTP][39m [37m<-- GET /wd/hub/session/cb8d32a9-44b7-419a-a6ce-40d95fae1c54/window/rect [39m[32m200[39m [90m31 ms - 50[39m
[35m[HTTP][39m [90m[39m
[35m[HTTP][39m [37m-->[39m [37mPOST[39m [37m/wd/hub/session/cb8d32a9-44b7-419a-a6ce-40d95fae1c54/elements[39m
[35m[HTTP][39m [90m{"using":"xpath","value":"//*[@class = 'android.widget.Button' and (@text = 'YA' or . = 'YA') and @resource-id = 'android:id/button1']"}[39m
[35m[HTTP][39m [37m<-- POST /wd/hub/session/cb8d32a9-44b7-419a-a6ce-40d95fae1c54/elements [39m[32m200[39m [90m787 ms - 12[39m
[35m[HTTP][39m [90m[39m
[35m[HTTP][39m [37m-->[39m [37mPOST[39m [37m/wd/hub/session/cb8d32a9-44b7-419a-a6ce-40d95fae1c54/elements[39m
[35m[HTTP][39m [90m{"using":"xpath","value":"//*[@class = 'android.widget.Button' and (@text = 'YA' or . = 'YA') and @resource-id = 'android:id/button1']"}[39m
[35m[HTTP][39m [37m<-- POST /wd/hub/session/cb8d32a9-44b7-419a-a6ce-40d95fae1c54/elements [39m[32m200[39m [90m392 ms - 12[39m
[35m[HTTP][39m [90m[39m
[35m[HTTP][39m [37m-->[39m [37mPOST[39m [37m/wd/hub/session/cb8d32a9-44b7-419a-a6ce-40d95fae1c54/elements[39m
[35m[HTTP][39m [90m{"using":"xpath","value":"//*[@class = 'android.widget.Button' and (@text = 'YA' or . = 'YA') and @resource-id = 'android:id/button1']"}[39m
[35m[HTTP][39m [37m<-- POST /wd/hub/session/cb8d32a9-44b7-419a-a6ce-40d95fae1c54/elements [39m[32m200[39m [90m325 ms - 12[39m
[35m[HTTP][39m [90m[39m
[35m[HTTP][39m [37m-->[39m [37mPOST[39m [37m/wd/hub/session/cb8d32a9-44b7-419a-a6ce-40d95fae1c54/elements[39m
[35m[HTTP][39m [90m{"using":"xpath","value":"//*[@class = 'android.widget.Button' and (@text = 'YA' or . = 'YA') and @resource-id = 'android:id/button1']"}[39m
[35m[HTTP][39m [37m<-- POST /wd/hub/session/cb8d32a9-44b7-419a-a6ce-40d95fae1c54/elements [39m[32m200[39m [90m328 ms - 12[39m
[35m[HTTP][39m [90m[39m
[35m[HTTP][39m [37m-->[39m [37mPOST[39m [37m/wd/hub/session/cb8d32a9-44b7-419a-a6ce-40d95fae1c54/elements[39m
[35m[HTTP][39m [90m{"using":"xpath","value":"//*[@class = 'android.widget.Button' and (@text = 'YA' or . = 'YA') and @resource-id = 'android:id/button1']"}[39m
[35m[HTTP][39m [37m<-- POST /wd/hub/session/cb8d32a9-44b7-419a-a6ce-40d95fae1c54/elements [39m[32m200[39m [90m298 ms - 12[39m
[35m[HTTP][39m [90m[39m
[35m[HTTP][39m [37m-->[39m [37mPOST[39m [37m/wd/hub/session/cb8d32a9-44b7-419a-a6ce-40d95fae1c54/elements[39m
[35m[HTTP][39m [90m{"using":"xpath","value":"//*[@class = 'android.widget.Button' and (@text = 'YA' or . = 'YA') and @resource-id = 'android:id/button1']"}[39m
[35m[HTTP][39m [37m<-- POST /wd/hub/session/cb8d32a9-44b7-419a-a6ce-40d95fae1c54/elements [39m[32m200[39m [90m302 ms - 12[39m
[35m[HTTP][39m [90m[39m
[35m[HTTP][39m [37m-->[39m [37mPOST[39m [37m/wd/hub/session/cb8d32a9-44b7-419a-a6ce-40d95fae1c54/elements[39m
[35m[HTTP][39m [90m{"using":"xpath","value":"//*[@class = 'android.widget.Button' and (@text = 'YA' or . = 'YA') and @resource-id = 'android:id/button1']"}[39m
[35m[HTTP][39m [37m<-- POST /wd/hub/session/cb8d32a9-44b7-419a-a6ce-40d95fae1c54/elements [39m[32m200[39m [90m294 ms - 12[39m
[35m[HTTP][39m [90m[39m
[35m[HTTP][39m [37m-->[39m [37mPOST[39m [37m/wd/hub/session/cb8d32a9-44b7-419a-a6ce-40d95fae1c54/elements[39m
[35m[HTTP][39m [90m{"using":"xpath","value":"//*[@class = 'android.widget.Button' and (@text = 'YA' or . = 'YA') and @resource-id = 'android:id/button1']"}[39m
[35m[HTTP][39m [37m<-- POST /wd/hub/session/cb8d32a9-44b7-419a-a6ce-40d95fae1c54/elements [39m[32m200[39m [90m298 ms - 12[39m
[35m[HTTP][39m [90m[39m
[35m[HTTP][39m [37m-->[39m [37mPOST[39m [37m/wd/hub/session/cb8d32a9-44b7-419a-a6ce-40d95fae1c54/elements[39m
[35m[HTTP][39m [90m{"using":"xpath","value":"//*[@class = 'android.widget.Button' and (@text = 'YA' or . = 'YA') and @resource-id = 'android:id/button1']"}[39m
[35m[HTTP][39m [37m<-- POST /wd/hub/session/cb8d32a9-44b7-419a-a6ce-40d95fae1c54/elements [39m[32m200[39m [90m271 ms - 12[39m
[35m[HTTP][39m [90m[39m
[35m[HTTP][39m [37m-->[39m [37mPOST[39m [37m/wd/hub/session/cb8d32a9-44b7-419a-a6ce-40d95fae1c54/elements[39m
[35m[HTTP][39m [90m{"using":"xpath","value":"//*[@class = 'android.widget.Button' and (@text = 'YA' or . = 'YA') and @resource-id = 'android:id/button1']"}[39m
[35m[HTTP][39m [37m<-- POST /wd/hub/session/cb8d32a9-44b7-419a-a6ce-40d95fae1c54/elements [39m[32m200[39m [90m327 ms - 12[39m
[35m[HTTP][39m [90m[39m
[35m[HTTP][39m [37m-->[39m [37mPOST[39m [37m/wd/hub/session/cb8d32a9-44b7-419a-a6ce-40d95fae1c54/elements[39m
[35m[HTTP][39m [90m{"using":"xpath","value":"//*[@class = 'android.widget.Button' and (@text = 'YA' or . = 'YA') and @resource-id = 'android:id/button1']"}[39m
[35m[HTTP][39m [37m<-- POST /wd/hub/session/cb8d32a9-44b7-419a-a6ce-40d95fae1c54/elements [39m[32m200[39m [90m282 ms - 12[39m
[35m[HTTP][39m [90m[39m
[35m[HTTP][39m [37m-->[39m [37mPOST[39m [37m/wd/hub/session/cb8d32a9-44b7-419a-a6ce-40d95fae1c54/elements[39m
[35m[HTTP][39m [90m{"using":"xpath","value":"//*[@class = 'android.widget.Button' and (@text = 'YA' or . = 'YA') and @resource-id = 'android:id/button1']"}[39m
[35m[HTTP][39m [37m<-- POST /wd/hub/session/cb8d32a9-44b7-419a-a6ce-40d95fae1c54/elements [39m[32m200[39m [90m259 ms - 12[39m
[35m[HTTP][39m [90m[39m
[35m[HTTP][39m [37m-->[39m [37mPOST[39m [37m/wd/hub/session/cb8d32a9-44b7-419a-a6ce-40d95fae1c54/elements[39m
[35m[HTTP][39m [90m{"using":"xpath","value":"//*[@class = 'android.widget.Button' and (@text = 'YA' or . = 'YA') and @resource-id = 'android:id/button1']"}[39m
[35m[HTTP][39m [37m<-- POST /wd/hub/session/cb8d32a9-44b7-419a-a6ce-40d95fae1c54/elements [39m[32m200[39m [90m246 ms - 12[39m
[35m[HTTP][39m [90m[39m
[35m[HTTP][39m [37m-->[39m [37mPOST[39m [37m/wd/hub/session/cb8d32a9-44b7-419a-a6ce-40d95fae1c54/elements[39m
[35m[HTTP][39m [90m{"using":"xpath","value":"//*[@class = 'android.widget.Button' and (@text = 'YA' or . = 'YA') and @resource-id = 'android:id/button1']"}[39m
[35m[HTTP][39m [37m<-- POST /wd/hub/session/cb8d32a9-44b7-419a-a6ce-40d95fae1c54/elements [39m[32m200[39m [90m236 ms - 12[39m
[35m[HTTP][39m [90m[39m
[35m[HTTP][39m [37m-->[39m [37mPOST[39m [37m/wd/hub/session/cb8d32a9-44b7-419a-a6ce-40d95fae1c54/elements[39m
[35m[HTTP][39m [90m{"using":"xpath","value":"//*[@class = 'android.widget.Button' and (@text = 'YA' or . = 'YA') and @resource-id = 'android:id/button1']"}[39m
[35m[HTTP][39m [37m<-- POST /wd/hub/session/cb8d32a9-44b7-419a-a6ce-40d95fae1c54/elements [39m[32m200[39m [90m213 ms - 12[39m
[35m[HTTP][39m [90m[39m
[35m[HTTP][39m [37m-->[39m [37mPOST[39m [37m/wd/hub/session/cb8d32a9-44b7-419a-a6ce-40d95fae1c54/elements[39m
[35m[HTTP][39m [90m{"using":"xpath","value":"//*[@class = 'android.widget.Button' and (@text = 'YA' or . = 'YA') and @resource-id = 'android:id/button1']"}[39m
[35m[HTTP][39m [37m<-- POST /wd/hub/session/cb8d32a9-44b7-419a-a6ce-40d95fae1c54/elements [39m[32m200[39m [90m248 ms - 12[39m
[35m[HTTP][39m [90m[39m
[35m[HTTP][39m [37m-->[39m [37mPOST[39m [37m/wd/hub/session/cb8d32a9-44b7-419a-a6ce-40d95fae1c54/elements[39m
[35m[HTTP][39m [90m{"using":"xpath","value":"//*[@class = 'android.widget.Button' and (@text = 'YA' or . = 'YA') and @resource-id = 'android:id/button1']"}[39m
[35m[HTTP][39m [37m<-- POST /wd/hub/session/cb8d32a9-44b7-419a-a6ce-40d95fae1c54/elements [39m[32m200[39m [90m236 ms - 12[39m
[35m[HTTP][39m [90m[39m
[35m[HTTP][39m [37m-->[39m [37mPOST[39m [37m/wd/hub/session/cb8d32a9-44b7-419a-a6ce-40d95fae1c54/elements[39m
[35m[HTTP][39m [90m{"using":"xpath","value":"//*[@class = 'android.widget.Button' and (@text = 'YA' or . = 'YA') and @resource-id = 'android:id/button1']"}[39m
[35m[HTTP][39m [37m<-- POST /wd/hub/session/cb8d32a9-44b7-419a-a6ce-40d95fae1c54/elements [39m[32m200[39m [90m251 ms - 12[39m
[35m[HTTP][39m [90m[39m
[35m[HTTP][39m [37m-->[39m [37mPOST[39m [37m/wd/hub/session/cb8d32a9-44b7-419a-a6ce-40d95fae1c54/elements[39m
[35m[HTTP][39m [90m{"using":"xpath","value":"//*[@class = 'android.widget.Button' and (@text = 'YA' or . = 'YA') and @resource-id = 'android:id/button1']"}[39m
[35m[HTTP][39m [37m<-- POST /wd/hub/session/cb8d32a9-44b7-419a-a6ce-40d95fae1c54/elements [39m[32m200[39m [90m734 ms - 12[39m
[35m[HTTP][39m [90m[39m
[35m[HTTP][39m [37m-->[39m [37mPOST[39m [37m/wd/hub/session/cb8d32a9-44b7-419a-a6ce-40d95fae1c54/elements[39m
[35m[HTTP][39m [90m{"using":"xpath","value":"//*[@class = 'android.widget.Button' and (@text = 'YA' or . = 'YA') and @resource-id = 'android:id/button1']"}[39m
[35m[HTTP][39m [37m<-- POST /wd/hub/session/cb8d32a9-44b7-419a-a6ce-40d95fae1c54/elements [39m[32m200[39m [90m213 ms - 12[39m
[35m[HTTP][39m [90m[39m
[35m[HTTP][39m [37m-->[39m [37mPOST[39m [37m/wd/hub/session/cb8d32a9-44b7-419a-a6ce-40d95fae1c54/elements[39m
[35m[HTTP][39m [90m{"using":"xpath","value":"//*[@class = 'android.widget.Button' and (@text = 'YA' or . = 'YA') and @resource-id = 'android:id/button1']"}[39m
[35m[HTTP][39m [37m<-- POST /wd/hub/session/cb8d32a9-44b7-419a-a6ce-40d95fae1c54/elements [39m[32m200[39m [90m229 ms - 12[39m
[35m[HTTP][39m [90m[39m
[35m[HTTP][39m [37m-->[39m [37mPOST[39m [37m/wd/hub/session/cb8d32a9-44b7-419a-a6ce-40d95fae1c54/elements[39m
[35m[HTTP][39m [90m{"using":"xpath","value":"//*[@class = 'android.widget.Button' and (@text = 'YA' or . = 'YA') and @resource-id = 'android:id/button1']"}[39m
[35m[HTTP][39m [37m<-- POST /wd/hub/session/cb8d32a9-44b7-419a-a6ce-40d95fae1c54/elements [39m[32m200[39m [90m214 ms - 12[39m
[35m[HTTP][39m [90m[39m
[35m[HTTP][39m [37m-->[39m [37mPOST[39m [37m/wd/hub/session/cb8d32a9-44b7-419a-a6ce-40d95fae1c54/elements[39m
[35m[HTTP][39m [90m{"using":"xpath","value":"//*[@class = 'android.widget.Button' and (@text = 'YA' or . = 'YA') and @resource-id = 'android:id/button1']"}[39m
[35m[HTTP][39m [37m<-- POST /wd/hub/session/cb8d32a9-44b7-419a-a6ce-40d95fae1c54/elements [39m[32m200[39m [90m251 ms - 12[39m
[35m[HTTP][39m [90m[39m
[35m[HTTP][39m [37m-->[39m [37mPOST[39m [37m/wd/hub/session/cb8d32a9-44b7-419a-a6ce-40d95fae1c54/elements[39m
[35m[HTTP][39m [90m{"using":"xpath","value":"//*[@class = 'android.widget.Button' and (@text = 'YA' or . = 'YA') and @resource-id = 'android:id/button1']"}[39m
[35m[HTTP][39m [37m<-- POST /wd/hub/session/cb8d32a9-44b7-419a-a6ce-40d95fae1c54/elements [39m[32m200[39m [90m222 ms - 12[39m
[35m[HTTP][39m [90m[39m
[35m[HTTP][39m [37m-->[39m [37mPOST[39m [37m/wd/hub/session/cb8d32a9-44b7-419a-a6ce-40d95fae1c54/elements[39m
[35m[HTTP][39m [90m{"using":"xpath","value":"//*[@class = 'android.widget.Button' and (@text = 'YA' or . = 'YA') and @resource-id = 'android:id/button1']"}[39m
[35m[HTTP][39m [37m<-- POST /wd/hub/session/cb8d32a9-44b7-419a-a6ce-40d95fae1c54/elements [39m[32m200[39m [90m209 ms - 12[39m
[35m[HTTP][39m [90m[39m
[35m[HTTP][39m [37m-->[39m [37mPOST[39m [37m/wd/hub/session/cb8d32a9-44b7-419a-a6ce-40d95fae1c54/elements[39m
[35m[HTTP][39m [90m{"using":"xpath","value":"//*[@class = 'android.widget.Button' and (@text = 'YA' or . = 'YA') and @resource-id = 'android:id/button1']"}[39m
[35m[HTTP][39m [37m<-- POST /wd/hub/session/cb8d32a9-44b7-419a-a6ce-40d95fae1c54/elements [39m[32m200[39m [90m179 ms - 12[39m
[35m[HTTP][39m [90m[39m
[35m[HTTP][39m [37m-->[39m [37mPOST[39m [37m/wd/hub/session/cb8d32a9-44b7-419a-a6ce-40d95fae1c54/elements[39m
[35m[HTTP][39m [90m{"using":"xpath","value":"//*[@class = 'android.widget.Button' and (@text = 'YA' or . = 'YA') and @resource-id = 'android:id/button1']"}[39m
[35m[HTTP][39m [37m<-- POST /wd/hub/session/cb8d32a9-44b7-419a-a6ce-40d95fae1c54/elements [39m[32m200[39m [90m199 ms - 12[39m
[35m[HTTP][39m [90m[39m
[35m[HTTP][39m [37m-->[39m [37mPOST[39m [37m/wd/hub/session/cb8d32a9-44b7-419a-a6ce-40d95fae1c54/elements[39m
[35m[HTTP][39m [90m{"using":"xpath","value":"//*[@class = 'android.widget.Button' and (@text = 'YA' or . = 'YA') and @resource-id = 'android:id/button1']"}[39m
[35m[HTTP][39m [37m<-- POST /wd/hub/session/cb8d32a9-44b7-419a-a6ce-40d95fae1c54/elements [39m[32m200[39m [90m210 ms - 12[39m
[35m[HTTP][39m [90m[39m
[35m[HTTP][39m [37m-->[39m [37mPOST[39m [37m/wd/hub/session/cb8d32a9-44b7-419a-a6ce-40d95fae1c54/elements[39m
[35m[HTTP][39m [90m{"using":"xpath","value":"//*[@class = 'android.widget.Button' and (@text = 'YA' or . = 'YA') and @resource-id = 'android:id/button1']"}[39m
[35m[HTTP][39m [37m<-- POST /wd/hub/session/cb8d32a9-44b7-419a-a6ce-40d95fae1c54/elements [39m[32m200[39m [90m196 ms - 12[39m
[35m[HTTP][39m [90m[39m
[35m[HTTP][39m [37m-->[39m [37mPOST[39m [37m/wd/hub/session/cb8d32a9-44b7-419a-a6ce-40d95fae1c54/elements[39m
[35m[HTTP][39m [90m{"using":"xpath","value":"//*[@class = 'android.widget.Button' and (@text = 'YA' or . = 'YA') and @resource-id = 'android:id/button1']"}[39m
[35m[HTTP][39m [37m<-- POST /wd/hub/session/cb8d32a9-44b7-419a-a6ce-40d95fae1c54/elements [39m[32m200[39m [90m174 ms - 12[39m
[35m[HTTP][39m [90m[39m
[35m[HTTP][39m [37m-->[39m [37mPOST[39m [37m/wd/hub/session/cb8d32a9-44b7-419a-a6ce-40d95fae1c54/elements[39m
[35m[HTTP][39m [90m{"using":"xpath","value":"//*[@class = 'android.widget.Button' and (@text = 'YA' or . = 'YA') and @resource-id = 'android:id/button1']"}[39m
[35m[HTTP][39m [37m<-- POST /wd/hub/session/cb8d32a9-44b7-419a-a6ce-40d95fae1c54/elements [39m[32m200[39m [90m201 ms - 12[39m
[35m[HTTP][39m [90m[39m
[35m[HTTP][39m [37m-->[39m [37mPOST[39m [37m/wd/hub/session/cb8d32a9-44b7-419a-a6ce-40d95fae1c54/elements[39m
[35m[HTTP][39m [90m{"using":"xpath","value":"//*[@class = 'android.widget.Button' and (@text = 'YA' or . = 'YA') and @resource-id = 'android:id/button1']"}[39m
[35m[HTTP][39m [37m<-- POST /wd/hub/session/cb8d32a9-44b7-419a-a6ce-40d95fae1c54/elements [39m[32m200[39m [90m184 ms - 12[39m
[35m[HTTP][39m [90m[39m
[35m[HTTP][39m [37m-->[39m [37mPOST[39m [37m/wd/hub/session/cb8d32a9-44b7-419a-a6ce-40d95fae1c54/elements[39m
[35m[HTTP][39m [90m{"using":"xpath","value":"//*[@class = 'android.widget.Button' and (@text = 'YA' or . = 'YA') and @resource-id = 'android:id/button1']"}[39m
[35m[HTTP][39m [37m<-- POST /wd/hub/session/cb8d32a9-44b7-419a-a6ce-40d95fae1c54/elements [39m[32m200[39m [90m201 ms - 12[39m
[35m[HTTP][39m [90m[39m
[35m[HTTP][39m [37m-->[39m [37mPOST[39m [37m/wd/hub/session/cb8d32a9-44b7-419a-a6ce-40d95fae1c54/elements[39m
[35m[HTTP][39m [90m{"using":"xpath","value":"//*[@class = 'android.widget.Button' and (@text = 'YA' or . = 'YA') and @resource-id = 'android:id/button1']"}[39m
[35m[HTTP][39m [37m<-- POST /wd/hub/session/cb8d32a9-44b7-419a-a6ce-40d95fae1c54/elements [39m[32m200[39m [90m183 ms - 12[39m
[35m[HTTP][39m [90m[39m
[35m[HTTP][39m [37m-->[39m [37mPOST[39m [37m/wd/hub/session/cb8d32a9-44b7-419a-a6ce-40d95fae1c54/elements[39m
[35m[HTTP][39m [90m{"using":"xpath","value":"//*[@class = 'android.widget.Button' and (@text = 'YA' or . = 'YA') and @resource-id = 'android:id/button1']"}[39m
[35m[HTTP][39m [37m<-- POST /wd/hub/session/cb8d32a9-44b7-419a-a6ce-40d95fae1c54/elements [39m[32m200[39m [90m233 ms - 12[39m
[35m[HTTP][39m [90m[39m
[35m[HTTP][39m [37m-->[39m [37mPOST[39m [37m/wd/hub/session/cb8d32a9-44b7-419a-a6ce-40d95fae1c54/elements[39m
[35m[HTTP][39m [90m{"using":"xpath","value":"//*[@class = 'android.widget.Button' and (@text = 'YA' or . = 'YA') and @resource-id = 'android:id/button1']"}[39m
[35m[HTTP][39m [37m<-- POST /wd/hub/session/cb8d32a9-44b7-419a-a6ce-40d95fae1c54/elements [39m[32m200[39m [90m210 ms - 12[39m
[35m[HTTP][39m [90m[39m
[35m[HTTP][39m [37m-->[39m [37mPOST[39m [37m/wd/hub/session/cb8d32a9-44b7-419a-a6ce-40d95fae1c54/elements[39m
[35m[HTTP][39m [90m{"using":"xpath","value":"//*[@class = 'android.widget.Button' and (@text = 'YA' or . = 'YA') and @resource-id = 'android:id/button1']"}[39m
[35m[HTTP][39m [37m<-- POST /wd/hub/session/cb8d32a9-44b7-419a-a6ce-40d95fae1c54/elements [39m[32m200[39m [90m181 ms - 12[39m
[35m[HTTP][39m [90m[39m
[35m[HTTP][39m [37m-->[39m [37mPOST[39m [37m/wd/hub/session/cb8d32a9-44b7-419a-a6ce-40d95fae1c54/elements[39m
[35m[HTTP][39m [90m{"using":"xpath","value":"//*[@class = 'android.widget.Button' and (@text = 'YA' or . = 'YA') and @resource-id = 'android:id/button1']"}[39m
[35m[HTTP][39m [37m<-- POST /wd/hub/session/cb8d32a9-44b7-419a-a6ce-40d95fae1c54/elements [39m[32m200[39m [90m189 ms - 12[39m
[35m[HTTP][39m [90m[39m
[35m[HTTP][39m [37m-->[39m [37mPOST[39m [37m/wd/hub/session/cb8d32a9-44b7-419a-a6ce-40d95fae1c54/elements[39m
[35m[HTTP][39m [90m{"using":"xpath","value":"//*[@class = 'android.widget.Button' and (@text = 'YA' or . = 'YA') and @resource-id = 'android:id/button1']"}[39m
[35m[HTTP][39m [37m<-- POST /wd/hub/session/cb8d32a9-44b7-419a-a6ce-40d95fae1c54/elements [39m[32m200[39m [90m177 ms - 12[39m
[35m[HTTP][39m [90m[39m
[35m[HTTP][39m [37m-->[39m [37mPOST[39m [37m/wd/hub/session/cb8d32a9-44b7-419a-a6ce-40d95fae1c54/elements[39m
[35m[HTTP][39m [90m{"using":"xpath","value":"//*[@class = 'android.widget.Button' and (@text = 'YA' or . = 'YA') and @resource-id = 'android:id/button1']"}[39m
[35m[HTTP][39m [37m<-- POST /wd/hub/session/cb8d32a9-44b7-419a-a6ce-40d95fae1c54/elements [39m[32m200[39m [90m178 ms - 12[39m
[35m[HTTP][39m [90m[39m
[35m[HTTP][39m [37m-->[39m [37mPOST[39m [37m/wd/hub/session/cb8d32a9-44b7-419a-a6ce-40d95fae1c54/elements[39m
[35m[HTTP][39m [90m{"using":"xpath","value":"//*[@class = 'android.widget.Button' and (@text = 'YA' or . = 'YA') and @resource-id = 'android:id/button1']"}[39m
[35m[HTTP][39m [37m<-- POST /wd/hub/session/cb8d32a9-44b7-419a-a6ce-40d95fae1c54/elements [39m[32m200[39m [90m171 ms - 12[39m
[35m[HTTP][39m [90m[39m
[35m[HTTP][39m [37m-->[39m [37mPOST[39m [37m/wd/hub/session/cb8d32a9-44b7-419a-a6ce-40d95fae1c54/elements[39m
[35m[HTTP][39m [90m{"using":"xpath","value":"//*[@class = 'android.widget.Button' and (@text = 'YA' or . = 'YA') and @resource-id = 'android:id/button1']"}[39m
[35m[HTTP][39m [37m<-- POST /wd/hub/session/cb8d32a9-44b7-419a-a6ce-40d95fae1c54/elements [39m[32m200[39m [90m230 ms - 12[39m
[35m[HTTP][39m [90m[39m
[35m[HTTP][39m [37m-->[39m [37mPOST[39m [37m/wd/hub/session/cb8d32a9-44b7-419a-a6ce-40d95fae1c54/elements[39m
[35m[HTTP][39m [90m{"using":"xpath","value":"//*[@class = 'android.widget.Button' and (@text = 'YA' or . = 'YA') and @resource-id = 'android:id/button1']"}[39m
[35m[HTTP][39m [37m<-- POST /wd/hub/session/cb8d32a9-44b7-419a-a6ce-40d95fae1c54/elements [39m[32m200[39m [90m182 ms - 12[39m
[35m[HTTP][39m [90m[39m
[35m[HTTP][39m [37m-->[39m [37mPOST[39m [37m/wd/hub/session/cb8d32a9-44b7-419a-a6ce-40d95fae1c54/elements[39m
[35m[HTTP][39m [90m{"using":"xpath","value":"//*[@class = 'android.widget.Button' and (@text = 'YA' or . = 'YA') and @resource-id = 'android:id/button1']"}[39m
[35m[HTTP][39m [37m<-- POST /wd/hub/session/cb8d32a9-44b7-419a-a6ce-40d95fae1c54/elements [39m[32m200[39m [90m195 ms - 12[39m
[35m[HTTP][39m [90m[39m
[35m[HTTP][39m [37m-->[39m [37mPOST[39m [37m/wd/hub/session/cb8d32a9-44b7-419a-a6ce-40d95fae1c54/elements[39m
[35m[HTTP][39m [90m{"using":"xpath","value":"//*[@class = 'android.widget.Button' and (@text = 'YA' or . = 'YA') and @resource-id = 'android:id/button1']"}[39m
[35m[HTTP][39m [37m<-- POST /wd/hub/session/cb8d32a9-44b7-419a-a6ce-40d95fae1c54/elements [39m[32m200[39m [90m159 ms - 12[39m
[35m[HTTP][39m [90m[39m
[35m[HTTP][39m [37m-->[39m [37mPOST[39m [37m/wd/hub/session/cb8d32a9-44b7-419a-a6ce-40d95fae1c54/elements[39m
[35m[HTTP][39m [90m{"using":"xpath","value":"//*[@class = 'android.widget.Button' and (@text = 'YA' or . = 'YA') and @resource-id = 'android:id/button1']"}[39m
[35m[HTTP][39m [37m<-- POST /wd/hub/session/cb8d32a9-44b7-419a-a6ce-40d95fae1c54/elements [39m[32m200[39m [90m235 ms - 12[39m
[35m[HTTP][39m [90m[39m
