[35m[Appium][39m Welcome to Appium v1.22.2
[35m[Appium][39m Non-default server args:
[35m[Appium][39m   port: 62629
[35m[Appium][39m   loglevel: info
[35m[Appium][39m   tmpDir: C:\Users\NIAYUS~1\AppData\Local\Temp\\Katalon\Appium\Temp1655277439509
[35m[Appium][39m   chromedriverPort: 62630
[35m[Appium][39m Deprecated server args:
[35m[Appium][39m   [31m--chromedriver-port[39m => --default-capabilities
[35m[Appium][39m Default capabilities, which will be added to each request unless overridden by desired capabilities:
[35m[Appium][39m   chromedriverPort: 62630
[35m[Appium][39m Appium REST http interface listener started on 0.0.0.0:62629
[35m[HTTP][39m [37m-->[39m [37mGET[39m [37m/wd/hub/status[39m
[35m[HTTP][39m [90m{}[39m
[35m[HTTP][39m [37m<-- GET /wd/hub/status [39m[32m200[39m [90m16 ms - 68[39m
[35m[HTTP][39m [90m[39m
[35m[HTTP][39m [37m-->[39m [37mPOST[39m [37m/wd/hub/session[39m
[35m[HTTP][39m [90m{"desiredCapabilities":{"appActivity":".Settings","appPackage":"com.android.settings","newCommandTimeout":1800,"platformVersion":"11","automationName":"uiautomator2","autoGrantPermissions":true,"platformName":"Android","udid":"RR8N605F11Y","deviceName":"samsung SM-M315F (Android 11)","platform":"ANDROID","systemPort":8213},"capabilities":{"firstMatch":[{"appium:appActivity":".Settings","appium:appPackage":"com.android.settings","appium:autoGrantPermissions":true,"appium:automationName":"uiautomator2","appium:deviceName":"samsung SM-M315F (Android 11)","appium:newCommandTimeout":1800,"platform":"ANDROID","platformName":"android","appium:platformVersion":"11","appium:systemPort":8213,"appium:udid":"RR8N605F11Y"}]}}[39m
[35m[BaseDriver][39m The following capabilities are not standard capabilities and should have an extension prefix:
[35m[BaseDriver][39m   platform
[35m[BaseDriver][39m   chromedriverPort
[35m[Appium][39m Appium v1.22.2 creating new AndroidUiautomator2Driver (v1.70.1) session
[35m[BaseDriver][39m The following capabilities were provided, but are not recognized by Appium:
[35m[BaseDriver][39m   platform
[35m[BaseDriver][39m Session created with session id: 02ade3ca-3192-441d-b4ee-1b9acc2c66e4
[35m[UiAutomator2][39m Starting 'com.android.settings' directly on the device
[35m[ADB][39m Cannot sort build-tools folders ["29.0.3","android-8.1.0"] by semantic version names.
[35m[ADB][39m Falling back to sorting by modification date. Original error: Invalid Version: android-8.1.0
[35m[ADB][39m Found 2 'build-tools' folders under 'C:\Users\Nia Yusniati\.katalon\tools\android_sdk' (newest first):
[35m[ADB][39m     C:/Users/Nia Yusniati/.katalon/tools/android_sdk/build-tools/29.0.3
[35m[ADB][39m     C:/Users/Nia Yusniati/.katalon/tools/android_sdk/build-tools/android-8.1.0
[35m[ADB][39m Using 'adb.exe' from 'C:\Users\Nia Yusniati\.katalon\tools\android_sdk\platform-tools\adb.exe'
[35m[AndroidDriver][39m Retrieving device list
[35m[AndroidDriver][39m Using device: RR8N605F11Y
[35m[ADB][39m Using 'adb.exe' from 'C:\Users\Nia Yusniati\.katalon\tools\android_sdk\platform-tools\adb.exe'
[35m[ADB][39m Getting device platform version
[35m[UiAutomator2][39m Relaxing hidden api policy
[35m[AndroidDriver][39m No app sent in, not parsing package/activity
[35m[ADB][39m Using 'apksigner.jar' from 'C:\Users\Nia Yusniati\.katalon\tools\android_sdk\build-tools\29.0.3\lib\apksigner.jar'
[35m[ADB][39m 'C:\Users\Nia Yusniati\AppData\Roaming\npm\node_modules\appium\node_modules\appium-uiautomator2-server\apks\appium-uiautomator2-server-v4.27.0.apk' is signed with the default certificate
[35m[ADB][39m 'C:\Users\Nia Yusniati\AppData\Roaming\npm\node_modules\appium\node_modules\appium-uiautomator2-server\apks\appium-uiautomator2-server-debug-androidTest.apk' is signed with the default certificate
[35m[UiAutomator2][39m Server packages are not going to be (re)installed
[35m[ADB][39m Adding packages ["io.appium.settings","io.appium.uiautomator2.server","io.appium.uiautomator2.server.test"] to Doze whitelist
[35m[UiAutomator2][39m Starting UIAutomator2 server 4.27.0
[35m[UiAutomator2][39m Using UIAutomator2 server from 'C:\Users\Nia Yusniati\AppData\Roaming\npm\node_modules\appium\node_modules\appium-uiautomator2-server\apks\appium-uiautomator2-server-v4.27.0.apk' and test from 'C:\Users\Nia Yusniati\AppData\Roaming\npm\node_modules\appium\node_modules\appium-uiautomator2-server\apks\appium-uiautomator2-server-debug-androidTest.apk'
[35m[UiAutomator2][39m Waiting up to 30000ms for UiAutomator2 to be online...
[35m[WD Proxy][39m socket hang up
[35m[WD Proxy][39m socket hang up
[35m[WD Proxy][39m socket hang up
[35m[WD Proxy][39m Determined the downstream protocol as 'W3C'
[35m[AndroidDriver][39m Screen already unlocked, doing nothing
[35m[UiAutomator2][39m Starting 'com.android.settings/.Settings and waiting for 'com.android.settings/.Settings'
[35m[Appium][39m New AndroidUiautomator2Driver session created successfully, session 02ade3ca-3192-441d-b4ee-1b9acc2c66e4 added to master session list
[35m[HTTP][39m [37m<-- POST /wd/hub/session [39m[32m200[39m [90m11778 ms - 1158[39m
[35m[HTTP][39m [90m[39m
[35m[HTTP][39m [37m-->[39m [37mGET[39m [37m/wd/hub/session/02ade3ca-3192-441d-b4ee-1b9acc2c66e4[39m
[35m[HTTP][39m [90m{}[39m
[35m[HTTP][39m [37m<-- GET /wd/hub/session/02ade3ca-3192-441d-b4ee-1b9acc2c66e4 [39m[32m200[39m [90m12 ms - 1112[39m
[35m[HTTP][39m [90m[39m
[35m[HTTP][39m [37m-->[39m [37mGET[39m [37m/wd/hub/session/02ade3ca-3192-441d-b4ee-1b9acc2c66e4[39m
[35m[HTTP][39m [90m{}[39m
[35m[HTTP][39m [37m<-- GET /wd/hub/session/02ade3ca-3192-441d-b4ee-1b9acc2c66e4 [39m[32m200[39m [90m13 ms - 1112[39m
[35m[HTTP][39m [90m[39m
[35m[HTTP][39m [37m-->[39m [37mGET[39m [37m/wd/hub/status[39m
[35m[HTTP][39m [90m{}[39m
[35m[HTTP][39m [37m<-- GET /wd/hub/status [39m[32m200[39m [90m1 ms - 68[39m
[35m[HTTP][39m [90m[39m
[35m[HTTP][39m [37m-->[39m [37mPOST[39m [37m/wd/hub/session/02ade3ca-3192-441d-b4ee-1b9acc2c66e4/timeouts[39m
[35m[HTTP][39m [90m{"implicit":30000}[39m
[35m[HTTP][39m [37m<-- POST /wd/hub/session/02ade3ca-3192-441d-b4ee-1b9acc2c66e4/timeouts [39m[32m200[39m [90m5 ms - 14[39m
[35m[HTTP][39m [90m[39m
[35m[HTTP][39m [37m-->[39m [37mGET[39m [37m/wd/hub/session/02ade3ca-3192-441d-b4ee-1b9acc2c66e4/screenshot[39m
[35m[HTTP][39m [90m{}[39m
[35m[HTTP][39m [37m<-- GET /wd/hub/session/02ade3ca-3192-441d-b4ee-1b9acc2c66e4/screenshot [39m[32m200[39m [90m525 ms - 216796[39m
[35m[HTTP][39m [90m[39m
[35m[HTTP][39m [37m-->[39m [37mGET[39m [37m/wd/hub/session/02ade3ca-3192-441d-b4ee-1b9acc2c66e4/window/rect[39m
[35m[HTTP][39m [90m{}[39m
[35m[HTTP][39m [37m<-- GET /wd/hub/session/02ade3ca-3192-441d-b4ee-1b9acc2c66e4/window/rect [39m[32m200[39m [90m24 ms - 50[39m
[35m[HTTP][39m [90m[39m
[35m[HTTP][39m [37m-->[39m [37mGET[39m [37m/wd/hub/session/02ade3ca-3192-441d-b4ee-1b9acc2c66e4/appium/device/system_bars[39m
[35m[HTTP][39m [90m{}[39m
[35m[HTTP][39m [37m<-- GET /wd/hub/session/02ade3ca-3192-441d-b4ee-1b9acc2c66e4/appium/device/system_bars [39m[32m200[39m [90m124 ms - 148[39m
[35m[HTTP][39m [90m[39m
[35m[HTTP][39m [37m-->[39m [37mPOST[39m [37m/wd/hub/session/02ade3ca-3192-441d-b4ee-1b9acc2c66e4/appium/device/activate_app[39m
[35m[HTTP][39m [90m{"bundleId":"com.vq.mbrochuregp.client.android"}[39m
[35m[HTTP][39m [37m<-- POST /wd/hub/session/02ade3ca-3192-441d-b4ee-1b9acc2c66e4/appium/device/activate_app [39m[32m200[39m [90m633 ms - 14[39m
[35m[HTTP][39m [90m[39m
[35m[HTTP][39m [37m-->[39m [37mGET[39m [37m/wd/hub/session/02ade3ca-3192-441d-b4ee-1b9acc2c66e4/window/rect[39m
[35m[HTTP][39m [90m{}[39m
[35m[HTTP][39m [37m<-- GET /wd/hub/session/02ade3ca-3192-441d-b4ee-1b9acc2c66e4/window/rect [39m[32m200[39m [90m32 ms - 50[39m
[35m[HTTP][39m [90m[39m
[35m[HTTP][39m [37m-->[39m [37mPOST[39m [37m/wd/hub/session/02ade3ca-3192-441d-b4ee-1b9acc2c66e4/elements[39m
[35m[HTTP][39m [90m{"using":"xpath","value":"//*[@resource-id = 'com.vq.mbrochuregp.client.android:id/iv_home_profil_icon' and @package = 'com.vq.mbrochuregp.client.android']"}[39m
[35m[HTTP][39m [37m<-- POST /wd/hub/session/02ade3ca-3192-441d-b4ee-1b9acc2c66e4/elements [39m[32m200[39m [90m1530 ms - 139[39m
[35m[HTTP][39m [90m[39m
[35m[HTTP][39m [37m-->[39m [37mGET[39m [37m/wd/hub/session/02ade3ca-3192-441d-b4ee-1b9acc2c66e4/element/00000000-0000-0209-ffff-ffff000022a7/location[39m
[35m[HTTP][39m [90m{}[39m
[35m[W3C (02ade3ca)][39m Driver proxy active, passing request on via HTTP proxy
[35m[WD Proxy][39m Replacing sessionId 4285d983-618e-4449-b763-34699cd4adf1 with 02ade3ca-3192-441d-b4ee-1b9acc2c66e4
[35m[HTTP][39m [37m<-- GET /wd/hub/session/02ade3ca-3192-441d-b4ee-1b9acc2c66e4/element/00000000-0000-0209-ffff-ffff000022a7/location [39m[32m200[39m [90m1595 ms - 79[39m
[35m[HTTP][39m [90m[39m
[35m[HTTP][39m [37m-->[39m [37mPOST[39m [37m/wd/hub/session/02ade3ca-3192-441d-b4ee-1b9acc2c66e4/element/00000000-0000-0209-ffff-ffff000022a7/click[39m
[35m[HTTP][39m [90m{"id":"00000000-0000-0209-ffff-ffff000022a7"}[39m
[35m[HTTP][39m [37m<-- POST /wd/hub/session/02ade3ca-3192-441d-b4ee-1b9acc2c66e4/element/00000000-0000-0209-ffff-ffff000022a7/click [39m[32m200[39m [90m117 ms - 14[39m
[35m[HTTP][39m [90m[39m
[35m[HTTP][39m [37m-->[39m [37mPOST[39m [37m/wd/hub/session/02ade3ca-3192-441d-b4ee-1b9acc2c66e4/timeouts[39m
[35m[HTTP][39m [90m{"implicit":50}[39m
[35m[HTTP][39m [37m<-- POST /wd/hub/session/02ade3ca-3192-441d-b4ee-1b9acc2c66e4/timeouts [39m[32m200[39m [90m2 ms - 14[39m
[35m[HTTP][39m [90m[39m
[35m[HTTP][39m [37m-->[39m [37mGET[39m [37m/wd/hub/session/02ade3ca-3192-441d-b4ee-1b9acc2c66e4/window/rect[39m
[35m[HTTP][39m [90m{}[39m
[35m[HTTP][39m [37m<-- GET /wd/hub/session/02ade3ca-3192-441d-b4ee-1b9acc2c66e4/window/rect [39m[32m200[39m [90m32 ms - 50[39m
[35m[HTTP][39m [90m[39m
[35m[HTTP][39m [37m-->[39m [37mPOST[39m [37m/wd/hub/session/02ade3ca-3192-441d-b4ee-1b9acc2c66e4/elements[39m
[35m[HTTP][39m [90m{"using":"xpath","value":"//hierarchy/android.widget.FrameLayout[1]/android.widget.LinearLayout[1]/android.widget.FrameLayout[1]/android.widget.LinearLayout[1]/android.widget.FrameLayout[1]/android.view.ViewGroup[1]/android.widget.ScrollView[1]/android.widget.LinearLayout[1]/android.view.ViewGroup[1]/android.widget.LinearLayout[1]/android.widget.FrameLayout[1]/android.widget.EditText[1]"}[39m
[35m[HTTP][39m [37m<-- POST /wd/hub/session/02ade3ca-3192-441d-b4ee-1b9acc2c66e4/elements [39m[32m200[39m [90m225 ms - 139[39m
[35m[HTTP][39m [90m[39m
[35m[HTTP][39m [37m-->[39m [37mGET[39m [37m/wd/hub/session/02ade3ca-3192-441d-b4ee-1b9acc2c66e4/element/00000000-0000-021f-ffff-ffff00002358/location[39m
[35m[HTTP][39m [90m{}[39m
[35m[W3C (02ade3ca)][39m Driver proxy active, passing request on via HTTP proxy
[35m[WD Proxy][39m Replacing sessionId 4285d983-618e-4449-b763-34699cd4adf1 with 02ade3ca-3192-441d-b4ee-1b9acc2c66e4
[35m[HTTP][39m [37m<-- GET /wd/hub/session/02ade3ca-3192-441d-b4ee-1b9acc2c66e4/element/00000000-0000-021f-ffff-ffff00002358/location [39m[32m200[39m [90m65 ms - 77[39m
[35m[HTTP][39m [90m[39m
[35m[HTTP][39m [37m-->[39m [37mPOST[39m [37m/wd/hub/session/02ade3ca-3192-441d-b4ee-1b9acc2c66e4/timeouts[39m
[35m[HTTP][39m [90m{"implicit":30000}[39m
[35m[HTTP][39m [37m<-- POST /wd/hub/session/02ade3ca-3192-441d-b4ee-1b9acc2c66e4/timeouts [39m[32m200[39m [90m3 ms - 14[39m
[35m[HTTP][39m [90m[39m
[35m[HTTP][39m [37m-->[39m [37mPOST[39m [37m/wd/hub/session/02ade3ca-3192-441d-b4ee-1b9acc2c66e4/element/00000000-0000-021f-ffff-ffff00002358/clear[39m
[35m[HTTP][39m [90m{"id":"00000000-0000-021f-ffff-ffff00002358"}[39m
[35m[HTTP][39m [37m<-- POST /wd/hub/session/02ade3ca-3192-441d-b4ee-1b9acc2c66e4/element/00000000-0000-021f-ffff-ffff00002358/clear [39m[32m200[39m [90m65 ms - 14[39m
[35m[HTTP][39m [90m[39m
[35m[HTTP][39m [37m-->[39m [37mPOST[39m [37m/wd/hub/session/02ade3ca-3192-441d-b4ee-1b9acc2c66e4/element/00000000-0000-021f-ffff-ffff00002358/value[39m
[35m[HTTP][39m [90m{"id":"00000000-0000-021f-ffff-ffff00002358","text":"triovita@mailinator.com","value":["t","r","i","o","v","i","t","a","@","m","a","i","l","i","n","a","t","o","r",".","c","o","m"]}[39m
[35m[HTTP][39m [37m<-- POST /wd/hub/session/02ade3ca-3192-441d-b4ee-1b9acc2c66e4/element/00000000-0000-021f-ffff-ffff00002358/value [39m[32m200[39m [90m1015 ms - 14[39m
[35m[HTTP][39m [90m[39m
[35m[HTTP][39m [37m-->[39m [37mPOST[39m [37m/wd/hub/session/02ade3ca-3192-441d-b4ee-1b9acc2c66e4/timeouts[39m
[35m[HTTP][39m [90m{"implicit":50}[39m
[35m[HTTP][39m [37m<-- POST /wd/hub/session/02ade3ca-3192-441d-b4ee-1b9acc2c66e4/timeouts [39m[32m200[39m [90m2 ms - 14[39m
[35m[HTTP][39m [90m[39m
[35m[HTTP][39m [37m-->[39m [37mGET[39m [37m/wd/hub/session/02ade3ca-3192-441d-b4ee-1b9acc2c66e4/window/rect[39m
[35m[HTTP][39m [90m{}[39m
[35m[HTTP][39m [37m<-- GET /wd/hub/session/02ade3ca-3192-441d-b4ee-1b9acc2c66e4/window/rect [39m[32m200[39m [90m30 ms - 50[39m
[35m[HTTP][39m [90m[39m
[35m[HTTP][39m [37m-->[39m [37mPOST[39m [37m/wd/hub/session/02ade3ca-3192-441d-b4ee-1b9acc2c66e4/elements[39m
[35m[HTTP][39m [90m{"using":"xpath","value":"//hierarchy/android.widget.FrameLayout[1]/android.widget.LinearLayout[1]/android.widget.FrameLayout[1]/android.widget.LinearLayout[1]/android.widget.FrameLayout[1]/android.view.ViewGroup[1]/android.widget.ScrollView[1]/android.widget.LinearLayout[1]/android.view.ViewGroup[1]/android.widget.LinearLayout[2]/android.widget.FrameLayout[1]/android.widget.EditText[1]"}[39m
[35m[HTTP][39m [37m<-- POST /wd/hub/session/02ade3ca-3192-441d-b4ee-1b9acc2c66e4/elements [39m[32m200[39m [90m325 ms - 139[39m
[35m[HTTP][39m [90m[39m
[35m[HTTP][39m [37m-->[39m [37mGET[39m [37m/wd/hub/session/02ade3ca-3192-441d-b4ee-1b9acc2c66e4/element/00000000-0000-021f-ffff-ffff0000235c/location[39m
[35m[HTTP][39m [90m{}[39m
[35m[W3C (02ade3ca)][39m Driver proxy active, passing request on via HTTP proxy
[35m[WD Proxy][39m Replacing sessionId 4285d983-618e-4449-b763-34699cd4adf1 with 02ade3ca-3192-441d-b4ee-1b9acc2c66e4
[35m[HTTP][39m [37m<-- GET /wd/hub/session/02ade3ca-3192-441d-b4ee-1b9acc2c66e4/element/00000000-0000-021f-ffff-ffff0000235c/location [39m[32m200[39m [90m35 ms - 78[39m
[35m[HTTP][39m [90m[39m
[35m[HTTP][39m [37m-->[39m [37mPOST[39m [37m/wd/hub/session/02ade3ca-3192-441d-b4ee-1b9acc2c66e4/timeouts[39m
[35m[HTTP][39m [90m{"implicit":30000}[39m
[35m[HTTP][39m [37m<-- POST /wd/hub/session/02ade3ca-3192-441d-b4ee-1b9acc2c66e4/timeouts [39m[32m200[39m [90m3 ms - 14[39m
[35m[HTTP][39m [90m[39m
[35m[HTTP][39m [37m-->[39m [37mPOST[39m [37m/wd/hub/session/02ade3ca-3192-441d-b4ee-1b9acc2c66e4/element/00000000-0000-021f-ffff-ffff0000235c/clear[39m
[35m[HTTP][39m [90m{"id":"00000000-0000-021f-ffff-ffff0000235c"}[39m
[35m[HTTP][39m [37m<-- POST /wd/hub/session/02ade3ca-3192-441d-b4ee-1b9acc2c66e4/element/00000000-0000-021f-ffff-ffff0000235c/clear [39m[32m200[39m [90m33 ms - 14[39m
[35m[HTTP][39m [90m[39m
[35m[HTTP][39m [37m-->[39m [37mPOST[39m [37m/wd/hub/session/02ade3ca-3192-441d-b4ee-1b9acc2c66e4/element/00000000-0000-021f-ffff-ffff0000235c/value[39m
[35m[HTTP][39m [90m{"id":"00000000-0000-021f-ffff-ffff0000235c","text":"123abc","value":["1","2","3","a","b","c"]}[39m
[35m[HTTP][39m [37m<-- POST /wd/hub/session/02ade3ca-3192-441d-b4ee-1b9acc2c66e4/element/00000000-0000-021f-ffff-ffff0000235c/value [39m[32m200[39m [90m1012 ms - 14[39m
[35m[HTTP][39m [90m[39m
[35m[HTTP][39m [37m-->[39m [37mGET[39m [37m/wd/hub/session/02ade3ca-3192-441d-b4ee-1b9acc2c66e4/context[39m
[35m[HTTP][39m [90m{}[39m
[35m[HTTP][39m [37m<-- GET /wd/hub/session/02ade3ca-3192-441d-b4ee-1b9acc2c66e4/context [39m[32m200[39m [90m1 ms - 22[39m
[35m[HTTP][39m [90m[39m
[35m[HTTP][39m [37m-->[39m [37mGET[39m [37m/wd/hub/session/02ade3ca-3192-441d-b4ee-1b9acc2c66e4/contexts[39m
[35m[HTTP][39m [90m{}[39m
[35m[HTTP][39m [37m<-- GET /wd/hub/session/02ade3ca-3192-441d-b4ee-1b9acc2c66e4/contexts [39m[32m200[39m [90m110 ms - 24[39m
[35m[HTTP][39m [90m[39m
[35m[HTTP][39m [37m-->[39m [37mPOST[39m [37m/wd/hub/session/02ade3ca-3192-441d-b4ee-1b9acc2c66e4/context[39m
[35m[HTTP][39m [90m{"name":"NATIVE_APP"}[39m
[35m[HTTP][39m [37m<-- POST /wd/hub/session/02ade3ca-3192-441d-b4ee-1b9acc2c66e4/context [39m[32m200[39m [90m4 ms - 14[39m
[35m[HTTP][39m [90m[39m
[35m[HTTP][39m [37m-->[39m [37mGET[39m [37m/wd/hub/session/02ade3ca-3192-441d-b4ee-1b9acc2c66e4/window/rect[39m
[35m[HTTP][39m [90m{}[39m
[35m[HTTP][39m [37m<-- GET /wd/hub/session/02ade3ca-3192-441d-b4ee-1b9acc2c66e4/window/rect [39m[32m200[39m [90m25 ms - 50[39m
[35m[HTTP][39m [90m[39m
[35m[HTTP][39m [37m-->[39m [37mPOST[39m [37m/wd/hub/session/02ade3ca-3192-441d-b4ee-1b9acc2c66e4/execute/sync[39m
[35m[HTTP][39m [90m{"script":"mobile: viewportScreenshot","args":[]}[39m
[35m[AndroidDriver][39m Executing native command 'mobile: viewportScreenshot'
[35m[HTTP][39m [37m<-- POST /wd/hub/session/02ade3ca-3192-441d-b4ee-1b9acc2c66e4/execute/sync [39m[32m200[39m [90m1331 ms - 155380[39m
[35m[HTTP][39m [90m[39m
[35m[HTTP][39m [37m-->[39m [37mPOST[39m [37m/wd/hub/session/02ade3ca-3192-441d-b4ee-1b9acc2c66e4/context[39m
[35m[HTTP][39m [90m{"name":"NATIVE_APP"}[39m
[35m[HTTP][39m [37m<-- POST /wd/hub/session/02ade3ca-3192-441d-b4ee-1b9acc2c66e4/context [39m[32m200[39m [90m2 ms - 14[39m
[35m[HTTP][39m [90m[39m
[35m[HTTP][39m [37m-->[39m [37mPOST[39m [37m/wd/hub/session/02ade3ca-3192-441d-b4ee-1b9acc2c66e4/timeouts[39m
[35m[HTTP][39m [90m{"implicit":50}[39m
[35m[HTTP][39m [37m<-- POST /wd/hub/session/02ade3ca-3192-441d-b4ee-1b9acc2c66e4/timeouts [39m[32m200[39m [90m1 ms - 14[39m
[35m[HTTP][39m [90m[39m
[35m[HTTP][39m [37m-->[39m [37mGET[39m [37m/wd/hub/session/02ade3ca-3192-441d-b4ee-1b9acc2c66e4/window/rect[39m
[35m[HTTP][39m [90m{}[39m
[35m[HTTP][39m [37m<-- GET /wd/hub/session/02ade3ca-3192-441d-b4ee-1b9acc2c66e4/window/rect [39m[32m200[39m [90m30 ms - 50[39m
[35m[HTTP][39m [90m[39m
[35m[HTTP][39m [37m-->[39m [37mPOST[39m [37m/wd/hub/session/02ade3ca-3192-441d-b4ee-1b9acc2c66e4/elements[39m
[35m[HTTP][39m [90m{"using":"xpath","value":"//hierarchy/android.widget.FrameLayout[1]/android.widget.LinearLayout[1]/android.widget.FrameLayout[1]/android.widget.LinearLayout[1]/android.widget.FrameLayout[1]/android.view.ViewGroup[1]/android.widget.ScrollView[1]/android.widget.LinearLayout[1]/android.view.ViewGroup[1]/android.widget.Button[1]"}[39m
[35m[HTTP][39m [37m<-- POST /wd/hub/session/02ade3ca-3192-441d-b4ee-1b9acc2c66e4/elements [39m[32m200[39m [90m211 ms - 139[39m
[35m[HTTP][39m [90m[39m
[35m[HTTP][39m [37m-->[39m [37mGET[39m [37m/wd/hub/session/02ade3ca-3192-441d-b4ee-1b9acc2c66e4/element/00000000-0000-021f-ffff-ffff0000235f/location[39m
[35m[HTTP][39m [90m{}[39m
[35m[W3C (02ade3ca)][39m Driver proxy active, passing request on via HTTP proxy
[35m[WD Proxy][39m Replacing sessionId 4285d983-618e-4449-b763-34699cd4adf1 with 02ade3ca-3192-441d-b4ee-1b9acc2c66e4
[35m[HTTP][39m [37m<-- GET /wd/hub/session/02ade3ca-3192-441d-b4ee-1b9acc2c66e4/element/00000000-0000-021f-ffff-ffff0000235f/location [39m[32m200[39m [90m36 ms - 78[39m
[35m[HTTP][39m [90m[39m
[35m[HTTP][39m [37m-->[39m [37mPOST[39m [37m/wd/hub/session/02ade3ca-3192-441d-b4ee-1b9acc2c66e4/timeouts[39m
[35m[HTTP][39m [90m{"implicit":30000}[39m
[35m[HTTP][39m [37m<-- POST /wd/hub/session/02ade3ca-3192-441d-b4ee-1b9acc2c66e4/timeouts [39m[32m200[39m [90m5 ms - 14[39m
[35m[HTTP][39m [90m[39m
[35m[HTTP][39m [37m-->[39m [37mPOST[39m [37m/wd/hub/session/02ade3ca-3192-441d-b4ee-1b9acc2c66e4/touch/perform[39m
[35m[HTTP][39m [90m{"actions":[{"action":"tap","options":{"x":1,"y":1,"element":"00000000-0000-021f-ffff-ffff0000235f"}},{"action":"release","options":{}}]}[39m
[35m[UiAutomator2][39m calling get location: 00000000-0000-021f-ffff-ffff0000235f
[35m[HTTP][39m [37m<-- POST /wd/hub/session/02ade3ca-3192-441d-b4ee-1b9acc2c66e4/touch/perform [39m[32m200[39m [90m259 ms - 14[39m
[35m[HTTP][39m [90m[39m
[35m[HTTP][39m [37m-->[39m [37mGET[39m [37m/wd/hub/session/02ade3ca-3192-441d-b4ee-1b9acc2c66e4/window/rect[39m
[35m[HTTP][39m [90m{}[39m
[35m[HTTP][39m [37m<-- GET /wd/hub/session/02ade3ca-3192-441d-b4ee-1b9acc2c66e4/window/rect [39m[32m200[39m [90m28 ms - 50[39m
[35m[HTTP][39m [90m[39m
[35m[HTTP][39m [37m-->[39m [37mPOST[39m [37m/wd/hub/session/02ade3ca-3192-441d-b4ee-1b9acc2c66e4/elements[39m
[35m[HTTP][39m [90m{"using":"xpath","value":"//*[@resource-id = 'com.vq.mbrochuregp.client.android:id/iv_home_profil_icon' and @package = 'com.vq.mbrochuregp.client.android']"}[39m
[35m[HTTP][39m [37m<-- POST /wd/hub/session/02ade3ca-3192-441d-b4ee-1b9acc2c66e4/elements [39m[32m200[39m [90m3575 ms - 139[39m
[35m[HTTP][39m [90m[39m
[35m[HTTP][39m [37m-->[39m [37mGET[39m [37m/wd/hub/session/02ade3ca-3192-441d-b4ee-1b9acc2c66e4/element/00000000-0000-0221-ffff-ffff000023be/location[39m
[35m[HTTP][39m [90m{}[39m
[35m[W3C (02ade3ca)][39m Driver proxy active, passing request on via HTTP proxy
[35m[WD Proxy][39m Replacing sessionId 4285d983-618e-4449-b763-34699cd4adf1 with 02ade3ca-3192-441d-b4ee-1b9acc2c66e4
[35m[HTTP][39m [37m<-- GET /wd/hub/session/02ade3ca-3192-441d-b4ee-1b9acc2c66e4/element/00000000-0000-0221-ffff-ffff000023be/location [39m[32m200[39m [90m178 ms - 79[39m
[35m[HTTP][39m [90m[39m
[35m[HTTP][39m [37m-->[39m [37mPOST[39m [37m/wd/hub/session/02ade3ca-3192-441d-b4ee-1b9acc2c66e4/element/00000000-0000-0221-ffff-ffff000023be/click[39m
[35m[HTTP][39m [90m{"id":"00000000-0000-0221-ffff-ffff000023be"}[39m
[35m[HTTP][39m [37m<-- POST /wd/hub/session/02ade3ca-3192-441d-b4ee-1b9acc2c66e4/element/00000000-0000-0221-ffff-ffff000023be/click [39m[32m200[39m [90m895 ms - 14[39m
[35m[HTTP][39m [90m[39m
[35m[HTTP][39m [37m-->[39m [37mGET[39m [37m/wd/hub/session/02ade3ca-3192-441d-b4ee-1b9acc2c66e4/context[39m
[35m[HTTP][39m [90m{}[39m
[35m[HTTP][39m [37m<-- GET /wd/hub/session/02ade3ca-3192-441d-b4ee-1b9acc2c66e4/context [39m[32m200[39m [90m2 ms - 22[39m
[35m[HTTP][39m [90m[39m
[35m[HTTP][39m [37m-->[39m [37mGET[39m [37m/wd/hub/session/02ade3ca-3192-441d-b4ee-1b9acc2c66e4/contexts[39m
[35m[HTTP][39m [90m{}[39m
[35m[HTTP][39m [37m<-- GET /wd/hub/session/02ade3ca-3192-441d-b4ee-1b9acc2c66e4/contexts [39m[32m200[39m [90m129 ms - 24[39m
[35m[HTTP][39m [90m[39m
[35m[HTTP][39m [37m-->[39m [37mPOST[39m [37m/wd/hub/session/02ade3ca-3192-441d-b4ee-1b9acc2c66e4/context[39m
[35m[HTTP][39m [90m{"name":"NATIVE_APP"}[39m
[35m[HTTP][39m [37m<-- POST /wd/hub/session/02ade3ca-3192-441d-b4ee-1b9acc2c66e4/context [39m[32m200[39m [90m2 ms - 14[39m
[35m[HTTP][39m [90m[39m
[35m[HTTP][39m [37m-->[39m [37mGET[39m [37m/wd/hub/session/02ade3ca-3192-441d-b4ee-1b9acc2c66e4/window/rect[39m
[35m[HTTP][39m [90m{}[39m
[35m[HTTP][39m [37m<-- GET /wd/hub/session/02ade3ca-3192-441d-b4ee-1b9acc2c66e4/window/rect [39m[32m200[39m [90m25 ms - 50[39m
[35m[HTTP][39m [90m[39m
[35m[HTTP][39m [37m-->[39m [37mPOST[39m [37m/wd/hub/session/02ade3ca-3192-441d-b4ee-1b9acc2c66e4/execute/sync[39m
[35m[HTTP][39m [90m{"script":"mobile: viewportScreenshot","args":[]}[39m
[35m[AndroidDriver][39m Executing native command 'mobile: viewportScreenshot'
[35m[HTTP][39m [37m<-- POST /wd/hub/session/02ade3ca-3192-441d-b4ee-1b9acc2c66e4/execute/sync [39m[32m200[39m [90m1184 ms - 262580[39m
[35m[HTTP][39m [90m[39m
[35m[HTTP][39m [37m-->[39m [37mPOST[39m [37m/wd/hub/session/02ade3ca-3192-441d-b4ee-1b9acc2c66e4/context[39m
[35m[HTTP][39m [90m{"name":"NATIVE_APP"}[39m
[35m[HTTP][39m [37m<-- POST /wd/hub/session/02ade3ca-3192-441d-b4ee-1b9acc2c66e4/context [39m[32m200[39m [90m2 ms - 14[39m
[35m[HTTP][39m [90m[39m
[35m[HTTP][39m [37m-->[39m [37mGET[39m [37m/wd/hub/session/02ade3ca-3192-441d-b4ee-1b9acc2c66e4/window/rect[39m
[35m[HTTP][39m [90m{}[39m
[35m[HTTP][39m [37m<-- GET /wd/hub/session/02ade3ca-3192-441d-b4ee-1b9acc2c66e4/window/rect [39m[32m200[39m [90m24 ms - 50[39m
[35m[HTTP][39m [90m[39m
[35m[HTTP][39m [37m-->[39m [37mPOST[39m [37m/wd/hub/session/02ade3ca-3192-441d-b4ee-1b9acc2c66e4/elements[39m
[35m[HTTP][39m [90m{"using":"xpath","value":"//*[@class = 'android.widget.ImageView' and @resource-id = 'com.vq.mbrochuregp.client.android:id/iv_home_icon' and (@text = '' or . = '')]"}[39m
[35m[HTTP][39m [37m<-- POST /wd/hub/session/02ade3ca-3192-441d-b4ee-1b9acc2c66e4/elements [39m[32m200[39m [90m685 ms - 139[39m
[35m[HTTP][39m [90m[39m
[35m[HTTP][39m [37m-->[39m [37mGET[39m [37m/wd/hub/session/02ade3ca-3192-441d-b4ee-1b9acc2c66e4/element/00000000-0000-0223-ffff-ffff0000242d/location[39m
[35m[HTTP][39m [90m{}[39m
[35m[W3C (02ade3ca)][39m Driver proxy active, passing request on via HTTP proxy
[35m[WD Proxy][39m Replacing sessionId 4285d983-618e-4449-b763-34699cd4adf1 with 02ade3ca-3192-441d-b4ee-1b9acc2c66e4
[35m[HTTP][39m [37m<-- GET /wd/hub/session/02ade3ca-3192-441d-b4ee-1b9acc2c66e4/element/00000000-0000-0223-ffff-ffff0000242d/location [39m[32m200[39m [90m68 ms - 78[39m
[35m[HTTP][39m [90m[39m
[35m[HTTP][39m [37m-->[39m [37mPOST[39m [37m/wd/hub/session/02ade3ca-3192-441d-b4ee-1b9acc2c66e4/element/00000000-0000-0223-ffff-ffff0000242d/click[39m
[35m[HTTP][39m [90m{"id":"00000000-0000-0223-ffff-ffff0000242d"}[39m
[35m[HTTP][39m [37m<-- POST /wd/hub/session/02ade3ca-3192-441d-b4ee-1b9acc2c66e4/element/00000000-0000-0223-ffff-ffff0000242d/click [39m[32m200[39m [90m64 ms - 14[39m
[35m[HTTP][39m [90m[39m
[35m[HTTP][39m [37m-->[39m [37mGET[39m [37m/wd/hub/status[39m
[35m[HTTP][39m [90m{}[39m
[35m[HTTP][39m [37m<-- GET /wd/hub/status [39m[32m200[39m [90m1 ms - 68[39m
[35m[HTTP][39m [90m[39m
[35m[HTTP][39m [37m-->[39m [37mPOST[39m [37m/wd/hub/session[39m
[35m[HTTP][39m [90m{"desiredCapabilities":{"appActivity":".Settings","appPackage":"com.android.settings","newCommandTimeout":1800,"platformVersion":"11","automationName":"uiautomator2","autoGrantPermissions":true,"platformName":"Android","udid":"RR8N605F11Y","deviceName":"samsung SM-M315F (Android 11)","platform":"ANDROID","systemPort":8212},"capabilities":{"firstMatch":[{"appium:appActivity":".Settings","appium:appPackage":"com.android.settings","appium:autoGrantPermissions":true,"appium:automationName":"uiautomator2","appium:deviceName":"samsung SM-M315F (Android 11)","appium:newCommandTimeout":1800,"platform":"ANDROID","platformName":"android","appium:platformVersion":"11","appium:systemPort":8212,"appium:udid":"RR8N605F11Y"}]}}[39m
[35m[BaseDriver][39m The following capabilities are not standard capabilities and should have an extension prefix:
[35m[BaseDriver][39m   platform
[35m[BaseDriver][39m   chromedriverPort
[35m[Appium][39m Appium v1.22.2 creating new AndroidUiautomator2Driver (v1.70.1) session
[35m[BaseDriver][39m The following capabilities were provided, but are not recognized by Appium:
[35m[BaseDriver][39m   platform
[35m[BaseDriver][39m Session created with session id: 79d6ced9-dca1-47bf-8f10-298d6ff399d1
[35m[UiAutomator2][39m Starting 'com.android.settings' directly on the device
[35m[ADB][39m Using 'adb.exe' from 'C:\Users\Nia Yusniati\.katalon\tools\android_sdk\platform-tools\adb.exe'
[35m[AndroidDriver][39m Retrieving device list
[35m[AndroidDriver][39m Using device: RR8N605F11Y
[35m[ADB][39m Using 'adb.exe' from 'C:\Users\Nia Yusniati\.katalon\tools\android_sdk\platform-tools\adb.exe'
[35m[ADB][39m Getting device platform version
[35m[UiAutomator2][39m Relaxing hidden api policy
[35m[AndroidDriver][39m No app sent in, not parsing package/activity
[35m[UiAutomator2][39m Server packages are not going to be (re)installed
[35m[ADB][39m Adding packages ["io.appium.settings","io.appium.uiautomator2.server","io.appium.uiautomator2.server.test"] to Doze whitelist
[35m[UiAutomator2][39m Starting UIAutomator2 server 4.27.0
[35m[UiAutomator2][39m Using UIAutomator2 server from 'C:\Users\Nia Yusniati\AppData\Roaming\npm\node_modules\appium\node_modules\appium-uiautomator2-server\apks\appium-uiautomator2-server-v4.27.0.apk' and test from 'C:\Users\Nia Yusniati\AppData\Roaming\npm\node_modules\appium\node_modules\appium-uiautomator2-server\apks\appium-uiautomator2-server-debug-androidTest.apk'
[35m[UiAutomator2][39m Waiting up to 30000ms for UiAutomator2 to be online...
[35m[WD Proxy][39m socket hang up
[35m[WD Proxy][39m socket hang up
[35m[WD Proxy][39m socket hang up
[35m[WD Proxy][39m Determined the downstream protocol as 'W3C'
[35m[AndroidDriver][39m Screen already unlocked, doing nothing
[35m[UiAutomator2][39m Starting 'com.android.settings/.Settings and waiting for 'com.android.settings/.Settings'
[35m[Appium][39m New AndroidUiautomator2Driver session created successfully, session 79d6ced9-dca1-47bf-8f10-298d6ff399d1 added to master session list
[35m[HTTP][39m [37m<-- POST /wd/hub/session [39m[32m200[39m [90m10094 ms - 1158[39m
[35m[HTTP][39m [90m[39m
[35m[HTTP][39m [37m-->[39m [37mGET[39m [37m/wd/hub/session/79d6ced9-dca1-47bf-8f10-298d6ff399d1[39m
[35m[HTTP][39m [90m{}[39m
[35m[HTTP][39m [37m<-- GET /wd/hub/session/79d6ced9-dca1-47bf-8f10-298d6ff399d1 [39m[32m200[39m [90m14 ms - 1112[39m
[35m[HTTP][39m [90m[39m
[35m[HTTP][39m [37m-->[39m [37mGET[39m [37m/wd/hub/session/79d6ced9-dca1-47bf-8f10-298d6ff399d1[39m
[35m[HTTP][39m [90m{}[39m
[35m[HTTP][39m [37m<-- GET /wd/hub/session/79d6ced9-dca1-47bf-8f10-298d6ff399d1 [39m[32m200[39m [90m17 ms - 1112[39m
[35m[HTTP][39m [90m[39m
[35m[HTTP][39m [37m-->[39m [37mGET[39m [37m/wd/hub/status[39m
[35m[HTTP][39m [90m{}[39m
[35m[HTTP][39m [37m<-- GET /wd/hub/status [39m[32m200[39m [90m1 ms - 68[39m
[35m[HTTP][39m [90m[39m
[35m[HTTP][39m [37m-->[39m [37mPOST[39m [37m/wd/hub/session/79d6ced9-dca1-47bf-8f10-298d6ff399d1/timeouts[39m
[35m[HTTP][39m [90m{"implicit":30000}[39m
[35m[HTTP][39m [37m<-- POST /wd/hub/session/79d6ced9-dca1-47bf-8f10-298d6ff399d1/timeouts [39m[32m200[39m [90m2 ms - 14[39m
[35m[HTTP][39m [90m[39m
[35m[HTTP][39m [37m-->[39m [37mGET[39m [37m/wd/hub/session/79d6ced9-dca1-47bf-8f10-298d6ff399d1/screenshot[39m
[35m[HTTP][39m [90m{}[39m
[35m[HTTP][39m [37m<-- GET /wd/hub/session/79d6ced9-dca1-47bf-8f10-298d6ff399d1/screenshot [39m[32m200[39m [90m644 ms - 217740[39m
[35m[HTTP][39m [90m[39m
[35m[HTTP][39m [37m-->[39m [37mGET[39m [37m/wd/hub/session/79d6ced9-dca1-47bf-8f10-298d6ff399d1/window/rect[39m
[35m[HTTP][39m [90m{}[39m
[35m[HTTP][39m [37m<-- GET /wd/hub/session/79d6ced9-dca1-47bf-8f10-298d6ff399d1/window/rect [39m[32m200[39m [90m11 ms - 50[39m
[35m[HTTP][39m [90m[39m
[35m[HTTP][39m [37m-->[39m [37mGET[39m [37m/wd/hub/session/79d6ced9-dca1-47bf-8f10-298d6ff399d1/appium/device/system_bars[39m
[35m[HTTP][39m [90m{}[39m
[35m[HTTP][39m [37m<-- GET /wd/hub/session/79d6ced9-dca1-47bf-8f10-298d6ff399d1/appium/device/system_bars [39m[32m200[39m [90m106 ms - 148[39m
[35m[HTTP][39m [90m[39m
[35m[HTTP][39m [37m-->[39m [37mPOST[39m [37m/wd/hub/session/79d6ced9-dca1-47bf-8f10-298d6ff399d1/appium/device/activate_app[39m
[35m[HTTP][39m [90m{"bundleId":"com.vq.mbrochuregp.client.android"}[39m
[35m[HTTP][39m [37m<-- POST /wd/hub/session/79d6ced9-dca1-47bf-8f10-298d6ff399d1/appium/device/activate_app [39m[32m200[39m [90m569 ms - 14[39m
[35m[HTTP][39m [90m[39m
[35m[HTTP][39m [37m-->[39m [37mGET[39m [37m/wd/hub/session/79d6ced9-dca1-47bf-8f10-298d6ff399d1/context[39m
[35m[HTTP][39m [90m{}[39m
[35m[HTTP][39m [37m<-- GET /wd/hub/session/79d6ced9-dca1-47bf-8f10-298d6ff399d1/context [39m[32m200[39m [90m3 ms - 22[39m
[35m[HTTP][39m [90m[39m
[35m[HTTP][39m [37m-->[39m [37mGET[39m [37m/wd/hub/session/79d6ced9-dca1-47bf-8f10-298d6ff399d1/contexts[39m
[35m[HTTP][39m [90m{}[39m
[35m[HTTP][39m [37m<-- GET /wd/hub/session/79d6ced9-dca1-47bf-8f10-298d6ff399d1/contexts [39m[32m200[39m [90m99 ms - 24[39m
[35m[HTTP][39m [90m[39m
[35m[HTTP][39m [37m-->[39m [37mPOST[39m [37m/wd/hub/session/79d6ced9-dca1-47bf-8f10-298d6ff399d1/context[39m
[35m[HTTP][39m [90m{"name":"NATIVE_APP"}[39m
[35m[HTTP][39m [37m<-- POST /wd/hub/session/79d6ced9-dca1-47bf-8f10-298d6ff399d1/context [39m[32m200[39m [90m2 ms - 14[39m
[35m[HTTP][39m [90m[39m
[35m[HTTP][39m [37m-->[39m [37mPOST[39m [37m/wd/hub/session/79d6ced9-dca1-47bf-8f10-298d6ff399d1/appium/device/press_keycode[39m
[35m[HTTP][39m [90m{"keycode":4}[39m
[35m[HTTP][39m [37m<-- POST /wd/hub/session/79d6ced9-dca1-47bf-8f10-298d6ff399d1/appium/device/press_keycode [39m[32m200[39m [90m1230 ms - 14[39m
[35m[HTTP][39m [90m[39m
[35m[HTTP][39m [37m-->[39m [37mPOST[39m [37m/wd/hub/session/79d6ced9-dca1-47bf-8f10-298d6ff399d1/context[39m
[35m[HTTP][39m [90m{"name":"NATIVE_APP"}[39m
[35m[HTTP][39m [37m<-- POST /wd/hub/session/79d6ced9-dca1-47bf-8f10-298d6ff399d1/context [39m[32m200[39m [90m3 ms - 14[39m
[35m[HTTP][39m [90m[39m
[35m[HTTP][39m [37m-->[39m [37mPOST[39m [37m/wd/hub/session/79d6ced9-dca1-47bf-8f10-298d6ff399d1/timeouts[39m
[35m[HTTP][39m [90m{"implicit":50}[39m
[35m[HTTP][39m [37m<-- POST /wd/hub/session/79d6ced9-dca1-47bf-8f10-298d6ff399d1/timeouts [39m[32m200[39m [90m2 ms - 14[39m
[35m[HTTP][39m [90m[39m
[35m[HTTP][39m [37m-->[39m [37mGET[39m [37m/wd/hub/session/79d6ced9-dca1-47bf-8f10-298d6ff399d1/window/rect[39m
[35m[HTTP][39m [90m{}[39m
[35m[HTTP][39m [37m<-- GET /wd/hub/session/79d6ced9-dca1-47bf-8f10-298d6ff399d1/window/rect [39m[32m200[39m [90m21 ms - 50[39m
[35m[HTTP][39m [90m[39m
[35m[HTTP][39m [37m-->[39m [37mPOST[39m [37m/wd/hub/session/79d6ced9-dca1-47bf-8f10-298d6ff399d1/elements[39m
[35m[HTTP][39m [90m{"using":"xpath","value":"//*[@class = 'android.widget.Button' and (@text = 'TIDAK' or . = 'TIDAK') and @resource-id = 'android:id/button2']"}[39m
[35m[HTTP][39m [37m<-- POST /wd/hub/session/79d6ced9-dca1-47bf-8f10-298d6ff399d1/elements [39m[32m200[39m [90m1964 ms - 139[39m
[35m[HTTP][39m [90m[39m
[35m[HTTP][39m [37m-->[39m [37mGET[39m [37m/wd/hub/session/79d6ced9-dca1-47bf-8f10-298d6ff399d1/element/00000000-0000-0246-ffff-ffff00002510/location[39m
[35m[HTTP][39m [90m{}[39m
[35m[W3C (79d6ced9)][39m Driver proxy active, passing request on via HTTP proxy
[35m[WD Proxy][39m Replacing sessionId 8903ddb6-5394-4bbf-9460-d633d79ae433 with 79d6ced9-dca1-47bf-8f10-298d6ff399d1
[35m[HTTP][39m [37m<-- GET /wd/hub/session/79d6ced9-dca1-47bf-8f10-298d6ff399d1/element/00000000-0000-0246-ffff-ffff00002510/location [39m[32m200[39m [90m40 ms - 79[39m
[35m[HTTP][39m [90m[39m
[35m[HTTP][39m [37m-->[39m [37mPOST[39m [37m/wd/hub/session/79d6ced9-dca1-47bf-8f10-298d6ff399d1/timeouts[39m
[35m[HTTP][39m [90m{"implicit":30000}[39m
[35m[HTTP][39m [37m<-- POST /wd/hub/session/79d6ced9-dca1-47bf-8f10-298d6ff399d1/timeouts [39m[32m200[39m [90m2 ms - 14[39m
[35m[HTTP][39m [90m[39m
[35m[HTTP][39m [37m-->[39m [37mPOST[39m [37m/wd/hub/session/79d6ced9-dca1-47bf-8f10-298d6ff399d1/touch/perform[39m
[35m[HTTP][39m [90m{"actions":[{"action":"tap","options":{"x":1,"y":1,"element":"00000000-0000-0246-ffff-ffff00002510"}},{"action":"release","options":{}}]}[39m
[35m[UiAutomator2][39m calling get location: 00000000-0000-0246-ffff-ffff00002510
[35m[HTTP][39m [37m<-- POST /wd/hub/session/79d6ced9-dca1-47bf-8f10-298d6ff399d1/touch/perform [39m[32m200[39m [90m268 ms - 14[39m
[35m[HTTP][39m [90m[39m
[35m[HTTP][39m [37m-->[39m [37mPOST[39m [37m/wd/hub/session/79d6ced9-dca1-47bf-8f10-298d6ff399d1/timeouts[39m
[35m[HTTP][39m [90m{"implicit":50}[39m
[35m[HTTP][39m [37m<-- POST /wd/hub/session/79d6ced9-dca1-47bf-8f10-298d6ff399d1/timeouts [39m[32m200[39m [90m3 ms - 14[39m
[35m[HTTP][39m [90m[39m
[35m[HTTP][39m [37m-->[39m [37mGET[39m [37m/wd/hub/session/79d6ced9-dca1-47bf-8f10-298d6ff399d1/window/rect[39m
[35m[HTTP][39m [90m{}[39m
[35m[HTTP][39m [37m<-- GET /wd/hub/session/79d6ced9-dca1-47bf-8f10-298d6ff399d1/window/rect [39m[32m200[39m [90m30 ms - 50[39m
[35m[HTTP][39m [90m[39m
[35m[HTTP][39m [37m-->[39m [37mPOST[39m [37m/wd/hub/session/79d6ced9-dca1-47bf-8f10-298d6ff399d1/elements[39m
[35m[HTTP][39m [90m{"using":"xpath","value":"//hierarchy/android.widget.FrameLayout[1]/android.widget.LinearLayout[1]/android.widget.FrameLayout[1]/android.widget.LinearLayout[1]/android.widget.FrameLayout[1]/android.view.ViewGroup[1]/android.widget.ScrollView[1]/android.widget.LinearLayout[1]/android.view.ViewGroup[2]/android.widget.LinearLayout[1]/androidx.recyclerview.widget.RecyclerView[1]/android.widget.LinearLayout[8]/android.widget.ImageView[1]"}[39m
[35m[HTTP][39m [37m<-- POST /wd/hub/session/79d6ced9-dca1-47bf-8f10-298d6ff399d1/elements [39m[32m200[39m [90m741 ms - 139[39m
[35m[HTTP][39m [90m[39m
[35m[HTTP][39m [37m-->[39m [37mGET[39m [37m/wd/hub/session/79d6ced9-dca1-47bf-8f10-298d6ff399d1/element/00000000-0000-022f-ffff-ffff000024bc/location[39m
[35m[HTTP][39m [90m{}[39m
[35m[W3C (79d6ced9)][39m Driver proxy active, passing request on via HTTP proxy
[35m[WD Proxy][39m Replacing sessionId 8903ddb6-5394-4bbf-9460-d633d79ae433 with 79d6ced9-dca1-47bf-8f10-298d6ff399d1
[35m[HTTP][39m [37m<-- GET /wd/hub/session/79d6ced9-dca1-47bf-8f10-298d6ff399d1/element/00000000-0000-022f-ffff-ffff000024bc/location [39m[32m200[39m [90m1543 ms - 79[39m
[35m[HTTP][39m [90m[39m
[35m[HTTP][39m [37m-->[39m [37mPOST[39m [37m/wd/hub/session/79d6ced9-dca1-47bf-8f10-298d6ff399d1/timeouts[39m
[35m[HTTP][39m [90m{"implicit":30000}[39m
[35m[HTTP][39m [37m<-- POST /wd/hub/session/79d6ced9-dca1-47bf-8f10-298d6ff399d1/timeouts [39m[32m200[39m [90m1 ms - 14[39m
[35m[HTTP][39m [90m[39m
[35m[HTTP][39m [37m-->[39m [37mPOST[39m [37m/wd/hub/session/79d6ced9-dca1-47bf-8f10-298d6ff399d1/touch/perform[39m
[35m[HTTP][39m [90m{"actions":[{"action":"tap","options":{"x":1,"y":1,"element":"00000000-0000-022f-ffff-ffff000024bc"}},{"action":"release","options":{}}]}[39m
[35m[UiAutomator2][39m calling get location: 00000000-0000-022f-ffff-ffff000024bc
[35m[HTTP][39m [37m<-- POST /wd/hub/session/79d6ced9-dca1-47bf-8f10-298d6ff399d1/touch/perform [39m[32m200[39m [90m196 ms - 14[39m
[35m[HTTP][39m [90m[39m
[35m[HTTP][39m [37m-->[39m [37mPOST[39m [37m/wd/hub/session/79d6ced9-dca1-47bf-8f10-298d6ff399d1/timeouts[39m
[35m[HTTP][39m [90m{"implicit":50}[39m
[35m[HTTP][39m [37m<-- POST /wd/hub/session/79d6ced9-dca1-47bf-8f10-298d6ff399d1/timeouts [39m[32m200[39m [90m2 ms - 14[39m
[35m[HTTP][39m [90m[39m
[35m[HTTP][39m [37m-->[39m [37mGET[39m [37m/wd/hub/session/79d6ced9-dca1-47bf-8f10-298d6ff399d1/window/rect[39m
[35m[HTTP][39m [90m{}[39m
[35m[HTTP][39m [37m<-- GET /wd/hub/session/79d6ced9-dca1-47bf-8f10-298d6ff399d1/window/rect [39m[32m200[39m [90m33 ms - 50[39m
[35m[HTTP][39m [90m[39m
[35m[HTTP][39m [37m-->[39m [37mPOST[39m [37m/wd/hub/session/79d6ced9-dca1-47bf-8f10-298d6ff399d1/elements[39m
[35m[HTTP][39m [90m{"using":"xpath","value":"//hierarchy/android.widget.FrameLayout[1]/android.widget.LinearLayout[1]/android.widget.FrameLayout[1]/android.widget.LinearLayout[1]/android.widget.FrameLayout[1]/android.view.ViewGroup[1]/android.widget.ScrollView[1]/android.widget.LinearLayout[1]/android.widget.LinearLayout[1]/androidx.recyclerview.widget.RecyclerView[1]/android.widget.LinearLayout[2]/android.widget.ImageView[1]"}[39m
[35m[HTTP][39m [37m<-- POST /wd/hub/session/79d6ced9-dca1-47bf-8f10-298d6ff399d1/elements [39m[32m200[39m [90m892 ms - 139[39m
[35m[HTTP][39m [90m[39m
[35m[HTTP][39m [37m-->[39m [37mGET[39m [37m/wd/hub/session/79d6ced9-dca1-47bf-8f10-298d6ff399d1/element/00000000-0000-0247-ffff-ffff00002541/location[39m
[35m[HTTP][39m [90m{}[39m
[35m[W3C (79d6ced9)][39m Driver proxy active, passing request on via HTTP proxy
[35m[WD Proxy][39m Replacing sessionId 8903ddb6-5394-4bbf-9460-d633d79ae433 with 79d6ced9-dca1-47bf-8f10-298d6ff399d1
[35m[HTTP][39m [37m<-- GET /wd/hub/session/79d6ced9-dca1-47bf-8f10-298d6ff399d1/element/00000000-0000-0247-ffff-ffff00002541/location [39m[32m200[39m [90m47 ms - 78[39m
[35m[HTTP][39m [90m[39m
[35m[HTTP][39m [37m-->[39m [37mPOST[39m [37m/wd/hub/session/79d6ced9-dca1-47bf-8f10-298d6ff399d1/timeouts[39m
[35m[HTTP][39m [90m{"implicit":30000}[39m
[35m[HTTP][39m [37m<-- POST /wd/hub/session/79d6ced9-dca1-47bf-8f10-298d6ff399d1/timeouts [39m[32m200[39m [90m3 ms - 14[39m
[35m[HTTP][39m [90m[39m
[35m[HTTP][39m [37m-->[39m [37mPOST[39m [37m/wd/hub/session/79d6ced9-dca1-47bf-8f10-298d6ff399d1/touch/perform[39m
[35m[HTTP][39m [90m{"actions":[{"action":"tap","options":{"x":1,"y":1,"element":"00000000-0000-0247-ffff-ffff00002541"}},{"action":"release","options":{}}]}[39m
[35m[UiAutomator2][39m calling get location: 00000000-0000-0247-ffff-ffff00002541
[35m[HTTP][39m [37m<-- POST /wd/hub/session/79d6ced9-dca1-47bf-8f10-298d6ff399d1/touch/perform [39m[32m200[39m [90m233 ms - 14[39m
[35m[HTTP][39m [90m[39m
[35m[HTTP][39m [37m-->[39m [37mPOST[39m [37m/wd/hub/session/79d6ced9-dca1-47bf-8f10-298d6ff399d1/timeouts[39m
[35m[HTTP][39m [90m{"implicit":50}[39m
[35m[HTTP][39m [37m<-- POST /wd/hub/session/79d6ced9-dca1-47bf-8f10-298d6ff399d1/timeouts [39m[32m200[39m [90m1 ms - 14[39m
[35m[HTTP][39m [90m[39m
[35m[HTTP][39m [37m-->[39m [37mGET[39m [37m/wd/hub/session/79d6ced9-dca1-47bf-8f10-298d6ff399d1/window/rect[39m
[35m[HTTP][39m [90m{}[39m
[35m[HTTP][39m [37m<-- GET /wd/hub/session/79d6ced9-dca1-47bf-8f10-298d6ff399d1/window/rect [39m[32m200[39m [90m20 ms - 50[39m
[35m[HTTP][39m [90m[39m
[35m[HTTP][39m [37m-->[39m [37mPOST[39m [37m/wd/hub/session/79d6ced9-dca1-47bf-8f10-298d6ff399d1/elements[39m
[35m[HTTP][39m [90m{"using":"xpath","value":"//hierarchy/android.widget.FrameLayout[1]/android.widget.LinearLayout[1]/android.widget.FrameLayout[1]/android.widget.LinearLayout[1]/android.widget.FrameLayout[1]/android.view.ViewGroup[1]/androidx.viewpager.widget.ViewPager[1]/android.widget.FrameLayout[1]/android.view.ViewGroup[1]/androidx.recyclerview.widget.RecyclerView[1]/android.widget.LinearLayout[1]/android.widget.RelativeLayout[1]"}[39m
[35m[HTTP][39m [37m<-- POST /wd/hub/session/79d6ced9-dca1-47bf-8f10-298d6ff399d1/elements [39m[32m200[39m [90m273 ms - 139[39m
[35m[HTTP][39m [90m[39m
[35m[HTTP][39m [37m-->[39m [37mGET[39m [37m/wd/hub/session/79d6ced9-dca1-47bf-8f10-298d6ff399d1/element/00000000-0000-0248-ffff-ffff0000258f/location[39m
[35m[HTTP][39m [90m{}[39m
[35m[W3C (79d6ced9)][39m Driver proxy active, passing request on via HTTP proxy
[35m[WD Proxy][39m Replacing sessionId 8903ddb6-5394-4bbf-9460-d633d79ae433 with 79d6ced9-dca1-47bf-8f10-298d6ff399d1
[35m[HTTP][39m [37m<-- GET /wd/hub/session/79d6ced9-dca1-47bf-8f10-298d6ff399d1/element/00000000-0000-0248-ffff-ffff0000258f/location [39m[32m200[39m [90m37 ms - 77[39m
[35m[HTTP][39m [90m[39m
[35m[HTTP][39m [37m-->[39m [37mPOST[39m [37m/wd/hub/session/79d6ced9-dca1-47bf-8f10-298d6ff399d1/timeouts[39m
[35m[HTTP][39m [90m{"implicit":30000}[39m
[35m[HTTP][39m [37m<-- POST /wd/hub/session/79d6ced9-dca1-47bf-8f10-298d6ff399d1/timeouts [39m[32m200[39m [90m1 ms - 14[39m
[35m[HTTP][39m [90m[39m
[35m[HTTP][39m [37m-->[39m [37mPOST[39m [37m/wd/hub/session/79d6ced9-dca1-47bf-8f10-298d6ff399d1/touch/perform[39m
[35m[HTTP][39m [90m{"actions":[{"action":"tap","options":{"x":1,"y":1,"element":"00000000-0000-0248-ffff-ffff0000258f"}},{"action":"release","options":{}}]}[39m
[35m[UiAutomator2][39m calling get location: 00000000-0000-0248-ffff-ffff0000258f
[35m[HTTP][39m [37m<-- POST /wd/hub/session/79d6ced9-dca1-47bf-8f10-298d6ff399d1/touch/perform [39m[32m200[39m [90m182 ms - 14[39m
[35m[HTTP][39m [90m[39m
[35m[HTTP][39m [37m-->[39m [37mGET[39m [37m/wd/hub/session/79d6ced9-dca1-47bf-8f10-298d6ff399d1/context[39m
[35m[HTTP][39m [90m{}[39m
[35m[HTTP][39m [37m<-- GET /wd/hub/session/79d6ced9-dca1-47bf-8f10-298d6ff399d1/context [39m[32m200[39m [90m3 ms - 22[39m
[35m[HTTP][39m [90m[39m
[35m[HTTP][39m [37m-->[39m [37mGET[39m [37m/wd/hub/session/79d6ced9-dca1-47bf-8f10-298d6ff399d1/contexts[39m
[35m[HTTP][39m [90m{}[39m
[35m[HTTP][39m [37m<-- GET /wd/hub/session/79d6ced9-dca1-47bf-8f10-298d6ff399d1/contexts [39m[32m200[39m [90m115 ms - 24[39m
[35m[HTTP][39m [90m[39m
[35m[HTTP][39m [37m-->[39m [37mPOST[39m [37m/wd/hub/session/79d6ced9-dca1-47bf-8f10-298d6ff399d1/context[39m
[35m[HTTP][39m [90m{"name":"NATIVE_APP"}[39m
[35m[HTTP][39m [37m<-- POST /wd/hub/session/79d6ced9-dca1-47bf-8f10-298d6ff399d1/context [39m[32m200[39m [90m3 ms - 14[39m
[35m[HTTP][39m [90m[39m
[35m[HTTP][39m [37m-->[39m [37mGET[39m [37m/wd/hub/session/79d6ced9-dca1-47bf-8f10-298d6ff399d1/window/rect[39m
[35m[HTTP][39m [90m{}[39m
[35m[HTTP][39m [37m<-- GET /wd/hub/session/79d6ced9-dca1-47bf-8f10-298d6ff399d1/window/rect [39m[32m200[39m [90m38 ms - 50[39m
[35m[HTTP][39m [90m[39m
[35m[HTTP][39m [37m-->[39m [37mPOST[39m [37m/wd/hub/session/79d6ced9-dca1-47bf-8f10-298d6ff399d1/execute/sync[39m
[35m[HTTP][39m [90m{"script":"mobile: viewportScreenshot","args":[]}[39m
[35m[AndroidDriver][39m Executing native command 'mobile: viewportScreenshot'
[35m[HTTP][39m [37m<-- POST /wd/hub/session/79d6ced9-dca1-47bf-8f10-298d6ff399d1/execute/sync [39m[32m200[39m [90m1532 ms - 192400[39m
[35m[HTTP][39m [90m[39m
[35m[HTTP][39m [37m-->[39m [37mPOST[39m [37m/wd/hub/session/79d6ced9-dca1-47bf-8f10-298d6ff399d1/context[39m
[35m[HTTP][39m [90m{"name":"NATIVE_APP"}[39m
[35m[HTTP][39m [37m<-- POST /wd/hub/session/79d6ced9-dca1-47bf-8f10-298d6ff399d1/context [39m[32m200[39m [90m1 ms - 14[39m
[35m[HTTP][39m [90m[39m
[35m[HTTP][39m [37m-->[39m [37mPOST[39m [37m/wd/hub/session/79d6ced9-dca1-47bf-8f10-298d6ff399d1/timeouts[39m
[35m[HTTP][39m [90m{"implicit":50}[39m
[35m[HTTP][39m [37m<-- POST /wd/hub/session/79d6ced9-dca1-47bf-8f10-298d6ff399d1/timeouts [39m[32m200[39m [90m1 ms - 14[39m
[35m[HTTP][39m [90m[39m
[35m[HTTP][39m [37m-->[39m [37mGET[39m [37m/wd/hub/session/79d6ced9-dca1-47bf-8f10-298d6ff399d1/window/rect[39m
[35m[HTTP][39m [90m{}[39m
[35m[HTTP][39m [37m<-- GET /wd/hub/session/79d6ced9-dca1-47bf-8f10-298d6ff399d1/window/rect [39m[32m200[39m [90m31 ms - 50[39m
[35m[HTTP][39m [90m[39m
[35m[HTTP][39m [37m-->[39m [37mPOST[39m [37m/wd/hub/session/79d6ced9-dca1-47bf-8f10-298d6ff399d1/elements[39m
[35m[HTTP][39m [90m{"using":"xpath","value":"//hierarchy/android.widget.FrameLayout[1]/android.widget.LinearLayout[1]/android.widget.FrameLayout[1]/android.widget.LinearLayout[1]/android.widget.FrameLayout[1]/android.view.ViewGroup[1]/android.widget.ScrollView[1]/android.view.ViewGroup[1]/android.widget.LinearLayout[2]/androidx.recyclerview.widget.RecyclerView[1]/android.widget.LinearLayout[4]/android.widget.RelativeLayout[1]/android.widget.LinearLayout[1]/android.widget.CheckBox[1]"}[39m
[35m[HTTP][39m [37m<-- POST /wd/hub/session/79d6ced9-dca1-47bf-8f10-298d6ff399d1/elements [39m[32m200[39m [90m341 ms - 139[39m
[35m[HTTP][39m [90m[39m
[35m[HTTP][39m [37m-->[39m [37mGET[39m [37m/wd/hub/session/79d6ced9-dca1-47bf-8f10-298d6ff399d1/element/00000000-0000-0249-ffff-ffff000025f7/location[39m
[35m[HTTP][39m [90m{}[39m
[35m[W3C (79d6ced9)][39m Driver proxy active, passing request on via HTTP proxy
[35m[WD Proxy][39m Replacing sessionId 8903ddb6-5394-4bbf-9460-d633d79ae433 with 79d6ced9-dca1-47bf-8f10-298d6ff399d1
[35m[HTTP][39m [37m<-- GET /wd/hub/session/79d6ced9-dca1-47bf-8f10-298d6ff399d1/element/00000000-0000-0249-ffff-ffff000025f7/location [39m[32m200[39m [90m35 ms - 78[39m
[35m[HTTP][39m [90m[39m
[35m[HTTP][39m [37m-->[39m [37mPOST[39m [37m/wd/hub/session/79d6ced9-dca1-47bf-8f10-298d6ff399d1/timeouts[39m
[35m[HTTP][39m [90m{"implicit":30000}[39m
[35m[HTTP][39m [37m<-- POST /wd/hub/session/79d6ced9-dca1-47bf-8f10-298d6ff399d1/timeouts [39m[32m200[39m [90m2 ms - 14[39m
[35m[HTTP][39m [90m[39m
[35m[HTTP][39m [37m-->[39m [37mPOST[39m [37m/wd/hub/session/79d6ced9-dca1-47bf-8f10-298d6ff399d1/touch/perform[39m
[35m[HTTP][39m [90m{"actions":[{"action":"tap","options":{"x":1,"y":1,"element":"00000000-0000-0249-ffff-ffff000025f7"}},{"action":"release","options":{}}]}[39m
[35m[UiAutomator2][39m calling get location: 00000000-0000-0249-ffff-ffff000025f7
[35m[HTTP][39m [37m<-- POST /wd/hub/session/79d6ced9-dca1-47bf-8f10-298d6ff399d1/touch/perform [39m[32m200[39m [90m239 ms - 14[39m
[35m[HTTP][39m [90m[39m
[35m[HTTP][39m [37m-->[39m [37mGET[39m [37m/wd/hub/session/79d6ced9-dca1-47bf-8f10-298d6ff399d1/context[39m
[35m[HTTP][39m [90m{}[39m
[35m[HTTP][39m [37m<-- GET /wd/hub/session/79d6ced9-dca1-47bf-8f10-298d6ff399d1/context [39m[32m200[39m [90m5 ms - 22[39m
[35m[HTTP][39m [90m[39m
[35m[HTTP][39m [37m-->[39m [37mGET[39m [37m/wd/hub/session/79d6ced9-dca1-47bf-8f10-298d6ff399d1/contexts[39m
[35m[HTTP][39m [90m{}[39m
[35m[HTTP][39m [37m<-- GET /wd/hub/session/79d6ced9-dca1-47bf-8f10-298d6ff399d1/contexts [39m[32m200[39m [90m136 ms - 24[39m
[35m[HTTP][39m [90m[39m
[35m[HTTP][39m [37m-->[39m [37mPOST[39m [37m/wd/hub/session/79d6ced9-dca1-47bf-8f10-298d6ff399d1/context[39m
[35m[HTTP][39m [90m{"name":"NATIVE_APP"}[39m
[35m[HTTP][39m [37m<-- POST /wd/hub/session/79d6ced9-dca1-47bf-8f10-298d6ff399d1/context [39m[32m200[39m [90m2 ms - 14[39m
[35m[HTTP][39m [90m[39m
[35m[HTTP][39m [37m-->[39m [37mGET[39m [37m/wd/hub/session/79d6ced9-dca1-47bf-8f10-298d6ff399d1/window/rect[39m
[35m[HTTP][39m [90m{}[39m
[35m[HTTP][39m [37m<-- GET /wd/hub/session/79d6ced9-dca1-47bf-8f10-298d6ff399d1/window/rect [39m[32m200[39m [90m24 ms - 50[39m
[35m[HTTP][39m [90m[39m
[35m[HTTP][39m [37m-->[39m [37mPOST[39m [37m/wd/hub/session/79d6ced9-dca1-47bf-8f10-298d6ff399d1/execute/sync[39m
[35m[HTTP][39m [90m{"script":"mobile: viewportScreenshot","args":[]}[39m
[35m[AndroidDriver][39m Executing native command 'mobile: viewportScreenshot'
[35m[HTTP][39m [37m<-- POST /wd/hub/session/79d6ced9-dca1-47bf-8f10-298d6ff399d1/execute/sync [39m[32m200[39m [90m1318 ms - 188572[39m
[35m[HTTP][39m [90m[39m
[35m[HTTP][39m [37m-->[39m [37mPOST[39m [37m/wd/hub/session/79d6ced9-dca1-47bf-8f10-298d6ff399d1/context[39m
[35m[HTTP][39m [90m{"name":"NATIVE_APP"}[39m
[35m[HTTP][39m [37m<-- POST /wd/hub/session/79d6ced9-dca1-47bf-8f10-298d6ff399d1/context [39m[32m200[39m [90m1 ms - 14[39m
[35m[HTTP][39m [90m[39m
[35m[HTTP][39m [37m-->[39m [37mGET[39m [37m/wd/hub/session/79d6ced9-dca1-47bf-8f10-298d6ff399d1/window/rect[39m
[35m[HTTP][39m [90m{}[39m
[35m[HTTP][39m [37m<-- GET /wd/hub/session/79d6ced9-dca1-47bf-8f10-298d6ff399d1/window/rect [39m[32m200[39m [90m32 ms - 50[39m
[35m[HTTP][39m [90m[39m
[35m[HTTP][39m [37m-->[39m [37mPOST[39m [37m/wd/hub/session/79d6ced9-dca1-47bf-8f10-298d6ff399d1/elements[39m
[35m[HTTP][39m [90m{"using":"xpath","value":"//*[@class = 'android.widget.Button' and (@text = 'Lanjutkan >' or . = 'Lanjutkan >') and @resource-id = 'com.vq.mbrochuregp.client.android:id/btn_upgrade_asuransi_list_detail_next']"}[39m
[35m[HTTP][39m [37m<-- POST /wd/hub/session/79d6ced9-dca1-47bf-8f10-298d6ff399d1/elements [39m[32m200[39m [90m1071 ms - 139[39m
[35m[HTTP][39m [90m[39m
[35m[HTTP][39m [37m-->[39m [37mGET[39m [37m/wd/hub/session/79d6ced9-dca1-47bf-8f10-298d6ff399d1/element/00000000-0000-0249-ffff-ffff000025cc/location[39m
[35m[HTTP][39m [90m{}[39m
[35m[W3C (79d6ced9)][39m Driver proxy active, passing request on via HTTP proxy
[35m[WD Proxy][39m Replacing sessionId 8903ddb6-5394-4bbf-9460-d633d79ae433 with 79d6ced9-dca1-47bf-8f10-298d6ff399d1
[35m[HTTP][39m [37m<-- GET /wd/hub/session/79d6ced9-dca1-47bf-8f10-298d6ff399d1/element/00000000-0000-0249-ffff-ffff000025cc/location [39m[32m200[39m [90m33 ms - 78[39m
[35m[HTTP][39m [90m[39m
[35m[HTTP][39m [37m-->[39m [37mPOST[39m [37m/wd/hub/session/79d6ced9-dca1-47bf-8f10-298d6ff399d1/element/00000000-0000-0249-ffff-ffff000025cc/click[39m
[35m[HTTP][39m [90m{"id":"00000000-0000-0249-ffff-ffff000025cc"}[39m
[35m[HTTP][39m [37m<-- POST /wd/hub/session/79d6ced9-dca1-47bf-8f10-298d6ff399d1/element/00000000-0000-0249-ffff-ffff000025cc/click [39m[32m200[39m [90m64 ms - 14[39m
[35m[HTTP][39m [90m[39m
