[35m[Appium][39m Welcome to Appium v1.22.2
[35m[Appium][39m Non-default server args:
[35m[Appium][39m   port: 54849
[35m[Appium][39m   loglevel: info
[35m[Appium][39m   tmpDir: C:\Users\NIAYUS~1\AppData\Local\Temp\\Katalon\Appium\Temp1656398233246
[35m[Appium][39m   chromedriverPort: 54850
[35m[Appium][39m Deprecated server args:
[35m[Appium][39m   [31m--chromedriver-port[39m => --default-capabilities
[35m[Appium][39m Default capabilities, which will be added to each request unless overridden by desired capabilities:
[35m[Appium][39m   chromedriverPort: 54850
[35m[Appium][39m Appium REST http interface listener started on 0.0.0.0:54849
[35m[HTTP][39m [37m-->[39m [37mGET[39m [37m/wd/hub/status[39m
[35m[HTTP][39m [90m{}[39m
[35m[HTTP][39m [37m<-- GET /wd/hub/status [39m[32m200[39m [90m16 ms - 68[39m
[35m[HTTP][39m [90m[39m
[35m[HTTP][39m [37m-->[39m [37mPOST[39m [37m/wd/hub/session[39m
[35m[HTTP][39m [90m{"desiredCapabilities":{"appActivity":".Settings","appPackage":"com.android.settings","newCommandTimeout":1800,"platformVersion":"11","automationName":"uiautomator2","autoGrantPermissions":true,"platformName":"Android","udid":"RR8N605F11Y","deviceName":"samsung SM-M315F (Android 11)","platform":"ANDROID","systemPort":8220},"capabilities":{"firstMatch":[{"appium:appActivity":".Settings","appium:appPackage":"com.android.settings","appium:autoGrantPermissions":true,"appium:automationName":"uiautomator2","appium:deviceName":"samsung SM-M315F (Android 11)","appium:newCommandTimeout":1800,"platform":"ANDROID","platformName":"android","appium:platformVersion":"11","appium:systemPort":8220,"appium:udid":"RR8N605F11Y"}]}}[39m
[35m[BaseDriver][39m The following capabilities are not standard capabilities and should have an extension prefix:
[35m[BaseDriver][39m   platform
[35m[BaseDriver][39m   chromedriverPort
[35m[Appium][39m Appium v1.22.2 creating new AndroidUiautomator2Driver (v1.70.1) session
[35m[BaseDriver][39m The following capabilities were provided, but are not recognized by Appium:
[35m[BaseDriver][39m   platform
[35m[BaseDriver][39m Session created with session id: df50e944-a3fa-4f0c-a073-2ef0336e6111
[35m[UiAutomator2][39m Starting 'com.android.settings' directly on the device
[35m[ADB][39m Cannot sort build-tools folders ["29.0.3","android-8.1.0"] by semantic version names.
[35m[ADB][39m Falling back to sorting by modification date. Original error: Invalid Version: android-8.1.0
[35m[ADB][39m Found 2 'build-tools' folders under 'C:\Users\Nia Yusniati\.katalon\tools\android_sdk' (newest first):
[35m[ADB][39m     C:/Users/Nia Yusniati/.katalon/tools/android_sdk/build-tools/29.0.3
[35m[ADB][39m     C:/Users/Nia Yusniati/.katalon/tools/android_sdk/build-tools/android-8.1.0
[35m[ADB][39m Using 'adb.exe' from 'C:\Users\Nia Yusniati\.katalon\tools\android_sdk\platform-tools\adb.exe'
[35m[AndroidDriver][39m Retrieving device list
[35m[AndroidDriver][39m Using device: RR8N605F11Y
[35m[ADB][39m Using 'adb.exe' from 'C:\Users\Nia Yusniati\.katalon\tools\android_sdk\platform-tools\adb.exe'
[35m[ADB][39m Getting device platform version
[35m[UiAutomator2][39m Relaxing hidden api policy
[35m[AndroidDriver][39m No app sent in, not parsing package/activity
[35m[ADB][39m Using 'apksigner.jar' from 'C:\Users\Nia Yusniati\.katalon\tools\android_sdk\build-tools\29.0.3\lib\apksigner.jar'
[35m[ADB][39m 'C:\Users\Nia Yusniati\AppData\Roaming\npm\node_modules\appium\node_modules\appium-uiautomator2-server\apks\appium-uiautomator2-server-v4.27.0.apk' is signed with the default certificate
[35m[ADB][39m 'C:\Users\Nia Yusniati\AppData\Roaming\npm\node_modules\appium\node_modules\appium-uiautomator2-server\apks\appium-uiautomator2-server-debug-androidTest.apk' is signed with the default certificate
[35m[UiAutomator2][39m Server packages are not going to be (re)installed
[35m[ADB][39m Adding packages ["io.appium.settings","io.appium.uiautomator2.server","io.appium.uiautomator2.server.test"] to Doze whitelist
[35m[UiAutomator2][39m Starting UIAutomator2 server 4.27.0
[35m[UiAutomator2][39m Using UIAutomator2 server from 'C:\Users\Nia Yusniati\AppData\Roaming\npm\node_modules\appium\node_modules\appium-uiautomator2-server\apks\appium-uiautomator2-server-v4.27.0.apk' and test from 'C:\Users\Nia Yusniati\AppData\Roaming\npm\node_modules\appium\node_modules\appium-uiautomator2-server\apks\appium-uiautomator2-server-debug-androidTest.apk'
[35m[UiAutomator2][39m Waiting up to 30000ms for UiAutomator2 to be online...
[35m[WD Proxy][39m socket hang up
[35m[WD Proxy][39m socket hang up
[35m[WD Proxy][39m socket hang up
[35m[WD Proxy][39m Determined the downstream protocol as 'W3C'
[35m[AndroidDriver][39m Screen already unlocked, doing nothing
[35m[UiAutomator2][39m Starting 'com.android.settings/.Settings and waiting for 'com.android.settings/.Settings'
[35m[Appium][39m New AndroidUiautomator2Driver session created successfully, session df50e944-a3fa-4f0c-a073-2ef0336e6111 added to master session list
[35m[HTTP][39m [37m<-- POST /wd/hub/session [39m[32m200[39m [90m10738 ms - 1158[39m
[35m[HTTP][39m [90m[39m
[35m[HTTP][39m [37m-->[39m [37mGET[39m [37m/wd/hub/session/df50e944-a3fa-4f0c-a073-2ef0336e6111[39m
[35m[HTTP][39m [90m{}[39m
[35m[HTTP][39m [37m<-- GET /wd/hub/session/df50e944-a3fa-4f0c-a073-2ef0336e6111 [39m[32m200[39m [90m13 ms - 1112[39m
[35m[HTTP][39m [90m[39m
[35m[HTTP][39m [37m-->[39m [37mGET[39m [37m/wd/hub/session/df50e944-a3fa-4f0c-a073-2ef0336e6111[39m
[35m[HTTP][39m [90m{}[39m
[35m[HTTP][39m [37m<-- GET /wd/hub/session/df50e944-a3fa-4f0c-a073-2ef0336e6111 [39m[32m200[39m [90m11 ms - 1112[39m
[35m[HTTP][39m [90m[39m
[35m[HTTP][39m [37m-->[39m [37mGET[39m [37m/wd/hub/status[39m
[35m[HTTP][39m [90m{}[39m
[35m[HTTP][39m [37m<-- GET /wd/hub/status [39m[32m200[39m [90m1 ms - 68[39m
[35m[HTTP][39m [90m[39m
[35m[HTTP][39m [37m-->[39m [37mPOST[39m [37m/wd/hub/session/df50e944-a3fa-4f0c-a073-2ef0336e6111/timeouts[39m
[35m[HTTP][39m [90m{"implicit":30000}[39m
[35m[HTTP][39m [37m<-- POST /wd/hub/session/df50e944-a3fa-4f0c-a073-2ef0336e6111/timeouts [39m[32m200[39m [90m3 ms - 14[39m
[35m[HTTP][39m [90m[39m
[35m[HTTP][39m [37m-->[39m [37mGET[39m [37m/wd/hub/session/df50e944-a3fa-4f0c-a073-2ef0336e6111/screenshot[39m
[35m[HTTP][39m [90m{}[39m
[35m[HTTP][39m [37m<-- GET /wd/hub/session/df50e944-a3fa-4f0c-a073-2ef0336e6111/screenshot [39m[32m200[39m [90m527 ms - 219788[39m
[35m[HTTP][39m [90m[39m
[35m[HTTP][39m [37m-->[39m [37mGET[39m [37m/wd/hub/session/df50e944-a3fa-4f0c-a073-2ef0336e6111/window/rect[39m
[35m[HTTP][39m [90m{}[39m
[35m[HTTP][39m [37m<-- GET /wd/hub/session/df50e944-a3fa-4f0c-a073-2ef0336e6111/window/rect [39m[32m200[39m [90m22 ms - 50[39m
[35m[HTTP][39m [90m[39m
[35m[HTTP][39m [37m-->[39m [37mGET[39m [37m/wd/hub/session/df50e944-a3fa-4f0c-a073-2ef0336e6111/appium/device/system_bars[39m
[35m[HTTP][39m [90m{}[39m
[35m[HTTP][39m [37m<-- GET /wd/hub/session/df50e944-a3fa-4f0c-a073-2ef0336e6111/appium/device/system_bars [39m[32m200[39m [90m163 ms - 148[39m
[35m[HTTP][39m [90m[39m
[35m[HTTP][39m [37m-->[39m [37mPOST[39m [37m/wd/hub/session/df50e944-a3fa-4f0c-a073-2ef0336e6111/appium/device/activate_app[39m
[35m[HTTP][39m [90m{"bundleId":"com.vq.mbrochuregp.client.android"}[39m
[35m[HTTP][39m [37m<-- POST /wd/hub/session/df50e944-a3fa-4f0c-a073-2ef0336e6111/appium/device/activate_app [39m[32m200[39m [90m594 ms - 14[39m
[35m[HTTP][39m [90m[39m
[35m[HTTP][39m [37m-->[39m [37mGET[39m [37m/wd/hub/session/df50e944-a3fa-4f0c-a073-2ef0336e6111/window/rect[39m
[35m[HTTP][39m [90m{}[39m
[35m[HTTP][39m [37m<-- GET /wd/hub/session/df50e944-a3fa-4f0c-a073-2ef0336e6111/window/rect [39m[32m200[39m [90m24 ms - 50[39m
[35m[HTTP][39m [90m[39m
[35m[HTTP][39m [37m-->[39m [37mPOST[39m [37m/wd/hub/session/df50e944-a3fa-4f0c-a073-2ef0336e6111/elements[39m
[35m[HTTP][39m [90m{"using":"xpath","value":"//*[@resource-id = 'com.vq.mbrochuregp.client.android:id/iv_home_profil_icon' and @package = 'com.vq.mbrochuregp.client.android']"}[39m
[35m[HTTP][39m [37m<-- POST /wd/hub/session/df50e944-a3fa-4f0c-a073-2ef0336e6111/elements [39m[32m200[39m [90m622 ms - 139[39m
[35m[HTTP][39m [90m[39m
[35m[HTTP][39m [37m-->[39m [37mGET[39m [37m/wd/hub/session/df50e944-a3fa-4f0c-a073-2ef0336e6111/element/00000000-0000-06ca-ffff-ffff000011df/location[39m
[35m[HTTP][39m [90m{}[39m
[35m[W3C (df50e944)][39m Driver proxy active, passing request on via HTTP proxy
[35m[WD Proxy][39m Replacing sessionId d93f6488-f9e0-4e1d-a3bc-37d8c3c5a387 with df50e944-a3fa-4f0c-a073-2ef0336e6111
[35m[HTTP][39m [37m<-- GET /wd/hub/session/df50e944-a3fa-4f0c-a073-2ef0336e6111/element/00000000-0000-06ca-ffff-ffff000011df/location [39m[32m200[39m [90m40 ms - 79[39m
[35m[HTTP][39m [90m[39m
[35m[HTTP][39m [37m-->[39m [37mPOST[39m [37m/wd/hub/session/df50e944-a3fa-4f0c-a073-2ef0336e6111/element/00000000-0000-06ca-ffff-ffff000011df/click[39m
[35m[HTTP][39m [90m{"id":"00000000-0000-06ca-ffff-ffff000011df"}[39m
[35m[HTTP][39m [37m<-- POST /wd/hub/session/df50e944-a3fa-4f0c-a073-2ef0336e6111/element/00000000-0000-06ca-ffff-ffff000011df/click [39m[32m200[39m [90m85 ms - 14[39m
[35m[HTTP][39m [90m[39m
[35m[HTTP][39m [37m-->[39m [37mPOST[39m [37m/wd/hub/session/df50e944-a3fa-4f0c-a073-2ef0336e6111/timeouts[39m
[35m[HTTP][39m [90m{"implicit":50}[39m
[35m[HTTP][39m [37m<-- POST /wd/hub/session/df50e944-a3fa-4f0c-a073-2ef0336e6111/timeouts [39m[32m200[39m [90m3 ms - 14[39m
[35m[HTTP][39m [90m[39m
[35m[HTTP][39m [37m-->[39m [37mGET[39m [37m/wd/hub/session/df50e944-a3fa-4f0c-a073-2ef0336e6111/window/rect[39m
[35m[HTTP][39m [90m{}[39m
[35m[HTTP][39m [37m<-- GET /wd/hub/session/df50e944-a3fa-4f0c-a073-2ef0336e6111/window/rect [39m[32m200[39m [90m60 ms - 50[39m
[35m[HTTP][39m [90m[39m
[35m[HTTP][39m [37m-->[39m [37mPOST[39m [37m/wd/hub/session/df50e944-a3fa-4f0c-a073-2ef0336e6111/elements[39m
[35m[HTTP][39m [90m{"using":"xpath","value":"//hierarchy/android.widget.FrameLayout[1]/android.widget.LinearLayout[1]/android.widget.FrameLayout[1]/android.widget.LinearLayout[1]/android.widget.FrameLayout[1]/android.view.ViewGroup[1]/android.widget.ScrollView[1]/android.widget.LinearLayout[1]/android.view.ViewGroup[1]/android.widget.LinearLayout[1]/android.widget.FrameLayout[1]/android.widget.EditText[1]"}[39m
[35m[HTTP][39m [37m<-- POST /wd/hub/session/df50e944-a3fa-4f0c-a073-2ef0336e6111/elements [39m[32m200[39m [90m281 ms - 139[39m
[35m[HTTP][39m [90m[39m
[35m[HTTP][39m [37m-->[39m [37mGET[39m [37m/wd/hub/session/df50e944-a3fa-4f0c-a073-2ef0336e6111/element/00000000-0000-06d8-ffff-ffff0000120f/location[39m
[35m[HTTP][39m [90m{}[39m
[35m[W3C (df50e944)][39m Driver proxy active, passing request on via HTTP proxy
[35m[WD Proxy][39m Replacing sessionId d93f6488-f9e0-4e1d-a3bc-37d8c3c5a387 with df50e944-a3fa-4f0c-a073-2ef0336e6111
[35m[HTTP][39m [37m<-- GET /wd/hub/session/df50e944-a3fa-4f0c-a073-2ef0336e6111/element/00000000-0000-06d8-ffff-ffff0000120f/location [39m[32m200[39m [90m58 ms - 77[39m
[35m[HTTP][39m [90m[39m
[35m[HTTP][39m [37m-->[39m [37mPOST[39m [37m/wd/hub/session/df50e944-a3fa-4f0c-a073-2ef0336e6111/timeouts[39m
[35m[HTTP][39m [90m{"implicit":30000}[39m
[35m[HTTP][39m [37m<-- POST /wd/hub/session/df50e944-a3fa-4f0c-a073-2ef0336e6111/timeouts [39m[32m200[39m [90m2 ms - 14[39m
[35m[HTTP][39m [90m[39m
[35m[HTTP][39m [37m-->[39m [37mPOST[39m [37m/wd/hub/session/df50e944-a3fa-4f0c-a073-2ef0336e6111/element/00000000-0000-06d8-ffff-ffff0000120f/clear[39m
[35m[HTTP][39m [90m{"id":"00000000-0000-06d8-ffff-ffff0000120f"}[39m
[35m[HTTP][39m [37m<-- POST /wd/hub/session/df50e944-a3fa-4f0c-a073-2ef0336e6111/element/00000000-0000-06d8-ffff-ffff0000120f/clear [39m[32m200[39m [90m74 ms - 14[39m
[35m[HTTP][39m [90m[39m
[35m[HTTP][39m [37m-->[39m [37mPOST[39m [37m/wd/hub/session/df50e944-a3fa-4f0c-a073-2ef0336e6111/element/00000000-0000-06d8-ffff-ffff0000120f/value[39m
[35m[HTTP][39m [90m{"id":"00000000-0000-06d8-ffff-ffff0000120f","text":"fikar@mailinator.com","value":["f","i","k","a","r","@","m","a","i","l","i","n","a","t","o","r",".","c","o","m"]}[39m
[35m[HTTP][39m [37m<-- POST /wd/hub/session/df50e944-a3fa-4f0c-a073-2ef0336e6111/element/00000000-0000-06d8-ffff-ffff0000120f/value [39m[32m200[39m [90m580 ms - 14[39m
[35m[HTTP][39m [90m[39m
[35m[HTTP][39m [37m-->[39m [37mPOST[39m [37m/wd/hub/session/df50e944-a3fa-4f0c-a073-2ef0336e6111/timeouts[39m
[35m[HTTP][39m [90m{"implicit":50}[39m
[35m[HTTP][39m [37m<-- POST /wd/hub/session/df50e944-a3fa-4f0c-a073-2ef0336e6111/timeouts [39m[32m200[39m [90m2 ms - 14[39m
[35m[HTTP][39m [90m[39m
[35m[HTTP][39m [37m-->[39m [37mGET[39m [37m/wd/hub/session/df50e944-a3fa-4f0c-a073-2ef0336e6111/window/rect[39m
[35m[HTTP][39m [90m{}[39m
[35m[HTTP][39m [37m<-- GET /wd/hub/session/df50e944-a3fa-4f0c-a073-2ef0336e6111/window/rect [39m[32m200[39m [90m33 ms - 50[39m
[35m[HTTP][39m [90m[39m
[35m[HTTP][39m [37m-->[39m [37mPOST[39m [37m/wd/hub/session/df50e944-a3fa-4f0c-a073-2ef0336e6111/elements[39m
[35m[HTTP][39m [90m{"using":"xpath","value":"//hierarchy/android.widget.FrameLayout[1]/android.widget.LinearLayout[1]/android.widget.FrameLayout[1]/android.widget.LinearLayout[1]/android.widget.FrameLayout[1]/android.view.ViewGroup[1]/android.widget.ScrollView[1]/android.widget.LinearLayout[1]/android.view.ViewGroup[1]/android.widget.LinearLayout[2]/android.widget.FrameLayout[1]/android.widget.EditText[1]"}[39m
[35m[HTTP][39m [37m<-- POST /wd/hub/session/df50e944-a3fa-4f0c-a073-2ef0336e6111/elements [39m[32m200[39m [90m374 ms - 139[39m
[35m[HTTP][39m [90m[39m
[35m[HTTP][39m [37m-->[39m [37mGET[39m [37m/wd/hub/session/df50e944-a3fa-4f0c-a073-2ef0336e6111/element/00000000-0000-06d8-ffff-ffff00001213/location[39m
[35m[HTTP][39m [90m{}[39m
[35m[W3C (df50e944)][39m Driver proxy active, passing request on via HTTP proxy
[35m[WD Proxy][39m Replacing sessionId d93f6488-f9e0-4e1d-a3bc-37d8c3c5a387 with df50e944-a3fa-4f0c-a073-2ef0336e6111
[35m[HTTP][39m [37m<-- GET /wd/hub/session/df50e944-a3fa-4f0c-a073-2ef0336e6111/element/00000000-0000-06d8-ffff-ffff00001213/location [39m[32m200[39m [90m42 ms - 78[39m
[35m[HTTP][39m [90m[39m
[35m[HTTP][39m [37m-->[39m [37mPOST[39m [37m/wd/hub/session/df50e944-a3fa-4f0c-a073-2ef0336e6111/timeouts[39m
[35m[HTTP][39m [90m{"implicit":30000}[39m
[35m[HTTP][39m [37m<-- POST /wd/hub/session/df50e944-a3fa-4f0c-a073-2ef0336e6111/timeouts [39m[32m200[39m [90m2 ms - 14[39m
[35m[HTTP][39m [90m[39m
[35m[HTTP][39m [37m-->[39m [37mPOST[39m [37m/wd/hub/session/df50e944-a3fa-4f0c-a073-2ef0336e6111/element/00000000-0000-06d8-ffff-ffff00001213/clear[39m
[35m[HTTP][39m [90m{"id":"00000000-0000-06d8-ffff-ffff00001213"}[39m
[35m[HTTP][39m [37m<-- POST /wd/hub/session/df50e944-a3fa-4f0c-a073-2ef0336e6111/element/00000000-0000-06d8-ffff-ffff00001213/clear [39m[32m200[39m [90m51 ms - 14[39m
[35m[HTTP][39m [90m[39m
[35m[HTTP][39m [37m-->[39m [37mPOST[39m [37m/wd/hub/session/df50e944-a3fa-4f0c-a073-2ef0336e6111/element/00000000-0000-06d8-ffff-ffff00001213/value[39m
[35m[HTTP][39m [90m{"id":"00000000-0000-06d8-ffff-ffff00001213","text":"123abc","value":["1","2","3","a","b","c"]}[39m
[35m[HTTP][39m [37m<-- POST /wd/hub/session/df50e944-a3fa-4f0c-a073-2ef0336e6111/element/00000000-0000-06d8-ffff-ffff00001213/value [39m[32m200[39m [90m1067 ms - 14[39m
[35m[HTTP][39m [90m[39m
[35m[HTTP][39m [37m-->[39m [37mGET[39m [37m/wd/hub/session/df50e944-a3fa-4f0c-a073-2ef0336e6111/context[39m
[35m[HTTP][39m [90m{}[39m
[35m[HTTP][39m [37m<-- GET /wd/hub/session/df50e944-a3fa-4f0c-a073-2ef0336e6111/context [39m[32m200[39m [90m1 ms - 22[39m
[35m[HTTP][39m [90m[39m
[35m[HTTP][39m [37m-->[39m [37mGET[39m [37m/wd/hub/session/df50e944-a3fa-4f0c-a073-2ef0336e6111/contexts[39m
[35m[HTTP][39m [90m{}[39m
[35m[HTTP][39m [37m<-- GET /wd/hub/session/df50e944-a3fa-4f0c-a073-2ef0336e6111/contexts [39m[32m200[39m [90m111 ms - 24[39m
[35m[HTTP][39m [90m[39m
[35m[HTTP][39m [37m-->[39m [37mPOST[39m [37m/wd/hub/session/df50e944-a3fa-4f0c-a073-2ef0336e6111/context[39m
[35m[HTTP][39m [90m{"name":"NATIVE_APP"}[39m
[35m[HTTP][39m [37m<-- POST /wd/hub/session/df50e944-a3fa-4f0c-a073-2ef0336e6111/context [39m[32m200[39m [90m3 ms - 14[39m
[35m[HTTP][39m [90m[39m
[35m[HTTP][39m [37m-->[39m [37mGET[39m [37m/wd/hub/session/df50e944-a3fa-4f0c-a073-2ef0336e6111/window/rect[39m
[35m[HTTP][39m [90m{}[39m
[35m[HTTP][39m [37m<-- GET /wd/hub/session/df50e944-a3fa-4f0c-a073-2ef0336e6111/window/rect [39m[32m200[39m [90m50 ms - 50[39m
[35m[HTTP][39m [90m[39m
[35m[HTTP][39m [37m-->[39m [37mPOST[39m [37m/wd/hub/session/df50e944-a3fa-4f0c-a073-2ef0336e6111/execute/sync[39m
[35m[HTTP][39m [90m{"script":"mobile: viewportScreenshot","args":[]}[39m
[35m[AndroidDriver][39m Executing native command 'mobile: viewportScreenshot'
[35m[HTTP][39m [37m<-- POST /wd/hub/session/df50e944-a3fa-4f0c-a073-2ef0336e6111/execute/sync [39m[32m200[39m [90m1731 ms - 153432[39m
[35m[HTTP][39m [90m[39m
[35m[HTTP][39m [37m-->[39m [37mPOST[39m [37m/wd/hub/session/df50e944-a3fa-4f0c-a073-2ef0336e6111/context[39m
[35m[HTTP][39m [90m{"name":"NATIVE_APP"}[39m
[35m[HTTP][39m [37m<-- POST /wd/hub/session/df50e944-a3fa-4f0c-a073-2ef0336e6111/context [39m[32m200[39m [90m1 ms - 14[39m
[35m[HTTP][39m [90m[39m
[35m[HTTP][39m [37m-->[39m [37mPOST[39m [37m/wd/hub/session/df50e944-a3fa-4f0c-a073-2ef0336e6111/timeouts[39m
[35m[HTTP][39m [90m{"implicit":50}[39m
[35m[HTTP][39m [37m<-- POST /wd/hub/session/df50e944-a3fa-4f0c-a073-2ef0336e6111/timeouts [39m[32m200[39m [90m2 ms - 14[39m
[35m[HTTP][39m [90m[39m
[35m[HTTP][39m [37m-->[39m [37mGET[39m [37m/wd/hub/session/df50e944-a3fa-4f0c-a073-2ef0336e6111/window/rect[39m
[35m[HTTP][39m [90m{}[39m
[35m[HTTP][39m [37m<-- GET /wd/hub/session/df50e944-a3fa-4f0c-a073-2ef0336e6111/window/rect [39m[32m200[39m [90m52 ms - 50[39m
[35m[HTTP][39m [90m[39m
[35m[HTTP][39m [37m-->[39m [37mPOST[39m [37m/wd/hub/session/df50e944-a3fa-4f0c-a073-2ef0336e6111/elements[39m
[35m[HTTP][39m [90m{"using":"xpath","value":"//hierarchy/android.widget.FrameLayout[1]/android.widget.LinearLayout[1]/android.widget.FrameLayout[1]/android.widget.LinearLayout[1]/android.widget.FrameLayout[1]/android.view.ViewGroup[1]/android.widget.ScrollView[1]/android.widget.LinearLayout[1]/android.view.ViewGroup[1]/android.widget.Button[1]"}[39m
[35m[HTTP][39m [37m<-- POST /wd/hub/session/df50e944-a3fa-4f0c-a073-2ef0336e6111/elements [39m[32m200[39m [90m243 ms - 139[39m
[35m[HTTP][39m [90m[39m
[35m[HTTP][39m [37m-->[39m [37mGET[39m [37m/wd/hub/session/df50e944-a3fa-4f0c-a073-2ef0336e6111/element/00000000-0000-06d8-ffff-ffff00001216/location[39m
[35m[HTTP][39m [90m{}[39m
[35m[W3C (df50e944)][39m Driver proxy active, passing request on via HTTP proxy
[35m[WD Proxy][39m Replacing sessionId d93f6488-f9e0-4e1d-a3bc-37d8c3c5a387 with df50e944-a3fa-4f0c-a073-2ef0336e6111
[35m[HTTP][39m [37m<-- GET /wd/hub/session/df50e944-a3fa-4f0c-a073-2ef0336e6111/element/00000000-0000-06d8-ffff-ffff00001216/location [39m[32m200[39m [90m50 ms - 78[39m
[35m[HTTP][39m [90m[39m
[35m[HTTP][39m [37m-->[39m [37mPOST[39m [37m/wd/hub/session/df50e944-a3fa-4f0c-a073-2ef0336e6111/timeouts[39m
[35m[HTTP][39m [90m{"implicit":30000}[39m
[35m[HTTP][39m [37m<-- POST /wd/hub/session/df50e944-a3fa-4f0c-a073-2ef0336e6111/timeouts [39m[32m200[39m [90m2 ms - 14[39m
[35m[HTTP][39m [90m[39m
[35m[HTTP][39m [37m-->[39m [37mPOST[39m [37m/wd/hub/session/df50e944-a3fa-4f0c-a073-2ef0336e6111/touch/perform[39m
[35m[HTTP][39m [90m{"actions":[{"action":"tap","options":{"x":1,"y":1,"element":"00000000-0000-06d8-ffff-ffff00001216"}},{"action":"release","options":{}}]}[39m
[35m[UiAutomator2][39m calling get location: 00000000-0000-06d8-ffff-ffff00001216
[35m[HTTP][39m [37m<-- POST /wd/hub/session/df50e944-a3fa-4f0c-a073-2ef0336e6111/touch/perform [39m[32m200[39m [90m322 ms - 14[39m
[35m[HTTP][39m [90m[39m
[35m[HTTP][39m [37m-->[39m [37mGET[39m [37m/wd/hub/session/df50e944-a3fa-4f0c-a073-2ef0336e6111/window/rect[39m
[35m[HTTP][39m [90m{}[39m
[35m[HTTP][39m [37m<-- GET /wd/hub/session/df50e944-a3fa-4f0c-a073-2ef0336e6111/window/rect [39m[32m200[39m [90m40 ms - 50[39m
[35m[HTTP][39m [90m[39m
[35m[HTTP][39m [37m-->[39m [37mPOST[39m [37m/wd/hub/session/df50e944-a3fa-4f0c-a073-2ef0336e6111/elements[39m
[35m[HTTP][39m [90m{"using":"xpath","value":"//*[@resource-id = 'com.vq.mbrochuregp.client.android:id/iv_home_profil_icon' and @package = 'com.vq.mbrochuregp.client.android']"}[39m
[35m[HTTP][39m [37m<-- POST /wd/hub/session/df50e944-a3fa-4f0c-a073-2ef0336e6111/elements [39m[32m200[39m [90m796 ms - 139[39m
[35m[HTTP][39m [90m[39m
[35m[HTTP][39m [37m-->[39m [37mGET[39m [37m/wd/hub/session/df50e944-a3fa-4f0c-a073-2ef0336e6111/element/00000000-0000-06da-ffff-ffff00001266/location[39m
[35m[HTTP][39m [90m{}[39m
[35m[W3C (df50e944)][39m Driver proxy active, passing request on via HTTP proxy
[35m[WD Proxy][39m Replacing sessionId d93f6488-f9e0-4e1d-a3bc-37d8c3c5a387 with df50e944-a3fa-4f0c-a073-2ef0336e6111
[35m[HTTP][39m [37m<-- GET /wd/hub/session/df50e944-a3fa-4f0c-a073-2ef0336e6111/element/00000000-0000-06da-ffff-ffff00001266/location [39m[32m200[39m [90m32 ms - 79[39m
[35m[HTTP][39m [90m[39m
[35m[HTTP][39m [37m-->[39m [37mPOST[39m [37m/wd/hub/session/df50e944-a3fa-4f0c-a073-2ef0336e6111/element/00000000-0000-06da-ffff-ffff00001266/click[39m
[35m[HTTP][39m [90m{"id":"00000000-0000-06da-ffff-ffff00001266"}[39m
[35m[HTTP][39m [37m<-- POST /wd/hub/session/df50e944-a3fa-4f0c-a073-2ef0336e6111/element/00000000-0000-06da-ffff-ffff00001266/click [39m[32m200[39m [90m68 ms - 14[39m
[35m[HTTP][39m [90m[39m
[35m[HTTP][39m [37m-->[39m [37mGET[39m [37m/wd/hub/session/df50e944-a3fa-4f0c-a073-2ef0336e6111/context[39m
[35m[HTTP][39m [90m{}[39m
[35m[HTTP][39m [37m<-- GET /wd/hub/session/df50e944-a3fa-4f0c-a073-2ef0336e6111/context [39m[32m200[39m [90m3 ms - 22[39m
[35m[HTTP][39m [90m[39m
[35m[HTTP][39m [37m-->[39m [37mGET[39m [37m/wd/hub/session/df50e944-a3fa-4f0c-a073-2ef0336e6111/contexts[39m
[35m[HTTP][39m [90m{}[39m
[35m[HTTP][39m [37m<-- GET /wd/hub/session/df50e944-a3fa-4f0c-a073-2ef0336e6111/contexts [39m[32m200[39m [90m101 ms - 24[39m
[35m[HTTP][39m [90m[39m
[35m[HTTP][39m [37m-->[39m [37mPOST[39m [37m/wd/hub/session/df50e944-a3fa-4f0c-a073-2ef0336e6111/context[39m
[35m[HTTP][39m [90m{"name":"NATIVE_APP"}[39m
[35m[HTTP][39m [37m<-- POST /wd/hub/session/df50e944-a3fa-4f0c-a073-2ef0336e6111/context [39m[32m200[39m [90m3 ms - 14[39m
[35m[HTTP][39m [90m[39m
[35m[HTTP][39m [37m-->[39m [37mGET[39m [37m/wd/hub/session/df50e944-a3fa-4f0c-a073-2ef0336e6111/window/rect[39m
[35m[HTTP][39m [90m{}[39m
[35m[HTTP][39m [37m<-- GET /wd/hub/session/df50e944-a3fa-4f0c-a073-2ef0336e6111/window/rect [39m[32m200[39m [90m53 ms - 50[39m
[35m[HTTP][39m [90m[39m
[35m[HTTP][39m [37m-->[39m [37mPOST[39m [37m/wd/hub/session/df50e944-a3fa-4f0c-a073-2ef0336e6111/execute/sync[39m
[35m[HTTP][39m [90m{"script":"mobile: viewportScreenshot","args":[]}[39m
[35m[AndroidDriver][39m Executing native command 'mobile: viewportScreenshot'
[35m[HTTP][39m [37m<-- POST /wd/hub/session/df50e944-a3fa-4f0c-a073-2ef0336e6111/execute/sync [39m[32m200[39m [90m1589 ms - 259316[39m
[35m[HTTP][39m [90m[39m
[35m[HTTP][39m [37m-->[39m [37mPOST[39m [37m/wd/hub/session/df50e944-a3fa-4f0c-a073-2ef0336e6111/context[39m
[35m[HTTP][39m [90m{"name":"NATIVE_APP"}[39m
[35m[HTTP][39m [37m<-- POST /wd/hub/session/df50e944-a3fa-4f0c-a073-2ef0336e6111/context [39m[32m200[39m [90m1 ms - 14[39m
[35m[HTTP][39m [90m[39m
[35m[HTTP][39m [37m-->[39m [37mGET[39m [37m/wd/hub/session/df50e944-a3fa-4f0c-a073-2ef0336e6111/window/rect[39m
[35m[HTTP][39m [90m{}[39m
[35m[HTTP][39m [37m<-- GET /wd/hub/session/df50e944-a3fa-4f0c-a073-2ef0336e6111/window/rect [39m[32m200[39m [90m38 ms - 50[39m
[35m[HTTP][39m [90m[39m
[35m[HTTP][39m [37m-->[39m [37mPOST[39m [37m/wd/hub/session/df50e944-a3fa-4f0c-a073-2ef0336e6111/elements[39m
[35m[HTTP][39m [90m{"using":"xpath","value":"//*[@class = 'android.widget.ImageView' and @resource-id = 'com.vq.mbrochuregp.client.android:id/iv_home_icon' and (@text = '' or . = '')]"}[39m
[35m[HTTP][39m [37m<-- POST /wd/hub/session/df50e944-a3fa-4f0c-a073-2ef0336e6111/elements [39m[32m200[39m [90m396 ms - 139[39m
[35m[HTTP][39m [90m[39m
[35m[HTTP][39m [37m-->[39m [37mGET[39m [37m/wd/hub/session/df50e944-a3fa-4f0c-a073-2ef0336e6111/element/00000000-0000-06dc-ffff-ffff000012ae/location[39m
[35m[HTTP][39m [90m{}[39m
[35m[W3C (df50e944)][39m Driver proxy active, passing request on via HTTP proxy
[35m[WD Proxy][39m Replacing sessionId d93f6488-f9e0-4e1d-a3bc-37d8c3c5a387 with df50e944-a3fa-4f0c-a073-2ef0336e6111
[35m[HTTP][39m [37m<-- GET /wd/hub/session/df50e944-a3fa-4f0c-a073-2ef0336e6111/element/00000000-0000-06dc-ffff-ffff000012ae/location [39m[32m200[39m [90m36 ms - 78[39m
[35m[HTTP][39m [90m[39m
[35m[HTTP][39m [37m-->[39m [37mPOST[39m [37m/wd/hub/session/df50e944-a3fa-4f0c-a073-2ef0336e6111/element/00000000-0000-06dc-ffff-ffff000012ae/click[39m
[35m[HTTP][39m [90m{"id":"00000000-0000-06dc-ffff-ffff000012ae"}[39m
[35m[HTTP][39m [37m<-- POST /wd/hub/session/df50e944-a3fa-4f0c-a073-2ef0336e6111/element/00000000-0000-06dc-ffff-ffff000012ae/click [39m[32m200[39m [90m67 ms - 14[39m
[35m[HTTP][39m [90m[39m
[35m[HTTP][39m [37m-->[39m [37mGET[39m [37m/wd/hub/status[39m
[35m[HTTP][39m [90m{}[39m
[35m[HTTP][39m [37m<-- GET /wd/hub/status [39m[32m200[39m [90m1 ms - 68[39m
[35m[HTTP][39m [90m[39m
[35m[HTTP][39m [37m-->[39m [37mPOST[39m [37m/wd/hub/session[39m
[35m[HTTP][39m [90m{"desiredCapabilities":{"appActivity":".Settings","appPackage":"com.android.settings","newCommandTimeout":1800,"platformVersion":"11","automationName":"uiautomator2","autoGrantPermissions":true,"platformName":"Android","udid":"RR8N605F11Y","deviceName":"samsung SM-M315F (Android 11)","platform":"ANDROID","systemPort":8202},"capabilities":{"firstMatch":[{"appium:appActivity":".Settings","appium:appPackage":"com.android.settings","appium:autoGrantPermissions":true,"appium:automationName":"uiautomator2","appium:deviceName":"samsung SM-M315F (Android 11)","appium:newCommandTimeout":1800,"platform":"ANDROID","platformName":"android","appium:platformVersion":"11","appium:systemPort":8202,"appium:udid":"RR8N605F11Y"}]}}[39m
[35m[BaseDriver][39m The following capabilities are not standard capabilities and should have an extension prefix:
[35m[BaseDriver][39m   platform
[35m[BaseDriver][39m   chromedriverPort
[35m[Appium][39m Appium v1.22.2 creating new AndroidUiautomator2Driver (v1.70.1) session
[35m[BaseDriver][39m The following capabilities were provided, but are not recognized by Appium:
[35m[BaseDriver][39m   platform
[35m[BaseDriver][39m Session created with session id: 884233ce-143a-44b7-80e4-bf909a86744d
[35m[UiAutomator2][39m Starting 'com.android.settings' directly on the device
[35m[ADB][39m Using 'adb.exe' from 'C:\Users\Nia Yusniati\.katalon\tools\android_sdk\platform-tools\adb.exe'
[35m[AndroidDriver][39m Retrieving device list
[35m[AndroidDriver][39m Using device: RR8N605F11Y
[35m[ADB][39m Using 'adb.exe' from 'C:\Users\Nia Yusniati\.katalon\tools\android_sdk\platform-tools\adb.exe'
[35m[ADB][39m Getting device platform version
[35m[UiAutomator2][39m Relaxing hidden api policy
[35m[AndroidDriver][39m No app sent in, not parsing package/activity
[35m[UiAutomator2][39m Server packages are not going to be (re)installed
[35m[ADB][39m Adding packages ["io.appium.settings","io.appium.uiautomator2.server","io.appium.uiautomator2.server.test"] to Doze whitelist
[35m[UiAutomator2][39m Starting UIAutomator2 server 4.27.0
[35m[UiAutomator2][39m Using UIAutomator2 server from 'C:\Users\Nia Yusniati\AppData\Roaming\npm\node_modules\appium\node_modules\appium-uiautomator2-server\apks\appium-uiautomator2-server-v4.27.0.apk' and test from 'C:\Users\Nia Yusniati\AppData\Roaming\npm\node_modules\appium\node_modules\appium-uiautomator2-server\apks\appium-uiautomator2-server-debug-androidTest.apk'
[35m[UiAutomator2][39m Waiting up to 30000ms for UiAutomator2 to be online...
[35m[WD Proxy][39m socket hang up
[35m[WD Proxy][39m socket hang up
[35m[WD Proxy][39m socket hang up
[35m[WD Proxy][39m Determined the downstream protocol as 'W3C'
[35m[AndroidDriver][39m Screen already unlocked, doing nothing
[35m[UiAutomator2][39m Starting 'com.android.settings/.Settings and waiting for 'com.android.settings/.Settings'
[35m[Appium][39m New AndroidUiautomator2Driver session created successfully, session 884233ce-143a-44b7-80e4-bf909a86744d added to master session list
[35m[HTTP][39m [37m<-- POST /wd/hub/session [39m[32m200[39m [90m9641 ms - 1158[39m
[35m[HTTP][39m [90m[39m
[35m[HTTP][39m [37m-->[39m [37mGET[39m [37m/wd/hub/session/884233ce-143a-44b7-80e4-bf909a86744d[39m
[35m[HTTP][39m [90m{}[39m
[35m[HTTP][39m [37m<-- GET /wd/hub/session/884233ce-143a-44b7-80e4-bf909a86744d [39m[32m200[39m [90m15 ms - 1112[39m
[35m[HTTP][39m [90m[39m
[35m[HTTP][39m [37m-->[39m [37mGET[39m [37m/wd/hub/session/884233ce-143a-44b7-80e4-bf909a86744d[39m
[35m[HTTP][39m [90m{}[39m
[35m[HTTP][39m [37m<-- GET /wd/hub/session/884233ce-143a-44b7-80e4-bf909a86744d [39m[32m200[39m [90m10 ms - 1112[39m
[35m[HTTP][39m [90m[39m
[35m[HTTP][39m [37m-->[39m [37mGET[39m [37m/wd/hub/status[39m
[35m[HTTP][39m [90m{}[39m
[35m[HTTP][39m [37m<-- GET /wd/hub/status [39m[32m200[39m [90m1 ms - 68[39m
[35m[HTTP][39m [90m[39m
[35m[HTTP][39m [37m-->[39m [37mPOST[39m [37m/wd/hub/session/884233ce-143a-44b7-80e4-bf909a86744d/timeouts[39m
[35m[HTTP][39m [90m{"implicit":30000}[39m
[35m[HTTP][39m [37m<-- POST /wd/hub/session/884233ce-143a-44b7-80e4-bf909a86744d/timeouts [39m[32m200[39m [90m2 ms - 14[39m
[35m[HTTP][39m [90m[39m
[35m[HTTP][39m [37m-->[39m [37mGET[39m [37m/wd/hub/session/884233ce-143a-44b7-80e4-bf909a86744d/screenshot[39m
[35m[HTTP][39m [90m{}[39m
[35m[HTTP][39m [37m<-- GET /wd/hub/session/884233ce-143a-44b7-80e4-bf909a86744d/screenshot [39m[32m200[39m [90m548 ms - 227760[39m
[35m[HTTP][39m [90m[39m
[35m[HTTP][39m [37m-->[39m [37mGET[39m [37m/wd/hub/session/884233ce-143a-44b7-80e4-bf909a86744d/window/rect[39m
[35m[HTTP][39m [90m{}[39m
[35m[HTTP][39m [37m<-- GET /wd/hub/session/884233ce-143a-44b7-80e4-bf909a86744d/window/rect [39m[32m200[39m [90m10 ms - 50[39m
[35m[HTTP][39m [90m[39m
[35m[HTTP][39m [37m-->[39m [37mGET[39m [37m/wd/hub/session/884233ce-143a-44b7-80e4-bf909a86744d/appium/device/system_bars[39m
[35m[HTTP][39m [90m{}[39m
[35m[HTTP][39m [37m<-- GET /wd/hub/session/884233ce-143a-44b7-80e4-bf909a86744d/appium/device/system_bars [39m[32m200[39m [90m95 ms - 148[39m
[35m[HTTP][39m [90m[39m
[35m[HTTP][39m [37m-->[39m [37mPOST[39m [37m/wd/hub/session/884233ce-143a-44b7-80e4-bf909a86744d/appium/device/activate_app[39m
[35m[HTTP][39m [90m{"bundleId":"com.vq.mbrochuregp.client.android"}[39m
[35m[HTTP][39m [37m<-- POST /wd/hub/session/884233ce-143a-44b7-80e4-bf909a86744d/appium/device/activate_app [39m[32m200[39m [90m617 ms - 14[39m
[35m[HTTP][39m [90m[39m
[35m[HTTP][39m [37m-->[39m [37mGET[39m [37m/wd/hub/session/884233ce-143a-44b7-80e4-bf909a86744d/context[39m
[35m[HTTP][39m [90m{}[39m
[35m[HTTP][39m [37m<-- GET /wd/hub/session/884233ce-143a-44b7-80e4-bf909a86744d/context [39m[32m200[39m [90m1 ms - 22[39m
[35m[HTTP][39m [90m[39m
[35m[HTTP][39m [37m-->[39m [37mGET[39m [37m/wd/hub/session/884233ce-143a-44b7-80e4-bf909a86744d/contexts[39m
[35m[HTTP][39m [90m{}[39m
[35m[HTTP][39m [37m<-- GET /wd/hub/session/884233ce-143a-44b7-80e4-bf909a86744d/contexts [39m[32m200[39m [90m114 ms - 24[39m
[35m[HTTP][39m [90m[39m
[35m[HTTP][39m [37m-->[39m [37mPOST[39m [37m/wd/hub/session/884233ce-143a-44b7-80e4-bf909a86744d/context[39m
[35m[HTTP][39m [90m{"name":"NATIVE_APP"}[39m
[35m[HTTP][39m [37m<-- POST /wd/hub/session/884233ce-143a-44b7-80e4-bf909a86744d/context [39m[32m200[39m [90m2 ms - 14[39m
[35m[HTTP][39m [90m[39m
[35m[HTTP][39m [37m-->[39m [37mPOST[39m [37m/wd/hub/session/884233ce-143a-44b7-80e4-bf909a86744d/appium/device/press_keycode[39m
[35m[HTTP][39m [90m{"keycode":4}[39m
[35m[HTTP][39m [37m<-- POST /wd/hub/session/884233ce-143a-44b7-80e4-bf909a86744d/appium/device/press_keycode [39m[32m200[39m [90m220 ms - 14[39m
[35m[HTTP][39m [90m[39m
[35m[HTTP][39m [37m-->[39m [37mPOST[39m [37m/wd/hub/session/884233ce-143a-44b7-80e4-bf909a86744d/context[39m
[35m[HTTP][39m [90m{"name":"NATIVE_APP"}[39m
[35m[HTTP][39m [37m<-- POST /wd/hub/session/884233ce-143a-44b7-80e4-bf909a86744d/context [39m[32m200[39m [90m2 ms - 14[39m
[35m[HTTP][39m [90m[39m
[35m[HTTP][39m [37m-->[39m [37mPOST[39m [37m/wd/hub/session/884233ce-143a-44b7-80e4-bf909a86744d/timeouts[39m
[35m[HTTP][39m [90m{"implicit":50}[39m
[35m[HTTP][39m [37m<-- POST /wd/hub/session/884233ce-143a-44b7-80e4-bf909a86744d/timeouts [39m[32m200[39m [90m3 ms - 14[39m
[35m[HTTP][39m [90m[39m
[35m[HTTP][39m [37m-->[39m [37mGET[39m [37m/wd/hub/session/884233ce-143a-44b7-80e4-bf909a86744d/window/rect[39m
[35m[HTTP][39m [90m{}[39m
[35m[HTTP][39m [37m<-- GET /wd/hub/session/884233ce-143a-44b7-80e4-bf909a86744d/window/rect [39m[32m200[39m [90m37 ms - 50[39m
[35m[HTTP][39m [90m[39m
[35m[HTTP][39m [37m-->[39m [37mPOST[39m [37m/wd/hub/session/884233ce-143a-44b7-80e4-bf909a86744d/elements[39m
[35m[HTTP][39m [90m{"using":"xpath","value":"//*[@class = 'android.widget.Button' and (@text = 'TIDAK' or . = 'TIDAK') and @resource-id = 'android:id/button2']"}[39m
[35m[HTTP][39m [37m<-- POST /wd/hub/session/884233ce-143a-44b7-80e4-bf909a86744d/elements [39m[32m200[39m [90m1605 ms - 139[39m
[35m[HTTP][39m [90m[39m
[35m[HTTP][39m [37m-->[39m [37mGET[39m [37m/wd/hub/session/884233ce-143a-44b7-80e4-bf909a86744d/element/00000000-0000-06ed-ffff-ffff0000135b/location[39m
[35m[HTTP][39m [90m{}[39m
[35m[W3C (884233ce)][39m Driver proxy active, passing request on via HTTP proxy
[35m[WD Proxy][39m Replacing sessionId ac8cc660-6459-40ce-8f1f-9bb46470d8e4 with 884233ce-143a-44b7-80e4-bf909a86744d
[35m[HTTP][39m [37m<-- GET /wd/hub/session/884233ce-143a-44b7-80e4-bf909a86744d/element/00000000-0000-06ed-ffff-ffff0000135b/location [39m[32m200[39m [90m39 ms - 79[39m
[35m[HTTP][39m [90m[39m
[35m[HTTP][39m [37m-->[39m [37mPOST[39m [37m/wd/hub/session/884233ce-143a-44b7-80e4-bf909a86744d/timeouts[39m
[35m[HTTP][39m [90m{"implicit":30000}[39m
[35m[HTTP][39m [37m<-- POST /wd/hub/session/884233ce-143a-44b7-80e4-bf909a86744d/timeouts [39m[32m200[39m [90m2 ms - 14[39m
[35m[HTTP][39m [90m[39m
[35m[HTTP][39m [37m-->[39m [37mPOST[39m [37m/wd/hub/session/884233ce-143a-44b7-80e4-bf909a86744d/touch/perform[39m
[35m[HTTP][39m [90m{"actions":[{"action":"tap","options":{"x":1,"y":1,"element":"00000000-0000-06ed-ffff-ffff0000135b"}},{"action":"release","options":{}}]}[39m
[35m[UiAutomator2][39m calling get location: 00000000-0000-06ed-ffff-ffff0000135b
[35m[HTTP][39m [37m<-- POST /wd/hub/session/884233ce-143a-44b7-80e4-bf909a86744d/touch/perform [39m[32m200[39m [90m1296 ms - 14[39m
[35m[HTTP][39m [90m[39m
[35m[HTTP][39m [37m-->[39m [37mPOST[39m [37m/wd/hub/session/884233ce-143a-44b7-80e4-bf909a86744d/timeouts[39m
[35m[HTTP][39m [90m{"implicit":50}[39m
[35m[HTTP][39m [37m<-- POST /wd/hub/session/884233ce-143a-44b7-80e4-bf909a86744d/timeouts [39m[32m200[39m [90m1 ms - 14[39m
[35m[HTTP][39m [90m[39m
[35m[HTTP][39m [37m-->[39m [37mGET[39m [37m/wd/hub/session/884233ce-143a-44b7-80e4-bf909a86744d/window/rect[39m
[35m[HTTP][39m [90m{}[39m
[35m[HTTP][39m [37m<-- GET /wd/hub/session/884233ce-143a-44b7-80e4-bf909a86744d/window/rect [39m[32m200[39m [90m28 ms - 50[39m
[35m[HTTP][39m [90m[39m
[35m[HTTP][39m [37m-->[39m [37mPOST[39m [37m/wd/hub/session/884233ce-143a-44b7-80e4-bf909a86744d/elements[39m
[35m[HTTP][39m [90m{"using":"xpath","value":"//*[@class = 'android.widget.ImageView' and @resource-id = 'com.vq.mbrochuregp.client.android:id/iv_home_billing_icon' and (@text = '' or . = '')]"}[39m
[35m[HTTP][39m [37m<-- POST /wd/hub/session/884233ce-143a-44b7-80e4-bf909a86744d/elements [39m[32m200[39m [90m825 ms - 139[39m
[35m[HTTP][39m [90m[39m
[35m[HTTP][39m [37m-->[39m [37mGET[39m [37m/wd/hub/session/884233ce-143a-44b7-80e4-bf909a86744d/element/00000000-0000-06df-ffff-ffff00001313/location[39m
[35m[HTTP][39m [90m{}[39m
[35m[W3C (884233ce)][39m Driver proxy active, passing request on via HTTP proxy
[35m[WD Proxy][39m Replacing sessionId ac8cc660-6459-40ce-8f1f-9bb46470d8e4 with 884233ce-143a-44b7-80e4-bf909a86744d
[35m[HTTP][39m [37m<-- GET /wd/hub/session/884233ce-143a-44b7-80e4-bf909a86744d/element/00000000-0000-06df-ffff-ffff00001313/location [39m[32m200[39m [90m37 ms - 79[39m
[35m[HTTP][39m [90m[39m
[35m[HTTP][39m [37m-->[39m [37mPOST[39m [37m/wd/hub/session/884233ce-143a-44b7-80e4-bf909a86744d/timeouts[39m
[35m[HTTP][39m [90m{"implicit":30000}[39m
[35m[HTTP][39m [37m<-- POST /wd/hub/session/884233ce-143a-44b7-80e4-bf909a86744d/timeouts [39m[32m200[39m [90m2 ms - 14[39m
[35m[HTTP][39m [90m[39m
[35m[HTTP][39m [37m-->[39m [37mPOST[39m [37m/wd/hub/session/884233ce-143a-44b7-80e4-bf909a86744d/touch/perform[39m
[35m[HTTP][39m [90m{"actions":[{"action":"tap","options":{"x":1,"y":1,"element":"00000000-0000-06df-ffff-ffff00001313"}},{"action":"release","options":{}}]}[39m
[35m[UiAutomator2][39m calling get location: 00000000-0000-06df-ffff-ffff00001313
[35m[HTTP][39m [37m<-- POST /wd/hub/session/884233ce-143a-44b7-80e4-bf909a86744d/touch/perform [39m[32m200[39m [90m266 ms - 14[39m
[35m[HTTP][39m [90m[39m
[35m[HTTP][39m [37m-->[39m [37mGET[39m [37m/wd/hub/session/884233ce-143a-44b7-80e4-bf909a86744d/context[39m
[35m[HTTP][39m [90m{}[39m
[35m[HTTP][39m [37m<-- GET /wd/hub/session/884233ce-143a-44b7-80e4-bf909a86744d/context [39m[32m200[39m [90m4 ms - 22[39m
[35m[HTTP][39m [90m[39m
[35m[HTTP][39m [37m-->[39m [37mGET[39m [37m/wd/hub/session/884233ce-143a-44b7-80e4-bf909a86744d/contexts[39m
[35m[HTTP][39m [90m{}[39m
[35m[HTTP][39m [37m<-- GET /wd/hub/session/884233ce-143a-44b7-80e4-bf909a86744d/contexts [39m[32m200[39m [90m130 ms - 24[39m
[35m[HTTP][39m [90m[39m
[35m[HTTP][39m [37m-->[39m [37mPOST[39m [37m/wd/hub/session/884233ce-143a-44b7-80e4-bf909a86744d/context[39m
[35m[HTTP][39m [90m{"name":"NATIVE_APP"}[39m
[35m[HTTP][39m [37m<-- POST /wd/hub/session/884233ce-143a-44b7-80e4-bf909a86744d/context [39m[32m200[39m [90m3 ms - 14[39m
[35m[HTTP][39m [90m[39m
[35m[HTTP][39m [37m-->[39m [37mGET[39m [37m/wd/hub/session/884233ce-143a-44b7-80e4-bf909a86744d/window/rect[39m
[35m[HTTP][39m [90m{}[39m
[35m[HTTP][39m [37m<-- GET /wd/hub/session/884233ce-143a-44b7-80e4-bf909a86744d/window/rect [39m[32m200[39m [90m63 ms - 50[39m
[35m[HTTP][39m [90m[39m
[35m[HTTP][39m [37m-->[39m [37mPOST[39m [37m/wd/hub/session/884233ce-143a-44b7-80e4-bf909a86744d/execute/sync[39m
[35m[HTTP][39m [90m{"script":"mobile: viewportScreenshot","args":[]}[39m
[35m[AndroidDriver][39m Executing native command 'mobile: viewportScreenshot'
[35m[HTTP][39m [37m<-- POST /wd/hub/session/884233ce-143a-44b7-80e4-bf909a86744d/execute/sync [39m[32m200[39m [90m1410 ms - 152716[39m
[35m[HTTP][39m [90m[39m
[35m[HTTP][39m [37m-->[39m [37mPOST[39m [37m/wd/hub/session/884233ce-143a-44b7-80e4-bf909a86744d/context[39m
[35m[HTTP][39m [90m{"name":"NATIVE_APP"}[39m
[35m[HTTP][39m [37m<-- POST /wd/hub/session/884233ce-143a-44b7-80e4-bf909a86744d/context [39m[32m200[39m [90m2 ms - 14[39m
[35m[HTTP][39m [90m[39m
[35m[HTTP][39m [37m-->[39m [37mPOST[39m [37m/wd/hub/session/884233ce-143a-44b7-80e4-bf909a86744d/timeouts[39m
[35m[HTTP][39m [90m{"implicit":50}[39m
[35m[HTTP][39m [37m<-- POST /wd/hub/session/884233ce-143a-44b7-80e4-bf909a86744d/timeouts [39m[32m200[39m [90m2 ms - 14[39m
[35m[HTTP][39m [90m[39m
[35m[HTTP][39m [37m-->[39m [37mGET[39m [37m/wd/hub/session/884233ce-143a-44b7-80e4-bf909a86744d/window/rect[39m
[35m[HTTP][39m [90m{}[39m
[35m[HTTP][39m [37m<-- GET /wd/hub/session/884233ce-143a-44b7-80e4-bf909a86744d/window/rect [39m[32m200[39m [90m50 ms - 50[39m
[35m[HTTP][39m [90m[39m
[35m[HTTP][39m [37m-->[39m [37mPOST[39m [37m/wd/hub/session/884233ce-143a-44b7-80e4-bf909a86744d/elements[39m
[35m[HTTP][39m [90m{"using":"xpath","value":"//*[@class = 'android.widget.TextView' and (@text = 'Sudah Dibayar' or . = 'Sudah Dibayar')]"}[39m
[35m[HTTP][39m [37m<-- POST /wd/hub/session/884233ce-143a-44b7-80e4-bf909a86744d/elements [39m[32m200[39m [90m914 ms - 139[39m
[35m[HTTP][39m [90m[39m
[35m[HTTP][39m [37m-->[39m [37mGET[39m [37m/wd/hub/session/884233ce-143a-44b7-80e4-bf909a86744d/element/00000000-0000-06ef-ffff-ffff00001373/location[39m
[35m[HTTP][39m [90m{}[39m
[35m[W3C (884233ce)][39m Driver proxy active, passing request on via HTTP proxy
[35m[WD Proxy][39m Replacing sessionId ac8cc660-6459-40ce-8f1f-9bb46470d8e4 with 884233ce-143a-44b7-80e4-bf909a86744d
[35m[HTTP][39m [37m<-- GET /wd/hub/session/884233ce-143a-44b7-80e4-bf909a86744d/element/00000000-0000-06ef-ffff-ffff00001373/location [39m[32m200[39m [90m466 ms - 78[39m
[35m[HTTP][39m [90m[39m
[35m[HTTP][39m [37m-->[39m [37mPOST[39m [37m/wd/hub/session/884233ce-143a-44b7-80e4-bf909a86744d/timeouts[39m
[35m[HTTP][39m [90m{"implicit":30000}[39m
[35m[HTTP][39m [37m<-- POST /wd/hub/session/884233ce-143a-44b7-80e4-bf909a86744d/timeouts [39m[32m200[39m [90m2 ms - 14[39m
[35m[HTTP][39m [90m[39m
[35m[HTTP][39m [37m-->[39m [37mPOST[39m [37m/wd/hub/session/884233ce-143a-44b7-80e4-bf909a86744d/touch/perform[39m
[35m[HTTP][39m [90m{"actions":[{"action":"tap","options":{"x":1,"y":1,"element":"00000000-0000-06ef-ffff-ffff00001373"}},{"action":"release","options":{}}]}[39m
[35m[UiAutomator2][39m calling get location: 00000000-0000-06ef-ffff-ffff00001373
[35m[HTTP][39m [37m<-- POST /wd/hub/session/884233ce-143a-44b7-80e4-bf909a86744d/touch/perform [39m[32m200[39m [90m1030 ms - 14[39m
[35m[HTTP][39m [90m[39m
[35m[HTTP][39m [37m-->[39m [37mGET[39m [37m/wd/hub/session/884233ce-143a-44b7-80e4-bf909a86744d/context[39m
[35m[HTTP][39m [90m{}[39m
[35m[HTTP][39m [37m<-- GET /wd/hub/session/884233ce-143a-44b7-80e4-bf909a86744d/context [39m[32m200[39m [90m2 ms - 22[39m
[35m[HTTP][39m [90m[39m
[35m[HTTP][39m [37m-->[39m [37mGET[39m [37m/wd/hub/session/884233ce-143a-44b7-80e4-bf909a86744d/contexts[39m
[35m[HTTP][39m [90m{}[39m
[35m[HTTP][39m [37m<-- GET /wd/hub/session/884233ce-143a-44b7-80e4-bf909a86744d/contexts [39m[32m200[39m [90m131 ms - 24[39m
[35m[HTTP][39m [90m[39m
[35m[HTTP][39m [37m-->[39m [37mPOST[39m [37m/wd/hub/session/884233ce-143a-44b7-80e4-bf909a86744d/context[39m
[35m[HTTP][39m [90m{"name":"NATIVE_APP"}[39m
[35m[HTTP][39m [37m<-- POST /wd/hub/session/884233ce-143a-44b7-80e4-bf909a86744d/context [39m[32m200[39m [90m2 ms - 14[39m
[35m[HTTP][39m [90m[39m
[35m[HTTP][39m [37m-->[39m [37mGET[39m [37m/wd/hub/session/884233ce-143a-44b7-80e4-bf909a86744d/window/rect[39m
[35m[HTTP][39m [90m{}[39m
[35m[HTTP][39m [37m<-- GET /wd/hub/session/884233ce-143a-44b7-80e4-bf909a86744d/window/rect [39m[32m200[39m [90m45 ms - 50[39m
[35m[HTTP][39m [90m[39m
[35m[HTTP][39m [37m-->[39m [37mPOST[39m [37m/wd/hub/session/884233ce-143a-44b7-80e4-bf909a86744d/execute/sync[39m
[35m[HTTP][39m [90m{"script":"mobile: viewportScreenshot","args":[]}[39m
[35m[AndroidDriver][39m Executing native command 'mobile: viewportScreenshot'
[35m[HTTP][39m [37m<-- POST /wd/hub/session/884233ce-143a-44b7-80e4-bf909a86744d/execute/sync [39m[32m200[39m [90m1266 ms - 168432[39m
[35m[HTTP][39m [90m[39m
[35m[HTTP][39m [37m-->[39m [37mPOST[39m [37m/wd/hub/session/884233ce-143a-44b7-80e4-bf909a86744d/context[39m
[35m[HTTP][39m [90m{"name":"NATIVE_APP"}[39m
[35m[HTTP][39m [37m<-- POST /wd/hub/session/884233ce-143a-44b7-80e4-bf909a86744d/context [39m[32m200[39m [90m1 ms - 14[39m
[35m[HTTP][39m [90m[39m
[35m[HTTP][39m [37m-->[39m [37mPOST[39m [37m/wd/hub/session/884233ce-143a-44b7-80e4-bf909a86744d/timeouts[39m
[35m[HTTP][39m [90m{"implicit":50}[39m
[35m[HTTP][39m [37m<-- POST /wd/hub/session/884233ce-143a-44b7-80e4-bf909a86744d/timeouts [39m[32m200[39m [90m1 ms - 14[39m
[35m[HTTP][39m [90m[39m
[35m[HTTP][39m [37m-->[39m [37mGET[39m [37m/wd/hub/session/884233ce-143a-44b7-80e4-bf909a86744d/window/rect[39m
[35m[HTTP][39m [90m{}[39m
[35m[HTTP][39m [37m<-- GET /wd/hub/session/884233ce-143a-44b7-80e4-bf909a86744d/window/rect [39m[32m200[39m [90m51 ms - 50[39m
[35m[HTTP][39m [90m[39m
[35m[HTTP][39m [37m-->[39m [37mPOST[39m [37m/wd/hub/session/884233ce-143a-44b7-80e4-bf909a86744d/elements[39m
[35m[HTTP][39m [90m{"using":"xpath","value":"//*[@class = 'android.widget.TextView' and (@text = 'Belum Dibayar' or . = 'Belum Dibayar')]"}[39m
[35m[HTTP][39m [37m<-- POST /wd/hub/session/884233ce-143a-44b7-80e4-bf909a86744d/elements [39m[32m200[39m [90m376 ms - 139[39m
[35m[HTTP][39m [90m[39m
[35m[HTTP][39m [37m-->[39m [37mGET[39m [37m/wd/hub/session/884233ce-143a-44b7-80e4-bf909a86744d/element/00000000-0000-06ef-ffff-ffff00001370/location[39m
[35m[HTTP][39m [90m{}[39m
[35m[W3C (884233ce)][39m Driver proxy active, passing request on via HTTP proxy
[35m[WD Proxy][39m Replacing sessionId ac8cc660-6459-40ce-8f1f-9bb46470d8e4 with 884233ce-143a-44b7-80e4-bf909a86744d
[35m[HTTP][39m [37m<-- GET /wd/hub/session/884233ce-143a-44b7-80e4-bf909a86744d/element/00000000-0000-06ef-ffff-ffff00001370/location [39m[32m200[39m [90m480 ms - 78[39m
[35m[HTTP][39m [90m[39m
[35m[HTTP][39m [37m-->[39m [37mPOST[39m [37m/wd/hub/session/884233ce-143a-44b7-80e4-bf909a86744d/timeouts[39m
[35m[HTTP][39m [90m{"implicit":30000}[39m
[35m[HTTP][39m [37m<-- POST /wd/hub/session/884233ce-143a-44b7-80e4-bf909a86744d/timeouts [39m[32m200[39m [90m2 ms - 14[39m
[35m[HTTP][39m [90m[39m
[35m[HTTP][39m [37m-->[39m [37mPOST[39m [37m/wd/hub/session/884233ce-143a-44b7-80e4-bf909a86744d/touch/perform[39m
[35m[HTTP][39m [90m{"actions":[{"action":"tap","options":{"x":1,"y":1,"element":"00000000-0000-06ef-ffff-ffff00001370"}},{"action":"release","options":{}}]}[39m
[35m[UiAutomator2][39m calling get location: 00000000-0000-06ef-ffff-ffff00001370
[35m[HTTP][39m [37m<-- POST /wd/hub/session/884233ce-143a-44b7-80e4-bf909a86744d/touch/perform [39m[32m200[39m [90m319 ms - 14[39m
[35m[HTTP][39m [90m[39m
[35m[HTTP][39m [37m-->[39m [37mPOST[39m [37m/wd/hub/session/884233ce-143a-44b7-80e4-bf909a86744d/timeouts[39m
[35m[HTTP][39m [90m{"implicit":50}[39m
[35m[HTTP][39m [37m<-- POST /wd/hub/session/884233ce-143a-44b7-80e4-bf909a86744d/timeouts [39m[32m200[39m [90m1 ms - 14[39m
[35m[HTTP][39m [90m[39m
[35m[HTTP][39m [37m-->[39m [37mGET[39m [37m/wd/hub/session/884233ce-143a-44b7-80e4-bf909a86744d/window/rect[39m
[35m[HTTP][39m [90m{}[39m
[35m[HTTP][39m [37m<-- GET /wd/hub/session/884233ce-143a-44b7-80e4-bf909a86744d/window/rect [39m[32m200[39m [90m33 ms - 50[39m
[35m[HTTP][39m [90m[39m
[35m[HTTP][39m [37m-->[39m [37mPOST[39m [37m/wd/hub/session/884233ce-143a-44b7-80e4-bf909a86744d/elements[39m
[35m[HTTP][39m [90m{"using":"xpath","value":"//hierarchy/android.widget.FrameLayout[1]/android.widget.LinearLayout[1]/android.widget.FrameLayout[1]/android.widget.LinearLayout[1]/android.widget.FrameLayout[1]/android.view.ViewGroup[1]/androidx.viewpager.widget.ViewPager[1]/android.widget.FrameLayout[1]/android.view.ViewGroup[1]/android.widget.ScrollView[1]/android.widget.LinearLayout[1]/androidx.recyclerview.widget.RecyclerView[1]/android.widget.LinearLayout[1]/android.widget.RelativeLayout[1]"}[39m
[35m[HTTP][39m [37m<-- POST /wd/hub/session/884233ce-143a-44b7-80e4-bf909a86744d/elements [39m[32m200[39m [90m783 ms - 139[39m
[35m[HTTP][39m [90m[39m
[35m[HTTP][39m [37m-->[39m [37mGET[39m [37m/wd/hub/session/884233ce-143a-44b7-80e4-bf909a86744d/element/00000000-0000-06ef-ffff-ffff000013b1/location[39m
[35m[HTTP][39m [90m{}[39m
[35m[W3C (884233ce)][39m Driver proxy active, passing request on via HTTP proxy
[35m[WD Proxy][39m Replacing sessionId ac8cc660-6459-40ce-8f1f-9bb46470d8e4 with 884233ce-143a-44b7-80e4-bf909a86744d
[35m[HTTP][39m [37m<-- GET /wd/hub/session/884233ce-143a-44b7-80e4-bf909a86744d/element/00000000-0000-06ef-ffff-ffff000013b1/location [39m[32m200[39m [90m995 ms - 77[39m
[35m[HTTP][39m [90m[39m
[35m[HTTP][39m [37m-->[39m [37mPOST[39m [37m/wd/hub/session/884233ce-143a-44b7-80e4-bf909a86744d/timeouts[39m
[35m[HTTP][39m [90m{"implicit":30000}[39m
[35m[HTTP][39m [37m<-- POST /wd/hub/session/884233ce-143a-44b7-80e4-bf909a86744d/timeouts [39m[32m200[39m [90m2 ms - 14[39m
[35m[HTTP][39m [90m[39m
[35m[HTTP][39m [37m-->[39m [37mPOST[39m [37m/wd/hub/session/884233ce-143a-44b7-80e4-bf909a86744d/touch/perform[39m
[35m[HTTP][39m [90m{"actions":[{"action":"tap","options":{"x":1,"y":1,"element":"00000000-0000-06ef-ffff-ffff000013b1"}},{"action":"release","options":{}}]}[39m
[35m[UiAutomator2][39m calling get location: 00000000-0000-06ef-ffff-ffff000013b1
[35m[HTTP][39m [37m<-- POST /wd/hub/session/884233ce-143a-44b7-80e4-bf909a86744d/touch/perform [39m[32m200[39m [90m842 ms - 14[39m
[35m[HTTP][39m [90m[39m
[35m[HTTP][39m [37m-->[39m [37mGET[39m [37m/wd/hub/session/884233ce-143a-44b7-80e4-bf909a86744d/context[39m
[35m[HTTP][39m [90m{}[39m
[35m[HTTP][39m [37m<-- GET /wd/hub/session/884233ce-143a-44b7-80e4-bf909a86744d/context [39m[32m200[39m [90m2 ms - 22[39m
[35m[HTTP][39m [90m[39m
[35m[HTTP][39m [37m-->[39m [37mGET[39m [37m/wd/hub/session/884233ce-143a-44b7-80e4-bf909a86744d/contexts[39m
[35m[HTTP][39m [90m{}[39m
[35m[HTTP][39m [37m<-- GET /wd/hub/session/884233ce-143a-44b7-80e4-bf909a86744d/contexts [39m[32m200[39m [90m133 ms - 24[39m
[35m[HTTP][39m [90m[39m
[35m[HTTP][39m [37m-->[39m [37mPOST[39m [37m/wd/hub/session/884233ce-143a-44b7-80e4-bf909a86744d/context[39m
[35m[HTTP][39m [90m{"name":"NATIVE_APP"}[39m
[35m[HTTP][39m [37m<-- POST /wd/hub/session/884233ce-143a-44b7-80e4-bf909a86744d/context [39m[32m200[39m [90m2 ms - 14[39m
[35m[HTTP][39m [90m[39m
[35m[HTTP][39m [37m-->[39m [37mGET[39m [37m/wd/hub/session/884233ce-143a-44b7-80e4-bf909a86744d/window/rect[39m
[35m[HTTP][39m [90m{}[39m
[35m[HTTP][39m [37m<-- GET /wd/hub/session/884233ce-143a-44b7-80e4-bf909a86744d/window/rect [39m[32m200[39m [90m47 ms - 50[39m
[35m[HTTP][39m [90m[39m
[35m[HTTP][39m [37m-->[39m [37mPOST[39m [37m/wd/hub/session/884233ce-143a-44b7-80e4-bf909a86744d/execute/sync[39m
[35m[HTTP][39m [90m{"script":"mobile: viewportScreenshot","args":[]}[39m
[35m[AndroidDriver][39m Executing native command 'mobile: viewportScreenshot'
[35m[HTTP][39m [37m<-- POST /wd/hub/session/884233ce-143a-44b7-80e4-bf909a86744d/execute/sync [39m[32m200[39m [90m1438 ms - 219952[39m
[35m[HTTP][39m [90m[39m
[35m[HTTP][39m [37m-->[39m [37mPOST[39m [37m/wd/hub/session/884233ce-143a-44b7-80e4-bf909a86744d/context[39m
[35m[HTTP][39m [90m{"name":"NATIVE_APP"}[39m
[35m[HTTP][39m [37m<-- POST /wd/hub/session/884233ce-143a-44b7-80e4-bf909a86744d/context [39m[32m200[39m [90m1 ms - 14[39m
[35m[HTTP][39m [90m[39m
[35m[HTTP][39m [37m-->[39m [37mPOST[39m [37m/wd/hub/session/884233ce-143a-44b7-80e4-bf909a86744d/timeouts[39m
[35m[HTTP][39m [90m{"implicit":50}[39m
[35m[HTTP][39m [37m<-- POST /wd/hub/session/884233ce-143a-44b7-80e4-bf909a86744d/timeouts [39m[32m200[39m [90m1 ms - 14[39m
[35m[HTTP][39m [90m[39m
[35m[HTTP][39m [37m-->[39m [37mGET[39m [37m/wd/hub/session/884233ce-143a-44b7-80e4-bf909a86744d/window/rect[39m
[35m[HTTP][39m [90m{}[39m
[35m[HTTP][39m [37m<-- GET /wd/hub/session/884233ce-143a-44b7-80e4-bf909a86744d/window/rect [39m[32m200[39m [90m48 ms - 50[39m
[35m[HTTP][39m [90m[39m
[35m[HTTP][39m [37m-->[39m [37mPOST[39m [37m/wd/hub/session/884233ce-143a-44b7-80e4-bf909a86744d/elements[39m
[35m[HTTP][39m [90m{"using":"xpath","value":"//*[@class = 'android.widget.Button' and (@text = 'Email' or . = 'Email') and @resource-id = 'com.vq.mbrochuregp.client.android:id/btn_billing_detail_email']"}[39m
[35m[HTTP][39m [37m<-- POST /wd/hub/session/884233ce-143a-44b7-80e4-bf909a86744d/elements [39m[32m200[39m [90m455 ms - 139[39m
[35m[HTTP][39m [90m[39m
[35m[HTTP][39m [37m-->[39m [37mGET[39m [37m/wd/hub/session/884233ce-143a-44b7-80e4-bf909a86744d/element/00000000-0000-06f0-ffff-ffff0000140b/location[39m
[35m[HTTP][39m [90m{}[39m
[35m[W3C (884233ce)][39m Driver proxy active, passing request on via HTTP proxy
[35m[WD Proxy][39m Replacing sessionId ac8cc660-6459-40ce-8f1f-9bb46470d8e4 with 884233ce-143a-44b7-80e4-bf909a86744d
[35m[HTTP][39m [37m<-- GET /wd/hub/session/884233ce-143a-44b7-80e4-bf909a86744d/element/00000000-0000-06f0-ffff-ffff0000140b/location [39m[32m200[39m [90m553 ms - 79[39m
[35m[HTTP][39m [90m[39m
[35m[HTTP][39m [37m-->[39m [37mPOST[39m [37m/wd/hub/session/884233ce-143a-44b7-80e4-bf909a86744d/timeouts[39m
[35m[HTTP][39m [90m{"implicit":30000}[39m
[35m[HTTP][39m [37m<-- POST /wd/hub/session/884233ce-143a-44b7-80e4-bf909a86744d/timeouts [39m[32m200[39m [90m2 ms - 14[39m
[35m[HTTP][39m [90m[39m
[35m[HTTP][39m [37m-->[39m [37mPOST[39m [37m/wd/hub/session/884233ce-143a-44b7-80e4-bf909a86744d/touch/perform[39m
[35m[HTTP][39m [90m{"actions":[{"action":"tap","options":{"x":1,"y":1,"element":"00000000-0000-06f0-ffff-ffff0000140b"}},{"action":"release","options":{}}]}[39m
[35m[UiAutomator2][39m calling get location: 00000000-0000-06f0-ffff-ffff0000140b
[35m[HTTP][39m [37m<-- POST /wd/hub/session/884233ce-143a-44b7-80e4-bf909a86744d/touch/perform [39m[32m200[39m [90m326 ms - 14[39m
[35m[HTTP][39m [90m[39m
[35m[HTTP][39m [37m-->[39m [37mGET[39m [37m/wd/hub/session/884233ce-143a-44b7-80e4-bf909a86744d/context[39m
[35m[HTTP][39m [90m{}[39m
[35m[HTTP][39m [37m<-- GET /wd/hub/session/884233ce-143a-44b7-80e4-bf909a86744d/context [39m[32m200[39m [90m2 ms - 22[39m
[35m[HTTP][39m [90m[39m
[35m[HTTP][39m [37m-->[39m [37mGET[39m [37m/wd/hub/session/884233ce-143a-44b7-80e4-bf909a86744d/contexts[39m
[35m[HTTP][39m [90m{}[39m
[35m[HTTP][39m [37m<-- GET /wd/hub/session/884233ce-143a-44b7-80e4-bf909a86744d/contexts [39m[32m200[39m [90m134 ms - 24[39m
[35m[HTTP][39m [90m[39m
[35m[HTTP][39m [37m-->[39m [37mPOST[39m [37m/wd/hub/session/884233ce-143a-44b7-80e4-bf909a86744d/context[39m
[35m[HTTP][39m [90m{"name":"NATIVE_APP"}[39m
[35m[HTTP][39m [37m<-- POST /wd/hub/session/884233ce-143a-44b7-80e4-bf909a86744d/context [39m[32m200[39m [90m2 ms - 14[39m
[35m[HTTP][39m [90m[39m
[35m[HTTP][39m [37m-->[39m [37mGET[39m [37m/wd/hub/session/884233ce-143a-44b7-80e4-bf909a86744d/window/rect[39m
[35m[HTTP][39m [90m{}[39m
[35m[HTTP][39m [37m<-- GET /wd/hub/session/884233ce-143a-44b7-80e4-bf909a86744d/window/rect [39m[32m200[39m [90m43 ms - 50[39m
[35m[HTTP][39m [90m[39m
[35m[HTTP][39m [37m-->[39m [37mPOST[39m [37m/wd/hub/session/884233ce-143a-44b7-80e4-bf909a86744d/execute/sync[39m
[35m[HTTP][39m [90m{"script":"mobile: viewportScreenshot","args":[]}[39m
[35m[AndroidDriver][39m Executing native command 'mobile: viewportScreenshot'
[35m[HTTP][39m [37m<-- POST /wd/hub/session/884233ce-143a-44b7-80e4-bf909a86744d/execute/sync [39m[32m200[39m [90m1368 ms - 212300[39m
[35m[HTTP][39m [90m[39m
[35m[HTTP][39m [37m-->[39m [37mPOST[39m [37m/wd/hub/session/884233ce-143a-44b7-80e4-bf909a86744d/context[39m
[35m[HTTP][39m [90m{"name":"NATIVE_APP"}[39m
[35m[HTTP][39m [37m<-- POST /wd/hub/session/884233ce-143a-44b7-80e4-bf909a86744d/context [39m[32m200[39m [90m2 ms - 14[39m
[35m[HTTP][39m [90m[39m
[35m[HTTP][39m [37m-->[39m [37mPOST[39m [37m/wd/hub/session/884233ce-143a-44b7-80e4-bf909a86744d/timeouts[39m
[35m[HTTP][39m [90m{"implicit":50}[39m
[35m[HTTP][39m [37m<-- POST /wd/hub/session/884233ce-143a-44b7-80e4-bf909a86744d/timeouts [39m[32m200[39m [90m2 ms - 14[39m
[35m[HTTP][39m [90m[39m
[35m[HTTP][39m [37m-->[39m [37mGET[39m [37m/wd/hub/session/884233ce-143a-44b7-80e4-bf909a86744d/window/rect[39m
[35m[HTTP][39m [90m{}[39m
[35m[HTTP][39m [37m<-- GET /wd/hub/session/884233ce-143a-44b7-80e4-bf909a86744d/window/rect [39m[32m200[39m [90m46 ms - 50[39m
[35m[HTTP][39m [90m[39m
[35m[HTTP][39m [37m-->[39m [37mPOST[39m [37m/wd/hub/session/884233ce-143a-44b7-80e4-bf909a86744d/elements[39m
[35m[HTTP][39m [90m{"using":"xpath","value":"//*[@class = 'android.widget.Button' and (@text = 'Kirim' or . = 'Kirim') and @resource-id = 'com.vq.mbrochuregp.client.android:id/btn_stnk_send_email_send_email']"}[39m
[35m[HTTP][39m [37m<-- POST /wd/hub/session/884233ce-143a-44b7-80e4-bf909a86744d/elements [39m[32m200[39m [90m221 ms - 139[39m
[35m[HTTP][39m [90m[39m
[35m[HTTP][39m [37m-->[39m [37mGET[39m [37m/wd/hub/session/884233ce-143a-44b7-80e4-bf909a86744d/element/00000000-0000-06f1-ffff-ffff00001426/location[39m
[35m[HTTP][39m [90m{}[39m
[35m[W3C (884233ce)][39m Driver proxy active, passing request on via HTTP proxy
[35m[WD Proxy][39m Replacing sessionId ac8cc660-6459-40ce-8f1f-9bb46470d8e4 with 884233ce-143a-44b7-80e4-bf909a86744d
[35m[HTTP][39m [37m<-- GET /wd/hub/session/884233ce-143a-44b7-80e4-bf909a86744d/element/00000000-0000-06f1-ffff-ffff00001426/location [39m[32m200[39m [90m38 ms - 78[39m
[35m[HTTP][39m [90m[39m
[35m[HTTP][39m [37m-->[39m [37mPOST[39m [37m/wd/hub/session/884233ce-143a-44b7-80e4-bf909a86744d/timeouts[39m
[35m[HTTP][39m [90m{"implicit":30000}[39m
[35m[HTTP][39m [37m<-- POST /wd/hub/session/884233ce-143a-44b7-80e4-bf909a86744d/timeouts [39m[32m200[39m [90m2 ms - 14[39m
[35m[HTTP][39m [90m[39m
[35m[HTTP][39m [37m-->[39m [37mPOST[39m [37m/wd/hub/session/884233ce-143a-44b7-80e4-bf909a86744d/touch/perform[39m
[35m[HTTP][39m [90m{"actions":[{"action":"tap","options":{"x":1,"y":1,"element":"00000000-0000-06f1-ffff-ffff00001426"}},{"action":"release","options":{}}]}[39m
[35m[UiAutomator2][39m calling get location: 00000000-0000-06f1-ffff-ffff00001426
[35m[HTTP][39m [37m<-- POST /wd/hub/session/884233ce-143a-44b7-80e4-bf909a86744d/touch/perform [39m[32m200[39m [90m305 ms - 14[39m
[35m[HTTP][39m [90m[39m
[35m[HTTP][39m [37m-->[39m [37mGET[39m [37m/wd/hub/session/884233ce-143a-44b7-80e4-bf909a86744d/context[39m
[35m[HTTP][39m [90m{}[39m
[35m[HTTP][39m [37m<-- GET /wd/hub/session/884233ce-143a-44b7-80e4-bf909a86744d/context [39m[32m200[39m [90m2 ms - 22[39m
[35m[HTTP][39m [90m[39m
[35m[HTTP][39m [37m-->[39m [37mGET[39m [37m/wd/hub/session/884233ce-143a-44b7-80e4-bf909a86744d/contexts[39m
[35m[HTTP][39m [90m{}[39m
[35m[HTTP][39m [37m<-- GET /wd/hub/session/884233ce-143a-44b7-80e4-bf909a86744d/contexts [39m[32m200[39m [90m127 ms - 24[39m
[35m[HTTP][39m [90m[39m
[35m[HTTP][39m [37m-->[39m [37mPOST[39m [37m/wd/hub/session/884233ce-143a-44b7-80e4-bf909a86744d/context[39m
[35m[HTTP][39m [90m{"name":"NATIVE_APP"}[39m
[35m[HTTP][39m [37m<-- POST /wd/hub/session/884233ce-143a-44b7-80e4-bf909a86744d/context [39m[32m200[39m [90m2 ms - 14[39m
[35m[HTTP][39m [90m[39m
[35m[HTTP][39m [37m-->[39m [37mGET[39m [37m/wd/hub/session/884233ce-143a-44b7-80e4-bf909a86744d/window/rect[39m
[35m[HTTP][39m [90m{}[39m
[35m[HTTP][39m [37m<-- GET /wd/hub/session/884233ce-143a-44b7-80e4-bf909a86744d/window/rect [39m[32m200[39m [90m35 ms - 50[39m
[35m[HTTP][39m [90m[39m
[35m[HTTP][39m [37m-->[39m [37mPOST[39m [37m/wd/hub/session/884233ce-143a-44b7-80e4-bf909a86744d/execute/sync[39m
[35m[HTTP][39m [90m{"script":"mobile: viewportScreenshot","args":[]}[39m
[35m[AndroidDriver][39m Executing native command 'mobile: viewportScreenshot'
[35m[HTTP][39m [37m<-- POST /wd/hub/session/884233ce-143a-44b7-80e4-bf909a86744d/execute/sync [39m[32m200[39m [90m1324 ms - 288120[39m
[35m[HTTP][39m [90m[39m
[35m[HTTP][39m [37m-->[39m [37mPOST[39m [37m/wd/hub/session/884233ce-143a-44b7-80e4-bf909a86744d/context[39m
[35m[HTTP][39m [90m{"name":"NATIVE_APP"}[39m
[35m[HTTP][39m [37m<-- POST /wd/hub/session/884233ce-143a-44b7-80e4-bf909a86744d/context [39m[32m200[39m [90m2 ms - 14[39m
[35m[HTTP][39m [90m[39m
[35m[HTTP][39m [37m-->[39m [37mGET[39m [37m/wd/hub/session/884233ce-143a-44b7-80e4-bf909a86744d/context[39m
[35m[HTTP][39m [90m{}[39m
[35m[HTTP][39m [37m<-- GET /wd/hub/session/884233ce-143a-44b7-80e4-bf909a86744d/context [39m[32m200[39m [90m2 ms - 22[39m
[35m[HTTP][39m [90m[39m
[35m[HTTP][39m [37m-->[39m [37mGET[39m [37m/wd/hub/session/884233ce-143a-44b7-80e4-bf909a86744d/contexts[39m
[35m[HTTP][39m [90m{}[39m
[35m[HTTP][39m [37m<-- GET /wd/hub/session/884233ce-143a-44b7-80e4-bf909a86744d/contexts [39m[32m200[39m [90m117 ms - 24[39m
[35m[HTTP][39m [90m[39m
[35m[HTTP][39m [37m-->[39m [37mPOST[39m [37m/wd/hub/session/884233ce-143a-44b7-80e4-bf909a86744d/context[39m
[35m[HTTP][39m [90m{"name":"NATIVE_APP"}[39m
[35m[HTTP][39m [37m<-- POST /wd/hub/session/884233ce-143a-44b7-80e4-bf909a86744d/context [39m[32m200[39m [90m2 ms - 14[39m
[35m[HTTP][39m [90m[39m
[35m[HTTP][39m [37m-->[39m [37mPOST[39m [37m/wd/hub/session/884233ce-143a-44b7-80e4-bf909a86744d/appium/device/press_keycode[39m
[35m[HTTP][39m [90m{"keycode":4}[39m
[35m[HTTP][39m [37m<-- POST /wd/hub/session/884233ce-143a-44b7-80e4-bf909a86744d/appium/device/press_keycode [39m[32m200[39m [90m796 ms - 14[39m
[35m[HTTP][39m [90m[39m
[35m[HTTP][39m [37m-->[39m [37mPOST[39m [37m/wd/hub/session/884233ce-143a-44b7-80e4-bf909a86744d/context[39m
[35m[HTTP][39m [90m{"name":"NATIVE_APP"}[39m
[35m[HTTP][39m [37m<-- POST /wd/hub/session/884233ce-143a-44b7-80e4-bf909a86744d/context [39m[32m200[39m [90m2 ms - 14[39m
[35m[HTTP][39m [90m[39m
[35m[HTTP][39m [37m-->[39m [37mGET[39m [37m/wd/hub/session/884233ce-143a-44b7-80e4-bf909a86744d/context[39m
[35m[HTTP][39m [90m{}[39m
[35m[HTTP][39m [37m<-- GET /wd/hub/session/884233ce-143a-44b7-80e4-bf909a86744d/context [39m[32m200[39m [90m3 ms - 22[39m
[35m[HTTP][39m [90m[39m
[35m[HTTP][39m [37m-->[39m [37mGET[39m [37m/wd/hub/session/884233ce-143a-44b7-80e4-bf909a86744d/contexts[39m
[35m[HTTP][39m [90m{}[39m
[35m[HTTP][39m [37m<-- GET /wd/hub/session/884233ce-143a-44b7-80e4-bf909a86744d/contexts [39m[32m200[39m [90m117 ms - 24[39m
[35m[HTTP][39m [90m[39m
[35m[HTTP][39m [37m-->[39m [37mPOST[39m [37m/wd/hub/session/884233ce-143a-44b7-80e4-bf909a86744d/context[39m
[35m[HTTP][39m [90m{"name":"NATIVE_APP"}[39m
[35m[HTTP][39m [37m<-- POST /wd/hub/session/884233ce-143a-44b7-80e4-bf909a86744d/context [39m[32m200[39m [90m2 ms - 14[39m
[35m[HTTP][39m [90m[39m
[35m[HTTP][39m [37m-->[39m [37mPOST[39m [37m/wd/hub/session/884233ce-143a-44b7-80e4-bf909a86744d/appium/device/press_keycode[39m
[35m[HTTP][39m [90m{"keycode":4}[39m
[35m[HTTP][39m [37m<-- POST /wd/hub/session/884233ce-143a-44b7-80e4-bf909a86744d/appium/device/press_keycode [39m[32m200[39m [90m518 ms - 14[39m
[35m[HTTP][39m [90m[39m
[35m[HTTP][39m [37m-->[39m [37mPOST[39m [37m/wd/hub/session/884233ce-143a-44b7-80e4-bf909a86744d/context[39m
[35m[HTTP][39m [90m{"name":"NATIVE_APP"}[39m
[35m[HTTP][39m [37m<-- POST /wd/hub/session/884233ce-143a-44b7-80e4-bf909a86744d/context [39m[32m200[39m [90m5 ms - 14[39m
[35m[HTTP][39m [90m[39m
[35m[HTTP][39m [37m-->[39m [37mGET[39m [37m/wd/hub/session/884233ce-143a-44b7-80e4-bf909a86744d/window/rect[39m
[35m[HTTP][39m [90m{}[39m
[35m[HTTP][39m [37m<-- GET /wd/hub/session/884233ce-143a-44b7-80e4-bf909a86744d/window/rect [39m[32m200[39m [90m25 ms - 50[39m
[35m[HTTP][39m [90m[39m
[35m[HTTP][39m [37m-->[39m [37mPOST[39m [37m/wd/hub/session/884233ce-143a-44b7-80e4-bf909a86744d/elements[39m
[35m[HTTP][39m [90m{"using":"xpath","value":"//*[@resource-id = 'com.vq.mbrochuregp.client.android:id/iv_home_profil_icon' and @package = 'com.vq.mbrochuregp.client.android']"}[39m
[35m[HTTP][39m [37m<-- POST /wd/hub/session/884233ce-143a-44b7-80e4-bf909a86744d/elements [39m[32m200[39m [90m2924 ms - 139[39m
[35m[HTTP][39m [90m[39m
[35m[HTTP][39m [37m-->[39m [37mGET[39m [37m/wd/hub/session/884233ce-143a-44b7-80e4-bf909a86744d/element/00000000-0000-06ef-ffff-ffff00001381/location[39m
[35m[HTTP][39m [90m{}[39m
[35m[W3C (884233ce)][39m Driver proxy active, passing request on via HTTP proxy
[35m[WD Proxy][39m Replacing sessionId ac8cc660-6459-40ce-8f1f-9bb46470d8e4 with 884233ce-143a-44b7-80e4-bf909a86744d
[35m[HTTP][39m [37m<-- GET /wd/hub/session/884233ce-143a-44b7-80e4-bf909a86744d/element/00000000-0000-06ef-ffff-ffff00001381/location [39m[32m200[39m [90m35 ms - 79[39m
[35m[HTTP][39m [90m[39m
[35m[HTTP][39m [37m-->[39m [37mPOST[39m [37m/wd/hub/session/884233ce-143a-44b7-80e4-bf909a86744d/element/00000000-0000-06ef-ffff-ffff00001381/click[39m
[35m[HTTP][39m [90m{"id":"00000000-0000-06ef-ffff-ffff00001381"}[39m
[35m[HTTP][39m [37m<-- POST /wd/hub/session/884233ce-143a-44b7-80e4-bf909a86744d/element/00000000-0000-06ef-ffff-ffff00001381/click [39m[32m200[39m [90m1717 ms - 14[39m
[35m[HTTP][39m [90m[39m
[35m[HTTP][39m [37m-->[39m [37mDELETE[39m [37m/wd/hub/session/884233ce-143a-44b7-80e4-bf909a86744d[39m
[35m[HTTP][39m [90m{}[39m
[35m[Appium][39m Removing session 884233ce-143a-44b7-80e4-bf909a86744d from our master session list
[35m[UiAutomator2][39m Restoring hidden api policy to the device default configuration
[35m[HTTP][39m [37m<-- DELETE /wd/hub/session/884233ce-143a-44b7-80e4-bf909a86744d [39m[32m200[39m [90m570 ms - 14[39m
[35m[HTTP][39m [90m[39m
