[35m[Appium][39m Welcome to Appium v1.22.2
[35m[Appium][39m Non-default server args:
[35m[Appium][39m   port: 61359
[35m[Appium][39m   loglevel: info
[35m[Appium][39m   tmpDir: C:\Users\NIAYUS~1\AppData\Local\Temp\\Katalon\Appium\Temp1655276548684
[35m[Appium][39m   chromedriverPort: 61360
[35m[Appium][39m Deprecated server args:
[35m[Appium][39m   [31m--chromedriver-port[39m => --default-capabilities
[35m[Appium][39m Default capabilities, which will be added to each request unless overridden by desired capabilities:
[35m[Appium][39m   chromedriverPort: 61360
[35m[Appium][39m Appium REST http interface listener started on 0.0.0.0:61359
[35m[HTTP][39m [37m-->[39m [37mGET[39m [37m/wd/hub/status[39m
[35m[HTTP][39m [90m{}[39m
[35m[HTTP][39m [37m<-- GET /wd/hub/status [39m[32m200[39m [90m16 ms - 68[39m
[35m[HTTP][39m [90m[39m
[35m[HTTP][39m [37m-->[39m [37mPOST[39m [37m/wd/hub/session[39m
[35m[HTTP][39m [90m{"desiredCapabilities":{"appActivity":".Settings","appPackage":"com.android.settings","newCommandTimeout":1800,"platformVersion":"11","automationName":"uiautomator2","autoGrantPermissions":true,"platformName":"Android","udid":"RR8N605F11Y","deviceName":"samsung SM-M315F (Android 11)","platform":"ANDROID","systemPort":8203},"capabilities":{"firstMatch":[{"appium:appActivity":".Settings","appium:appPackage":"com.android.settings","appium:autoGrantPermissions":true,"appium:automationName":"uiautomator2","appium:deviceName":"samsung SM-M315F (Android 11)","appium:newCommandTimeout":1800,"platform":"ANDROID","platformName":"android","appium:platformVersion":"11","appium:systemPort":8203,"appium:udid":"RR8N605F11Y"}]}}[39m
[35m[BaseDriver][39m The following capabilities are not standard capabilities and should have an extension prefix:
[35m[BaseDriver][39m   platform
[35m[BaseDriver][39m   chromedriverPort
[35m[Appium][39m Appium v1.22.2 creating new AndroidUiautomator2Driver (v1.70.1) session
[35m[BaseDriver][39m The following capabilities were provided, but are not recognized by Appium:
[35m[BaseDriver][39m   platform
[35m[BaseDriver][39m Session created with session id: d8c9ddc9-113a-478e-a6f1-c1c539b5c0f2
[35m[UiAutomator2][39m Starting 'com.android.settings' directly on the device
[35m[ADB][39m Cannot sort build-tools folders ["29.0.3","android-8.1.0"] by semantic version names.
[35m[ADB][39m Falling back to sorting by modification date. Original error: Invalid Version: android-8.1.0
[35m[ADB][39m Found 2 'build-tools' folders under 'C:\Users\Nia Yusniati\.katalon\tools\android_sdk' (newest first):
[35m[ADB][39m     C:/Users/Nia Yusniati/.katalon/tools/android_sdk/build-tools/29.0.3
[35m[ADB][39m     C:/Users/Nia Yusniati/.katalon/tools/android_sdk/build-tools/android-8.1.0
[35m[ADB][39m Using 'adb.exe' from 'C:\Users\Nia Yusniati\.katalon\tools\android_sdk\platform-tools\adb.exe'
[35m[AndroidDriver][39m Retrieving device list
[35m[AndroidDriver][39m Using device: RR8N605F11Y
[35m[ADB][39m Using 'adb.exe' from 'C:\Users\Nia Yusniati\.katalon\tools\android_sdk\platform-tools\adb.exe'
[35m[ADB][39m Getting device platform version
[35m[UiAutomator2][39m Relaxing hidden api policy
[35m[AndroidDriver][39m No app sent in, not parsing package/activity
[35m[ADB][39m Using 'apksigner.jar' from 'C:\Users\Nia Yusniati\.katalon\tools\android_sdk\build-tools\29.0.3\lib\apksigner.jar'
[35m[ADB][39m 'C:\Users\Nia Yusniati\AppData\Roaming\npm\node_modules\appium\node_modules\appium-uiautomator2-server\apks\appium-uiautomator2-server-v4.27.0.apk' is signed with the default certificate
[35m[ADB][39m 'C:\Users\Nia Yusniati\AppData\Roaming\npm\node_modules\appium\node_modules\appium-uiautomator2-server\apks\appium-uiautomator2-server-debug-androidTest.apk' is signed with the default certificate
[35m[UiAutomator2][39m Server packages are not going to be (re)installed
[35m[ADB][39m Adding packages ["io.appium.settings","io.appium.uiautomator2.server","io.appium.uiautomator2.server.test"] to Doze whitelist
[35m[UiAutomator2][39m Starting UIAutomator2 server 4.27.0
[35m[UiAutomator2][39m Using UIAutomator2 server from 'C:\Users\Nia Yusniati\AppData\Roaming\npm\node_modules\appium\node_modules\appium-uiautomator2-server\apks\appium-uiautomator2-server-v4.27.0.apk' and test from 'C:\Users\Nia Yusniati\AppData\Roaming\npm\node_modules\appium\node_modules\appium-uiautomator2-server\apks\appium-uiautomator2-server-debug-androidTest.apk'
[35m[UiAutomator2][39m Waiting up to 30000ms for UiAutomator2 to be online...
[35m[WD Proxy][39m socket hang up
[35m[WD Proxy][39m socket hang up
[35m[WD Proxy][39m socket hang up
[35m[WD Proxy][39m Determined the downstream protocol as 'W3C'
[35m[AndroidDriver][39m Screen already unlocked, doing nothing
[35m[UiAutomator2][39m Starting 'com.android.settings/.Settings and waiting for 'com.android.settings/.Settings'
[35m[Appium][39m New AndroidUiautomator2Driver session created successfully, session d8c9ddc9-113a-478e-a6f1-c1c539b5c0f2 added to master session list
[35m[HTTP][39m [37m<-- POST /wd/hub/session [39m[32m200[39m [90m11494 ms - 1158[39m
[35m[HTTP][39m [90m[39m
[35m[HTTP][39m [37m-->[39m [37mGET[39m [37m/wd/hub/session/d8c9ddc9-113a-478e-a6f1-c1c539b5c0f2[39m
[35m[HTTP][39m [90m{}[39m
[35m[HTTP][39m [37m<-- GET /wd/hub/session/d8c9ddc9-113a-478e-a6f1-c1c539b5c0f2 [39m[32m200[39m [90m15 ms - 1112[39m
[35m[HTTP][39m [90m[39m
[35m[HTTP][39m [37m-->[39m [37mGET[39m [37m/wd/hub/session/d8c9ddc9-113a-478e-a6f1-c1c539b5c0f2[39m
[35m[HTTP][39m [90m{}[39m
[35m[HTTP][39m [37m<-- GET /wd/hub/session/d8c9ddc9-113a-478e-a6f1-c1c539b5c0f2 [39m[32m200[39m [90m25 ms - 1112[39m
[35m[HTTP][39m [90m[39m
[35m[HTTP][39m [37m-->[39m [37mGET[39m [37m/wd/hub/status[39m
[35m[HTTP][39m [90m{}[39m
[35m[HTTP][39m [37m<-- GET /wd/hub/status [39m[32m200[39m [90m1 ms - 68[39m
[35m[HTTP][39m [90m[39m
[35m[HTTP][39m [37m-->[39m [37mPOST[39m [37m/wd/hub/session/d8c9ddc9-113a-478e-a6f1-c1c539b5c0f2/timeouts[39m
[35m[HTTP][39m [90m{"implicit":30000}[39m
[35m[HTTP][39m [37m<-- POST /wd/hub/session/d8c9ddc9-113a-478e-a6f1-c1c539b5c0f2/timeouts [39m[32m200[39m [90m4 ms - 14[39m
[35m[HTTP][39m [90m[39m
[35m[HTTP][39m [37m-->[39m [37mGET[39m [37m/wd/hub/session/d8c9ddc9-113a-478e-a6f1-c1c539b5c0f2/screenshot[39m
[35m[HTTP][39m [90m{}[39m
[35m[HTTP][39m [37m<-- GET /wd/hub/session/d8c9ddc9-113a-478e-a6f1-c1c539b5c0f2/screenshot [39m[32m200[39m [90m544 ms - 217632[39m
[35m[HTTP][39m [90m[39m
[35m[HTTP][39m [37m-->[39m [37mGET[39m [37m/wd/hub/session/d8c9ddc9-113a-478e-a6f1-c1c539b5c0f2/window/rect[39m
[35m[HTTP][39m [90m{}[39m
[35m[HTTP][39m [37m<-- GET /wd/hub/session/d8c9ddc9-113a-478e-a6f1-c1c539b5c0f2/window/rect [39m[32m200[39m [90m25 ms - 50[39m
[35m[HTTP][39m [90m[39m
[35m[HTTP][39m [37m-->[39m [37mGET[39m [37m/wd/hub/session/d8c9ddc9-113a-478e-a6f1-c1c539b5c0f2/appium/device/system_bars[39m
[35m[HTTP][39m [90m{}[39m
[35m[HTTP][39m [37m<-- GET /wd/hub/session/d8c9ddc9-113a-478e-a6f1-c1c539b5c0f2/appium/device/system_bars [39m[32m200[39m [90m107 ms - 148[39m
[35m[HTTP][39m [90m[39m
[35m[HTTP][39m [37m-->[39m [37mPOST[39m [37m/wd/hub/session/d8c9ddc9-113a-478e-a6f1-c1c539b5c0f2/appium/device/activate_app[39m
[35m[HTTP][39m [90m{"bundleId":"com.vq.mbrochuregp.client.android"}[39m
[35m[HTTP][39m [37m<-- POST /wd/hub/session/d8c9ddc9-113a-478e-a6f1-c1c539b5c0f2/appium/device/activate_app [39m[32m200[39m [90m650 ms - 14[39m
[35m[HTTP][39m [90m[39m
[35m[HTTP][39m [37m-->[39m [37mGET[39m [37m/wd/hub/session/d8c9ddc9-113a-478e-a6f1-c1c539b5c0f2/window/rect[39m
[35m[HTTP][39m [90m{}[39m
[35m[HTTP][39m [37m<-- GET /wd/hub/session/d8c9ddc9-113a-478e-a6f1-c1c539b5c0f2/window/rect [39m[32m200[39m [90m16 ms - 50[39m
[35m[HTTP][39m [90m[39m
[35m[HTTP][39m [37m-->[39m [37mPOST[39m [37m/wd/hub/session/d8c9ddc9-113a-478e-a6f1-c1c539b5c0f2/elements[39m
[35m[HTTP][39m [90m{"using":"xpath","value":"//*[@resource-id = 'com.vq.mbrochuregp.client.android:id/iv_home_profil_icon' and @package = 'com.vq.mbrochuregp.client.android']"}[39m
[35m[HTTP][39m [37m<-- POST /wd/hub/session/d8c9ddc9-113a-478e-a6f1-c1c539b5c0f2/elements [39m[32m200[39m [90m470 ms - 139[39m
[35m[HTTP][39m [90m[39m
[35m[HTTP][39m [37m-->[39m [37mGET[39m [37m/wd/hub/session/d8c9ddc9-113a-478e-a6f1-c1c539b5c0f2/element/00000000-0000-00b1-ffff-ffff00000bd0/location[39m
[35m[HTTP][39m [90m{}[39m
[35m[W3C (d8c9ddc9)][39m Driver proxy active, passing request on via HTTP proxy
[35m[WD Proxy][39m Replacing sessionId 3aac2603-ecc5-4cc5-9fd0-9ebd0823af1a with d8c9ddc9-113a-478e-a6f1-c1c539b5c0f2
[35m[HTTP][39m [37m<-- GET /wd/hub/session/d8c9ddc9-113a-478e-a6f1-c1c539b5c0f2/element/00000000-0000-00b1-ffff-ffff00000bd0/location [39m[32m200[39m [90m22 ms - 79[39m
[35m[HTTP][39m [90m[39m
[35m[HTTP][39m [37m-->[39m [37mPOST[39m [37m/wd/hub/session/d8c9ddc9-113a-478e-a6f1-c1c539b5c0f2/element/00000000-0000-00b1-ffff-ffff00000bd0/click[39m
[35m[HTTP][39m [90m{"id":"00000000-0000-00b1-ffff-ffff00000bd0"}[39m
[35m[HTTP][39m [37m<-- POST /wd/hub/session/d8c9ddc9-113a-478e-a6f1-c1c539b5c0f2/element/00000000-0000-00b1-ffff-ffff00000bd0/click [39m[32m200[39m [90m66 ms - 14[39m
[35m[HTTP][39m [90m[39m
[35m[HTTP][39m [37m-->[39m [37mPOST[39m [37m/wd/hub/session/d8c9ddc9-113a-478e-a6f1-c1c539b5c0f2/timeouts[39m
[35m[HTTP][39m [90m{"implicit":50}[39m
[35m[HTTP][39m [37m<-- POST /wd/hub/session/d8c9ddc9-113a-478e-a6f1-c1c539b5c0f2/timeouts [39m[32m200[39m [90m2 ms - 14[39m
[35m[HTTP][39m [90m[39m
[35m[HTTP][39m [37m-->[39m [37mGET[39m [37m/wd/hub/session/d8c9ddc9-113a-478e-a6f1-c1c539b5c0f2/window/rect[39m
[35m[HTTP][39m [90m{}[39m
[35m[HTTP][39m [37m<-- GET /wd/hub/session/d8c9ddc9-113a-478e-a6f1-c1c539b5c0f2/window/rect [39m[32m200[39m [90m20 ms - 50[39m
[35m[HTTP][39m [90m[39m
[35m[HTTP][39m [37m-->[39m [37mPOST[39m [37m/wd/hub/session/d8c9ddc9-113a-478e-a6f1-c1c539b5c0f2/elements[39m
[35m[HTTP][39m [90m{"using":"xpath","value":"//hierarchy/android.widget.FrameLayout[1]/android.widget.LinearLayout[1]/android.widget.FrameLayout[1]/android.widget.LinearLayout[1]/android.widget.FrameLayout[1]/android.view.ViewGroup[1]/android.widget.ScrollView[1]/android.widget.LinearLayout[1]/android.view.ViewGroup[1]/android.widget.LinearLayout[1]/android.widget.FrameLayout[1]/android.widget.EditText[1]"}[39m
[35m[HTTP][39m [37m<-- POST /wd/hub/session/d8c9ddc9-113a-478e-a6f1-c1c539b5c0f2/elements [39m[32m200[39m [90m85 ms - 139[39m
[35m[HTTP][39m [90m[39m
[35m[HTTP][39m [37m-->[39m [37mGET[39m [37m/wd/hub/session/d8c9ddc9-113a-478e-a6f1-c1c539b5c0f2/element/00000000-0000-00ca-ffff-ffff00000c54/location[39m
[35m[HTTP][39m [90m{}[39m
[35m[W3C (d8c9ddc9)][39m Driver proxy active, passing request on via HTTP proxy
[35m[WD Proxy][39m Replacing sessionId 3aac2603-ecc5-4cc5-9fd0-9ebd0823af1a with d8c9ddc9-113a-478e-a6f1-c1c539b5c0f2
[35m[HTTP][39m [37m<-- GET /wd/hub/session/d8c9ddc9-113a-478e-a6f1-c1c539b5c0f2/element/00000000-0000-00ca-ffff-ffff00000c54/location [39m[32m200[39m [90m25 ms - 77[39m
[35m[HTTP][39m [90m[39m
[35m[HTTP][39m [37m-->[39m [37mPOST[39m [37m/wd/hub/session/d8c9ddc9-113a-478e-a6f1-c1c539b5c0f2/timeouts[39m
[35m[HTTP][39m [90m{"implicit":30000}[39m
[35m[HTTP][39m [37m<-- POST /wd/hub/session/d8c9ddc9-113a-478e-a6f1-c1c539b5c0f2/timeouts [39m[32m200[39m [90m3 ms - 14[39m
[35m[HTTP][39m [90m[39m
[35m[HTTP][39m [37m-->[39m [37mPOST[39m [37m/wd/hub/session/d8c9ddc9-113a-478e-a6f1-c1c539b5c0f2/element/00000000-0000-00ca-ffff-ffff00000c54/clear[39m
[35m[HTTP][39m [90m{"id":"00000000-0000-00ca-ffff-ffff00000c54"}[39m
[35m[HTTP][39m [37m<-- POST /wd/hub/session/d8c9ddc9-113a-478e-a6f1-c1c539b5c0f2/element/00000000-0000-00ca-ffff-ffff00000c54/clear [39m[32m200[39m [90m20 ms - 14[39m
[35m[HTTP][39m [90m[39m
[35m[HTTP][39m [37m-->[39m [37mPOST[39m [37m/wd/hub/session/d8c9ddc9-113a-478e-a6f1-c1c539b5c0f2/element/00000000-0000-00ca-ffff-ffff00000c54/value[39m
[35m[HTTP][39m [90m{"id":"00000000-0000-00ca-ffff-ffff00000c54","text":"ending@mailinator.com","value":["e","n","d","i","n","g","@","m","a","i","l","i","n","a","t","o","r",".","c","o","m"]}[39m
[35m[HTTP][39m [37m<-- POST /wd/hub/session/d8c9ddc9-113a-478e-a6f1-c1c539b5c0f2/element/00000000-0000-00ca-ffff-ffff00000c54/value [39m[32m200[39m [90m1000 ms - 14[39m
[35m[HTTP][39m [90m[39m
[35m[HTTP][39m [37m-->[39m [37mPOST[39m [37m/wd/hub/session/d8c9ddc9-113a-478e-a6f1-c1c539b5c0f2/timeouts[39m
[35m[HTTP][39m [90m{"implicit":50}[39m
[35m[HTTP][39m [37m<-- POST /wd/hub/session/d8c9ddc9-113a-478e-a6f1-c1c539b5c0f2/timeouts [39m[32m200[39m [90m2 ms - 14[39m
[35m[HTTP][39m [90m[39m
[35m[HTTP][39m [37m-->[39m [37mGET[39m [37m/wd/hub/session/d8c9ddc9-113a-478e-a6f1-c1c539b5c0f2/window/rect[39m
[35m[HTTP][39m [90m{}[39m
[35m[HTTP][39m [37m<-- GET /wd/hub/session/d8c9ddc9-113a-478e-a6f1-c1c539b5c0f2/window/rect [39m[32m200[39m [90m12 ms - 50[39m
[35m[HTTP][39m [90m[39m
[35m[HTTP][39m [37m-->[39m [37mPOST[39m [37m/wd/hub/session/d8c9ddc9-113a-478e-a6f1-c1c539b5c0f2/elements[39m
[35m[HTTP][39m [90m{"using":"xpath","value":"//hierarchy/android.widget.FrameLayout[1]/android.widget.LinearLayout[1]/android.widget.FrameLayout[1]/android.widget.LinearLayout[1]/android.widget.FrameLayout[1]/android.view.ViewGroup[1]/android.widget.ScrollView[1]/android.widget.LinearLayout[1]/android.view.ViewGroup[1]/android.widget.LinearLayout[2]/android.widget.FrameLayout[1]/android.widget.EditText[1]"}[39m
[35m[HTTP][39m [37m<-- POST /wd/hub/session/d8c9ddc9-113a-478e-a6f1-c1c539b5c0f2/elements [39m[32m200[39m [90m289 ms - 139[39m
[35m[HTTP][39m [90m[39m
[35m[HTTP][39m [37m-->[39m [37mGET[39m [37m/wd/hub/session/d8c9ddc9-113a-478e-a6f1-c1c539b5c0f2/element/00000000-0000-00ca-ffff-ffff00000c58/location[39m
[35m[HTTP][39m [90m{}[39m
[35m[W3C (d8c9ddc9)][39m Driver proxy active, passing request on via HTTP proxy
[35m[WD Proxy][39m Replacing sessionId 3aac2603-ecc5-4cc5-9fd0-9ebd0823af1a with d8c9ddc9-113a-478e-a6f1-c1c539b5c0f2
[35m[HTTP][39m [37m<-- GET /wd/hub/session/d8c9ddc9-113a-478e-a6f1-c1c539b5c0f2/element/00000000-0000-00ca-ffff-ffff00000c58/location [39m[32m200[39m [90m19 ms - 78[39m
[35m[HTTP][39m [90m[39m
[35m[HTTP][39m [37m-->[39m [37mPOST[39m [37m/wd/hub/session/d8c9ddc9-113a-478e-a6f1-c1c539b5c0f2/timeouts[39m
[35m[HTTP][39m [90m{"implicit":30000}[39m
[35m[HTTP][39m [37m<-- POST /wd/hub/session/d8c9ddc9-113a-478e-a6f1-c1c539b5c0f2/timeouts [39m[32m200[39m [90m2 ms - 14[39m
[35m[HTTP][39m [90m[39m
[35m[HTTP][39m [37m-->[39m [37mPOST[39m [37m/wd/hub/session/d8c9ddc9-113a-478e-a6f1-c1c539b5c0f2/element/00000000-0000-00ca-ffff-ffff00000c58/clear[39m
[35m[HTTP][39m [90m{"id":"00000000-0000-00ca-ffff-ffff00000c58"}[39m
[35m[HTTP][39m [37m<-- POST /wd/hub/session/d8c9ddc9-113a-478e-a6f1-c1c539b5c0f2/element/00000000-0000-00ca-ffff-ffff00000c58/clear [39m[32m200[39m [90m21 ms - 14[39m
[35m[HTTP][39m [90m[39m
[35m[HTTP][39m [37m-->[39m [37mPOST[39m [37m/wd/hub/session/d8c9ddc9-113a-478e-a6f1-c1c539b5c0f2/element/00000000-0000-00ca-ffff-ffff00000c58/value[39m
[35m[HTTP][39m [90m{"id":"00000000-0000-00ca-ffff-ffff00000c58","text":"123abc","value":["1","2","3","a","b","c"]}[39m
[35m[HTTP][39m [37m<-- POST /wd/hub/session/d8c9ddc9-113a-478e-a6f1-c1c539b5c0f2/element/00000000-0000-00ca-ffff-ffff00000c58/value [39m[32m200[39m [90m1003 ms - 14[39m
[35m[HTTP][39m [90m[39m
[35m[HTTP][39m [37m-->[39m [37mGET[39m [37m/wd/hub/session/d8c9ddc9-113a-478e-a6f1-c1c539b5c0f2/context[39m
[35m[HTTP][39m [90m{}[39m
[35m[HTTP][39m [37m<-- GET /wd/hub/session/d8c9ddc9-113a-478e-a6f1-c1c539b5c0f2/context [39m[32m200[39m [90m1 ms - 22[39m
[35m[HTTP][39m [90m[39m
[35m[HTTP][39m [37m-->[39m [37mGET[39m [37m/wd/hub/session/d8c9ddc9-113a-478e-a6f1-c1c539b5c0f2/contexts[39m
[35m[HTTP][39m [90m{}[39m
[35m[HTTP][39m [37m<-- GET /wd/hub/session/d8c9ddc9-113a-478e-a6f1-c1c539b5c0f2/contexts [39m[32m200[39m [90m101 ms - 24[39m
[35m[HTTP][39m [90m[39m
[35m[HTTP][39m [37m-->[39m [37mPOST[39m [37m/wd/hub/session/d8c9ddc9-113a-478e-a6f1-c1c539b5c0f2/context[39m
[35m[HTTP][39m [90m{"name":"NATIVE_APP"}[39m
[35m[HTTP][39m [37m<-- POST /wd/hub/session/d8c9ddc9-113a-478e-a6f1-c1c539b5c0f2/context [39m[32m200[39m [90m3 ms - 14[39m
[35m[HTTP][39m [90m[39m
[35m[HTTP][39m [37m-->[39m [37mGET[39m [37m/wd/hub/session/d8c9ddc9-113a-478e-a6f1-c1c539b5c0f2/window/rect[39m
[35m[HTTP][39m [90m{}[39m
[35m[HTTP][39m [37m<-- GET /wd/hub/session/d8c9ddc9-113a-478e-a6f1-c1c539b5c0f2/window/rect [39m[32m200[39m [90m25 ms - 50[39m
[35m[HTTP][39m [90m[39m
[35m[HTTP][39m [37m-->[39m [37mPOST[39m [37m/wd/hub/session/d8c9ddc9-113a-478e-a6f1-c1c539b5c0f2/execute/sync[39m
[35m[HTTP][39m [90m{"script":"mobile: viewportScreenshot","args":[]}[39m
[35m[AndroidDriver][39m Executing native command 'mobile: viewportScreenshot'
[35m[HTTP][39m [37m<-- POST /wd/hub/session/d8c9ddc9-113a-478e-a6f1-c1c539b5c0f2/execute/sync [39m[32m200[39m [90m1310 ms - 155264[39m
[35m[HTTP][39m [90m[39m
[35m[HTTP][39m [37m-->[39m [37mPOST[39m [37m/wd/hub/session/d8c9ddc9-113a-478e-a6f1-c1c539b5c0f2/context[39m
[35m[HTTP][39m [90m{"name":"NATIVE_APP"}[39m
[35m[HTTP][39m [37m<-- POST /wd/hub/session/d8c9ddc9-113a-478e-a6f1-c1c539b5c0f2/context [39m[32m200[39m [90m2 ms - 14[39m
[35m[HTTP][39m [90m[39m
[35m[HTTP][39m [37m-->[39m [37mPOST[39m [37m/wd/hub/session/d8c9ddc9-113a-478e-a6f1-c1c539b5c0f2/timeouts[39m
[35m[HTTP][39m [90m{"implicit":50}[39m
[35m[HTTP][39m [37m<-- POST /wd/hub/session/d8c9ddc9-113a-478e-a6f1-c1c539b5c0f2/timeouts [39m[32m200[39m [90m2 ms - 14[39m
[35m[HTTP][39m [90m[39m
[35m[HTTP][39m [37m-->[39m [37mGET[39m [37m/wd/hub/session/d8c9ddc9-113a-478e-a6f1-c1c539b5c0f2/window/rect[39m
[35m[HTTP][39m [90m{}[39m
[35m[HTTP][39m [37m<-- GET /wd/hub/session/d8c9ddc9-113a-478e-a6f1-c1c539b5c0f2/window/rect [39m[32m200[39m [90m31 ms - 50[39m
[35m[HTTP][39m [90m[39m
[35m[HTTP][39m [37m-->[39m [37mPOST[39m [37m/wd/hub/session/d8c9ddc9-113a-478e-a6f1-c1c539b5c0f2/elements[39m
[35m[HTTP][39m [90m{"using":"xpath","value":"//hierarchy/android.widget.FrameLayout[1]/android.widget.LinearLayout[1]/android.widget.FrameLayout[1]/android.widget.LinearLayout[1]/android.widget.FrameLayout[1]/android.view.ViewGroup[1]/android.widget.ScrollView[1]/android.widget.LinearLayout[1]/android.view.ViewGroup[1]/android.widget.Button[1]"}[39m
[35m[HTTP][39m [37m<-- POST /wd/hub/session/d8c9ddc9-113a-478e-a6f1-c1c539b5c0f2/elements [39m[32m200[39m [90m213 ms - 139[39m
[35m[HTTP][39m [90m[39m
[35m[HTTP][39m [37m-->[39m [37mGET[39m [37m/wd/hub/session/d8c9ddc9-113a-478e-a6f1-c1c539b5c0f2/element/00000000-0000-00ca-ffff-ffff00000c5b/location[39m
[35m[HTTP][39m [90m{}[39m
[35m[W3C (d8c9ddc9)][39m Driver proxy active, passing request on via HTTP proxy
[35m[WD Proxy][39m Replacing sessionId 3aac2603-ecc5-4cc5-9fd0-9ebd0823af1a with d8c9ddc9-113a-478e-a6f1-c1c539b5c0f2
[35m[HTTP][39m [37m<-- GET /wd/hub/session/d8c9ddc9-113a-478e-a6f1-c1c539b5c0f2/element/00000000-0000-00ca-ffff-ffff00000c5b/location [39m[32m200[39m [90m39 ms - 78[39m
[35m[HTTP][39m [90m[39m
[35m[HTTP][39m [37m-->[39m [37mPOST[39m [37m/wd/hub/session/d8c9ddc9-113a-478e-a6f1-c1c539b5c0f2/timeouts[39m
[35m[HTTP][39m [90m{"implicit":30000}[39m
[35m[HTTP][39m [37m<-- POST /wd/hub/session/d8c9ddc9-113a-478e-a6f1-c1c539b5c0f2/timeouts [39m[32m200[39m [90m1 ms - 14[39m
[35m[HTTP][39m [90m[39m
[35m[HTTP][39m [37m-->[39m [37mPOST[39m [37m/wd/hub/session/d8c9ddc9-113a-478e-a6f1-c1c539b5c0f2/touch/perform[39m
[35m[HTTP][39m [90m{"actions":[{"action":"tap","options":{"x":1,"y":1,"element":"00000000-0000-00ca-ffff-ffff00000c5b"}},{"action":"release","options":{}}]}[39m
[35m[UiAutomator2][39m calling get location: 00000000-0000-00ca-ffff-ffff00000c5b
[35m[HTTP][39m [37m<-- POST /wd/hub/session/d8c9ddc9-113a-478e-a6f1-c1c539b5c0f2/touch/perform [39m[32m200[39m [90m232 ms - 14[39m
[35m[HTTP][39m [90m[39m
[35m[HTTP][39m [37m-->[39m [37mGET[39m [37m/wd/hub/session/d8c9ddc9-113a-478e-a6f1-c1c539b5c0f2/window/rect[39m
[35m[HTTP][39m [90m{}[39m
[35m[HTTP][39m [37m<-- GET /wd/hub/session/d8c9ddc9-113a-478e-a6f1-c1c539b5c0f2/window/rect [39m[32m200[39m [90m21 ms - 50[39m
[35m[HTTP][39m [90m[39m
[35m[HTTP][39m [37m-->[39m [37mPOST[39m [37m/wd/hub/session/d8c9ddc9-113a-478e-a6f1-c1c539b5c0f2/elements[39m
[35m[HTTP][39m [90m{"using":"xpath","value":"//*[@resource-id = 'com.vq.mbrochuregp.client.android:id/iv_home_profil_icon' and @package = 'com.vq.mbrochuregp.client.android']"}[39m
[35m[HTTP][39m [37m<-- POST /wd/hub/session/d8c9ddc9-113a-478e-a6f1-c1c539b5c0f2/elements [39m[32m200[39m [90m1480 ms - 139[39m
[35m[HTTP][39m [90m[39m
[35m[HTTP][39m [37m-->[39m [37mGET[39m [37m/wd/hub/session/d8c9ddc9-113a-478e-a6f1-c1c539b5c0f2/element/00000000-0000-00cc-ffff-ffff00000cb0/location[39m
[35m[HTTP][39m [90m{}[39m
[35m[W3C (d8c9ddc9)][39m Driver proxy active, passing request on via HTTP proxy
[35m[WD Proxy][39m Replacing sessionId 3aac2603-ecc5-4cc5-9fd0-9ebd0823af1a with d8c9ddc9-113a-478e-a6f1-c1c539b5c0f2
[35m[HTTP][39m [37m<-- GET /wd/hub/session/d8c9ddc9-113a-478e-a6f1-c1c539b5c0f2/element/00000000-0000-00cc-ffff-ffff00000cb0/location [39m[32m200[39m [90m27 ms - 79[39m
[35m[HTTP][39m [90m[39m
[35m[HTTP][39m [37m-->[39m [37mPOST[39m [37m/wd/hub/session/d8c9ddc9-113a-478e-a6f1-c1c539b5c0f2/element/00000000-0000-00cc-ffff-ffff00000cb0/click[39m
[35m[HTTP][39m [90m{"id":"00000000-0000-00cc-ffff-ffff00000cb0"}[39m
[35m[HTTP][39m [37m<-- POST /wd/hub/session/d8c9ddc9-113a-478e-a6f1-c1c539b5c0f2/element/00000000-0000-00cc-ffff-ffff00000cb0/click [39m[32m200[39m [90m67 ms - 14[39m
[35m[HTTP][39m [90m[39m
[35m[HTTP][39m [37m-->[39m [37mGET[39m [37m/wd/hub/session/d8c9ddc9-113a-478e-a6f1-c1c539b5c0f2/context[39m
[35m[HTTP][39m [90m{}[39m
[35m[HTTP][39m [37m<-- GET /wd/hub/session/d8c9ddc9-113a-478e-a6f1-c1c539b5c0f2/context [39m[32m200[39m [90m3 ms - 22[39m
[35m[HTTP][39m [90m[39m
[35m[HTTP][39m [37m-->[39m [37mGET[39m [37m/wd/hub/session/d8c9ddc9-113a-478e-a6f1-c1c539b5c0f2/contexts[39m
[35m[HTTP][39m [90m{}[39m
[35m[HTTP][39m [37m<-- GET /wd/hub/session/d8c9ddc9-113a-478e-a6f1-c1c539b5c0f2/contexts [39m[32m200[39m [90m117 ms - 24[39m
[35m[HTTP][39m [90m[39m
[35m[HTTP][39m [37m-->[39m [37mPOST[39m [37m/wd/hub/session/d8c9ddc9-113a-478e-a6f1-c1c539b5c0f2/context[39m
[35m[HTTP][39m [90m{"name":"NATIVE_APP"}[39m
[35m[HTTP][39m [37m<-- POST /wd/hub/session/d8c9ddc9-113a-478e-a6f1-c1c539b5c0f2/context [39m[32m200[39m [90m1 ms - 14[39m
[35m[HTTP][39m [90m[39m
[35m[HTTP][39m [37m-->[39m [37mGET[39m [37m/wd/hub/session/d8c9ddc9-113a-478e-a6f1-c1c539b5c0f2/window/rect[39m
[35m[HTTP][39m [90m{}[39m
[35m[HTTP][39m [37m<-- GET /wd/hub/session/d8c9ddc9-113a-478e-a6f1-c1c539b5c0f2/window/rect [39m[32m200[39m [90m28 ms - 50[39m
[35m[HTTP][39m [90m[39m
[35m[HTTP][39m [37m-->[39m [37mPOST[39m [37m/wd/hub/session/d8c9ddc9-113a-478e-a6f1-c1c539b5c0f2/execute/sync[39m
[35m[HTTP][39m [90m{"script":"mobile: viewportScreenshot","args":[]}[39m
[35m[AndroidDriver][39m Executing native command 'mobile: viewportScreenshot'
[35m[HTTP][39m [37m<-- POST /wd/hub/session/d8c9ddc9-113a-478e-a6f1-c1c539b5c0f2/execute/sync [39m[32m200[39m [90m1379 ms - 266908[39m
[35m[HTTP][39m [90m[39m
[35m[HTTP][39m [37m-->[39m [37mPOST[39m [37m/wd/hub/session/d8c9ddc9-113a-478e-a6f1-c1c539b5c0f2/context[39m
[35m[HTTP][39m [90m{"name":"NATIVE_APP"}[39m
[35m[HTTP][39m [37m<-- POST /wd/hub/session/d8c9ddc9-113a-478e-a6f1-c1c539b5c0f2/context [39m[32m200[39m [90m1 ms - 14[39m
[35m[HTTP][39m [90m[39m
[35m[HTTP][39m [37m-->[39m [37mGET[39m [37m/wd/hub/session/d8c9ddc9-113a-478e-a6f1-c1c539b5c0f2/window/rect[39m
[35m[HTTP][39m [90m{}[39m
[35m[HTTP][39m [37m<-- GET /wd/hub/session/d8c9ddc9-113a-478e-a6f1-c1c539b5c0f2/window/rect [39m[32m200[39m [90m26 ms - 50[39m
[35m[HTTP][39m [90m[39m
[35m[HTTP][39m [37m-->[39m [37mPOST[39m [37m/wd/hub/session/d8c9ddc9-113a-478e-a6f1-c1c539b5c0f2/elements[39m
[35m[HTTP][39m [90m{"using":"xpath","value":"//*[@class = 'android.widget.ImageView' and @resource-id = 'com.vq.mbrochuregp.client.android:id/iv_home_icon' and (@text = '' or . = '')]"}[39m
[35m[HTTP][39m [37m<-- POST /wd/hub/session/d8c9ddc9-113a-478e-a6f1-c1c539b5c0f2/elements [39m[32m200[39m [90m392 ms - 139[39m
[35m[HTTP][39m [90m[39m
[35m[HTTP][39m [37m-->[39m [37mGET[39m [37m/wd/hub/session/d8c9ddc9-113a-478e-a6f1-c1c539b5c0f2/element/00000000-0000-00ce-ffff-ffff00000d1f/location[39m
[35m[HTTP][39m [90m{}[39m
[35m[W3C (d8c9ddc9)][39m Driver proxy active, passing request on via HTTP proxy
[35m[WD Proxy][39m Replacing sessionId 3aac2603-ecc5-4cc5-9fd0-9ebd0823af1a with d8c9ddc9-113a-478e-a6f1-c1c539b5c0f2
[35m[HTTP][39m [37m<-- GET /wd/hub/session/d8c9ddc9-113a-478e-a6f1-c1c539b5c0f2/element/00000000-0000-00ce-ffff-ffff00000d1f/location [39m[32m200[39m [90m36 ms - 78[39m
[35m[HTTP][39m [90m[39m
[35m[HTTP][39m [37m-->[39m [37mPOST[39m [37m/wd/hub/session/d8c9ddc9-113a-478e-a6f1-c1c539b5c0f2/element/00000000-0000-00ce-ffff-ffff00000d1f/click[39m
[35m[HTTP][39m [90m{"id":"00000000-0000-00ce-ffff-ffff00000d1f"}[39m
[35m[HTTP][39m [37m<-- POST /wd/hub/session/d8c9ddc9-113a-478e-a6f1-c1c539b5c0f2/element/00000000-0000-00ce-ffff-ffff00000d1f/click [39m[32m200[39m [90m62 ms - 14[39m
[35m[HTTP][39m [90m[39m
[35m[HTTP][39m [37m-->[39m [37mGET[39m [37m/wd/hub/status[39m
[35m[HTTP][39m [90m{}[39m
[35m[HTTP][39m [37m<-- GET /wd/hub/status [39m[32m200[39m [90m1 ms - 68[39m
[35m[HTTP][39m [90m[39m
[35m[HTTP][39m [37m-->[39m [37mPOST[39m [37m/wd/hub/session[39m
[35m[HTTP][39m [90m{"desiredCapabilities":{"appActivity":".Settings","appPackage":"com.android.settings","newCommandTimeout":1800,"platformVersion":"11","automationName":"uiautomator2","autoGrantPermissions":true,"platformName":"Android","udid":"RR8N605F11Y","deviceName":"samsung SM-M315F (Android 11)","platform":"ANDROID","systemPort":8244},"capabilities":{"firstMatch":[{"appium:appActivity":".Settings","appium:appPackage":"com.android.settings","appium:autoGrantPermissions":true,"appium:automationName":"uiautomator2","appium:deviceName":"samsung SM-M315F (Android 11)","appium:newCommandTimeout":1800,"platform":"ANDROID","platformName":"android","appium:platformVersion":"11","appium:systemPort":8244,"appium:udid":"RR8N605F11Y"}]}}[39m
[35m[BaseDriver][39m The following capabilities are not standard capabilities and should have an extension prefix:
[35m[BaseDriver][39m   platform
[35m[BaseDriver][39m   chromedriverPort
[35m[Appium][39m Appium v1.22.2 creating new AndroidUiautomator2Driver (v1.70.1) session
[35m[BaseDriver][39m The following capabilities were provided, but are not recognized by Appium:
[35m[BaseDriver][39m   platform
[35m[BaseDriver][39m Session created with session id: 64c8d3ff-abc6-4754-b426-0d72031478c6
[35m[UiAutomator2][39m Starting 'com.android.settings' directly on the device
[35m[ADB][39m Using 'adb.exe' from 'C:\Users\Nia Yusniati\.katalon\tools\android_sdk\platform-tools\adb.exe'
[35m[AndroidDriver][39m Retrieving device list
[35m[AndroidDriver][39m Using device: RR8N605F11Y
[35m[ADB][39m Using 'adb.exe' from 'C:\Users\Nia Yusniati\.katalon\tools\android_sdk\platform-tools\adb.exe'
[35m[ADB][39m Getting device platform version
[35m[UiAutomator2][39m Relaxing hidden api policy
[35m[AndroidDriver][39m No app sent in, not parsing package/activity
[35m[UiAutomator2][39m Server packages are not going to be (re)installed
[35m[ADB][39m Adding packages ["io.appium.settings","io.appium.uiautomator2.server","io.appium.uiautomator2.server.test"] to Doze whitelist
[35m[UiAutomator2][39m Starting UIAutomator2 server 4.27.0
[35m[UiAutomator2][39m Using UIAutomator2 server from 'C:\Users\Nia Yusniati\AppData\Roaming\npm\node_modules\appium\node_modules\appium-uiautomator2-server\apks\appium-uiautomator2-server-v4.27.0.apk' and test from 'C:\Users\Nia Yusniati\AppData\Roaming\npm\node_modules\appium\node_modules\appium-uiautomator2-server\apks\appium-uiautomator2-server-debug-androidTest.apk'
[35m[UiAutomator2][39m Waiting up to 30000ms for UiAutomator2 to be online...
[35m[WD Proxy][39m socket hang up
[35m[WD Proxy][39m socket hang up
[35m[WD Proxy][39m socket hang up
[35m[WD Proxy][39m Determined the downstream protocol as 'W3C'
[35m[AndroidDriver][39m Screen already unlocked, doing nothing
[35m[UiAutomator2][39m Starting 'com.android.settings/.Settings and waiting for 'com.android.settings/.Settings'
[35m[Appium][39m New AndroidUiautomator2Driver session created successfully, session 64c8d3ff-abc6-4754-b426-0d72031478c6 added to master session list
[35m[HTTP][39m [37m<-- POST /wd/hub/session [39m[32m200[39m [90m9128 ms - 1158[39m
[35m[HTTP][39m [90m[39m
[35m[HTTP][39m [37m-->[39m [37mGET[39m [37m/wd/hub/session/64c8d3ff-abc6-4754-b426-0d72031478c6[39m
[35m[HTTP][39m [90m{}[39m
[35m[HTTP][39m [37m<-- GET /wd/hub/session/64c8d3ff-abc6-4754-b426-0d72031478c6 [39m[32m200[39m [90m18 ms - 1112[39m
[35m[HTTP][39m [90m[39m
[35m[HTTP][39m [37m-->[39m [37mGET[39m [37m/wd/hub/session/64c8d3ff-abc6-4754-b426-0d72031478c6[39m
[35m[HTTP][39m [90m{}[39m
[35m[HTTP][39m [37m<-- GET /wd/hub/session/64c8d3ff-abc6-4754-b426-0d72031478c6 [39m[32m200[39m [90m11 ms - 1112[39m
[35m[HTTP][39m [90m[39m
[35m[HTTP][39m [37m-->[39m [37mGET[39m [37m/wd/hub/status[39m
[35m[HTTP][39m [90m{}[39m
[35m[HTTP][39m [37m<-- GET /wd/hub/status [39m[32m200[39m [90m1 ms - 68[39m
[35m[HTTP][39m [90m[39m
[35m[HTTP][39m [37m-->[39m [37mPOST[39m [37m/wd/hub/session/64c8d3ff-abc6-4754-b426-0d72031478c6/timeouts[39m
[35m[HTTP][39m [90m{"implicit":30000}[39m
[35m[HTTP][39m [37m<-- POST /wd/hub/session/64c8d3ff-abc6-4754-b426-0d72031478c6/timeouts [39m[32m200[39m [90m1 ms - 14[39m
[35m[HTTP][39m [90m[39m
[35m[HTTP][39m [37m-->[39m [37mGET[39m [37m/wd/hub/session/64c8d3ff-abc6-4754-b426-0d72031478c6/screenshot[39m
[35m[HTTP][39m [90m{}[39m
[35m[HTTP][39m [37m<-- GET /wd/hub/session/64c8d3ff-abc6-4754-b426-0d72031478c6/screenshot [39m[32m200[39m [90m616 ms - 220588[39m
[35m[HTTP][39m [90m[39m
[35m[HTTP][39m [37m-->[39m [37mGET[39m [37m/wd/hub/session/64c8d3ff-abc6-4754-b426-0d72031478c6/window/rect[39m
[35m[HTTP][39m [90m{}[39m
[35m[HTTP][39m [37m<-- GET /wd/hub/session/64c8d3ff-abc6-4754-b426-0d72031478c6/window/rect [39m[32m200[39m [90m12 ms - 50[39m
[35m[HTTP][39m [90m[39m
[35m[HTTP][39m [37m-->[39m [37mGET[39m [37m/wd/hub/session/64c8d3ff-abc6-4754-b426-0d72031478c6/appium/device/system_bars[39m
[35m[HTTP][39m [90m{}[39m
[35m[HTTP][39m [37m<-- GET /wd/hub/session/64c8d3ff-abc6-4754-b426-0d72031478c6/appium/device/system_bars [39m[32m200[39m [90m119 ms - 148[39m
[35m[HTTP][39m [90m[39m
[35m[HTTP][39m [37m-->[39m [37mPOST[39m [37m/wd/hub/session/64c8d3ff-abc6-4754-b426-0d72031478c6/appium/device/activate_app[39m
[35m[HTTP][39m [90m{"bundleId":"com.vq.mbrochuregp.client.android"}[39m
[35m[HTTP][39m [37m<-- POST /wd/hub/session/64c8d3ff-abc6-4754-b426-0d72031478c6/appium/device/activate_app [39m[32m200[39m [90m621 ms - 14[39m
[35m[HTTP][39m [90m[39m
[35m[HTTP][39m [37m-->[39m [37mGET[39m [37m/wd/hub/session/64c8d3ff-abc6-4754-b426-0d72031478c6/context[39m
[35m[HTTP][39m [90m{}[39m
[35m[HTTP][39m [37m<-- GET /wd/hub/session/64c8d3ff-abc6-4754-b426-0d72031478c6/context [39m[32m200[39m [90m2 ms - 22[39m
[35m[HTTP][39m [90m[39m
[35m[HTTP][39m [37m-->[39m [37mGET[39m [37m/wd/hub/session/64c8d3ff-abc6-4754-b426-0d72031478c6/contexts[39m
[35m[HTTP][39m [90m{}[39m
[35m[HTTP][39m [37m<-- GET /wd/hub/session/64c8d3ff-abc6-4754-b426-0d72031478c6/contexts [39m[32m200[39m [90m111 ms - 24[39m
[35m[HTTP][39m [90m[39m
[35m[HTTP][39m [37m-->[39m [37mPOST[39m [37m/wd/hub/session/64c8d3ff-abc6-4754-b426-0d72031478c6/context[39m
[35m[HTTP][39m [90m{"name":"NATIVE_APP"}[39m
[35m[HTTP][39m [37m<-- POST /wd/hub/session/64c8d3ff-abc6-4754-b426-0d72031478c6/context [39m[32m200[39m [90m2 ms - 14[39m
[35m[HTTP][39m [90m[39m
[35m[HTTP][39m [37m-->[39m [37mPOST[39m [37m/wd/hub/session/64c8d3ff-abc6-4754-b426-0d72031478c6/appium/device/press_keycode[39m
[35m[HTTP][39m [90m{"keycode":4}[39m
[35m[HTTP][39m [37m<-- POST /wd/hub/session/64c8d3ff-abc6-4754-b426-0d72031478c6/appium/device/press_keycode [39m[32m200[39m [90m104 ms - 14[39m
[35m[HTTP][39m [90m[39m
[35m[HTTP][39m [37m-->[39m [37mPOST[39m [37m/wd/hub/session/64c8d3ff-abc6-4754-b426-0d72031478c6/context[39m
[35m[HTTP][39m [90m{"name":"NATIVE_APP"}[39m
[35m[HTTP][39m [37m<-- POST /wd/hub/session/64c8d3ff-abc6-4754-b426-0d72031478c6/context [39m[32m200[39m [90m2 ms - 14[39m
[35m[HTTP][39m [90m[39m
[35m[HTTP][39m [37m-->[39m [37mPOST[39m [37m/wd/hub/session/64c8d3ff-abc6-4754-b426-0d72031478c6/timeouts[39m
[35m[HTTP][39m [90m{"implicit":50}[39m
[35m[HTTP][39m [37m<-- POST /wd/hub/session/64c8d3ff-abc6-4754-b426-0d72031478c6/timeouts [39m[32m200[39m [90m2 ms - 14[39m
[35m[HTTP][39m [90m[39m
[35m[HTTP][39m [37m-->[39m [37mGET[39m [37m/wd/hub/session/64c8d3ff-abc6-4754-b426-0d72031478c6/window/rect[39m
[35m[HTTP][39m [90m{}[39m
[35m[HTTP][39m [37m<-- GET /wd/hub/session/64c8d3ff-abc6-4754-b426-0d72031478c6/window/rect [39m[32m200[39m [90m13 ms - 50[39m
[35m[HTTP][39m [90m[39m
[35m[HTTP][39m [37m-->[39m [37mPOST[39m [37m/wd/hub/session/64c8d3ff-abc6-4754-b426-0d72031478c6/elements[39m
[35m[HTTP][39m [90m{"using":"xpath","value":"//*[@class = 'android.widget.Button' and (@text = 'TIDAK' or . = 'TIDAK') and @resource-id = 'android:id/button2']"}[39m
[35m[HTTP][39m [37m<-- POST /wd/hub/session/64c8d3ff-abc6-4754-b426-0d72031478c6/elements [39m[32m200[39m [90m668 ms - 139[39m
[35m[HTTP][39m [90m[39m
[35m[HTTP][39m [37m-->[39m [37mGET[39m [37m/wd/hub/session/64c8d3ff-abc6-4754-b426-0d72031478c6/element/00000000-0000-00f1-ffff-ffff00000dfd/location[39m
[35m[HTTP][39m [90m{}[39m
[35m[W3C (64c8d3ff)][39m Driver proxy active, passing request on via HTTP proxy
[35m[WD Proxy][39m Replacing sessionId f5d4e02a-404f-45a7-b630-ae4b70bf17c5 with 64c8d3ff-abc6-4754-b426-0d72031478c6
[35m[HTTP][39m [37m<-- GET /wd/hub/session/64c8d3ff-abc6-4754-b426-0d72031478c6/element/00000000-0000-00f1-ffff-ffff00000dfd/location [39m[32m200[39m [90m984 ms - 79[39m
[35m[HTTP][39m [90m[39m
[35m[HTTP][39m [37m-->[39m [37mPOST[39m [37m/wd/hub/session/64c8d3ff-abc6-4754-b426-0d72031478c6/timeouts[39m
[35m[HTTP][39m [90m{"implicit":30000}[39m
[35m[HTTP][39m [37m<-- POST /wd/hub/session/64c8d3ff-abc6-4754-b426-0d72031478c6/timeouts [39m[32m200[39m [90m2 ms - 14[39m
[35m[HTTP][39m [90m[39m
[35m[HTTP][39m [37m-->[39m [37mPOST[39m [37m/wd/hub/session/64c8d3ff-abc6-4754-b426-0d72031478c6/touch/perform[39m
[35m[HTTP][39m [90m{"actions":[{"action":"tap","options":{"x":1,"y":1,"element":"00000000-0000-00f1-ffff-ffff00000dfd"}},{"action":"release","options":{}}]}[39m
[35m[UiAutomator2][39m calling get location: 00000000-0000-00f1-ffff-ffff00000dfd
[35m[HTTP][39m [37m<-- POST /wd/hub/session/64c8d3ff-abc6-4754-b426-0d72031478c6/touch/perform [39m[32m200[39m [90m678 ms - 14[39m
[35m[HTTP][39m [90m[39m
[35m[HTTP][39m [37m-->[39m [37mPOST[39m [37m/wd/hub/session/64c8d3ff-abc6-4754-b426-0d72031478c6/timeouts[39m
[35m[HTTP][39m [90m{"implicit":50}[39m
[35m[HTTP][39m [37m<-- POST /wd/hub/session/64c8d3ff-abc6-4754-b426-0d72031478c6/timeouts [39m[32m200[39m [90m1 ms - 14[39m
[35m[HTTP][39m [90m[39m
[35m[HTTP][39m [37m-->[39m [37mGET[39m [37m/wd/hub/session/64c8d3ff-abc6-4754-b426-0d72031478c6/window/rect[39m
[35m[HTTP][39m [90m{}[39m
[35m[HTTP][39m [37m<-- GET /wd/hub/session/64c8d3ff-abc6-4754-b426-0d72031478c6/window/rect [39m[32m200[39m [90m10 ms - 50[39m
[35m[HTTP][39m [90m[39m
[35m[HTTP][39m [37m-->[39m [37mPOST[39m [37m/wd/hub/session/64c8d3ff-abc6-4754-b426-0d72031478c6/elements[39m
[35m[HTTP][39m [90m{"using":"xpath","value":"//hierarchy/android.widget.FrameLayout[1]/android.widget.LinearLayout[1]/android.widget.FrameLayout[1]/android.widget.LinearLayout[1]/android.widget.FrameLayout[1]/android.view.ViewGroup[1]/android.widget.ScrollView[1]/android.widget.LinearLayout[1]/android.view.ViewGroup[2]/android.widget.LinearLayout[1]/androidx.recyclerview.widget.RecyclerView[1]/android.widget.LinearLayout[8]/android.widget.ImageView[1]"}[39m
[35m[HTTP][39m [37m<-- POST /wd/hub/session/64c8d3ff-abc6-4754-b426-0d72031478c6/elements [39m[32m200[39m [90m155 ms - 139[39m
[35m[HTTP][39m [90m[39m
[35m[HTTP][39m [37m-->[39m [37mGET[39m [37m/wd/hub/session/64c8d3ff-abc6-4754-b426-0d72031478c6/element/00000000-0000-00d7-ffff-ffff00000dae/location[39m
[35m[HTTP][39m [90m{}[39m
[35m[W3C (64c8d3ff)][39m Driver proxy active, passing request on via HTTP proxy
[35m[WD Proxy][39m Replacing sessionId f5d4e02a-404f-45a7-b630-ae4b70bf17c5 with 64c8d3ff-abc6-4754-b426-0d72031478c6
[35m[HTTP][39m [37m<-- GET /wd/hub/session/64c8d3ff-abc6-4754-b426-0d72031478c6/element/00000000-0000-00d7-ffff-ffff00000dae/location [39m[32m200[39m [90m17 ms - 79[39m
[35m[HTTP][39m [90m[39m
[35m[HTTP][39m [37m-->[39m [37mPOST[39m [37m/wd/hub/session/64c8d3ff-abc6-4754-b426-0d72031478c6/timeouts[39m
[35m[HTTP][39m [90m{"implicit":30000}[39m
[35m[HTTP][39m [37m<-- POST /wd/hub/session/64c8d3ff-abc6-4754-b426-0d72031478c6/timeouts [39m[32m200[39m [90m3 ms - 14[39m
[35m[HTTP][39m [90m[39m
[35m[HTTP][39m [37m-->[39m [37mPOST[39m [37m/wd/hub/session/64c8d3ff-abc6-4754-b426-0d72031478c6/touch/perform[39m
[35m[HTTP][39m [90m{"actions":[{"action":"tap","options":{"x":1,"y":1,"element":"00000000-0000-00d7-ffff-ffff00000dae"}},{"action":"release","options":{}}]}[39m
[35m[UiAutomator2][39m calling get location: 00000000-0000-00d7-ffff-ffff00000dae
[35m[HTTP][39m [37m<-- POST /wd/hub/session/64c8d3ff-abc6-4754-b426-0d72031478c6/touch/perform [39m[32m200[39m [90m167 ms - 14[39m
[35m[HTTP][39m [90m[39m
[35m[HTTP][39m [37m-->[39m [37mPOST[39m [37m/wd/hub/session/64c8d3ff-abc6-4754-b426-0d72031478c6/timeouts[39m
[35m[HTTP][39m [90m{"implicit":50}[39m
[35m[HTTP][39m [37m<-- POST /wd/hub/session/64c8d3ff-abc6-4754-b426-0d72031478c6/timeouts [39m[32m200[39m [90m2 ms - 14[39m
[35m[HTTP][39m [90m[39m
[35m[HTTP][39m [37m-->[39m [37mGET[39m [37m/wd/hub/session/64c8d3ff-abc6-4754-b426-0d72031478c6/window/rect[39m
[35m[HTTP][39m [90m{}[39m
[35m[HTTP][39m [37m<-- GET /wd/hub/session/64c8d3ff-abc6-4754-b426-0d72031478c6/window/rect [39m[32m200[39m [90m43 ms - 50[39m
[35m[HTTP][39m [90m[39m
[35m[HTTP][39m [37m-->[39m [37mPOST[39m [37m/wd/hub/session/64c8d3ff-abc6-4754-b426-0d72031478c6/elements[39m
[35m[HTTP][39m [90m{"using":"xpath","value":"//hierarchy/android.widget.FrameLayout[1]/android.widget.LinearLayout[1]/android.widget.FrameLayout[1]/android.widget.LinearLayout[1]/android.widget.FrameLayout[1]/android.view.ViewGroup[1]/android.widget.ScrollView[1]/android.widget.LinearLayout[1]/android.widget.LinearLayout[1]/androidx.recyclerview.widget.RecyclerView[1]/android.widget.LinearLayout[2]/android.widget.ImageView[1]"}[39m
[35m[HTTP][39m [37m<-- POST /wd/hub/session/64c8d3ff-abc6-4754-b426-0d72031478c6/elements [39m[32m200[39m [90m700 ms - 139[39m
[35m[HTTP][39m [90m[39m
[35m[HTTP][39m [37m-->[39m [37mGET[39m [37m/wd/hub/session/64c8d3ff-abc6-4754-b426-0d72031478c6/element/00000000-0000-00f2-ffff-ffff00000e33/location[39m
[35m[HTTP][39m [90m{}[39m
[35m[W3C (64c8d3ff)][39m Driver proxy active, passing request on via HTTP proxy
[35m[WD Proxy][39m Replacing sessionId f5d4e02a-404f-45a7-b630-ae4b70bf17c5 with 64c8d3ff-abc6-4754-b426-0d72031478c6
[35m[HTTP][39m [37m<-- GET /wd/hub/session/64c8d3ff-abc6-4754-b426-0d72031478c6/element/00000000-0000-00f2-ffff-ffff00000e33/location [39m[32m200[39m [90m16 ms - 78[39m
[35m[HTTP][39m [90m[39m
[35m[HTTP][39m [37m-->[39m [37mPOST[39m [37m/wd/hub/session/64c8d3ff-abc6-4754-b426-0d72031478c6/timeouts[39m
[35m[HTTP][39m [90m{"implicit":30000}[39m
[35m[HTTP][39m [37m<-- POST /wd/hub/session/64c8d3ff-abc6-4754-b426-0d72031478c6/timeouts [39m[32m200[39m [90m1 ms - 14[39m
[35m[HTTP][39m [90m[39m
[35m[HTTP][39m [37m-->[39m [37mPOST[39m [37m/wd/hub/session/64c8d3ff-abc6-4754-b426-0d72031478c6/touch/perform[39m
[35m[HTTP][39m [90m{"actions":[{"action":"tap","options":{"x":1,"y":1,"element":"00000000-0000-00f2-ffff-ffff00000e33"}},{"action":"release","options":{}}]}[39m
[35m[UiAutomator2][39m calling get location: 00000000-0000-00f2-ffff-ffff00000e33
[35m[HTTP][39m [37m<-- POST /wd/hub/session/64c8d3ff-abc6-4754-b426-0d72031478c6/touch/perform [39m[32m200[39m [90m168 ms - 14[39m
[35m[HTTP][39m [90m[39m
[35m[HTTP][39m [37m-->[39m [37mPOST[39m [37m/wd/hub/session/64c8d3ff-abc6-4754-b426-0d72031478c6/timeouts[39m
[35m[HTTP][39m [90m{"implicit":50}[39m
[35m[HTTP][39m [37m<-- POST /wd/hub/session/64c8d3ff-abc6-4754-b426-0d72031478c6/timeouts [39m[32m200[39m [90m2 ms - 14[39m
[35m[HTTP][39m [90m[39m
[35m[HTTP][39m [37m-->[39m [37mGET[39m [37m/wd/hub/session/64c8d3ff-abc6-4754-b426-0d72031478c6/window/rect[39m
[35m[HTTP][39m [90m{}[39m
[35m[HTTP][39m [37m<-- GET /wd/hub/session/64c8d3ff-abc6-4754-b426-0d72031478c6/window/rect [39m[32m200[39m [90m34 ms - 50[39m
[35m[HTTP][39m [90m[39m
[35m[HTTP][39m [37m-->[39m [37mPOST[39m [37m/wd/hub/session/64c8d3ff-abc6-4754-b426-0d72031478c6/elements[39m
[35m[HTTP][39m [90m{"using":"xpath","value":"//hierarchy/android.widget.FrameLayout[1]/android.widget.LinearLayout[1]/android.widget.FrameLayout[1]/android.widget.LinearLayout[1]/android.widget.FrameLayout[1]/android.view.ViewGroup[1]/androidx.viewpager.widget.ViewPager[1]/android.widget.FrameLayout[1]/android.view.ViewGroup[1]/androidx.recyclerview.widget.RecyclerView[1]/android.widget.LinearLayout[1]/android.widget.RelativeLayout[1]"}[39m
[35m[HTTP][39m [37m<-- POST /wd/hub/session/64c8d3ff-abc6-4754-b426-0d72031478c6/elements [39m[32m200[39m [90m240 ms - 139[39m
[35m[HTTP][39m [90m[39m
[35m[HTTP][39m [37m-->[39m [37mGET[39m [37m/wd/hub/session/64c8d3ff-abc6-4754-b426-0d72031478c6/element/00000000-0000-00f3-ffff-ffff00000e7c/location[39m
[35m[HTTP][39m [90m{}[39m
[35m[W3C (64c8d3ff)][39m Driver proxy active, passing request on via HTTP proxy
[35m[WD Proxy][39m Replacing sessionId f5d4e02a-404f-45a7-b630-ae4b70bf17c5 with 64c8d3ff-abc6-4754-b426-0d72031478c6
[35m[HTTP][39m [37m<-- GET /wd/hub/session/64c8d3ff-abc6-4754-b426-0d72031478c6/element/00000000-0000-00f3-ffff-ffff00000e7c/location [39m[32m200[39m [90m34 ms - 77[39m
[35m[HTTP][39m [90m[39m
[35m[HTTP][39m [37m-->[39m [37mPOST[39m [37m/wd/hub/session/64c8d3ff-abc6-4754-b426-0d72031478c6/timeouts[39m
[35m[HTTP][39m [90m{"implicit":30000}[39m
[35m[HTTP][39m [37m<-- POST /wd/hub/session/64c8d3ff-abc6-4754-b426-0d72031478c6/timeouts [39m[32m200[39m [90m2 ms - 14[39m
[35m[HTTP][39m [90m[39m
[35m[HTTP][39m [37m-->[39m [37mPOST[39m [37m/wd/hub/session/64c8d3ff-abc6-4754-b426-0d72031478c6/touch/perform[39m
[35m[HTTP][39m [90m{"actions":[{"action":"tap","options":{"x":1,"y":1,"element":"00000000-0000-00f3-ffff-ffff00000e7c"}},{"action":"release","options":{}}]}[39m
[35m[UiAutomator2][39m calling get location: 00000000-0000-00f3-ffff-ffff00000e7c
[35m[HTTP][39m [37m<-- POST /wd/hub/session/64c8d3ff-abc6-4754-b426-0d72031478c6/touch/perform [39m[32m200[39m [90m233 ms - 14[39m
[35m[HTTP][39m [90m[39m
[35m[HTTP][39m [37m-->[39m [37mGET[39m [37m/wd/hub/session/64c8d3ff-abc6-4754-b426-0d72031478c6/context[39m
[35m[HTTP][39m [90m{}[39m
[35m[HTTP][39m [37m<-- GET /wd/hub/session/64c8d3ff-abc6-4754-b426-0d72031478c6/context [39m[32m200[39m [90m3 ms - 22[39m
[35m[HTTP][39m [90m[39m
[35m[HTTP][39m [37m-->[39m [37mGET[39m [37m/wd/hub/session/64c8d3ff-abc6-4754-b426-0d72031478c6/contexts[39m
[35m[HTTP][39m [90m{}[39m
[35m[HTTP][39m [37m<-- GET /wd/hub/session/64c8d3ff-abc6-4754-b426-0d72031478c6/contexts [39m[32m200[39m [90m130 ms - 24[39m
[35m[HTTP][39m [90m[39m
[35m[HTTP][39m [37m-->[39m [37mPOST[39m [37m/wd/hub/session/64c8d3ff-abc6-4754-b426-0d72031478c6/context[39m
[35m[HTTP][39m [90m{"name":"NATIVE_APP"}[39m
[35m[HTTP][39m [37m<-- POST /wd/hub/session/64c8d3ff-abc6-4754-b426-0d72031478c6/context [39m[32m200[39m [90m1 ms - 14[39m
[35m[HTTP][39m [90m[39m
[35m[HTTP][39m [37m-->[39m [37mGET[39m [37m/wd/hub/session/64c8d3ff-abc6-4754-b426-0d72031478c6/window/rect[39m
[35m[HTTP][39m [90m{}[39m
[35m[HTTP][39m [37m<-- GET /wd/hub/session/64c8d3ff-abc6-4754-b426-0d72031478c6/window/rect [39m[32m200[39m [90m28 ms - 50[39m
[35m[HTTP][39m [90m[39m
[35m[HTTP][39m [37m-->[39m [37mPOST[39m [37m/wd/hub/session/64c8d3ff-abc6-4754-b426-0d72031478c6/execute/sync[39m
[35m[HTTP][39m [90m{"script":"mobile: viewportScreenshot","args":[]}[39m
[35m[AndroidDriver][39m Executing native command 'mobile: viewportScreenshot'
[35m[HTTP][39m [37m<-- POST /wd/hub/session/64c8d3ff-abc6-4754-b426-0d72031478c6/execute/sync [39m[32m200[39m [90m1359 ms - 148308[39m
[35m[HTTP][39m [90m[39m
[35m[HTTP][39m [37m-->[39m [37mPOST[39m [37m/wd/hub/session/64c8d3ff-abc6-4754-b426-0d72031478c6/context[39m
[35m[HTTP][39m [90m{"name":"NATIVE_APP"}[39m
[35m[HTTP][39m [37m<-- POST /wd/hub/session/64c8d3ff-abc6-4754-b426-0d72031478c6/context [39m[32m200[39m [90m2 ms - 14[39m
[35m[HTTP][39m [90m[39m
[35m[HTTP][39m [37m-->[39m [37mPOST[39m [37m/wd/hub/session/64c8d3ff-abc6-4754-b426-0d72031478c6/timeouts[39m
[35m[HTTP][39m [90m{"implicit":50}[39m
[35m[HTTP][39m [37m<-- POST /wd/hub/session/64c8d3ff-abc6-4754-b426-0d72031478c6/timeouts [39m[32m200[39m [90m2 ms - 14[39m
[35m[HTTP][39m [90m[39m
[35m[HTTP][39m [37m-->[39m [37mGET[39m [37m/wd/hub/session/64c8d3ff-abc6-4754-b426-0d72031478c6/window/rect[39m
[35m[HTTP][39m [90m{}[39m
[35m[HTTP][39m [37m<-- GET /wd/hub/session/64c8d3ff-abc6-4754-b426-0d72031478c6/window/rect [39m[32m200[39m [90m26 ms - 50[39m
[35m[HTTP][39m [90m[39m
[35m[HTTP][39m [37m-->[39m [37mPOST[39m [37m/wd/hub/session/64c8d3ff-abc6-4754-b426-0d72031478c6/elements[39m
[35m[HTTP][39m [90m{"using":"xpath","value":"//hierarchy/android.widget.FrameLayout[1]/android.widget.LinearLayout[1]/android.widget.FrameLayout[1]/android.widget.LinearLayout[1]/android.widget.FrameLayout[1]/android.view.ViewGroup[1]/android.widget.ScrollView[1]/android.view.ViewGroup[1]/android.widget.LinearLayout[2]/androidx.recyclerview.widget.RecyclerView[1]/android.widget.LinearLayout[2]/android.widget.RelativeLayout[1]/android.widget.LinearLayout[1]/android.widget.CheckBox[1]"}[39m
[35m[HTTP][39m [37m<-- POST /wd/hub/session/64c8d3ff-abc6-4754-b426-0d72031478c6/elements [39m[32m200[39m [90m327 ms - 139[39m
[35m[HTTP][39m [90m[39m
[35m[HTTP][39m [37m-->[39m [37mGET[39m [37m/wd/hub/session/64c8d3ff-abc6-4754-b426-0d72031478c6/element/00000000-0000-00f4-ffff-ffff00000edd/location[39m
[35m[HTTP][39m [90m{}[39m
[35m[W3C (64c8d3ff)][39m Driver proxy active, passing request on via HTTP proxy
[35m[WD Proxy][39m Replacing sessionId f5d4e02a-404f-45a7-b630-ae4b70bf17c5 with 64c8d3ff-abc6-4754-b426-0d72031478c6
[35m[HTTP][39m [37m<-- GET /wd/hub/session/64c8d3ff-abc6-4754-b426-0d72031478c6/element/00000000-0000-00f4-ffff-ffff00000edd/location [39m[32m200[39m [90m33 ms - 77[39m
[35m[HTTP][39m [90m[39m
[35m[HTTP][39m [37m-->[39m [37mPOST[39m [37m/wd/hub/session/64c8d3ff-abc6-4754-b426-0d72031478c6/timeouts[39m
[35m[HTTP][39m [90m{"implicit":30000}[39m
[35m[HTTP][39m [37m<-- POST /wd/hub/session/64c8d3ff-abc6-4754-b426-0d72031478c6/timeouts [39m[32m200[39m [90m2 ms - 14[39m
[35m[HTTP][39m [90m[39m
[35m[HTTP][39m [37m-->[39m [37mPOST[39m [37m/wd/hub/session/64c8d3ff-abc6-4754-b426-0d72031478c6/touch/perform[39m
[35m[HTTP][39m [90m{"actions":[{"action":"tap","options":{"x":1,"y":1,"element":"00000000-0000-00f4-ffff-ffff00000edd"}},{"action":"release","options":{}}]}[39m
[35m[UiAutomator2][39m calling get location: 00000000-0000-00f4-ffff-ffff00000edd
[35m[HTTP][39m [37m<-- POST /wd/hub/session/64c8d3ff-abc6-4754-b426-0d72031478c6/touch/perform [39m[32m200[39m [90m218 ms - 14[39m
[35m[HTTP][39m [90m[39m
[35m[HTTP][39m [37m-->[39m [37mPOST[39m [37m/wd/hub/session/64c8d3ff-abc6-4754-b426-0d72031478c6/timeouts[39m
[35m[HTTP][39m [90m{"implicit":50}[39m
[35m[HTTP][39m [37m<-- POST /wd/hub/session/64c8d3ff-abc6-4754-b426-0d72031478c6/timeouts [39m[32m200[39m [90m1 ms - 14[39m
[35m[HTTP][39m [90m[39m
[35m[HTTP][39m [37m-->[39m [37mGET[39m [37m/wd/hub/session/64c8d3ff-abc6-4754-b426-0d72031478c6/window/rect[39m
[35m[HTTP][39m [90m{}[39m
[35m[HTTP][39m [37m<-- GET /wd/hub/session/64c8d3ff-abc6-4754-b426-0d72031478c6/window/rect [39m[32m200[39m [90m23 ms - 50[39m
[35m[HTTP][39m [90m[39m
[35m[HTTP][39m [37m-->[39m [37mPOST[39m [37m/wd/hub/session/64c8d3ff-abc6-4754-b426-0d72031478c6/elements[39m
[35m[HTTP][39m [90m{"using":"xpath","value":"//hierarchy/android.widget.FrameLayout[1]/android.widget.LinearLayout[1]/android.widget.FrameLayout[1]/android.widget.LinearLayout[1]/android.widget.FrameLayout[1]/android.view.ViewGroup[1]/android.widget.ScrollView[1]/android.view.ViewGroup[1]/android.widget.LinearLayout[2]/androidx.recyclerview.widget.RecyclerView[1]/android.widget.LinearLayout[3]/android.widget.RelativeLayout[1]/android.widget.LinearLayout[1]/android.widget.CheckBox[1]"}[39m
[35m[HTTP][39m [37m<-- POST /wd/hub/session/64c8d3ff-abc6-4754-b426-0d72031478c6/elements [39m[32m200[39m [90m663 ms - 139[39m
[35m[HTTP][39m [90m[39m
[35m[HTTP][39m [37m-->[39m [37mGET[39m [37m/wd/hub/session/64c8d3ff-abc6-4754-b426-0d72031478c6/element/00000000-0000-00f4-ffff-ffff00000ee8/location[39m
[35m[HTTP][39m [90m{}[39m
[35m[W3C (64c8d3ff)][39m Driver proxy active, passing request on via HTTP proxy
[35m[WD Proxy][39m Replacing sessionId f5d4e02a-404f-45a7-b630-ae4b70bf17c5 with 64c8d3ff-abc6-4754-b426-0d72031478c6
[35m[HTTP][39m [37m<-- GET /wd/hub/session/64c8d3ff-abc6-4754-b426-0d72031478c6/element/00000000-0000-00f4-ffff-ffff00000ee8/location [39m[32m200[39m [90m301 ms - 78[39m
[35m[HTTP][39m [90m[39m
[35m[HTTP][39m [37m-->[39m [37mPOST[39m [37m/wd/hub/session/64c8d3ff-abc6-4754-b426-0d72031478c6/timeouts[39m
[35m[HTTP][39m [90m{"implicit":30000}[39m
[35m[HTTP][39m [37m<-- POST /wd/hub/session/64c8d3ff-abc6-4754-b426-0d72031478c6/timeouts [39m[32m200[39m [90m2 ms - 14[39m
[35m[HTTP][39m [90m[39m
[35m[HTTP][39m [37m-->[39m [37mPOST[39m [37m/wd/hub/session/64c8d3ff-abc6-4754-b426-0d72031478c6/touch/perform[39m
[35m[HTTP][39m [90m{"actions":[{"action":"tap","options":{"x":1,"y":1,"element":"00000000-0000-00f4-ffff-ffff00000ee8"}},{"action":"release","options":{}}]}[39m
[35m[UiAutomator2][39m calling get location: 00000000-0000-00f4-ffff-ffff00000ee8
[35m[HTTP][39m [37m<-- POST /wd/hub/session/64c8d3ff-abc6-4754-b426-0d72031478c6/touch/perform [39m[32m200[39m [90m201 ms - 14[39m
[35m[HTTP][39m [90m[39m
[35m[HTTP][39m [37m-->[39m [37mGET[39m [37m/wd/hub/session/64c8d3ff-abc6-4754-b426-0d72031478c6/context[39m
[35m[HTTP][39m [90m{}[39m
[35m[HTTP][39m [37m<-- GET /wd/hub/session/64c8d3ff-abc6-4754-b426-0d72031478c6/context [39m[32m200[39m [90m2 ms - 22[39m
[35m[HTTP][39m [90m[39m
[35m[HTTP][39m [37m-->[39m [37mGET[39m [37m/wd/hub/session/64c8d3ff-abc6-4754-b426-0d72031478c6/contexts[39m
[35m[HTTP][39m [90m{}[39m
[35m[HTTP][39m [37m<-- GET /wd/hub/session/64c8d3ff-abc6-4754-b426-0d72031478c6/contexts [39m[32m200[39m [90m112 ms - 24[39m
[35m[HTTP][39m [90m[39m
[35m[HTTP][39m [37m-->[39m [37mPOST[39m [37m/wd/hub/session/64c8d3ff-abc6-4754-b426-0d72031478c6/context[39m
[35m[HTTP][39m [90m{"name":"NATIVE_APP"}[39m
[35m[HTTP][39m [37m<-- POST /wd/hub/session/64c8d3ff-abc6-4754-b426-0d72031478c6/context [39m[32m200[39m [90m2 ms - 14[39m
[35m[HTTP][39m [90m[39m
[35m[HTTP][39m [37m-->[39m [37mGET[39m [37m/wd/hub/session/64c8d3ff-abc6-4754-b426-0d72031478c6/window/rect[39m
[35m[HTTP][39m [90m{}[39m
[35m[HTTP][39m [37m<-- GET /wd/hub/session/64c8d3ff-abc6-4754-b426-0d72031478c6/window/rect [39m[32m200[39m [90m24 ms - 50[39m
[35m[HTTP][39m [90m[39m
[35m[HTTP][39m [37m-->[39m [37mPOST[39m [37m/wd/hub/session/64c8d3ff-abc6-4754-b426-0d72031478c6/execute/sync[39m
[35m[HTTP][39m [90m{"script":"mobile: viewportScreenshot","args":[]}[39m
[35m[AndroidDriver][39m Executing native command 'mobile: viewportScreenshot'
[35m[HTTP][39m [37m<-- POST /wd/hub/session/64c8d3ff-abc6-4754-b426-0d72031478c6/execute/sync [39m[32m200[39m [90m1168 ms - 143824[39m
[35m[HTTP][39m [90m[39m
[35m[HTTP][39m [37m-->[39m [37mPOST[39m [37m/wd/hub/session/64c8d3ff-abc6-4754-b426-0d72031478c6/context[39m
[35m[HTTP][39m [90m{"name":"NATIVE_APP"}[39m
[35m[HTTP][39m [37m<-- POST /wd/hub/session/64c8d3ff-abc6-4754-b426-0d72031478c6/context [39m[32m200[39m [90m2 ms - 14[39m
[35m[HTTP][39m [90m[39m
[35m[HTTP][39m [37m-->[39m [37mGET[39m [37m/wd/hub/session/64c8d3ff-abc6-4754-b426-0d72031478c6/window/rect[39m
[35m[HTTP][39m [90m{}[39m
[35m[HTTP][39m [37m<-- GET /wd/hub/session/64c8d3ff-abc6-4754-b426-0d72031478c6/window/rect [39m[32m200[39m [90m29 ms - 50[39m
[35m[HTTP][39m [90m[39m
[35m[HTTP][39m [37m-->[39m [37mPOST[39m [37m/wd/hub/session/64c8d3ff-abc6-4754-b426-0d72031478c6/elements[39m
[35m[HTTP][39m [90m{"using":"xpath","value":"//*[@class = 'android.widget.Button' and (@text = 'Lanjutkan >' or . = 'Lanjutkan >') and @resource-id = 'com.vq.mbrochuregp.client.android:id/btn_upgrade_asuransi_list_detail_next']"}[39m
[35m[HTTP][39m [37m<-- POST /wd/hub/session/64c8d3ff-abc6-4754-b426-0d72031478c6/elements [39m[32m200[39m [90m453 ms - 139[39m
[35m[HTTP][39m [90m[39m
[35m[HTTP][39m [37m-->[39m [37mGET[39m [37m/wd/hub/session/64c8d3ff-abc6-4754-b426-0d72031478c6/element/00000000-0000-00f4-ffff-ffff00000ec8/location[39m
[35m[HTTP][39m [90m{}[39m
[35m[W3C (64c8d3ff)][39m Driver proxy active, passing request on via HTTP proxy
[35m[WD Proxy][39m Replacing sessionId f5d4e02a-404f-45a7-b630-ae4b70bf17c5 with 64c8d3ff-abc6-4754-b426-0d72031478c6
[35m[HTTP][39m [37m<-- GET /wd/hub/session/64c8d3ff-abc6-4754-b426-0d72031478c6/element/00000000-0000-00f4-ffff-ffff00000ec8/location [39m[32m200[39m [90m48 ms - 78[39m
[35m[HTTP][39m [90m[39m
[35m[HTTP][39m [37m-->[39m [37mPOST[39m [37m/wd/hub/session/64c8d3ff-abc6-4754-b426-0d72031478c6/element/00000000-0000-00f4-ffff-ffff00000ec8/click[39m
[35m[HTTP][39m [90m{"id":"00000000-0000-00f4-ffff-ffff00000ec8"}[39m
[35m[HTTP][39m [37m<-- POST /wd/hub/session/64c8d3ff-abc6-4754-b426-0d72031478c6/element/00000000-0000-00f4-ffff-ffff00000ec8/click [39m[32m200[39m [90m73 ms - 14[39m
[35m[HTTP][39m [90m[39m
[35m[HTTP][39m [37m-->[39m [37mPOST[39m [37m/wd/hub/session/64c8d3ff-abc6-4754-b426-0d72031478c6/timeouts[39m
[35m[HTTP][39m [90m{"implicit":50}[39m
[35m[HTTP][39m [37m<-- POST /wd/hub/session/64c8d3ff-abc6-4754-b426-0d72031478c6/timeouts [39m[32m200[39m [90m2 ms - 14[39m
[35m[HTTP][39m [90m[39m
[35m[HTTP][39m [37m-->[39m [37mGET[39m [37m/wd/hub/session/64c8d3ff-abc6-4754-b426-0d72031478c6/window/rect[39m
[35m[HTTP][39m [90m{}[39m
[35m[HTTP][39m [37m<-- GET /wd/hub/session/64c8d3ff-abc6-4754-b426-0d72031478c6/window/rect [39m[32m200[39m [90m27 ms - 50[39m
[35m[HTTP][39m [90m[39m
[35m[HTTP][39m [37m-->[39m [37mPOST[39m [37m/wd/hub/session/64c8d3ff-abc6-4754-b426-0d72031478c6/elements[39m
[35m[HTTP][39m [90m{"using":"xpath","value":"//*[@class = 'android.widget.CheckBox' and @resource-id = 'com.vq.mbrochuregp.client.android:id/cb_asuransi_perluasan_checkbox_asuransi' and (@text = '' or . = '')]"}[39m
[35m[HTTP][39m [37m<-- POST /wd/hub/session/64c8d3ff-abc6-4754-b426-0d72031478c6/elements [39m[32m200[39m [90m1081 ms - 267[39m
[35m[HTTP][39m [90m[39m
[35m[HTTP][39m [37m-->[39m [37mGET[39m [37m/wd/hub/session/64c8d3ff-abc6-4754-b426-0d72031478c6/element/00000000-0000-00f5-ffff-ffff00000f38/location[39m
[35m[HTTP][39m [90m{}[39m
[35m[W3C (64c8d3ff)][39m Driver proxy active, passing request on via HTTP proxy
[35m[WD Proxy][39m Replacing sessionId f5d4e02a-404f-45a7-b630-ae4b70bf17c5 with 64c8d3ff-abc6-4754-b426-0d72031478c6
[35m[HTTP][39m [37m<-- GET /wd/hub/session/64c8d3ff-abc6-4754-b426-0d72031478c6/element/00000000-0000-00f5-ffff-ffff00000f38/location [39m[32m200[39m [90m25 ms - 77[39m
[35m[HTTP][39m [90m[39m
[35m[HTTP][39m [37m-->[39m [37mPOST[39m [37m/wd/hub/session/64c8d3ff-abc6-4754-b426-0d72031478c6/timeouts[39m
[35m[HTTP][39m [90m{"implicit":30000}[39m
[35m[HTTP][39m [37m<-- POST /wd/hub/session/64c8d3ff-abc6-4754-b426-0d72031478c6/timeouts [39m[32m200[39m [90m2 ms - 14[39m
[35m[HTTP][39m [90m[39m
[35m[HTTP][39m [37m-->[39m [37mPOST[39m [37m/wd/hub/session/64c8d3ff-abc6-4754-b426-0d72031478c6/touch/perform[39m
[35m[HTTP][39m [90m{"actions":[{"action":"tap","options":{"x":1,"y":1,"element":"00000000-0000-00f5-ffff-ffff00000f38"}},{"action":"release","options":{}}]}[39m
[35m[UiAutomator2][39m calling get location: 00000000-0000-00f5-ffff-ffff00000f38
[35m[HTTP][39m [37m<-- POST /wd/hub/session/64c8d3ff-abc6-4754-b426-0d72031478c6/touch/perform [39m[32m200[39m [90m225 ms - 14[39m
[35m[HTTP][39m [90m[39m
