[35m[Appium][39m Welcome to Appium v1.20.2
[35m[Appium][39m Non-default server args:
[35m[Appium][39m   port: 59780
[35m[Appium][39m   loglevel: info
[35m[Appium][39m   tmpDir: C:\Users\FLAVAL~1\AppData\Local\Temp\\Katalon\Appium\Temp1635397940512
[35m[Appium][39m   chromedriverPort: 59781
[35m[Appium][39m Deprecated server args:
[35m[Appium][39m   [31m--chromedriver-port[39m => --default-capabilities
[35m[Appium][39m Default capabilities, which will be added to each request unless overridden by desired capabilities:
[35m[Appium][39m   chromedriverPort: 59781
[35m[Appium][39m Appium REST http interface listener started on 0.0.0.0:59780
[35m[HTTP][39m [37m-->[39m [37mGET[39m [37m/wd/hub/status[39m
[35m[HTTP][39m [90m{}[39m
[35m[HTTP][39m [37m<-- GET /wd/hub/status [39m[32m200[39m [90m5 ms - 68[39m
[35m[HTTP][39m [90m[39m
[35m[HTTP][39m [37m-->[39m [37mPOST[39m [37m/wd/hub/session[39m
[35m[HTTP][39m [90m{"desiredCapabilities":{"appActivity":".Settings","appPackage":"com.android.settings","newCommandTimeout":1800,"platformVersion":"11","automationName":"uiautomator2","autoGrantPermissions":true,"platformName":"Android","udid":"emulator-5554","deviceName":"emulator-5554 (sdk_gphone_x86 - Android 11)","platform":"ANDROID","systemPort":8233},"capabilities":{"firstMatch":[{"appium:appActivity":".Settings","appium:appPackage":"com.android.settings","appium:autoGrantPermissions":true,"appium:automationName":"uiautomator2","appium:deviceName":"emulator-5554 (sdk_gphone_x86 - Android 11)","appium:newCommandTimeout":1800,"platform":"ANDROID","platformName":"android","appium:platformVersion":"11","appium:systemPort":8233,"appium:udid":"emulator-5554"}]}}[39m
[35m[BaseDriver][39m The following capabilities are not standard capabilities and should have an extension prefix:
[35m[BaseDriver][39m   platform
[35m[BaseDriver][39m   chromedriverPort
[35m[Appium][39m Appium v1.20.2 creating new AndroidUiautomator2Driver (v1.61.2) session
[35m[BaseDriver][39m The following capabilities were provided, but are not recognized by Appium:
[35m[BaseDriver][39m   platform
[35m[BaseDriver][39m Session created with session id: dbc121af-f363-4454-8e65-d1908e91fab9
[35m[UiAutomator2][39m Starting 'com.android.settings' directly on the device
[35m[ADB][39m Found 1 'build-tools' folders under 'C:\Users\Flavalize\.katalon\tools\android_sdk' (newest first):
[35m[ADB][39m     C:/Users/Flavalize/.katalon/tools/android_sdk/build-tools/29.0.3
[35m[ADB][39m Using 'adb.exe' from 'C:\Users\Flavalize\.katalon\tools\android_sdk\platform-tools\adb.exe'
[35m[AndroidDriver][39m Retrieving device list
[35m[AndroidDriver][39m Using device: emulator-5554
[35m[ADB][39m Using 'adb.exe' from 'C:\Users\Flavalize\.katalon\tools\android_sdk\platform-tools\adb.exe'
[35m[ADB][39m Getting device platform version
[35m[UiAutomator2][39m Relaxing hidden api policy
[35m[AndroidDriver][39m No app sent in, not parsing package/activity
[35m[ADB][39m Using 'apksigner.jar' from 'C:\Users\Flavalize\.katalon\tools\android_sdk\build-tools\29.0.3\lib\apksigner.jar'
[35m[ADB][39m 'C:\Users\Flavalize\AppData\Roaming\npm\node_modules\appium\node_modules\appium-uiautomator2-server\apks\appium-uiautomator2-server-v4.17.4.apk' is signed with the default certificate
[35m[ADB][39m 'C:\Users\Flavalize\AppData\Roaming\npm\node_modules\appium\node_modules\appium-uiautomator2-server\apks\appium-uiautomator2-server-debug-androidTest.apk' is signed with the default certificate
[35m[UiAutomator2][39m Server packages are not going to be (re)installed
[35m[ADB][39m Adding packages ["io.appium.settings","io.appium.uiautomator2.server","io.appium.uiautomator2.server.test"] to Doze whitelist
[35m[UiAutomator2][39m Starting UIAutomator2 server 4.17.4
[35m[UiAutomator2][39m Using UIAutomator2 server from 'C:\Users\Flavalize\AppData\Roaming\npm\node_modules\appium\node_modules\appium-uiautomator2-server\apks\appium-uiautomator2-server-v4.17.4.apk' and test from 'C:\Users\Flavalize\AppData\Roaming\npm\node_modules\appium\node_modules\appium-uiautomator2-server\apks\appium-uiautomator2-server-debug-androidTest.apk'
[35m[UiAutomator2][39m Waiting up to 30000ms for UiAutomator2 to be online...
[35m[WD Proxy][39m socket hang up
[35m[WD Proxy][39m socket hang up
[35m[WD Proxy][39m Determined the downstream protocol as 'W3C'
[35m[AndroidDriver][39m Screen already unlocked, doing nothing
[35m[UiAutomator2][39m Starting 'com.android.settings/.Settings and waiting for 'com.android.settings/.Settings'
[35m[Appium][39m New AndroidUiautomator2Driver session created successfully, session dbc121af-f363-4454-8e65-d1908e91fab9 added to master session list
[35m[HTTP][39m [37m<-- POST /wd/hub/session [39m[32m200[39m [90m6007 ms - 1186[39m
[35m[HTTP][39m [90m[39m
[35m[HTTP][39m [37m-->[39m [37mGET[39m [37m/wd/hub/session/dbc121af-f363-4454-8e65-d1908e91fab9[39m
[35m[HTTP][39m [90m{}[39m
[35m[HTTP][39m [37m<-- GET /wd/hub/session/dbc121af-f363-4454-8e65-d1908e91fab9 [39m[32m200[39m [90m9 ms - 1140[39m
[35m[HTTP][39m [90m[39m
[35m[HTTP][39m [37m-->[39m [37mGET[39m [37m/wd/hub/session/dbc121af-f363-4454-8e65-d1908e91fab9[39m
[35m[HTTP][39m [90m{}[39m
[35m[HTTP][39m [37m<-- GET /wd/hub/session/dbc121af-f363-4454-8e65-d1908e91fab9 [39m[32m200[39m [90m8 ms - 1140[39m
[35m[HTTP][39m [90m[39m
[35m[HTTP][39m [37m-->[39m [37mGET[39m [37m/wd/hub/status[39m
[35m[HTTP][39m [90m{}[39m
[35m[HTTP][39m [37m<-- GET /wd/hub/status [39m[32m200[39m [90m1 ms - 68[39m
[35m[HTTP][39m [90m[39m
[35m[HTTP][39m [37m-->[39m [37mPOST[39m [37m/wd/hub/session/dbc121af-f363-4454-8e65-d1908e91fab9/timeouts[39m
[35m[HTTP][39m [90m{"implicit":30000}[39m
[35m[HTTP][39m [37m<-- POST /wd/hub/session/dbc121af-f363-4454-8e65-d1908e91fab9/timeouts [39m[32m200[39m [90m2 ms - 14[39m
[35m[HTTP][39m [90m[39m
[35m[HTTP][39m [37m-->[39m [37mGET[39m [37m/wd/hub/session/dbc121af-f363-4454-8e65-d1908e91fab9/screenshot[39m
[35m[HTTP][39m [90m{}[39m
[35m[HTTP][39m [37m<-- GET /wd/hub/session/dbc121af-f363-4454-8e65-d1908e91fab9/screenshot [39m[32m200[39m [90m383 ms - 198978[39m
[35m[HTTP][39m [90m[39m
[35m[HTTP][39m [37m-->[39m [37mGET[39m [37m/wd/hub/session/dbc121af-f363-4454-8e65-d1908e91fab9/window/rect[39m
[35m[HTTP][39m [90m{}[39m
[35m[HTTP][39m [37m<-- GET /wd/hub/session/dbc121af-f363-4454-8e65-d1908e91fab9/window/rect [39m[32m200[39m [90m14 ms - 50[39m
[35m[HTTP][39m [90m[39m
[35m[HTTP][39m [37m-->[39m [37mGET[39m [37m/wd/hub/session/dbc121af-f363-4454-8e65-d1908e91fab9/appium/device/system_bars[39m
[35m[HTTP][39m [90m{}[39m
[35m[HTTP][39m [37m<-- GET /wd/hub/session/dbc121af-f363-4454-8e65-d1908e91fab9/appium/device/system_bars [39m[32m200[39m [90m76 ms - 149[39m
[35m[HTTP][39m [90m[39m
[35m[HTTP][39m [37m-->[39m [37mPOST[39m [37m/wd/hub/session/dbc121af-f363-4454-8e65-d1908e91fab9/appium/device/activate_app[39m
[35m[HTTP][39m [90m{"bundleId":"com.vq.mbrochuregp.client.android"}[39m
[35m[HTTP][39m [37m<-- POST /wd/hub/session/dbc121af-f363-4454-8e65-d1908e91fab9/appium/device/activate_app [39m[32m200[39m [90m493 ms - 14[39m
[35m[HTTP][39m [90m[39m
[35m[HTTP][39m [37m-->[39m [37mGET[39m [37m/wd/hub/session/dbc121af-f363-4454-8e65-d1908e91fab9/window/rect[39m
[35m[HTTP][39m [90m{}[39m
[35m[HTTP][39m [37m<-- GET /wd/hub/session/dbc121af-f363-4454-8e65-d1908e91fab9/window/rect [39m[32m200[39m [90m13 ms - 50[39m
[35m[HTTP][39m [90m[39m
[35m[HTTP][39m [37m-->[39m [37mPOST[39m [37m/wd/hub/session/dbc121af-f363-4454-8e65-d1908e91fab9/elements[39m
[35m[HTTP][39m [90m{"using":"xpath","value":"//*[@resource-id = 'com.vq.mbrochuregp.client.android:id/iv_home_profil_icon' and @package = 'com.vq.mbrochuregp.client.android']"}[39m
[35m[HTTP][39m [37m<-- POST /wd/hub/session/dbc121af-f363-4454-8e65-d1908e91fab9/elements [39m[32m200[39m [90m911 ms - 139[39m
[35m[HTTP][39m [90m[39m
[35m[HTTP][39m [37m-->[39m [37mGET[39m [37m/wd/hub/session/dbc121af-f363-4454-8e65-d1908e91fab9/element/567bf2ef-2db0-43a3-8ad0-f79e5c92c5fd/location[39m
[35m[HTTP][39m [90m{}[39m
[35m[W3C (dbc121af)][39m Driver proxy active, passing request on via HTTP proxy
[35m[WD Proxy][39m Replacing sessionId ed85d392-d6e6-4c2c-81ea-654f0fd901de with dbc121af-f363-4454-8e65-d1908e91fab9
[35m[HTTP][39m [37m<-- GET /wd/hub/session/dbc121af-f363-4454-8e65-d1908e91fab9/element/567bf2ef-2db0-43a3-8ad0-f79e5c92c5fd/location [39m[32m200[39m [90m16 ms - 79[39m
[35m[HTTP][39m [90m[39m
[35m[HTTP][39m [37m-->[39m [37mPOST[39m [37m/wd/hub/session/dbc121af-f363-4454-8e65-d1908e91fab9/element/567bf2ef-2db0-43a3-8ad0-f79e5c92c5fd/click[39m
[35m[HTTP][39m [90m{"id":"567bf2ef-2db0-43a3-8ad0-f79e5c92c5fd"}[39m
[35m[HTTP][39m [37m<-- POST /wd/hub/session/dbc121af-f363-4454-8e65-d1908e91fab9/element/567bf2ef-2db0-43a3-8ad0-f79e5c92c5fd/click [39m[32m200[39m [90m42 ms - 14[39m
[35m[HTTP][39m [90m[39m
[35m[HTTP][39m [37m-->[39m [37mPOST[39m [37m/wd/hub/session/dbc121af-f363-4454-8e65-d1908e91fab9/timeouts[39m
[35m[HTTP][39m [90m{"implicit":50}[39m
[35m[HTTP][39m [37m<-- POST /wd/hub/session/dbc121af-f363-4454-8e65-d1908e91fab9/timeouts [39m[32m200[39m [90m1 ms - 14[39m
[35m[HTTP][39m [90m[39m
[35m[HTTP][39m [37m-->[39m [37mGET[39m [37m/wd/hub/session/dbc121af-f363-4454-8e65-d1908e91fab9/window/rect[39m
[35m[HTTP][39m [90m{}[39m
[35m[HTTP][39m [37m<-- GET /wd/hub/session/dbc121af-f363-4454-8e65-d1908e91fab9/window/rect [39m[32m200[39m [90m9 ms - 50[39m
[35m[HTTP][39m [90m[39m
[35m[HTTP][39m [37m-->[39m [37mPOST[39m [37m/wd/hub/session/dbc121af-f363-4454-8e65-d1908e91fab9/elements[39m
[35m[HTTP][39m [90m{"using":"xpath","value":"//hierarchy/android.widget.FrameLayout[1]/android.widget.LinearLayout[1]/android.widget.FrameLayout[1]/android.widget.LinearLayout[1]/android.widget.FrameLayout[1]/android.view.ViewGroup[1]/android.widget.ScrollView[1]/android.widget.LinearLayout[1]/android.view.ViewGroup[1]/android.widget.LinearLayout[1]/android.widget.FrameLayout[1]/android.widget.EditText[1]"}[39m
[35m[HTTP][39m [37m<-- POST /wd/hub/session/dbc121af-f363-4454-8e65-d1908e91fab9/elements [39m[32m200[39m [90m651 ms - 139[39m
[35m[HTTP][39m [90m[39m
[35m[HTTP][39m [37m-->[39m [37mGET[39m [37m/wd/hub/session/dbc121af-f363-4454-8e65-d1908e91fab9/element/557a78b8-bf4d-4d9a-a3bb-672d9d7b8732/location[39m
[35m[HTTP][39m [90m{}[39m
[35m[W3C (dbc121af)][39m Driver proxy active, passing request on via HTTP proxy
[35m[WD Proxy][39m Replacing sessionId ed85d392-d6e6-4c2c-81ea-654f0fd901de with dbc121af-f363-4454-8e65-d1908e91fab9
[35m[HTTP][39m [37m<-- GET /wd/hub/session/dbc121af-f363-4454-8e65-d1908e91fab9/element/557a78b8-bf4d-4d9a-a3bb-672d9d7b8732/location [39m[32m200[39m [90m13 ms - 78[39m
[35m[HTTP][39m [90m[39m
[35m[HTTP][39m [37m-->[39m [37mPOST[39m [37m/wd/hub/session/dbc121af-f363-4454-8e65-d1908e91fab9/timeouts[39m
[35m[HTTP][39m [90m{"implicit":30000}[39m
[35m[HTTP][39m [37m<-- POST /wd/hub/session/dbc121af-f363-4454-8e65-d1908e91fab9/timeouts [39m[32m200[39m [90m1 ms - 14[39m
[35m[HTTP][39m [90m[39m
[35m[HTTP][39m [37m-->[39m [37mPOST[39m [37m/wd/hub/session/dbc121af-f363-4454-8e65-d1908e91fab9/element/557a78b8-bf4d-4d9a-a3bb-672d9d7b8732/clear[39m
[35m[HTTP][39m [90m{"id":"557a78b8-bf4d-4d9a-a3bb-672d9d7b8732"}[39m
[35m[HTTP][39m [37m<-- POST /wd/hub/session/dbc121af-f363-4454-8e65-d1908e91fab9/element/557a78b8-bf4d-4d9a-a3bb-672d9d7b8732/clear [39m[32m200[39m [90m12 ms - 14[39m
[35m[HTTP][39m [90m[39m
[35m[HTTP][39m [37m-->[39m [37mPOST[39m [37m/wd/hub/session/dbc121af-f363-4454-8e65-d1908e91fab9/element/557a78b8-bf4d-4d9a-a3bb-672d9d7b8732/value[39m
[35m[HTTP][39m [90m{"id":"557a78b8-bf4d-4d9a-a3bb-672d9d7b8732","text":"lisharyani@mailinator.com","value":["l","i","s","h","a","r","y","a","n","i","@","m","a","i","l","i","n","a","t","o","r",".","c","o","m"]}[39m
[35m[HTTP][39m [37m<-- POST /wd/hub/session/dbc121af-f363-4454-8e65-d1908e91fab9/element/557a78b8-bf4d-4d9a-a3bb-672d9d7b8732/value [39m[32m200[39m [90m1016 ms - 14[39m
[35m[HTTP][39m [90m[39m
[35m[HTTP][39m [37m-->[39m [37mPOST[39m [37m/wd/hub/session/dbc121af-f363-4454-8e65-d1908e91fab9/timeouts[39m
[35m[HTTP][39m [90m{"implicit":50}[39m
[35m[HTTP][39m [37m<-- POST /wd/hub/session/dbc121af-f363-4454-8e65-d1908e91fab9/timeouts [39m[32m200[39m [90m1 ms - 14[39m
[35m[HTTP][39m [90m[39m
[35m[HTTP][39m [37m-->[39m [37mGET[39m [37m/wd/hub/session/dbc121af-f363-4454-8e65-d1908e91fab9/window/rect[39m
[35m[HTTP][39m [90m{}[39m
[35m[HTTP][39m [37m<-- GET /wd/hub/session/dbc121af-f363-4454-8e65-d1908e91fab9/window/rect [39m[32m200[39m [90m8 ms - 50[39m
[35m[HTTP][39m [90m[39m
[35m[HTTP][39m [37m-->[39m [37mPOST[39m [37m/wd/hub/session/dbc121af-f363-4454-8e65-d1908e91fab9/elements[39m
[35m[HTTP][39m [90m{"using":"xpath","value":"//hierarchy/android.widget.FrameLayout[1]/android.widget.LinearLayout[1]/android.widget.FrameLayout[1]/android.widget.LinearLayout[1]/android.widget.FrameLayout[1]/android.view.ViewGroup[1]/android.widget.ScrollView[1]/android.widget.LinearLayout[1]/android.view.ViewGroup[1]/android.widget.LinearLayout[2]/android.widget.FrameLayout[1]/android.widget.EditText[1]"}[39m
[35m[HTTP][39m [37m<-- POST /wd/hub/session/dbc121af-f363-4454-8e65-d1908e91fab9/elements [39m[32m200[39m [90m439 ms - 139[39m
[35m[HTTP][39m [90m[39m
[35m[HTTP][39m [37m-->[39m [37mGET[39m [37m/wd/hub/session/dbc121af-f363-4454-8e65-d1908e91fab9/element/3bf84eb4-fb18-47d0-b05f-f7312315fd44/location[39m
[35m[HTTP][39m [90m{}[39m
[35m[W3C (dbc121af)][39m Driver proxy active, passing request on via HTTP proxy
[35m[WD Proxy][39m Replacing sessionId ed85d392-d6e6-4c2c-81ea-654f0fd901de with dbc121af-f363-4454-8e65-d1908e91fab9
[35m[HTTP][39m [37m<-- GET /wd/hub/session/dbc121af-f363-4454-8e65-d1908e91fab9/element/3bf84eb4-fb18-47d0-b05f-f7312315fd44/location [39m[32m200[39m [90m11 ms - 78[39m
[35m[HTTP][39m [90m[39m
[35m[HTTP][39m [37m-->[39m [37mPOST[39m [37m/wd/hub/session/dbc121af-f363-4454-8e65-d1908e91fab9/timeouts[39m
[35m[HTTP][39m [90m{"implicit":30000}[39m
[35m[HTTP][39m [37m<-- POST /wd/hub/session/dbc121af-f363-4454-8e65-d1908e91fab9/timeouts [39m[32m200[39m [90m1 ms - 14[39m
[35m[HTTP][39m [90m[39m
[35m[HTTP][39m [37m-->[39m [37mPOST[39m [37m/wd/hub/session/dbc121af-f363-4454-8e65-d1908e91fab9/element/3bf84eb4-fb18-47d0-b05f-f7312315fd44/clear[39m
[35m[HTTP][39m [90m{"id":"3bf84eb4-fb18-47d0-b05f-f7312315fd44"}[39m
[35m[HTTP][39m [37m<-- POST /wd/hub/session/dbc121af-f363-4454-8e65-d1908e91fab9/element/3bf84eb4-fb18-47d0-b05f-f7312315fd44/clear [39m[32m200[39m [90m12 ms - 14[39m
[35m[HTTP][39m [90m[39m
[35m[HTTP][39m [37m-->[39m [37mPOST[39m [37m/wd/hub/session/dbc121af-f363-4454-8e65-d1908e91fab9/element/3bf84eb4-fb18-47d0-b05f-f7312315fd44/value[39m
[35m[HTTP][39m [90m{"id":"3bf84eb4-fb18-47d0-b05f-f7312315fd44","text":"123abc","value":["1","2","3","a","b","c"]}[39m
[35m[HTTP][39m [37m<-- POST /wd/hub/session/dbc121af-f363-4454-8e65-d1908e91fab9/element/3bf84eb4-fb18-47d0-b05f-f7312315fd44/value [39m[32m200[39m [90m1011 ms - 14[39m
[35m[HTTP][39m [90m[39m
[35m[HTTP][39m [37m-->[39m [37mGET[39m [37m/wd/hub/session/dbc121af-f363-4454-8e65-d1908e91fab9/context[39m
[35m[HTTP][39m [90m{}[39m
[35m[HTTP][39m [37m<-- GET /wd/hub/session/dbc121af-f363-4454-8e65-d1908e91fab9/context [39m[32m200[39m [90m1 ms - 22[39m
[35m[HTTP][39m [90m[39m
[35m[HTTP][39m [37m-->[39m [37mGET[39m [37m/wd/hub/session/dbc121af-f363-4454-8e65-d1908e91fab9/contexts[39m
[35m[HTTP][39m [90m{}[39m
[35m[HTTP][39m [37m<-- GET /wd/hub/session/dbc121af-f363-4454-8e65-d1908e91fab9/contexts [39m[32m200[39m [90m49 ms - 24[39m
[35m[HTTP][39m [90m[39m
[35m[HTTP][39m [37m-->[39m [37mPOST[39m [37m/wd/hub/session/dbc121af-f363-4454-8e65-d1908e91fab9/context[39m
[35m[HTTP][39m [90m{"name":"NATIVE_APP"}[39m
[35m[HTTP][39m [37m<-- POST /wd/hub/session/dbc121af-f363-4454-8e65-d1908e91fab9/context [39m[32m200[39m [90m1 ms - 14[39m
[35m[HTTP][39m [90m[39m
[35m[HTTP][39m [37m-->[39m [37mGET[39m [37m/wd/hub/session/dbc121af-f363-4454-8e65-d1908e91fab9/screenshot[39m
[35m[HTTP][39m [90m{}[39m
[35m[HTTP][39m [37m<-- GET /wd/hub/session/dbc121af-f363-4454-8e65-d1908e91fab9/screenshot [39m[32m200[39m [90m277 ms - 157762[39m
[35m[HTTP][39m [90m[39m
[35m[HTTP][39m [37m-->[39m [37mPOST[39m [37m/wd/hub/session/dbc121af-f363-4454-8e65-d1908e91fab9/context[39m
[35m[HTTP][39m [90m{"name":"NATIVE_APP"}[39m
[35m[HTTP][39m [37m<-- POST /wd/hub/session/dbc121af-f363-4454-8e65-d1908e91fab9/context [39m[32m200[39m [90m1 ms - 14[39m
[35m[HTTP][39m [90m[39m
[35m[HTTP][39m [37m-->[39m [37mPOST[39m [37m/wd/hub/session/dbc121af-f363-4454-8e65-d1908e91fab9/timeouts[39m
[35m[HTTP][39m [90m{"implicit":50}[39m
[35m[HTTP][39m [37m<-- POST /wd/hub/session/dbc121af-f363-4454-8e65-d1908e91fab9/timeouts [39m[32m200[39m [90m1 ms - 14[39m
[35m[HTTP][39m [90m[39m
[35m[HTTP][39m [37m-->[39m [37mGET[39m [37m/wd/hub/session/dbc121af-f363-4454-8e65-d1908e91fab9/window/rect[39m
[35m[HTTP][39m [90m{}[39m
[35m[HTTP][39m [37m<-- GET /wd/hub/session/dbc121af-f363-4454-8e65-d1908e91fab9/window/rect [39m[32m200[39m [90m6 ms - 50[39m
[35m[HTTP][39m [90m[39m
[35m[HTTP][39m [37m-->[39m [37mPOST[39m [37m/wd/hub/session/dbc121af-f363-4454-8e65-d1908e91fab9/elements[39m
[35m[HTTP][39m [90m{"using":"xpath","value":"//hierarchy/android.widget.FrameLayout[1]/android.widget.LinearLayout[1]/android.widget.FrameLayout[1]/android.widget.LinearLayout[1]/android.widget.FrameLayout[1]/android.view.ViewGroup[1]/android.widget.ScrollView[1]/android.widget.LinearLayout[1]/android.view.ViewGroup[1]/android.widget.Button[1]"}[39m
[35m[HTTP][39m [37m<-- POST /wd/hub/session/dbc121af-f363-4454-8e65-d1908e91fab9/elements [39m[32m200[39m [90m41 ms - 139[39m
[35m[HTTP][39m [90m[39m
[35m[HTTP][39m [37m-->[39m [37mGET[39m [37m/wd/hub/session/dbc121af-f363-4454-8e65-d1908e91fab9/element/0650dc33-0647-4e16-8ef6-dd215295a3d8/location[39m
[35m[HTTP][39m [90m{}[39m
[35m[W3C (dbc121af)][39m Driver proxy active, passing request on via HTTP proxy
[35m[WD Proxy][39m Replacing sessionId ed85d392-d6e6-4c2c-81ea-654f0fd901de with dbc121af-f363-4454-8e65-d1908e91fab9
[35m[HTTP][39m [37m<-- GET /wd/hub/session/dbc121af-f363-4454-8e65-d1908e91fab9/element/0650dc33-0647-4e16-8ef6-dd215295a3d8/location [39m[32m200[39m [90m10 ms - 78[39m
[35m[HTTP][39m [90m[39m
[35m[HTTP][39m [37m-->[39m [37mPOST[39m [37m/wd/hub/session/dbc121af-f363-4454-8e65-d1908e91fab9/timeouts[39m
[35m[HTTP][39m [90m{"implicit":30000}[39m
[35m[HTTP][39m [37m<-- POST /wd/hub/session/dbc121af-f363-4454-8e65-d1908e91fab9/timeouts [39m[32m200[39m [90m1 ms - 14[39m
[35m[HTTP][39m [90m[39m
[35m[HTTP][39m [37m-->[39m [37mPOST[39m [37m/wd/hub/session/dbc121af-f363-4454-8e65-d1908e91fab9/touch/perform[39m
[35m[HTTP][39m [90m{"actions":[{"action":"tap","options":{"x":1,"y":1,"element":"0650dc33-0647-4e16-8ef6-dd215295a3d8"}},{"action":"release","options":{}}]}[39m
[35m[UiAutomator2][39m calling get location: 0650dc33-0647-4e16-8ef6-dd215295a3d8
[35m[HTTP][39m [37m<-- POST /wd/hub/session/dbc121af-f363-4454-8e65-d1908e91fab9/touch/perform [39m[32m200[39m [90m778 ms - 14[39m
[35m[HTTP][39m [90m[39m
[35m[HTTP][39m [37m-->[39m [37mGET[39m [37m/wd/hub/session/dbc121af-f363-4454-8e65-d1908e91fab9/context[39m
[35m[HTTP][39m [90m{}[39m
[35m[HTTP][39m [37m<-- GET /wd/hub/session/dbc121af-f363-4454-8e65-d1908e91fab9/context [39m[32m200[39m [90m1 ms - 22[39m
[35m[HTTP][39m [90m[39m
[35m[HTTP][39m [37m-->[39m [37mGET[39m [37m/wd/hub/session/dbc121af-f363-4454-8e65-d1908e91fab9/contexts[39m
[35m[HTTP][39m [90m{}[39m
[35m[HTTP][39m [37m<-- GET /wd/hub/session/dbc121af-f363-4454-8e65-d1908e91fab9/contexts [39m[32m200[39m [90m107 ms - 24[39m
[35m[HTTP][39m [90m[39m
[35m[HTTP][39m [37m-->[39m [37mPOST[39m [37m/wd/hub/session/dbc121af-f363-4454-8e65-d1908e91fab9/context[39m
[35m[HTTP][39m [90m{"name":"NATIVE_APP"}[39m
[35m[HTTP][39m [37m<-- POST /wd/hub/session/dbc121af-f363-4454-8e65-d1908e91fab9/context [39m[32m200[39m [90m1 ms - 14[39m
[35m[HTTP][39m [90m[39m
[35m[HTTP][39m [37m-->[39m [37mPOST[39m [37m/wd/hub/session/dbc121af-f363-4454-8e65-d1908e91fab9/element[39m
[35m[HTTP][39m [90m{"using":"-android uiautomator","value":"new UiScrollable(new UiSelector().scrollable(true).instance(0)).scrollIntoView(new UiSelector().textContains(\"Suku Bunga\"))"}[39m
[35m[WD Proxy][39m Got response with status 404: {"sessionId":"ed85d392-d6e6-4c2c-81ea-654f0fd901de","value":{"error":"no such element","message":"androidx.test.uiautomator.UiObjectNotFoundException: UiSelector[INSTANCE=0, SCROLLABLE=true]","stacktrace":"io.appium.uiautomator2.common.exceptions.ElementNotFoundException: androidx.test.uiautomator.UiObjectNotFoundException: UiSelector[INSTANCE=0, SCROLLABLE=true]\n\tat io.appium.uiautomator2.handler.request.SafeRequestHandler.handle(SafeRequestHandler.java:43)\n\tat io.appium.uiautomator2.server.AppiumServlet.handleRequest(AppiumServlet.java:261)\n\tat io.appium.uiautomator2.server.AppiumServlet.handleHttpRequest(AppiumServlet.java:255)\n\tat io.appium.uiautomator2.http.ServerHandler.channelRead(ServerHandler.java:68)\n\tat io.netty.channel.AbstractChannelHandlerContext.invokeChannelRead(AbstractChannelHandlerContext.java:366)\n\tat io.netty.channel.AbstractChannelHandlerContext.invokeChannelRead(AbstractChannelHandlerContext.java:352)\n\tat io.netty.channel.AbstractChannelHandlerContext.fireChannelRead(Ab...
[35m[HTTP][39m [37m<-- POST /wd/hub/session/dbc121af-f363-4454-8e65-d1908e91fab9/element [39m[32m200[39m [90m11846 ms - 137[39m
[35m[HTTP][39m [90m[39m
[35m[HTTP][39m [37m-->[39m [37mPOST[39m [37m/wd/hub/session/dbc121af-f363-4454-8e65-d1908e91fab9/context[39m
[35m[HTTP][39m [90m{"name":"NATIVE_APP"}[39m
[35m[HTTP][39m [37m<-- POST /wd/hub/session/dbc121af-f363-4454-8e65-d1908e91fab9/context [39m[32m200[39m [90m1 ms - 14[39m
[35m[HTTP][39m [90m[39m
[35m[HTTP][39m [37m-->[39m [37mGET[39m [37m/wd/hub/session/dbc121af-f363-4454-8e65-d1908e91fab9/window/rect[39m
[35m[HTTP][39m [90m{}[39m
[35m[HTTP][39m [37m<-- GET /wd/hub/session/dbc121af-f363-4454-8e65-d1908e91fab9/window/rect [39m[32m200[39m [90m6 ms - 50[39m
[35m[HTTP][39m [90m[39m
[35m[HTTP][39m [37m-->[39m [37mPOST[39m [37m/wd/hub/session/dbc121af-f363-4454-8e65-d1908e91fab9/elements[39m
[35m[HTTP][39m [90m{"using":"xpath","value":"//*[@resource-id = 'com.vq.mbrochuregp.client.android:id/iv_home_profil_icon' and @package = 'com.vq.mbrochuregp.client.android']"}[39m
[35m[HTTP][39m [37m<-- POST /wd/hub/session/dbc121af-f363-4454-8e65-d1908e91fab9/elements [39m[32m200[39m [90m79 ms - 139[39m
[35m[HTTP][39m [90m[39m
[35m[HTTP][39m [37m-->[39m [37mGET[39m [37m/wd/hub/session/dbc121af-f363-4454-8e65-d1908e91fab9/element/4613b4ae-7bb1-4d7e-8e06-d9dcf1ed8c92/location[39m
[35m[HTTP][39m [90m{}[39m
[35m[W3C (dbc121af)][39m Driver proxy active, passing request on via HTTP proxy
[35m[WD Proxy][39m Replacing sessionId ed85d392-d6e6-4c2c-81ea-654f0fd901de with dbc121af-f363-4454-8e65-d1908e91fab9
[35m[HTTP][39m [37m<-- GET /wd/hub/session/dbc121af-f363-4454-8e65-d1908e91fab9/element/4613b4ae-7bb1-4d7e-8e06-d9dcf1ed8c92/location [39m[32m200[39m [90m9 ms - 79[39m
[35m[HTTP][39m [90m[39m
[35m[HTTP][39m [37m-->[39m [37mPOST[39m [37m/wd/hub/session/dbc121af-f363-4454-8e65-d1908e91fab9/element/4613b4ae-7bb1-4d7e-8e06-d9dcf1ed8c92/click[39m
[35m[HTTP][39m [90m{"id":"4613b4ae-7bb1-4d7e-8e06-d9dcf1ed8c92"}[39m
[35m[HTTP][39m [37m<-- POST /wd/hub/session/dbc121af-f363-4454-8e65-d1908e91fab9/element/4613b4ae-7bb1-4d7e-8e06-d9dcf1ed8c92/click [39m[32m200[39m [90m32 ms - 14[39m
[35m[HTTP][39m [90m[39m
[35m[HTTP][39m [37m-->[39m [37mGET[39m [37m/wd/hub/session/dbc121af-f363-4454-8e65-d1908e91fab9/context[39m
[35m[HTTP][39m [90m{}[39m
[35m[HTTP][39m [37m<-- GET /wd/hub/session/dbc121af-f363-4454-8e65-d1908e91fab9/context [39m[32m200[39m [90m1 ms - 22[39m
[35m[HTTP][39m [90m[39m
[35m[HTTP][39m [37m-->[39m [37mGET[39m [37m/wd/hub/session/dbc121af-f363-4454-8e65-d1908e91fab9/contexts[39m
[35m[HTTP][39m [90m{}[39m
[35m[HTTP][39m [37m<-- GET /wd/hub/session/dbc121af-f363-4454-8e65-d1908e91fab9/contexts [39m[32m200[39m [90m93 ms - 24[39m
[35m[HTTP][39m [90m[39m
[35m[HTTP][39m [37m-->[39m [37mPOST[39m [37m/wd/hub/session/dbc121af-f363-4454-8e65-d1908e91fab9/context[39m
[35m[HTTP][39m [90m{"name":"NATIVE_APP"}[39m
[35m[HTTP][39m [37m<-- POST /wd/hub/session/dbc121af-f363-4454-8e65-d1908e91fab9/context [39m[32m200[39m [90m1 ms - 14[39m
[35m[HTTP][39m [90m[39m
[35m[HTTP][39m [37m-->[39m [37mGET[39m [37m/wd/hub/session/dbc121af-f363-4454-8e65-d1908e91fab9/screenshot[39m
[35m[HTTP][39m [90m{}[39m
[35m[HTTP][39m [37m<-- GET /wd/hub/session/dbc121af-f363-4454-8e65-d1908e91fab9/screenshot [39m[32m200[39m [90m274 ms - 247466[39m
[35m[HTTP][39m [90m[39m
[35m[HTTP][39m [37m-->[39m [37mPOST[39m [37m/wd/hub/session/dbc121af-f363-4454-8e65-d1908e91fab9/context[39m
[35m[HTTP][39m [90m{"name":"NATIVE_APP"}[39m
[35m[HTTP][39m [37m<-- POST /wd/hub/session/dbc121af-f363-4454-8e65-d1908e91fab9/context [39m[32m200[39m [90m1 ms - 14[39m
[35m[HTTP][39m [90m[39m
[35m[HTTP][39m [37m-->[39m [37mGET[39m [37m/wd/hub/session/dbc121af-f363-4454-8e65-d1908e91fab9/window/rect[39m
[35m[HTTP][39m [90m{}[39m
[35m[HTTP][39m [37m<-- GET /wd/hub/session/dbc121af-f363-4454-8e65-d1908e91fab9/window/rect [39m[32m200[39m [90m6 ms - 50[39m
[35m[HTTP][39m [90m[39m
[35m[HTTP][39m [37m-->[39m [37mPOST[39m [37m/wd/hub/session/dbc121af-f363-4454-8e65-d1908e91fab9/elements[39m
[35m[HTTP][39m [90m{"using":"xpath","value":"//*[@class = 'android.widget.ImageView' and @resource-id = 'com.vq.mbrochuregp.client.android:id/iv_home_icon' and (@text = '' or . = '')]"}[39m
[35m[HTTP][39m [37m<-- POST /wd/hub/session/dbc121af-f363-4454-8e65-d1908e91fab9/elements [39m[32m200[39m [90m53 ms - 139[39m
[35m[HTTP][39m [90m[39m
[35m[HTTP][39m [37m-->[39m [37mGET[39m [37m/wd/hub/session/dbc121af-f363-4454-8e65-d1908e91fab9/element/4b38cb51-e65c-4850-8df4-a29eed2fe06a/location[39m
[35m[HTTP][39m [90m{}[39m
[35m[W3C (dbc121af)][39m Driver proxy active, passing request on via HTTP proxy
[35m[WD Proxy][39m Replacing sessionId ed85d392-d6e6-4c2c-81ea-654f0fd901de with dbc121af-f363-4454-8e65-d1908e91fab9
[35m[HTTP][39m [37m<-- GET /wd/hub/session/dbc121af-f363-4454-8e65-d1908e91fab9/element/4b38cb51-e65c-4850-8df4-a29eed2fe06a/location [39m[32m200[39m [90m10 ms - 78[39m
[35m[HTTP][39m [90m[39m
[35m[HTTP][39m [37m-->[39m [37mPOST[39m [37m/wd/hub/session/dbc121af-f363-4454-8e65-d1908e91fab9/element/4b38cb51-e65c-4850-8df4-a29eed2fe06a/click[39m
[35m[HTTP][39m [90m{"id":"4b38cb51-e65c-4850-8df4-a29eed2fe06a"}[39m
[35m[HTTP][39m [37m<-- POST /wd/hub/session/dbc121af-f363-4454-8e65-d1908e91fab9/element/4b38cb51-e65c-4850-8df4-a29eed2fe06a/click [39m[32m200[39m [90m737 ms - 14[39m
[35m[HTTP][39m [90m[39m
[35m[HTTP][39m [37m-->[39m [37mPOST[39m [37m/wd/hub/session/dbc121af-f363-4454-8e65-d1908e91fab9/timeouts[39m
[35m[HTTP][39m [90m{"implicit":50}[39m
[35m[HTTP][39m [37m<-- POST /wd/hub/session/dbc121af-f363-4454-8e65-d1908e91fab9/timeouts [39m[32m200[39m [90m1 ms - 14[39m
[35m[HTTP][39m [90m[39m
[35m[HTTP][39m [37m-->[39m [37mGET[39m [37m/wd/hub/session/dbc121af-f363-4454-8e65-d1908e91fab9/window/rect[39m
[35m[HTTP][39m [90m{}[39m
[35m[HTTP][39m [37m<-- GET /wd/hub/session/dbc121af-f363-4454-8e65-d1908e91fab9/window/rect [39m[32m200[39m [90m6 ms - 50[39m
[35m[HTTP][39m [90m[39m
[35m[HTTP][39m [37m-->[39m [37mPOST[39m [37m/wd/hub/session/dbc121af-f363-4454-8e65-d1908e91fab9/elements[39m
[35m[HTTP][39m [90m{"using":"xpath","value":"//hierarchy/android.widget.FrameLayout[1]/android.widget.LinearLayout[1]/android.widget.FrameLayout[1]/android.widget.LinearLayout[1]/android.widget.FrameLayout[1]/android.view.ViewGroup[1]/android.widget.ScrollView[1]/android.widget.LinearLayout[1]/android.view.ViewGroup[2]/android.widget.LinearLayout[1]/androidx.recyclerview.widget.RecyclerView[1]/android.widget.LinearLayout[7]/android.widget.ImageView[1]"}[39m
[35m[HTTP][39m [37m<-- POST /wd/hub/session/dbc121af-f363-4454-8e65-d1908e91fab9/elements [39m[32m200[39m [90m97 ms - 139[39m
[35m[HTTP][39m [90m[39m
[35m[HTTP][39m [37m-->[39m [37mGET[39m [37m/wd/hub/session/dbc121af-f363-4454-8e65-d1908e91fab9/element/ce67460e-2a49-4478-b424-9f9579106d5f/location[39m
[35m[HTTP][39m [90m{}[39m
[35m[W3C (dbc121af)][39m Driver proxy active, passing request on via HTTP proxy
[35m[WD Proxy][39m Replacing sessionId ed85d392-d6e6-4c2c-81ea-654f0fd901de with dbc121af-f363-4454-8e65-d1908e91fab9
[35m[HTTP][39m [37m<-- GET /wd/hub/session/dbc121af-f363-4454-8e65-d1908e91fab9/element/ce67460e-2a49-4478-b424-9f9579106d5f/location [39m[32m200[39m [90m1138 ms - 79[39m
[35m[HTTP][39m [90m[39m
[35m[HTTP][39m [37m-->[39m [37mPOST[39m [37m/wd/hub/session/dbc121af-f363-4454-8e65-d1908e91fab9/timeouts[39m
[35m[HTTP][39m [90m{"implicit":30000}[39m
[35m[HTTP][39m [37m<-- POST /wd/hub/session/dbc121af-f363-4454-8e65-d1908e91fab9/timeouts [39m[32m200[39m [90m1 ms - 14[39m
[35m[HTTP][39m [90m[39m
[35m[HTTP][39m [37m-->[39m [37mPOST[39m [37m/wd/hub/session/dbc121af-f363-4454-8e65-d1908e91fab9/touch/perform[39m
[35m[HTTP][39m [90m{"actions":[{"action":"tap","options":{"x":1,"y":1,"element":"ce67460e-2a49-4478-b424-9f9579106d5f"}},{"action":"release","options":{}}]}[39m
[35m[UiAutomator2][39m calling get location: ce67460e-2a49-4478-b424-9f9579106d5f
[35m[HTTP][39m [37m<-- POST /wd/hub/session/dbc121af-f363-4454-8e65-d1908e91fab9/touch/perform [39m[32m200[39m [90m646 ms - 14[39m
[35m[HTTP][39m [90m[39m
[35m[HTTP][39m [37m-->[39m [37mGET[39m [37m/wd/hub/session/dbc121af-f363-4454-8e65-d1908e91fab9/context[39m
[35m[HTTP][39m [90m{}[39m
[35m[HTTP][39m [37m<-- GET /wd/hub/session/dbc121af-f363-4454-8e65-d1908e91fab9/context [39m[32m200[39m [90m1 ms - 22[39m
[35m[HTTP][39m [90m[39m
[35m[HTTP][39m [37m-->[39m [37mGET[39m [37m/wd/hub/session/dbc121af-f363-4454-8e65-d1908e91fab9/contexts[39m
[35m[HTTP][39m [90m{}[39m
[35m[HTTP][39m [37m<-- GET /wd/hub/session/dbc121af-f363-4454-8e65-d1908e91fab9/contexts [39m[32m200[39m [90m58 ms - 24[39m
[35m[HTTP][39m [90m[39m
[35m[HTTP][39m [37m-->[39m [37mPOST[39m [37m/wd/hub/session/dbc121af-f363-4454-8e65-d1908e91fab9/context[39m
[35m[HTTP][39m [90m{"name":"NATIVE_APP"}[39m
[35m[HTTP][39m [37m<-- POST /wd/hub/session/dbc121af-f363-4454-8e65-d1908e91fab9/context [39m[32m200[39m [90m1 ms - 14[39m
[35m[HTTP][39m [90m[39m
[35m[HTTP][39m [37m-->[39m [37mGET[39m [37m/wd/hub/session/dbc121af-f363-4454-8e65-d1908e91fab9/screenshot[39m
[35m[HTTP][39m [90m{}[39m
[35m[HTTP][39m [37m<-- GET /wd/hub/session/dbc121af-f363-4454-8e65-d1908e91fab9/screenshot [39m[32m200[39m [90m556 ms - 1103110[39m
[35m[HTTP][39m [90m[39m
[35m[HTTP][39m [37m-->[39m [37mPOST[39m [37m/wd/hub/session/dbc121af-f363-4454-8e65-d1908e91fab9/context[39m
[35m[HTTP][39m [90m{"name":"NATIVE_APP"}[39m
[35m[HTTP][39m [37m<-- POST /wd/hub/session/dbc121af-f363-4454-8e65-d1908e91fab9/context [39m[32m200[39m [90m1 ms - 14[39m
[35m[HTTP][39m [90m[39m
[35m[HTTP][39m [37m-->[39m [37mGET[39m [37m/wd/hub/session/dbc121af-f363-4454-8e65-d1908e91fab9/context[39m
[35m[HTTP][39m [90m{}[39m
[35m[HTTP][39m [37m<-- GET /wd/hub/session/dbc121af-f363-4454-8e65-d1908e91fab9/context [39m[32m200[39m [90m1 ms - 22[39m
[35m[HTTP][39m [90m[39m
[35m[HTTP][39m [37m-->[39m [37mGET[39m [37m/wd/hub/session/dbc121af-f363-4454-8e65-d1908e91fab9/contexts[39m
[35m[HTTP][39m [90m{}[39m
[35m[HTTP][39m [37m<-- GET /wd/hub/session/dbc121af-f363-4454-8e65-d1908e91fab9/contexts [39m[32m200[39m [90m38 ms - 24[39m
[35m[HTTP][39m [90m[39m
[35m[HTTP][39m [37m-->[39m [37mPOST[39m [37m/wd/hub/session/dbc121af-f363-4454-8e65-d1908e91fab9/context[39m
[35m[HTTP][39m [90m{"name":"NATIVE_APP"}[39m
[35m[HTTP][39m [37m<-- POST /wd/hub/session/dbc121af-f363-4454-8e65-d1908e91fab9/context [39m[32m200[39m [90m1 ms - 14[39m
[35m[HTTP][39m [90m[39m
[35m[HTTP][39m [37m-->[39m [37mPOST[39m [37m/wd/hub/session/dbc121af-f363-4454-8e65-d1908e91fab9/appium/device/press_keycode[39m
[35m[HTTP][39m [90m{"keycode":4}[39m
[35m[HTTP][39m [37m<-- POST /wd/hub/session/dbc121af-f363-4454-8e65-d1908e91fab9/appium/device/press_keycode [39m[32m200[39m [90m1714 ms - 14[39m
[35m[HTTP][39m [90m[39m
[35m[HTTP][39m [37m-->[39m [37mPOST[39m [37m/wd/hub/session/dbc121af-f363-4454-8e65-d1908e91fab9/context[39m
[35m[HTTP][39m [90m{"name":"NATIVE_APP"}[39m
[35m[HTTP][39m [37m<-- POST /wd/hub/session/dbc121af-f363-4454-8e65-d1908e91fab9/context [39m[32m200[39m [90m1 ms - 14[39m
[35m[HTTP][39m [90m[39m
[35m[HTTP][39m [37m-->[39m [37mPOST[39m [37m/wd/hub/session/dbc121af-f363-4454-8e65-d1908e91fab9/timeouts[39m
[35m[HTTP][39m [90m{"implicit":50}[39m
[35m[HTTP][39m [37m<-- POST /wd/hub/session/dbc121af-f363-4454-8e65-d1908e91fab9/timeouts [39m[32m200[39m [90m1 ms - 14[39m
[35m[HTTP][39m [90m[39m
[35m[HTTP][39m [37m-->[39m [37mGET[39m [37m/wd/hub/session/dbc121af-f363-4454-8e65-d1908e91fab9/window/rect[39m
[35m[HTTP][39m [90m{}[39m
[35m[HTTP][39m [37m<-- GET /wd/hub/session/dbc121af-f363-4454-8e65-d1908e91fab9/window/rect [39m[32m200[39m [90m6 ms - 50[39m
[35m[HTTP][39m [90m[39m
[35m[HTTP][39m [37m-->[39m [37mPOST[39m [37m/wd/hub/session/dbc121af-f363-4454-8e65-d1908e91fab9/elements[39m
[35m[HTTP][39m [90m{"using":"xpath","value":"//hierarchy/android.widget.FrameLayout[1]/android.widget.LinearLayout[1]/android.widget.FrameLayout[1]/android.widget.LinearLayout[1]/android.widget.FrameLayout[1]/android.view.ViewGroup[1]/android.widget.ScrollView[1]/android.widget.LinearLayout[1]/android.view.ViewGroup[2]/android.widget.LinearLayout[1]/androidx.recyclerview.widget.RecyclerView[1]/android.widget.LinearLayout[8]/android.widget.ImageView[1]"}[39m
[35m[HTTP][39m [37m<-- POST /wd/hub/session/dbc121af-f363-4454-8e65-d1908e91fab9/elements [39m[32m200[39m [90m537 ms - 139[39m
[35m[HTTP][39m [90m[39m
[35m[HTTP][39m [37m-->[39m [37mGET[39m [37m/wd/hub/session/dbc121af-f363-4454-8e65-d1908e91fab9/element/e7a78c2c-3e79-4632-9c3d-49bdb52ae021/location[39m
[35m[HTTP][39m [90m{}[39m
[35m[W3C (dbc121af)][39m Driver proxy active, passing request on via HTTP proxy
[35m[WD Proxy][39m Replacing sessionId ed85d392-d6e6-4c2c-81ea-654f0fd901de with dbc121af-f363-4454-8e65-d1908e91fab9
[35m[HTTP][39m [37m<-- GET /wd/hub/session/dbc121af-f363-4454-8e65-d1908e91fab9/element/e7a78c2c-3e79-4632-9c3d-49bdb52ae021/location [39m[32m200[39m [90m10 ms - 79[39m
[35m[HTTP][39m [90m[39m
[35m[HTTP][39m [37m-->[39m [37mPOST[39m [37m/wd/hub/session/dbc121af-f363-4454-8e65-d1908e91fab9/timeouts[39m
[35m[HTTP][39m [90m{"implicit":30000}[39m
[35m[HTTP][39m [37m<-- POST /wd/hub/session/dbc121af-f363-4454-8e65-d1908e91fab9/timeouts [39m[32m200[39m [90m1 ms - 14[39m
[35m[HTTP][39m [90m[39m
[35m[HTTP][39m [37m-->[39m [37mPOST[39m [37m/wd/hub/session/dbc121af-f363-4454-8e65-d1908e91fab9/touch/perform[39m
[35m[HTTP][39m [90m{"actions":[{"action":"tap","options":{"x":1,"y":1,"element":"e7a78c2c-3e79-4632-9c3d-49bdb52ae021"}},{"action":"release","options":{}}]}[39m
[35m[UiAutomator2][39m calling get location: e7a78c2c-3e79-4632-9c3d-49bdb52ae021
[35m[HTTP][39m [37m<-- POST /wd/hub/session/dbc121af-f363-4454-8e65-d1908e91fab9/touch/perform [39m[32m200[39m [90m1886 ms - 14[39m
[35m[HTTP][39m [90m[39m
[35m[HTTP][39m [37m-->[39m [37mPOST[39m [37m/wd/hub/session/dbc121af-f363-4454-8e65-d1908e91fab9/timeouts[39m
[35m[HTTP][39m [90m{"implicit":50}[39m
[35m[HTTP][39m [37m<-- POST /wd/hub/session/dbc121af-f363-4454-8e65-d1908e91fab9/timeouts [39m[32m200[39m [90m1 ms - 14[39m
[35m[HTTP][39m [90m[39m
[35m[HTTP][39m [37m-->[39m [37mGET[39m [37m/wd/hub/session/dbc121af-f363-4454-8e65-d1908e91fab9/window/rect[39m
[35m[HTTP][39m [90m{}[39m
[35m[HTTP][39m [37m<-- GET /wd/hub/session/dbc121af-f363-4454-8e65-d1908e91fab9/window/rect [39m[32m200[39m [90m11 ms - 50[39m
[35m[HTTP][39m [90m[39m
[35m[HTTP][39m [37m-->[39m [37mPOST[39m [37m/wd/hub/session/dbc121af-f363-4454-8e65-d1908e91fab9/elements[39m
[35m[HTTP][39m [90m{"using":"xpath","value":"//hierarchy/android.widget.FrameLayout[1]/android.widget.LinearLayout[1]/android.widget.FrameLayout[1]/android.widget.LinearLayout[1]/android.widget.FrameLayout[1]/android.view.ViewGroup[1]/android.widget.ScrollView[1]/android.widget.LinearLayout[1]/android.widget.LinearLayout[1]/androidx.recyclerview.widget.RecyclerView[1]/android.widget.LinearLayout[12]/android.widget.ImageView[1]"}[39m
[35m[HTTP][39m [37m<-- POST /wd/hub/session/dbc121af-f363-4454-8e65-d1908e91fab9/elements [39m[32m200[39m [90m681 ms - 139[39m
[35m[HTTP][39m [90m[39m
[35m[HTTP][39m [37m-->[39m [37mGET[39m [37m/wd/hub/session/dbc121af-f363-4454-8e65-d1908e91fab9/element/c71f8f43-93b8-4202-8899-35ae94721271/location[39m
[35m[HTTP][39m [90m{}[39m
[35m[W3C (dbc121af)][39m Driver proxy active, passing request on via HTTP proxy
[35m[WD Proxy][39m Replacing sessionId ed85d392-d6e6-4c2c-81ea-654f0fd901de with dbc121af-f363-4454-8e65-d1908e91fab9
[35m[HTTP][39m [37m<-- GET /wd/hub/session/dbc121af-f363-4454-8e65-d1908e91fab9/element/c71f8f43-93b8-4202-8899-35ae94721271/location [39m[32m200[39m [90m12 ms - 79[39m
[35m[HTTP][39m [90m[39m
[35m[HTTP][39m [37m-->[39m [37mPOST[39m [37m/wd/hub/session/dbc121af-f363-4454-8e65-d1908e91fab9/timeouts[39m
[35m[HTTP][39m [90m{"implicit":30000}[39m
[35m[HTTP][39m [37m<-- POST /wd/hub/session/dbc121af-f363-4454-8e65-d1908e91fab9/timeouts [39m[32m200[39m [90m1 ms - 14[39m
[35m[HTTP][39m [90m[39m
[35m[HTTP][39m [37m-->[39m [37mPOST[39m [37m/wd/hub/session/dbc121af-f363-4454-8e65-d1908e91fab9/touch/perform[39m
[35m[HTTP][39m [90m{"actions":[{"action":"tap","options":{"x":1,"y":1,"element":"c71f8f43-93b8-4202-8899-35ae94721271"}},{"action":"release","options":{}}]}[39m
[35m[UiAutomator2][39m calling get location: c71f8f43-93b8-4202-8899-35ae94721271
[35m[HTTP][39m [37m<-- POST /wd/hub/session/dbc121af-f363-4454-8e65-d1908e91fab9/touch/perform [39m[32m200[39m [90m143 ms - 14[39m
[35m[HTTP][39m [90m[39m
[35m[BaseDriver][39m Shutting down because we waited 1800 seconds for a command
[35m[Appium][39m Closing session, cause was 'New Command Timeout of 1800 seconds expired. Try customizing the timeout using the 'newCommandTimeout' desired capability'
[35m[Appium][39m Removing session 'dbc121af-f363-4454-8e65-d1908e91fab9' from our master session list
[35m[UiAutomator2][39m Did not get confirmation UiAutomator2 deleteSession worked; Error was: UnknownError: An unknown server-side error occurred while processing the command. Original error: 'DELETE /' cannot be proxied to UiAutomator2 server because the instrumentation process is not running (probably crashed). Check the server log and/or the logcat output for more details
[35m[UiAutomator2][39m Restoring hidden api policy to the device default configuration
