[35m[Appium][39m Welcome to Appium v1.22.2
[35m[Appium][39m Non-default server args:
[35m[Appium][39m   port: 53915
[35m[Appium][39m   loglevel: info
[35m[Appium][39m   tmpDir: C:\Users\NIAYUS~1\AppData\Local\Temp\\Katalon\Appium\Temp1656397619515
[35m[Appium][39m   chromedriverPort: 53916
[35m[Appium][39m Deprecated server args:
[35m[Appium][39m   [31m--chromedriver-port[39m => --default-capabilities
[35m[Appium][39m Default capabilities, which will be added to each request unless overridden by desired capabilities:
[35m[Appium][39m   chromedriverPort: 53916
[35m[Appium][39m Appium REST http interface listener started on 0.0.0.0:53915
[35m[HTTP][39m [37m-->[39m [37mGET[39m [37m/wd/hub/status[39m
[35m[HTTP][39m [90m{}[39m
[35m[HTTP][39m [37m<-- GET /wd/hub/status [39m[32m200[39m [90m17 ms - 68[39m
[35m[HTTP][39m [90m[39m
[35m[HTTP][39m [37m-->[39m [37mPOST[39m [37m/wd/hub/session[39m
[35m[HTTP][39m [90m{"desiredCapabilities":{"appActivity":".Settings","appPackage":"com.android.settings","newCommandTimeout":1800,"platformVersion":"11","automationName":"uiautomator2","autoGrantPermissions":true,"platformName":"Android","udid":"RR8N605F11Y","deviceName":"samsung SM-M315F (Android 11)","platform":"ANDROID","systemPort":8240},"capabilities":{"firstMatch":[{"appium:appActivity":".Settings","appium:appPackage":"com.android.settings","appium:autoGrantPermissions":true,"appium:automationName":"uiautomator2","appium:deviceName":"samsung SM-M315F (Android 11)","appium:newCommandTimeout":1800,"platform":"ANDROID","platformName":"android","appium:platformVersion":"11","appium:systemPort":8240,"appium:udid":"RR8N605F11Y"}]}}[39m
[35m[BaseDriver][39m The following capabilities are not standard capabilities and should have an extension prefix:
[35m[BaseDriver][39m   platform
[35m[BaseDriver][39m   chromedriverPort
[35m[Appium][39m Appium v1.22.2 creating new AndroidUiautomator2Driver (v1.70.1) session
[35m[BaseDriver][39m The following capabilities were provided, but are not recognized by Appium:
[35m[BaseDriver][39m   platform
[35m[BaseDriver][39m Session created with session id: 4fa7c3d7-c8d4-432f-a756-cbbba6ec23a7
[35m[UiAutomator2][39m Starting 'com.android.settings' directly on the device
[35m[ADB][39m Cannot sort build-tools folders ["29.0.3","android-8.1.0"] by semantic version names.
[35m[ADB][39m Falling back to sorting by modification date. Original error: Invalid Version: android-8.1.0
[35m[ADB][39m Found 2 'build-tools' folders under 'C:\Users\Nia Yusniati\.katalon\tools\android_sdk' (newest first):
[35m[ADB][39m     C:/Users/Nia Yusniati/.katalon/tools/android_sdk/build-tools/29.0.3
[35m[ADB][39m     C:/Users/Nia Yusniati/.katalon/tools/android_sdk/build-tools/android-8.1.0
[35m[ADB][39m Using 'adb.exe' from 'C:\Users\Nia Yusniati\.katalon\tools\android_sdk\platform-tools\adb.exe'
[35m[AndroidDriver][39m Retrieving device list
[35m[AndroidDriver][39m Using device: RR8N605F11Y
[35m[ADB][39m Using 'adb.exe' from 'C:\Users\Nia Yusniati\.katalon\tools\android_sdk\platform-tools\adb.exe'
[35m[ADB][39m Getting device platform version
[35m[UiAutomator2][39m Relaxing hidden api policy
[35m[AndroidDriver][39m No app sent in, not parsing package/activity
[35m[ADB][39m Using 'apksigner.jar' from 'C:\Users\Nia Yusniati\.katalon\tools\android_sdk\build-tools\29.0.3\lib\apksigner.jar'
[35m[ADB][39m 'C:\Users\Nia Yusniati\AppData\Roaming\npm\node_modules\appium\node_modules\appium-uiautomator2-server\apks\appium-uiautomator2-server-v4.27.0.apk' is signed with the default certificate
[35m[ADB][39m 'C:\Users\Nia Yusniati\AppData\Roaming\npm\node_modules\appium\node_modules\appium-uiautomator2-server\apks\appium-uiautomator2-server-debug-androidTest.apk' is signed with the default certificate
[35m[UiAutomator2][39m Server packages are not going to be (re)installed
[35m[ADB][39m Adding packages ["io.appium.settings","io.appium.uiautomator2.server","io.appium.uiautomator2.server.test"] to Doze whitelist
[35m[UiAutomator2][39m Starting UIAutomator2 server 4.27.0
[35m[UiAutomator2][39m Using UIAutomator2 server from 'C:\Users\Nia Yusniati\AppData\Roaming\npm\node_modules\appium\node_modules\appium-uiautomator2-server\apks\appium-uiautomator2-server-v4.27.0.apk' and test from 'C:\Users\Nia Yusniati\AppData\Roaming\npm\node_modules\appium\node_modules\appium-uiautomator2-server\apks\appium-uiautomator2-server-debug-androidTest.apk'
[35m[UiAutomator2][39m Waiting up to 30000ms for UiAutomator2 to be online...
[35m[WD Proxy][39m socket hang up
[35m[WD Proxy][39m socket hang up
[35m[WD Proxy][39m socket hang up
[35m[WD Proxy][39m Determined the downstream protocol as 'W3C'
[35m[AndroidDriver][39m Screen already unlocked, doing nothing
[35m[UiAutomator2][39m Starting 'com.android.settings/.Settings and waiting for 'com.android.settings/.Settings'
[35m[Appium][39m New AndroidUiautomator2Driver session created successfully, session 4fa7c3d7-c8d4-432f-a756-cbbba6ec23a7 added to master session list
[35m[HTTP][39m [37m<-- POST /wd/hub/session [39m[32m200[39m [90m11640 ms - 1158[39m
[35m[HTTP][39m [90m[39m
[35m[HTTP][39m [37m-->[39m [37mGET[39m [37m/wd/hub/session/4fa7c3d7-c8d4-432f-a756-cbbba6ec23a7[39m
[35m[HTTP][39m [90m{}[39m
[35m[HTTP][39m [37m<-- GET /wd/hub/session/4fa7c3d7-c8d4-432f-a756-cbbba6ec23a7 [39m[32m200[39m [90m17 ms - 1112[39m
[35m[HTTP][39m [90m[39m
[35m[HTTP][39m [37m-->[39m [37mGET[39m [37m/wd/hub/session/4fa7c3d7-c8d4-432f-a756-cbbba6ec23a7[39m
[35m[HTTP][39m [90m{}[39m
[35m[HTTP][39m [37m<-- GET /wd/hub/session/4fa7c3d7-c8d4-432f-a756-cbbba6ec23a7 [39m[32m200[39m [90m14 ms - 1112[39m
[35m[HTTP][39m [90m[39m
[35m[HTTP][39m [37m-->[39m [37mGET[39m [37m/wd/hub/status[39m
[35m[HTTP][39m [90m{}[39m
[35m[HTTP][39m [37m<-- GET /wd/hub/status [39m[32m200[39m [90m2 ms - 68[39m
[35m[HTTP][39m [90m[39m
[35m[HTTP][39m [37m-->[39m [37mPOST[39m [37m/wd/hub/session/4fa7c3d7-c8d4-432f-a756-cbbba6ec23a7/timeouts[39m
[35m[HTTP][39m [90m{"implicit":30000}[39m
[35m[HTTP][39m [37m<-- POST /wd/hub/session/4fa7c3d7-c8d4-432f-a756-cbbba6ec23a7/timeouts [39m[32m200[39m [90m3 ms - 14[39m
[35m[HTTP][39m [90m[39m
[35m[HTTP][39m [37m-->[39m [37mGET[39m [37m/wd/hub/session/4fa7c3d7-c8d4-432f-a756-cbbba6ec23a7/screenshot[39m
[35m[HTTP][39m [90m{}[39m
[35m[HTTP][39m [37m<-- GET /wd/hub/session/4fa7c3d7-c8d4-432f-a756-cbbba6ec23a7/screenshot [39m[32m200[39m [90m632 ms - 217210[39m
[35m[HTTP][39m [90m[39m
[35m[HTTP][39m [37m-->[39m [37mGET[39m [37m/wd/hub/session/4fa7c3d7-c8d4-432f-a756-cbbba6ec23a7/window/rect[39m
[35m[HTTP][39m [90m{}[39m
[35m[HTTP][39m [37m<-- GET /wd/hub/session/4fa7c3d7-c8d4-432f-a756-cbbba6ec23a7/window/rect [39m[32m200[39m [90m36 ms - 50[39m
[35m[HTTP][39m [90m[39m
[35m[HTTP][39m [37m-->[39m [37mGET[39m [37m/wd/hub/session/4fa7c3d7-c8d4-432f-a756-cbbba6ec23a7/appium/device/system_bars[39m
[35m[HTTP][39m [90m{}[39m
[35m[HTTP][39m [37m<-- GET /wd/hub/session/4fa7c3d7-c8d4-432f-a756-cbbba6ec23a7/appium/device/system_bars [39m[32m200[39m [90m160 ms - 148[39m
[35m[HTTP][39m [90m[39m
[35m[HTTP][39m [37m-->[39m [37mPOST[39m [37m/wd/hub/session/4fa7c3d7-c8d4-432f-a756-cbbba6ec23a7/appium/device/activate_app[39m
[35m[HTTP][39m [90m{"bundleId":"com.vq.mbrochuregp.client.android"}[39m
[35m[HTTP][39m [37m<-- POST /wd/hub/session/4fa7c3d7-c8d4-432f-a756-cbbba6ec23a7/appium/device/activate_app [39m[32m200[39m [90m685 ms - 14[39m
[35m[HTTP][39m [90m[39m
[35m[HTTP][39m [37m-->[39m [37mGET[39m [37m/wd/hub/session/4fa7c3d7-c8d4-432f-a756-cbbba6ec23a7/window/rect[39m
[35m[HTTP][39m [90m{}[39m
[35m[HTTP][39m [37m<-- GET /wd/hub/session/4fa7c3d7-c8d4-432f-a756-cbbba6ec23a7/window/rect [39m[32m200[39m [90m59 ms - 50[39m
[35m[HTTP][39m [90m[39m
[35m[HTTP][39m [37m-->[39m [37mPOST[39m [37m/wd/hub/session/4fa7c3d7-c8d4-432f-a756-cbbba6ec23a7/elements[39m
[35m[HTTP][39m [90m{"using":"xpath","value":"//*[@resource-id = 'com.vq.mbrochuregp.client.android:id/iv_home_profil_icon' and @package = 'com.vq.mbrochuregp.client.android']"}[39m
[35m[HTTP][39m [37m<-- POST /wd/hub/session/4fa7c3d7-c8d4-432f-a756-cbbba6ec23a7/elements [39m[32m200[39m [90m1483 ms - 139[39m
[35m[HTTP][39m [90m[39m
[35m[HTTP][39m [37m-->[39m [37mGET[39m [37m/wd/hub/session/4fa7c3d7-c8d4-432f-a756-cbbba6ec23a7/element/00000000-0000-0644-ffff-ffff00000780/location[39m
[35m[HTTP][39m [90m{}[39m
[35m[W3C (4fa7c3d7)][39m Driver proxy active, passing request on via HTTP proxy
[35m[WD Proxy][39m Replacing sessionId 0895ac25-7624-48d8-8c9c-04062427ceff with 4fa7c3d7-c8d4-432f-a756-cbbba6ec23a7
[35m[HTTP][39m [37m<-- GET /wd/hub/session/4fa7c3d7-c8d4-432f-a756-cbbba6ec23a7/element/00000000-0000-0644-ffff-ffff00000780/location [39m[32m200[39m [90m58 ms - 79[39m
[35m[HTTP][39m [90m[39m
[35m[HTTP][39m [37m-->[39m [37mPOST[39m [37m/wd/hub/session/4fa7c3d7-c8d4-432f-a756-cbbba6ec23a7/element/00000000-0000-0644-ffff-ffff00000780/click[39m
[35m[HTTP][39m [90m{"id":"00000000-0000-0644-ffff-ffff00000780"}[39m
[35m[HTTP][39m [37m<-- POST /wd/hub/session/4fa7c3d7-c8d4-432f-a756-cbbba6ec23a7/element/00000000-0000-0644-ffff-ffff00000780/click [39m[32m200[39m [90m131 ms - 14[39m
[35m[HTTP][39m [90m[39m
[35m[HTTP][39m [37m-->[39m [37mPOST[39m [37m/wd/hub/session/4fa7c3d7-c8d4-432f-a756-cbbba6ec23a7/timeouts[39m
[35m[HTTP][39m [90m{"implicit":50}[39m
[35m[HTTP][39m [37m<-- POST /wd/hub/session/4fa7c3d7-c8d4-432f-a756-cbbba6ec23a7/timeouts [39m[32m200[39m [90m3 ms - 14[39m
[35m[HTTP][39m [90m[39m
[35m[HTTP][39m [37m-->[39m [37mGET[39m [37m/wd/hub/session/4fa7c3d7-c8d4-432f-a756-cbbba6ec23a7/window/rect[39m
[35m[HTTP][39m [90m{}[39m
[35m[HTTP][39m [37m<-- GET /wd/hub/session/4fa7c3d7-c8d4-432f-a756-cbbba6ec23a7/window/rect [39m[32m200[39m [90m48 ms - 50[39m
[35m[HTTP][39m [90m[39m
[35m[HTTP][39m [37m-->[39m [37mPOST[39m [37m/wd/hub/session/4fa7c3d7-c8d4-432f-a756-cbbba6ec23a7/elements[39m
[35m[HTTP][39m [90m{"using":"xpath","value":"//hierarchy/android.widget.FrameLayout[1]/android.widget.LinearLayout[1]/android.widget.FrameLayout[1]/android.widget.LinearLayout[1]/android.widget.FrameLayout[1]/android.view.ViewGroup[1]/android.widget.ScrollView[1]/android.widget.LinearLayout[1]/android.view.ViewGroup[1]/android.widget.LinearLayout[1]/android.widget.FrameLayout[1]/android.widget.EditText[1]"}[39m
[35m[HTTP][39m [37m<-- POST /wd/hub/session/4fa7c3d7-c8d4-432f-a756-cbbba6ec23a7/elements [39m[32m200[39m [90m268 ms - 139[39m
[35m[HTTP][39m [90m[39m
[35m[HTTP][39m [37m-->[39m [37mGET[39m [37m/wd/hub/session/4fa7c3d7-c8d4-432f-a756-cbbba6ec23a7/element/00000000-0000-064f-ffff-ffff000007b0/location[39m
[35m[HTTP][39m [90m{}[39m
[35m[W3C (4fa7c3d7)][39m Driver proxy active, passing request on via HTTP proxy
[35m[WD Proxy][39m Replacing sessionId 0895ac25-7624-48d8-8c9c-04062427ceff with 4fa7c3d7-c8d4-432f-a756-cbbba6ec23a7
[35m[HTTP][39m [37m<-- GET /wd/hub/session/4fa7c3d7-c8d4-432f-a756-cbbba6ec23a7/element/00000000-0000-064f-ffff-ffff000007b0/location [39m[32m200[39m [90m47 ms - 77[39m
[35m[HTTP][39m [90m[39m
[35m[HTTP][39m [37m-->[39m [37mPOST[39m [37m/wd/hub/session/4fa7c3d7-c8d4-432f-a756-cbbba6ec23a7/timeouts[39m
[35m[HTTP][39m [90m{"implicit":30000}[39m
[35m[HTTP][39m [37m<-- POST /wd/hub/session/4fa7c3d7-c8d4-432f-a756-cbbba6ec23a7/timeouts [39m[32m200[39m [90m1 ms - 14[39m
[35m[HTTP][39m [90m[39m
[35m[HTTP][39m [37m-->[39m [37mPOST[39m [37m/wd/hub/session/4fa7c3d7-c8d4-432f-a756-cbbba6ec23a7/element/00000000-0000-064f-ffff-ffff000007b0/clear[39m
[35m[HTTP][39m [90m{"id":"00000000-0000-064f-ffff-ffff000007b0"}[39m
[35m[HTTP][39m [37m<-- POST /wd/hub/session/4fa7c3d7-c8d4-432f-a756-cbbba6ec23a7/element/00000000-0000-064f-ffff-ffff000007b0/clear [39m[32m200[39m [90m77 ms - 14[39m
[35m[HTTP][39m [90m[39m
[35m[HTTP][39m [37m-->[39m [37mPOST[39m [37m/wd/hub/session/4fa7c3d7-c8d4-432f-a756-cbbba6ec23a7/element/00000000-0000-064f-ffff-ffff000007b0/value[39m
[35m[HTTP][39m [90m{"id":"00000000-0000-064f-ffff-ffff000007b0","text":"rizal@mailinator.com","value":["r","i","z","a","l","@","m","a","i","l","i","n","a","t","o","r",".","c","o","m"]}[39m
[35m[HTTP][39m [37m<-- POST /wd/hub/session/4fa7c3d7-c8d4-432f-a756-cbbba6ec23a7/element/00000000-0000-064f-ffff-ffff000007b0/value [39m[32m200[39m [90m604 ms - 14[39m
[35m[HTTP][39m [90m[39m
[35m[HTTP][39m [37m-->[39m [37mPOST[39m [37m/wd/hub/session/4fa7c3d7-c8d4-432f-a756-cbbba6ec23a7/timeouts[39m
[35m[HTTP][39m [90m{"implicit":50}[39m
[35m[HTTP][39m [37m<-- POST /wd/hub/session/4fa7c3d7-c8d4-432f-a756-cbbba6ec23a7/timeouts [39m[32m200[39m [90m2 ms - 14[39m
[35m[HTTP][39m [90m[39m
[35m[HTTP][39m [37m-->[39m [37mGET[39m [37m/wd/hub/session/4fa7c3d7-c8d4-432f-a756-cbbba6ec23a7/window/rect[39m
[35m[HTTP][39m [90m{}[39m
[35m[HTTP][39m [37m<-- GET /wd/hub/session/4fa7c3d7-c8d4-432f-a756-cbbba6ec23a7/window/rect [39m[32m200[39m [90m47 ms - 50[39m
[35m[HTTP][39m [90m[39m
[35m[HTTP][39m [37m-->[39m [37mPOST[39m [37m/wd/hub/session/4fa7c3d7-c8d4-432f-a756-cbbba6ec23a7/elements[39m
[35m[HTTP][39m [90m{"using":"xpath","value":"//hierarchy/android.widget.FrameLayout[1]/android.widget.LinearLayout[1]/android.widget.FrameLayout[1]/android.widget.LinearLayout[1]/android.widget.FrameLayout[1]/android.view.ViewGroup[1]/android.widget.ScrollView[1]/android.widget.LinearLayout[1]/android.view.ViewGroup[1]/android.widget.LinearLayout[2]/android.widget.FrameLayout[1]/android.widget.EditText[1]"}[39m
[35m[HTTP][39m [37m<-- POST /wd/hub/session/4fa7c3d7-c8d4-432f-a756-cbbba6ec23a7/elements [39m[32m200[39m [90m330 ms - 139[39m
[35m[HTTP][39m [90m[39m
[35m[HTTP][39m [37m-->[39m [37mGET[39m [37m/wd/hub/session/4fa7c3d7-c8d4-432f-a756-cbbba6ec23a7/element/00000000-0000-064f-ffff-ffff000007b4/location[39m
[35m[HTTP][39m [90m{}[39m
[35m[W3C (4fa7c3d7)][39m Driver proxy active, passing request on via HTTP proxy
[35m[WD Proxy][39m Replacing sessionId 0895ac25-7624-48d8-8c9c-04062427ceff with 4fa7c3d7-c8d4-432f-a756-cbbba6ec23a7
[35m[HTTP][39m [37m<-- GET /wd/hub/session/4fa7c3d7-c8d4-432f-a756-cbbba6ec23a7/element/00000000-0000-064f-ffff-ffff000007b4/location [39m[32m200[39m [90m44 ms - 78[39m
[35m[HTTP][39m [90m[39m
[35m[HTTP][39m [37m-->[39m [37mPOST[39m [37m/wd/hub/session/4fa7c3d7-c8d4-432f-a756-cbbba6ec23a7/timeouts[39m
[35m[HTTP][39m [90m{"implicit":30000}[39m
[35m[HTTP][39m [37m<-- POST /wd/hub/session/4fa7c3d7-c8d4-432f-a756-cbbba6ec23a7/timeouts [39m[32m200[39m [90m3 ms - 14[39m
[35m[HTTP][39m [90m[39m
[35m[HTTP][39m [37m-->[39m [37mPOST[39m [37m/wd/hub/session/4fa7c3d7-c8d4-432f-a756-cbbba6ec23a7/element/00000000-0000-064f-ffff-ffff000007b4/clear[39m
[35m[HTTP][39m [90m{"id":"00000000-0000-064f-ffff-ffff000007b4"}[39m
[35m[HTTP][39m [37m<-- POST /wd/hub/session/4fa7c3d7-c8d4-432f-a756-cbbba6ec23a7/element/00000000-0000-064f-ffff-ffff000007b4/clear [39m[32m200[39m [90m39 ms - 14[39m
[35m[HTTP][39m [90m[39m
[35m[HTTP][39m [37m-->[39m [37mPOST[39m [37m/wd/hub/session/4fa7c3d7-c8d4-432f-a756-cbbba6ec23a7/element/00000000-0000-064f-ffff-ffff000007b4/value[39m
[35m[HTTP][39m [90m{"id":"00000000-0000-064f-ffff-ffff000007b4","text":"123abc","value":["1","2","3","a","b","c"]}[39m
[35m[HTTP][39m [37m<-- POST /wd/hub/session/4fa7c3d7-c8d4-432f-a756-cbbba6ec23a7/element/00000000-0000-064f-ffff-ffff000007b4/value [39m[32m200[39m [90m1084 ms - 14[39m
[35m[HTTP][39m [90m[39m
[35m[HTTP][39m [37m-->[39m [37mGET[39m [37m/wd/hub/session/4fa7c3d7-c8d4-432f-a756-cbbba6ec23a7/context[39m
[35m[HTTP][39m [90m{}[39m
[35m[HTTP][39m [37m<-- GET /wd/hub/session/4fa7c3d7-c8d4-432f-a756-cbbba6ec23a7/context [39m[32m200[39m [90m1 ms - 22[39m
[35m[HTTP][39m [90m[39m
[35m[HTTP][39m [37m-->[39m [37mGET[39m [37m/wd/hub/session/4fa7c3d7-c8d4-432f-a756-cbbba6ec23a7/contexts[39m
[35m[HTTP][39m [90m{}[39m
[35m[HTTP][39m [37m<-- GET /wd/hub/session/4fa7c3d7-c8d4-432f-a756-cbbba6ec23a7/contexts [39m[32m200[39m [90m114 ms - 24[39m
[35m[HTTP][39m [90m[39m
[35m[HTTP][39m [37m-->[39m [37mPOST[39m [37m/wd/hub/session/4fa7c3d7-c8d4-432f-a756-cbbba6ec23a7/context[39m
[35m[HTTP][39m [90m{"name":"NATIVE_APP"}[39m
[35m[HTTP][39m [37m<-- POST /wd/hub/session/4fa7c3d7-c8d4-432f-a756-cbbba6ec23a7/context [39m[32m200[39m [90m3 ms - 14[39m
[35m[HTTP][39m [90m[39m
[35m[HTTP][39m [37m-->[39m [37mGET[39m [37m/wd/hub/session/4fa7c3d7-c8d4-432f-a756-cbbba6ec23a7/window/rect[39m
[35m[HTTP][39m [90m{}[39m
[35m[HTTP][39m [37m<-- GET /wd/hub/session/4fa7c3d7-c8d4-432f-a756-cbbba6ec23a7/window/rect [39m[32m200[39m [90m50 ms - 50[39m
[35m[HTTP][39m [90m[39m
[35m[HTTP][39m [37m-->[39m [37mPOST[39m [37m/wd/hub/session/4fa7c3d7-c8d4-432f-a756-cbbba6ec23a7/execute/sync[39m
[35m[HTTP][39m [90m{"script":"mobile: viewportScreenshot","args":[]}[39m
[35m[AndroidDriver][39m Executing native command 'mobile: viewportScreenshot'
[35m[HTTP][39m [37m<-- POST /wd/hub/session/4fa7c3d7-c8d4-432f-a756-cbbba6ec23a7/execute/sync [39m[32m200[39m [90m1597 ms - 153020[39m
[35m[HTTP][39m [90m[39m
[35m[HTTP][39m [37m-->[39m [37mPOST[39m [37m/wd/hub/session/4fa7c3d7-c8d4-432f-a756-cbbba6ec23a7/context[39m
[35m[HTTP][39m [90m{"name":"NATIVE_APP"}[39m
[35m[HTTP][39m [37m<-- POST /wd/hub/session/4fa7c3d7-c8d4-432f-a756-cbbba6ec23a7/context [39m[32m200[39m [90m2 ms - 14[39m
[35m[HTTP][39m [90m[39m
[35m[HTTP][39m [37m-->[39m [37mPOST[39m [37m/wd/hub/session/4fa7c3d7-c8d4-432f-a756-cbbba6ec23a7/timeouts[39m
[35m[HTTP][39m [90m{"implicit":50}[39m
[35m[HTTP][39m [37m<-- POST /wd/hub/session/4fa7c3d7-c8d4-432f-a756-cbbba6ec23a7/timeouts [39m[32m200[39m [90m2 ms - 14[39m
[35m[HTTP][39m [90m[39m
[35m[HTTP][39m [37m-->[39m [37mGET[39m [37m/wd/hub/session/4fa7c3d7-c8d4-432f-a756-cbbba6ec23a7/window/rect[39m
[35m[HTTP][39m [90m{}[39m
[35m[HTTP][39m [37m<-- GET /wd/hub/session/4fa7c3d7-c8d4-432f-a756-cbbba6ec23a7/window/rect [39m[32m200[39m [90m49 ms - 50[39m
[35m[HTTP][39m [90m[39m
[35m[HTTP][39m [37m-->[39m [37mPOST[39m [37m/wd/hub/session/4fa7c3d7-c8d4-432f-a756-cbbba6ec23a7/elements[39m
[35m[HTTP][39m [90m{"using":"xpath","value":"//hierarchy/android.widget.FrameLayout[1]/android.widget.LinearLayout[1]/android.widget.FrameLayout[1]/android.widget.LinearLayout[1]/android.widget.FrameLayout[1]/android.view.ViewGroup[1]/android.widget.ScrollView[1]/android.widget.LinearLayout[1]/android.view.ViewGroup[1]/android.widget.Button[1]"}[39m
[35m[HTTP][39m [37m<-- POST /wd/hub/session/4fa7c3d7-c8d4-432f-a756-cbbba6ec23a7/elements [39m[32m200[39m [90m255 ms - 139[39m
[35m[HTTP][39m [90m[39m
[35m[HTTP][39m [37m-->[39m [37mGET[39m [37m/wd/hub/session/4fa7c3d7-c8d4-432f-a756-cbbba6ec23a7/element/00000000-0000-064f-ffff-ffff000007b7/location[39m
[35m[HTTP][39m [90m{}[39m
[35m[W3C (4fa7c3d7)][39m Driver proxy active, passing request on via HTTP proxy
[35m[WD Proxy][39m Replacing sessionId 0895ac25-7624-48d8-8c9c-04062427ceff with 4fa7c3d7-c8d4-432f-a756-cbbba6ec23a7
[35m[HTTP][39m [37m<-- GET /wd/hub/session/4fa7c3d7-c8d4-432f-a756-cbbba6ec23a7/element/00000000-0000-064f-ffff-ffff000007b7/location [39m[32m200[39m [90m51 ms - 78[39m
[35m[HTTP][39m [90m[39m
[35m[HTTP][39m [37m-->[39m [37mPOST[39m [37m/wd/hub/session/4fa7c3d7-c8d4-432f-a756-cbbba6ec23a7/timeouts[39m
[35m[HTTP][39m [90m{"implicit":30000}[39m
[35m[HTTP][39m [37m<-- POST /wd/hub/session/4fa7c3d7-c8d4-432f-a756-cbbba6ec23a7/timeouts [39m[32m200[39m [90m2 ms - 14[39m
[35m[HTTP][39m [90m[39m
[35m[HTTP][39m [37m-->[39m [37mPOST[39m [37m/wd/hub/session/4fa7c3d7-c8d4-432f-a756-cbbba6ec23a7/touch/perform[39m
[35m[HTTP][39m [90m{"actions":[{"action":"tap","options":{"x":1,"y":1,"element":"00000000-0000-064f-ffff-ffff000007b7"}},{"action":"release","options":{}}]}[39m
[35m[UiAutomator2][39m calling get location: 00000000-0000-064f-ffff-ffff000007b7
[35m[HTTP][39m [37m<-- POST /wd/hub/session/4fa7c3d7-c8d4-432f-a756-cbbba6ec23a7/touch/perform [39m[32m200[39m [90m333 ms - 14[39m
[35m[HTTP][39m [90m[39m
[35m[HTTP][39m [37m-->[39m [37mGET[39m [37m/wd/hub/session/4fa7c3d7-c8d4-432f-a756-cbbba6ec23a7/window/rect[39m
[35m[HTTP][39m [90m{}[39m
[35m[HTTP][39m [37m<-- GET /wd/hub/session/4fa7c3d7-c8d4-432f-a756-cbbba6ec23a7/window/rect [39m[32m200[39m [90m26 ms - 50[39m
[35m[HTTP][39m [90m[39m
[35m[HTTP][39m [37m-->[39m [37mPOST[39m [37m/wd/hub/session/4fa7c3d7-c8d4-432f-a756-cbbba6ec23a7/elements[39m
[35m[HTTP][39m [90m{"using":"xpath","value":"//*[@resource-id = 'com.vq.mbrochuregp.client.android:id/iv_home_profil_icon' and @package = 'com.vq.mbrochuregp.client.android']"}[39m
[35m[HTTP][39m [37m<-- POST /wd/hub/session/4fa7c3d7-c8d4-432f-a756-cbbba6ec23a7/elements [39m[32m200[39m [90m4481 ms - 139[39m
[35m[HTTP][39m [90m[39m
[35m[HTTP][39m [37m-->[39m [37mGET[39m [37m/wd/hub/session/4fa7c3d7-c8d4-432f-a756-cbbba6ec23a7/element/00000000-0000-0651-ffff-ffff00000807/location[39m
[35m[HTTP][39m [90m{}[39m
[35m[W3C (4fa7c3d7)][39m Driver proxy active, passing request on via HTTP proxy
[35m[WD Proxy][39m Replacing sessionId 0895ac25-7624-48d8-8c9c-04062427ceff with 4fa7c3d7-c8d4-432f-a756-cbbba6ec23a7
[35m[HTTP][39m [37m<-- GET /wd/hub/session/4fa7c3d7-c8d4-432f-a756-cbbba6ec23a7/element/00000000-0000-0651-ffff-ffff00000807/location [39m[32m200[39m [90m118 ms - 79[39m
[35m[HTTP][39m [90m[39m
[35m[HTTP][39m [37m-->[39m [37mPOST[39m [37m/wd/hub/session/4fa7c3d7-c8d4-432f-a756-cbbba6ec23a7/element/00000000-0000-0651-ffff-ffff00000807/click[39m
[35m[HTTP][39m [90m{"id":"00000000-0000-0651-ffff-ffff00000807"}[39m
[35m[HTTP][39m [37m<-- POST /wd/hub/session/4fa7c3d7-c8d4-432f-a756-cbbba6ec23a7/element/00000000-0000-0651-ffff-ffff00000807/click [39m[32m200[39m [90m107 ms - 14[39m
[35m[HTTP][39m [90m[39m
[35m[HTTP][39m [37m-->[39m [37mGET[39m [37m/wd/hub/session/4fa7c3d7-c8d4-432f-a756-cbbba6ec23a7/context[39m
[35m[HTTP][39m [90m{}[39m
[35m[HTTP][39m [37m<-- GET /wd/hub/session/4fa7c3d7-c8d4-432f-a756-cbbba6ec23a7/context [39m[32m200[39m [90m5 ms - 22[39m
[35m[HTTP][39m [90m[39m
[35m[HTTP][39m [37m-->[39m [37mGET[39m [37m/wd/hub/session/4fa7c3d7-c8d4-432f-a756-cbbba6ec23a7/contexts[39m
[35m[HTTP][39m [90m{}[39m
[35m[HTTP][39m [37m<-- GET /wd/hub/session/4fa7c3d7-c8d4-432f-a756-cbbba6ec23a7/contexts [39m[32m200[39m [90m112 ms - 24[39m
[35m[HTTP][39m [90m[39m
[35m[HTTP][39m [37m-->[39m [37mPOST[39m [37m/wd/hub/session/4fa7c3d7-c8d4-432f-a756-cbbba6ec23a7/context[39m
[35m[HTTP][39m [90m{"name":"NATIVE_APP"}[39m
[35m[HTTP][39m [37m<-- POST /wd/hub/session/4fa7c3d7-c8d4-432f-a756-cbbba6ec23a7/context [39m[32m200[39m [90m2 ms - 14[39m
[35m[HTTP][39m [90m[39m
[35m[HTTP][39m [37m-->[39m [37mGET[39m [37m/wd/hub/session/4fa7c3d7-c8d4-432f-a756-cbbba6ec23a7/window/rect[39m
[35m[HTTP][39m [90m{}[39m
[35m[HTTP][39m [37m<-- GET /wd/hub/session/4fa7c3d7-c8d4-432f-a756-cbbba6ec23a7/window/rect [39m[32m200[39m [90m23 ms - 50[39m
[35m[HTTP][39m [90m[39m
[35m[HTTP][39m [37m-->[39m [37mPOST[39m [37m/wd/hub/session/4fa7c3d7-c8d4-432f-a756-cbbba6ec23a7/execute/sync[39m
[35m[HTTP][39m [90m{"script":"mobile: viewportScreenshot","args":[]}[39m
[35m[AndroidDriver][39m Executing native command 'mobile: viewportScreenshot'
[35m[HTTP][39m [37m<-- POST /wd/hub/session/4fa7c3d7-c8d4-432f-a756-cbbba6ec23a7/execute/sync [39m[32m200[39m [90m1862 ms - 919624[39m
[35m[HTTP][39m [90m[39m
[35m[HTTP][39m [37m-->[39m [37mPOST[39m [37m/wd/hub/session/4fa7c3d7-c8d4-432f-a756-cbbba6ec23a7/context[39m
[35m[HTTP][39m [90m{"name":"NATIVE_APP"}[39m
[35m[HTTP][39m [37m<-- POST /wd/hub/session/4fa7c3d7-c8d4-432f-a756-cbbba6ec23a7/context [39m[32m200[39m [90m2 ms - 14[39m
[35m[HTTP][39m [90m[39m
[35m[HTTP][39m [37m-->[39m [37mGET[39m [37m/wd/hub/session/4fa7c3d7-c8d4-432f-a756-cbbba6ec23a7/window/rect[39m
[35m[HTTP][39m [90m{}[39m
[35m[HTTP][39m [37m<-- GET /wd/hub/session/4fa7c3d7-c8d4-432f-a756-cbbba6ec23a7/window/rect [39m[32m200[39m [90m44 ms - 50[39m
[35m[HTTP][39m [90m[39m
[35m[HTTP][39m [37m-->[39m [37mPOST[39m [37m/wd/hub/session/4fa7c3d7-c8d4-432f-a756-cbbba6ec23a7/elements[39m
[35m[HTTP][39m [90m{"using":"xpath","value":"//*[@class = 'android.widget.ImageView' and @resource-id = 'com.vq.mbrochuregp.client.android:id/iv_home_icon' and (@text = '' or . = '')]"}[39m
[35m[HTTP][39m [37m<-- POST /wd/hub/session/4fa7c3d7-c8d4-432f-a756-cbbba6ec23a7/elements [39m[32m200[39m [90m449 ms - 139[39m
[35m[HTTP][39m [90m[39m
[35m[HTTP][39m [37m-->[39m [37mGET[39m [37m/wd/hub/session/4fa7c3d7-c8d4-432f-a756-cbbba6ec23a7/element/00000000-0000-0653-ffff-ffff0000084f/location[39m
[35m[HTTP][39m [90m{}[39m
[35m[W3C (4fa7c3d7)][39m Driver proxy active, passing request on via HTTP proxy
[35m[WD Proxy][39m Replacing sessionId 0895ac25-7624-48d8-8c9c-04062427ceff with 4fa7c3d7-c8d4-432f-a756-cbbba6ec23a7
[35m[HTTP][39m [37m<-- GET /wd/hub/session/4fa7c3d7-c8d4-432f-a756-cbbba6ec23a7/element/00000000-0000-0653-ffff-ffff0000084f/location [39m[32m200[39m [90m44 ms - 78[39m
[35m[HTTP][39m [90m[39m
[35m[HTTP][39m [37m-->[39m [37mPOST[39m [37m/wd/hub/session/4fa7c3d7-c8d4-432f-a756-cbbba6ec23a7/element/00000000-0000-0653-ffff-ffff0000084f/click[39m
[35m[HTTP][39m [90m{"id":"00000000-0000-0653-ffff-ffff0000084f"}[39m
[35m[HTTP][39m [37m<-- POST /wd/hub/session/4fa7c3d7-c8d4-432f-a756-cbbba6ec23a7/element/00000000-0000-0653-ffff-ffff0000084f/click [39m[32m200[39m [90m726 ms - 14[39m
[35m[HTTP][39m [90m[39m
[35m[HTTP][39m [37m-->[39m [37mGET[39m [37m/wd/hub/status[39m
[35m[HTTP][39m [90m{}[39m
[35m[HTTP][39m [37m<-- GET /wd/hub/status [39m[32m200[39m [90m2 ms - 68[39m
[35m[HTTP][39m [90m[39m
[35m[HTTP][39m [37m-->[39m [37mPOST[39m [37m/wd/hub/session[39m
[35m[HTTP][39m [90m{"desiredCapabilities":{"appActivity":".Settings","appPackage":"com.android.settings","newCommandTimeout":1800,"platformVersion":"11","automationName":"uiautomator2","autoGrantPermissions":true,"platformName":"Android","udid":"RR8N605F11Y","deviceName":"samsung SM-M315F (Android 11)","platform":"ANDROID","systemPort":8261},"capabilities":{"firstMatch":[{"appium:appActivity":".Settings","appium:appPackage":"com.android.settings","appium:autoGrantPermissions":true,"appium:automationName":"uiautomator2","appium:deviceName":"samsung SM-M315F (Android 11)","appium:newCommandTimeout":1800,"platform":"ANDROID","platformName":"android","appium:platformVersion":"11","appium:systemPort":8261,"appium:udid":"RR8N605F11Y"}]}}[39m
[35m[BaseDriver][39m The following capabilities are not standard capabilities and should have an extension prefix:
[35m[BaseDriver][39m   platform
[35m[BaseDriver][39m   chromedriverPort
[35m[Appium][39m Appium v1.22.2 creating new AndroidUiautomator2Driver (v1.70.1) session
[35m[BaseDriver][39m The following capabilities were provided, but are not recognized by Appium:
[35m[BaseDriver][39m   platform
[35m[BaseDriver][39m Session created with session id: 3b32f26f-f875-4929-abfd-5bc9239ae4fa
[35m[UiAutomator2][39m Starting 'com.android.settings' directly on the device
[35m[ADB][39m Using 'adb.exe' from 'C:\Users\Nia Yusniati\.katalon\tools\android_sdk\platform-tools\adb.exe'
[35m[AndroidDriver][39m Retrieving device list
[35m[AndroidDriver][39m Using device: RR8N605F11Y
[35m[ADB][39m Using 'adb.exe' from 'C:\Users\Nia Yusniati\.katalon\tools\android_sdk\platform-tools\adb.exe'
[35m[ADB][39m Getting device platform version
[35m[UiAutomator2][39m Relaxing hidden api policy
[35m[AndroidDriver][39m No app sent in, not parsing package/activity
[35m[UiAutomator2][39m Server packages are not going to be (re)installed
[35m[ADB][39m Adding packages ["io.appium.settings","io.appium.uiautomator2.server","io.appium.uiautomator2.server.test"] to Doze whitelist
[35m[UiAutomator2][39m Starting UIAutomator2 server 4.27.0
[35m[UiAutomator2][39m Using UIAutomator2 server from 'C:\Users\Nia Yusniati\AppData\Roaming\npm\node_modules\appium\node_modules\appium-uiautomator2-server\apks\appium-uiautomator2-server-v4.27.0.apk' and test from 'C:\Users\Nia Yusniati\AppData\Roaming\npm\node_modules\appium\node_modules\appium-uiautomator2-server\apks\appium-uiautomator2-server-debug-androidTest.apk'
[35m[UiAutomator2][39m Waiting up to 30000ms for UiAutomator2 to be online...
[35m[WD Proxy][39m socket hang up
[35m[WD Proxy][39m socket hang up
[35m[WD Proxy][39m socket hang up
[35m[WD Proxy][39m Determined the downstream protocol as 'W3C'
[35m[AndroidDriver][39m Screen already unlocked, doing nothing
[35m[UiAutomator2][39m Starting 'com.android.settings/.Settings and waiting for 'com.android.settings/.Settings'
[35m[Appium][39m New AndroidUiautomator2Driver session created successfully, session 3b32f26f-f875-4929-abfd-5bc9239ae4fa added to master session list
[35m[HTTP][39m [37m<-- POST /wd/hub/session [39m[32m200[39m [90m9452 ms - 1158[39m
[35m[HTTP][39m [90m[39m
[35m[HTTP][39m [37m-->[39m [37mGET[39m [37m/wd/hub/session/3b32f26f-f875-4929-abfd-5bc9239ae4fa[39m
[35m[HTTP][39m [90m{}[39m
[35m[HTTP][39m [37m<-- GET /wd/hub/session/3b32f26f-f875-4929-abfd-5bc9239ae4fa [39m[32m200[39m [90m16 ms - 1112[39m
[35m[HTTP][39m [90m[39m
[35m[HTTP][39m [37m-->[39m [37mGET[39m [37m/wd/hub/session/3b32f26f-f875-4929-abfd-5bc9239ae4fa[39m
[35m[HTTP][39m [90m{}[39m
[35m[HTTP][39m [37m<-- GET /wd/hub/session/3b32f26f-f875-4929-abfd-5bc9239ae4fa [39m[32m200[39m [90m21 ms - 1112[39m
[35m[HTTP][39m [90m[39m
[35m[HTTP][39m [37m-->[39m [37mGET[39m [37m/wd/hub/status[39m
[35m[HTTP][39m [90m{}[39m
[35m[HTTP][39m [37m<-- GET /wd/hub/status [39m[32m200[39m [90m1 ms - 68[39m
[35m[HTTP][39m [90m[39m
[35m[HTTP][39m [37m-->[39m [37mPOST[39m [37m/wd/hub/session/3b32f26f-f875-4929-abfd-5bc9239ae4fa/timeouts[39m
[35m[HTTP][39m [90m{"implicit":30000}[39m
[35m[HTTP][39m [37m<-- POST /wd/hub/session/3b32f26f-f875-4929-abfd-5bc9239ae4fa/timeouts [39m[32m200[39m [90m2 ms - 14[39m
[35m[HTTP][39m [90m[39m
[35m[HTTP][39m [37m-->[39m [37mGET[39m [37m/wd/hub/session/3b32f26f-f875-4929-abfd-5bc9239ae4fa/screenshot[39m
[35m[HTTP][39m [90m{}[39m
[35m[HTTP][39m [37m<-- GET /wd/hub/session/3b32f26f-f875-4929-abfd-5bc9239ae4fa/screenshot [39m[32m200[39m [90m528 ms - 224456[39m
[35m[HTTP][39m [90m[39m
[35m[HTTP][39m [37m-->[39m [37mGET[39m [37m/wd/hub/session/3b32f26f-f875-4929-abfd-5bc9239ae4fa/window/rect[39m
[35m[HTTP][39m [90m{}[39m
[35m[HTTP][39m [37m<-- GET /wd/hub/session/3b32f26f-f875-4929-abfd-5bc9239ae4fa/window/rect [39m[32m200[39m [90m10 ms - 50[39m
[35m[HTTP][39m [90m[39m
[35m[HTTP][39m [37m-->[39m [37mGET[39m [37m/wd/hub/session/3b32f26f-f875-4929-abfd-5bc9239ae4fa/appium/device/system_bars[39m
[35m[HTTP][39m [90m{}[39m
[35m[HTTP][39m [37m<-- GET /wd/hub/session/3b32f26f-f875-4929-abfd-5bc9239ae4fa/appium/device/system_bars [39m[32m200[39m [90m89 ms - 148[39m
[35m[HTTP][39m [90m[39m
[35m[HTTP][39m [37m-->[39m [37mPOST[39m [37m/wd/hub/session/3b32f26f-f875-4929-abfd-5bc9239ae4fa/appium/device/activate_app[39m
[35m[HTTP][39m [90m{"bundleId":"com.vq.mbrochuregp.client.android"}[39m
[35m[HTTP][39m [37m<-- POST /wd/hub/session/3b32f26f-f875-4929-abfd-5bc9239ae4fa/appium/device/activate_app [39m[32m200[39m [90m579 ms - 14[39m
[35m[HTTP][39m [90m[39m
[35m[HTTP][39m [37m-->[39m [37mGET[39m [37m/wd/hub/session/3b32f26f-f875-4929-abfd-5bc9239ae4fa/context[39m
[35m[HTTP][39m [90m{}[39m
[35m[HTTP][39m [37m<-- GET /wd/hub/session/3b32f26f-f875-4929-abfd-5bc9239ae4fa/context [39m[32m200[39m [90m2 ms - 22[39m
[35m[HTTP][39m [90m[39m
[35m[HTTP][39m [37m-->[39m [37mGET[39m [37m/wd/hub/session/3b32f26f-f875-4929-abfd-5bc9239ae4fa/contexts[39m
[35m[HTTP][39m [90m{}[39m
[35m[HTTP][39m [37m<-- GET /wd/hub/session/3b32f26f-f875-4929-abfd-5bc9239ae4fa/contexts [39m[32m200[39m [90m128 ms - 24[39m
[35m[HTTP][39m [90m[39m
[35m[HTTP][39m [37m-->[39m [37mPOST[39m [37m/wd/hub/session/3b32f26f-f875-4929-abfd-5bc9239ae4fa/context[39m
[35m[HTTP][39m [90m{"name":"NATIVE_APP"}[39m
[35m[HTTP][39m [37m<-- POST /wd/hub/session/3b32f26f-f875-4929-abfd-5bc9239ae4fa/context [39m[32m200[39m [90m1 ms - 14[39m
[35m[HTTP][39m [90m[39m
[35m[HTTP][39m [37m-->[39m [37mPOST[39m [37m/wd/hub/session/3b32f26f-f875-4929-abfd-5bc9239ae4fa/appium/device/press_keycode[39m
[35m[HTTP][39m [90m{"keycode":4}[39m
[35m[HTTP][39m [37m<-- POST /wd/hub/session/3b32f26f-f875-4929-abfd-5bc9239ae4fa/appium/device/press_keycode [39m[32m200[39m [90m218 ms - 14[39m
[35m[HTTP][39m [90m[39m
[35m[HTTP][39m [37m-->[39m [37mPOST[39m [37m/wd/hub/session/3b32f26f-f875-4929-abfd-5bc9239ae4fa/context[39m
[35m[HTTP][39m [90m{"name":"NATIVE_APP"}[39m
[35m[HTTP][39m [37m<-- POST /wd/hub/session/3b32f26f-f875-4929-abfd-5bc9239ae4fa/context [39m[32m200[39m [90m1 ms - 14[39m
[35m[HTTP][39m [90m[39m
[35m[HTTP][39m [37m-->[39m [37mPOST[39m [37m/wd/hub/session/3b32f26f-f875-4929-abfd-5bc9239ae4fa/timeouts[39m
[35m[HTTP][39m [90m{"implicit":50}[39m
[35m[HTTP][39m [37m<-- POST /wd/hub/session/3b32f26f-f875-4929-abfd-5bc9239ae4fa/timeouts [39m[32m200[39m [90m2 ms - 14[39m
[35m[HTTP][39m [90m[39m
[35m[HTTP][39m [37m-->[39m [37mGET[39m [37m/wd/hub/session/3b32f26f-f875-4929-abfd-5bc9239ae4fa/window/rect[39m
[35m[HTTP][39m [90m{}[39m
[35m[HTTP][39m [37m<-- GET /wd/hub/session/3b32f26f-f875-4929-abfd-5bc9239ae4fa/window/rect [39m[32m200[39m [90m24 ms - 50[39m
[35m[HTTP][39m [90m[39m
[35m[HTTP][39m [37m-->[39m [37mPOST[39m [37m/wd/hub/session/3b32f26f-f875-4929-abfd-5bc9239ae4fa/elements[39m
[35m[HTTP][39m [90m{"using":"xpath","value":"//*[@class = 'android.widget.Button' and (@text = 'TIDAK' or . = 'TIDAK') and @resource-id = 'android:id/button2']"}[39m
[35m[HTTP][39m [37m<-- POST /wd/hub/session/3b32f26f-f875-4929-abfd-5bc9239ae4fa/elements [39m[32m200[39m [90m780 ms - 139[39m
[35m[HTTP][39m [90m[39m
[35m[HTTP][39m [37m-->[39m [37mGET[39m [37m/wd/hub/session/3b32f26f-f875-4929-abfd-5bc9239ae4fa/element/00000000-0000-0664-ffff-ffff000008fc/location[39m
[35m[HTTP][39m [90m{}[39m
[35m[W3C (3b32f26f)][39m Driver proxy active, passing request on via HTTP proxy
[35m[WD Proxy][39m Replacing sessionId c38f2c38-c98e-4595-9ccb-6119487d1955 with 3b32f26f-f875-4929-abfd-5bc9239ae4fa
[35m[HTTP][39m [37m<-- GET /wd/hub/session/3b32f26f-f875-4929-abfd-5bc9239ae4fa/element/00000000-0000-0664-ffff-ffff000008fc/location [39m[32m200[39m [90m35 ms - 79[39m
[35m[HTTP][39m [90m[39m
[35m[HTTP][39m [37m-->[39m [37mPOST[39m [37m/wd/hub/session/3b32f26f-f875-4929-abfd-5bc9239ae4fa/timeouts[39m
[35m[HTTP][39m [90m{"implicit":30000}[39m
[35m[HTTP][39m [37m<-- POST /wd/hub/session/3b32f26f-f875-4929-abfd-5bc9239ae4fa/timeouts [39m[32m200[39m [90m1 ms - 14[39m
[35m[HTTP][39m [90m[39m
[35m[HTTP][39m [37m-->[39m [37mPOST[39m [37m/wd/hub/session/3b32f26f-f875-4929-abfd-5bc9239ae4fa/touch/perform[39m
[35m[HTTP][39m [90m{"actions":[{"action":"tap","options":{"x":1,"y":1,"element":"00000000-0000-0664-ffff-ffff000008fc"}},{"action":"release","options":{}}]}[39m
[35m[UiAutomator2][39m calling get location: 00000000-0000-0664-ffff-ffff000008fc
[35m[HTTP][39m [37m<-- POST /wd/hub/session/3b32f26f-f875-4929-abfd-5bc9239ae4fa/touch/perform [39m[32m200[39m [90m787 ms - 14[39m
[35m[HTTP][39m [90m[39m
[35m[HTTP][39m [37m-->[39m [37mPOST[39m [37m/wd/hub/session/3b32f26f-f875-4929-abfd-5bc9239ae4fa/timeouts[39m
[35m[HTTP][39m [90m{"implicit":50}[39m
[35m[HTTP][39m [37m<-- POST /wd/hub/session/3b32f26f-f875-4929-abfd-5bc9239ae4fa/timeouts [39m[32m200[39m [90m1 ms - 14[39m
[35m[HTTP][39m [90m[39m
[35m[HTTP][39m [37m-->[39m [37mGET[39m [37m/wd/hub/session/3b32f26f-f875-4929-abfd-5bc9239ae4fa/window/rect[39m
[35m[HTTP][39m [90m{}[39m
[35m[HTTP][39m [37m<-- GET /wd/hub/session/3b32f26f-f875-4929-abfd-5bc9239ae4fa/window/rect [39m[32m200[39m [90m34 ms - 50[39m
[35m[HTTP][39m [90m[39m
[35m[HTTP][39m [37m-->[39m [37mPOST[39m [37m/wd/hub/session/3b32f26f-f875-4929-abfd-5bc9239ae4fa/elements[39m
[35m[HTTP][39m [90m{"using":"xpath","value":"//*[@class = 'android.widget.ImageView' and @resource-id = 'com.vq.mbrochuregp.client.android:id/iv_home_billing_icon' and (@text = '' or . = '')]"}[39m
[35m[HTTP][39m [37m<-- POST /wd/hub/session/3b32f26f-f875-4929-abfd-5bc9239ae4fa/elements [39m[32m200[39m [90m493 ms - 139[39m
[35m[HTTP][39m [90m[39m
[35m[HTTP][39m [37m-->[39m [37mGET[39m [37m/wd/hub/session/3b32f26f-f875-4929-abfd-5bc9239ae4fa/element/00000000-0000-065c-ffff-ffff000008b4/location[39m
[35m[HTTP][39m [90m{}[39m
[35m[W3C (3b32f26f)][39m Driver proxy active, passing request on via HTTP proxy
[35m[WD Proxy][39m Replacing sessionId c38f2c38-c98e-4595-9ccb-6119487d1955 with 3b32f26f-f875-4929-abfd-5bc9239ae4fa
[35m[HTTP][39m [37m<-- GET /wd/hub/session/3b32f26f-f875-4929-abfd-5bc9239ae4fa/element/00000000-0000-065c-ffff-ffff000008b4/location [39m[32m200[39m [90m26 ms - 79[39m
[35m[HTTP][39m [90m[39m
[35m[HTTP][39m [37m-->[39m [37mPOST[39m [37m/wd/hub/session/3b32f26f-f875-4929-abfd-5bc9239ae4fa/timeouts[39m
[35m[HTTP][39m [90m{"implicit":30000}[39m
[35m[HTTP][39m [37m<-- POST /wd/hub/session/3b32f26f-f875-4929-abfd-5bc9239ae4fa/timeouts [39m[32m200[39m [90m1 ms - 14[39m
[35m[HTTP][39m [90m[39m
[35m[HTTP][39m [37m-->[39m [37mPOST[39m [37m/wd/hub/session/3b32f26f-f875-4929-abfd-5bc9239ae4fa/touch/perform[39m
[35m[HTTP][39m [90m{"actions":[{"action":"tap","options":{"x":1,"y":1,"element":"00000000-0000-065c-ffff-ffff000008b4"}},{"action":"release","options":{}}]}[39m
[35m[UiAutomator2][39m calling get location: 00000000-0000-065c-ffff-ffff000008b4
[35m[HTTP][39m [37m<-- POST /wd/hub/session/3b32f26f-f875-4929-abfd-5bc9239ae4fa/touch/perform [39m[32m200[39m [90m242 ms - 14[39m
[35m[HTTP][39m [90m[39m
[35m[HTTP][39m [37m-->[39m [37mGET[39m [37m/wd/hub/session/3b32f26f-f875-4929-abfd-5bc9239ae4fa/context[39m
[35m[HTTP][39m [90m{}[39m
[35m[HTTP][39m [37m<-- GET /wd/hub/session/3b32f26f-f875-4929-abfd-5bc9239ae4fa/context [39m[32m200[39m [90m4 ms - 22[39m
[35m[HTTP][39m [90m[39m
[35m[HTTP][39m [37m-->[39m [37mGET[39m [37m/wd/hub/session/3b32f26f-f875-4929-abfd-5bc9239ae4fa/contexts[39m
[35m[HTTP][39m [90m{}[39m
[35m[HTTP][39m [37m<-- GET /wd/hub/session/3b32f26f-f875-4929-abfd-5bc9239ae4fa/contexts [39m[32m200[39m [90m176 ms - 24[39m
[35m[HTTP][39m [90m[39m
[35m[HTTP][39m [37m-->[39m [37mPOST[39m [37m/wd/hub/session/3b32f26f-f875-4929-abfd-5bc9239ae4fa/context[39m
[35m[HTTP][39m [90m{"name":"NATIVE_APP"}[39m
[35m[HTTP][39m [37m<-- POST /wd/hub/session/3b32f26f-f875-4929-abfd-5bc9239ae4fa/context [39m[32m200[39m [90m1 ms - 14[39m
[35m[HTTP][39m [90m[39m
[35m[HTTP][39m [37m-->[39m [37mGET[39m [37m/wd/hub/session/3b32f26f-f875-4929-abfd-5bc9239ae4fa/window/rect[39m
[35m[HTTP][39m [90m{}[39m
[35m[HTTP][39m [37m<-- GET /wd/hub/session/3b32f26f-f875-4929-abfd-5bc9239ae4fa/window/rect [39m[32m200[39m [90m53 ms - 50[39m
[35m[HTTP][39m [90m[39m
[35m[HTTP][39m [37m-->[39m [37mPOST[39m [37m/wd/hub/session/3b32f26f-f875-4929-abfd-5bc9239ae4fa/execute/sync[39m
[35m[HTTP][39m [90m{"script":"mobile: viewportScreenshot","args":[]}[39m
[35m[AndroidDriver][39m Executing native command 'mobile: viewportScreenshot'
[35m[HTTP][39m [37m<-- POST /wd/hub/session/3b32f26f-f875-4929-abfd-5bc9239ae4fa/execute/sync [39m[32m200[39m [90m1618 ms - 145956[39m
[35m[HTTP][39m [90m[39m
[35m[HTTP][39m [37m-->[39m [37mPOST[39m [37m/wd/hub/session/3b32f26f-f875-4929-abfd-5bc9239ae4fa/context[39m
[35m[HTTP][39m [90m{"name":"NATIVE_APP"}[39m
[35m[HTTP][39m [37m<-- POST /wd/hub/session/3b32f26f-f875-4929-abfd-5bc9239ae4fa/context [39m[32m200[39m [90m2 ms - 14[39m
[35m[HTTP][39m [90m[39m
[35m[HTTP][39m [37m-->[39m [37mPOST[39m [37m/wd/hub/session/3b32f26f-f875-4929-abfd-5bc9239ae4fa/timeouts[39m
[35m[HTTP][39m [90m{"implicit":50}[39m
[35m[HTTP][39m [37m<-- POST /wd/hub/session/3b32f26f-f875-4929-abfd-5bc9239ae4fa/timeouts [39m[32m200[39m [90m2 ms - 14[39m
[35m[HTTP][39m [90m[39m
[35m[HTTP][39m [37m-->[39m [37mGET[39m [37m/wd/hub/session/3b32f26f-f875-4929-abfd-5bc9239ae4fa/window/rect[39m
[35m[HTTP][39m [90m{}[39m
[35m[HTTP][39m [37m<-- GET /wd/hub/session/3b32f26f-f875-4929-abfd-5bc9239ae4fa/window/rect [39m[32m200[39m [90m52 ms - 50[39m
[35m[HTTP][39m [90m[39m
[35m[HTTP][39m [37m-->[39m [37mPOST[39m [37m/wd/hub/session/3b32f26f-f875-4929-abfd-5bc9239ae4fa/elements[39m
[35m[HTTP][39m [90m{"using":"xpath","value":"//*[@class = 'android.widget.TextView' and (@text = 'Sudah Dibayar' or . = 'Sudah Dibayar')]"}[39m
[35m[HTTP][39m [37m<-- POST /wd/hub/session/3b32f26f-f875-4929-abfd-5bc9239ae4fa/elements [39m[32m200[39m [90m528 ms - 139[39m
[35m[HTTP][39m [90m[39m
[35m[HTTP][39m [37m-->[39m [37mGET[39m [37m/wd/hub/session/3b32f26f-f875-4929-abfd-5bc9239ae4fa/element/00000000-0000-0666-ffff-ffff00000914/location[39m
[35m[HTTP][39m [90m{}[39m
[35m[W3C (3b32f26f)][39m Driver proxy active, passing request on via HTTP proxy
[35m[WD Proxy][39m Replacing sessionId c38f2c38-c98e-4595-9ccb-6119487d1955 with 3b32f26f-f875-4929-abfd-5bc9239ae4fa
[35m[HTTP][39m [37m<-- GET /wd/hub/session/3b32f26f-f875-4929-abfd-5bc9239ae4fa/element/00000000-0000-0666-ffff-ffff00000914/location [39m[32m200[39m [90m513 ms - 78[39m
[35m[HTTP][39m [90m[39m
[35m[HTTP][39m [37m-->[39m [37mPOST[39m [37m/wd/hub/session/3b32f26f-f875-4929-abfd-5bc9239ae4fa/timeouts[39m
[35m[HTTP][39m [90m{"implicit":30000}[39m
[35m[HTTP][39m [37m<-- POST /wd/hub/session/3b32f26f-f875-4929-abfd-5bc9239ae4fa/timeouts [39m[32m200[39m [90m3 ms - 14[39m
[35m[HTTP][39m [90m[39m
[35m[HTTP][39m [37m-->[39m [37mPOST[39m [37m/wd/hub/session/3b32f26f-f875-4929-abfd-5bc9239ae4fa/touch/perform[39m
[35m[HTTP][39m [90m{"actions":[{"action":"tap","options":{"x":1,"y":1,"element":"00000000-0000-0666-ffff-ffff00000914"}},{"action":"release","options":{}}]}[39m
[35m[UiAutomator2][39m calling get location: 00000000-0000-0666-ffff-ffff00000914
[35m[HTTP][39m [37m<-- POST /wd/hub/session/3b32f26f-f875-4929-abfd-5bc9239ae4fa/touch/perform [39m[32m200[39m [90m302 ms - 14[39m
[35m[HTTP][39m [90m[39m
[35m[HTTP][39m [37m-->[39m [37mGET[39m [37m/wd/hub/session/3b32f26f-f875-4929-abfd-5bc9239ae4fa/context[39m
[35m[HTTP][39m [90m{}[39m
[35m[HTTP][39m [37m<-- GET /wd/hub/session/3b32f26f-f875-4929-abfd-5bc9239ae4fa/context [39m[32m200[39m [90m2 ms - 22[39m
[35m[HTTP][39m [90m[39m
[35m[HTTP][39m [37m-->[39m [37mGET[39m [37m/wd/hub/session/3b32f26f-f875-4929-abfd-5bc9239ae4fa/contexts[39m
[35m[HTTP][39m [90m{}[39m
[35m[HTTP][39m [37m<-- GET /wd/hub/session/3b32f26f-f875-4929-abfd-5bc9239ae4fa/contexts [39m[32m200[39m [90m122 ms - 24[39m
[35m[HTTP][39m [90m[39m
[35m[HTTP][39m [37m-->[39m [37mPOST[39m [37m/wd/hub/session/3b32f26f-f875-4929-abfd-5bc9239ae4fa/context[39m
[35m[HTTP][39m [90m{"name":"NATIVE_APP"}[39m
[35m[HTTP][39m [37m<-- POST /wd/hub/session/3b32f26f-f875-4929-abfd-5bc9239ae4fa/context [39m[32m200[39m [90m2 ms - 14[39m
[35m[HTTP][39m [90m[39m
[35m[HTTP][39m [37m-->[39m [37mGET[39m [37m/wd/hub/session/3b32f26f-f875-4929-abfd-5bc9239ae4fa/window/rect[39m
[35m[HTTP][39m [90m{}[39m
[35m[HTTP][39m [37m<-- GET /wd/hub/session/3b32f26f-f875-4929-abfd-5bc9239ae4fa/window/rect [39m[32m200[39m [90m47 ms - 50[39m
[35m[HTTP][39m [90m[39m
[35m[HTTP][39m [37m-->[39m [37mPOST[39m [37m/wd/hub/session/3b32f26f-f875-4929-abfd-5bc9239ae4fa/execute/sync[39m
[35m[HTTP][39m [90m{"script":"mobile: viewportScreenshot","args":[]}[39m
[35m[AndroidDriver][39m Executing native command 'mobile: viewportScreenshot'
[35m[HTTP][39m [37m<-- POST /wd/hub/session/3b32f26f-f875-4929-abfd-5bc9239ae4fa/execute/sync [39m[32m200[39m [90m1415 ms - 168432[39m
[35m[HTTP][39m [90m[39m
[35m[HTTP][39m [37m-->[39m [37mPOST[39m [37m/wd/hub/session/3b32f26f-f875-4929-abfd-5bc9239ae4fa/context[39m
[35m[HTTP][39m [90m{"name":"NATIVE_APP"}[39m
[35m[HTTP][39m [37m<-- POST /wd/hub/session/3b32f26f-f875-4929-abfd-5bc9239ae4fa/context [39m[32m200[39m [90m4 ms - 14[39m
[35m[HTTP][39m [90m[39m
[35m[HTTP][39m [37m-->[39m [37mPOST[39m [37m/wd/hub/session/3b32f26f-f875-4929-abfd-5bc9239ae4fa/timeouts[39m
[35m[HTTP][39m [90m{"implicit":50}[39m
[35m[HTTP][39m [37m<-- POST /wd/hub/session/3b32f26f-f875-4929-abfd-5bc9239ae4fa/timeouts [39m[32m200[39m [90m1 ms - 14[39m
[35m[HTTP][39m [90m[39m
[35m[HTTP][39m [37m-->[39m [37mGET[39m [37m/wd/hub/session/3b32f26f-f875-4929-abfd-5bc9239ae4fa/window/rect[39m
[35m[HTTP][39m [90m{}[39m
[35m[HTTP][39m [37m<-- GET /wd/hub/session/3b32f26f-f875-4929-abfd-5bc9239ae4fa/window/rect [39m[32m200[39m [90m36 ms - 50[39m
[35m[HTTP][39m [90m[39m
[35m[HTTP][39m [37m-->[39m [37mPOST[39m [37m/wd/hub/session/3b32f26f-f875-4929-abfd-5bc9239ae4fa/elements[39m
[35m[HTTP][39m [90m{"using":"xpath","value":"//*[@class = 'android.widget.TextView' and (@text = 'Belum Dibayar' or . = 'Belum Dibayar')]"}[39m
[35m[HTTP][39m [37m<-- POST /wd/hub/session/3b32f26f-f875-4929-abfd-5bc9239ae4fa/elements [39m[32m200[39m [90m857 ms - 139[39m
[35m[HTTP][39m [90m[39m
[35m[HTTP][39m [37m-->[39m [37mGET[39m [37m/wd/hub/session/3b32f26f-f875-4929-abfd-5bc9239ae4fa/element/00000000-0000-0666-ffff-ffff00000911/location[39m
[35m[HTTP][39m [90m{}[39m
[35m[W3C (3b32f26f)][39m Driver proxy active, passing request on via HTTP proxy
[35m[WD Proxy][39m Replacing sessionId c38f2c38-c98e-4595-9ccb-6119487d1955 with 3b32f26f-f875-4929-abfd-5bc9239ae4fa
[35m[HTTP][39m [37m<-- GET /wd/hub/session/3b32f26f-f875-4929-abfd-5bc9239ae4fa/element/00000000-0000-0666-ffff-ffff00000911/location [39m[32m200[39m [90m685 ms - 78[39m
[35m[HTTP][39m [90m[39m
[35m[HTTP][39m [37m-->[39m [37mPOST[39m [37m/wd/hub/session/3b32f26f-f875-4929-abfd-5bc9239ae4fa/timeouts[39m
[35m[HTTP][39m [90m{"implicit":30000}[39m
[35m[HTTP][39m [37m<-- POST /wd/hub/session/3b32f26f-f875-4929-abfd-5bc9239ae4fa/timeouts [39m[32m200[39m [90m2 ms - 14[39m
[35m[HTTP][39m [90m[39m
[35m[HTTP][39m [37m-->[39m [37mPOST[39m [37m/wd/hub/session/3b32f26f-f875-4929-abfd-5bc9239ae4fa/touch/perform[39m
[35m[HTTP][39m [90m{"actions":[{"action":"tap","options":{"x":1,"y":1,"element":"00000000-0000-0666-ffff-ffff00000911"}},{"action":"release","options":{}}]}[39m
[35m[UiAutomator2][39m calling get location: 00000000-0000-0666-ffff-ffff00000911
[35m[HTTP][39m [37m<-- POST /wd/hub/session/3b32f26f-f875-4929-abfd-5bc9239ae4fa/touch/perform [39m[32m200[39m [90m306 ms - 14[39m
[35m[HTTP][39m [90m[39m
[35m[HTTP][39m [37m-->[39m [37mPOST[39m [37m/wd/hub/session/3b32f26f-f875-4929-abfd-5bc9239ae4fa/timeouts[39m
[35m[HTTP][39m [90m{"implicit":50}[39m
[35m[HTTP][39m [37m<-- POST /wd/hub/session/3b32f26f-f875-4929-abfd-5bc9239ae4fa/timeouts [39m[32m200[39m [90m1 ms - 14[39m
[35m[HTTP][39m [90m[39m
[35m[HTTP][39m [37m-->[39m [37mGET[39m [37m/wd/hub/session/3b32f26f-f875-4929-abfd-5bc9239ae4fa/window/rect[39m
[35m[HTTP][39m [90m{}[39m
[35m[HTTP][39m [37m<-- GET /wd/hub/session/3b32f26f-f875-4929-abfd-5bc9239ae4fa/window/rect [39m[32m200[39m [90m36 ms - 50[39m
[35m[HTTP][39m [90m[39m
[35m[HTTP][39m [37m-->[39m [37mPOST[39m [37m/wd/hub/session/3b32f26f-f875-4929-abfd-5bc9239ae4fa/elements[39m
[35m[HTTP][39m [90m{"using":"xpath","value":"//hierarchy/android.widget.FrameLayout[1]/android.widget.LinearLayout[1]/android.widget.FrameLayout[1]/android.widget.LinearLayout[1]/android.widget.FrameLayout[1]/android.view.ViewGroup[1]/androidx.viewpager.widget.ViewPager[1]/android.widget.FrameLayout[1]/android.view.ViewGroup[1]/android.widget.ScrollView[1]/android.widget.LinearLayout[1]/androidx.recyclerview.widget.RecyclerView[1]/android.widget.LinearLayout[1]/android.widget.RelativeLayout[1]"}[39m
[35m[HTTP][39m [37m<-- POST /wd/hub/session/3b32f26f-f875-4929-abfd-5bc9239ae4fa/elements [39m[32m200[39m [90m723 ms - 139[39m
[35m[HTTP][39m [90m[39m
[35m[HTTP][39m [37m-->[39m [37mGET[39m [37m/wd/hub/session/3b32f26f-f875-4929-abfd-5bc9239ae4fa/element/00000000-0000-0666-ffff-ffff00000952/location[39m
[35m[HTTP][39m [90m{}[39m
[35m[W3C (3b32f26f)][39m Driver proxy active, passing request on via HTTP proxy
[35m[WD Proxy][39m Replacing sessionId c38f2c38-c98e-4595-9ccb-6119487d1955 with 3b32f26f-f875-4929-abfd-5bc9239ae4fa
[35m[HTTP][39m [37m<-- GET /wd/hub/session/3b32f26f-f875-4929-abfd-5bc9239ae4fa/element/00000000-0000-0666-ffff-ffff00000952/location [39m[32m200[39m [90m607 ms - 77[39m
[35m[HTTP][39m [90m[39m
[35m[HTTP][39m [37m-->[39m [37mPOST[39m [37m/wd/hub/session/3b32f26f-f875-4929-abfd-5bc9239ae4fa/timeouts[39m
[35m[HTTP][39m [90m{"implicit":30000}[39m
[35m[HTTP][39m [37m<-- POST /wd/hub/session/3b32f26f-f875-4929-abfd-5bc9239ae4fa/timeouts [39m[32m200[39m [90m3 ms - 14[39m
[35m[HTTP][39m [90m[39m
[35m[HTTP][39m [37m-->[39m [37mPOST[39m [37m/wd/hub/session/3b32f26f-f875-4929-abfd-5bc9239ae4fa/touch/perform[39m
[35m[HTTP][39m [90m{"actions":[{"action":"tap","options":{"x":1,"y":1,"element":"00000000-0000-0666-ffff-ffff00000952"}},{"action":"release","options":{}}]}[39m
[35m[UiAutomator2][39m calling get location: 00000000-0000-0666-ffff-ffff00000952
[35m[HTTP][39m [37m<-- POST /wd/hub/session/3b32f26f-f875-4929-abfd-5bc9239ae4fa/touch/perform [39m[32m200[39m [90m226 ms - 14[39m
[35m[HTTP][39m [90m[39m
[35m[HTTP][39m [37m-->[39m [37mGET[39m [37m/wd/hub/session/3b32f26f-f875-4929-abfd-5bc9239ae4fa/context[39m
[35m[HTTP][39m [90m{}[39m
[35m[HTTP][39m [37m<-- GET /wd/hub/session/3b32f26f-f875-4929-abfd-5bc9239ae4fa/context [39m[32m200[39m [90m2 ms - 22[39m
[35m[HTTP][39m [90m[39m
[35m[HTTP][39m [37m-->[39m [37mGET[39m [37m/wd/hub/session/3b32f26f-f875-4929-abfd-5bc9239ae4fa/contexts[39m
[35m[HTTP][39m [90m{}[39m
[35m[HTTP][39m [37m<-- GET /wd/hub/session/3b32f26f-f875-4929-abfd-5bc9239ae4fa/contexts [39m[32m200[39m [90m130 ms - 24[39m
[35m[HTTP][39m [90m[39m
[35m[HTTP][39m [37m-->[39m [37mPOST[39m [37m/wd/hub/session/3b32f26f-f875-4929-abfd-5bc9239ae4fa/context[39m
[35m[HTTP][39m [90m{"name":"NATIVE_APP"}[39m
[35m[HTTP][39m [37m<-- POST /wd/hub/session/3b32f26f-f875-4929-abfd-5bc9239ae4fa/context [39m[32m200[39m [90m2 ms - 14[39m
[35m[HTTP][39m [90m[39m
[35m[HTTP][39m [37m-->[39m [37mGET[39m [37m/wd/hub/session/3b32f26f-f875-4929-abfd-5bc9239ae4fa/window/rect[39m
[35m[HTTP][39m [90m{}[39m
[35m[HTTP][39m [37m<-- GET /wd/hub/session/3b32f26f-f875-4929-abfd-5bc9239ae4fa/window/rect [39m[32m200[39m [90m44 ms - 50[39m
[35m[HTTP][39m [90m[39m
[35m[HTTP][39m [37m-->[39m [37mPOST[39m [37m/wd/hub/session/3b32f26f-f875-4929-abfd-5bc9239ae4fa/execute/sync[39m
[35m[HTTP][39m [90m{"script":"mobile: viewportScreenshot","args":[]}[39m
[35m[AndroidDriver][39m Executing native command 'mobile: viewportScreenshot'
[35m[HTTP][39m [37m<-- POST /wd/hub/session/3b32f26f-f875-4929-abfd-5bc9239ae4fa/execute/sync [39m[32m200[39m [90m1622 ms - 210856[39m
[35m[HTTP][39m [90m[39m
[35m[HTTP][39m [37m-->[39m [37mPOST[39m [37m/wd/hub/session/3b32f26f-f875-4929-abfd-5bc9239ae4fa/context[39m
[35m[HTTP][39m [90m{"name":"NATIVE_APP"}[39m
[35m[HTTP][39m [37m<-- POST /wd/hub/session/3b32f26f-f875-4929-abfd-5bc9239ae4fa/context [39m[32m200[39m [90m2 ms - 14[39m
[35m[HTTP][39m [90m[39m
[35m[HTTP][39m [37m-->[39m [37mPOST[39m [37m/wd/hub/session/3b32f26f-f875-4929-abfd-5bc9239ae4fa/timeouts[39m
[35m[HTTP][39m [90m{"implicit":50}[39m
[35m[HTTP][39m [37m<-- POST /wd/hub/session/3b32f26f-f875-4929-abfd-5bc9239ae4fa/timeouts [39m[32m200[39m [90m2 ms - 14[39m
[35m[HTTP][39m [90m[39m
[35m[HTTP][39m [37m-->[39m [37mGET[39m [37m/wd/hub/session/3b32f26f-f875-4929-abfd-5bc9239ae4fa/window/rect[39m
[35m[HTTP][39m [90m{}[39m
[35m[HTTP][39m [37m<-- GET /wd/hub/session/3b32f26f-f875-4929-abfd-5bc9239ae4fa/window/rect [39m[32m200[39m [90m59 ms - 50[39m
[35m[HTTP][39m [90m[39m
[35m[HTTP][39m [37m-->[39m [37mPOST[39m [37m/wd/hub/session/3b32f26f-f875-4929-abfd-5bc9239ae4fa/elements[39m
[35m[HTTP][39m [90m{"using":"xpath","value":"//*[@class = 'android.widget.Button' and (@text = 'Email' or . = 'Email') and @resource-id = 'com.vq.mbrochuregp.client.android:id/btn_billing_detail_email']"}[39m
[35m[HTTP][39m [37m<-- POST /wd/hub/session/3b32f26f-f875-4929-abfd-5bc9239ae4fa/elements [39m[32m200[39m [90m454 ms - 139[39m
[35m[HTTP][39m [90m[39m
[35m[HTTP][39m [37m-->[39m [37mGET[39m [37m/wd/hub/session/3b32f26f-f875-4929-abfd-5bc9239ae4fa/element/00000000-0000-0667-ffff-ffff000009ac/location[39m
[35m[HTTP][39m [90m{}[39m
[35m[W3C (3b32f26f)][39m Driver proxy active, passing request on via HTTP proxy
[35m[WD Proxy][39m Replacing sessionId c38f2c38-c98e-4595-9ccb-6119487d1955 with 3b32f26f-f875-4929-abfd-5bc9239ae4fa
[35m[HTTP][39m [37m<-- GET /wd/hub/session/3b32f26f-f875-4929-abfd-5bc9239ae4fa/element/00000000-0000-0667-ffff-ffff000009ac/location [39m[32m200[39m [90m110 ms - 79[39m
[35m[HTTP][39m [90m[39m
[35m[HTTP][39m [37m-->[39m [37mPOST[39m [37m/wd/hub/session/3b32f26f-f875-4929-abfd-5bc9239ae4fa/timeouts[39m
[35m[HTTP][39m [90m{"implicit":30000}[39m
[35m[HTTP][39m [37m<-- POST /wd/hub/session/3b32f26f-f875-4929-abfd-5bc9239ae4fa/timeouts [39m[32m200[39m [90m2 ms - 14[39m
[35m[HTTP][39m [90m[39m
[35m[HTTP][39m [37m-->[39m [37mPOST[39m [37m/wd/hub/session/3b32f26f-f875-4929-abfd-5bc9239ae4fa/touch/perform[39m
[35m[HTTP][39m [90m{"actions":[{"action":"tap","options":{"x":1,"y":1,"element":"00000000-0000-0667-ffff-ffff000009ac"}},{"action":"release","options":{}}]}[39m
[35m[UiAutomator2][39m calling get location: 00000000-0000-0667-ffff-ffff000009ac
[35m[HTTP][39m [37m<-- POST /wd/hub/session/3b32f26f-f875-4929-abfd-5bc9239ae4fa/touch/perform [39m[32m200[39m [90m323 ms - 14[39m
[35m[HTTP][39m [90m[39m
[35m[HTTP][39m [37m-->[39m [37mGET[39m [37m/wd/hub/session/3b32f26f-f875-4929-abfd-5bc9239ae4fa/context[39m
[35m[HTTP][39m [90m{}[39m
[35m[HTTP][39m [37m<-- GET /wd/hub/session/3b32f26f-f875-4929-abfd-5bc9239ae4fa/context [39m[32m200[39m [90m2 ms - 22[39m
[35m[HTTP][39m [90m[39m
[35m[HTTP][39m [37m-->[39m [37mGET[39m [37m/wd/hub/session/3b32f26f-f875-4929-abfd-5bc9239ae4fa/contexts[39m
[35m[HTTP][39m [90m{}[39m
[35m[HTTP][39m [37m<-- GET /wd/hub/session/3b32f26f-f875-4929-abfd-5bc9239ae4fa/contexts [39m[32m200[39m [90m153 ms - 24[39m
[35m[HTTP][39m [90m[39m
[35m[HTTP][39m [37m-->[39m [37mPOST[39m [37m/wd/hub/session/3b32f26f-f875-4929-abfd-5bc9239ae4fa/context[39m
[35m[HTTP][39m [90m{"name":"NATIVE_APP"}[39m
[35m[HTTP][39m [37m<-- POST /wd/hub/session/3b32f26f-f875-4929-abfd-5bc9239ae4fa/context [39m[32m200[39m [90m3 ms - 14[39m
[35m[HTTP][39m [90m[39m
[35m[HTTP][39m [37m-->[39m [37mGET[39m [37m/wd/hub/session/3b32f26f-f875-4929-abfd-5bc9239ae4fa/window/rect[39m
[35m[HTTP][39m [90m{}[39m
[35m[HTTP][39m [37m<-- GET /wd/hub/session/3b32f26f-f875-4929-abfd-5bc9239ae4fa/window/rect [39m[32m200[39m [90m39 ms - 50[39m
[35m[HTTP][39m [90m[39m
[35m[HTTP][39m [37m-->[39m [37mPOST[39m [37m/wd/hub/session/3b32f26f-f875-4929-abfd-5bc9239ae4fa/execute/sync[39m
[35m[HTTP][39m [90m{"script":"mobile: viewportScreenshot","args":[]}[39m
[35m[AndroidDriver][39m Executing native command 'mobile: viewportScreenshot'
[35m[HTTP][39m [37m<-- POST /wd/hub/session/3b32f26f-f875-4929-abfd-5bc9239ae4fa/execute/sync [39m[32m200[39m [90m1358 ms - 201480[39m
[35m[HTTP][39m [90m[39m
[35m[HTTP][39m [37m-->[39m [37mPOST[39m [37m/wd/hub/session/3b32f26f-f875-4929-abfd-5bc9239ae4fa/context[39m
[35m[HTTP][39m [90m{"name":"NATIVE_APP"}[39m
[35m[HTTP][39m [37m<-- POST /wd/hub/session/3b32f26f-f875-4929-abfd-5bc9239ae4fa/context [39m[32m200[39m [90m2 ms - 14[39m
[35m[HTTP][39m [90m[39m
[35m[HTTP][39m [37m-->[39m [37mPOST[39m [37m/wd/hub/session/3b32f26f-f875-4929-abfd-5bc9239ae4fa/timeouts[39m
[35m[HTTP][39m [90m{"implicit":50}[39m
[35m[HTTP][39m [37m<-- POST /wd/hub/session/3b32f26f-f875-4929-abfd-5bc9239ae4fa/timeouts [39m[32m200[39m [90m1 ms - 14[39m
[35m[HTTP][39m [90m[39m
[35m[HTTP][39m [37m-->[39m [37mGET[39m [37m/wd/hub/session/3b32f26f-f875-4929-abfd-5bc9239ae4fa/window/rect[39m
[35m[HTTP][39m [90m{}[39m
[35m[HTTP][39m [37m<-- GET /wd/hub/session/3b32f26f-f875-4929-abfd-5bc9239ae4fa/window/rect [39m[32m200[39m [90m40 ms - 50[39m
[35m[HTTP][39m [90m[39m
[35m[HTTP][39m [37m-->[39m [37mPOST[39m [37m/wd/hub/session/3b32f26f-f875-4929-abfd-5bc9239ae4fa/elements[39m
[35m[HTTP][39m [90m{"using":"xpath","value":"//*[@class = 'android.widget.Button' and (@text = 'Kirim' or . = 'Kirim') and @resource-id = 'com.vq.mbrochuregp.client.android:id/btn_stnk_send_email_send_email']"}[39m
[35m[HTTP][39m [37m<-- POST /wd/hub/session/3b32f26f-f875-4929-abfd-5bc9239ae4fa/elements [39m[32m200[39m [90m227 ms - 139[39m
[35m[HTTP][39m [90m[39m
[35m[HTTP][39m [37m-->[39m [37mGET[39m [37m/wd/hub/session/3b32f26f-f875-4929-abfd-5bc9239ae4fa/element/00000000-0000-0668-ffff-ffff000009c7/location[39m
[35m[HTTP][39m [90m{}[39m
[35m[W3C (3b32f26f)][39m Driver proxy active, passing request on via HTTP proxy
[35m[WD Proxy][39m Replacing sessionId c38f2c38-c98e-4595-9ccb-6119487d1955 with 3b32f26f-f875-4929-abfd-5bc9239ae4fa
[35m[HTTP][39m [37m<-- GET /wd/hub/session/3b32f26f-f875-4929-abfd-5bc9239ae4fa/element/00000000-0000-0668-ffff-ffff000009c7/location [39m[32m200[39m [90m46 ms - 78[39m
[35m[HTTP][39m [90m[39m
[35m[HTTP][39m [37m-->[39m [37mPOST[39m [37m/wd/hub/session/3b32f26f-f875-4929-abfd-5bc9239ae4fa/timeouts[39m
[35m[HTTP][39m [90m{"implicit":30000}[39m
[35m[HTTP][39m [37m<-- POST /wd/hub/session/3b32f26f-f875-4929-abfd-5bc9239ae4fa/timeouts [39m[32m200[39m [90m2 ms - 14[39m
[35m[HTTP][39m [90m[39m
[35m[HTTP][39m [37m-->[39m [37mPOST[39m [37m/wd/hub/session/3b32f26f-f875-4929-abfd-5bc9239ae4fa/touch/perform[39m
[35m[HTTP][39m [90m{"actions":[{"action":"tap","options":{"x":1,"y":1,"element":"00000000-0000-0668-ffff-ffff000009c7"}},{"action":"release","options":{}}]}[39m
[35m[UiAutomator2][39m calling get location: 00000000-0000-0668-ffff-ffff000009c7
[35m[HTTP][39m [37m<-- POST /wd/hub/session/3b32f26f-f875-4929-abfd-5bc9239ae4fa/touch/perform [39m[32m200[39m [90m295 ms - 14[39m
[35m[HTTP][39m [90m[39m
[35m[HTTP][39m [37m-->[39m [37mGET[39m [37m/wd/hub/session/3b32f26f-f875-4929-abfd-5bc9239ae4fa/context[39m
[35m[HTTP][39m [90m{}[39m
[35m[HTTP][39m [37m<-- GET /wd/hub/session/3b32f26f-f875-4929-abfd-5bc9239ae4fa/context [39m[32m200[39m [90m3 ms - 22[39m
[35m[HTTP][39m [90m[39m
[35m[HTTP][39m [37m-->[39m [37mGET[39m [37m/wd/hub/session/3b32f26f-f875-4929-abfd-5bc9239ae4fa/contexts[39m
[35m[HTTP][39m [90m{}[39m
[35m[HTTP][39m [37m<-- GET /wd/hub/session/3b32f26f-f875-4929-abfd-5bc9239ae4fa/contexts [39m[32m200[39m [90m119 ms - 24[39m
[35m[HTTP][39m [90m[39m
[35m[HTTP][39m [37m-->[39m [37mPOST[39m [37m/wd/hub/session/3b32f26f-f875-4929-abfd-5bc9239ae4fa/context[39m
[35m[HTTP][39m [90m{"name":"NATIVE_APP"}[39m
[35m[HTTP][39m [37m<-- POST /wd/hub/session/3b32f26f-f875-4929-abfd-5bc9239ae4fa/context [39m[32m200[39m [90m2 ms - 14[39m
[35m[HTTP][39m [90m[39m
[35m[HTTP][39m [37m-->[39m [37mGET[39m [37m/wd/hub/session/3b32f26f-f875-4929-abfd-5bc9239ae4fa/window/rect[39m
[35m[HTTP][39m [90m{}[39m
[35m[HTTP][39m [37m<-- GET /wd/hub/session/3b32f26f-f875-4929-abfd-5bc9239ae4fa/window/rect [39m[32m200[39m [90m41 ms - 50[39m
[35m[HTTP][39m [90m[39m
[35m[HTTP][39m [37m-->[39m [37mPOST[39m [37m/wd/hub/session/3b32f26f-f875-4929-abfd-5bc9239ae4fa/execute/sync[39m
[35m[HTTP][39m [90m{"script":"mobile: viewportScreenshot","args":[]}[39m
[35m[AndroidDriver][39m Executing native command 'mobile: viewportScreenshot'
[35m[HTTP][39m [37m<-- POST /wd/hub/session/3b32f26f-f875-4929-abfd-5bc9239ae4fa/execute/sync [39m[32m200[39m [90m1349 ms - 297348[39m
[35m[HTTP][39m [90m[39m
[35m[HTTP][39m [37m-->[39m [37mPOST[39m [37m/wd/hub/session/3b32f26f-f875-4929-abfd-5bc9239ae4fa/context[39m
[35m[HTTP][39m [90m{"name":"NATIVE_APP"}[39m
[35m[HTTP][39m [37m<-- POST /wd/hub/session/3b32f26f-f875-4929-abfd-5bc9239ae4fa/context [39m[32m200[39m [90m2 ms - 14[39m
[35m[HTTP][39m [90m[39m
[35m[HTTP][39m [37m-->[39m [37mGET[39m [37m/wd/hub/session/3b32f26f-f875-4929-abfd-5bc9239ae4fa/context[39m
[35m[HTTP][39m [90m{}[39m
[35m[HTTP][39m [37m<-- GET /wd/hub/session/3b32f26f-f875-4929-abfd-5bc9239ae4fa/context [39m[32m200[39m [90m4 ms - 22[39m
[35m[HTTP][39m [90m[39m
[35m[HTTP][39m [37m-->[39m [37mGET[39m [37m/wd/hub/session/3b32f26f-f875-4929-abfd-5bc9239ae4fa/contexts[39m
[35m[HTTP][39m [90m{}[39m
[35m[HTTP][39m [37m<-- GET /wd/hub/session/3b32f26f-f875-4929-abfd-5bc9239ae4fa/contexts [39m[32m200[39m [90m140 ms - 24[39m
[35m[HTTP][39m [90m[39m
[35m[HTTP][39m [37m-->[39m [37mPOST[39m [37m/wd/hub/session/3b32f26f-f875-4929-abfd-5bc9239ae4fa/context[39m
[35m[HTTP][39m [90m{"name":"NATIVE_APP"}[39m
[35m[HTTP][39m [37m<-- POST /wd/hub/session/3b32f26f-f875-4929-abfd-5bc9239ae4fa/context [39m[32m200[39m [90m1 ms - 14[39m
[35m[HTTP][39m [90m[39m
[35m[HTTP][39m [37m-->[39m [37mPOST[39m [37m/wd/hub/session/3b32f26f-f875-4929-abfd-5bc9239ae4fa/appium/device/press_keycode[39m
[35m[HTTP][39m [90m{"keycode":4}[39m
[35m[HTTP][39m [37m<-- POST /wd/hub/session/3b32f26f-f875-4929-abfd-5bc9239ae4fa/appium/device/press_keycode [39m[32m200[39m [90m802 ms - 14[39m
[35m[HTTP][39m [90m[39m
[35m[HTTP][39m [37m-->[39m [37mPOST[39m [37m/wd/hub/session/3b32f26f-f875-4929-abfd-5bc9239ae4fa/context[39m
[35m[HTTP][39m [90m{"name":"NATIVE_APP"}[39m
[35m[HTTP][39m [37m<-- POST /wd/hub/session/3b32f26f-f875-4929-abfd-5bc9239ae4fa/context [39m[32m200[39m [90m2 ms - 14[39m
[35m[HTTP][39m [90m[39m
[35m[HTTP][39m [37m-->[39m [37mGET[39m [37m/wd/hub/session/3b32f26f-f875-4929-abfd-5bc9239ae4fa/context[39m
[35m[HTTP][39m [90m{}[39m
[35m[HTTP][39m [37m<-- GET /wd/hub/session/3b32f26f-f875-4929-abfd-5bc9239ae4fa/context [39m[32m200[39m [90m2 ms - 22[39m
[35m[HTTP][39m [90m[39m
[35m[HTTP][39m [37m-->[39m [37mGET[39m [37m/wd/hub/session/3b32f26f-f875-4929-abfd-5bc9239ae4fa/contexts[39m
[35m[HTTP][39m [90m{}[39m
[35m[HTTP][39m [37m<-- GET /wd/hub/session/3b32f26f-f875-4929-abfd-5bc9239ae4fa/contexts [39m[32m200[39m [90m113 ms - 24[39m
[35m[HTTP][39m [90m[39m
[35m[HTTP][39m [37m-->[39m [37mPOST[39m [37m/wd/hub/session/3b32f26f-f875-4929-abfd-5bc9239ae4fa/context[39m
[35m[HTTP][39m [90m{"name":"NATIVE_APP"}[39m
[35m[HTTP][39m [37m<-- POST /wd/hub/session/3b32f26f-f875-4929-abfd-5bc9239ae4fa/context [39m[32m200[39m [90m2 ms - 14[39m
[35m[HTTP][39m [90m[39m
[35m[HTTP][39m [37m-->[39m [37mPOST[39m [37m/wd/hub/session/3b32f26f-f875-4929-abfd-5bc9239ae4fa/appium/device/press_keycode[39m
[35m[HTTP][39m [90m{"keycode":4}[39m
[35m[HTTP][39m [37m<-- POST /wd/hub/session/3b32f26f-f875-4929-abfd-5bc9239ae4fa/appium/device/press_keycode [39m[32m200[39m [90m603 ms - 14[39m
[35m[HTTP][39m [90m[39m
[35m[HTTP][39m [37m-->[39m [37mPOST[39m [37m/wd/hub/session/3b32f26f-f875-4929-abfd-5bc9239ae4fa/context[39m
[35m[HTTP][39m [90m{"name":"NATIVE_APP"}[39m
[35m[HTTP][39m [37m<-- POST /wd/hub/session/3b32f26f-f875-4929-abfd-5bc9239ae4fa/context [39m[32m200[39m [90m1 ms - 14[39m
[35m[HTTP][39m [90m[39m
[35m[HTTP][39m [37m-->[39m [37mGET[39m [37m/wd/hub/session/3b32f26f-f875-4929-abfd-5bc9239ae4fa/window/rect[39m
[35m[HTTP][39m [90m{}[39m
[35m[HTTP][39m [37m<-- GET /wd/hub/session/3b32f26f-f875-4929-abfd-5bc9239ae4fa/window/rect [39m[32m200[39m [90m38 ms - 50[39m
[35m[HTTP][39m [90m[39m
[35m[HTTP][39m [37m-->[39m [37mPOST[39m [37m/wd/hub/session/3b32f26f-f875-4929-abfd-5bc9239ae4fa/elements[39m
[35m[HTTP][39m [90m{"using":"xpath","value":"//*[@resource-id = 'com.vq.mbrochuregp.client.android:id/iv_home_profil_icon' and @package = 'com.vq.mbrochuregp.client.android']"}[39m
[35m[HTTP][39m [37m<-- POST /wd/hub/session/3b32f26f-f875-4929-abfd-5bc9239ae4fa/elements [39m[32m200[39m [90m3200 ms - 139[39m
[35m[HTTP][39m [90m[39m
[35m[HTTP][39m [37m-->[39m [37mGET[39m [37m/wd/hub/session/3b32f26f-f875-4929-abfd-5bc9239ae4fa/element/00000000-0000-0666-ffff-ffff00000922/location[39m
[35m[HTTP][39m [90m{}[39m
[35m[W3C (3b32f26f)][39m Driver proxy active, passing request on via HTTP proxy
[35m[WD Proxy][39m Replacing sessionId c38f2c38-c98e-4595-9ccb-6119487d1955 with 3b32f26f-f875-4929-abfd-5bc9239ae4fa
[35m[HTTP][39m [37m<-- GET /wd/hub/session/3b32f26f-f875-4929-abfd-5bc9239ae4fa/element/00000000-0000-0666-ffff-ffff00000922/location [39m[32m200[39m [90m426 ms - 79[39m
[35m[HTTP][39m [90m[39m
[35m[HTTP][39m [37m-->[39m [37mPOST[39m [37m/wd/hub/session/3b32f26f-f875-4929-abfd-5bc9239ae4fa/element/00000000-0000-0666-ffff-ffff00000922/click[39m
[35m[HTTP][39m [90m{"id":"00000000-0000-0666-ffff-ffff00000922"}[39m
[35m[HTTP][39m [37m<-- POST /wd/hub/session/3b32f26f-f875-4929-abfd-5bc9239ae4fa/element/00000000-0000-0666-ffff-ffff00000922/click [39m[32m200[39m [90m98 ms - 14[39m
[35m[HTTP][39m [90m[39m
[35m[HTTP][39m [37m-->[39m [37mDELETE[39m [37m/wd/hub/session/3b32f26f-f875-4929-abfd-5bc9239ae4fa[39m
[35m[HTTP][39m [90m{}[39m
[35m[Appium][39m Removing session 3b32f26f-f875-4929-abfd-5bc9239ae4fa from our master session list
[35m[UiAutomator2][39m Restoring hidden api policy to the device default configuration
[35m[HTTP][39m [37m<-- DELETE /wd/hub/session/3b32f26f-f875-4929-abfd-5bc9239ae4fa [39m[32m200[39m [90m515 ms - 14[39m
[35m[HTTP][39m [90m[39m
