[35m[Appium][39m Welcome to Appium v1.22.2
[35m[Appium][39m Non-default server args:
[35m[Appium][39m   port: 60000
[35m[Appium][39m   loglevel: info
[35m[Appium][39m   tmpDir: C:\Users\NIAYUS~1\AppData\Local\Temp\\Katalon\Appium\Temp1656387266131
[35m[Appium][39m   chromedriverPort: 60001
[35m[Appium][39m Deprecated server args:
[35m[Appium][39m   [31m--chromedriver-port[39m => --default-capabilities
[35m[Appium][39m Default capabilities, which will be added to each request unless overridden by desired capabilities:
[35m[Appium][39m   chromedriverPort: 60001
[35m[Appium][39m Appium REST http interface listener started on 0.0.0.0:60000
[35m[HTTP][39m [37m-->[39m [37mGET[39m [37m/wd/hub/status[39m
[35m[HTTP][39m [90m{}[39m
[35m[HTTP][39m [37m<-- GET /wd/hub/status [39m[32m200[39m [90m8 ms - 68[39m
[35m[HTTP][39m [90m[39m
[35m[HTTP][39m [37m-->[39m [37mPOST[39m [37m/wd/hub/session[39m
[35m[HTTP][39m [90m{"desiredCapabilities":{"appActivity":".Settings","appPackage":"com.android.settings","newCommandTimeout":1800,"platformVersion":"11","automationName":"uiautomator2","autoGrantPermissions":true,"platformName":"Android","udid":"RR8N605F11Y","deviceName":"samsung SM-M315F (Android 11)","platform":"ANDROID","systemPort":8252},"capabilities":{"firstMatch":[{"appium:appActivity":".Settings","appium:appPackage":"com.android.settings","appium:autoGrantPermissions":true,"appium:automationName":"uiautomator2","appium:deviceName":"samsung SM-M315F (Android 11)","appium:newCommandTimeout":1800,"platform":"ANDROID","platformName":"android","appium:platformVersion":"11","appium:systemPort":8252,"appium:udid":"RR8N605F11Y"}]}}[39m
[35m[BaseDriver][39m The following capabilities are not standard capabilities and should have an extension prefix:
[35m[BaseDriver][39m   platform
[35m[BaseDriver][39m   chromedriverPort
[35m[Appium][39m Appium v1.22.2 creating new AndroidUiautomator2Driver (v1.70.1) session
[35m[BaseDriver][39m The following capabilities were provided, but are not recognized by Appium:
[35m[BaseDriver][39m   platform
[35m[BaseDriver][39m Session created with session id: 05a73106-1fd7-415b-8a04-39e898c8ed83
[35m[UiAutomator2][39m Starting 'com.android.settings' directly on the device
[35m[ADB][39m Cannot sort build-tools folders ["29.0.3","android-8.1.0"] by semantic version names.
[35m[ADB][39m Falling back to sorting by modification date. Original error: Invalid Version: android-8.1.0
[35m[ADB][39m Found 2 'build-tools' folders under 'C:\Users\Nia Yusniati\.katalon\tools\android_sdk' (newest first):
[35m[ADB][39m     C:/Users/Nia Yusniati/.katalon/tools/android_sdk/build-tools/29.0.3
[35m[ADB][39m     C:/Users/Nia Yusniati/.katalon/tools/android_sdk/build-tools/android-8.1.0
[35m[ADB][39m Using 'adb.exe' from 'C:\Users\Nia Yusniati\.katalon\tools\android_sdk\platform-tools\adb.exe'
[35m[AndroidDriver][39m Retrieving device list
[35m[AndroidDriver][39m Using device: RR8N605F11Y
[35m[ADB][39m Using 'adb.exe' from 'C:\Users\Nia Yusniati\.katalon\tools\android_sdk\platform-tools\adb.exe'
[35m[ADB][39m Getting device platform version
[35m[UiAutomator2][39m Relaxing hidden api policy
[35m[AndroidDriver][39m No app sent in, not parsing package/activity
[35m[ADB][39m Using 'apksigner.jar' from 'C:\Users\Nia Yusniati\.katalon\tools\android_sdk\build-tools\29.0.3\lib\apksigner.jar'
[35m[ADB][39m 'C:\Users\Nia Yusniati\AppData\Roaming\npm\node_modules\appium\node_modules\appium-uiautomator2-server\apks\appium-uiautomator2-server-v4.27.0.apk' is signed with the default certificate
[35m[ADB][39m 'C:\Users\Nia Yusniati\AppData\Roaming\npm\node_modules\appium\node_modules\appium-uiautomator2-server\apks\appium-uiautomator2-server-debug-androidTest.apk' is signed with the default certificate
[35m[UiAutomator2][39m Server packages are not going to be (re)installed
[35m[ADB][39m Adding packages ["io.appium.settings","io.appium.uiautomator2.server","io.appium.uiautomator2.server.test"] to Doze whitelist
[35m[UiAutomator2][39m Starting UIAutomator2 server 4.27.0
[35m[UiAutomator2][39m Using UIAutomator2 server from 'C:\Users\Nia Yusniati\AppData\Roaming\npm\node_modules\appium\node_modules\appium-uiautomator2-server\apks\appium-uiautomator2-server-v4.27.0.apk' and test from 'C:\Users\Nia Yusniati\AppData\Roaming\npm\node_modules\appium\node_modules\appium-uiautomator2-server\apks\appium-uiautomator2-server-debug-androidTest.apk'
[35m[UiAutomator2][39m Waiting up to 30000ms for UiAutomator2 to be online...
[35m[WD Proxy][39m socket hang up
[35m[WD Proxy][39m socket hang up
[35m[WD Proxy][39m socket hang up
[35m[WD Proxy][39m Determined the downstream protocol as 'W3C'
[35m[AndroidDriver][39m Screen already unlocked, doing nothing
[35m[UiAutomator2][39m Starting 'com.android.settings/.Settings and waiting for 'com.android.settings/.Settings'
[35m[Appium][39m New AndroidUiautomator2Driver session created successfully, session 05a73106-1fd7-415b-8a04-39e898c8ed83 added to master session list
[35m[HTTP][39m [37m<-- POST /wd/hub/session [39m[32m200[39m [90m10194 ms - 1158[39m
[35m[HTTP][39m [90m[39m
[35m[HTTP][39m [37m-->[39m [37mGET[39m [37m/wd/hub/session/05a73106-1fd7-415b-8a04-39e898c8ed83[39m
[35m[HTTP][39m [90m{}[39m
[35m[HTTP][39m [37m<-- GET /wd/hub/session/05a73106-1fd7-415b-8a04-39e898c8ed83 [39m[32m200[39m [90m11 ms - 1112[39m
[35m[HTTP][39m [90m[39m
[35m[HTTP][39m [37m-->[39m [37mGET[39m [37m/wd/hub/session/05a73106-1fd7-415b-8a04-39e898c8ed83[39m
[35m[HTTP][39m [90m{}[39m
[35m[HTTP][39m [37m<-- GET /wd/hub/session/05a73106-1fd7-415b-8a04-39e898c8ed83 [39m[32m200[39m [90m10 ms - 1112[39m
[35m[HTTP][39m [90m[39m
[35m[HTTP][39m [37m-->[39m [37mGET[39m [37m/wd/hub/status[39m
[35m[HTTP][39m [90m{}[39m
[35m[HTTP][39m [37m<-- GET /wd/hub/status [39m[32m200[39m [90m1 ms - 68[39m
[35m[HTTP][39m [90m[39m
[35m[HTTP][39m [37m-->[39m [37mPOST[39m [37m/wd/hub/session/05a73106-1fd7-415b-8a04-39e898c8ed83/timeouts[39m
[35m[HTTP][39m [90m{"implicit":30000}[39m
[35m[HTTP][39m [37m<-- POST /wd/hub/session/05a73106-1fd7-415b-8a04-39e898c8ed83/timeouts [39m[32m200[39m [90m4 ms - 14[39m
[35m[HTTP][39m [90m[39m
[35m[HTTP][39m [37m-->[39m [37mGET[39m [37m/wd/hub/session/05a73106-1fd7-415b-8a04-39e898c8ed83/screenshot[39m
[35m[HTTP][39m [90m{}[39m
[35m[HTTP][39m [37m<-- GET /wd/hub/session/05a73106-1fd7-415b-8a04-39e898c8ed83/screenshot [39m[32m200[39m [90m527 ms - 220474[39m
[35m[HTTP][39m [90m[39m
[35m[HTTP][39m [37m-->[39m [37mGET[39m [37m/wd/hub/session/05a73106-1fd7-415b-8a04-39e898c8ed83/window/rect[39m
[35m[HTTP][39m [90m{}[39m
[35m[HTTP][39m [37m<-- GET /wd/hub/session/05a73106-1fd7-415b-8a04-39e898c8ed83/window/rect [39m[32m200[39m [90m23 ms - 50[39m
[35m[HTTP][39m [90m[39m
[35m[HTTP][39m [37m-->[39m [37mGET[39m [37m/wd/hub/session/05a73106-1fd7-415b-8a04-39e898c8ed83/appium/device/system_bars[39m
[35m[HTTP][39m [90m{}[39m
[35m[HTTP][39m [37m<-- GET /wd/hub/session/05a73106-1fd7-415b-8a04-39e898c8ed83/appium/device/system_bars [39m[32m200[39m [90m165 ms - 148[39m
[35m[HTTP][39m [90m[39m
[35m[HTTP][39m [37m-->[39m [37mPOST[39m [37m/wd/hub/session/05a73106-1fd7-415b-8a04-39e898c8ed83/appium/device/activate_app[39m
[35m[HTTP][39m [90m{"bundleId":"com.vq.mbrochuregp.client.android"}[39m
[35m[HTTP][39m [37m<-- POST /wd/hub/session/05a73106-1fd7-415b-8a04-39e898c8ed83/appium/device/activate_app [39m[32m200[39m [90m597 ms - 14[39m
[35m[HTTP][39m [90m[39m
[35m[HTTP][39m [37m-->[39m [37mGET[39m [37m/wd/hub/session/05a73106-1fd7-415b-8a04-39e898c8ed83/window/rect[39m
[35m[HTTP][39m [90m{}[39m
[35m[HTTP][39m [37m<-- GET /wd/hub/session/05a73106-1fd7-415b-8a04-39e898c8ed83/window/rect [39m[32m200[39m [90m21 ms - 50[39m
[35m[HTTP][39m [90m[39m
[35m[HTTP][39m [37m-->[39m [37mPOST[39m [37m/wd/hub/session/05a73106-1fd7-415b-8a04-39e898c8ed83/elements[39m
[35m[HTTP][39m [90m{"using":"xpath","value":"//*[@resource-id = 'com.vq.mbrochuregp.client.android:id/iv_home_profil_icon' and @package = 'com.vq.mbrochuregp.client.android']"}[39m
[35m[HTTP][39m [37m<-- POST /wd/hub/session/05a73106-1fd7-415b-8a04-39e898c8ed83/elements [39m[32m200[39m [90m642 ms - 139[39m
[35m[HTTP][39m [90m[39m
[35m[HTTP][39m [37m-->[39m [37mGET[39m [37m/wd/hub/session/05a73106-1fd7-415b-8a04-39e898c8ed83/element/00000000-0000-05b0-ffff-ffff000033fe/location[39m
[35m[HTTP][39m [90m{}[39m
[35m[W3C (05a73106)][39m Driver proxy active, passing request on via HTTP proxy
[35m[WD Proxy][39m Replacing sessionId 5fe31f6e-33a4-490b-9c03-5b1b36a59aba with 05a73106-1fd7-415b-8a04-39e898c8ed83
[35m[HTTP][39m [37m<-- GET /wd/hub/session/05a73106-1fd7-415b-8a04-39e898c8ed83/element/00000000-0000-05b0-ffff-ffff000033fe/location [39m[32m200[39m [90m35 ms - 79[39m
[35m[HTTP][39m [90m[39m
[35m[HTTP][39m [37m-->[39m [37mPOST[39m [37m/wd/hub/session/05a73106-1fd7-415b-8a04-39e898c8ed83/element/00000000-0000-05b0-ffff-ffff000033fe/click[39m
[35m[HTTP][39m [90m{"id":"00000000-0000-05b0-ffff-ffff000033fe"}[39m
[35m[HTTP][39m [37m<-- POST /wd/hub/session/05a73106-1fd7-415b-8a04-39e898c8ed83/element/00000000-0000-05b0-ffff-ffff000033fe/click [39m[32m200[39m [90m81 ms - 14[39m
[35m[HTTP][39m [90m[39m
[35m[HTTP][39m [37m-->[39m [37mPOST[39m [37m/wd/hub/session/05a73106-1fd7-415b-8a04-39e898c8ed83/timeouts[39m
[35m[HTTP][39m [90m{"implicit":50}[39m
[35m[HTTP][39m [37m<-- POST /wd/hub/session/05a73106-1fd7-415b-8a04-39e898c8ed83/timeouts [39m[32m200[39m [90m7 ms - 14[39m
[35m[HTTP][39m [90m[39m
[35m[HTTP][39m [37m-->[39m [37mGET[39m [37m/wd/hub/session/05a73106-1fd7-415b-8a04-39e898c8ed83/window/rect[39m
[35m[HTTP][39m [90m{}[39m
[35m[HTTP][39m [37m<-- GET /wd/hub/session/05a73106-1fd7-415b-8a04-39e898c8ed83/window/rect [39m[32m200[39m [90m51 ms - 50[39m
[35m[HTTP][39m [90m[39m
[35m[HTTP][39m [37m-->[39m [37mPOST[39m [37m/wd/hub/session/05a73106-1fd7-415b-8a04-39e898c8ed83/elements[39m
[35m[HTTP][39m [90m{"using":"xpath","value":"//hierarchy/android.widget.FrameLayout[1]/android.widget.LinearLayout[1]/android.widget.FrameLayout[1]/android.widget.LinearLayout[1]/android.widget.FrameLayout[1]/android.view.ViewGroup[1]/android.widget.ScrollView[1]/android.widget.LinearLayout[1]/android.view.ViewGroup[1]/android.widget.LinearLayout[1]/android.widget.FrameLayout[1]/android.widget.EditText[1]"}[39m
[35m[HTTP][39m [37m<-- POST /wd/hub/session/05a73106-1fd7-415b-8a04-39e898c8ed83/elements [39m[32m200[39m [90m282 ms - 139[39m
[35m[HTTP][39m [90m[39m
[35m[HTTP][39m [37m-->[39m [37mGET[39m [37m/wd/hub/session/05a73106-1fd7-415b-8a04-39e898c8ed83/element/00000000-0000-05bd-ffff-ffff0000342e/location[39m
[35m[HTTP][39m [90m{}[39m
[35m[W3C (05a73106)][39m Driver proxy active, passing request on via HTTP proxy
[35m[WD Proxy][39m Replacing sessionId 5fe31f6e-33a4-490b-9c03-5b1b36a59aba with 05a73106-1fd7-415b-8a04-39e898c8ed83
[35m[HTTP][39m [37m<-- GET /wd/hub/session/05a73106-1fd7-415b-8a04-39e898c8ed83/element/00000000-0000-05bd-ffff-ffff0000342e/location [39m[32m200[39m [90m41 ms - 77[39m
[35m[HTTP][39m [90m[39m
[35m[HTTP][39m [37m-->[39m [37mPOST[39m [37m/wd/hub/session/05a73106-1fd7-415b-8a04-39e898c8ed83/timeouts[39m
[35m[HTTP][39m [90m{"implicit":30000}[39m
[35m[HTTP][39m [37m<-- POST /wd/hub/session/05a73106-1fd7-415b-8a04-39e898c8ed83/timeouts [39m[32m200[39m [90m1 ms - 14[39m
[35m[HTTP][39m [90m[39m
[35m[HTTP][39m [37m-->[39m [37mPOST[39m [37m/wd/hub/session/05a73106-1fd7-415b-8a04-39e898c8ed83/element/00000000-0000-05bd-ffff-ffff0000342e/clear[39m
[35m[HTTP][39m [90m{"id":"00000000-0000-05bd-ffff-ffff0000342e"}[39m
[35m[HTTP][39m [37m<-- POST /wd/hub/session/05a73106-1fd7-415b-8a04-39e898c8ed83/element/00000000-0000-05bd-ffff-ffff0000342e/clear [39m[32m200[39m [90m94 ms - 14[39m
[35m[HTTP][39m [90m[39m
[35m[HTTP][39m [37m-->[39m [37mPOST[39m [37m/wd/hub/session/05a73106-1fd7-415b-8a04-39e898c8ed83/element/00000000-0000-05bd-ffff-ffff0000342e/value[39m
[35m[HTTP][39m [90m{"id":"00000000-0000-05bd-ffff-ffff0000342e","text":"muhaimin@mailinator.com","value":["m","u","h","a","i","m","i","n","@","m","a","i","l","i","n","a","t","o","r",".","c","o","m"]}[39m
[35m[HTTP][39m [37m<-- POST /wd/hub/session/05a73106-1fd7-415b-8a04-39e898c8ed83/element/00000000-0000-05bd-ffff-ffff0000342e/value [39m[32m200[39m [90m601 ms - 14[39m
[35m[HTTP][39m [90m[39m
[35m[HTTP][39m [37m-->[39m [37mPOST[39m [37m/wd/hub/session/05a73106-1fd7-415b-8a04-39e898c8ed83/timeouts[39m
[35m[HTTP][39m [90m{"implicit":50}[39m
[35m[HTTP][39m [37m<-- POST /wd/hub/session/05a73106-1fd7-415b-8a04-39e898c8ed83/timeouts [39m[32m200[39m [90m2 ms - 14[39m
[35m[HTTP][39m [90m[39m
[35m[HTTP][39m [37m-->[39m [37mGET[39m [37m/wd/hub/session/05a73106-1fd7-415b-8a04-39e898c8ed83/window/rect[39m
[35m[HTTP][39m [90m{}[39m
[35m[HTTP][39m [37m<-- GET /wd/hub/session/05a73106-1fd7-415b-8a04-39e898c8ed83/window/rect [39m[32m200[39m [90m31 ms - 50[39m
[35m[HTTP][39m [90m[39m
[35m[HTTP][39m [37m-->[39m [37mPOST[39m [37m/wd/hub/session/05a73106-1fd7-415b-8a04-39e898c8ed83/elements[39m
[35m[HTTP][39m [90m{"using":"xpath","value":"//hierarchy/android.widget.FrameLayout[1]/android.widget.LinearLayout[1]/android.widget.FrameLayout[1]/android.widget.LinearLayout[1]/android.widget.FrameLayout[1]/android.view.ViewGroup[1]/android.widget.ScrollView[1]/android.widget.LinearLayout[1]/android.view.ViewGroup[1]/android.widget.LinearLayout[2]/android.widget.FrameLayout[1]/android.widget.EditText[1]"}[39m
[35m[HTTP][39m [37m<-- POST /wd/hub/session/05a73106-1fd7-415b-8a04-39e898c8ed83/elements [39m[32m200[39m [90m510 ms - 139[39m
[35m[HTTP][39m [90m[39m
[35m[HTTP][39m [37m-->[39m [37mGET[39m [37m/wd/hub/session/05a73106-1fd7-415b-8a04-39e898c8ed83/element/00000000-0000-05bd-ffff-ffff00003432/location[39m
[35m[HTTP][39m [90m{}[39m
[35m[W3C (05a73106)][39m Driver proxy active, passing request on via HTTP proxy
[35m[WD Proxy][39m Replacing sessionId 5fe31f6e-33a4-490b-9c03-5b1b36a59aba with 05a73106-1fd7-415b-8a04-39e898c8ed83
[35m[HTTP][39m [37m<-- GET /wd/hub/session/05a73106-1fd7-415b-8a04-39e898c8ed83/element/00000000-0000-05bd-ffff-ffff00003432/location [39m[32m200[39m [90m36 ms - 78[39m
[35m[HTTP][39m [90m[39m
[35m[HTTP][39m [37m-->[39m [37mPOST[39m [37m/wd/hub/session/05a73106-1fd7-415b-8a04-39e898c8ed83/timeouts[39m
[35m[HTTP][39m [90m{"implicit":30000}[39m
[35m[HTTP][39m [37m<-- POST /wd/hub/session/05a73106-1fd7-415b-8a04-39e898c8ed83/timeouts [39m[32m200[39m [90m2 ms - 14[39m
[35m[HTTP][39m [90m[39m
[35m[HTTP][39m [37m-->[39m [37mPOST[39m [37m/wd/hub/session/05a73106-1fd7-415b-8a04-39e898c8ed83/element/00000000-0000-05bd-ffff-ffff00003432/clear[39m
[35m[HTTP][39m [90m{"id":"00000000-0000-05bd-ffff-ffff00003432"}[39m
[35m[HTTP][39m [37m<-- POST /wd/hub/session/05a73106-1fd7-415b-8a04-39e898c8ed83/element/00000000-0000-05bd-ffff-ffff00003432/clear [39m[32m200[39m [90m56 ms - 14[39m
[35m[HTTP][39m [90m[39m
[35m[HTTP][39m [37m-->[39m [37mPOST[39m [37m/wd/hub/session/05a73106-1fd7-415b-8a04-39e898c8ed83/element/00000000-0000-05bd-ffff-ffff00003432/value[39m
[35m[HTTP][39m [90m{"id":"00000000-0000-05bd-ffff-ffff00003432","text":"123abc","value":["1","2","3","a","b","c"]}[39m
[35m[HTTP][39m [37m<-- POST /wd/hub/session/05a73106-1fd7-415b-8a04-39e898c8ed83/element/00000000-0000-05bd-ffff-ffff00003432/value [39m[32m200[39m [90m591 ms - 14[39m
[35m[HTTP][39m [90m[39m
[35m[HTTP][39m [37m-->[39m [37mGET[39m [37m/wd/hub/session/05a73106-1fd7-415b-8a04-39e898c8ed83/context[39m
[35m[HTTP][39m [90m{}[39m
[35m[HTTP][39m [37m<-- GET /wd/hub/session/05a73106-1fd7-415b-8a04-39e898c8ed83/context [39m[32m200[39m [90m1 ms - 22[39m
[35m[HTTP][39m [90m[39m
[35m[HTTP][39m [37m-->[39m [37mGET[39m [37m/wd/hub/session/05a73106-1fd7-415b-8a04-39e898c8ed83/contexts[39m
[35m[HTTP][39m [90m{}[39m
[35m[HTTP][39m [37m<-- GET /wd/hub/session/05a73106-1fd7-415b-8a04-39e898c8ed83/contexts [39m[32m200[39m [90m108 ms - 24[39m
[35m[HTTP][39m [90m[39m
[35m[HTTP][39m [37m-->[39m [37mPOST[39m [37m/wd/hub/session/05a73106-1fd7-415b-8a04-39e898c8ed83/context[39m
[35m[HTTP][39m [90m{"name":"NATIVE_APP"}[39m
[35m[HTTP][39m [37m<-- POST /wd/hub/session/05a73106-1fd7-415b-8a04-39e898c8ed83/context [39m[32m200[39m [90m1 ms - 14[39m
[35m[HTTP][39m [90m[39m
[35m[HTTP][39m [37m-->[39m [37mGET[39m [37m/wd/hub/session/05a73106-1fd7-415b-8a04-39e898c8ed83/window/rect[39m
[35m[HTTP][39m [90m{}[39m
[35m[HTTP][39m [37m<-- GET /wd/hub/session/05a73106-1fd7-415b-8a04-39e898c8ed83/window/rect [39m[32m200[39m [90m46 ms - 50[39m
[35m[HTTP][39m [90m[39m
[35m[HTTP][39m [37m-->[39m [37mPOST[39m [37m/wd/hub/session/05a73106-1fd7-415b-8a04-39e898c8ed83/execute/sync[39m
[35m[HTTP][39m [90m{"script":"mobile: viewportScreenshot","args":[]}[39m
[35m[AndroidDriver][39m Executing native command 'mobile: viewportScreenshot'
[35m[HTTP][39m [37m<-- POST /wd/hub/session/05a73106-1fd7-415b-8a04-39e898c8ed83/execute/sync [39m[32m200[39m [90m1415 ms - 154872[39m
[35m[HTTP][39m [90m[39m
[35m[HTTP][39m [37m-->[39m [37mPOST[39m [37m/wd/hub/session/05a73106-1fd7-415b-8a04-39e898c8ed83/context[39m
[35m[HTTP][39m [90m{"name":"NATIVE_APP"}[39m
[35m[HTTP][39m [37m<-- POST /wd/hub/session/05a73106-1fd7-415b-8a04-39e898c8ed83/context [39m[32m200[39m [90m2 ms - 14[39m
[35m[HTTP][39m [90m[39m
[35m[HTTP][39m [37m-->[39m [37mPOST[39m [37m/wd/hub/session/05a73106-1fd7-415b-8a04-39e898c8ed83/timeouts[39m
[35m[HTTP][39m [90m{"implicit":50}[39m
[35m[HTTP][39m [37m<-- POST /wd/hub/session/05a73106-1fd7-415b-8a04-39e898c8ed83/timeouts [39m[32m200[39m [90m1 ms - 14[39m
[35m[HTTP][39m [90m[39m
[35m[HTTP][39m [37m-->[39m [37mGET[39m [37m/wd/hub/session/05a73106-1fd7-415b-8a04-39e898c8ed83/window/rect[39m
[35m[HTTP][39m [90m{}[39m
[35m[HTTP][39m [37m<-- GET /wd/hub/session/05a73106-1fd7-415b-8a04-39e898c8ed83/window/rect [39m[32m200[39m [90m42 ms - 50[39m
[35m[HTTP][39m [90m[39m
[35m[HTTP][39m [37m-->[39m [37mPOST[39m [37m/wd/hub/session/05a73106-1fd7-415b-8a04-39e898c8ed83/elements[39m
[35m[HTTP][39m [90m{"using":"xpath","value":"//hierarchy/android.widget.FrameLayout[1]/android.widget.LinearLayout[1]/android.widget.FrameLayout[1]/android.widget.LinearLayout[1]/android.widget.FrameLayout[1]/android.view.ViewGroup[1]/android.widget.ScrollView[1]/android.widget.LinearLayout[1]/android.view.ViewGroup[1]/android.widget.Button[1]"}[39m
[35m[HTTP][39m [37m<-- POST /wd/hub/session/05a73106-1fd7-415b-8a04-39e898c8ed83/elements [39m[32m200[39m [90m205 ms - 139[39m
[35m[HTTP][39m [90m[39m
[35m[HTTP][39m [37m-->[39m [37mGET[39m [37m/wd/hub/session/05a73106-1fd7-415b-8a04-39e898c8ed83/element/00000000-0000-05bd-ffff-ffff00003435/location[39m
[35m[HTTP][39m [90m{}[39m
[35m[W3C (05a73106)][39m Driver proxy active, passing request on via HTTP proxy
[35m[WD Proxy][39m Replacing sessionId 5fe31f6e-33a4-490b-9c03-5b1b36a59aba with 05a73106-1fd7-415b-8a04-39e898c8ed83
[35m[HTTP][39m [37m<-- GET /wd/hub/session/05a73106-1fd7-415b-8a04-39e898c8ed83/element/00000000-0000-05bd-ffff-ffff00003435/location [39m[32m200[39m [90m35 ms - 78[39m
[35m[HTTP][39m [90m[39m
[35m[HTTP][39m [37m-->[39m [37mPOST[39m [37m/wd/hub/session/05a73106-1fd7-415b-8a04-39e898c8ed83/timeouts[39m
[35m[HTTP][39m [90m{"implicit":30000}[39m
[35m[HTTP][39m [37m<-- POST /wd/hub/session/05a73106-1fd7-415b-8a04-39e898c8ed83/timeouts [39m[32m200[39m [90m2 ms - 14[39m
[35m[HTTP][39m [90m[39m
[35m[HTTP][39m [37m-->[39m [37mPOST[39m [37m/wd/hub/session/05a73106-1fd7-415b-8a04-39e898c8ed83/touch/perform[39m
[35m[HTTP][39m [90m{"actions":[{"action":"tap","options":{"x":1,"y":1,"element":"00000000-0000-05bd-ffff-ffff00003435"}},{"action":"release","options":{}}]}[39m
[35m[UiAutomator2][39m calling get location: 00000000-0000-05bd-ffff-ffff00003435
[35m[HTTP][39m [37m<-- POST /wd/hub/session/05a73106-1fd7-415b-8a04-39e898c8ed83/touch/perform [39m[32m200[39m [90m240 ms - 14[39m
[35m[HTTP][39m [90m[39m
[35m[HTTP][39m [37m-->[39m [37mGET[39m [37m/wd/hub/session/05a73106-1fd7-415b-8a04-39e898c8ed83/window/rect[39m
[35m[HTTP][39m [90m{}[39m
[35m[HTTP][39m [37m<-- GET /wd/hub/session/05a73106-1fd7-415b-8a04-39e898c8ed83/window/rect [39m[32m200[39m [90m32 ms - 50[39m
[35m[HTTP][39m [90m[39m
[35m[HTTP][39m [37m-->[39m [37mPOST[39m [37m/wd/hub/session/05a73106-1fd7-415b-8a04-39e898c8ed83/elements[39m
[35m[HTTP][39m [90m{"using":"xpath","value":"//*[@resource-id = 'com.vq.mbrochuregp.client.android:id/iv_home_profil_icon' and @package = 'com.vq.mbrochuregp.client.android']"}[39m
[35m[HTTP][39m [37m<-- POST /wd/hub/session/05a73106-1fd7-415b-8a04-39e898c8ed83/elements [39m[32m200[39m [90m9787 ms - 139[39m
[35m[HTTP][39m [90m[39m
[35m[HTTP][39m [37m-->[39m [37mGET[39m [37m/wd/hub/session/05a73106-1fd7-415b-8a04-39e898c8ed83/element/00000000-0000-05bf-ffff-ffff00003485/location[39m
[35m[HTTP][39m [90m{}[39m
[35m[W3C (05a73106)][39m Driver proxy active, passing request on via HTTP proxy
[35m[WD Proxy][39m Replacing sessionId 5fe31f6e-33a4-490b-9c03-5b1b36a59aba with 05a73106-1fd7-415b-8a04-39e898c8ed83
[35m[HTTP][39m [37m<-- GET /wd/hub/session/05a73106-1fd7-415b-8a04-39e898c8ed83/element/00000000-0000-05bf-ffff-ffff00003485/location [39m[32m200[39m [90m383 ms - 79[39m
[35m[HTTP][39m [90m[39m
[35m[HTTP][39m [37m-->[39m [37mPOST[39m [37m/wd/hub/session/05a73106-1fd7-415b-8a04-39e898c8ed83/element/00000000-0000-05bf-ffff-ffff00003485/click[39m
[35m[HTTP][39m [90m{"id":"00000000-0000-05bf-ffff-ffff00003485"}[39m
[35m[HTTP][39m [37m<-- POST /wd/hub/session/05a73106-1fd7-415b-8a04-39e898c8ed83/element/00000000-0000-05bf-ffff-ffff00003485/click [39m[32m200[39m [90m76 ms - 14[39m
[35m[HTTP][39m [90m[39m
[35m[HTTP][39m [37m-->[39m [37mGET[39m [37m/wd/hub/session/05a73106-1fd7-415b-8a04-39e898c8ed83/context[39m
[35m[HTTP][39m [90m{}[39m
[35m[HTTP][39m [37m<-- GET /wd/hub/session/05a73106-1fd7-415b-8a04-39e898c8ed83/context [39m[32m200[39m [90m2 ms - 22[39m
[35m[HTTP][39m [90m[39m
[35m[HTTP][39m [37m-->[39m [37mGET[39m [37m/wd/hub/session/05a73106-1fd7-415b-8a04-39e898c8ed83/contexts[39m
[35m[HTTP][39m [90m{}[39m
[35m[HTTP][39m [37m<-- GET /wd/hub/session/05a73106-1fd7-415b-8a04-39e898c8ed83/contexts [39m[32m200[39m [90m85 ms - 24[39m
[35m[HTTP][39m [90m[39m
[35m[HTTP][39m [37m-->[39m [37mPOST[39m [37m/wd/hub/session/05a73106-1fd7-415b-8a04-39e898c8ed83/context[39m
[35m[HTTP][39m [90m{"name":"NATIVE_APP"}[39m
[35m[HTTP][39m [37m<-- POST /wd/hub/session/05a73106-1fd7-415b-8a04-39e898c8ed83/context [39m[32m200[39m [90m1 ms - 14[39m
[35m[HTTP][39m [90m[39m
[35m[HTTP][39m [37m-->[39m [37mGET[39m [37m/wd/hub/session/05a73106-1fd7-415b-8a04-39e898c8ed83/window/rect[39m
[35m[HTTP][39m [90m{}[39m
[35m[HTTP][39m [37m<-- GET /wd/hub/session/05a73106-1fd7-415b-8a04-39e898c8ed83/window/rect [39m[32m200[39m [90m39 ms - 50[39m
[35m[HTTP][39m [90m[39m
[35m[HTTP][39m [37m-->[39m [37mPOST[39m [37m/wd/hub/session/05a73106-1fd7-415b-8a04-39e898c8ed83/execute/sync[39m
[35m[HTTP][39m [90m{"script":"mobile: viewportScreenshot","args":[]}[39m
[35m[AndroidDriver][39m Executing native command 'mobile: viewportScreenshot'
[35m[HTTP][39m [37m<-- POST /wd/hub/session/05a73106-1fd7-415b-8a04-39e898c8ed83/execute/sync [39m[32m200[39m [90m1283 ms - 263492[39m
[35m[HTTP][39m [90m[39m
[35m[HTTP][39m [37m-->[39m [37mPOST[39m [37m/wd/hub/session/05a73106-1fd7-415b-8a04-39e898c8ed83/context[39m
[35m[HTTP][39m [90m{"name":"NATIVE_APP"}[39m
[35m[HTTP][39m [37m<-- POST /wd/hub/session/05a73106-1fd7-415b-8a04-39e898c8ed83/context [39m[32m200[39m [90m2 ms - 14[39m
[35m[HTTP][39m [90m[39m
[35m[HTTP][39m [37m-->[39m [37mGET[39m [37m/wd/hub/session/05a73106-1fd7-415b-8a04-39e898c8ed83/window/rect[39m
[35m[HTTP][39m [90m{}[39m
[35m[HTTP][39m [37m<-- GET /wd/hub/session/05a73106-1fd7-415b-8a04-39e898c8ed83/window/rect [39m[32m200[39m [90m42 ms - 50[39m
[35m[HTTP][39m [90m[39m
[35m[HTTP][39m [37m-->[39m [37mPOST[39m [37m/wd/hub/session/05a73106-1fd7-415b-8a04-39e898c8ed83/elements[39m
[35m[HTTP][39m [90m{"using":"xpath","value":"//*[@class = 'android.widget.ImageView' and @resource-id = 'com.vq.mbrochuregp.client.android:id/iv_home_icon' and (@text = '' or . = '')]"}[39m
[35m[HTTP][39m [37m<-- POST /wd/hub/session/05a73106-1fd7-415b-8a04-39e898c8ed83/elements [39m[32m200[39m [90m408 ms - 139[39m
[35m[HTTP][39m [90m[39m
[35m[HTTP][39m [37m-->[39m [37mGET[39m [37m/wd/hub/session/05a73106-1fd7-415b-8a04-39e898c8ed83/element/00000000-0000-05c1-ffff-ffff000034cd/location[39m
[35m[HTTP][39m [90m{}[39m
[35m[W3C (05a73106)][39m Driver proxy active, passing request on via HTTP proxy
[35m[WD Proxy][39m Replacing sessionId 5fe31f6e-33a4-490b-9c03-5b1b36a59aba with 05a73106-1fd7-415b-8a04-39e898c8ed83
[35m[HTTP][39m [37m<-- GET /wd/hub/session/05a73106-1fd7-415b-8a04-39e898c8ed83/element/00000000-0000-05c1-ffff-ffff000034cd/location [39m[32m200[39m [90m34 ms - 78[39m
[35m[HTTP][39m [90m[39m
[35m[HTTP][39m [37m-->[39m [37mPOST[39m [37m/wd/hub/session/05a73106-1fd7-415b-8a04-39e898c8ed83/element/00000000-0000-05c1-ffff-ffff000034cd/click[39m
[35m[HTTP][39m [90m{"id":"00000000-0000-05c1-ffff-ffff000034cd"}[39m
[35m[HTTP][39m [37m<-- POST /wd/hub/session/05a73106-1fd7-415b-8a04-39e898c8ed83/element/00000000-0000-05c1-ffff-ffff000034cd/click [39m[32m200[39m [90m692 ms - 14[39m
[35m[HTTP][39m [90m[39m
[35m[HTTP][39m [37m-->[39m [37mGET[39m [37m/wd/hub/status[39m
[35m[HTTP][39m [90m{}[39m
[35m[HTTP][39m [37m<-- GET /wd/hub/status [39m[32m200[39m [90m1 ms - 68[39m
[35m[HTTP][39m [90m[39m
[35m[HTTP][39m [37m-->[39m [37mPOST[39m [37m/wd/hub/session[39m
[35m[HTTP][39m [90m{"desiredCapabilities":{"appActivity":".Settings","appPackage":"com.android.settings","newCommandTimeout":1800,"platformVersion":"11","automationName":"uiautomator2","autoGrantPermissions":true,"platformName":"Android","udid":"RR8N605F11Y","deviceName":"samsung SM-M315F (Android 11)","platform":"ANDROID","systemPort":8237},"capabilities":{"firstMatch":[{"appium:appActivity":".Settings","appium:appPackage":"com.android.settings","appium:autoGrantPermissions":true,"appium:automationName":"uiautomator2","appium:deviceName":"samsung SM-M315F (Android 11)","appium:newCommandTimeout":1800,"platform":"ANDROID","platformName":"android","appium:platformVersion":"11","appium:systemPort":8237,"appium:udid":"RR8N605F11Y"}]}}[39m
[35m[BaseDriver][39m The following capabilities are not standard capabilities and should have an extension prefix:
[35m[BaseDriver][39m   platform
[35m[BaseDriver][39m   chromedriverPort
[35m[Appium][39m Appium v1.22.2 creating new AndroidUiautomator2Driver (v1.70.1) session
[35m[BaseDriver][39m The following capabilities were provided, but are not recognized by Appium:
[35m[BaseDriver][39m   platform
[35m[BaseDriver][39m Session created with session id: 5bedd6b4-8619-4d99-b8d6-ed07c0963a83
[35m[UiAutomator2][39m Starting 'com.android.settings' directly on the device
[35m[ADB][39m Using 'adb.exe' from 'C:\Users\Nia Yusniati\.katalon\tools\android_sdk\platform-tools\adb.exe'
[35m[AndroidDriver][39m Retrieving device list
[35m[AndroidDriver][39m Using device: RR8N605F11Y
[35m[ADB][39m Using 'adb.exe' from 'C:\Users\Nia Yusniati\.katalon\tools\android_sdk\platform-tools\adb.exe'
[35m[ADB][39m Getting device platform version
[35m[UiAutomator2][39m Relaxing hidden api policy
[35m[AndroidDriver][39m No app sent in, not parsing package/activity
[35m[UiAutomator2][39m Server packages are not going to be (re)installed
[35m[ADB][39m Adding packages ["io.appium.settings","io.appium.uiautomator2.server","io.appium.uiautomator2.server.test"] to Doze whitelist
[35m[UiAutomator2][39m Starting UIAutomator2 server 4.27.0
[35m[UiAutomator2][39m Using UIAutomator2 server from 'C:\Users\Nia Yusniati\AppData\Roaming\npm\node_modules\appium\node_modules\appium-uiautomator2-server\apks\appium-uiautomator2-server-v4.27.0.apk' and test from 'C:\Users\Nia Yusniati\AppData\Roaming\npm\node_modules\appium\node_modules\appium-uiautomator2-server\apks\appium-uiautomator2-server-debug-androidTest.apk'
[35m[UiAutomator2][39m Waiting up to 30000ms for UiAutomator2 to be online...
[35m[WD Proxy][39m socket hang up
[35m[WD Proxy][39m socket hang up
[35m[WD Proxy][39m socket hang up
[35m[WD Proxy][39m Determined the downstream protocol as 'W3C'
[35m[AndroidDriver][39m Screen already unlocked, doing nothing
[35m[UiAutomator2][39m Starting 'com.android.settings/.Settings and waiting for 'com.android.settings/.Settings'
[35m[Appium][39m New AndroidUiautomator2Driver session created successfully, session 5bedd6b4-8619-4d99-b8d6-ed07c0963a83 added to master session list
[35m[HTTP][39m [37m<-- POST /wd/hub/session [39m[32m200[39m [90m8895 ms - 1158[39m
[35m[HTTP][39m [90m[39m
[35m[HTTP][39m [37m-->[39m [37mGET[39m [37m/wd/hub/session/5bedd6b4-8619-4d99-b8d6-ed07c0963a83[39m
[35m[HTTP][39m [90m{}[39m
[35m[HTTP][39m [37m<-- GET /wd/hub/session/5bedd6b4-8619-4d99-b8d6-ed07c0963a83 [39m[32m200[39m [90m24 ms - 1112[39m
[35m[HTTP][39m [90m[39m
[35m[HTTP][39m [37m-->[39m [37mGET[39m [37m/wd/hub/session/5bedd6b4-8619-4d99-b8d6-ed07c0963a83[39m
[35m[HTTP][39m [90m{}[39m
[35m[HTTP][39m [37m<-- GET /wd/hub/session/5bedd6b4-8619-4d99-b8d6-ed07c0963a83 [39m[32m200[39m [90m59 ms - 1112[39m
[35m[HTTP][39m [90m[39m
[35m[HTTP][39m [37m-->[39m [37mGET[39m [37m/wd/hub/status[39m
[35m[HTTP][39m [90m{}[39m
[35m[HTTP][39m [37m<-- GET /wd/hub/status [39m[32m200[39m [90m1 ms - 68[39m
[35m[HTTP][39m [90m[39m
[35m[HTTP][39m [37m-->[39m [37mPOST[39m [37m/wd/hub/session/5bedd6b4-8619-4d99-b8d6-ed07c0963a83/timeouts[39m
[35m[HTTP][39m [90m{"implicit":30000}[39m
[35m[HTTP][39m [37m<-- POST /wd/hub/session/5bedd6b4-8619-4d99-b8d6-ed07c0963a83/timeouts [39m[32m200[39m [90m2 ms - 14[39m
[35m[HTTP][39m [90m[39m
[35m[HTTP][39m [37m-->[39m [37mGET[39m [37m/wd/hub/session/5bedd6b4-8619-4d99-b8d6-ed07c0963a83/screenshot[39m
[35m[HTTP][39m [90m{}[39m
[35m[HTTP][39m [37m<-- GET /wd/hub/session/5bedd6b4-8619-4d99-b8d6-ed07c0963a83/screenshot [39m[32m200[39m [90m515 ms - 221028[39m
[35m[HTTP][39m [90m[39m
[35m[HTTP][39m [37m-->[39m [37mGET[39m [37m/wd/hub/session/5bedd6b4-8619-4d99-b8d6-ed07c0963a83/window/rect[39m
[35m[HTTP][39m [90m{}[39m
[35m[HTTP][39m [37m<-- GET /wd/hub/session/5bedd6b4-8619-4d99-b8d6-ed07c0963a83/window/rect [39m[32m200[39m [90m10 ms - 50[39m
[35m[HTTP][39m [90m[39m
[35m[HTTP][39m [37m-->[39m [37mGET[39m [37m/wd/hub/session/5bedd6b4-8619-4d99-b8d6-ed07c0963a83/appium/device/system_bars[39m
[35m[HTTP][39m [90m{}[39m
[35m[HTTP][39m [37m<-- GET /wd/hub/session/5bedd6b4-8619-4d99-b8d6-ed07c0963a83/appium/device/system_bars [39m[32m200[39m [90m100 ms - 148[39m
[35m[HTTP][39m [90m[39m
[35m[HTTP][39m [37m-->[39m [37mPOST[39m [37m/wd/hub/session/5bedd6b4-8619-4d99-b8d6-ed07c0963a83/appium/device/activate_app[39m
[35m[HTTP][39m [90m{"bundleId":"com.vq.mbrochuregp.client.android"}[39m
[35m[HTTP][39m [37m<-- POST /wd/hub/session/5bedd6b4-8619-4d99-b8d6-ed07c0963a83/appium/device/activate_app [39m[32m200[39m [90m605 ms - 14[39m
[35m[HTTP][39m [90m[39m
[35m[HTTP][39m [37m-->[39m [37mGET[39m [37m/wd/hub/session/5bedd6b4-8619-4d99-b8d6-ed07c0963a83/context[39m
[35m[HTTP][39m [90m{}[39m
[35m[HTTP][39m [37m<-- GET /wd/hub/session/5bedd6b4-8619-4d99-b8d6-ed07c0963a83/context [39m[32m200[39m [90m1 ms - 22[39m
[35m[HTTP][39m [90m[39m
[35m[HTTP][39m [37m-->[39m [37mGET[39m [37m/wd/hub/session/5bedd6b4-8619-4d99-b8d6-ed07c0963a83/contexts[39m
[35m[HTTP][39m [90m{}[39m
[35m[HTTP][39m [37m<-- GET /wd/hub/session/5bedd6b4-8619-4d99-b8d6-ed07c0963a83/contexts [39m[32m200[39m [90m103 ms - 24[39m
[35m[HTTP][39m [90m[39m
[35m[HTTP][39m [37m-->[39m [37mPOST[39m [37m/wd/hub/session/5bedd6b4-8619-4d99-b8d6-ed07c0963a83/context[39m
[35m[HTTP][39m [90m{"name":"NATIVE_APP"}[39m
[35m[HTTP][39m [37m<-- POST /wd/hub/session/5bedd6b4-8619-4d99-b8d6-ed07c0963a83/context [39m[32m200[39m [90m2 ms - 14[39m
[35m[HTTP][39m [90m[39m
[35m[HTTP][39m [37m-->[39m [37mPOST[39m [37m/wd/hub/session/5bedd6b4-8619-4d99-b8d6-ed07c0963a83/appium/device/press_keycode[39m
[35m[HTTP][39m [90m{"keycode":4}[39m
[35m[HTTP][39m [37m<-- POST /wd/hub/session/5bedd6b4-8619-4d99-b8d6-ed07c0963a83/appium/device/press_keycode [39m[32m200[39m [90m165 ms - 14[39m
[35m[HTTP][39m [90m[39m
[35m[HTTP][39m [37m-->[39m [37mPOST[39m [37m/wd/hub/session/5bedd6b4-8619-4d99-b8d6-ed07c0963a83/context[39m
[35m[HTTP][39m [90m{"name":"NATIVE_APP"}[39m
[35m[HTTP][39m [37m<-- POST /wd/hub/session/5bedd6b4-8619-4d99-b8d6-ed07c0963a83/context [39m[32m200[39m [90m1 ms - 14[39m
[35m[HTTP][39m [90m[39m
[35m[HTTP][39m [37m-->[39m [37mPOST[39m [37m/wd/hub/session/5bedd6b4-8619-4d99-b8d6-ed07c0963a83/timeouts[39m
[35m[HTTP][39m [90m{"implicit":50}[39m
[35m[HTTP][39m [37m<-- POST /wd/hub/session/5bedd6b4-8619-4d99-b8d6-ed07c0963a83/timeouts [39m[32m200[39m [90m1 ms - 14[39m
[35m[HTTP][39m [90m[39m
[35m[HTTP][39m [37m-->[39m [37mGET[39m [37m/wd/hub/session/5bedd6b4-8619-4d99-b8d6-ed07c0963a83/window/rect[39m
[35m[HTTP][39m [90m{}[39m
[35m[HTTP][39m [37m<-- GET /wd/hub/session/5bedd6b4-8619-4d99-b8d6-ed07c0963a83/window/rect [39m[32m200[39m [90m24 ms - 50[39m
[35m[HTTP][39m [90m[39m
[35m[HTTP][39m [37m-->[39m [37mPOST[39m [37m/wd/hub/session/5bedd6b4-8619-4d99-b8d6-ed07c0963a83/elements[39m
[35m[HTTP][39m [90m{"using":"xpath","value":"//*[@class = 'android.widget.Button' and (@text = 'TIDAK' or . = 'TIDAK') and @resource-id = 'android:id/button2']"}[39m
[35m[HTTP][39m [37m<-- POST /wd/hub/session/5bedd6b4-8619-4d99-b8d6-ed07c0963a83/elements [39m[32m200[39m [90m851 ms - 139[39m
[35m[HTTP][39m [90m[39m
[35m[HTTP][39m [37m-->[39m [37mGET[39m [37m/wd/hub/session/5bedd6b4-8619-4d99-b8d6-ed07c0963a83/element/00000000-0000-05d1-ffff-ffff0000357a/location[39m
[35m[HTTP][39m [90m{}[39m
[35m[W3C (5bedd6b4)][39m Driver proxy active, passing request on via HTTP proxy
[35m[WD Proxy][39m Replacing sessionId 989838a7-64ed-44d6-852d-08724b1a219d with 5bedd6b4-8619-4d99-b8d6-ed07c0963a83
[35m[HTTP][39m [37m<-- GET /wd/hub/session/5bedd6b4-8619-4d99-b8d6-ed07c0963a83/element/00000000-0000-05d1-ffff-ffff0000357a/location [39m[32m200[39m [90m21 ms - 79[39m
[35m[HTTP][39m [90m[39m
[35m[HTTP][39m [37m-->[39m [37mPOST[39m [37m/wd/hub/session/5bedd6b4-8619-4d99-b8d6-ed07c0963a83/timeouts[39m
[35m[HTTP][39m [90m{"implicit":30000}[39m
[35m[HTTP][39m [37m<-- POST /wd/hub/session/5bedd6b4-8619-4d99-b8d6-ed07c0963a83/timeouts [39m[32m200[39m [90m2 ms - 14[39m
[35m[HTTP][39m [90m[39m
[35m[HTTP][39m [37m-->[39m [37mPOST[39m [37m/wd/hub/session/5bedd6b4-8619-4d99-b8d6-ed07c0963a83/touch/perform[39m
[35m[HTTP][39m [90m{"actions":[{"action":"tap","options":{"x":1,"y":1,"element":"00000000-0000-05d1-ffff-ffff0000357a"}},{"action":"release","options":{}}]}[39m
[35m[UiAutomator2][39m calling get location: 00000000-0000-05d1-ffff-ffff0000357a
[35m[HTTP][39m [37m<-- POST /wd/hub/session/5bedd6b4-8619-4d99-b8d6-ed07c0963a83/touch/perform [39m[32m200[39m [90m750 ms - 14[39m
[35m[HTTP][39m [90m[39m
[35m[HTTP][39m [37m-->[39m [37mPOST[39m [37m/wd/hub/session/5bedd6b4-8619-4d99-b8d6-ed07c0963a83/timeouts[39m
[35m[HTTP][39m [90m{"implicit":50}[39m
[35m[HTTP][39m [37m<-- POST /wd/hub/session/5bedd6b4-8619-4d99-b8d6-ed07c0963a83/timeouts [39m[32m200[39m [90m2 ms - 14[39m
[35m[HTTP][39m [90m[39m
[35m[HTTP][39m [37m-->[39m [37mGET[39m [37m/wd/hub/session/5bedd6b4-8619-4d99-b8d6-ed07c0963a83/window/rect[39m
[35m[HTTP][39m [90m{}[39m
[35m[HTTP][39m [37m<-- GET /wd/hub/session/5bedd6b4-8619-4d99-b8d6-ed07c0963a83/window/rect [39m[32m200[39m [90m31 ms - 50[39m
[35m[HTTP][39m [90m[39m
[35m[HTTP][39m [37m-->[39m [37mPOST[39m [37m/wd/hub/session/5bedd6b4-8619-4d99-b8d6-ed07c0963a83/elements[39m
[35m[HTTP][39m [90m{"using":"xpath","value":"//hierarchy/android.widget.FrameLayout[1]/android.widget.LinearLayout[1]/android.widget.FrameLayout[1]/android.widget.LinearLayout[1]/android.widget.FrameLayout[1]/android.view.ViewGroup[1]/android.widget.ScrollView[1]/android.widget.LinearLayout[1]/android.view.ViewGroup[2]/android.widget.LinearLayout[1]/androidx.recyclerview.widget.RecyclerView[1]/android.widget.LinearLayout[8]/android.widget.ImageView[1]"}[39m
[35m[HTTP][39m [37m<-- POST /wd/hub/session/5bedd6b4-8619-4d99-b8d6-ed07c0963a83/elements [39m[32m200[39m [90m327 ms - 139[39m
[35m[HTTP][39m [90m[39m
[35m[HTTP][39m [37m-->[39m [37mGET[39m [37m/wd/hub/session/5bedd6b4-8619-4d99-b8d6-ed07c0963a83/element/00000000-0000-05c6-ffff-ffff0000355c/location[39m
[35m[HTTP][39m [90m{}[39m
[35m[W3C (5bedd6b4)][39m Driver proxy active, passing request on via HTTP proxy
[35m[WD Proxy][39m Replacing sessionId 989838a7-64ed-44d6-852d-08724b1a219d with 5bedd6b4-8619-4d99-b8d6-ed07c0963a83
[35m[HTTP][39m [37m<-- GET /wd/hub/session/5bedd6b4-8619-4d99-b8d6-ed07c0963a83/element/00000000-0000-05c6-ffff-ffff0000355c/location [39m[32m200[39m [90m19 ms - 79[39m
[35m[HTTP][39m [90m[39m
[35m[HTTP][39m [37m-->[39m [37mPOST[39m [37m/wd/hub/session/5bedd6b4-8619-4d99-b8d6-ed07c0963a83/timeouts[39m
[35m[HTTP][39m [90m{"implicit":30000}[39m
[35m[HTTP][39m [37m<-- POST /wd/hub/session/5bedd6b4-8619-4d99-b8d6-ed07c0963a83/timeouts [39m[32m200[39m [90m1 ms - 14[39m
[35m[HTTP][39m [90m[39m
[35m[HTTP][39m [37m-->[39m [37mPOST[39m [37m/wd/hub/session/5bedd6b4-8619-4d99-b8d6-ed07c0963a83/touch/perform[39m
[35m[HTTP][39m [90m{"actions":[{"action":"tap","options":{"x":1,"y":1,"element":"00000000-0000-05c6-ffff-ffff0000355c"}},{"action":"release","options":{}}]}[39m
[35m[UiAutomator2][39m calling get location: 00000000-0000-05c6-ffff-ffff0000355c
[35m[HTTP][39m [37m<-- POST /wd/hub/session/5bedd6b4-8619-4d99-b8d6-ed07c0963a83/touch/perform [39m[32m200[39m [90m207 ms - 14[39m
[35m[HTTP][39m [90m[39m
[35m[HTTP][39m [37m-->[39m [37mPOST[39m [37m/wd/hub/session/5bedd6b4-8619-4d99-b8d6-ed07c0963a83/timeouts[39m
[35m[HTTP][39m [90m{"implicit":50}[39m
[35m[HTTP][39m [37m<-- POST /wd/hub/session/5bedd6b4-8619-4d99-b8d6-ed07c0963a83/timeouts [39m[32m200[39m [90m2 ms - 14[39m
[35m[HTTP][39m [90m[39m
[35m[HTTP][39m [37m-->[39m [37mGET[39m [37m/wd/hub/session/5bedd6b4-8619-4d99-b8d6-ed07c0963a83/window/rect[39m
[35m[HTTP][39m [90m{}[39m
[35m[HTTP][39m [37m<-- GET /wd/hub/session/5bedd6b4-8619-4d99-b8d6-ed07c0963a83/window/rect [39m[32m200[39m [90m23 ms - 50[39m
[35m[HTTP][39m [90m[39m
[35m[HTTP][39m [37m-->[39m [37mPOST[39m [37m/wd/hub/session/5bedd6b4-8619-4d99-b8d6-ed07c0963a83/elements[39m
[35m[HTTP][39m [90m{"using":"xpath","value":"//hierarchy/android.widget.FrameLayout[1]/android.widget.LinearLayout[1]/android.widget.FrameLayout[1]/android.widget.LinearLayout[1]/android.widget.FrameLayout[1]/android.view.ViewGroup[1]/android.widget.ScrollView[1]/android.widget.LinearLayout[1]/android.widget.LinearLayout[1]/androidx.recyclerview.widget.RecyclerView[1]/android.widget.LinearLayout[2]/android.widget.ImageView[1]"}[39m
[35m[HTTP][39m [37m<-- POST /wd/hub/session/5bedd6b4-8619-4d99-b8d6-ed07c0963a83/elements [39m[32m200[39m [90m718 ms - 139[39m
[35m[HTTP][39m [90m[39m
[35m[HTTP][39m [37m-->[39m [37mGET[39m [37m/wd/hub/session/5bedd6b4-8619-4d99-b8d6-ed07c0963a83/element/00000000-0000-05d2-ffff-ffff000035ab/location[39m
[35m[HTTP][39m [90m{}[39m
[35m[W3C (5bedd6b4)][39m Driver proxy active, passing request on via HTTP proxy
[35m[WD Proxy][39m Replacing sessionId 989838a7-64ed-44d6-852d-08724b1a219d with 5bedd6b4-8619-4d99-b8d6-ed07c0963a83
[35m[HTTP][39m [37m<-- GET /wd/hub/session/5bedd6b4-8619-4d99-b8d6-ed07c0963a83/element/00000000-0000-05d2-ffff-ffff000035ab/location [39m[32m200[39m [90m14 ms - 78[39m
[35m[HTTP][39m [90m[39m
[35m[HTTP][39m [37m-->[39m [37mPOST[39m [37m/wd/hub/session/5bedd6b4-8619-4d99-b8d6-ed07c0963a83/timeouts[39m
[35m[HTTP][39m [90m{"implicit":30000}[39m
[35m[HTTP][39m [37m<-- POST /wd/hub/session/5bedd6b4-8619-4d99-b8d6-ed07c0963a83/timeouts [39m[32m200[39m [90m1 ms - 14[39m
[35m[HTTP][39m [90m[39m
[35m[HTTP][39m [37m-->[39m [37mPOST[39m [37m/wd/hub/session/5bedd6b4-8619-4d99-b8d6-ed07c0963a83/touch/perform[39m
[35m[HTTP][39m [90m{"actions":[{"action":"tap","options":{"x":1,"y":1,"element":"00000000-0000-05d2-ffff-ffff000035ab"}},{"action":"release","options":{}}]}[39m
[35m[UiAutomator2][39m calling get location: 00000000-0000-05d2-ffff-ffff000035ab
[35m[HTTP][39m [37m<-- POST /wd/hub/session/5bedd6b4-8619-4d99-b8d6-ed07c0963a83/touch/perform [39m[32m200[39m [90m193 ms - 14[39m
[35m[HTTP][39m [90m[39m
[35m[HTTP][39m [37m-->[39m [37mPOST[39m [37m/wd/hub/session/5bedd6b4-8619-4d99-b8d6-ed07c0963a83/timeouts[39m
[35m[HTTP][39m [90m{"implicit":50}[39m
[35m[HTTP][39m [37m<-- POST /wd/hub/session/5bedd6b4-8619-4d99-b8d6-ed07c0963a83/timeouts [39m[32m200[39m [90m2 ms - 14[39m
[35m[HTTP][39m [90m[39m
[35m[HTTP][39m [37m-->[39m [37mGET[39m [37m/wd/hub/session/5bedd6b4-8619-4d99-b8d6-ed07c0963a83/window/rect[39m
[35m[HTTP][39m [90m{}[39m
[35m[HTTP][39m [37m<-- GET /wd/hub/session/5bedd6b4-8619-4d99-b8d6-ed07c0963a83/window/rect [39m[32m200[39m [90m47 ms - 50[39m
[35m[HTTP][39m [90m[39m
[35m[HTTP][39m [37m-->[39m [37mPOST[39m [37m/wd/hub/session/5bedd6b4-8619-4d99-b8d6-ed07c0963a83/elements[39m
[35m[HTTP][39m [90m{"using":"xpath","value":"//hierarchy/android.widget.FrameLayout[1]/android.widget.LinearLayout[1]/android.widget.FrameLayout[1]/android.widget.LinearLayout[1]/android.widget.FrameLayout[1]/android.view.ViewGroup[1]/androidx.viewpager.widget.ViewPager[1]/android.widget.FrameLayout[1]/android.view.ViewGroup[1]/androidx.recyclerview.widget.RecyclerView[1]/android.widget.LinearLayout[1]/android.widget.RelativeLayout[1]"}[39m
[35m[HTTP][39m [37m<-- POST /wd/hub/session/5bedd6b4-8619-4d99-b8d6-ed07c0963a83/elements [39m[32m200[39m [90m272 ms - 139[39m
[35m[HTTP][39m [90m[39m
[35m[HTTP][39m [37m-->[39m [37mGET[39m [37m/wd/hub/session/5bedd6b4-8619-4d99-b8d6-ed07c0963a83/element/00000000-0000-05d3-ffff-ffff000035f4/location[39m
[35m[HTTP][39m [90m{}[39m
[35m[W3C (5bedd6b4)][39m Driver proxy active, passing request on via HTTP proxy
[35m[WD Proxy][39m Replacing sessionId 989838a7-64ed-44d6-852d-08724b1a219d with 5bedd6b4-8619-4d99-b8d6-ed07c0963a83
[35m[HTTP][39m [37m<-- GET /wd/hub/session/5bedd6b4-8619-4d99-b8d6-ed07c0963a83/element/00000000-0000-05d3-ffff-ffff000035f4/location [39m[32m200[39m [90m40 ms - 77[39m
[35m[HTTP][39m [90m[39m
[35m[HTTP][39m [37m-->[39m [37mPOST[39m [37m/wd/hub/session/5bedd6b4-8619-4d99-b8d6-ed07c0963a83/timeouts[39m
[35m[HTTP][39m [90m{"implicit":30000}[39m
[35m[HTTP][39m [37m<-- POST /wd/hub/session/5bedd6b4-8619-4d99-b8d6-ed07c0963a83/timeouts [39m[32m200[39m [90m1 ms - 14[39m
[35m[HTTP][39m [90m[39m
[35m[HTTP][39m [37m-->[39m [37mPOST[39m [37m/wd/hub/session/5bedd6b4-8619-4d99-b8d6-ed07c0963a83/touch/perform[39m
[35m[HTTP][39m [90m{"actions":[{"action":"tap","options":{"x":1,"y":1,"element":"00000000-0000-05d3-ffff-ffff000035f4"}},{"action":"release","options":{}}]}[39m
[35m[UiAutomator2][39m calling get location: 00000000-0000-05d3-ffff-ffff000035f4
[35m[HTTP][39m [37m<-- POST /wd/hub/session/5bedd6b4-8619-4d99-b8d6-ed07c0963a83/touch/perform [39m[32m200[39m [90m257 ms - 14[39m
[35m[HTTP][39m [90m[39m
[35m[HTTP][39m [37m-->[39m [37mGET[39m [37m/wd/hub/session/5bedd6b4-8619-4d99-b8d6-ed07c0963a83/context[39m
[35m[HTTP][39m [90m{}[39m
[35m[HTTP][39m [37m<-- GET /wd/hub/session/5bedd6b4-8619-4d99-b8d6-ed07c0963a83/context [39m[32m200[39m [90m2 ms - 22[39m
[35m[HTTP][39m [90m[39m
[35m[HTTP][39m [37m-->[39m [37mGET[39m [37m/wd/hub/session/5bedd6b4-8619-4d99-b8d6-ed07c0963a83/contexts[39m
[35m[HTTP][39m [90m{}[39m
[35m[HTTP][39m [37m<-- GET /wd/hub/session/5bedd6b4-8619-4d99-b8d6-ed07c0963a83/contexts [39m[32m200[39m [90m113 ms - 24[39m
[35m[HTTP][39m [90m[39m
[35m[HTTP][39m [37m-->[39m [37mPOST[39m [37m/wd/hub/session/5bedd6b4-8619-4d99-b8d6-ed07c0963a83/context[39m
[35m[HTTP][39m [90m{"name":"NATIVE_APP"}[39m
[35m[HTTP][39m [37m<-- POST /wd/hub/session/5bedd6b4-8619-4d99-b8d6-ed07c0963a83/context [39m[32m200[39m [90m1 ms - 14[39m
[35m[HTTP][39m [90m[39m
[35m[HTTP][39m [37m-->[39m [37mGET[39m [37m/wd/hub/session/5bedd6b4-8619-4d99-b8d6-ed07c0963a83/window/rect[39m
[35m[HTTP][39m [90m{}[39m
[35m[HTTP][39m [37m<-- GET /wd/hub/session/5bedd6b4-8619-4d99-b8d6-ed07c0963a83/window/rect [39m[32m200[39m [90m20 ms - 50[39m
[35m[HTTP][39m [90m[39m
[35m[HTTP][39m [37m-->[39m [37mPOST[39m [37m/wd/hub/session/5bedd6b4-8619-4d99-b8d6-ed07c0963a83/execute/sync[39m
[35m[HTTP][39m [90m{"script":"mobile: viewportScreenshot","args":[]}[39m
[35m[AndroidDriver][39m Executing native command 'mobile: viewportScreenshot'
[35m[HTTP][39m [37m<-- POST /wd/hub/session/5bedd6b4-8619-4d99-b8d6-ed07c0963a83/execute/sync [39m[32m200[39m [90m1345 ms - 220660[39m
[35m[HTTP][39m [90m[39m
[35m[HTTP][39m [37m-->[39m [37mPOST[39m [37m/wd/hub/session/5bedd6b4-8619-4d99-b8d6-ed07c0963a83/context[39m
[35m[HTTP][39m [90m{"name":"NATIVE_APP"}[39m
[35m[HTTP][39m [37m<-- POST /wd/hub/session/5bedd6b4-8619-4d99-b8d6-ed07c0963a83/context [39m[32m200[39m [90m1 ms - 14[39m
[35m[HTTP][39m [90m[39m
[35m[HTTP][39m [37m-->[39m [37mPOST[39m [37m/wd/hub/session/5bedd6b4-8619-4d99-b8d6-ed07c0963a83/timeouts[39m
[35m[HTTP][39m [90m{"implicit":50}[39m
[35m[HTTP][39m [37m<-- POST /wd/hub/session/5bedd6b4-8619-4d99-b8d6-ed07c0963a83/timeouts [39m[32m200[39m [90m1 ms - 14[39m
[35m[HTTP][39m [90m[39m
[35m[HTTP][39m [37m-->[39m [37mGET[39m [37m/wd/hub/session/5bedd6b4-8619-4d99-b8d6-ed07c0963a83/window/rect[39m
[35m[HTTP][39m [90m{}[39m
[35m[HTTP][39m [37m<-- GET /wd/hub/session/5bedd6b4-8619-4d99-b8d6-ed07c0963a83/window/rect [39m[32m200[39m [90m47 ms - 50[39m
[35m[HTTP][39m [90m[39m
[35m[HTTP][39m [37m-->[39m [37mPOST[39m [37m/wd/hub/session/5bedd6b4-8619-4d99-b8d6-ed07c0963a83/elements[39m
[35m[HTTP][39m [90m{"using":"xpath","value":"//hierarchy/android.widget.FrameLayout[1]/android.widget.LinearLayout[1]/android.widget.FrameLayout[1]/android.widget.LinearLayout[1]/android.widget.FrameLayout[1]/android.view.ViewGroup[1]/android.widget.ScrollView[1]/android.view.ViewGroup[1]/android.widget.LinearLayout[2]/androidx.recyclerview.widget.RecyclerView[1]/android.widget.LinearLayout[2]/android.widget.RelativeLayout[1]/android.widget.LinearLayout[1]/android.widget.CheckBox[1]"}[39m
[35m[HTTP][39m [37m<-- POST /wd/hub/session/5bedd6b4-8619-4d99-b8d6-ed07c0963a83/elements [39m[32m200[39m [90m445 ms - 139[39m
[35m[HTTP][39m [90m[39m
[35m[HTTP][39m [37m-->[39m [37mGET[39m [37m/wd/hub/session/5bedd6b4-8619-4d99-b8d6-ed07c0963a83/element/00000000-0000-05d4-ffff-ffff00003641/location[39m
[35m[HTTP][39m [90m{}[39m
[35m[W3C (5bedd6b4)][39m Driver proxy active, passing request on via HTTP proxy
[35m[WD Proxy][39m Replacing sessionId 989838a7-64ed-44d6-852d-08724b1a219d with 5bedd6b4-8619-4d99-b8d6-ed07c0963a83
[35m[HTTP][39m [37m<-- GET /wd/hub/session/5bedd6b4-8619-4d99-b8d6-ed07c0963a83/element/00000000-0000-05d4-ffff-ffff00003641/location [39m[32m200[39m [90m38 ms - 77[39m
[35m[HTTP][39m [90m[39m
[35m[HTTP][39m [37m-->[39m [37mPOST[39m [37m/wd/hub/session/5bedd6b4-8619-4d99-b8d6-ed07c0963a83/timeouts[39m
[35m[HTTP][39m [90m{"implicit":30000}[39m
[35m[HTTP][39m [37m<-- POST /wd/hub/session/5bedd6b4-8619-4d99-b8d6-ed07c0963a83/timeouts [39m[32m200[39m [90m1 ms - 14[39m
[35m[HTTP][39m [90m[39m
[35m[HTTP][39m [37m-->[39m [37mPOST[39m [37m/wd/hub/session/5bedd6b4-8619-4d99-b8d6-ed07c0963a83/touch/perform[39m
[35m[HTTP][39m [90m{"actions":[{"action":"tap","options":{"x":1,"y":1,"element":"00000000-0000-05d4-ffff-ffff00003641"}},{"action":"release","options":{}}]}[39m
[35m[UiAutomator2][39m calling get location: 00000000-0000-05d4-ffff-ffff00003641
[35m[HTTP][39m [37m<-- POST /wd/hub/session/5bedd6b4-8619-4d99-b8d6-ed07c0963a83/touch/perform [39m[32m200[39m [90m277 ms - 14[39m
[35m[HTTP][39m [90m[39m
[35m[HTTP][39m [37m-->[39m [37mGET[39m [37m/wd/hub/session/5bedd6b4-8619-4d99-b8d6-ed07c0963a83/context[39m
[35m[HTTP][39m [90m{}[39m
[35m[HTTP][39m [37m<-- GET /wd/hub/session/5bedd6b4-8619-4d99-b8d6-ed07c0963a83/context [39m[32m200[39m [90m2 ms - 22[39m
[35m[HTTP][39m [90m[39m
[35m[HTTP][39m [37m-->[39m [37mGET[39m [37m/wd/hub/session/5bedd6b4-8619-4d99-b8d6-ed07c0963a83/contexts[39m
[35m[HTTP][39m [90m{}[39m
[35m[HTTP][39m [37m<-- GET /wd/hub/session/5bedd6b4-8619-4d99-b8d6-ed07c0963a83/contexts [39m[32m200[39m [90m132 ms - 24[39m
[35m[HTTP][39m [90m[39m
[35m[HTTP][39m [37m-->[39m [37mPOST[39m [37m/wd/hub/session/5bedd6b4-8619-4d99-b8d6-ed07c0963a83/context[39m
[35m[HTTP][39m [90m{"name":"NATIVE_APP"}[39m
[35m[HTTP][39m [37m<-- POST /wd/hub/session/5bedd6b4-8619-4d99-b8d6-ed07c0963a83/context [39m[32m200[39m [90m2 ms - 14[39m
[35m[HTTP][39m [90m[39m
[35m[HTTP][39m [37m-->[39m [37mGET[39m [37m/wd/hub/session/5bedd6b4-8619-4d99-b8d6-ed07c0963a83/window/rect[39m
[35m[HTTP][39m [90m{}[39m
[35m[HTTP][39m [37m<-- GET /wd/hub/session/5bedd6b4-8619-4d99-b8d6-ed07c0963a83/window/rect [39m[32m200[39m [90m44 ms - 50[39m
[35m[HTTP][39m [90m[39m
[35m[HTTP][39m [37m-->[39m [37mPOST[39m [37m/wd/hub/session/5bedd6b4-8619-4d99-b8d6-ed07c0963a83/execute/sync[39m
[35m[HTTP][39m [90m{"script":"mobile: viewportScreenshot","args":[]}[39m
[35m[AndroidDriver][39m Executing native command 'mobile: viewportScreenshot'
[35m[HTTP][39m [37m<-- POST /wd/hub/session/5bedd6b4-8619-4d99-b8d6-ed07c0963a83/execute/sync [39m[32m200[39m [90m1364 ms - 219276[39m
[35m[HTTP][39m [90m[39m
[35m[HTTP][39m [37m-->[39m [37mPOST[39m [37m/wd/hub/session/5bedd6b4-8619-4d99-b8d6-ed07c0963a83/context[39m
[35m[HTTP][39m [90m{"name":"NATIVE_APP"}[39m
[35m[HTTP][39m [37m<-- POST /wd/hub/session/5bedd6b4-8619-4d99-b8d6-ed07c0963a83/context [39m[32m200[39m [90m1 ms - 14[39m
[35m[HTTP][39m [90m[39m
[35m[HTTP][39m [37m-->[39m [37mGET[39m [37m/wd/hub/session/5bedd6b4-8619-4d99-b8d6-ed07c0963a83/window/rect[39m
[35m[HTTP][39m [90m{}[39m
[35m[HTTP][39m [37m<-- GET /wd/hub/session/5bedd6b4-8619-4d99-b8d6-ed07c0963a83/window/rect [39m[32m200[39m [90m53 ms - 50[39m
[35m[HTTP][39m [90m[39m
[35m[HTTP][39m [37m-->[39m [37mPOST[39m [37m/wd/hub/session/5bedd6b4-8619-4d99-b8d6-ed07c0963a83/elements[39m
[35m[HTTP][39m [90m{"using":"xpath","value":"//*[@class = 'android.widget.Button' and (@text = 'Lanjutkan >' or . = 'Lanjutkan >') and @resource-id = 'com.vq.mbrochuregp.client.android:id/btn_upgrade_asuransi_list_detail_next']"}[39m
[35m[HTTP][39m [37m<-- POST /wd/hub/session/5bedd6b4-8619-4d99-b8d6-ed07c0963a83/elements [39m[32m200[39m [90m717 ms - 139[39m
[35m[HTTP][39m [90m[39m
[35m[HTTP][39m [37m-->[39m [37mGET[39m [37m/wd/hub/session/5bedd6b4-8619-4d99-b8d6-ed07c0963a83/element/00000000-0000-05d4-ffff-ffff0000362c/location[39m
[35m[HTTP][39m [90m{}[39m
[35m[W3C (5bedd6b4)][39m Driver proxy active, passing request on via HTTP proxy
[35m[WD Proxy][39m Replacing sessionId 989838a7-64ed-44d6-852d-08724b1a219d with 5bedd6b4-8619-4d99-b8d6-ed07c0963a83
[35m[HTTP][39m [37m<-- GET /wd/hub/session/5bedd6b4-8619-4d99-b8d6-ed07c0963a83/element/00000000-0000-05d4-ffff-ffff0000362c/location [39m[32m200[39m [90m48 ms - 78[39m
[35m[HTTP][39m [90m[39m
[35m[HTTP][39m [37m-->[39m [37mPOST[39m [37m/wd/hub/session/5bedd6b4-8619-4d99-b8d6-ed07c0963a83/element/00000000-0000-05d4-ffff-ffff0000362c/click[39m
[35m[HTTP][39m [90m{"id":"00000000-0000-05d4-ffff-ffff0000362c"}[39m
[35m[HTTP][39m [37m<-- POST /wd/hub/session/5bedd6b4-8619-4d99-b8d6-ed07c0963a83/element/00000000-0000-05d4-ffff-ffff0000362c/click [39m[32m200[39m [90m879 ms - 14[39m
[35m[HTTP][39m [90m[39m
[35m[HTTP][39m [37m-->[39m [37mGET[39m [37m/wd/hub/session/5bedd6b4-8619-4d99-b8d6-ed07c0963a83/context[39m
[35m[HTTP][39m [90m{}[39m
[35m[HTTP][39m [37m<-- GET /wd/hub/session/5bedd6b4-8619-4d99-b8d6-ed07c0963a83/context [39m[32m200[39m [90m2 ms - 22[39m
[35m[HTTP][39m [90m[39m
[35m[HTTP][39m [37m-->[39m [37mGET[39m [37m/wd/hub/session/5bedd6b4-8619-4d99-b8d6-ed07c0963a83/contexts[39m
[35m[HTTP][39m [90m{}[39m
[35m[HTTP][39m [37m<-- GET /wd/hub/session/5bedd6b4-8619-4d99-b8d6-ed07c0963a83/contexts [39m[32m200[39m [90m110 ms - 24[39m
[35m[HTTP][39m [90m[39m
[35m[HTTP][39m [37m-->[39m [37mPOST[39m [37m/wd/hub/session/5bedd6b4-8619-4d99-b8d6-ed07c0963a83/context[39m
[35m[HTTP][39m [90m{"name":"NATIVE_APP"}[39m
[35m[HTTP][39m [37m<-- POST /wd/hub/session/5bedd6b4-8619-4d99-b8d6-ed07c0963a83/context [39m[32m200[39m [90m1 ms - 14[39m
[35m[HTTP][39m [90m[39m
[35m[HTTP][39m [37m-->[39m [37mGET[39m [37m/wd/hub/session/5bedd6b4-8619-4d99-b8d6-ed07c0963a83/window/rect[39m
[35m[HTTP][39m [90m{}[39m
[35m[HTTP][39m [37m<-- GET /wd/hub/session/5bedd6b4-8619-4d99-b8d6-ed07c0963a83/window/rect [39m[32m200[39m [90m43 ms - 50[39m
[35m[HTTP][39m [90m[39m
[35m[HTTP][39m [37m-->[39m [37mPOST[39m [37m/wd/hub/session/5bedd6b4-8619-4d99-b8d6-ed07c0963a83/execute/sync[39m
[35m[HTTP][39m [90m{"script":"mobile: viewportScreenshot","args":[]}[39m
[35m[AndroidDriver][39m Executing native command 'mobile: viewportScreenshot'
[35m[HTTP][39m [37m<-- POST /wd/hub/session/5bedd6b4-8619-4d99-b8d6-ed07c0963a83/execute/sync [39m[32m200[39m [90m1318 ms - 168340[39m
[35m[HTTP][39m [90m[39m
[35m[HTTP][39m [37m-->[39m [37mPOST[39m [37m/wd/hub/session/5bedd6b4-8619-4d99-b8d6-ed07c0963a83/context[39m
[35m[HTTP][39m [90m{"name":"NATIVE_APP"}[39m
[35m[HTTP][39m [37m<-- POST /wd/hub/session/5bedd6b4-8619-4d99-b8d6-ed07c0963a83/context [39m[32m200[39m [90m1 ms - 14[39m
[35m[HTTP][39m [90m[39m
[35m[HTTP][39m [37m-->[39m [37mGET[39m [37m/wd/hub/session/5bedd6b4-8619-4d99-b8d6-ed07c0963a83/window/rect[39m
[35m[HTTP][39m [90m{}[39m
[35m[HTTP][39m [37m<-- GET /wd/hub/session/5bedd6b4-8619-4d99-b8d6-ed07c0963a83/window/rect [39m[32m200[39m [90m47 ms - 50[39m
[35m[HTTP][39m [90m[39m
[35m[HTTP][39m [37m-->[39m [37mPOST[39m [37m/wd/hub/session/5bedd6b4-8619-4d99-b8d6-ed07c0963a83/elements[39m
[35m[HTTP][39m [90m{"using":"xpath","value":"//*[@class = 'android.widget.Button' and (@text = 'Lanjutkan >' or . = 'Lanjutkan >') and @resource-id = 'com.vq.mbrochuregp.client.android:id/btn_asuransi_perluasan_next']"}[39m
[35m[HTTP][39m [37m<-- POST /wd/hub/session/5bedd6b4-8619-4d99-b8d6-ed07c0963a83/elements [39m[32m200[39m [90m614 ms - 139[39m
[35m[HTTP][39m [90m[39m
[35m[HTTP][39m [37m-->[39m [37mGET[39m [37m/wd/hub/session/5bedd6b4-8619-4d99-b8d6-ed07c0963a83/element/00000000-0000-05d5-ffff-ffff00003694/location[39m
[35m[HTTP][39m [90m{}[39m
[35m[W3C (5bedd6b4)][39m Driver proxy active, passing request on via HTTP proxy
[35m[WD Proxy][39m Replacing sessionId 989838a7-64ed-44d6-852d-08724b1a219d with 5bedd6b4-8619-4d99-b8d6-ed07c0963a83
[35m[HTTP][39m [37m<-- GET /wd/hub/session/5bedd6b4-8619-4d99-b8d6-ed07c0963a83/element/00000000-0000-05d5-ffff-ffff00003694/location [39m[32m200[39m [90m42 ms - 78[39m
[35m[HTTP][39m [90m[39m
[35m[HTTP][39m [37m-->[39m [37mPOST[39m [37m/wd/hub/session/5bedd6b4-8619-4d99-b8d6-ed07c0963a83/element/00000000-0000-05d5-ffff-ffff00003694/click[39m
[35m[HTTP][39m [90m{"id":"00000000-0000-05d5-ffff-ffff00003694"}[39m
[35m[HTTP][39m [37m<-- POST /wd/hub/session/5bedd6b4-8619-4d99-b8d6-ed07c0963a83/element/00000000-0000-05d5-ffff-ffff00003694/click [39m[32m200[39m [90m80 ms - 14[39m
[35m[HTTP][39m [90m[39m
[35m[HTTP][39m [37m-->[39m [37mGET[39m [37m/wd/hub/session/5bedd6b4-8619-4d99-b8d6-ed07c0963a83/context[39m
[35m[HTTP][39m [90m{}[39m
[35m[HTTP][39m [37m<-- GET /wd/hub/session/5bedd6b4-8619-4d99-b8d6-ed07c0963a83/context [39m[32m200[39m [90m1 ms - 22[39m
[35m[HTTP][39m [90m[39m
[35m[HTTP][39m [37m-->[39m [37mGET[39m [37m/wd/hub/session/5bedd6b4-8619-4d99-b8d6-ed07c0963a83/contexts[39m
[35m[HTTP][39m [90m{}[39m
[35m[HTTP][39m [37m<-- GET /wd/hub/session/5bedd6b4-8619-4d99-b8d6-ed07c0963a83/contexts [39m[32m200[39m [90m104 ms - 24[39m
[35m[HTTP][39m [90m[39m
[35m[HTTP][39m [37m-->[39m [37mPOST[39m [37m/wd/hub/session/5bedd6b4-8619-4d99-b8d6-ed07c0963a83/context[39m
[35m[HTTP][39m [90m{"name":"NATIVE_APP"}[39m
[35m[HTTP][39m [37m<-- POST /wd/hub/session/5bedd6b4-8619-4d99-b8d6-ed07c0963a83/context [39m[32m200[39m [90m1 ms - 14[39m
[35m[HTTP][39m [90m[39m
[35m[HTTP][39m [37m-->[39m [37mGET[39m [37m/wd/hub/session/5bedd6b4-8619-4d99-b8d6-ed07c0963a83/window/rect[39m
[35m[HTTP][39m [90m{}[39m
[35m[HTTP][39m [37m<-- GET /wd/hub/session/5bedd6b4-8619-4d99-b8d6-ed07c0963a83/window/rect [39m[32m200[39m [90m43 ms - 50[39m
[35m[HTTP][39m [90m[39m
[35m[HTTP][39m [37m-->[39m [37mPOST[39m [37m/wd/hub/session/5bedd6b4-8619-4d99-b8d6-ed07c0963a83/execute/sync[39m
[35m[HTTP][39m [90m{"script":"mobile: viewportScreenshot","args":[]}[39m
[35m[AndroidDriver][39m Executing native command 'mobile: viewportScreenshot'
[35m[HTTP][39m [37m<-- POST /wd/hub/session/5bedd6b4-8619-4d99-b8d6-ed07c0963a83/execute/sync [39m[32m200[39m [90m1256 ms - 266096[39m
[35m[HTTP][39m [90m[39m
[35m[HTTP][39m [37m-->[39m [37mPOST[39m [37m/wd/hub/session/5bedd6b4-8619-4d99-b8d6-ed07c0963a83/context[39m
[35m[HTTP][39m [90m{"name":"NATIVE_APP"}[39m
[35m[HTTP][39m [37m<-- POST /wd/hub/session/5bedd6b4-8619-4d99-b8d6-ed07c0963a83/context [39m[32m200[39m [90m2 ms - 14[39m
[35m[HTTP][39m [90m[39m
[35m[HTTP][39m [37m-->[39m [37mGET[39m [37m/wd/hub/session/5bedd6b4-8619-4d99-b8d6-ed07c0963a83/window/rect[39m
[35m[HTTP][39m [90m{}[39m
[35m[HTTP][39m [37m<-- GET /wd/hub/session/5bedd6b4-8619-4d99-b8d6-ed07c0963a83/window/rect [39m[32m200[39m [90m44 ms - 50[39m
[35m[HTTP][39m [90m[39m
[35m[HTTP][39m [37m-->[39m [37mPOST[39m [37m/wd/hub/session/5bedd6b4-8619-4d99-b8d6-ed07c0963a83/elements[39m
[35m[HTTP][39m [90m{"using":"xpath","value":"//*[@class = 'android.widget.Button' and (@text = 'Submit' or . = 'Submit') and @resource-id = 'com.vq.mbrochuregp.client.android:id/btn_upgrade_asuransi_result_submit']"}[39m
[35m[HTTP][39m [37m<-- POST /wd/hub/session/5bedd6b4-8619-4d99-b8d6-ed07c0963a83/elements [39m[32m200[39m [90m463 ms - 139[39m
[35m[HTTP][39m [90m[39m
[35m[HTTP][39m [37m-->[39m [37mGET[39m [37m/wd/hub/session/5bedd6b4-8619-4d99-b8d6-ed07c0963a83/element/00000000-0000-05d6-ffff-ffff0000370c/location[39m
[35m[HTTP][39m [90m{}[39m
[35m[W3C (5bedd6b4)][39m Driver proxy active, passing request on via HTTP proxy
[35m[WD Proxy][39m Replacing sessionId 989838a7-64ed-44d6-852d-08724b1a219d with 5bedd6b4-8619-4d99-b8d6-ed07c0963a83
[35m[HTTP][39m [37m<-- GET /wd/hub/session/5bedd6b4-8619-4d99-b8d6-ed07c0963a83/element/00000000-0000-05d6-ffff-ffff0000370c/location [39m[32m200[39m [90m36 ms - 78[39m
[35m[HTTP][39m [90m[39m
[35m[HTTP][39m [37m-->[39m [37mPOST[39m [37m/wd/hub/session/5bedd6b4-8619-4d99-b8d6-ed07c0963a83/element/00000000-0000-05d6-ffff-ffff0000370c/click[39m
[35m[HTTP][39m [90m{"id":"00000000-0000-05d6-ffff-ffff0000370c"}[39m
[35m[HTTP][39m [37m<-- POST /wd/hub/session/5bedd6b4-8619-4d99-b8d6-ed07c0963a83/element/00000000-0000-05d6-ffff-ffff0000370c/click [39m[32m200[39m [90m154 ms - 14[39m
[35m[HTTP][39m [90m[39m
[35m[HTTP][39m [37m-->[39m [37mPOST[39m [37m/wd/hub/session/5bedd6b4-8619-4d99-b8d6-ed07c0963a83/timeouts[39m
[35m[HTTP][39m [90m{"implicit":50}[39m
[35m[HTTP][39m [37m<-- POST /wd/hub/session/5bedd6b4-8619-4d99-b8d6-ed07c0963a83/timeouts [39m[32m200[39m [90m1 ms - 14[39m
[35m[HTTP][39m [90m[39m
[35m[HTTP][39m [37m-->[39m [37mGET[39m [37m/wd/hub/session/5bedd6b4-8619-4d99-b8d6-ed07c0963a83/window/rect[39m
[35m[HTTP][39m [90m{}[39m
[35m[HTTP][39m [37m<-- GET /wd/hub/session/5bedd6b4-8619-4d99-b8d6-ed07c0963a83/window/rect [39m[32m200[39m [90m15 ms - 50[39m
[35m[HTTP][39m [90m[39m
[35m[HTTP][39m [37m-->[39m [37mPOST[39m [37m/wd/hub/session/5bedd6b4-8619-4d99-b8d6-ed07c0963a83/elements[39m
[35m[HTTP][39m [90m{"using":"xpath","value":"//*[@class = 'android.widget.Button' and (@text = 'YA' or . = 'YA') and @resource-id = 'android:id/button1']"}[39m
[35m[HTTP][39m [37m<-- POST /wd/hub/session/5bedd6b4-8619-4d99-b8d6-ed07c0963a83/elements [39m[32m200[39m [90m592 ms - 139[39m
[35m[HTTP][39m [90m[39m
[35m[HTTP][39m [37m-->[39m [37mGET[39m [37m/wd/hub/session/5bedd6b4-8619-4d99-b8d6-ed07c0963a83/element/00000000-0000-05d7-ffff-ffff0000373a/location[39m
[35m[HTTP][39m [90m{}[39m
[35m[W3C (5bedd6b4)][39m Driver proxy active, passing request on via HTTP proxy
[35m[WD Proxy][39m Replacing sessionId 989838a7-64ed-44d6-852d-08724b1a219d with 5bedd6b4-8619-4d99-b8d6-ed07c0963a83
[35m[HTTP][39m [37m<-- GET /wd/hub/session/5bedd6b4-8619-4d99-b8d6-ed07c0963a83/element/00000000-0000-05d7-ffff-ffff0000373a/location [39m[32m200[39m [90m29 ms - 79[39m
[35m[HTTP][39m [90m[39m
[35m[HTTP][39m [37m-->[39m [37mPOST[39m [37m/wd/hub/session/5bedd6b4-8619-4d99-b8d6-ed07c0963a83/timeouts[39m
[35m[HTTP][39m [90m{"implicit":30000}[39m
[35m[HTTP][39m [37m<-- POST /wd/hub/session/5bedd6b4-8619-4d99-b8d6-ed07c0963a83/timeouts [39m[32m200[39m [90m1 ms - 14[39m
[35m[HTTP][39m [90m[39m
[35m[HTTP][39m [37m-->[39m [37mPOST[39m [37m/wd/hub/session/5bedd6b4-8619-4d99-b8d6-ed07c0963a83/touch/perform[39m
[35m[HTTP][39m [90m{"actions":[{"action":"tap","options":{"x":1,"y":1,"element":"00000000-0000-05d7-ffff-ffff0000373a"}},{"action":"release","options":{}}]}[39m
[35m[UiAutomator2][39m calling get location: 00000000-0000-05d7-ffff-ffff0000373a
[35m[HTTP][39m [37m<-- POST /wd/hub/session/5bedd6b4-8619-4d99-b8d6-ed07c0963a83/touch/perform [39m[32m200[39m [90m315 ms - 14[39m
[35m[HTTP][39m [90m[39m
[35m[HTTP][39m [37m-->[39m [37mGET[39m [37m/wd/hub/session/5bedd6b4-8619-4d99-b8d6-ed07c0963a83/context[39m
[35m[HTTP][39m [90m{}[39m
[35m[HTTP][39m [37m<-- GET /wd/hub/session/5bedd6b4-8619-4d99-b8d6-ed07c0963a83/context [39m[32m200[39m [90m1 ms - 22[39m
[35m[HTTP][39m [90m[39m
[35m[HTTP][39m [37m-->[39m [37mGET[39m [37m/wd/hub/session/5bedd6b4-8619-4d99-b8d6-ed07c0963a83/contexts[39m
[35m[HTTP][39m [90m{}[39m
[35m[HTTP][39m [37m<-- GET /wd/hub/session/5bedd6b4-8619-4d99-b8d6-ed07c0963a83/contexts [39m[32m200[39m [90m84 ms - 24[39m
[35m[HTTP][39m [90m[39m
[35m[HTTP][39m [37m-->[39m [37mPOST[39m [37m/wd/hub/session/5bedd6b4-8619-4d99-b8d6-ed07c0963a83/context[39m
[35m[HTTP][39m [90m{"name":"NATIVE_APP"}[39m
[35m[HTTP][39m [37m<-- POST /wd/hub/session/5bedd6b4-8619-4d99-b8d6-ed07c0963a83/context [39m[32m200[39m [90m1 ms - 14[39m
[35m[HTTP][39m [90m[39m
[35m[HTTP][39m [37m-->[39m [37mGET[39m [37m/wd/hub/session/5bedd6b4-8619-4d99-b8d6-ed07c0963a83/window/rect[39m
[35m[HTTP][39m [90m{}[39m
[35m[HTTP][39m [37m<-- GET /wd/hub/session/5bedd6b4-8619-4d99-b8d6-ed07c0963a83/window/rect [39m[32m200[39m [90m36 ms - 50[39m
[35m[HTTP][39m [90m[39m
[35m[HTTP][39m [37m-->[39m [37mPOST[39m [37m/wd/hub/session/5bedd6b4-8619-4d99-b8d6-ed07c0963a83/execute/sync[39m
[35m[HTTP][39m [90m{"script":"mobile: viewportScreenshot","args":[]}[39m
[35m[AndroidDriver][39m Executing native command 'mobile: viewportScreenshot'
[35m[HTTP][39m [37m<-- POST /wd/hub/session/5bedd6b4-8619-4d99-b8d6-ed07c0963a83/execute/sync [39m[32m200[39m [90m1271 ms - 142572[39m
[35m[HTTP][39m [90m[39m
[35m[HTTP][39m [37m-->[39m [37mPOST[39m [37m/wd/hub/session/5bedd6b4-8619-4d99-b8d6-ed07c0963a83/context[39m
[35m[HTTP][39m [90m{"name":"NATIVE_APP"}[39m
[35m[HTTP][39m [37m<-- POST /wd/hub/session/5bedd6b4-8619-4d99-b8d6-ed07c0963a83/context [39m[32m200[39m [90m1 ms - 14[39m
[35m[HTTP][39m [90m[39m
[35m[HTTP][39m [37m-->[39m [37mPOST[39m [37m/wd/hub/session/5bedd6b4-8619-4d99-b8d6-ed07c0963a83/timeouts[39m
[35m[HTTP][39m [90m{"implicit":50}[39m
[35m[HTTP][39m [37m<-- POST /wd/hub/session/5bedd6b4-8619-4d99-b8d6-ed07c0963a83/timeouts [39m[32m200[39m [90m1 ms - 14[39m
[35m[HTTP][39m [90m[39m
[35m[HTTP][39m [37m-->[39m [37mGET[39m [37m/wd/hub/session/5bedd6b4-8619-4d99-b8d6-ed07c0963a83/window/rect[39m
[35m[HTTP][39m [90m{}[39m
[35m[HTTP][39m [37m<-- GET /wd/hub/session/5bedd6b4-8619-4d99-b8d6-ed07c0963a83/window/rect [39m[32m200[39m [90m46 ms - 50[39m
[35m[HTTP][39m [90m[39m
[35m[HTTP][39m [37m-->[39m [37mPOST[39m [37m/wd/hub/session/5bedd6b4-8619-4d99-b8d6-ed07c0963a83/elements[39m
[35m[HTTP][39m [90m{"using":"xpath","value":"//*[@class = 'android.widget.Button' and (@text = 'Kembali' or . = 'Kembali') and @resource-id = 'com.vq.mbrochuregp.client.android:id/btn_asuransi_save_back']"}[39m
[35m[HTTP][39m [37m<-- POST /wd/hub/session/5bedd6b4-8619-4d99-b8d6-ed07c0963a83/elements [39m[32m200[39m [90m173 ms - 139[39m
[35m[HTTP][39m [90m[39m
[35m[HTTP][39m [37m-->[39m [37mGET[39m [37m/wd/hub/session/5bedd6b4-8619-4d99-b8d6-ed07c0963a83/element/00000000-0000-05d8-ffff-ffff0000374f/location[39m
[35m[HTTP][39m [90m{}[39m
[35m[W3C (5bedd6b4)][39m Driver proxy active, passing request on via HTTP proxy
[35m[WD Proxy][39m Replacing sessionId 989838a7-64ed-44d6-852d-08724b1a219d with 5bedd6b4-8619-4d99-b8d6-ed07c0963a83
[35m[HTTP][39m [37m<-- GET /wd/hub/session/5bedd6b4-8619-4d99-b8d6-ed07c0963a83/element/00000000-0000-05d8-ffff-ffff0000374f/location [39m[32m200[39m [90m36 ms - 79[39m
[35m[HTTP][39m [90m[39m
[35m[HTTP][39m [37m-->[39m [37mPOST[39m [37m/wd/hub/session/5bedd6b4-8619-4d99-b8d6-ed07c0963a83/timeouts[39m
[35m[HTTP][39m [90m{"implicit":30000}[39m
[35m[HTTP][39m [37m<-- POST /wd/hub/session/5bedd6b4-8619-4d99-b8d6-ed07c0963a83/timeouts [39m[32m200[39m [90m1 ms - 14[39m
[35m[HTTP][39m [90m[39m
[35m[HTTP][39m [37m-->[39m [37mPOST[39m [37m/wd/hub/session/5bedd6b4-8619-4d99-b8d6-ed07c0963a83/touch/perform[39m
[35m[HTTP][39m [90m{"actions":[{"action":"tap","options":{"x":1,"y":1,"element":"00000000-0000-05d8-ffff-ffff0000374f"}},{"action":"release","options":{}}]}[39m
[35m[UiAutomator2][39m calling get location: 00000000-0000-05d8-ffff-ffff0000374f
[35m[HTTP][39m [37m<-- POST /wd/hub/session/5bedd6b4-8619-4d99-b8d6-ed07c0963a83/touch/perform [39m[32m200[39m [90m278 ms - 14[39m
[35m[HTTP][39m [90m[39m
[35m[HTTP][39m [37m-->[39m [37mGET[39m [37m/wd/hub/session/5bedd6b4-8619-4d99-b8d6-ed07c0963a83/context[39m
[35m[HTTP][39m [90m{}[39m
[35m[HTTP][39m [37m<-- GET /wd/hub/session/5bedd6b4-8619-4d99-b8d6-ed07c0963a83/context [39m[32m200[39m [90m2 ms - 22[39m
[35m[HTTP][39m [90m[39m
[35m[HTTP][39m [37m-->[39m [37mGET[39m [37m/wd/hub/session/5bedd6b4-8619-4d99-b8d6-ed07c0963a83/contexts[39m
[35m[HTTP][39m [90m{}[39m
[35m[HTTP][39m [37m<-- GET /wd/hub/session/5bedd6b4-8619-4d99-b8d6-ed07c0963a83/contexts [39m[32m200[39m [90m115 ms - 24[39m
[35m[HTTP][39m [90m[39m
[35m[HTTP][39m [37m-->[39m [37mPOST[39m [37m/wd/hub/session/5bedd6b4-8619-4d99-b8d6-ed07c0963a83/context[39m
[35m[HTTP][39m [90m{"name":"NATIVE_APP"}[39m
[35m[HTTP][39m [37m<-- POST /wd/hub/session/5bedd6b4-8619-4d99-b8d6-ed07c0963a83/context [39m[32m200[39m [90m1 ms - 14[39m
[35m[HTTP][39m [90m[39m
[35m[HTTP][39m [37m-->[39m [37mPOST[39m [37m/wd/hub/session/5bedd6b4-8619-4d99-b8d6-ed07c0963a83/appium/device/press_keycode[39m
[35m[HTTP][39m [90m{"keycode":4}[39m
[35m[HTTP][39m [37m<-- POST /wd/hub/session/5bedd6b4-8619-4d99-b8d6-ed07c0963a83/appium/device/press_keycode [39m[32m200[39m [90m1260 ms - 14[39m
[35m[HTTP][39m [90m[39m
[35m[HTTP][39m [37m-->[39m [37mPOST[39m [37m/wd/hub/session/5bedd6b4-8619-4d99-b8d6-ed07c0963a83/context[39m
[35m[HTTP][39m [90m{"name":"NATIVE_APP"}[39m
[35m[HTTP][39m [37m<-- POST /wd/hub/session/5bedd6b4-8619-4d99-b8d6-ed07c0963a83/context [39m[32m200[39m [90m1 ms - 14[39m
[35m[HTTP][39m [90m[39m
[35m[HTTP][39m [37m-->[39m [37mGET[39m [37m/wd/hub/session/5bedd6b4-8619-4d99-b8d6-ed07c0963a83/context[39m
[35m[HTTP][39m [90m{}[39m
[35m[HTTP][39m [37m<-- GET /wd/hub/session/5bedd6b4-8619-4d99-b8d6-ed07c0963a83/context [39m[32m200[39m [90m1 ms - 22[39m
[35m[HTTP][39m [90m[39m
[35m[HTTP][39m [37m-->[39m [37mGET[39m [37m/wd/hub/session/5bedd6b4-8619-4d99-b8d6-ed07c0963a83/contexts[39m
[35m[HTTP][39m [90m{}[39m
[35m[HTTP][39m [37m<-- GET /wd/hub/session/5bedd6b4-8619-4d99-b8d6-ed07c0963a83/contexts [39m[32m200[39m [90m78 ms - 24[39m
[35m[HTTP][39m [90m[39m
[35m[HTTP][39m [37m-->[39m [37mPOST[39m [37m/wd/hub/session/5bedd6b4-8619-4d99-b8d6-ed07c0963a83/context[39m
[35m[HTTP][39m [90m{"name":"NATIVE_APP"}[39m
[35m[HTTP][39m [37m<-- POST /wd/hub/session/5bedd6b4-8619-4d99-b8d6-ed07c0963a83/context [39m[32m200[39m [90m1 ms - 14[39m
[35m[HTTP][39m [90m[39m
[35m[HTTP][39m [37m-->[39m [37mPOST[39m [37m/wd/hub/session/5bedd6b4-8619-4d99-b8d6-ed07c0963a83/appium/device/press_keycode[39m
[35m[HTTP][39m [90m{"keycode":4}[39m
[35m[HTTP][39m [37m<-- POST /wd/hub/session/5bedd6b4-8619-4d99-b8d6-ed07c0963a83/appium/device/press_keycode [39m[32m200[39m [90m1678 ms - 14[39m
[35m[HTTP][39m [90m[39m
[35m[HTTP][39m [37m-->[39m [37mPOST[39m [37m/wd/hub/session/5bedd6b4-8619-4d99-b8d6-ed07c0963a83/context[39m
[35m[HTTP][39m [90m{"name":"NATIVE_APP"}[39m
[35m[HTTP][39m [37m<-- POST /wd/hub/session/5bedd6b4-8619-4d99-b8d6-ed07c0963a83/context [39m[32m200[39m [90m1 ms - 14[39m
[35m[HTTP][39m [90m[39m
[35m[HTTP][39m [37m-->[39m [37mGET[39m [37m/wd/hub/session/5bedd6b4-8619-4d99-b8d6-ed07c0963a83/window/rect[39m
[35m[HTTP][39m [90m{}[39m
[35m[HTTP][39m [37m<-- GET /wd/hub/session/5bedd6b4-8619-4d99-b8d6-ed07c0963a83/window/rect [39m[32m200[39m [90m16 ms - 50[39m
[35m[HTTP][39m [90m[39m
[35m[HTTP][39m [37m-->[39m [37mPOST[39m [37m/wd/hub/session/5bedd6b4-8619-4d99-b8d6-ed07c0963a83/elements[39m
[35m[HTTP][39m [90m{"using":"xpath","value":"//*[@resource-id = 'com.vq.mbrochuregp.client.android:id/iv_home_profil_icon' and @package = 'com.vq.mbrochuregp.client.android']"}[39m
[35m[HTTP][39m [37m<-- POST /wd/hub/session/5bedd6b4-8619-4d99-b8d6-ed07c0963a83/elements [39m[32m200[39m [90m532 ms - 139[39m
[35m[HTTP][39m [90m[39m
[35m[HTTP][39m [37m-->[39m [37mGET[39m [37m/wd/hub/session/5bedd6b4-8619-4d99-b8d6-ed07c0963a83/element/00000000-0000-05dd-ffff-ffff000037f6/location[39m
[35m[HTTP][39m [90m{}[39m
[35m[W3C (5bedd6b4)][39m Driver proxy active, passing request on via HTTP proxy
[35m[WD Proxy][39m Replacing sessionId 989838a7-64ed-44d6-852d-08724b1a219d with 5bedd6b4-8619-4d99-b8d6-ed07c0963a83
[35m[HTTP][39m [37m<-- GET /wd/hub/session/5bedd6b4-8619-4d99-b8d6-ed07c0963a83/element/00000000-0000-05dd-ffff-ffff000037f6/location [39m[32m200[39m [90m707 ms - 79[39m
[35m[HTTP][39m [90m[39m
[35m[HTTP][39m [37m-->[39m [37mDELETE[39m [37m/wd/hub/session/5bedd6b4-8619-4d99-b8d6-ed07c0963a83[39m
[35m[HTTP][39m [90m{}[39m
[35m[Appium][39m Removing session 5bedd6b4-8619-4d99-b8d6-ed07c0963a83 from our master session list
[35m[UiAutomator2][39m Restoring hidden api policy to the device default configuration
[35m[HTTP][39m [37m<-- DELETE /wd/hub/session/5bedd6b4-8619-4d99-b8d6-ed07c0963a83 [39m[32m200[39m [90m435 ms - 14[39m
[35m[HTTP][39m [90m[39m
