[35m[Appium][39m Welcome to Appium v1.22.2
[35m[Appium][39m Non-default server args:
[35m[Appium][39m   port: 59749
[35m[Appium][39m   loglevel: info
[35m[Appium][39m   tmpDir: C:\Users\NIAYUS~1\AppData\Local\Temp\\Katalon\Appium\Temp1655345645791
[35m[Appium][39m   chromedriverPort: 59750
[35m[Appium][39m Deprecated server args:
[35m[Appium][39m   [31m--chromedriver-port[39m => --default-capabilities
[35m[Appium][39m Default capabilities, which will be added to each request unless overridden by desired capabilities:
[35m[Appium][39m   chromedriverPort: 59750
[35m[Appium][39m Appium REST http interface listener started on 0.0.0.0:59749
[35m[HTTP][39m [37m-->[39m [37mGET[39m [37m/wd/hub/status[39m
[35m[HTTP][39m [90m{}[39m
[35m[HTTP][39m [37m<-- GET /wd/hub/status [39m[32m200[39m [90m15 ms - 68[39m
[35m[HTTP][39m [90m[39m
[35m[HTTP][39m [37m-->[39m [37mPOST[39m [37m/wd/hub/session[39m
[35m[HTTP][39m [90m{"desiredCapabilities":{"appActivity":".Settings","appPackage":"com.android.settings","newCommandTimeout":1800,"platformVersion":"11","automationName":"uiautomator2","autoGrantPermissions":true,"platformName":"Android","udid":"RR8N605F11Y","deviceName":"samsung SM-M315F (Android 11)","platform":"ANDROID","systemPort":8249},"capabilities":{"firstMatch":[{"appium:appActivity":".Settings","appium:appPackage":"com.android.settings","appium:autoGrantPermissions":true,"appium:automationName":"uiautomator2","appium:deviceName":"samsung SM-M315F (Android 11)","appium:newCommandTimeout":1800,"platform":"ANDROID","platformName":"android","appium:platformVersion":"11","appium:systemPort":8249,"appium:udid":"RR8N605F11Y"}]}}[39m
[35m[BaseDriver][39m The following capabilities are not standard capabilities and should have an extension prefix:
[35m[BaseDriver][39m   platform
[35m[BaseDriver][39m   chromedriverPort
[35m[Appium][39m Appium v1.22.2 creating new AndroidUiautomator2Driver (v1.70.1) session
[35m[BaseDriver][39m The following capabilities were provided, but are not recognized by Appium:
[35m[BaseDriver][39m   platform
[35m[BaseDriver][39m Session created with session id: d211f965-07ef-407c-8ad6-ae771b8448b1
[35m[UiAutomator2][39m Starting 'com.android.settings' directly on the device
[35m[ADB][39m Cannot sort build-tools folders ["29.0.3","android-8.1.0"] by semantic version names.
[35m[ADB][39m Falling back to sorting by modification date. Original error: Invalid Version: android-8.1.0
[35m[ADB][39m Found 2 'build-tools' folders under 'C:\Users\Nia Yusniati\.katalon\tools\android_sdk' (newest first):
[35m[ADB][39m     C:/Users/Nia Yusniati/.katalon/tools/android_sdk/build-tools/29.0.3
[35m[ADB][39m     C:/Users/Nia Yusniati/.katalon/tools/android_sdk/build-tools/android-8.1.0
[35m[ADB][39m Using 'adb.exe' from 'C:\Users\Nia Yusniati\.katalon\tools\android_sdk\platform-tools\adb.exe'
[35m[AndroidDriver][39m Retrieving device list
[35m[AndroidDriver][39m Using device: RR8N605F11Y
[35m[ADB][39m Using 'adb.exe' from 'C:\Users\Nia Yusniati\.katalon\tools\android_sdk\platform-tools\adb.exe'
[35m[ADB][39m Getting device platform version
[35m[UiAutomator2][39m Relaxing hidden api policy
[35m[AndroidDriver][39m No app sent in, not parsing package/activity
[35m[ADB][39m Using 'apksigner.jar' from 'C:\Users\Nia Yusniati\.katalon\tools\android_sdk\build-tools\29.0.3\lib\apksigner.jar'
[35m[ADB][39m 'C:\Users\Nia Yusniati\AppData\Roaming\npm\node_modules\appium\node_modules\appium-uiautomator2-server\apks\appium-uiautomator2-server-v4.27.0.apk' is signed with the default certificate
[35m[ADB][39m 'C:\Users\Nia Yusniati\AppData\Roaming\npm\node_modules\appium\node_modules\appium-uiautomator2-server\apks\appium-uiautomator2-server-debug-androidTest.apk' is signed with the default certificate
[35m[UiAutomator2][39m Server packages are not going to be (re)installed
[35m[ADB][39m Adding packages ["io.appium.settings","io.appium.uiautomator2.server","io.appium.uiautomator2.server.test"] to Doze whitelist
[35m[UiAutomator2][39m Starting UIAutomator2 server 4.27.0
[35m[UiAutomator2][39m Using UIAutomator2 server from 'C:\Users\Nia Yusniati\AppData\Roaming\npm\node_modules\appium\node_modules\appium-uiautomator2-server\apks\appium-uiautomator2-server-v4.27.0.apk' and test from 'C:\Users\Nia Yusniati\AppData\Roaming\npm\node_modules\appium\node_modules\appium-uiautomator2-server\apks\appium-uiautomator2-server-debug-androidTest.apk'
[35m[UiAutomator2][39m Waiting up to 30000ms for UiAutomator2 to be online...
[35m[WD Proxy][39m socket hang up
[35m[WD Proxy][39m socket hang up
[35m[WD Proxy][39m socket hang up
[35m[WD Proxy][39m Determined the downstream protocol as 'W3C'
[35m[AndroidDriver][39m Screen already unlocked, doing nothing
[35m[UiAutomator2][39m Starting 'com.android.settings/.Settings and waiting for 'com.android.settings/.Settings'
[35m[Appium][39m New AndroidUiautomator2Driver session created successfully, session d211f965-07ef-407c-8ad6-ae771b8448b1 added to master session list
[35m[HTTP][39m [37m<-- POST /wd/hub/session [39m[32m200[39m [90m10650 ms - 1158[39m
[35m[HTTP][39m [90m[39m
[35m[HTTP][39m [37m-->[39m [37mGET[39m [37m/wd/hub/session/d211f965-07ef-407c-8ad6-ae771b8448b1[39m
[35m[HTTP][39m [90m{}[39m
[35m[HTTP][39m [37m<-- GET /wd/hub/session/d211f965-07ef-407c-8ad6-ae771b8448b1 [39m[32m200[39m [90m12 ms - 1112[39m
[35m[HTTP][39m [90m[39m
[35m[HTTP][39m [37m-->[39m [37mGET[39m [37m/wd/hub/session/d211f965-07ef-407c-8ad6-ae771b8448b1[39m
[35m[HTTP][39m [90m{}[39m
[35m[HTTP][39m [37m<-- GET /wd/hub/session/d211f965-07ef-407c-8ad6-ae771b8448b1 [39m[32m200[39m [90m15 ms - 1112[39m
[35m[HTTP][39m [90m[39m
[35m[HTTP][39m [37m-->[39m [37mGET[39m [37m/wd/hub/status[39m
[35m[HTTP][39m [90m{}[39m
[35m[HTTP][39m [37m<-- GET /wd/hub/status [39m[32m200[39m [90m1 ms - 68[39m
[35m[HTTP][39m [90m[39m
[35m[HTTP][39m [37m-->[39m [37mPOST[39m [37m/wd/hub/session/d211f965-07ef-407c-8ad6-ae771b8448b1/timeouts[39m
[35m[HTTP][39m [90m{"implicit":30000}[39m
[35m[HTTP][39m [37m<-- POST /wd/hub/session/d211f965-07ef-407c-8ad6-ae771b8448b1/timeouts [39m[32m200[39m [90m3 ms - 14[39m
[35m[HTTP][39m [90m[39m
[35m[HTTP][39m [37m-->[39m [37mGET[39m [37m/wd/hub/session/d211f965-07ef-407c-8ad6-ae771b8448b1/screenshot[39m
[35m[HTTP][39m [90m{}[39m
[35m[HTTP][39m [37m<-- GET /wd/hub/session/d211f965-07ef-407c-8ad6-ae771b8448b1/screenshot [39m[32m200[39m [90m596 ms - 216882[39m
[35m[HTTP][39m [90m[39m
[35m[HTTP][39m [37m-->[39m [37mGET[39m [37m/wd/hub/session/d211f965-07ef-407c-8ad6-ae771b8448b1/window/rect[39m
[35m[HTTP][39m [90m{}[39m
[35m[HTTP][39m [37m<-- GET /wd/hub/session/d211f965-07ef-407c-8ad6-ae771b8448b1/window/rect [39m[32m200[39m [90m23 ms - 50[39m
[35m[HTTP][39m [90m[39m
[35m[HTTP][39m [37m-->[39m [37mGET[39m [37m/wd/hub/session/d211f965-07ef-407c-8ad6-ae771b8448b1/appium/device/system_bars[39m
[35m[HTTP][39m [90m{}[39m
[35m[HTTP][39m [37m<-- GET /wd/hub/session/d211f965-07ef-407c-8ad6-ae771b8448b1/appium/device/system_bars [39m[32m200[39m [90m140 ms - 148[39m
[35m[HTTP][39m [90m[39m
[35m[HTTP][39m [37m-->[39m [37mPOST[39m [37m/wd/hub/session/d211f965-07ef-407c-8ad6-ae771b8448b1/appium/device/activate_app[39m
[35m[HTTP][39m [90m{"bundleId":"com.vq.mbrochuregp.client.android"}[39m
[35m[HTTP][39m [37m<-- POST /wd/hub/session/d211f965-07ef-407c-8ad6-ae771b8448b1/appium/device/activate_app [39m[32m200[39m [90m594 ms - 14[39m
[35m[HTTP][39m [90m[39m
[35m[HTTP][39m [37m-->[39m [37mGET[39m [37m/wd/hub/session/d211f965-07ef-407c-8ad6-ae771b8448b1/window/rect[39m
[35m[HTTP][39m [90m{}[39m
[35m[HTTP][39m [37m<-- GET /wd/hub/session/d211f965-07ef-407c-8ad6-ae771b8448b1/window/rect [39m[32m200[39m [90m13 ms - 50[39m
[35m[HTTP][39m [90m[39m
[35m[HTTP][39m [37m-->[39m [37mPOST[39m [37m/wd/hub/session/d211f965-07ef-407c-8ad6-ae771b8448b1/elements[39m
[35m[HTTP][39m [90m{"using":"xpath","value":"//*[@resource-id = 'com.vq.mbrochuregp.client.android:id/iv_home_profil_icon' and @package = 'com.vq.mbrochuregp.client.android']"}[39m
[35m[HTTP][39m [37m<-- POST /wd/hub/session/d211f965-07ef-407c-8ad6-ae771b8448b1/elements [39m[32m200[39m [90m458 ms - 139[39m
[35m[HTTP][39m [90m[39m
[35m[HTTP][39m [37m-->[39m [37mGET[39m [37m/wd/hub/session/d211f965-07ef-407c-8ad6-ae771b8448b1/element/00000000-0000-0494-ffff-ffff00000fc6/location[39m
[35m[HTTP][39m [90m{}[39m
[35m[W3C (d211f965)][39m Driver proxy active, passing request on via HTTP proxy
[35m[WD Proxy][39m Replacing sessionId 839cd85a-30fa-4d49-8aba-06c63da9e890 with d211f965-07ef-407c-8ad6-ae771b8448b1
[35m[HTTP][39m [37m<-- GET /wd/hub/session/d211f965-07ef-407c-8ad6-ae771b8448b1/element/00000000-0000-0494-ffff-ffff00000fc6/location [39m[32m200[39m [90m21 ms - 79[39m
[35m[HTTP][39m [90m[39m
[35m[HTTP][39m [37m-->[39m [37mPOST[39m [37m/wd/hub/session/d211f965-07ef-407c-8ad6-ae771b8448b1/element/00000000-0000-0494-ffff-ffff00000fc6/click[39m
[35m[HTTP][39m [90m{"id":"00000000-0000-0494-ffff-ffff00000fc6"}[39m
[35m[HTTP][39m [37m<-- POST /wd/hub/session/d211f965-07ef-407c-8ad6-ae771b8448b1/element/00000000-0000-0494-ffff-ffff00000fc6/click [39m[32m200[39m [90m56 ms - 14[39m
[35m[HTTP][39m [90m[39m
[35m[HTTP][39m [37m-->[39m [37mPOST[39m [37m/wd/hub/session/d211f965-07ef-407c-8ad6-ae771b8448b1/timeouts[39m
[35m[HTTP][39m [90m{"implicit":50}[39m
[35m[HTTP][39m [37m<-- POST /wd/hub/session/d211f965-07ef-407c-8ad6-ae771b8448b1/timeouts [39m[32m200[39m [90m3 ms - 14[39m
[35m[HTTP][39m [90m[39m
[35m[HTTP][39m [37m-->[39m [37mGET[39m [37m/wd/hub/session/d211f965-07ef-407c-8ad6-ae771b8448b1/window/rect[39m
[35m[HTTP][39m [90m{}[39m
[35m[HTTP][39m [37m<-- GET /wd/hub/session/d211f965-07ef-407c-8ad6-ae771b8448b1/window/rect [39m[32m200[39m [90m16 ms - 50[39m
[35m[HTTP][39m [90m[39m
[35m[HTTP][39m [37m-->[39m [37mPOST[39m [37m/wd/hub/session/d211f965-07ef-407c-8ad6-ae771b8448b1/elements[39m
[35m[HTTP][39m [90m{"using":"xpath","value":"//hierarchy/android.widget.FrameLayout[1]/android.widget.LinearLayout[1]/android.widget.FrameLayout[1]/android.widget.LinearLayout[1]/android.widget.FrameLayout[1]/android.view.ViewGroup[1]/android.widget.ScrollView[1]/android.widget.LinearLayout[1]/android.view.ViewGroup[1]/android.widget.LinearLayout[1]/android.widget.FrameLayout[1]/android.widget.EditText[1]"}[39m
[35m[HTTP][39m [37m<-- POST /wd/hub/session/d211f965-07ef-407c-8ad6-ae771b8448b1/elements [39m[32m200[39m [90m76 ms - 139[39m
[35m[HTTP][39m [90m[39m
[35m[HTTP][39m [37m-->[39m [37mGET[39m [37m/wd/hub/session/d211f965-07ef-407c-8ad6-ae771b8448b1/element/00000000-0000-04b2-ffff-ffff0000103b/location[39m
[35m[HTTP][39m [90m{}[39m
[35m[W3C (d211f965)][39m Driver proxy active, passing request on via HTTP proxy
[35m[WD Proxy][39m Replacing sessionId 839cd85a-30fa-4d49-8aba-06c63da9e890 with d211f965-07ef-407c-8ad6-ae771b8448b1
[35m[HTTP][39m [37m<-- GET /wd/hub/session/d211f965-07ef-407c-8ad6-ae771b8448b1/element/00000000-0000-04b2-ffff-ffff0000103b/location [39m[32m200[39m [90m23 ms - 77[39m
[35m[HTTP][39m [90m[39m
[35m[HTTP][39m [37m-->[39m [37mPOST[39m [37m/wd/hub/session/d211f965-07ef-407c-8ad6-ae771b8448b1/timeouts[39m
[35m[HTTP][39m [90m{"implicit":30000}[39m
[35m[HTTP][39m [37m<-- POST /wd/hub/session/d211f965-07ef-407c-8ad6-ae771b8448b1/timeouts [39m[32m200[39m [90m3 ms - 14[39m
[35m[HTTP][39m [90m[39m
[35m[HTTP][39m [37m-->[39m [37mPOST[39m [37m/wd/hub/session/d211f965-07ef-407c-8ad6-ae771b8448b1/element/00000000-0000-04b2-ffff-ffff0000103b/clear[39m
[35m[HTTP][39m [90m{"id":"00000000-0000-04b2-ffff-ffff0000103b"}[39m
[35m[HTTP][39m [37m<-- POST /wd/hub/session/d211f965-07ef-407c-8ad6-ae771b8448b1/element/00000000-0000-04b2-ffff-ffff0000103b/clear [39m[32m200[39m [90m63 ms - 14[39m
[35m[HTTP][39m [90m[39m
[35m[HTTP][39m [37m-->[39m [37mPOST[39m [37m/wd/hub/session/d211f965-07ef-407c-8ad6-ae771b8448b1/element/00000000-0000-04b2-ffff-ffff0000103b/value[39m
[35m[HTTP][39m [90m{"id":"00000000-0000-04b2-ffff-ffff0000103b","text":"ending@mailinator.com","value":["e","n","d","i","n","g","@","m","a","i","l","i","n","a","t","o","r",".","c","o","m"]}[39m
[35m[HTTP][39m [37m<-- POST /wd/hub/session/d211f965-07ef-407c-8ad6-ae771b8448b1/element/00000000-0000-04b2-ffff-ffff0000103b/value [39m[32m200[39m [90m1022 ms - 14[39m
[35m[HTTP][39m [90m[39m
[35m[HTTP][39m [37m-->[39m [37mPOST[39m [37m/wd/hub/session/d211f965-07ef-407c-8ad6-ae771b8448b1/timeouts[39m
[35m[HTTP][39m [90m{"implicit":50}[39m
[35m[HTTP][39m [37m<-- POST /wd/hub/session/d211f965-07ef-407c-8ad6-ae771b8448b1/timeouts [39m[32m200[39m [90m3 ms - 14[39m
[35m[HTTP][39m [90m[39m
[35m[HTTP][39m [37m-->[39m [37mGET[39m [37m/wd/hub/session/d211f965-07ef-407c-8ad6-ae771b8448b1/window/rect[39m
[35m[HTTP][39m [90m{}[39m
[35m[HTTP][39m [37m<-- GET /wd/hub/session/d211f965-07ef-407c-8ad6-ae771b8448b1/window/rect [39m[32m200[39m [90m27 ms - 50[39m
[35m[HTTP][39m [90m[39m
[35m[HTTP][39m [37m-->[39m [37mPOST[39m [37m/wd/hub/session/d211f965-07ef-407c-8ad6-ae771b8448b1/elements[39m
[35m[HTTP][39m [90m{"using":"xpath","value":"//hierarchy/android.widget.FrameLayout[1]/android.widget.LinearLayout[1]/android.widget.FrameLayout[1]/android.widget.LinearLayout[1]/android.widget.FrameLayout[1]/android.view.ViewGroup[1]/android.widget.ScrollView[1]/android.widget.LinearLayout[1]/android.view.ViewGroup[1]/android.widget.LinearLayout[2]/android.widget.FrameLayout[1]/android.widget.EditText[1]"}[39m
[35m[HTTP][39m [37m<-- POST /wd/hub/session/d211f965-07ef-407c-8ad6-ae771b8448b1/elements [39m[32m200[39m [90m385 ms - 139[39m
[35m[HTTP][39m [90m[39m
[35m[HTTP][39m [37m-->[39m [37mGET[39m [37m/wd/hub/session/d211f965-07ef-407c-8ad6-ae771b8448b1/element/00000000-0000-04b2-ffff-ffff0000103f/location[39m
[35m[HTTP][39m [90m{}[39m
[35m[W3C (d211f965)][39m Driver proxy active, passing request on via HTTP proxy
[35m[WD Proxy][39m Replacing sessionId 839cd85a-30fa-4d49-8aba-06c63da9e890 with d211f965-07ef-407c-8ad6-ae771b8448b1
[35m[HTTP][39m [37m<-- GET /wd/hub/session/d211f965-07ef-407c-8ad6-ae771b8448b1/element/00000000-0000-04b2-ffff-ffff0000103f/location [39m[32m200[39m [90m33 ms - 78[39m
[35m[HTTP][39m [90m[39m
[35m[HTTP][39m [37m-->[39m [37mPOST[39m [37m/wd/hub/session/d211f965-07ef-407c-8ad6-ae771b8448b1/timeouts[39m
[35m[HTTP][39m [90m{"implicit":30000}[39m
[35m[HTTP][39m [37m<-- POST /wd/hub/session/d211f965-07ef-407c-8ad6-ae771b8448b1/timeouts [39m[32m200[39m [90m3 ms - 14[39m
[35m[HTTP][39m [90m[39m
[35m[HTTP][39m [37m-->[39m [37mPOST[39m [37m/wd/hub/session/d211f965-07ef-407c-8ad6-ae771b8448b1/element/00000000-0000-04b2-ffff-ffff0000103f/clear[39m
[35m[HTTP][39m [90m{"id":"00000000-0000-04b2-ffff-ffff0000103f"}[39m
[35m[HTTP][39m [37m<-- POST /wd/hub/session/d211f965-07ef-407c-8ad6-ae771b8448b1/element/00000000-0000-04b2-ffff-ffff0000103f/clear [39m[32m200[39m [90m34 ms - 14[39m
[35m[HTTP][39m [90m[39m
[35m[HTTP][39m [37m-->[39m [37mPOST[39m [37m/wd/hub/session/d211f965-07ef-407c-8ad6-ae771b8448b1/element/00000000-0000-04b2-ffff-ffff0000103f/value[39m
[35m[HTTP][39m [90m{"id":"00000000-0000-04b2-ffff-ffff0000103f","text":"123abc","value":["1","2","3","a","b","c"]}[39m
[35m[HTTP][39m [37m<-- POST /wd/hub/session/d211f965-07ef-407c-8ad6-ae771b8448b1/element/00000000-0000-04b2-ffff-ffff0000103f/value [39m[32m200[39m [90m1008 ms - 14[39m
[35m[HTTP][39m [90m[39m
[35m[HTTP][39m [37m-->[39m [37mGET[39m [37m/wd/hub/session/d211f965-07ef-407c-8ad6-ae771b8448b1/context[39m
[35m[HTTP][39m [90m{}[39m
[35m[HTTP][39m [37m<-- GET /wd/hub/session/d211f965-07ef-407c-8ad6-ae771b8448b1/context [39m[32m200[39m [90m2 ms - 22[39m
[35m[HTTP][39m [90m[39m
[35m[HTTP][39m [37m-->[39m [37mGET[39m [37m/wd/hub/session/d211f965-07ef-407c-8ad6-ae771b8448b1/contexts[39m
[35m[HTTP][39m [90m{}[39m
[35m[HTTP][39m [37m<-- GET /wd/hub/session/d211f965-07ef-407c-8ad6-ae771b8448b1/contexts [39m[32m200[39m [90m96 ms - 24[39m
[35m[HTTP][39m [90m[39m
[35m[HTTP][39m [37m-->[39m [37mPOST[39m [37m/wd/hub/session/d211f965-07ef-407c-8ad6-ae771b8448b1/context[39m
[35m[HTTP][39m [90m{"name":"NATIVE_APP"}[39m
[35m[HTTP][39m [37m<-- POST /wd/hub/session/d211f965-07ef-407c-8ad6-ae771b8448b1/context [39m[32m200[39m [90m3 ms - 14[39m
[35m[HTTP][39m [90m[39m
[35m[HTTP][39m [37m-->[39m [37mGET[39m [37m/wd/hub/session/d211f965-07ef-407c-8ad6-ae771b8448b1/window/rect[39m
[35m[HTTP][39m [90m{}[39m
[35m[HTTP][39m [37m<-- GET /wd/hub/session/d211f965-07ef-407c-8ad6-ae771b8448b1/window/rect [39m[32m200[39m [90m30 ms - 50[39m
[35m[HTTP][39m [90m[39m
[35m[HTTP][39m [37m-->[39m [37mPOST[39m [37m/wd/hub/session/d211f965-07ef-407c-8ad6-ae771b8448b1/execute/sync[39m
[35m[HTTP][39m [90m{"script":"mobile: viewportScreenshot","args":[]}[39m
[35m[AndroidDriver][39m Executing native command 'mobile: viewportScreenshot'
[35m[HTTP][39m [37m<-- POST /wd/hub/session/d211f965-07ef-407c-8ad6-ae771b8448b1/execute/sync [39m[32m200[39m [90m1646 ms - 155264[39m
[35m[HTTP][39m [90m[39m
[35m[HTTP][39m [37m-->[39m [37mPOST[39m [37m/wd/hub/session/d211f965-07ef-407c-8ad6-ae771b8448b1/context[39m
[35m[HTTP][39m [90m{"name":"NATIVE_APP"}[39m
[35m[HTTP][39m [37m<-- POST /wd/hub/session/d211f965-07ef-407c-8ad6-ae771b8448b1/context [39m[32m200[39m [90m1 ms - 14[39m
[35m[HTTP][39m [90m[39m
[35m[HTTP][39m [37m-->[39m [37mPOST[39m [37m/wd/hub/session/d211f965-07ef-407c-8ad6-ae771b8448b1/timeouts[39m
[35m[HTTP][39m [90m{"implicit":50}[39m
[35m[HTTP][39m [37m<-- POST /wd/hub/session/d211f965-07ef-407c-8ad6-ae771b8448b1/timeouts [39m[32m200[39m [90m1 ms - 14[39m
[35m[HTTP][39m [90m[39m
[35m[HTTP][39m [37m-->[39m [37mGET[39m [37m/wd/hub/session/d211f965-07ef-407c-8ad6-ae771b8448b1/window/rect[39m
[35m[HTTP][39m [90m{}[39m
[35m[HTTP][39m [37m<-- GET /wd/hub/session/d211f965-07ef-407c-8ad6-ae771b8448b1/window/rect [39m[32m200[39m [90m26 ms - 50[39m
[35m[HTTP][39m [90m[39m
[35m[HTTP][39m [37m-->[39m [37mPOST[39m [37m/wd/hub/session/d211f965-07ef-407c-8ad6-ae771b8448b1/elements[39m
[35m[HTTP][39m [90m{"using":"xpath","value":"//hierarchy/android.widget.FrameLayout[1]/android.widget.LinearLayout[1]/android.widget.FrameLayout[1]/android.widget.LinearLayout[1]/android.widget.FrameLayout[1]/android.view.ViewGroup[1]/android.widget.ScrollView[1]/android.widget.LinearLayout[1]/android.view.ViewGroup[1]/android.widget.Button[1]"}[39m
[35m[HTTP][39m [37m<-- POST /wd/hub/session/d211f965-07ef-407c-8ad6-ae771b8448b1/elements [39m[32m200[39m [90m172 ms - 139[39m
[35m[HTTP][39m [90m[39m
[35m[HTTP][39m [37m-->[39m [37mGET[39m [37m/wd/hub/session/d211f965-07ef-407c-8ad6-ae771b8448b1/element/00000000-0000-04b2-ffff-ffff00001042/location[39m
[35m[HTTP][39m [90m{}[39m
[35m[W3C (d211f965)][39m Driver proxy active, passing request on via HTTP proxy
[35m[WD Proxy][39m Replacing sessionId 839cd85a-30fa-4d49-8aba-06c63da9e890 with d211f965-07ef-407c-8ad6-ae771b8448b1
[35m[HTTP][39m [37m<-- GET /wd/hub/session/d211f965-07ef-407c-8ad6-ae771b8448b1/element/00000000-0000-04b2-ffff-ffff00001042/location [39m[32m200[39m [90m35 ms - 78[39m
[35m[HTTP][39m [90m[39m
[35m[HTTP][39m [37m-->[39m [37mPOST[39m [37m/wd/hub/session/d211f965-07ef-407c-8ad6-ae771b8448b1/timeouts[39m
[35m[HTTP][39m [90m{"implicit":30000}[39m
[35m[HTTP][39m [37m<-- POST /wd/hub/session/d211f965-07ef-407c-8ad6-ae771b8448b1/timeouts [39m[32m200[39m [90m2 ms - 14[39m
[35m[HTTP][39m [90m[39m
[35m[HTTP][39m [37m-->[39m [37mPOST[39m [37m/wd/hub/session/d211f965-07ef-407c-8ad6-ae771b8448b1/touch/perform[39m
[35m[HTTP][39m [90m{"actions":[{"action":"tap","options":{"x":1,"y":1,"element":"00000000-0000-04b2-ffff-ffff00001042"}},{"action":"release","options":{}}]}[39m
[35m[UiAutomator2][39m calling get location: 00000000-0000-04b2-ffff-ffff00001042
[35m[HTTP][39m [37m<-- POST /wd/hub/session/d211f965-07ef-407c-8ad6-ae771b8448b1/touch/perform [39m[32m200[39m [90m231 ms - 14[39m
[35m[HTTP][39m [90m[39m
[35m[HTTP][39m [37m-->[39m [37mGET[39m [37m/wd/hub/session/d211f965-07ef-407c-8ad6-ae771b8448b1/window/rect[39m
[35m[HTTP][39m [90m{}[39m
[35m[HTTP][39m [37m<-- GET /wd/hub/session/d211f965-07ef-407c-8ad6-ae771b8448b1/window/rect [39m[32m200[39m [90m20 ms - 50[39m
[35m[HTTP][39m [90m[39m
[35m[HTTP][39m [37m-->[39m [37mPOST[39m [37m/wd/hub/session/d211f965-07ef-407c-8ad6-ae771b8448b1/elements[39m
[35m[HTTP][39m [90m{"using":"xpath","value":"//*[@resource-id = 'com.vq.mbrochuregp.client.android:id/iv_home_profil_icon' and @package = 'com.vq.mbrochuregp.client.android']"}[39m
[35m[HTTP][39m [37m<-- POST /wd/hub/session/d211f965-07ef-407c-8ad6-ae771b8448b1/elements [39m[32m200[39m [90m1477 ms - 139[39m
[35m[HTTP][39m [90m[39m
[35m[HTTP][39m [37m-->[39m [37mGET[39m [37m/wd/hub/session/d211f965-07ef-407c-8ad6-ae771b8448b1/element/00000000-0000-04b4-ffff-ffff000010a1/location[39m
[35m[HTTP][39m [90m{}[39m
[35m[W3C (d211f965)][39m Driver proxy active, passing request on via HTTP proxy
[35m[WD Proxy][39m Replacing sessionId 839cd85a-30fa-4d49-8aba-06c63da9e890 with d211f965-07ef-407c-8ad6-ae771b8448b1
[35m[HTTP][39m [37m<-- GET /wd/hub/session/d211f965-07ef-407c-8ad6-ae771b8448b1/element/00000000-0000-04b4-ffff-ffff000010a1/location [39m[32m200[39m [90m96 ms - 79[39m
[35m[HTTP][39m [90m[39m
[35m[HTTP][39m [37m-->[39m [37mPOST[39m [37m/wd/hub/session/d211f965-07ef-407c-8ad6-ae771b8448b1/element/00000000-0000-04b4-ffff-ffff000010a1/click[39m
[35m[HTTP][39m [90m{"id":"00000000-0000-04b4-ffff-ffff000010a1"}[39m
[35m[HTTP][39m [37m<-- POST /wd/hub/session/d211f965-07ef-407c-8ad6-ae771b8448b1/element/00000000-0000-04b4-ffff-ffff000010a1/click [39m[32m200[39m [90m96 ms - 14[39m
[35m[HTTP][39m [90m[39m
[35m[HTTP][39m [37m-->[39m [37mGET[39m [37m/wd/hub/session/d211f965-07ef-407c-8ad6-ae771b8448b1/context[39m
[35m[HTTP][39m [90m{}[39m
[35m[HTTP][39m [37m<-- GET /wd/hub/session/d211f965-07ef-407c-8ad6-ae771b8448b1/context [39m[32m200[39m [90m4 ms - 22[39m
[35m[HTTP][39m [90m[39m
[35m[HTTP][39m [37m-->[39m [37mGET[39m [37m/wd/hub/session/d211f965-07ef-407c-8ad6-ae771b8448b1/contexts[39m
[35m[HTTP][39m [90m{}[39m
[35m[HTTP][39m [37m<-- GET /wd/hub/session/d211f965-07ef-407c-8ad6-ae771b8448b1/contexts [39m[32m200[39m [90m96 ms - 24[39m
[35m[HTTP][39m [90m[39m
[35m[HTTP][39m [37m-->[39m [37mPOST[39m [37m/wd/hub/session/d211f965-07ef-407c-8ad6-ae771b8448b1/context[39m
[35m[HTTP][39m [90m{"name":"NATIVE_APP"}[39m
[35m[HTTP][39m [37m<-- POST /wd/hub/session/d211f965-07ef-407c-8ad6-ae771b8448b1/context [39m[32m200[39m [90m1 ms - 14[39m
[35m[HTTP][39m [90m[39m
[35m[HTTP][39m [37m-->[39m [37mGET[39m [37m/wd/hub/session/d211f965-07ef-407c-8ad6-ae771b8448b1/window/rect[39m
[35m[HTTP][39m [90m{}[39m
[35m[HTTP][39m [37m<-- GET /wd/hub/session/d211f965-07ef-407c-8ad6-ae771b8448b1/window/rect [39m[32m200[39m [90m26 ms - 50[39m
[35m[HTTP][39m [90m[39m
[35m[HTTP][39m [37m-->[39m [37mPOST[39m [37m/wd/hub/session/d211f965-07ef-407c-8ad6-ae771b8448b1/execute/sync[39m
[35m[HTTP][39m [90m{"script":"mobile: viewportScreenshot","args":[]}[39m
[35m[AndroidDriver][39m Executing native command 'mobile: viewportScreenshot'
[35m[HTTP][39m [37m<-- POST /wd/hub/session/d211f965-07ef-407c-8ad6-ae771b8448b1/execute/sync [39m[32m200[39m [90m1411 ms - 269868[39m
[35m[HTTP][39m [90m[39m
[35m[HTTP][39m [37m-->[39m [37mPOST[39m [37m/wd/hub/session/d211f965-07ef-407c-8ad6-ae771b8448b1/context[39m
[35m[HTTP][39m [90m{"name":"NATIVE_APP"}[39m
[35m[HTTP][39m [37m<-- POST /wd/hub/session/d211f965-07ef-407c-8ad6-ae771b8448b1/context [39m[32m200[39m [90m1 ms - 14[39m
[35m[HTTP][39m [90m[39m
[35m[HTTP][39m [37m-->[39m [37mGET[39m [37m/wd/hub/session/d211f965-07ef-407c-8ad6-ae771b8448b1/window/rect[39m
[35m[HTTP][39m [90m{}[39m
[35m[HTTP][39m [37m<-- GET /wd/hub/session/d211f965-07ef-407c-8ad6-ae771b8448b1/window/rect [39m[32m200[39m [90m26 ms - 50[39m
[35m[HTTP][39m [90m[39m
[35m[HTTP][39m [37m-->[39m [37mPOST[39m [37m/wd/hub/session/d211f965-07ef-407c-8ad6-ae771b8448b1/elements[39m
[35m[HTTP][39m [90m{"using":"xpath","value":"//*[@class = 'android.widget.ImageView' and @resource-id = 'com.vq.mbrochuregp.client.android:id/iv_home_icon' and (@text = '' or . = '')]"}[39m
[35m[HTTP][39m [37m<-- POST /wd/hub/session/d211f965-07ef-407c-8ad6-ae771b8448b1/elements [39m[32m200[39m [90m404 ms - 139[39m
[35m[HTTP][39m [90m[39m
[35m[HTTP][39m [37m-->[39m [37mGET[39m [37m/wd/hub/session/d211f965-07ef-407c-8ad6-ae771b8448b1/element/00000000-0000-04b6-ffff-ffff000010e1/location[39m
[35m[HTTP][39m [90m{}[39m
[35m[W3C (d211f965)][39m Driver proxy active, passing request on via HTTP proxy
[35m[WD Proxy][39m Replacing sessionId 839cd85a-30fa-4d49-8aba-06c63da9e890 with d211f965-07ef-407c-8ad6-ae771b8448b1
[35m[HTTP][39m [37m<-- GET /wd/hub/session/d211f965-07ef-407c-8ad6-ae771b8448b1/element/00000000-0000-04b6-ffff-ffff000010e1/location [39m[32m200[39m [90m30 ms - 78[39m
[35m[HTTP][39m [90m[39m
[35m[HTTP][39m [37m-->[39m [37mPOST[39m [37m/wd/hub/session/d211f965-07ef-407c-8ad6-ae771b8448b1/element/00000000-0000-04b6-ffff-ffff000010e1/click[39m
[35m[HTTP][39m [90m{"id":"00000000-0000-04b6-ffff-ffff000010e1"}[39m
[35m[HTTP][39m [37m<-- POST /wd/hub/session/d211f965-07ef-407c-8ad6-ae771b8448b1/element/00000000-0000-04b6-ffff-ffff000010e1/click [39m[32m200[39m [90m73 ms - 14[39m
[35m[HTTP][39m [90m[39m
[35m[HTTP][39m [37m-->[39m [37mGET[39m [37m/wd/hub/status[39m
[35m[HTTP][39m [90m{}[39m
[35m[HTTP][39m [37m<-- GET /wd/hub/status [39m[32m200[39m [90m1 ms - 68[39m
[35m[HTTP][39m [90m[39m
[35m[HTTP][39m [37m-->[39m [37mPOST[39m [37m/wd/hub/session[39m
[35m[HTTP][39m [90m{"desiredCapabilities":{"appActivity":".Settings","appPackage":"com.android.settings","newCommandTimeout":1800,"platformVersion":"11","automationName":"uiautomator2","autoGrantPermissions":true,"platformName":"Android","udid":"RR8N605F11Y","deviceName":"samsung SM-M315F (Android 11)","platform":"ANDROID","systemPort":8242},"capabilities":{"firstMatch":[{"appium:appActivity":".Settings","appium:appPackage":"com.android.settings","appium:autoGrantPermissions":true,"appium:automationName":"uiautomator2","appium:deviceName":"samsung SM-M315F (Android 11)","appium:newCommandTimeout":1800,"platform":"ANDROID","platformName":"android","appium:platformVersion":"11","appium:systemPort":8242,"appium:udid":"RR8N605F11Y"}]}}[39m
[35m[BaseDriver][39m The following capabilities are not standard capabilities and should have an extension prefix:
[35m[BaseDriver][39m   platform
[35m[BaseDriver][39m   chromedriverPort
[35m[Appium][39m Appium v1.22.2 creating new AndroidUiautomator2Driver (v1.70.1) session
[35m[BaseDriver][39m The following capabilities were provided, but are not recognized by Appium:
[35m[BaseDriver][39m   platform
[35m[BaseDriver][39m Session created with session id: b1f52950-d91e-480c-afe7-f28e156b0ffe
[35m[UiAutomator2][39m Starting 'com.android.settings' directly on the device
[35m[ADB][39m Using 'adb.exe' from 'C:\Users\Nia Yusniati\.katalon\tools\android_sdk\platform-tools\adb.exe'
[35m[AndroidDriver][39m Retrieving device list
[35m[AndroidDriver][39m Using device: RR8N605F11Y
[35m[ADB][39m Using 'adb.exe' from 'C:\Users\Nia Yusniati\.katalon\tools\android_sdk\platform-tools\adb.exe'
[35m[ADB][39m Getting device platform version
[35m[UiAutomator2][39m Relaxing hidden api policy
[35m[AndroidDriver][39m No app sent in, not parsing package/activity
[35m[UiAutomator2][39m Server packages are not going to be (re)installed
[35m[ADB][39m Adding packages ["io.appium.settings","io.appium.uiautomator2.server","io.appium.uiautomator2.server.test"] to Doze whitelist
[35m[UiAutomator2][39m Starting UIAutomator2 server 4.27.0
[35m[UiAutomator2][39m Using UIAutomator2 server from 'C:\Users\Nia Yusniati\AppData\Roaming\npm\node_modules\appium\node_modules\appium-uiautomator2-server\apks\appium-uiautomator2-server-v4.27.0.apk' and test from 'C:\Users\Nia Yusniati\AppData\Roaming\npm\node_modules\appium\node_modules\appium-uiautomator2-server\apks\appium-uiautomator2-server-debug-androidTest.apk'
[35m[UiAutomator2][39m Waiting up to 30000ms for UiAutomator2 to be online...
[35m[WD Proxy][39m socket hang up
[35m[WD Proxy][39m socket hang up
[35m[WD Proxy][39m socket hang up
[35m[WD Proxy][39m Determined the downstream protocol as 'W3C'
[35m[AndroidDriver][39m Screen already unlocked, doing nothing
[35m[UiAutomator2][39m Starting 'com.android.settings/.Settings and waiting for 'com.android.settings/.Settings'
[35m[Appium][39m New AndroidUiautomator2Driver session created successfully, session b1f52950-d91e-480c-afe7-f28e156b0ffe added to master session list
[35m[HTTP][39m [37m<-- POST /wd/hub/session [39m[32m200[39m [90m9111 ms - 1158[39m
[35m[HTTP][39m [90m[39m
[35m[HTTP][39m [37m-->[39m [37mGET[39m [37m/wd/hub/session/b1f52950-d91e-480c-afe7-f28e156b0ffe[39m
[35m[HTTP][39m [90m{}[39m
[35m[HTTP][39m [37m<-- GET /wd/hub/session/b1f52950-d91e-480c-afe7-f28e156b0ffe [39m[32m200[39m [90m17 ms - 1112[39m
[35m[HTTP][39m [90m[39m
[35m[HTTP][39m [37m-->[39m [37mGET[39m [37m/wd/hub/session/b1f52950-d91e-480c-afe7-f28e156b0ffe[39m
[35m[HTTP][39m [90m{}[39m
[35m[HTTP][39m [37m<-- GET /wd/hub/session/b1f52950-d91e-480c-afe7-f28e156b0ffe [39m[32m200[39m [90m10 ms - 1112[39m
[35m[HTTP][39m [90m[39m
[35m[HTTP][39m [37m-->[39m [37mGET[39m [37m/wd/hub/status[39m
[35m[HTTP][39m [90m{}[39m
[35m[HTTP][39m [37m<-- GET /wd/hub/status [39m[32m200[39m [90m1 ms - 68[39m
[35m[HTTP][39m [90m[39m
[35m[HTTP][39m [37m-->[39m [37mPOST[39m [37m/wd/hub/session/b1f52950-d91e-480c-afe7-f28e156b0ffe/timeouts[39m
[35m[HTTP][39m [90m{"implicit":30000}[39m
[35m[HTTP][39m [37m<-- POST /wd/hub/session/b1f52950-d91e-480c-afe7-f28e156b0ffe/timeouts [39m[32m200[39m [90m1 ms - 14[39m
[35m[HTTP][39m [90m[39m
[35m[HTTP][39m [37m-->[39m [37mGET[39m [37m/wd/hub/session/b1f52950-d91e-480c-afe7-f28e156b0ffe/screenshot[39m
[35m[HTTP][39m [90m{}[39m
[35m[HTTP][39m [37m<-- GET /wd/hub/session/b1f52950-d91e-480c-afe7-f28e156b0ffe/screenshot [39m[32m200[39m [90m536 ms - 226078[39m
[35m[HTTP][39m [90m[39m
[35m[HTTP][39m [37m-->[39m [37mGET[39m [37m/wd/hub/session/b1f52950-d91e-480c-afe7-f28e156b0ffe/window/rect[39m
[35m[HTTP][39m [90m{}[39m
[35m[HTTP][39m [37m<-- GET /wd/hub/session/b1f52950-d91e-480c-afe7-f28e156b0ffe/window/rect [39m[32m200[39m [90m8 ms - 50[39m
[35m[HTTP][39m [90m[39m
[35m[HTTP][39m [37m-->[39m [37mGET[39m [37m/wd/hub/session/b1f52950-d91e-480c-afe7-f28e156b0ffe/appium/device/system_bars[39m
[35m[HTTP][39m [90m{}[39m
[35m[HTTP][39m [37m<-- GET /wd/hub/session/b1f52950-d91e-480c-afe7-f28e156b0ffe/appium/device/system_bars [39m[32m200[39m [90m91 ms - 148[39m
[35m[HTTP][39m [90m[39m
[35m[HTTP][39m [37m-->[39m [37mPOST[39m [37m/wd/hub/session/b1f52950-d91e-480c-afe7-f28e156b0ffe/appium/device/activate_app[39m
[35m[HTTP][39m [90m{"bundleId":"com.vq.mbrochuregp.client.android"}[39m
[35m[HTTP][39m [37m<-- POST /wd/hub/session/b1f52950-d91e-480c-afe7-f28e156b0ffe/appium/device/activate_app [39m[32m200[39m [90m558 ms - 14[39m
[35m[HTTP][39m [90m[39m
[35m[HTTP][39m [37m-->[39m [37mGET[39m [37m/wd/hub/session/b1f52950-d91e-480c-afe7-f28e156b0ffe/context[39m
[35m[HTTP][39m [90m{}[39m
[35m[HTTP][39m [37m<-- GET /wd/hub/session/b1f52950-d91e-480c-afe7-f28e156b0ffe/context [39m[32m200[39m [90m2 ms - 22[39m
[35m[HTTP][39m [90m[39m
[35m[HTTP][39m [37m-->[39m [37mGET[39m [37m/wd/hub/session/b1f52950-d91e-480c-afe7-f28e156b0ffe/contexts[39m
[35m[HTTP][39m [90m{}[39m
[35m[HTTP][39m [37m<-- GET /wd/hub/session/b1f52950-d91e-480c-afe7-f28e156b0ffe/contexts [39m[32m200[39m [90m121 ms - 24[39m
[35m[HTTP][39m [90m[39m
[35m[HTTP][39m [37m-->[39m [37mPOST[39m [37m/wd/hub/session/b1f52950-d91e-480c-afe7-f28e156b0ffe/context[39m
[35m[HTTP][39m [90m{"name":"NATIVE_APP"}[39m
[35m[HTTP][39m [37m<-- POST /wd/hub/session/b1f52950-d91e-480c-afe7-f28e156b0ffe/context [39m[32m200[39m [90m3 ms - 14[39m
[35m[HTTP][39m [90m[39m
[35m[HTTP][39m [37m-->[39m [37mPOST[39m [37m/wd/hub/session/b1f52950-d91e-480c-afe7-f28e156b0ffe/appium/device/press_keycode[39m
[35m[HTTP][39m [90m{"keycode":4}[39m
[35m[HTTP][39m [37m<-- POST /wd/hub/session/b1f52950-d91e-480c-afe7-f28e156b0ffe/appium/device/press_keycode [39m[32m200[39m [90m109 ms - 14[39m
[35m[HTTP][39m [90m[39m
[35m[HTTP][39m [37m-->[39m [37mPOST[39m [37m/wd/hub/session/b1f52950-d91e-480c-afe7-f28e156b0ffe/context[39m
[35m[HTTP][39m [90m{"name":"NATIVE_APP"}[39m
[35m[HTTP][39m [37m<-- POST /wd/hub/session/b1f52950-d91e-480c-afe7-f28e156b0ffe/context [39m[32m200[39m [90m2 ms - 14[39m
[35m[HTTP][39m [90m[39m
[35m[HTTP][39m [37m-->[39m [37mPOST[39m [37m/wd/hub/session/b1f52950-d91e-480c-afe7-f28e156b0ffe/timeouts[39m
[35m[HTTP][39m [90m{"implicit":50}[39m
[35m[HTTP][39m [37m<-- POST /wd/hub/session/b1f52950-d91e-480c-afe7-f28e156b0ffe/timeouts [39m[32m200[39m [90m2 ms - 14[39m
[35m[HTTP][39m [90m[39m
[35m[HTTP][39m [37m-->[39m [37mGET[39m [37m/wd/hub/session/b1f52950-d91e-480c-afe7-f28e156b0ffe/window/rect[39m
[35m[HTTP][39m [90m{}[39m
[35m[HTTP][39m [37m<-- GET /wd/hub/session/b1f52950-d91e-480c-afe7-f28e156b0ffe/window/rect [39m[32m200[39m [90m14 ms - 50[39m
[35m[HTTP][39m [90m[39m
[35m[HTTP][39m [37m-->[39m [37mPOST[39m [37m/wd/hub/session/b1f52950-d91e-480c-afe7-f28e156b0ffe/elements[39m
[35m[HTTP][39m [90m{"using":"xpath","value":"//*[@class = 'android.widget.Button' and (@text = 'TIDAK' or . = 'TIDAK') and @resource-id = 'android:id/button2']"}[39m
[35m[HTTP][39m [37m<-- POST /wd/hub/session/b1f52950-d91e-480c-afe7-f28e156b0ffe/elements [39m[32m200[39m [90m563 ms - 139[39m
[35m[HTTP][39m [90m[39m
[35m[HTTP][39m [37m-->[39m [37mGET[39m [37m/wd/hub/session/b1f52950-d91e-480c-afe7-f28e156b0ffe/element/00000000-0000-04dc-ffff-ffff000011a2/location[39m
[35m[HTTP][39m [90m{}[39m
[35m[W3C (b1f52950)][39m Driver proxy active, passing request on via HTTP proxy
[35m[WD Proxy][39m Replacing sessionId 1a5f544f-c06e-45a7-ae7c-a2ba1e682a6e with b1f52950-d91e-480c-afe7-f28e156b0ffe
[35m[HTTP][39m [37m<-- GET /wd/hub/session/b1f52950-d91e-480c-afe7-f28e156b0ffe/element/00000000-0000-04dc-ffff-ffff000011a2/location [39m[32m200[39m [90m20 ms - 79[39m
[35m[HTTP][39m [90m[39m
[35m[HTTP][39m [37m-->[39m [37mPOST[39m [37m/wd/hub/session/b1f52950-d91e-480c-afe7-f28e156b0ffe/timeouts[39m
[35m[HTTP][39m [90m{"implicit":30000}[39m
[35m[HTTP][39m [37m<-- POST /wd/hub/session/b1f52950-d91e-480c-afe7-f28e156b0ffe/timeouts [39m[32m200[39m [90m2 ms - 14[39m
[35m[HTTP][39m [90m[39m
[35m[HTTP][39m [37m-->[39m [37mPOST[39m [37m/wd/hub/session/b1f52950-d91e-480c-afe7-f28e156b0ffe/touch/perform[39m
[35m[HTTP][39m [90m{"actions":[{"action":"tap","options":{"x":1,"y":1,"element":"00000000-0000-04dc-ffff-ffff000011a2"}},{"action":"release","options":{}}]}[39m
[35m[UiAutomator2][39m calling get location: 00000000-0000-04dc-ffff-ffff000011a2
[35m[HTTP][39m [37m<-- POST /wd/hub/session/b1f52950-d91e-480c-afe7-f28e156b0ffe/touch/perform [39m[32m200[39m [90m163 ms - 14[39m
[35m[HTTP][39m [90m[39m
[35m[HTTP][39m [37m-->[39m [37mPOST[39m [37m/wd/hub/session/b1f52950-d91e-480c-afe7-f28e156b0ffe/timeouts[39m
[35m[HTTP][39m [90m{"implicit":50}[39m
[35m[HTTP][39m [37m<-- POST /wd/hub/session/b1f52950-d91e-480c-afe7-f28e156b0ffe/timeouts [39m[32m200[39m [90m2 ms - 14[39m
[35m[HTTP][39m [90m[39m
[35m[HTTP][39m [37m-->[39m [37mGET[39m [37m/wd/hub/session/b1f52950-d91e-480c-afe7-f28e156b0ffe/window/rect[39m
[35m[HTTP][39m [90m{}[39m
[35m[HTTP][39m [37m<-- GET /wd/hub/session/b1f52950-d91e-480c-afe7-f28e156b0ffe/window/rect [39m[32m200[39m [90m19 ms - 50[39m
[35m[HTTP][39m [90m[39m
[35m[HTTP][39m [37m-->[39m [37mPOST[39m [37m/wd/hub/session/b1f52950-d91e-480c-afe7-f28e156b0ffe/elements[39m
[35m[HTTP][39m [90m{"using":"xpath","value":"//hierarchy/android.widget.FrameLayout[1]/android.widget.LinearLayout[1]/android.widget.FrameLayout[1]/android.widget.LinearLayout[1]/android.widget.FrameLayout[1]/android.view.ViewGroup[1]/android.widget.ScrollView[1]/android.widget.LinearLayout[1]/android.view.ViewGroup[2]/android.widget.LinearLayout[1]/androidx.recyclerview.widget.RecyclerView[1]/android.widget.LinearLayout[8]/android.widget.ImageView[1]"}[39m
[35m[HTTP][39m [37m<-- POST /wd/hub/session/b1f52950-d91e-480c-afe7-f28e156b0ffe/elements [39m[32m200[39m [90m479 ms - 139[39m
[35m[HTTP][39m [90m[39m
[35m[HTTP][39m [37m-->[39m [37mGET[39m [37m/wd/hub/session/b1f52950-d91e-480c-afe7-f28e156b0ffe/element/00000000-0000-04c0-ffff-ffff00001170/location[39m
[35m[HTTP][39m [90m{}[39m
[35m[W3C (b1f52950)][39m Driver proxy active, passing request on via HTTP proxy
[35m[WD Proxy][39m Replacing sessionId 1a5f544f-c06e-45a7-ae7c-a2ba1e682a6e with b1f52950-d91e-480c-afe7-f28e156b0ffe
[35m[HTTP][39m [37m<-- GET /wd/hub/session/b1f52950-d91e-480c-afe7-f28e156b0ffe/element/00000000-0000-04c0-ffff-ffff00001170/location [39m[32m200[39m [90m16 ms - 78[39m
[35m[HTTP][39m [90m[39m
[35m[HTTP][39m [37m-->[39m [37mPOST[39m [37m/wd/hub/session/b1f52950-d91e-480c-afe7-f28e156b0ffe/timeouts[39m
[35m[HTTP][39m [90m{"implicit":30000}[39m
[35m[HTTP][39m [37m<-- POST /wd/hub/session/b1f52950-d91e-480c-afe7-f28e156b0ffe/timeouts [39m[32m200[39m [90m2 ms - 14[39m
[35m[HTTP][39m [90m[39m
[35m[HTTP][39m [37m-->[39m [37mPOST[39m [37m/wd/hub/session/b1f52950-d91e-480c-afe7-f28e156b0ffe/touch/perform[39m
[35m[HTTP][39m [90m{"actions":[{"action":"tap","options":{"x":1,"y":1,"element":"00000000-0000-04c0-ffff-ffff00001170"}},{"action":"release","options":{}}]}[39m
[35m[UiAutomator2][39m calling get location: 00000000-0000-04c0-ffff-ffff00001170
[35m[HTTP][39m [37m<-- POST /wd/hub/session/b1f52950-d91e-480c-afe7-f28e156b0ffe/touch/perform [39m[32m200[39m [90m173 ms - 14[39m
[35m[HTTP][39m [90m[39m
[35m[HTTP][39m [37m-->[39m [37mPOST[39m [37m/wd/hub/session/b1f52950-d91e-480c-afe7-f28e156b0ffe/timeouts[39m
[35m[HTTP][39m [90m{"implicit":50}[39m
[35m[HTTP][39m [37m<-- POST /wd/hub/session/b1f52950-d91e-480c-afe7-f28e156b0ffe/timeouts [39m[32m200[39m [90m1 ms - 14[39m
[35m[HTTP][39m [90m[39m
[35m[HTTP][39m [37m-->[39m [37mGET[39m [37m/wd/hub/session/b1f52950-d91e-480c-afe7-f28e156b0ffe/window/rect[39m
[35m[HTTP][39m [90m{}[39m
[35m[HTTP][39m [37m<-- GET /wd/hub/session/b1f52950-d91e-480c-afe7-f28e156b0ffe/window/rect [39m[32m200[39m [90m22 ms - 50[39m
[35m[HTTP][39m [90m[39m
[35m[HTTP][39m [37m-->[39m [37mPOST[39m [37m/wd/hub/session/b1f52950-d91e-480c-afe7-f28e156b0ffe/elements[39m
[35m[HTTP][39m [90m{"using":"xpath","value":"//hierarchy/android.widget.FrameLayout[1]/android.widget.LinearLayout[1]/android.widget.FrameLayout[1]/android.widget.LinearLayout[1]/android.widget.FrameLayout[1]/android.view.ViewGroup[1]/android.widget.ScrollView[1]/android.widget.LinearLayout[1]/android.widget.LinearLayout[1]/androidx.recyclerview.widget.RecyclerView[1]/android.widget.LinearLayout[2]/android.widget.ImageView[1]"}[39m
[35m[HTTP][39m [37m<-- POST /wd/hub/session/b1f52950-d91e-480c-afe7-f28e156b0ffe/elements [39m[32m200[39m [90m985 ms - 139[39m
[35m[HTTP][39m [90m[39m
[35m[HTTP][39m [37m-->[39m [37mGET[39m [37m/wd/hub/session/b1f52950-d91e-480c-afe7-f28e156b0ffe/element/00000000-0000-04dd-ffff-ffff000011d3/location[39m
[35m[HTTP][39m [90m{}[39m
[35m[W3C (b1f52950)][39m Driver proxy active, passing request on via HTTP proxy
[35m[WD Proxy][39m Replacing sessionId 1a5f544f-c06e-45a7-ae7c-a2ba1e682a6e with b1f52950-d91e-480c-afe7-f28e156b0ffe
[35m[HTTP][39m [37m<-- GET /wd/hub/session/b1f52950-d91e-480c-afe7-f28e156b0ffe/element/00000000-0000-04dd-ffff-ffff000011d3/location [39m[32m200[39m [90m30 ms - 78[39m
[35m[HTTP][39m [90m[39m
[35m[HTTP][39m [37m-->[39m [37mPOST[39m [37m/wd/hub/session/b1f52950-d91e-480c-afe7-f28e156b0ffe/timeouts[39m
[35m[HTTP][39m [90m{"implicit":30000}[39m
[35m[HTTP][39m [37m<-- POST /wd/hub/session/b1f52950-d91e-480c-afe7-f28e156b0ffe/timeouts [39m[32m200[39m [90m3 ms - 14[39m
[35m[HTTP][39m [90m[39m
[35m[HTTP][39m [37m-->[39m [37mPOST[39m [37m/wd/hub/session/b1f52950-d91e-480c-afe7-f28e156b0ffe/touch/perform[39m
[35m[HTTP][39m [90m{"actions":[{"action":"tap","options":{"x":1,"y":1,"element":"00000000-0000-04dd-ffff-ffff000011d3"}},{"action":"release","options":{}}]}[39m
[35m[UiAutomator2][39m calling get location: 00000000-0000-04dd-ffff-ffff000011d3
[35m[HTTP][39m [37m<-- POST /wd/hub/session/b1f52950-d91e-480c-afe7-f28e156b0ffe/touch/perform [39m[32m200[39m [90m199 ms - 14[39m
[35m[HTTP][39m [90m[39m
[35m[HTTP][39m [37m-->[39m [37mPOST[39m [37m/wd/hub/session/b1f52950-d91e-480c-afe7-f28e156b0ffe/timeouts[39m
[35m[HTTP][39m [90m{"implicit":50}[39m
[35m[HTTP][39m [37m<-- POST /wd/hub/session/b1f52950-d91e-480c-afe7-f28e156b0ffe/timeouts [39m[32m200[39m [90m2 ms - 14[39m
[35m[HTTP][39m [90m[39m
[35m[HTTP][39m [37m-->[39m [37mGET[39m [37m/wd/hub/session/b1f52950-d91e-480c-afe7-f28e156b0ffe/window/rect[39m
[35m[HTTP][39m [90m{}[39m
[35m[HTTP][39m [37m<-- GET /wd/hub/session/b1f52950-d91e-480c-afe7-f28e156b0ffe/window/rect [39m[32m200[39m [90m29 ms - 50[39m
[35m[HTTP][39m [90m[39m
[35m[HTTP][39m [37m-->[39m [37mPOST[39m [37m/wd/hub/session/b1f52950-d91e-480c-afe7-f28e156b0ffe/elements[39m
[35m[HTTP][39m [90m{"using":"xpath","value":"//hierarchy/android.widget.FrameLayout[1]/android.widget.LinearLayout[1]/android.widget.FrameLayout[1]/android.widget.LinearLayout[1]/android.widget.FrameLayout[1]/android.view.ViewGroup[1]/androidx.viewpager.widget.ViewPager[1]/android.widget.FrameLayout[1]/android.view.ViewGroup[1]/androidx.recyclerview.widget.RecyclerView[1]/android.widget.LinearLayout[1]/android.widget.RelativeLayout[1]"}[39m
[35m[HTTP][39m [37m<-- POST /wd/hub/session/b1f52950-d91e-480c-afe7-f28e156b0ffe/elements [39m[32m200[39m [90m223 ms - 139[39m
[35m[HTTP][39m [90m[39m
[35m[HTTP][39m [37m-->[39m [37mGET[39m [37m/wd/hub/session/b1f52950-d91e-480c-afe7-f28e156b0ffe/element/00000000-0000-04de-ffff-ffff0000121c/location[39m
[35m[HTTP][39m [90m{}[39m
[35m[W3C (b1f52950)][39m Driver proxy active, passing request on via HTTP proxy
[35m[WD Proxy][39m Replacing sessionId 1a5f544f-c06e-45a7-ae7c-a2ba1e682a6e with b1f52950-d91e-480c-afe7-f28e156b0ffe
[35m[HTTP][39m [37m<-- GET /wd/hub/session/b1f52950-d91e-480c-afe7-f28e156b0ffe/element/00000000-0000-04de-ffff-ffff0000121c/location [39m[32m200[39m [90m36 ms - 77[39m
[35m[HTTP][39m [90m[39m
[35m[HTTP][39m [37m-->[39m [37mPOST[39m [37m/wd/hub/session/b1f52950-d91e-480c-afe7-f28e156b0ffe/timeouts[39m
[35m[HTTP][39m [90m{"implicit":30000}[39m
[35m[HTTP][39m [37m<-- POST /wd/hub/session/b1f52950-d91e-480c-afe7-f28e156b0ffe/timeouts [39m[32m200[39m [90m1 ms - 14[39m
[35m[HTTP][39m [90m[39m
[35m[HTTP][39m [37m-->[39m [37mPOST[39m [37m/wd/hub/session/b1f52950-d91e-480c-afe7-f28e156b0ffe/touch/perform[39m
[35m[HTTP][39m [90m{"actions":[{"action":"tap","options":{"x":1,"y":1,"element":"00000000-0000-04de-ffff-ffff0000121c"}},{"action":"release","options":{}}]}[39m
[35m[UiAutomator2][39m calling get location: 00000000-0000-04de-ffff-ffff0000121c
[35m[HTTP][39m [37m<-- POST /wd/hub/session/b1f52950-d91e-480c-afe7-f28e156b0ffe/touch/perform [39m[32m200[39m [90m235 ms - 14[39m
[35m[HTTP][39m [90m[39m
[35m[HTTP][39m [37m-->[39m [37mGET[39m [37m/wd/hub/session/b1f52950-d91e-480c-afe7-f28e156b0ffe/context[39m
[35m[HTTP][39m [90m{}[39m
[35m[HTTP][39m [37m<-- GET /wd/hub/session/b1f52950-d91e-480c-afe7-f28e156b0ffe/context [39m[32m200[39m [90m2 ms - 22[39m
[35m[HTTP][39m [90m[39m
[35m[HTTP][39m [37m-->[39m [37mGET[39m [37m/wd/hub/session/b1f52950-d91e-480c-afe7-f28e156b0ffe/contexts[39m
[35m[HTTP][39m [90m{}[39m
[35m[HTTP][39m [37m<-- GET /wd/hub/session/b1f52950-d91e-480c-afe7-f28e156b0ffe/contexts [39m[32m200[39m [90m138 ms - 24[39m
[35m[HTTP][39m [90m[39m
[35m[HTTP][39m [37m-->[39m [37mPOST[39m [37m/wd/hub/session/b1f52950-d91e-480c-afe7-f28e156b0ffe/context[39m
[35m[HTTP][39m [90m{"name":"NATIVE_APP"}[39m
[35m[HTTP][39m [37m<-- POST /wd/hub/session/b1f52950-d91e-480c-afe7-f28e156b0ffe/context [39m[32m200[39m [90m2 ms - 14[39m
[35m[HTTP][39m [90m[39m
[35m[HTTP][39m [37m-->[39m [37mGET[39m [37m/wd/hub/session/b1f52950-d91e-480c-afe7-f28e156b0ffe/window/rect[39m
[35m[HTTP][39m [90m{}[39m
[35m[HTTP][39m [37m<-- GET /wd/hub/session/b1f52950-d91e-480c-afe7-f28e156b0ffe/window/rect [39m[32m200[39m [90m26 ms - 50[39m
[35m[HTTP][39m [90m[39m
[35m[HTTP][39m [37m-->[39m [37mPOST[39m [37m/wd/hub/session/b1f52950-d91e-480c-afe7-f28e156b0ffe/execute/sync[39m
[35m[HTTP][39m [90m{"script":"mobile: viewportScreenshot","args":[]}[39m
[35m[AndroidDriver][39m Executing native command 'mobile: viewportScreenshot'
[35m[HTTP][39m [37m<-- POST /wd/hub/session/b1f52950-d91e-480c-afe7-f28e156b0ffe/execute/sync [39m[32m200[39m [90m1440 ms - 148308[39m
[35m[HTTP][39m [90m[39m
[35m[HTTP][39m [37m-->[39m [37mPOST[39m [37m/wd/hub/session/b1f52950-d91e-480c-afe7-f28e156b0ffe/context[39m
[35m[HTTP][39m [90m{"name":"NATIVE_APP"}[39m
[35m[HTTP][39m [37m<-- POST /wd/hub/session/b1f52950-d91e-480c-afe7-f28e156b0ffe/context [39m[32m200[39m [90m2 ms - 14[39m
[35m[HTTP][39m [90m[39m
[35m[HTTP][39m [37m-->[39m [37mPOST[39m [37m/wd/hub/session/b1f52950-d91e-480c-afe7-f28e156b0ffe/timeouts[39m
[35m[HTTP][39m [90m{"implicit":50}[39m
[35m[HTTP][39m [37m<-- POST /wd/hub/session/b1f52950-d91e-480c-afe7-f28e156b0ffe/timeouts [39m[32m200[39m [90m2 ms - 14[39m
[35m[HTTP][39m [90m[39m
[35m[HTTP][39m [37m-->[39m [37mGET[39m [37m/wd/hub/session/b1f52950-d91e-480c-afe7-f28e156b0ffe/window/rect[39m
[35m[HTTP][39m [90m{}[39m
[35m[HTTP][39m [37m<-- GET /wd/hub/session/b1f52950-d91e-480c-afe7-f28e156b0ffe/window/rect [39m[32m200[39m [90m27 ms - 50[39m
[35m[HTTP][39m [90m[39m
[35m[HTTP][39m [37m-->[39m [37mPOST[39m [37m/wd/hub/session/b1f52950-d91e-480c-afe7-f28e156b0ffe/elements[39m
[35m[HTTP][39m [90m{"using":"xpath","value":"//hierarchy/android.widget.FrameLayout[1]/android.widget.LinearLayout[1]/android.widget.FrameLayout[1]/android.widget.LinearLayout[1]/android.widget.FrameLayout[1]/android.view.ViewGroup[1]/android.widget.ScrollView[1]/android.view.ViewGroup[1]/android.widget.LinearLayout[2]/androidx.recyclerview.widget.RecyclerView[1]/android.widget.LinearLayout[2]/android.widget.RelativeLayout[1]/android.widget.LinearLayout[1]/android.widget.CheckBox[1]"}[39m
[35m[HTTP][39m [37m<-- POST /wd/hub/session/b1f52950-d91e-480c-afe7-f28e156b0ffe/elements [39m[32m200[39m [90m286 ms - 139[39m
[35m[HTTP][39m [90m[39m
[35m[HTTP][39m [37m-->[39m [37mGET[39m [37m/wd/hub/session/b1f52950-d91e-480c-afe7-f28e156b0ffe/element/00000000-0000-04df-ffff-ffff0000127c/location[39m
[35m[HTTP][39m [90m{}[39m
[35m[W3C (b1f52950)][39m Driver proxy active, passing request on via HTTP proxy
[35m[WD Proxy][39m Replacing sessionId 1a5f544f-c06e-45a7-ae7c-a2ba1e682a6e with b1f52950-d91e-480c-afe7-f28e156b0ffe
[35m[HTTP][39m [37m<-- GET /wd/hub/session/b1f52950-d91e-480c-afe7-f28e156b0ffe/element/00000000-0000-04df-ffff-ffff0000127c/location [39m[32m200[39m [90m36 ms - 77[39m
[35m[HTTP][39m [90m[39m
[35m[HTTP][39m [37m-->[39m [37mPOST[39m [37m/wd/hub/session/b1f52950-d91e-480c-afe7-f28e156b0ffe/timeouts[39m
[35m[HTTP][39m [90m{"implicit":30000}[39m
[35m[HTTP][39m [37m<-- POST /wd/hub/session/b1f52950-d91e-480c-afe7-f28e156b0ffe/timeouts [39m[32m200[39m [90m3 ms - 14[39m
[35m[HTTP][39m [90m[39m
[35m[HTTP][39m [37m-->[39m [37mPOST[39m [37m/wd/hub/session/b1f52950-d91e-480c-afe7-f28e156b0ffe/touch/perform[39m
[35m[HTTP][39m [90m{"actions":[{"action":"tap","options":{"x":1,"y":1,"element":"00000000-0000-04df-ffff-ffff0000127c"}},{"action":"release","options":{}}]}[39m
[35m[UiAutomator2][39m calling get location: 00000000-0000-04df-ffff-ffff0000127c
[35m[HTTP][39m [37m<-- POST /wd/hub/session/b1f52950-d91e-480c-afe7-f28e156b0ffe/touch/perform [39m[32m200[39m [90m230 ms - 14[39m
[35m[HTTP][39m [90m[39m
[35m[HTTP][39m [37m-->[39m [37mPOST[39m [37m/wd/hub/session/b1f52950-d91e-480c-afe7-f28e156b0ffe/timeouts[39m
[35m[HTTP][39m [90m{"implicit":50}[39m
[35m[HTTP][39m [37m<-- POST /wd/hub/session/b1f52950-d91e-480c-afe7-f28e156b0ffe/timeouts [39m[32m200[39m [90m2 ms - 14[39m
[35m[HTTP][39m [90m[39m
[35m[HTTP][39m [37m-->[39m [37mGET[39m [37m/wd/hub/session/b1f52950-d91e-480c-afe7-f28e156b0ffe/window/rect[39m
[35m[HTTP][39m [90m{}[39m
[35m[HTTP][39m [37m<-- GET /wd/hub/session/b1f52950-d91e-480c-afe7-f28e156b0ffe/window/rect [39m[32m200[39m [90m26 ms - 50[39m
[35m[HTTP][39m [90m[39m
[35m[HTTP][39m [37m-->[39m [37mPOST[39m [37m/wd/hub/session/b1f52950-d91e-480c-afe7-f28e156b0ffe/elements[39m
[35m[HTTP][39m [90m{"using":"xpath","value":"//hierarchy/android.widget.FrameLayout[1]/android.widget.LinearLayout[1]/android.widget.FrameLayout[1]/android.widget.LinearLayout[1]/android.widget.FrameLayout[1]/android.view.ViewGroup[1]/android.widget.ScrollView[1]/android.view.ViewGroup[1]/android.widget.LinearLayout[2]/androidx.recyclerview.widget.RecyclerView[1]/android.widget.LinearLayout[3]/android.widget.RelativeLayout[1]/android.widget.LinearLayout[1]/android.widget.CheckBox[1]"}[39m
[35m[HTTP][39m [37m<-- POST /wd/hub/session/b1f52950-d91e-480c-afe7-f28e156b0ffe/elements [39m[32m200[39m [90m677 ms - 139[39m
[35m[HTTP][39m [90m[39m
[35m[HTTP][39m [37m-->[39m [37mGET[39m [37m/wd/hub/session/b1f52950-d91e-480c-afe7-f28e156b0ffe/element/00000000-0000-04df-ffff-ffff00001287/location[39m
[35m[HTTP][39m [90m{}[39m
[35m[W3C (b1f52950)][39m Driver proxy active, passing request on via HTTP proxy
[35m[WD Proxy][39m Replacing sessionId 1a5f544f-c06e-45a7-ae7c-a2ba1e682a6e with b1f52950-d91e-480c-afe7-f28e156b0ffe
[35m[HTTP][39m [37m<-- GET /wd/hub/session/b1f52950-d91e-480c-afe7-f28e156b0ffe/element/00000000-0000-04df-ffff-ffff00001287/location [39m[32m200[39m [90m600 ms - 78[39m
[35m[HTTP][39m [90m[39m
[35m[HTTP][39m [37m-->[39m [37mPOST[39m [37m/wd/hub/session/b1f52950-d91e-480c-afe7-f28e156b0ffe/timeouts[39m
[35m[HTTP][39m [90m{"implicit":30000}[39m
[35m[HTTP][39m [37m<-- POST /wd/hub/session/b1f52950-d91e-480c-afe7-f28e156b0ffe/timeouts [39m[32m200[39m [90m3 ms - 14[39m
[35m[HTTP][39m [90m[39m
[35m[HTTP][39m [37m-->[39m [37mPOST[39m [37m/wd/hub/session/b1f52950-d91e-480c-afe7-f28e156b0ffe/touch/perform[39m
[35m[HTTP][39m [90m{"actions":[{"action":"tap","options":{"x":1,"y":1,"element":"00000000-0000-04df-ffff-ffff00001287"}},{"action":"release","options":{}}]}[39m
[35m[UiAutomator2][39m calling get location: 00000000-0000-04df-ffff-ffff00001287
[35m[HTTP][39m [37m<-- POST /wd/hub/session/b1f52950-d91e-480c-afe7-f28e156b0ffe/touch/perform [39m[32m200[39m [90m192 ms - 14[39m
[35m[HTTP][39m [90m[39m
[35m[HTTP][39m [37m-->[39m [37mGET[39m [37m/wd/hub/session/b1f52950-d91e-480c-afe7-f28e156b0ffe/context[39m
[35m[HTTP][39m [90m{}[39m
[35m[HTTP][39m [37m<-- GET /wd/hub/session/b1f52950-d91e-480c-afe7-f28e156b0ffe/context [39m[32m200[39m [90m5 ms - 22[39m
[35m[HTTP][39m [90m[39m
[35m[HTTP][39m [37m-->[39m [37mGET[39m [37m/wd/hub/session/b1f52950-d91e-480c-afe7-f28e156b0ffe/contexts[39m
[35m[HTTP][39m [90m{}[39m
[35m[HTTP][39m [37m<-- GET /wd/hub/session/b1f52950-d91e-480c-afe7-f28e156b0ffe/contexts [39m[32m200[39m [90m121 ms - 24[39m
[35m[HTTP][39m [90m[39m
[35m[HTTP][39m [37m-->[39m [37mPOST[39m [37m/wd/hub/session/b1f52950-d91e-480c-afe7-f28e156b0ffe/context[39m
[35m[HTTP][39m [90m{"name":"NATIVE_APP"}[39m
[35m[HTTP][39m [37m<-- POST /wd/hub/session/b1f52950-d91e-480c-afe7-f28e156b0ffe/context [39m[32m200[39m [90m3 ms - 14[39m
[35m[HTTP][39m [90m[39m
[35m[HTTP][39m [37m-->[39m [37mGET[39m [37m/wd/hub/session/b1f52950-d91e-480c-afe7-f28e156b0ffe/window/rect[39m
[35m[HTTP][39m [90m{}[39m
[35m[HTTP][39m [37m<-- GET /wd/hub/session/b1f52950-d91e-480c-afe7-f28e156b0ffe/window/rect [39m[32m200[39m [90m27 ms - 50[39m
[35m[HTTP][39m [90m[39m
[35m[HTTP][39m [37m-->[39m [37mPOST[39m [37m/wd/hub/session/b1f52950-d91e-480c-afe7-f28e156b0ffe/execute/sync[39m
[35m[HTTP][39m [90m{"script":"mobile: viewportScreenshot","args":[]}[39m
[35m[AndroidDriver][39m Executing native command 'mobile: viewportScreenshot'
[35m[HTTP][39m [37m<-- POST /wd/hub/session/b1f52950-d91e-480c-afe7-f28e156b0ffe/execute/sync [39m[32m200[39m [90m1231 ms - 143824[39m
[35m[HTTP][39m [90m[39m
[35m[HTTP][39m [37m-->[39m [37mPOST[39m [37m/wd/hub/session/b1f52950-d91e-480c-afe7-f28e156b0ffe/context[39m
[35m[HTTP][39m [90m{"name":"NATIVE_APP"}[39m
[35m[HTTP][39m [37m<-- POST /wd/hub/session/b1f52950-d91e-480c-afe7-f28e156b0ffe/context [39m[32m200[39m [90m2 ms - 14[39m
[35m[HTTP][39m [90m[39m
[35m[HTTP][39m [37m-->[39m [37mGET[39m [37m/wd/hub/session/b1f52950-d91e-480c-afe7-f28e156b0ffe/window/rect[39m
[35m[HTTP][39m [90m{}[39m
[35m[HTTP][39m [37m<-- GET /wd/hub/session/b1f52950-d91e-480c-afe7-f28e156b0ffe/window/rect [39m[32m200[39m [90m26 ms - 50[39m
[35m[HTTP][39m [90m[39m
[35m[HTTP][39m [37m-->[39m [37mPOST[39m [37m/wd/hub/session/b1f52950-d91e-480c-afe7-f28e156b0ffe/elements[39m
[35m[HTTP][39m [90m{"using":"xpath","value":"//*[@class = 'android.widget.Button' and (@text = 'Lanjutkan >' or . = 'Lanjutkan >') and @resource-id = 'com.vq.mbrochuregp.client.android:id/btn_upgrade_asuransi_list_detail_next']"}[39m
[35m[HTTP][39m [37m<-- POST /wd/hub/session/b1f52950-d91e-480c-afe7-f28e156b0ffe/elements [39m[32m200[39m [90m471 ms - 139[39m
[35m[HTTP][39m [90m[39m
[35m[HTTP][39m [37m-->[39m [37mGET[39m [37m/wd/hub/session/b1f52950-d91e-480c-afe7-f28e156b0ffe/element/00000000-0000-04df-ffff-ffff00001267/location[39m
[35m[HTTP][39m [90m{}[39m
[35m[W3C (b1f52950)][39m Driver proxy active, passing request on via HTTP proxy
[35m[WD Proxy][39m Replacing sessionId 1a5f544f-c06e-45a7-ae7c-a2ba1e682a6e with b1f52950-d91e-480c-afe7-f28e156b0ffe
[35m[HTTP][39m [37m<-- GET /wd/hub/session/b1f52950-d91e-480c-afe7-f28e156b0ffe/element/00000000-0000-04df-ffff-ffff00001267/location [39m[32m200[39m [90m32 ms - 78[39m
[35m[HTTP][39m [90m[39m
[35m[HTTP][39m [37m-->[39m [37mPOST[39m [37m/wd/hub/session/b1f52950-d91e-480c-afe7-f28e156b0ffe/element/00000000-0000-04df-ffff-ffff00001267/click[39m
[35m[HTTP][39m [90m{"id":"00000000-0000-04df-ffff-ffff00001267"}[39m
[35m[HTTP][39m [37m<-- POST /wd/hub/session/b1f52950-d91e-480c-afe7-f28e156b0ffe/element/00000000-0000-04df-ffff-ffff00001267/click [39m[32m200[39m [90m60 ms - 14[39m
[35m[HTTP][39m [90m[39m
[35m[HTTP][39m [37m-->[39m [37mPOST[39m [37m/wd/hub/session/b1f52950-d91e-480c-afe7-f28e156b0ffe/timeouts[39m
[35m[HTTP][39m [90m{"implicit":50}[39m
[35m[HTTP][39m [37m<-- POST /wd/hub/session/b1f52950-d91e-480c-afe7-f28e156b0ffe/timeouts [39m[32m200[39m [90m1 ms - 14[39m
[35m[HTTP][39m [90m[39m
[35m[HTTP][39m [37m-->[39m [37mGET[39m [37m/wd/hub/session/b1f52950-d91e-480c-afe7-f28e156b0ffe/window/rect[39m
[35m[HTTP][39m [90m{}[39m
[35m[HTTP][39m [37m<-- GET /wd/hub/session/b1f52950-d91e-480c-afe7-f28e156b0ffe/window/rect [39m[32m200[39m [90m17 ms - 50[39m
[35m[HTTP][39m [90m[39m
[35m[HTTP][39m [37m-->[39m [37mPOST[39m [37m/wd/hub/session/b1f52950-d91e-480c-afe7-f28e156b0ffe/elements[39m
[35m[HTTP][39m [90m{"using":"xpath","value":"//*[@class = 'android.widget.CheckBox' and @resource-id = 'com.vq.mbrochuregp.client.android:id/cb_asuransi_perluasan_checkbox_asuransi' and (@text = '' or . = '')]"}[39m
[35m[HTTP][39m [37m<-- POST /wd/hub/session/b1f52950-d91e-480c-afe7-f28e156b0ffe/elements [39m[32m200[39m [90m1105 ms - 267[39m
[35m[HTTP][39m [90m[39m
[35m[HTTP][39m [37m-->[39m [37mGET[39m [37m/wd/hub/session/b1f52950-d91e-480c-afe7-f28e156b0ffe/element/00000000-0000-04e0-ffff-ffff000012c8/location[39m
[35m[HTTP][39m [90m{}[39m
[35m[W3C (b1f52950)][39m Driver proxy active, passing request on via HTTP proxy
[35m[WD Proxy][39m Replacing sessionId 1a5f544f-c06e-45a7-ae7c-a2ba1e682a6e with b1f52950-d91e-480c-afe7-f28e156b0ffe
[35m[HTTP][39m [37m<-- GET /wd/hub/session/b1f52950-d91e-480c-afe7-f28e156b0ffe/element/00000000-0000-04e0-ffff-ffff000012c8/location [39m[32m200[39m [90m590 ms - 77[39m
[35m[HTTP][39m [90m[39m
[35m[HTTP][39m [37m-->[39m [37mPOST[39m [37m/wd/hub/session/b1f52950-d91e-480c-afe7-f28e156b0ffe/timeouts[39m
[35m[HTTP][39m [90m{"implicit":30000}[39m
[35m[HTTP][39m [37m<-- POST /wd/hub/session/b1f52950-d91e-480c-afe7-f28e156b0ffe/timeouts [39m[32m200[39m [90m2 ms - 14[39m
[35m[HTTP][39m [90m[39m
[35m[HTTP][39m [37m-->[39m [37mPOST[39m [37m/wd/hub/session/b1f52950-d91e-480c-afe7-f28e156b0ffe/touch/perform[39m
[35m[HTTP][39m [90m{"actions":[{"action":"tap","options":{"x":1,"y":1,"element":"00000000-0000-04e0-ffff-ffff000012c8"}},{"action":"release","options":{}}]}[39m
[35m[UiAutomator2][39m calling get location: 00000000-0000-04e0-ffff-ffff000012c8
[35m[HTTP][39m [37m<-- POST /wd/hub/session/b1f52950-d91e-480c-afe7-f28e156b0ffe/touch/perform [39m[32m200[39m [90m211 ms - 14[39m
[35m[HTTP][39m [90m[39m
[35m[HTTP][39m [37m-->[39m [37mGET[39m [37m/wd/hub/session/b1f52950-d91e-480c-afe7-f28e156b0ffe/context[39m
[35m[HTTP][39m [90m{}[39m
[35m[HTTP][39m [37m<-- GET /wd/hub/session/b1f52950-d91e-480c-afe7-f28e156b0ffe/context [39m[32m200[39m [90m2 ms - 22[39m
[35m[HTTP][39m [90m[39m
[35m[HTTP][39m [37m-->[39m [37mGET[39m [37m/wd/hub/session/b1f52950-d91e-480c-afe7-f28e156b0ffe/contexts[39m
[35m[HTTP][39m [90m{}[39m
[35m[HTTP][39m [37m<-- GET /wd/hub/session/b1f52950-d91e-480c-afe7-f28e156b0ffe/contexts [39m[32m200[39m [90m106 ms - 24[39m
[35m[HTTP][39m [90m[39m
[35m[HTTP][39m [37m-->[39m [37mPOST[39m [37m/wd/hub/session/b1f52950-d91e-480c-afe7-f28e156b0ffe/context[39m
[35m[HTTP][39m [90m{"name":"NATIVE_APP"}[39m
[35m[HTTP][39m [37m<-- POST /wd/hub/session/b1f52950-d91e-480c-afe7-f28e156b0ffe/context [39m[32m200[39m [90m1 ms - 14[39m
[35m[HTTP][39m [90m[39m
[35m[HTTP][39m [37m-->[39m [37mGET[39m [37m/wd/hub/session/b1f52950-d91e-480c-afe7-f28e156b0ffe/window/rect[39m
[35m[HTTP][39m [90m{}[39m
[35m[HTTP][39m [37m<-- GET /wd/hub/session/b1f52950-d91e-480c-afe7-f28e156b0ffe/window/rect [39m[32m200[39m [90m22 ms - 50[39m
[35m[HTTP][39m [90m[39m
[35m[HTTP][39m [37m-->[39m [37mPOST[39m [37m/wd/hub/session/b1f52950-d91e-480c-afe7-f28e156b0ffe/execute/sync[39m
[35m[HTTP][39m [90m{"script":"mobile: viewportScreenshot","args":[]}[39m
[35m[AndroidDriver][39m Executing native command 'mobile: viewportScreenshot'
[35m[HTTP][39m [37m<-- POST /wd/hub/session/b1f52950-d91e-480c-afe7-f28e156b0ffe/execute/sync [39m[32m200[39m [90m1321 ms - 166936[39m
[35m[HTTP][39m [90m[39m
[35m[HTTP][39m [37m-->[39m [37mPOST[39m [37m/wd/hub/session/b1f52950-d91e-480c-afe7-f28e156b0ffe/context[39m
[35m[HTTP][39m [90m{"name":"NATIVE_APP"}[39m
[35m[HTTP][39m [37m<-- POST /wd/hub/session/b1f52950-d91e-480c-afe7-f28e156b0ffe/context [39m[32m200[39m [90m1 ms - 14[39m
[35m[HTTP][39m [90m[39m
[35m[HTTP][39m [37m-->[39m [37mGET[39m [37m/wd/hub/session/b1f52950-d91e-480c-afe7-f28e156b0ffe/window/rect[39m
[35m[HTTP][39m [90m{}[39m
[35m[HTTP][39m [37m<-- GET /wd/hub/session/b1f52950-d91e-480c-afe7-f28e156b0ffe/window/rect [39m[32m200[39m [90m23 ms - 50[39m
[35m[HTTP][39m [90m[39m
[35m[HTTP][39m [37m-->[39m [37mPOST[39m [37m/wd/hub/session/b1f52950-d91e-480c-afe7-f28e156b0ffe/elements[39m
[35m[HTTP][39m [90m{"using":"xpath","value":"//*[@class = 'android.widget.Button' and (@text = 'Lanjutkan >' or . = 'Lanjutkan >') and @resource-id = 'com.vq.mbrochuregp.client.android:id/btn_asuransi_perluasan_next']"}[39m
[35m[HTTP][39m [37m<-- POST /wd/hub/session/b1f52950-d91e-480c-afe7-f28e156b0ffe/elements [39m[32m200[39m [90m432 ms - 139[39m
[35m[HTTP][39m [90m[39m
[35m[HTTP][39m [37m-->[39m [37mGET[39m [37m/wd/hub/session/b1f52950-d91e-480c-afe7-f28e156b0ffe/element/00000000-0000-04e0-ffff-ffff000012b9/location[39m
[35m[HTTP][39m [90m{}[39m
[35m[W3C (b1f52950)][39m Driver proxy active, passing request on via HTTP proxy
[35m[WD Proxy][39m Replacing sessionId 1a5f544f-c06e-45a7-ae7c-a2ba1e682a6e with b1f52950-d91e-480c-afe7-f28e156b0ffe
[35m[HTTP][39m [37m<-- GET /wd/hub/session/b1f52950-d91e-480c-afe7-f28e156b0ffe/element/00000000-0000-04e0-ffff-ffff000012b9/location [39m[32m200[39m [90m27 ms - 78[39m
[35m[HTTP][39m [90m[39m
[35m[HTTP][39m [37m-->[39m [37mPOST[39m [37m/wd/hub/session/b1f52950-d91e-480c-afe7-f28e156b0ffe/element/00000000-0000-04e0-ffff-ffff000012b9/click[39m
[35m[HTTP][39m [90m{"id":"00000000-0000-04e0-ffff-ffff000012b9"}[39m
[35m[HTTP][39m [37m<-- POST /wd/hub/session/b1f52950-d91e-480c-afe7-f28e156b0ffe/element/00000000-0000-04e0-ffff-ffff000012b9/click [39m[32m200[39m [90m57 ms - 14[39m
[35m[HTTP][39m [90m[39m
[35m[HTTP][39m [37m-->[39m [37mGET[39m [37m/wd/hub/session/b1f52950-d91e-480c-afe7-f28e156b0ffe/context[39m
[35m[HTTP][39m [90m{}[39m
[35m[HTTP][39m [37m<-- GET /wd/hub/session/b1f52950-d91e-480c-afe7-f28e156b0ffe/context [39m[32m200[39m [90m2 ms - 22[39m
[35m[HTTP][39m [90m[39m
[35m[HTTP][39m [37m-->[39m [37mGET[39m [37m/wd/hub/session/b1f52950-d91e-480c-afe7-f28e156b0ffe/contexts[39m
[35m[HTTP][39m [90m{}[39m
[35m[HTTP][39m [37m<-- GET /wd/hub/session/b1f52950-d91e-480c-afe7-f28e156b0ffe/contexts [39m[32m200[39m [90m132 ms - 24[39m
[35m[HTTP][39m [90m[39m
[35m[HTTP][39m [37m-->[39m [37mPOST[39m [37m/wd/hub/session/b1f52950-d91e-480c-afe7-f28e156b0ffe/context[39m
[35m[HTTP][39m [90m{"name":"NATIVE_APP"}[39m
[35m[HTTP][39m [37m<-- POST /wd/hub/session/b1f52950-d91e-480c-afe7-f28e156b0ffe/context [39m[32m200[39m [90m2 ms - 14[39m
[35m[HTTP][39m [90m[39m
[35m[HTTP][39m [37m-->[39m [37mGET[39m [37m/wd/hub/session/b1f52950-d91e-480c-afe7-f28e156b0ffe/window/rect[39m
[35m[HTTP][39m [90m{}[39m
[35m[HTTP][39m [37m<-- GET /wd/hub/session/b1f52950-d91e-480c-afe7-f28e156b0ffe/window/rect [39m[32m200[39m [90m20 ms - 50[39m
[35m[HTTP][39m [90m[39m
[35m[HTTP][39m [37m-->[39m [37mPOST[39m [37m/wd/hub/session/b1f52950-d91e-480c-afe7-f28e156b0ffe/execute/sync[39m
[35m[HTTP][39m [90m{"script":"mobile: viewportScreenshot","args":[]}[39m
[35m[AndroidDriver][39m Executing native command 'mobile: viewportScreenshot'
[35m[HTTP][39m [37m<-- POST /wd/hub/session/b1f52950-d91e-480c-afe7-f28e156b0ffe/execute/sync [39m[32m200[39m [90m1215 ms - 279260[39m
[35m[HTTP][39m [90m[39m
[35m[HTTP][39m [37m-->[39m [37mPOST[39m [37m/wd/hub/session/b1f52950-d91e-480c-afe7-f28e156b0ffe/context[39m
[35m[HTTP][39m [90m{"name":"NATIVE_APP"}[39m
[35m[HTTP][39m [37m<-- POST /wd/hub/session/b1f52950-d91e-480c-afe7-f28e156b0ffe/context [39m[32m200[39m [90m2 ms - 14[39m
[35m[HTTP][39m [90m[39m
[35m[HTTP][39m [37m-->[39m [37mGET[39m [37m/wd/hub/session/b1f52950-d91e-480c-afe7-f28e156b0ffe/window/rect[39m
[35m[HTTP][39m [90m{}[39m
[35m[HTTP][39m [37m<-- GET /wd/hub/session/b1f52950-d91e-480c-afe7-f28e156b0ffe/window/rect [39m[32m200[39m [90m25 ms - 50[39m
[35m[HTTP][39m [90m[39m
[35m[HTTP][39m [37m-->[39m [37mPOST[39m [37m/wd/hub/session/b1f52950-d91e-480c-afe7-f28e156b0ffe/elements[39m
[35m[HTTP][39m [90m{"using":"xpath","value":"//*[@class = 'android.widget.Button' and (@text = 'Submit' or . = 'Submit') and @resource-id = 'com.vq.mbrochuregp.client.android:id/btn_upgrade_asuransi_result_submit']"}[39m
[35m[HTTP][39m [37m<-- POST /wd/hub/session/b1f52950-d91e-480c-afe7-f28e156b0ffe/elements [39m[32m200[39m [90m366 ms - 139[39m
[35m[HTTP][39m [90m[39m
[35m[HTTP][39m [37m-->[39m [37mGET[39m [37m/wd/hub/session/b1f52950-d91e-480c-afe7-f28e156b0ffe/element/00000000-0000-04e1-ffff-ffff00001350/location[39m
[35m[HTTP][39m [90m{}[39m
[35m[W3C (b1f52950)][39m Driver proxy active, passing request on via HTTP proxy
[35m[WD Proxy][39m Replacing sessionId 1a5f544f-c06e-45a7-ae7c-a2ba1e682a6e with b1f52950-d91e-480c-afe7-f28e156b0ffe
[35m[HTTP][39m [37m<-- GET /wd/hub/session/b1f52950-d91e-480c-afe7-f28e156b0ffe/element/00000000-0000-04e1-ffff-ffff00001350/location [39m[32m200[39m [90m30 ms - 78[39m
[35m[HTTP][39m [90m[39m
[35m[HTTP][39m [37m-->[39m [37mPOST[39m [37m/wd/hub/session/b1f52950-d91e-480c-afe7-f28e156b0ffe/element/00000000-0000-04e1-ffff-ffff00001350/click[39m
[35m[HTTP][39m [90m{"id":"00000000-0000-04e1-ffff-ffff00001350"}[39m
[35m[HTTP][39m [37m<-- POST /wd/hub/session/b1f52950-d91e-480c-afe7-f28e156b0ffe/element/00000000-0000-04e1-ffff-ffff00001350/click [39m[32m200[39m [90m64 ms - 14[39m
[35m[HTTP][39m [90m[39m
[35m[HTTP][39m [37m-->[39m [37mPOST[39m [37m/wd/hub/session/b1f52950-d91e-480c-afe7-f28e156b0ffe/timeouts[39m
[35m[HTTP][39m [90m{"implicit":50}[39m
[35m[HTTP][39m [37m<-- POST /wd/hub/session/b1f52950-d91e-480c-afe7-f28e156b0ffe/timeouts [39m[32m200[39m [90m2 ms - 14[39m
[35m[HTTP][39m [90m[39m
[35m[HTTP][39m [37m-->[39m [37mGET[39m [37m/wd/hub/session/b1f52950-d91e-480c-afe7-f28e156b0ffe/window/rect[39m
[35m[HTTP][39m [90m{}[39m
[35m[HTTP][39m [37m<-- GET /wd/hub/session/b1f52950-d91e-480c-afe7-f28e156b0ffe/window/rect [39m[32m200[39m [90m23 ms - 50[39m
[35m[HTTP][39m [90m[39m
[35m[HTTP][39m [37m-->[39m [37mPOST[39m [37m/wd/hub/session/b1f52950-d91e-480c-afe7-f28e156b0ffe/elements[39m
[35m[HTTP][39m [90m{"using":"xpath","value":"//*[@class = 'android.widget.Button' and (@text = 'YA' or . = 'YA') and @resource-id = 'android:id/button1']"}[39m
[35m[HTTP][39m [37m<-- POST /wd/hub/session/b1f52950-d91e-480c-afe7-f28e156b0ffe/elements [39m[32m200[39m [90m572 ms - 139[39m
[35m[HTTP][39m [90m[39m
[35m[HTTP][39m [37m-->[39m [37mGET[39m [37m/wd/hub/session/b1f52950-d91e-480c-afe7-f28e156b0ffe/element/00000000-0000-04e2-ffff-ffff00001387/location[39m
[35m[HTTP][39m [90m{}[39m
[35m[W3C (b1f52950)][39m Driver proxy active, passing request on via HTTP proxy
[35m[WD Proxy][39m Replacing sessionId 1a5f544f-c06e-45a7-ae7c-a2ba1e682a6e with b1f52950-d91e-480c-afe7-f28e156b0ffe
[35m[HTTP][39m [37m<-- GET /wd/hub/session/b1f52950-d91e-480c-afe7-f28e156b0ffe/element/00000000-0000-04e2-ffff-ffff00001387/location [39m[32m200[39m [90m25 ms - 79[39m
[35m[HTTP][39m [90m[39m
[35m[HTTP][39m [37m-->[39m [37mPOST[39m [37m/wd/hub/session/b1f52950-d91e-480c-afe7-f28e156b0ffe/timeouts[39m
[35m[HTTP][39m [90m{"implicit":30000}[39m
[35m[HTTP][39m [37m<-- POST /wd/hub/session/b1f52950-d91e-480c-afe7-f28e156b0ffe/timeouts [39m[32m200[39m [90m3 ms - 14[39m
[35m[HTTP][39m [90m[39m
[35m[HTTP][39m [37m-->[39m [37mPOST[39m [37m/wd/hub/session/b1f52950-d91e-480c-afe7-f28e156b0ffe/touch/perform[39m
[35m[HTTP][39m [90m{"actions":[{"action":"tap","options":{"x":1,"y":1,"element":"00000000-0000-04e2-ffff-ffff00001387"}},{"action":"release","options":{}}]}[39m
[35m[UiAutomator2][39m calling get location: 00000000-0000-04e2-ffff-ffff00001387
[35m[HTTP][39m [37m<-- POST /wd/hub/session/b1f52950-d91e-480c-afe7-f28e156b0ffe/touch/perform [39m[32m200[39m [90m218 ms - 14[39m
[35m[HTTP][39m [90m[39m
[35m[HTTP][39m [37m-->[39m [37mGET[39m [37m/wd/hub/session/b1f52950-d91e-480c-afe7-f28e156b0ffe/context[39m
[35m[HTTP][39m [90m{}[39m
[35m[HTTP][39m [37m<-- GET /wd/hub/session/b1f52950-d91e-480c-afe7-f28e156b0ffe/context [39m[32m200[39m [90m3 ms - 22[39m
[35m[HTTP][39m [90m[39m
[35m[HTTP][39m [37m-->[39m [37mGET[39m [37m/wd/hub/session/b1f52950-d91e-480c-afe7-f28e156b0ffe/contexts[39m
[35m[HTTP][39m [90m{}[39m
[35m[HTTP][39m [37m<-- GET /wd/hub/session/b1f52950-d91e-480c-afe7-f28e156b0ffe/contexts [39m[32m200[39m [90m100 ms - 24[39m
[35m[HTTP][39m [90m[39m
[35m[HTTP][39m [37m-->[39m [37mPOST[39m [37m/wd/hub/session/b1f52950-d91e-480c-afe7-f28e156b0ffe/context[39m
[35m[HTTP][39m [90m{"name":"NATIVE_APP"}[39m
[35m[HTTP][39m [37m<-- POST /wd/hub/session/b1f52950-d91e-480c-afe7-f28e156b0ffe/context [39m[32m200[39m [90m1 ms - 14[39m
[35m[HTTP][39m [90m[39m
[35m[HTTP][39m [37m-->[39m [37mGET[39m [37m/wd/hub/session/b1f52950-d91e-480c-afe7-f28e156b0ffe/window/rect[39m
[35m[HTTP][39m [90m{}[39m
[35m[HTTP][39m [37m<-- GET /wd/hub/session/b1f52950-d91e-480c-afe7-f28e156b0ffe/window/rect [39m[32m200[39m [90m19 ms - 50[39m
[35m[HTTP][39m [90m[39m
[35m[HTTP][39m [37m-->[39m [37mPOST[39m [37m/wd/hub/session/b1f52950-d91e-480c-afe7-f28e156b0ffe/execute/sync[39m
[35m[HTTP][39m [90m{"script":"mobile: viewportScreenshot","args":[]}[39m
[35m[AndroidDriver][39m Executing native command 'mobile: viewportScreenshot'
[35m[HTTP][39m [37m<-- POST /wd/hub/session/b1f52950-d91e-480c-afe7-f28e156b0ffe/execute/sync [39m[32m200[39m [90m1325 ms - 142576[39m
[35m[HTTP][39m [90m[39m
[35m[HTTP][39m [37m-->[39m [37mPOST[39m [37m/wd/hub/session/b1f52950-d91e-480c-afe7-f28e156b0ffe/context[39m
[35m[HTTP][39m [90m{"name":"NATIVE_APP"}[39m
[35m[HTTP][39m [37m<-- POST /wd/hub/session/b1f52950-d91e-480c-afe7-f28e156b0ffe/context [39m[32m200[39m [90m2 ms - 14[39m
[35m[HTTP][39m [90m[39m
[35m[HTTP][39m [37m-->[39m [37mPOST[39m [37m/wd/hub/session/b1f52950-d91e-480c-afe7-f28e156b0ffe/timeouts[39m
[35m[HTTP][39m [90m{"implicit":50}[39m
[35m[HTTP][39m [37m<-- POST /wd/hub/session/b1f52950-d91e-480c-afe7-f28e156b0ffe/timeouts [39m[32m200[39m [90m2 ms - 14[39m
[35m[HTTP][39m [90m[39m
[35m[HTTP][39m [37m-->[39m [37mGET[39m [37m/wd/hub/session/b1f52950-d91e-480c-afe7-f28e156b0ffe/window/rect[39m
[35m[HTTP][39m [90m{}[39m
[35m[HTTP][39m [37m<-- GET /wd/hub/session/b1f52950-d91e-480c-afe7-f28e156b0ffe/window/rect [39m[32m200[39m [90m26 ms - 50[39m
[35m[HTTP][39m [90m[39m
[35m[HTTP][39m [37m-->[39m [37mPOST[39m [37m/wd/hub/session/b1f52950-d91e-480c-afe7-f28e156b0ffe/elements[39m
[35m[HTTP][39m [90m{"using":"xpath","value":"//*[@class = 'android.widget.Button' and (@text = 'Kembali' or . = 'Kembali') and @resource-id = 'com.vq.mbrochuregp.client.android:id/btn_asuransi_save_back']"}[39m
[35m[HTTP][39m [37m<-- POST /wd/hub/session/b1f52950-d91e-480c-afe7-f28e156b0ffe/elements [39m[32m200[39m [90m158 ms - 139[39m
[35m[HTTP][39m [90m[39m
[35m[HTTP][39m [37m-->[39m [37mGET[39m [37m/wd/hub/session/b1f52950-d91e-480c-afe7-f28e156b0ffe/element/00000000-0000-04e3-ffff-ffff0000139c/location[39m
[35m[HTTP][39m [90m{}[39m
[35m[W3C (b1f52950)][39m Driver proxy active, passing request on via HTTP proxy
[35m[WD Proxy][39m Replacing sessionId 1a5f544f-c06e-45a7-ae7c-a2ba1e682a6e with b1f52950-d91e-480c-afe7-f28e156b0ffe
[35m[HTTP][39m [37m<-- GET /wd/hub/session/b1f52950-d91e-480c-afe7-f28e156b0ffe/element/00000000-0000-04e3-ffff-ffff0000139c/location [39m[32m200[39m [90m27 ms - 79[39m
[35m[HTTP][39m [90m[39m
[35m[HTTP][39m [37m-->[39m [37mPOST[39m [37m/wd/hub/session/b1f52950-d91e-480c-afe7-f28e156b0ffe/timeouts[39m
[35m[HTTP][39m [90m{"implicit":30000}[39m
[35m[HTTP][39m [37m<-- POST /wd/hub/session/b1f52950-d91e-480c-afe7-f28e156b0ffe/timeouts [39m[32m200[39m [90m2 ms - 14[39m
[35m[HTTP][39m [90m[39m
[35m[HTTP][39m [37m-->[39m [37mPOST[39m [37m/wd/hub/session/b1f52950-d91e-480c-afe7-f28e156b0ffe/touch/perform[39m
[35m[HTTP][39m [90m{"actions":[{"action":"tap","options":{"x":1,"y":1,"element":"00000000-0000-04e3-ffff-ffff0000139c"}},{"action":"release","options":{}}]}[39m
[35m[UiAutomator2][39m calling get location: 00000000-0000-04e3-ffff-ffff0000139c
[35m[HTTP][39m [37m<-- POST /wd/hub/session/b1f52950-d91e-480c-afe7-f28e156b0ffe/touch/perform [39m[32m200[39m [90m214 ms - 14[39m
[35m[HTTP][39m [90m[39m
[35m[HTTP][39m [37m-->[39m [37mGET[39m [37m/wd/hub/session/b1f52950-d91e-480c-afe7-f28e156b0ffe/context[39m
[35m[HTTP][39m [90m{}[39m
[35m[HTTP][39m [37m<-- GET /wd/hub/session/b1f52950-d91e-480c-afe7-f28e156b0ffe/context [39m[32m200[39m [90m3 ms - 22[39m
[35m[HTTP][39m [90m[39m
[35m[HTTP][39m [37m-->[39m [37mGET[39m [37m/wd/hub/session/b1f52950-d91e-480c-afe7-f28e156b0ffe/contexts[39m
[35m[HTTP][39m [90m{}[39m
[35m[HTTP][39m [37m<-- GET /wd/hub/session/b1f52950-d91e-480c-afe7-f28e156b0ffe/contexts [39m[32m200[39m [90m111 ms - 24[39m
[35m[HTTP][39m [90m[39m
[35m[HTTP][39m [37m-->[39m [37mPOST[39m [37m/wd/hub/session/b1f52950-d91e-480c-afe7-f28e156b0ffe/context[39m
[35m[HTTP][39m [90m{"name":"NATIVE_APP"}[39m
[35m[HTTP][39m [37m<-- POST /wd/hub/session/b1f52950-d91e-480c-afe7-f28e156b0ffe/context [39m[32m200[39m [90m1 ms - 14[39m
[35m[HTTP][39m [90m[39m
[35m[HTTP][39m [37m-->[39m [37mPOST[39m [37m/wd/hub/session/b1f52950-d91e-480c-afe7-f28e156b0ffe/appium/device/press_keycode[39m
[35m[HTTP][39m [90m{"keycode":4}[39m
[35m[HTTP][39m [37m<-- POST /wd/hub/session/b1f52950-d91e-480c-afe7-f28e156b0ffe/appium/device/press_keycode [39m[32m200[39m [90m1242 ms - 14[39m
[35m[HTTP][39m [90m[39m
[35m[HTTP][39m [37m-->[39m [37mPOST[39m [37m/wd/hub/session/b1f52950-d91e-480c-afe7-f28e156b0ffe/context[39m
[35m[HTTP][39m [90m{"name":"NATIVE_APP"}[39m
[35m[HTTP][39m [37m<-- POST /wd/hub/session/b1f52950-d91e-480c-afe7-f28e156b0ffe/context [39m[32m200[39m [90m3 ms - 14[39m
[35m[HTTP][39m [90m[39m
[35m[HTTP][39m [37m-->[39m [37mGET[39m [37m/wd/hub/session/b1f52950-d91e-480c-afe7-f28e156b0ffe/context[39m
[35m[HTTP][39m [90m{}[39m
[35m[HTTP][39m [37m<-- GET /wd/hub/session/b1f52950-d91e-480c-afe7-f28e156b0ffe/context [39m[32m200[39m [90m2 ms - 22[39m
[35m[HTTP][39m [90m[39m
[35m[HTTP][39m [37m-->[39m [37mGET[39m [37m/wd/hub/session/b1f52950-d91e-480c-afe7-f28e156b0ffe/contexts[39m
[35m[HTTP][39m [90m{}[39m
[35m[HTTP][39m [37m<-- GET /wd/hub/session/b1f52950-d91e-480c-afe7-f28e156b0ffe/contexts [39m[32m200[39m [90m121 ms - 24[39m
[35m[HTTP][39m [90m[39m
[35m[HTTP][39m [37m-->[39m [37mPOST[39m [37m/wd/hub/session/b1f52950-d91e-480c-afe7-f28e156b0ffe/context[39m
[35m[HTTP][39m [90m{"name":"NATIVE_APP"}[39m
[35m[HTTP][39m [37m<-- POST /wd/hub/session/b1f52950-d91e-480c-afe7-f28e156b0ffe/context [39m[32m200[39m [90m2 ms - 14[39m
[35m[HTTP][39m [90m[39m
[35m[HTTP][39m [37m-->[39m [37mPOST[39m [37m/wd/hub/session/b1f52950-d91e-480c-afe7-f28e156b0ffe/appium/device/press_keycode[39m
[35m[HTTP][39m [90m{"keycode":4}[39m
[35m[HTTP][39m [37m<-- POST /wd/hub/session/b1f52950-d91e-480c-afe7-f28e156b0ffe/appium/device/press_keycode [39m[32m200[39m [90m1641 ms - 14[39m
[35m[HTTP][39m [90m[39m
[35m[HTTP][39m [37m-->[39m [37mPOST[39m [37m/wd/hub/session/b1f52950-d91e-480c-afe7-f28e156b0ffe/context[39m
[35m[HTTP][39m [90m{"name":"NATIVE_APP"}[39m
[35m[HTTP][39m [37m<-- POST /wd/hub/session/b1f52950-d91e-480c-afe7-f28e156b0ffe/context [39m[32m200[39m [90m2 ms - 14[39m
[35m[HTTP][39m [90m[39m
[35m[HTTP][39m [37m-->[39m [37mGET[39m [37m/wd/hub/session/b1f52950-d91e-480c-afe7-f28e156b0ffe/window/rect[39m
[35m[HTTP][39m [90m{}[39m
[35m[HTTP][39m [37m<-- GET /wd/hub/session/b1f52950-d91e-480c-afe7-f28e156b0ffe/window/rect [39m[32m200[39m [90m21 ms - 50[39m
[35m[HTTP][39m [90m[39m
[35m[HTTP][39m [37m-->[39m [37mPOST[39m [37m/wd/hub/session/b1f52950-d91e-480c-afe7-f28e156b0ffe/elements[39m
[35m[HTTP][39m [90m{"using":"xpath","value":"//*[@resource-id = 'com.vq.mbrochuregp.client.android:id/iv_home_profil_icon' and @package = 'com.vq.mbrochuregp.client.android']"}[39m
[35m[HTTP][39m [37m<-- POST /wd/hub/session/b1f52950-d91e-480c-afe7-f28e156b0ffe/elements [39m[32m200[39m [90m713 ms - 139[39m
[35m[HTTP][39m [90m[39m
[35m[HTTP][39m [37m-->[39m [37mGET[39m [37m/wd/hub/session/b1f52950-d91e-480c-afe7-f28e156b0ffe/element/00000000-0000-04e8-ffff-ffff0000145f/location[39m
[35m[HTTP][39m [90m{}[39m
[35m[W3C (b1f52950)][39m Driver proxy active, passing request on via HTTP proxy
[35m[WD Proxy][39m Replacing sessionId 1a5f544f-c06e-45a7-ae7c-a2ba1e682a6e with b1f52950-d91e-480c-afe7-f28e156b0ffe
[35m[HTTP][39m [37m<-- GET /wd/hub/session/b1f52950-d91e-480c-afe7-f28e156b0ffe/element/00000000-0000-04e8-ffff-ffff0000145f/location [39m[32m200[39m [90m529 ms - 79[39m
[35m[HTTP][39m [90m[39m
[35m[HTTP][39m [37m-->[39m [37mPOST[39m [37m/wd/hub/session/b1f52950-d91e-480c-afe7-f28e156b0ffe/element/00000000-0000-04e8-ffff-ffff0000145f/click[39m
[35m[HTTP][39m [90m{"id":"00000000-0000-04e8-ffff-ffff0000145f"}[39m
[35m[HTTP][39m [37m<-- POST /wd/hub/session/b1f52950-d91e-480c-afe7-f28e156b0ffe/element/00000000-0000-04e8-ffff-ffff0000145f/click [39m[32m200[39m [90m97 ms - 14[39m
[35m[HTTP][39m [90m[39m
[35m[HTTP][39m [37m-->[39m [37mDELETE[39m [37m/wd/hub/session/b1f52950-d91e-480c-afe7-f28e156b0ffe[39m
[35m[HTTP][39m [90m{}[39m
[35m[Appium][39m Removing session b1f52950-d91e-480c-afe7-f28e156b0ffe from our master session list
[35m[UiAutomator2][39m Restoring hidden api policy to the device default configuration
[35m[HTTP][39m [37m<-- DELETE /wd/hub/session/b1f52950-d91e-480c-afe7-f28e156b0ffe [39m[32m200[39m [90m488 ms - 14[39m
[35m[HTTP][39m [90m[39m
