[35m[Appium][39m Welcome to Appium v1.22.2
[35m[Appium][39m Non-default server args:
[35m[Appium][39m   port: 61745
[35m[Appium][39m   loglevel: info
[35m[Appium][39m   tmpDir: C:\Users\NIAYUS~1\AppData\Local\Temp\\Katalon\Appium\Temp1655371276467
[35m[Appium][39m   chromedriverPort: 61746
[35m[Appium][39m Deprecated server args:
[35m[Appium][39m   [31m--chromedriver-port[39m => --default-capabilities
[35m[Appium][39m Default capabilities, which will be added to each request unless overridden by desired capabilities:
[35m[Appium][39m   chromedriverPort: 61746
[35m[Appium][39m Appium REST http interface listener started on 0.0.0.0:61745
[35m[HTTP][39m [37m-->[39m [37mGET[39m [37m/wd/hub/status[39m
[35m[HTTP][39m [90m{}[39m
[35m[HTTP][39m [37m<-- GET /wd/hub/status [39m[32m200[39m [90m7 ms - 68[39m
[35m[HTTP][39m [90m[39m
[35m[HTTP][39m [37m-->[39m [37mPOST[39m [37m/wd/hub/session[39m
[35m[HTTP][39m [90m{"desiredCapabilities":{"appActivity":".Settings","appPackage":"com.android.settings","newCommandTimeout":1800,"platformVersion":"11","automationName":"uiautomator2","autoGrantPermissions":true,"platformName":"Android","udid":"RR8N605F11Y","deviceName":"samsung SM-M315F (Android 11)","platform":"ANDROID","systemPort":8288},"capabilities":{"firstMatch":[{"appium:appActivity":".Settings","appium:appPackage":"com.android.settings","appium:autoGrantPermissions":true,"appium:automationName":"uiautomator2","appium:deviceName":"samsung SM-M315F (Android 11)","appium:newCommandTimeout":1800,"platform":"ANDROID","platformName":"android","appium:platformVersion":"11","appium:systemPort":8288,"appium:udid":"RR8N605F11Y"}]}}[39m
[35m[BaseDriver][39m The following capabilities are not standard capabilities and should have an extension prefix:
[35m[BaseDriver][39m   platform
[35m[BaseDriver][39m   chromedriverPort
[35m[Appium][39m Appium v1.22.2 creating new AndroidUiautomator2Driver (v1.70.1) session
[35m[BaseDriver][39m The following capabilities were provided, but are not recognized by Appium:
[35m[BaseDriver][39m   platform
[35m[BaseDriver][39m Session created with session id: 17e2dfdb-bd60-4ee3-9128-e4a3c1247a39
[35m[UiAutomator2][39m Starting 'com.android.settings' directly on the device
[35m[ADB][39m Cannot sort build-tools folders ["29.0.3","android-8.1.0"] by semantic version names.
[35m[ADB][39m Falling back to sorting by modification date. Original error: Invalid Version: android-8.1.0
[35m[ADB][39m Found 2 'build-tools' folders under 'C:\Users\Nia Yusniati\.katalon\tools\android_sdk' (newest first):
[35m[ADB][39m     C:/Users/Nia Yusniati/.katalon/tools/android_sdk/build-tools/29.0.3
[35m[ADB][39m     C:/Users/Nia Yusniati/.katalon/tools/android_sdk/build-tools/android-8.1.0
[35m[ADB][39m Using 'adb.exe' from 'C:\Users\Nia Yusniati\.katalon\tools\android_sdk\platform-tools\adb.exe'
[35m[AndroidDriver][39m Retrieving device list
[35m[AndroidDriver][39m Using device: RR8N605F11Y
[35m[ADB][39m Using 'adb.exe' from 'C:\Users\Nia Yusniati\.katalon\tools\android_sdk\platform-tools\adb.exe'
[35m[ADB][39m Getting device platform version
[35m[UiAutomator2][39m Relaxing hidden api policy
[35m[AndroidDriver][39m No app sent in, not parsing package/activity
[35m[ADB][39m Using 'apksigner.jar' from 'C:\Users\Nia Yusniati\.katalon\tools\android_sdk\build-tools\29.0.3\lib\apksigner.jar'
[35m[ADB][39m 'C:\Users\Nia Yusniati\AppData\Roaming\npm\node_modules\appium\node_modules\appium-uiautomator2-server\apks\appium-uiautomator2-server-v4.27.0.apk' is signed with the default certificate
[35m[ADB][39m 'C:\Users\Nia Yusniati\AppData\Roaming\npm\node_modules\appium\node_modules\appium-uiautomator2-server\apks\appium-uiautomator2-server-debug-androidTest.apk' is signed with the default certificate
[35m[UiAutomator2][39m Server packages are not going to be (re)installed
[35m[ADB][39m Adding packages ["io.appium.settings","io.appium.uiautomator2.server","io.appium.uiautomator2.server.test"] to Doze whitelist
[35m[UiAutomator2][39m Starting UIAutomator2 server 4.27.0
[35m[UiAutomator2][39m Using UIAutomator2 server from 'C:\Users\Nia Yusniati\AppData\Roaming\npm\node_modules\appium\node_modules\appium-uiautomator2-server\apks\appium-uiautomator2-server-v4.27.0.apk' and test from 'C:\Users\Nia Yusniati\AppData\Roaming\npm\node_modules\appium\node_modules\appium-uiautomator2-server\apks\appium-uiautomator2-server-debug-androidTest.apk'
[35m[UiAutomator2][39m Waiting up to 30000ms for UiAutomator2 to be online...
[35m[WD Proxy][39m socket hang up
[35m[WD Proxy][39m socket hang up
[35m[WD Proxy][39m socket hang up
[35m[WD Proxy][39m Determined the downstream protocol as 'W3C'
[35m[AndroidDriver][39m Screen already unlocked, doing nothing
[35m[UiAutomator2][39m Starting 'com.android.settings/.Settings and waiting for 'com.android.settings/.Settings'
[35m[Appium][39m New AndroidUiautomator2Driver session created successfully, session 17e2dfdb-bd60-4ee3-9128-e4a3c1247a39 added to master session list
[35m[HTTP][39m [37m<-- POST /wd/hub/session [39m[32m200[39m [90m9730 ms - 1158[39m
[35m[HTTP][39m [90m[39m
[35m[HTTP][39m [37m-->[39m [37mGET[39m [37m/wd/hub/session/17e2dfdb-bd60-4ee3-9128-e4a3c1247a39[39m
[35m[HTTP][39m [90m{}[39m
[35m[HTTP][39m [37m<-- GET /wd/hub/session/17e2dfdb-bd60-4ee3-9128-e4a3c1247a39 [39m[32m200[39m [90m11 ms - 1112[39m
[35m[HTTP][39m [90m[39m
[35m[HTTP][39m [37m-->[39m [37mGET[39m [37m/wd/hub/session/17e2dfdb-bd60-4ee3-9128-e4a3c1247a39[39m
[35m[HTTP][39m [90m{}[39m
[35m[HTTP][39m [37m<-- GET /wd/hub/session/17e2dfdb-bd60-4ee3-9128-e4a3c1247a39 [39m[32m200[39m [90m9 ms - 1112[39m
[35m[HTTP][39m [90m[39m
[35m[HTTP][39m [37m-->[39m [37mGET[39m [37m/wd/hub/status[39m
[35m[HTTP][39m [90m{}[39m
[35m[HTTP][39m [37m<-- GET /wd/hub/status [39m[32m200[39m [90m1 ms - 68[39m
[35m[HTTP][39m [90m[39m
[35m[HTTP][39m [37m-->[39m [37mPOST[39m [37m/wd/hub/session/17e2dfdb-bd60-4ee3-9128-e4a3c1247a39/timeouts[39m
[35m[HTTP][39m [90m{"implicit":30000}[39m
[35m[HTTP][39m [37m<-- POST /wd/hub/session/17e2dfdb-bd60-4ee3-9128-e4a3c1247a39/timeouts [39m[32m200[39m [90m3 ms - 14[39m
[35m[HTTP][39m [90m[39m
[35m[HTTP][39m [37m-->[39m [37mGET[39m [37m/wd/hub/session/17e2dfdb-bd60-4ee3-9128-e4a3c1247a39/screenshot[39m
[35m[HTTP][39m [90m{}[39m
[35m[HTTP][39m [37m<-- GET /wd/hub/session/17e2dfdb-bd60-4ee3-9128-e4a3c1247a39/screenshot [39m[32m200[39m [90m515 ms - 217234[39m
[35m[HTTP][39m [90m[39m
[35m[HTTP][39m [37m-->[39m [37mGET[39m [37m/wd/hub/session/17e2dfdb-bd60-4ee3-9128-e4a3c1247a39/window/rect[39m
[35m[HTTP][39m [90m{}[39m
[35m[HTTP][39m [37m<-- GET /wd/hub/session/17e2dfdb-bd60-4ee3-9128-e4a3c1247a39/window/rect [39m[32m200[39m [90m22 ms - 50[39m
[35m[HTTP][39m [90m[39m
[35m[HTTP][39m [37m-->[39m [37mGET[39m [37m/wd/hub/session/17e2dfdb-bd60-4ee3-9128-e4a3c1247a39/appium/device/system_bars[39m
[35m[HTTP][39m [90m{}[39m
[35m[HTTP][39m [37m<-- GET /wd/hub/session/17e2dfdb-bd60-4ee3-9128-e4a3c1247a39/appium/device/system_bars [39m[32m200[39m [90m120 ms - 148[39m
[35m[HTTP][39m [90m[39m
[35m[HTTP][39m [37m-->[39m [37mPOST[39m [37m/wd/hub/session/17e2dfdb-bd60-4ee3-9128-e4a3c1247a39/appium/device/activate_app[39m
[35m[HTTP][39m [90m{"bundleId":"com.vq.mbrochuregp.client.android"}[39m
[35m[HTTP][39m [37m<-- POST /wd/hub/session/17e2dfdb-bd60-4ee3-9128-e4a3c1247a39/appium/device/activate_app [39m[32m200[39m [90m610 ms - 14[39m
[35m[HTTP][39m [90m[39m
[35m[HTTP][39m [37m-->[39m [37mGET[39m [37m/wd/hub/session/17e2dfdb-bd60-4ee3-9128-e4a3c1247a39/window/rect[39m
[35m[HTTP][39m [90m{}[39m
[35m[HTTP][39m [37m<-- GET /wd/hub/session/17e2dfdb-bd60-4ee3-9128-e4a3c1247a39/window/rect [39m[32m200[39m [90m34 ms - 50[39m
[35m[HTTP][39m [90m[39m
[35m[HTTP][39m [37m-->[39m [37mPOST[39m [37m/wd/hub/session/17e2dfdb-bd60-4ee3-9128-e4a3c1247a39/elements[39m
[35m[HTTP][39m [90m{"using":"xpath","value":"//*[@resource-id = 'com.vq.mbrochuregp.client.android:id/iv_home_profil_icon' and @package = 'com.vq.mbrochuregp.client.android']"}[39m
[35m[HTTP][39m [37m<-- POST /wd/hub/session/17e2dfdb-bd60-4ee3-9128-e4a3c1247a39/elements [39m[32m200[39m [90m1316 ms - 139[39m
[35m[HTTP][39m [90m[39m
[35m[HTTP][39m [37m-->[39m [37mGET[39m [37m/wd/hub/session/17e2dfdb-bd60-4ee3-9128-e4a3c1247a39/element/00000000-0000-09ef-ffff-ffff00000b3b/location[39m
[35m[HTTP][39m [90m{}[39m
[35m[W3C (17e2dfdb)][39m Driver proxy active, passing request on via HTTP proxy
[35m[WD Proxy][39m Replacing sessionId fed1300a-2c7c-4fe7-917f-8a2cf2ceb721 with 17e2dfdb-bd60-4ee3-9128-e4a3c1247a39
[35m[HTTP][39m [37m<-- GET /wd/hub/session/17e2dfdb-bd60-4ee3-9128-e4a3c1247a39/element/00000000-0000-09ef-ffff-ffff00000b3b/location [39m[32m200[39m [90m33 ms - 79[39m
[35m[HTTP][39m [90m[39m
[35m[HTTP][39m [37m-->[39m [37mPOST[39m [37m/wd/hub/session/17e2dfdb-bd60-4ee3-9128-e4a3c1247a39/element/00000000-0000-09ef-ffff-ffff00000b3b/click[39m
[35m[HTTP][39m [90m{"id":"00000000-0000-09ef-ffff-ffff00000b3b"}[39m
[35m[HTTP][39m [37m<-- POST /wd/hub/session/17e2dfdb-bd60-4ee3-9128-e4a3c1247a39/element/00000000-0000-09ef-ffff-ffff00000b3b/click [39m[32m200[39m [90m90 ms - 14[39m
[35m[HTTP][39m [90m[39m
[35m[HTTP][39m [37m-->[39m [37mPOST[39m [37m/wd/hub/session/17e2dfdb-bd60-4ee3-9128-e4a3c1247a39/timeouts[39m
[35m[HTTP][39m [90m{"implicit":50}[39m
[35m[HTTP][39m [37m<-- POST /wd/hub/session/17e2dfdb-bd60-4ee3-9128-e4a3c1247a39/timeouts [39m[32m200[39m [90m2 ms - 14[39m
[35m[HTTP][39m [90m[39m
[35m[HTTP][39m [37m-->[39m [37mGET[39m [37m/wd/hub/session/17e2dfdb-bd60-4ee3-9128-e4a3c1247a39/window/rect[39m
[35m[HTTP][39m [90m{}[39m
[35m[HTTP][39m [37m<-- GET /wd/hub/session/17e2dfdb-bd60-4ee3-9128-e4a3c1247a39/window/rect [39m[32m200[39m [90m34 ms - 50[39m
[35m[HTTP][39m [90m[39m
[35m[HTTP][39m [37m-->[39m [37mPOST[39m [37m/wd/hub/session/17e2dfdb-bd60-4ee3-9128-e4a3c1247a39/elements[39m
[35m[HTTP][39m [90m{"using":"xpath","value":"//hierarchy/android.widget.FrameLayout[1]/android.widget.LinearLayout[1]/android.widget.FrameLayout[1]/android.widget.LinearLayout[1]/android.widget.FrameLayout[1]/android.view.ViewGroup[1]/android.widget.ScrollView[1]/android.widget.LinearLayout[1]/android.view.ViewGroup[1]/android.widget.LinearLayout[1]/android.widget.FrameLayout[1]/android.widget.EditText[1]"}[39m
[35m[HTTP][39m [37m<-- POST /wd/hub/session/17e2dfdb-bd60-4ee3-9128-e4a3c1247a39/elements [39m[32m200[39m [90m267 ms - 139[39m
[35m[HTTP][39m [90m[39m
[35m[HTTP][39m [37m-->[39m [37mGET[39m [37m/wd/hub/session/17e2dfdb-bd60-4ee3-9128-e4a3c1247a39/element/00000000-0000-0a0e-ffff-ffff00000bb5/location[39m
[35m[HTTP][39m [90m{}[39m
[35m[W3C (17e2dfdb)][39m Driver proxy active, passing request on via HTTP proxy
[35m[WD Proxy][39m Replacing sessionId fed1300a-2c7c-4fe7-917f-8a2cf2ceb721 with 17e2dfdb-bd60-4ee3-9128-e4a3c1247a39
[35m[HTTP][39m [37m<-- GET /wd/hub/session/17e2dfdb-bd60-4ee3-9128-e4a3c1247a39/element/00000000-0000-0a0e-ffff-ffff00000bb5/location [39m[32m200[39m [90m28 ms - 77[39m
[35m[HTTP][39m [90m[39m
[35m[HTTP][39m [37m-->[39m [37mPOST[39m [37m/wd/hub/session/17e2dfdb-bd60-4ee3-9128-e4a3c1247a39/timeouts[39m
[35m[HTTP][39m [90m{"implicit":30000}[39m
[35m[HTTP][39m [37m<-- POST /wd/hub/session/17e2dfdb-bd60-4ee3-9128-e4a3c1247a39/timeouts [39m[32m200[39m [90m2 ms - 14[39m
[35m[HTTP][39m [90m[39m
[35m[HTTP][39m [37m-->[39m [37mPOST[39m [37m/wd/hub/session/17e2dfdb-bd60-4ee3-9128-e4a3c1247a39/element/00000000-0000-0a0e-ffff-ffff00000bb5/clear[39m
[35m[HTTP][39m [90m{"id":"00000000-0000-0a0e-ffff-ffff00000bb5"}[39m
[35m[HTTP][39m [37m<-- POST /wd/hub/session/17e2dfdb-bd60-4ee3-9128-e4a3c1247a39/element/00000000-0000-0a0e-ffff-ffff00000bb5/clear [39m[32m200[39m [90m35 ms - 14[39m
[35m[HTTP][39m [90m[39m
[35m[HTTP][39m [37m-->[39m [37mPOST[39m [37m/wd/hub/session/17e2dfdb-bd60-4ee3-9128-e4a3c1247a39/element/00000000-0000-0a0e-ffff-ffff00000bb5/value[39m
[35m[HTTP][39m [90m{"id":"00000000-0000-0a0e-ffff-ffff00000bb5","text":"yuni01@mailinator.com","value":["y","u","n","i","0","1","@","m","a","i","l","i","n","a","t","o","r",".","c","o","m"]}[39m
[35m[HTTP][39m [37m<-- POST /wd/hub/session/17e2dfdb-bd60-4ee3-9128-e4a3c1247a39/element/00000000-0000-0a0e-ffff-ffff00000bb5/value [39m[32m200[39m [90m1003 ms - 14[39m
[35m[HTTP][39m [90m[39m
[35m[HTTP][39m [37m-->[39m [37mPOST[39m [37m/wd/hub/session/17e2dfdb-bd60-4ee3-9128-e4a3c1247a39/timeouts[39m
[35m[HTTP][39m [90m{"implicit":50}[39m
[35m[HTTP][39m [37m<-- POST /wd/hub/session/17e2dfdb-bd60-4ee3-9128-e4a3c1247a39/timeouts [39m[32m200[39m [90m2 ms - 14[39m
[35m[HTTP][39m [90m[39m
[35m[HTTP][39m [37m-->[39m [37mGET[39m [37m/wd/hub/session/17e2dfdb-bd60-4ee3-9128-e4a3c1247a39/window/rect[39m
[35m[HTTP][39m [90m{}[39m
[35m[HTTP][39m [37m<-- GET /wd/hub/session/17e2dfdb-bd60-4ee3-9128-e4a3c1247a39/window/rect [39m[32m200[39m [90m27 ms - 50[39m
[35m[HTTP][39m [90m[39m
[35m[HTTP][39m [37m-->[39m [37mPOST[39m [37m/wd/hub/session/17e2dfdb-bd60-4ee3-9128-e4a3c1247a39/elements[39m
[35m[HTTP][39m [90m{"using":"xpath","value":"//hierarchy/android.widget.FrameLayout[1]/android.widget.LinearLayout[1]/android.widget.FrameLayout[1]/android.widget.LinearLayout[1]/android.widget.FrameLayout[1]/android.view.ViewGroup[1]/android.widget.ScrollView[1]/android.widget.LinearLayout[1]/android.view.ViewGroup[1]/android.widget.LinearLayout[2]/android.widget.FrameLayout[1]/android.widget.EditText[1]"}[39m
[35m[HTTP][39m [37m<-- POST /wd/hub/session/17e2dfdb-bd60-4ee3-9128-e4a3c1247a39/elements [39m[32m200[39m [90m416 ms - 139[39m
[35m[HTTP][39m [90m[39m
[35m[HTTP][39m [37m-->[39m [37mGET[39m [37m/wd/hub/session/17e2dfdb-bd60-4ee3-9128-e4a3c1247a39/element/00000000-0000-0a0e-ffff-ffff00000bb9/location[39m
[35m[HTTP][39m [90m{}[39m
[35m[W3C (17e2dfdb)][39m Driver proxy active, passing request on via HTTP proxy
[35m[WD Proxy][39m Replacing sessionId fed1300a-2c7c-4fe7-917f-8a2cf2ceb721 with 17e2dfdb-bd60-4ee3-9128-e4a3c1247a39
[35m[HTTP][39m [37m<-- GET /wd/hub/session/17e2dfdb-bd60-4ee3-9128-e4a3c1247a39/element/00000000-0000-0a0e-ffff-ffff00000bb9/location [39m[32m200[39m [90m36 ms - 78[39m
[35m[HTTP][39m [90m[39m
[35m[HTTP][39m [37m-->[39m [37mPOST[39m [37m/wd/hub/session/17e2dfdb-bd60-4ee3-9128-e4a3c1247a39/timeouts[39m
[35m[HTTP][39m [90m{"implicit":30000}[39m
[35m[HTTP][39m [37m<-- POST /wd/hub/session/17e2dfdb-bd60-4ee3-9128-e4a3c1247a39/timeouts [39m[32m200[39m [90m1 ms - 14[39m
[35m[HTTP][39m [90m[39m
[35m[HTTP][39m [37m-->[39m [37mPOST[39m [37m/wd/hub/session/17e2dfdb-bd60-4ee3-9128-e4a3c1247a39/element/00000000-0000-0a0e-ffff-ffff00000bb9/clear[39m
[35m[HTTP][39m [90m{"id":"00000000-0000-0a0e-ffff-ffff00000bb9"}[39m
[35m[HTTP][39m [37m<-- POST /wd/hub/session/17e2dfdb-bd60-4ee3-9128-e4a3c1247a39/element/00000000-0000-0a0e-ffff-ffff00000bb9/clear [39m[32m200[39m [90m33 ms - 14[39m
[35m[HTTP][39m [90m[39m
[35m[HTTP][39m [37m-->[39m [37mPOST[39m [37m/wd/hub/session/17e2dfdb-bd60-4ee3-9128-e4a3c1247a39/element/00000000-0000-0a0e-ffff-ffff00000bb9/value[39m
[35m[HTTP][39m [90m{"id":"00000000-0000-0a0e-ffff-ffff00000bb9","text":"123abc","value":["1","2","3","a","b","c"]}[39m
[35m[HTTP][39m [37m<-- POST /wd/hub/session/17e2dfdb-bd60-4ee3-9128-e4a3c1247a39/element/00000000-0000-0a0e-ffff-ffff00000bb9/value [39m[32m200[39m [90m1004 ms - 14[39m
[35m[HTTP][39m [90m[39m
[35m[HTTP][39m [37m-->[39m [37mGET[39m [37m/wd/hub/session/17e2dfdb-bd60-4ee3-9128-e4a3c1247a39/context[39m
[35m[HTTP][39m [90m{}[39m
[35m[HTTP][39m [37m<-- GET /wd/hub/session/17e2dfdb-bd60-4ee3-9128-e4a3c1247a39/context [39m[32m200[39m [90m1 ms - 22[39m
[35m[HTTP][39m [90m[39m
[35m[HTTP][39m [37m-->[39m [37mGET[39m [37m/wd/hub/session/17e2dfdb-bd60-4ee3-9128-e4a3c1247a39/contexts[39m
[35m[HTTP][39m [90m{}[39m
[35m[HTTP][39m [37m<-- GET /wd/hub/session/17e2dfdb-bd60-4ee3-9128-e4a3c1247a39/contexts [39m[32m200[39m [90m101 ms - 24[39m
[35m[HTTP][39m [90m[39m
[35m[HTTP][39m [37m-->[39m [37mPOST[39m [37m/wd/hub/session/17e2dfdb-bd60-4ee3-9128-e4a3c1247a39/context[39m
[35m[HTTP][39m [90m{"name":"NATIVE_APP"}[39m
[35m[HTTP][39m [37m<-- POST /wd/hub/session/17e2dfdb-bd60-4ee3-9128-e4a3c1247a39/context [39m[32m200[39m [90m2 ms - 14[39m
[35m[HTTP][39m [90m[39m
[35m[HTTP][39m [37m-->[39m [37mGET[39m [37m/wd/hub/session/17e2dfdb-bd60-4ee3-9128-e4a3c1247a39/window/rect[39m
[35m[HTTP][39m [90m{}[39m
[35m[HTTP][39m [37m<-- GET /wd/hub/session/17e2dfdb-bd60-4ee3-9128-e4a3c1247a39/window/rect [39m[32m200[39m [90m26 ms - 50[39m
[35m[HTTP][39m [90m[39m
[35m[HTTP][39m [37m-->[39m [37mPOST[39m [37m/wd/hub/session/17e2dfdb-bd60-4ee3-9128-e4a3c1247a39/execute/sync[39m
[35m[HTTP][39m [90m{"script":"mobile: viewportScreenshot","args":[]}[39m
[35m[AndroidDriver][39m Executing native command 'mobile: viewportScreenshot'
[35m[HTTP][39m [37m<-- POST /wd/hub/session/17e2dfdb-bd60-4ee3-9128-e4a3c1247a39/execute/sync [39m[32m200[39m [90m1320 ms - 154760[39m
[35m[HTTP][39m [90m[39m
[35m[HTTP][39m [37m-->[39m [37mPOST[39m [37m/wd/hub/session/17e2dfdb-bd60-4ee3-9128-e4a3c1247a39/context[39m
[35m[HTTP][39m [90m{"name":"NATIVE_APP"}[39m
[35m[HTTP][39m [37m<-- POST /wd/hub/session/17e2dfdb-bd60-4ee3-9128-e4a3c1247a39/context [39m[32m200[39m [90m1 ms - 14[39m
[35m[HTTP][39m [90m[39m
[35m[HTTP][39m [37m-->[39m [37mPOST[39m [37m/wd/hub/session/17e2dfdb-bd60-4ee3-9128-e4a3c1247a39/timeouts[39m
[35m[HTTP][39m [90m{"implicit":50}[39m
[35m[HTTP][39m [37m<-- POST /wd/hub/session/17e2dfdb-bd60-4ee3-9128-e4a3c1247a39/timeouts [39m[32m200[39m [90m2 ms - 14[39m
[35m[HTTP][39m [90m[39m
[35m[HTTP][39m [37m-->[39m [37mGET[39m [37m/wd/hub/session/17e2dfdb-bd60-4ee3-9128-e4a3c1247a39/window/rect[39m
[35m[HTTP][39m [90m{}[39m
[35m[HTTP][39m [37m<-- GET /wd/hub/session/17e2dfdb-bd60-4ee3-9128-e4a3c1247a39/window/rect [39m[32m200[39m [90m30 ms - 50[39m
[35m[HTTP][39m [90m[39m
[35m[HTTP][39m [37m-->[39m [37mPOST[39m [37m/wd/hub/session/17e2dfdb-bd60-4ee3-9128-e4a3c1247a39/elements[39m
[35m[HTTP][39m [90m{"using":"xpath","value":"//hierarchy/android.widget.FrameLayout[1]/android.widget.LinearLayout[1]/android.widget.FrameLayout[1]/android.widget.LinearLayout[1]/android.widget.FrameLayout[1]/android.view.ViewGroup[1]/android.widget.ScrollView[1]/android.widget.LinearLayout[1]/android.view.ViewGroup[1]/android.widget.Button[1]"}[39m
[35m[HTTP][39m [37m<-- POST /wd/hub/session/17e2dfdb-bd60-4ee3-9128-e4a3c1247a39/elements [39m[32m200[39m [90m193 ms - 139[39m
[35m[HTTP][39m [90m[39m
[35m[HTTP][39m [37m-->[39m [37mGET[39m [37m/wd/hub/session/17e2dfdb-bd60-4ee3-9128-e4a3c1247a39/element/00000000-0000-0a0e-ffff-ffff00000bbc/location[39m
[35m[HTTP][39m [90m{}[39m
[35m[W3C (17e2dfdb)][39m Driver proxy active, passing request on via HTTP proxy
[35m[WD Proxy][39m Replacing sessionId fed1300a-2c7c-4fe7-917f-8a2cf2ceb721 with 17e2dfdb-bd60-4ee3-9128-e4a3c1247a39
[35m[HTTP][39m [37m<-- GET /wd/hub/session/17e2dfdb-bd60-4ee3-9128-e4a3c1247a39/element/00000000-0000-0a0e-ffff-ffff00000bbc/location [39m[32m200[39m [90m27 ms - 78[39m
[35m[HTTP][39m [90m[39m
[35m[HTTP][39m [37m-->[39m [37mPOST[39m [37m/wd/hub/session/17e2dfdb-bd60-4ee3-9128-e4a3c1247a39/timeouts[39m
[35m[HTTP][39m [90m{"implicit":30000}[39m
[35m[HTTP][39m [37m<-- POST /wd/hub/session/17e2dfdb-bd60-4ee3-9128-e4a3c1247a39/timeouts [39m[32m200[39m [90m1 ms - 14[39m
[35m[HTTP][39m [90m[39m
[35m[HTTP][39m [37m-->[39m [37mPOST[39m [37m/wd/hub/session/17e2dfdb-bd60-4ee3-9128-e4a3c1247a39/touch/perform[39m
[35m[HTTP][39m [90m{"actions":[{"action":"tap","options":{"x":1,"y":1,"element":"00000000-0000-0a0e-ffff-ffff00000bbc"}},{"action":"release","options":{}}]}[39m
[35m[UiAutomator2][39m calling get location: 00000000-0000-0a0e-ffff-ffff00000bbc
[35m[HTTP][39m [37m<-- POST /wd/hub/session/17e2dfdb-bd60-4ee3-9128-e4a3c1247a39/touch/perform [39m[32m200[39m [90m231 ms - 14[39m
[35m[HTTP][39m [90m[39m
[35m[HTTP][39m [37m-->[39m [37mGET[39m [37m/wd/hub/session/17e2dfdb-bd60-4ee3-9128-e4a3c1247a39/context[39m
[35m[HTTP][39m [90m{}[39m
[35m[HTTP][39m [37m<-- GET /wd/hub/session/17e2dfdb-bd60-4ee3-9128-e4a3c1247a39/context [39m[32m200[39m [90m1 ms - 22[39m
[35m[HTTP][39m [90m[39m
[35m[HTTP][39m [37m-->[39m [37mGET[39m [37m/wd/hub/session/17e2dfdb-bd60-4ee3-9128-e4a3c1247a39/contexts[39m
[35m[HTTP][39m [90m{}[39m
[35m[HTTP][39m [37m<-- GET /wd/hub/session/17e2dfdb-bd60-4ee3-9128-e4a3c1247a39/contexts [39m[32m200[39m [90m89 ms - 24[39m
[35m[HTTP][39m [90m[39m
[35m[HTTP][39m [37m-->[39m [37mPOST[39m [37m/wd/hub/session/17e2dfdb-bd60-4ee3-9128-e4a3c1247a39/context[39m
[35m[HTTP][39m [90m{"name":"NATIVE_APP"}[39m
[35m[HTTP][39m [37m<-- POST /wd/hub/session/17e2dfdb-bd60-4ee3-9128-e4a3c1247a39/context [39m[32m200[39m [90m1 ms - 14[39m
[35m[HTTP][39m [90m[39m
[35m[HTTP][39m [37m-->[39m [37mPOST[39m [37m/wd/hub/session/17e2dfdb-bd60-4ee3-9128-e4a3c1247a39/element[39m
[35m[HTTP][39m [90m{"using":"-android uiautomator","value":"new UiScrollable(new UiSelector().scrollable(true).instance(0)).scrollIntoView(new UiSelector().textContains(\"Suku Bunga\"))"}[39m
[35m[HTTP][39m [37m<-- POST /wd/hub/session/17e2dfdb-bd60-4ee3-9128-e4a3c1247a39/element [39m[32m200[39m [90m9065 ms - 137[39m
[35m[HTTP][39m [90m[39m
[35m[HTTP][39m [37m-->[39m [37mPOST[39m [37m/wd/hub/session/17e2dfdb-bd60-4ee3-9128-e4a3c1247a39/context[39m
[35m[HTTP][39m [90m{"name":"NATIVE_APP"}[39m
[35m[HTTP][39m [37m<-- POST /wd/hub/session/17e2dfdb-bd60-4ee3-9128-e4a3c1247a39/context [39m[32m200[39m [90m1 ms - 14[39m
[35m[HTTP][39m [90m[39m
[35m[HTTP][39m [37m-->[39m [37mGET[39m [37m/wd/hub/session/17e2dfdb-bd60-4ee3-9128-e4a3c1247a39/window/rect[39m
[35m[HTTP][39m [90m{}[39m
[35m[HTTP][39m [37m<-- GET /wd/hub/session/17e2dfdb-bd60-4ee3-9128-e4a3c1247a39/window/rect [39m[32m200[39m [90m22 ms - 50[39m
[35m[HTTP][39m [90m[39m
[35m[HTTP][39m [37m-->[39m [37mPOST[39m [37m/wd/hub/session/17e2dfdb-bd60-4ee3-9128-e4a3c1247a39/elements[39m
[35m[HTTP][39m [90m{"using":"xpath","value":"//*[@resource-id = 'com.vq.mbrochuregp.client.android:id/iv_home_profil_icon' and @package = 'com.vq.mbrochuregp.client.android']"}[39m
[35m[HTTP][39m [37m<-- POST /wd/hub/session/17e2dfdb-bd60-4ee3-9128-e4a3c1247a39/elements [39m[32m200[39m [90m466 ms - 139[39m
[35m[HTTP][39m [90m[39m
[35m[HTTP][39m [37m-->[39m [37mGET[39m [37m/wd/hub/session/17e2dfdb-bd60-4ee3-9128-e4a3c1247a39/element/00000000-0000-0a10-ffff-ffff00000c16/location[39m
[35m[HTTP][39m [90m{}[39m
[35m[W3C (17e2dfdb)][39m Driver proxy active, passing request on via HTTP proxy
[35m[WD Proxy][39m Replacing sessionId fed1300a-2c7c-4fe7-917f-8a2cf2ceb721 with 17e2dfdb-bd60-4ee3-9128-e4a3c1247a39
[35m[HTTP][39m [37m<-- GET /wd/hub/session/17e2dfdb-bd60-4ee3-9128-e4a3c1247a39/element/00000000-0000-0a10-ffff-ffff00000c16/location [39m[32m200[39m [90m23 ms - 79[39m
[35m[HTTP][39m [90m[39m
[35m[HTTP][39m [37m-->[39m [37mPOST[39m [37m/wd/hub/session/17e2dfdb-bd60-4ee3-9128-e4a3c1247a39/element/00000000-0000-0a10-ffff-ffff00000c16/click[39m
[35m[HTTP][39m [90m{"id":"00000000-0000-0a10-ffff-ffff00000c16"}[39m
[35m[HTTP][39m [37m<-- POST /wd/hub/session/17e2dfdb-bd60-4ee3-9128-e4a3c1247a39/element/00000000-0000-0a10-ffff-ffff00000c16/click [39m[32m200[39m [90m57 ms - 14[39m
[35m[HTTP][39m [90m[39m
[35m[HTTP][39m [37m-->[39m [37mGET[39m [37m/wd/hub/session/17e2dfdb-bd60-4ee3-9128-e4a3c1247a39/context[39m
[35m[HTTP][39m [90m{}[39m
[35m[HTTP][39m [37m<-- GET /wd/hub/session/17e2dfdb-bd60-4ee3-9128-e4a3c1247a39/context [39m[32m200[39m [90m1 ms - 22[39m
[35m[HTTP][39m [90m[39m
[35m[HTTP][39m [37m-->[39m [37mGET[39m [37m/wd/hub/session/17e2dfdb-bd60-4ee3-9128-e4a3c1247a39/contexts[39m
[35m[HTTP][39m [90m{}[39m
[35m[HTTP][39m [37m<-- GET /wd/hub/session/17e2dfdb-bd60-4ee3-9128-e4a3c1247a39/contexts [39m[32m200[39m [90m102 ms - 24[39m
[35m[HTTP][39m [90m[39m
[35m[HTTP][39m [37m-->[39m [37mPOST[39m [37m/wd/hub/session/17e2dfdb-bd60-4ee3-9128-e4a3c1247a39/context[39m
[35m[HTTP][39m [90m{"name":"NATIVE_APP"}[39m
[35m[HTTP][39m [37m<-- POST /wd/hub/session/17e2dfdb-bd60-4ee3-9128-e4a3c1247a39/context [39m[32m200[39m [90m1 ms - 14[39m
[35m[HTTP][39m [90m[39m
[35m[HTTP][39m [37m-->[39m [37mGET[39m [37m/wd/hub/session/17e2dfdb-bd60-4ee3-9128-e4a3c1247a39/window/rect[39m
[35m[HTTP][39m [90m{}[39m
[35m[HTTP][39m [37m<-- GET /wd/hub/session/17e2dfdb-bd60-4ee3-9128-e4a3c1247a39/window/rect [39m[32m200[39m [90m23 ms - 50[39m
[35m[HTTP][39m [90m[39m
[35m[HTTP][39m [37m-->[39m [37mPOST[39m [37m/wd/hub/session/17e2dfdb-bd60-4ee3-9128-e4a3c1247a39/execute/sync[39m
[35m[HTTP][39m [90m{"script":"mobile: viewportScreenshot","args":[]}[39m
[35m[AndroidDriver][39m Executing native command 'mobile: viewportScreenshot'
[35m[HTTP][39m [37m<-- POST /wd/hub/session/17e2dfdb-bd60-4ee3-9128-e4a3c1247a39/execute/sync [39m[32m200[39m [90m1233 ms - 265620[39m
[35m[HTTP][39m [90m[39m
[35m[HTTP][39m [37m-->[39m [37mPOST[39m [37m/wd/hub/session/17e2dfdb-bd60-4ee3-9128-e4a3c1247a39/context[39m
[35m[HTTP][39m [90m{"name":"NATIVE_APP"}[39m
[35m[HTTP][39m [37m<-- POST /wd/hub/session/17e2dfdb-bd60-4ee3-9128-e4a3c1247a39/context [39m[32m200[39m [90m1 ms - 14[39m
[35m[HTTP][39m [90m[39m
[35m[HTTP][39m [37m-->[39m [37mGET[39m [37m/wd/hub/session/17e2dfdb-bd60-4ee3-9128-e4a3c1247a39/window/rect[39m
[35m[HTTP][39m [90m{}[39m
[35m[HTTP][39m [37m<-- GET /wd/hub/session/17e2dfdb-bd60-4ee3-9128-e4a3c1247a39/window/rect [39m[32m200[39m [90m23 ms - 50[39m
[35m[HTTP][39m [90m[39m
[35m[HTTP][39m [37m-->[39m [37mPOST[39m [37m/wd/hub/session/17e2dfdb-bd60-4ee3-9128-e4a3c1247a39/elements[39m
[35m[HTTP][39m [90m{"using":"xpath","value":"//*[@class = 'android.widget.ImageView' and @resource-id = 'com.vq.mbrochuregp.client.android:id/iv_home_icon' and (@text = '' or . = '')]"}[39m
[35m[HTTP][39m [37m<-- POST /wd/hub/session/17e2dfdb-bd60-4ee3-9128-e4a3c1247a39/elements [39m[32m200[39m [90m373 ms - 139[39m
[35m[HTTP][39m [90m[39m
[35m[HTTP][39m [37m-->[39m [37mGET[39m [37m/wd/hub/session/17e2dfdb-bd60-4ee3-9128-e4a3c1247a39/element/00000000-0000-0a12-ffff-ffff00000c8a/location[39m
[35m[HTTP][39m [90m{}[39m
[35m[W3C (17e2dfdb)][39m Driver proxy active, passing request on via HTTP proxy
[35m[WD Proxy][39m Replacing sessionId fed1300a-2c7c-4fe7-917f-8a2cf2ceb721 with 17e2dfdb-bd60-4ee3-9128-e4a3c1247a39
[35m[HTTP][39m [37m<-- GET /wd/hub/session/17e2dfdb-bd60-4ee3-9128-e4a3c1247a39/element/00000000-0000-0a12-ffff-ffff00000c8a/location [39m[32m200[39m [90m25 ms - 78[39m
[35m[HTTP][39m [90m[39m
[35m[HTTP][39m [37m-->[39m [37mPOST[39m [37m/wd/hub/session/17e2dfdb-bd60-4ee3-9128-e4a3c1247a39/element/00000000-0000-0a12-ffff-ffff00000c8a/click[39m
[35m[HTTP][39m [90m{"id":"00000000-0000-0a12-ffff-ffff00000c8a"}[39m
[35m[HTTP][39m [37m<-- POST /wd/hub/session/17e2dfdb-bd60-4ee3-9128-e4a3c1247a39/element/00000000-0000-0a12-ffff-ffff00000c8a/click [39m[32m200[39m [90m59 ms - 14[39m
[35m[HTTP][39m [90m[39m
[35m[HTTP][39m [37m-->[39m [37mGET[39m [37m/wd/hub/status[39m
[35m[HTTP][39m [90m{}[39m
[35m[HTTP][39m [37m<-- GET /wd/hub/status [39m[32m200[39m [90m1 ms - 68[39m
[35m[HTTP][39m [90m[39m
[35m[HTTP][39m [37m-->[39m [37mPOST[39m [37m/wd/hub/session[39m
[35m[HTTP][39m [90m{"desiredCapabilities":{"appActivity":".Settings","appPackage":"com.android.settings","newCommandTimeout":1800,"platformVersion":"11","automationName":"uiautomator2","autoGrantPermissions":true,"platformName":"Android","udid":"RR8N605F11Y","deviceName":"samsung SM-M315F (Android 11)","platform":"ANDROID","systemPort":8287},"capabilities":{"firstMatch":[{"appium:appActivity":".Settings","appium:appPackage":"com.android.settings","appium:autoGrantPermissions":true,"appium:automationName":"uiautomator2","appium:deviceName":"samsung SM-M315F (Android 11)","appium:newCommandTimeout":1800,"platform":"ANDROID","platformName":"android","appium:platformVersion":"11","appium:systemPort":8287,"appium:udid":"RR8N605F11Y"}]}}[39m
[35m[BaseDriver][39m The following capabilities are not standard capabilities and should have an extension prefix:
[35m[BaseDriver][39m   platform
[35m[BaseDriver][39m   chromedriverPort
[35m[Appium][39m Appium v1.22.2 creating new AndroidUiautomator2Driver (v1.70.1) session
[35m[BaseDriver][39m The following capabilities were provided, but are not recognized by Appium:
[35m[BaseDriver][39m   platform
[35m[BaseDriver][39m Session created with session id: 9d0663eb-7cb9-4765-818d-ac5a6cf537cd
[35m[UiAutomator2][39m Starting 'com.android.settings' directly on the device
[35m[ADB][39m Using 'adb.exe' from 'C:\Users\Nia Yusniati\.katalon\tools\android_sdk\platform-tools\adb.exe'
[35m[AndroidDriver][39m Retrieving device list
[35m[AndroidDriver][39m Using device: RR8N605F11Y
[35m[ADB][39m Using 'adb.exe' from 'C:\Users\Nia Yusniati\.katalon\tools\android_sdk\platform-tools\adb.exe'
[35m[ADB][39m Getting device platform version
[35m[UiAutomator2][39m Relaxing hidden api policy
[35m[AndroidDriver][39m No app sent in, not parsing package/activity
[35m[UiAutomator2][39m Server packages are not going to be (re)installed
[35m[ADB][39m Adding packages ["io.appium.settings","io.appium.uiautomator2.server","io.appium.uiautomator2.server.test"] to Doze whitelist
[35m[UiAutomator2][39m Starting UIAutomator2 server 4.27.0
[35m[UiAutomator2][39m Using UIAutomator2 server from 'C:\Users\Nia Yusniati\AppData\Roaming\npm\node_modules\appium\node_modules\appium-uiautomator2-server\apks\appium-uiautomator2-server-v4.27.0.apk' and test from 'C:\Users\Nia Yusniati\AppData\Roaming\npm\node_modules\appium\node_modules\appium-uiautomator2-server\apks\appium-uiautomator2-server-debug-androidTest.apk'
[35m[UiAutomator2][39m Waiting up to 30000ms for UiAutomator2 to be online...
[35m[WD Proxy][39m socket hang up
[35m[WD Proxy][39m socket hang up
[35m[WD Proxy][39m socket hang up
[35m[WD Proxy][39m Determined the downstream protocol as 'W3C'
[35m[AndroidDriver][39m Screen already unlocked, doing nothing
[35m[UiAutomator2][39m Starting 'com.android.settings/.Settings and waiting for 'com.android.settings/.Settings'
[35m[Appium][39m New AndroidUiautomator2Driver session created successfully, session 9d0663eb-7cb9-4765-818d-ac5a6cf537cd added to master session list
[35m[HTTP][39m [37m<-- POST /wd/hub/session [39m[32m200[39m [90m8567 ms - 1158[39m
[35m[HTTP][39m [90m[39m
[35m[HTTP][39m [37m-->[39m [37mGET[39m [37m/wd/hub/session/9d0663eb-7cb9-4765-818d-ac5a6cf537cd[39m
[35m[HTTP][39m [90m{}[39m
[35m[HTTP][39m [37m<-- GET /wd/hub/session/9d0663eb-7cb9-4765-818d-ac5a6cf537cd [39m[32m200[39m [90m12 ms - 1112[39m
[35m[HTTP][39m [90m[39m
[35m[HTTP][39m [37m-->[39m [37mGET[39m [37m/wd/hub/session/9d0663eb-7cb9-4765-818d-ac5a6cf537cd[39m
[35m[HTTP][39m [90m{}[39m
[35m[HTTP][39m [37m<-- GET /wd/hub/session/9d0663eb-7cb9-4765-818d-ac5a6cf537cd [39m[32m200[39m [90m12 ms - 1112[39m
[35m[HTTP][39m [90m[39m
[35m[HTTP][39m [37m-->[39m [37mGET[39m [37m/wd/hub/status[39m
[35m[HTTP][39m [90m{}[39m
[35m[HTTP][39m [37m<-- GET /wd/hub/status [39m[32m200[39m [90m1 ms - 68[39m
[35m[HTTP][39m [90m[39m
[35m[HTTP][39m [37m-->[39m [37mPOST[39m [37m/wd/hub/session/9d0663eb-7cb9-4765-818d-ac5a6cf537cd/timeouts[39m
[35m[HTTP][39m [90m{"implicit":30000}[39m
[35m[HTTP][39m [37m<-- POST /wd/hub/session/9d0663eb-7cb9-4765-818d-ac5a6cf537cd/timeouts [39m[32m200[39m [90m2 ms - 14[39m
[35m[HTTP][39m [90m[39m
[35m[HTTP][39m [37m-->[39m [37mGET[39m [37m/wd/hub/session/9d0663eb-7cb9-4765-818d-ac5a6cf537cd/screenshot[39m
[35m[HTTP][39m [90m{}[39m
[35m[HTTP][39m [37m<-- GET /wd/hub/session/9d0663eb-7cb9-4765-818d-ac5a6cf537cd/screenshot [39m[32m200[39m [90m550 ms - 226218[39m
[35m[HTTP][39m [90m[39m
[35m[HTTP][39m [37m-->[39m [37mGET[39m [37m/wd/hub/session/9d0663eb-7cb9-4765-818d-ac5a6cf537cd/window/rect[39m
[35m[HTTP][39m [90m{}[39m
[35m[HTTP][39m [37m<-- GET /wd/hub/session/9d0663eb-7cb9-4765-818d-ac5a6cf537cd/window/rect [39m[32m200[39m [90m9 ms - 50[39m
[35m[HTTP][39m [90m[39m
[35m[HTTP][39m [37m-->[39m [37mGET[39m [37m/wd/hub/session/9d0663eb-7cb9-4765-818d-ac5a6cf537cd/appium/device/system_bars[39m
[35m[HTTP][39m [90m{}[39m
[35m[HTTP][39m [37m<-- GET /wd/hub/session/9d0663eb-7cb9-4765-818d-ac5a6cf537cd/appium/device/system_bars [39m[32m200[39m [90m91 ms - 148[39m
[35m[HTTP][39m [90m[39m
[35m[HTTP][39m [37m-->[39m [37mPOST[39m [37m/wd/hub/session/9d0663eb-7cb9-4765-818d-ac5a6cf537cd/appium/device/activate_app[39m
[35m[HTTP][39m [90m{"bundleId":"com.vq.mbrochuregp.client.android"}[39m
[35m[HTTP][39m [37m<-- POST /wd/hub/session/9d0663eb-7cb9-4765-818d-ac5a6cf537cd/appium/device/activate_app [39m[32m200[39m [90m602 ms - 14[39m
[35m[HTTP][39m [90m[39m
[35m[HTTP][39m [37m-->[39m [37mGET[39m [37m/wd/hub/session/9d0663eb-7cb9-4765-818d-ac5a6cf537cd/context[39m
[35m[HTTP][39m [90m{}[39m
[35m[HTTP][39m [37m<-- GET /wd/hub/session/9d0663eb-7cb9-4765-818d-ac5a6cf537cd/context [39m[32m200[39m [90m2 ms - 22[39m
[35m[HTTP][39m [90m[39m
[35m[HTTP][39m [37m-->[39m [37mGET[39m [37m/wd/hub/session/9d0663eb-7cb9-4765-818d-ac5a6cf537cd/contexts[39m
[35m[HTTP][39m [90m{}[39m
[35m[HTTP][39m [37m<-- GET /wd/hub/session/9d0663eb-7cb9-4765-818d-ac5a6cf537cd/contexts [39m[32m200[39m [90m108 ms - 24[39m
[35m[HTTP][39m [90m[39m
[35m[HTTP][39m [37m-->[39m [37mPOST[39m [37m/wd/hub/session/9d0663eb-7cb9-4765-818d-ac5a6cf537cd/context[39m
[35m[HTTP][39m [90m{"name":"NATIVE_APP"}[39m
[35m[HTTP][39m [37m<-- POST /wd/hub/session/9d0663eb-7cb9-4765-818d-ac5a6cf537cd/context [39m[32m200[39m [90m1 ms - 14[39m
[35m[HTTP][39m [90m[39m
[35m[HTTP][39m [37m-->[39m [37mPOST[39m [37m/wd/hub/session/9d0663eb-7cb9-4765-818d-ac5a6cf537cd/appium/device/press_keycode[39m
[35m[HTTP][39m [90m{"keycode":4}[39m
[35m[HTTP][39m [37m<-- POST /wd/hub/session/9d0663eb-7cb9-4765-818d-ac5a6cf537cd/appium/device/press_keycode [39m[32m200[39m [90m104 ms - 14[39m
[35m[HTTP][39m [90m[39m
[35m[HTTP][39m [37m-->[39m [37mPOST[39m [37m/wd/hub/session/9d0663eb-7cb9-4765-818d-ac5a6cf537cd/context[39m
[35m[HTTP][39m [90m{"name":"NATIVE_APP"}[39m
[35m[HTTP][39m [37m<-- POST /wd/hub/session/9d0663eb-7cb9-4765-818d-ac5a6cf537cd/context [39m[32m200[39m [90m1 ms - 14[39m
[35m[HTTP][39m [90m[39m
[35m[HTTP][39m [37m-->[39m [37mPOST[39m [37m/wd/hub/session/9d0663eb-7cb9-4765-818d-ac5a6cf537cd/timeouts[39m
[35m[HTTP][39m [90m{"implicit":50}[39m
[35m[HTTP][39m [37m<-- POST /wd/hub/session/9d0663eb-7cb9-4765-818d-ac5a6cf537cd/timeouts [39m[32m200[39m [90m1 ms - 14[39m
[35m[HTTP][39m [90m[39m
[35m[HTTP][39m [37m-->[39m [37mGET[39m [37m/wd/hub/session/9d0663eb-7cb9-4765-818d-ac5a6cf537cd/window/rect[39m
[35m[HTTP][39m [90m{}[39m
[35m[HTTP][39m [37m<-- GET /wd/hub/session/9d0663eb-7cb9-4765-818d-ac5a6cf537cd/window/rect [39m[32m200[39m [90m10 ms - 50[39m
[35m[HTTP][39m [90m[39m
[35m[HTTP][39m [37m-->[39m [37mPOST[39m [37m/wd/hub/session/9d0663eb-7cb9-4765-818d-ac5a6cf537cd/elements[39m
[35m[HTTP][39m [90m{"using":"xpath","value":"//*[@class = 'android.widget.Button' and (@text = 'TIDAK' or . = 'TIDAK') and @resource-id = 'android:id/button2']"}[39m
[35m[HTTP][39m [37m<-- POST /wd/hub/session/9d0663eb-7cb9-4765-818d-ac5a6cf537cd/elements [39m[32m200[39m [90m665 ms - 139[39m
[35m[HTTP][39m [90m[39m
[35m[HTTP][39m [37m-->[39m [37mGET[39m [37m/wd/hub/session/9d0663eb-7cb9-4765-818d-ac5a6cf537cd/element/00000000-0000-0a37-ffff-ffff00000d68/location[39m
[35m[HTTP][39m [90m{}[39m
[35m[W3C (9d0663eb)][39m Driver proxy active, passing request on via HTTP proxy
[35m[WD Proxy][39m Replacing sessionId dc9bd8ec-8c3f-45dd-a429-649e548a8029 with 9d0663eb-7cb9-4765-818d-ac5a6cf537cd
[35m[HTTP][39m [37m<-- GET /wd/hub/session/9d0663eb-7cb9-4765-818d-ac5a6cf537cd/element/00000000-0000-0a37-ffff-ffff00000d68/location [39m[32m200[39m [90m16 ms - 79[39m
[35m[HTTP][39m [90m[39m
[35m[HTTP][39m [37m-->[39m [37mPOST[39m [37m/wd/hub/session/9d0663eb-7cb9-4765-818d-ac5a6cf537cd/timeouts[39m
[35m[HTTP][39m [90m{"implicit":30000}[39m
[35m[HTTP][39m [37m<-- POST /wd/hub/session/9d0663eb-7cb9-4765-818d-ac5a6cf537cd/timeouts [39m[32m200[39m [90m1 ms - 14[39m
[35m[HTTP][39m [90m[39m
[35m[HTTP][39m [37m-->[39m [37mPOST[39m [37m/wd/hub/session/9d0663eb-7cb9-4765-818d-ac5a6cf537cd/touch/perform[39m
[35m[HTTP][39m [90m{"actions":[{"action":"tap","options":{"x":1,"y":1,"element":"00000000-0000-0a37-ffff-ffff00000d68"}},{"action":"release","options":{}}]}[39m
[35m[UiAutomator2][39m calling get location: 00000000-0000-0a37-ffff-ffff00000d68
[35m[HTTP][39m [37m<-- POST /wd/hub/session/9d0663eb-7cb9-4765-818d-ac5a6cf537cd/touch/perform [39m[32m200[39m [90m175 ms - 14[39m
[35m[HTTP][39m [90m[39m
[35m[HTTP][39m [37m-->[39m [37mPOST[39m [37m/wd/hub/session/9d0663eb-7cb9-4765-818d-ac5a6cf537cd/timeouts[39m
[35m[HTTP][39m [90m{"implicit":50}[39m
[35m[HTTP][39m [37m<-- POST /wd/hub/session/9d0663eb-7cb9-4765-818d-ac5a6cf537cd/timeouts [39m[32m200[39m [90m2 ms - 14[39m
[35m[HTTP][39m [90m[39m
[35m[HTTP][39m [37m-->[39m [37mGET[39m [37m/wd/hub/session/9d0663eb-7cb9-4765-818d-ac5a6cf537cd/window/rect[39m
[35m[HTTP][39m [90m{}[39m
[35m[HTTP][39m [37m<-- GET /wd/hub/session/9d0663eb-7cb9-4765-818d-ac5a6cf537cd/window/rect [39m[32m200[39m [90m10 ms - 50[39m
[35m[HTTP][39m [90m[39m
[35m[HTTP][39m [37m-->[39m [37mPOST[39m [37m/wd/hub/session/9d0663eb-7cb9-4765-818d-ac5a6cf537cd/elements[39m
[35m[HTTP][39m [90m{"using":"xpath","value":"//*[@class = 'android.widget.ImageView' and @resource-id = 'com.vq.mbrochuregp.client.android:id/iv_home_billing_icon' and (@text = '' or . = '')]"}[39m
[35m[HTTP][39m [37m<-- POST /wd/hub/session/9d0663eb-7cb9-4765-818d-ac5a6cf537cd/elements [39m[32m200[39m [90m674 ms - 139[39m
[35m[HTTP][39m [90m[39m
[35m[HTTP][39m [37m-->[39m [37mGET[39m [37m/wd/hub/session/9d0663eb-7cb9-4765-818d-ac5a6cf537cd/element/00000000-0000-0a17-ffff-ffff00000cef/location[39m
[35m[HTTP][39m [90m{}[39m
[35m[W3C (9d0663eb)][39m Driver proxy active, passing request on via HTTP proxy
[35m[WD Proxy][39m Replacing sessionId dc9bd8ec-8c3f-45dd-a429-649e548a8029 with 9d0663eb-7cb9-4765-818d-ac5a6cf537cd
[35m[HTTP][39m [37m<-- GET /wd/hub/session/9d0663eb-7cb9-4765-818d-ac5a6cf537cd/element/00000000-0000-0a17-ffff-ffff00000cef/location [39m[32m200[39m [90m993 ms - 79[39m
[35m[HTTP][39m [90m[39m
[35m[HTTP][39m [37m-->[39m [37mPOST[39m [37m/wd/hub/session/9d0663eb-7cb9-4765-818d-ac5a6cf537cd/timeouts[39m
[35m[HTTP][39m [90m{"implicit":30000}[39m
[35m[HTTP][39m [37m<-- POST /wd/hub/session/9d0663eb-7cb9-4765-818d-ac5a6cf537cd/timeouts [39m[32m200[39m [90m1 ms - 14[39m
[35m[HTTP][39m [90m[39m
[35m[HTTP][39m [37m-->[39m [37mPOST[39m [37m/wd/hub/session/9d0663eb-7cb9-4765-818d-ac5a6cf537cd/touch/perform[39m
[35m[HTTP][39m [90m{"actions":[{"action":"tap","options":{"x":1,"y":1,"element":"00000000-0000-0a17-ffff-ffff00000cef"}},{"action":"release","options":{}}]}[39m
[35m[UiAutomator2][39m calling get location: 00000000-0000-0a17-ffff-ffff00000cef
[35m[HTTP][39m [37m<-- POST /wd/hub/session/9d0663eb-7cb9-4765-818d-ac5a6cf537cd/touch/perform [39m[32m200[39m [90m158 ms - 14[39m
[35m[HTTP][39m [90m[39m
[35m[HTTP][39m [37m-->[39m [37mGET[39m [37m/wd/hub/session/9d0663eb-7cb9-4765-818d-ac5a6cf537cd/context[39m
[35m[HTTP][39m [90m{}[39m
[35m[HTTP][39m [37m<-- GET /wd/hub/session/9d0663eb-7cb9-4765-818d-ac5a6cf537cd/context [39m[32m200[39m [90m1 ms - 22[39m
[35m[HTTP][39m [90m[39m
[35m[HTTP][39m [37m-->[39m [37mGET[39m [37m/wd/hub/session/9d0663eb-7cb9-4765-818d-ac5a6cf537cd/contexts[39m
[35m[HTTP][39m [90m{}[39m
[35m[HTTP][39m [37m<-- GET /wd/hub/session/9d0663eb-7cb9-4765-818d-ac5a6cf537cd/contexts [39m[32m200[39m [90m86 ms - 24[39m
[35m[HTTP][39m [90m[39m
[35m[HTTP][39m [37m-->[39m [37mPOST[39m [37m/wd/hub/session/9d0663eb-7cb9-4765-818d-ac5a6cf537cd/context[39m
[35m[HTTP][39m [90m{"name":"NATIVE_APP"}[39m
[35m[HTTP][39m [37m<-- POST /wd/hub/session/9d0663eb-7cb9-4765-818d-ac5a6cf537cd/context [39m[32m200[39m [90m1 ms - 14[39m
[35m[HTTP][39m [90m[39m
[35m[HTTP][39m [37m-->[39m [37mGET[39m [37m/wd/hub/session/9d0663eb-7cb9-4765-818d-ac5a6cf537cd/window/rect[39m
[35m[HTTP][39m [90m{}[39m
[35m[HTTP][39m [37m<-- GET /wd/hub/session/9d0663eb-7cb9-4765-818d-ac5a6cf537cd/window/rect [39m[32m200[39m [90m29 ms - 50[39m
[35m[HTTP][39m [90m[39m
[35m[HTTP][39m [37m-->[39m [37mPOST[39m [37m/wd/hub/session/9d0663eb-7cb9-4765-818d-ac5a6cf537cd/execute/sync[39m
[35m[HTTP][39m [90m{"script":"mobile: viewportScreenshot","args":[]}[39m
[35m[AndroidDriver][39m Executing native command 'mobile: viewportScreenshot'
[35m[HTTP][39m [37m<-- POST /wd/hub/session/9d0663eb-7cb9-4765-818d-ac5a6cf537cd/execute/sync [39m[32m200[39m [90m1243 ms - 142500[39m
[35m[HTTP][39m [90m[39m
[35m[HTTP][39m [37m-->[39m [37mPOST[39m [37m/wd/hub/session/9d0663eb-7cb9-4765-818d-ac5a6cf537cd/context[39m
[35m[HTTP][39m [90m{"name":"NATIVE_APP"}[39m
[35m[HTTP][39m [37m<-- POST /wd/hub/session/9d0663eb-7cb9-4765-818d-ac5a6cf537cd/context [39m[32m200[39m [90m2 ms - 14[39m
[35m[HTTP][39m [90m[39m
[35m[HTTP][39m [37m-->[39m [37mPOST[39m [37m/wd/hub/session/9d0663eb-7cb9-4765-818d-ac5a6cf537cd/timeouts[39m
[35m[HTTP][39m [90m{"implicit":50}[39m
[35m[HTTP][39m [37m<-- POST /wd/hub/session/9d0663eb-7cb9-4765-818d-ac5a6cf537cd/timeouts [39m[32m200[39m [90m2 ms - 14[39m
[35m[HTTP][39m [90m[39m
[35m[HTTP][39m [37m-->[39m [37mGET[39m [37m/wd/hub/session/9d0663eb-7cb9-4765-818d-ac5a6cf537cd/window/rect[39m
[35m[HTTP][39m [90m{}[39m
[35m[HTTP][39m [37m<-- GET /wd/hub/session/9d0663eb-7cb9-4765-818d-ac5a6cf537cd/window/rect [39m[32m200[39m [90m33 ms - 50[39m
[35m[HTTP][39m [90m[39m
[35m[HTTP][39m [37m-->[39m [37mPOST[39m [37m/wd/hub/session/9d0663eb-7cb9-4765-818d-ac5a6cf537cd/elements[39m
[35m[HTTP][39m [90m{"using":"xpath","value":"//*[@class = 'android.widget.TextView' and (@text = 'Sudah Dibayar' or . = 'Sudah Dibayar')]"}[39m
[35m[HTTP][39m [37m<-- POST /wd/hub/session/9d0663eb-7cb9-4765-818d-ac5a6cf537cd/elements [39m[32m200[39m [90m896 ms - 139[39m
[35m[HTTP][39m [90m[39m
[35m[HTTP][39m [37m-->[39m [37mGET[39m [37m/wd/hub/session/9d0663eb-7cb9-4765-818d-ac5a6cf537cd/element/00000000-0000-0a39-ffff-ffff00000d85/location[39m
[35m[HTTP][39m [90m{}[39m
[35m[W3C (9d0663eb)][39m Driver proxy active, passing request on via HTTP proxy
[35m[WD Proxy][39m Replacing sessionId dc9bd8ec-8c3f-45dd-a429-649e548a8029 with 9d0663eb-7cb9-4765-818d-ac5a6cf537cd
[35m[HTTP][39m [37m<-- GET /wd/hub/session/9d0663eb-7cb9-4765-818d-ac5a6cf537cd/element/00000000-0000-0a39-ffff-ffff00000d85/location [39m[32m200[39m [90m608 ms - 78[39m
[35m[HTTP][39m [90m[39m
[35m[HTTP][39m [37m-->[39m [37mPOST[39m [37m/wd/hub/session/9d0663eb-7cb9-4765-818d-ac5a6cf537cd/timeouts[39m
[35m[HTTP][39m [90m{"implicit":30000}[39m
[35m[HTTP][39m [37m<-- POST /wd/hub/session/9d0663eb-7cb9-4765-818d-ac5a6cf537cd/timeouts [39m[32m200[39m [90m2 ms - 14[39m
[35m[HTTP][39m [90m[39m
[35m[HTTP][39m [37m-->[39m [37mPOST[39m [37m/wd/hub/session/9d0663eb-7cb9-4765-818d-ac5a6cf537cd/touch/perform[39m
[35m[HTTP][39m [90m{"actions":[{"action":"tap","options":{"x":1,"y":1,"element":"00000000-0000-0a39-ffff-ffff00000d85"}},{"action":"release","options":{}}]}[39m
[35m[UiAutomator2][39m calling get location: 00000000-0000-0a39-ffff-ffff00000d85
[35m[HTTP][39m [37m<-- POST /wd/hub/session/9d0663eb-7cb9-4765-818d-ac5a6cf537cd/touch/perform [39m[32m200[39m [90m217 ms - 14[39m
[35m[HTTP][39m [90m[39m
[35m[HTTP][39m [37m-->[39m [37mGET[39m [37m/wd/hub/session/9d0663eb-7cb9-4765-818d-ac5a6cf537cd/context[39m
[35m[HTTP][39m [90m{}[39m
[35m[HTTP][39m [37m<-- GET /wd/hub/session/9d0663eb-7cb9-4765-818d-ac5a6cf537cd/context [39m[32m200[39m [90m2 ms - 22[39m
[35m[HTTP][39m [90m[39m
[35m[HTTP][39m [37m-->[39m [37mGET[39m [37m/wd/hub/session/9d0663eb-7cb9-4765-818d-ac5a6cf537cd/contexts[39m
[35m[HTTP][39m [90m{}[39m
[35m[HTTP][39m [37m<-- GET /wd/hub/session/9d0663eb-7cb9-4765-818d-ac5a6cf537cd/contexts [39m[32m200[39m [90m96 ms - 24[39m
[35m[HTTP][39m [90m[39m
[35m[HTTP][39m [37m-->[39m [37mPOST[39m [37m/wd/hub/session/9d0663eb-7cb9-4765-818d-ac5a6cf537cd/context[39m
[35m[HTTP][39m [90m{"name":"NATIVE_APP"}[39m
[35m[HTTP][39m [37m<-- POST /wd/hub/session/9d0663eb-7cb9-4765-818d-ac5a6cf537cd/context [39m[32m200[39m [90m1 ms - 14[39m
[35m[HTTP][39m [90m[39m
[35m[HTTP][39m [37m-->[39m [37mGET[39m [37m/wd/hub/session/9d0663eb-7cb9-4765-818d-ac5a6cf537cd/window/rect[39m
[35m[HTTP][39m [90m{}[39m
[35m[HTTP][39m [37m<-- GET /wd/hub/session/9d0663eb-7cb9-4765-818d-ac5a6cf537cd/window/rect [39m[32m200[39m [90m26 ms - 50[39m
[35m[HTTP][39m [90m[39m
[35m[HTTP][39m [37m-->[39m [37mPOST[39m [37m/wd/hub/session/9d0663eb-7cb9-4765-818d-ac5a6cf537cd/execute/sync[39m
[35m[HTTP][39m [90m{"script":"mobile: viewportScreenshot","args":[]}[39m
[35m[AndroidDriver][39m Executing native command 'mobile: viewportScreenshot'
[35m[HTTP][39m [37m<-- POST /wd/hub/session/9d0663eb-7cb9-4765-818d-ac5a6cf537cd/execute/sync [39m[32m200[39m [90m1190 ms - 168444[39m
[35m[HTTP][39m [90m[39m
[35m[HTTP][39m [37m-->[39m [37mPOST[39m [37m/wd/hub/session/9d0663eb-7cb9-4765-818d-ac5a6cf537cd/context[39m
[35m[HTTP][39m [90m{"name":"NATIVE_APP"}[39m
[35m[HTTP][39m [37m<-- POST /wd/hub/session/9d0663eb-7cb9-4765-818d-ac5a6cf537cd/context [39m[32m200[39m [90m1 ms - 14[39m
[35m[HTTP][39m [90m[39m
[35m[HTTP][39m [37m-->[39m [37mPOST[39m [37m/wd/hub/session/9d0663eb-7cb9-4765-818d-ac5a6cf537cd/timeouts[39m
[35m[HTTP][39m [90m{"implicit":50}[39m
[35m[HTTP][39m [37m<-- POST /wd/hub/session/9d0663eb-7cb9-4765-818d-ac5a6cf537cd/timeouts [39m[32m200[39m [90m2 ms - 14[39m
[35m[HTTP][39m [90m[39m
[35m[HTTP][39m [37m-->[39m [37mGET[39m [37m/wd/hub/session/9d0663eb-7cb9-4765-818d-ac5a6cf537cd/window/rect[39m
[35m[HTTP][39m [90m{}[39m
[35m[HTTP][39m [37m<-- GET /wd/hub/session/9d0663eb-7cb9-4765-818d-ac5a6cf537cd/window/rect [39m[32m200[39m [90m27 ms - 50[39m
[35m[HTTP][39m [90m[39m
[35m[HTTP][39m [37m-->[39m [37mPOST[39m [37m/wd/hub/session/9d0663eb-7cb9-4765-818d-ac5a6cf537cd/elements[39m
[35m[HTTP][39m [90m{"using":"xpath","value":"//*[@class = 'android.widget.TextView' and (@text = 'Belum Dibayar' or . = 'Belum Dibayar')]"}[39m
[35m[HTTP][39m [37m<-- POST /wd/hub/session/9d0663eb-7cb9-4765-818d-ac5a6cf537cd/elements [39m[32m200[39m [90m294 ms - 139[39m
[35m[HTTP][39m [90m[39m
[35m[HTTP][39m [37m-->[39m [37mGET[39m [37m/wd/hub/session/9d0663eb-7cb9-4765-818d-ac5a6cf537cd/element/00000000-0000-0a39-ffff-ffff00000d82/location[39m
[35m[HTTP][39m [90m{}[39m
[35m[W3C (9d0663eb)][39m Driver proxy active, passing request on via HTTP proxy
[35m[WD Proxy][39m Replacing sessionId dc9bd8ec-8c3f-45dd-a429-649e548a8029 with 9d0663eb-7cb9-4765-818d-ac5a6cf537cd
[35m[HTTP][39m [37m<-- GET /wd/hub/session/9d0663eb-7cb9-4765-818d-ac5a6cf537cd/element/00000000-0000-0a39-ffff-ffff00000d82/location [39m[32m200[39m [90m591 ms - 78[39m
[35m[HTTP][39m [90m[39m
[35m[HTTP][39m [37m-->[39m [37mPOST[39m [37m/wd/hub/session/9d0663eb-7cb9-4765-818d-ac5a6cf537cd/timeouts[39m
[35m[HTTP][39m [90m{"implicit":30000}[39m
[35m[HTTP][39m [37m<-- POST /wd/hub/session/9d0663eb-7cb9-4765-818d-ac5a6cf537cd/timeouts [39m[32m200[39m [90m2 ms - 14[39m
[35m[HTTP][39m [90m[39m
[35m[HTTP][39m [37m-->[39m [37mPOST[39m [37m/wd/hub/session/9d0663eb-7cb9-4765-818d-ac5a6cf537cd/touch/perform[39m
[35m[HTTP][39m [90m{"actions":[{"action":"tap","options":{"x":1,"y":1,"element":"00000000-0000-0a39-ffff-ffff00000d82"}},{"action":"release","options":{}}]}[39m
[35m[UiAutomator2][39m calling get location: 00000000-0000-0a39-ffff-ffff00000d82
[35m[HTTP][39m [37m<-- POST /wd/hub/session/9d0663eb-7cb9-4765-818d-ac5a6cf537cd/touch/perform [39m[32m200[39m [90m211 ms - 14[39m
[35m[HTTP][39m [90m[39m
[35m[HTTP][39m [37m-->[39m [37mPOST[39m [37m/wd/hub/session/9d0663eb-7cb9-4765-818d-ac5a6cf537cd/timeouts[39m
[35m[HTTP][39m [90m{"implicit":50}[39m
[35m[HTTP][39m [37m<-- POST /wd/hub/session/9d0663eb-7cb9-4765-818d-ac5a6cf537cd/timeouts [39m[32m200[39m [90m1 ms - 14[39m
[35m[HTTP][39m [90m[39m
[35m[HTTP][39m [37m-->[39m [37mGET[39m [37m/wd/hub/session/9d0663eb-7cb9-4765-818d-ac5a6cf537cd/window/rect[39m
[35m[HTTP][39m [90m{}[39m
[35m[HTTP][39m [37m<-- GET /wd/hub/session/9d0663eb-7cb9-4765-818d-ac5a6cf537cd/window/rect [39m[32m200[39m [90m23 ms - 50[39m
[35m[HTTP][39m [90m[39m
[35m[HTTP][39m [37m-->[39m [37mPOST[39m [37m/wd/hub/session/9d0663eb-7cb9-4765-818d-ac5a6cf537cd/elements[39m
[35m[HTTP][39m [90m{"using":"xpath","value":"//hierarchy/android.widget.FrameLayout[1]/android.widget.LinearLayout[1]/android.widget.FrameLayout[1]/android.widget.LinearLayout[1]/android.widget.FrameLayout[1]/android.view.ViewGroup[1]/androidx.viewpager.widget.ViewPager[1]/android.widget.FrameLayout[1]/android.view.ViewGroup[1]/android.widget.ScrollView[1]/android.widget.LinearLayout[1]/androidx.recyclerview.widget.RecyclerView[1]/android.widget.LinearLayout[1]/android.widget.RelativeLayout[1]"}[39m
[35m[HTTP][39m [37m<-- POST /wd/hub/session/9d0663eb-7cb9-4765-818d-ac5a6cf537cd/elements [39m[32m200[39m [90m1127 ms - 139[39m
[35m[HTTP][39m [90m[39m
[35m[HTTP][39m [37m-->[39m [37mGET[39m [37m/wd/hub/session/9d0663eb-7cb9-4765-818d-ac5a6cf537cd/element/00000000-0000-0a39-ffff-ffff00000dc3/location[39m
[35m[HTTP][39m [90m{}[39m
[35m[W3C (9d0663eb)][39m Driver proxy active, passing request on via HTTP proxy
[35m[WD Proxy][39m Replacing sessionId dc9bd8ec-8c3f-45dd-a429-649e548a8029 with 9d0663eb-7cb9-4765-818d-ac5a6cf537cd
[35m[HTTP][39m [37m<-- GET /wd/hub/session/9d0663eb-7cb9-4765-818d-ac5a6cf537cd/element/00000000-0000-0a39-ffff-ffff00000dc3/location [39m[32m200[39m [90m487 ms - 77[39m
[35m[HTTP][39m [90m[39m
[35m[HTTP][39m [37m-->[39m [37mPOST[39m [37m/wd/hub/session/9d0663eb-7cb9-4765-818d-ac5a6cf537cd/timeouts[39m
[35m[HTTP][39m [90m{"implicit":30000}[39m
[35m[HTTP][39m [37m<-- POST /wd/hub/session/9d0663eb-7cb9-4765-818d-ac5a6cf537cd/timeouts [39m[32m200[39m [90m1 ms - 14[39m
[35m[HTTP][39m [90m[39m
[35m[HTTP][39m [37m-->[39m [37mPOST[39m [37m/wd/hub/session/9d0663eb-7cb9-4765-818d-ac5a6cf537cd/touch/perform[39m
[35m[HTTP][39m [90m{"actions":[{"action":"tap","options":{"x":1,"y":1,"element":"00000000-0000-0a39-ffff-ffff00000dc3"}},{"action":"release","options":{}}]}[39m
[35m[UiAutomator2][39m calling get location: 00000000-0000-0a39-ffff-ffff00000dc3
[35m[HTTP][39m [37m<-- POST /wd/hub/session/9d0663eb-7cb9-4765-818d-ac5a6cf537cd/touch/perform [39m[32m200[39m [90m1808 ms - 14[39m
[35m[HTTP][39m [90m[39m
[35m[HTTP][39m [37m-->[39m [37mGET[39m [37m/wd/hub/session/9d0663eb-7cb9-4765-818d-ac5a6cf537cd/context[39m
[35m[HTTP][39m [90m{}[39m
[35m[HTTP][39m [37m<-- GET /wd/hub/session/9d0663eb-7cb9-4765-818d-ac5a6cf537cd/context [39m[32m200[39m [90m2 ms - 22[39m
[35m[HTTP][39m [90m[39m
[35m[HTTP][39m [37m-->[39m [37mGET[39m [37m/wd/hub/session/9d0663eb-7cb9-4765-818d-ac5a6cf537cd/contexts[39m
[35m[HTTP][39m [90m{}[39m
[35m[HTTP][39m [37m<-- GET /wd/hub/session/9d0663eb-7cb9-4765-818d-ac5a6cf537cd/contexts [39m[32m200[39m [90m110 ms - 24[39m
[35m[HTTP][39m [90m[39m
[35m[HTTP][39m [37m-->[39m [37mPOST[39m [37m/wd/hub/session/9d0663eb-7cb9-4765-818d-ac5a6cf537cd/context[39m
[35m[HTTP][39m [90m{"name":"NATIVE_APP"}[39m
[35m[HTTP][39m [37m<-- POST /wd/hub/session/9d0663eb-7cb9-4765-818d-ac5a6cf537cd/context [39m[32m200[39m [90m1 ms - 14[39m
[35m[HTTP][39m [90m[39m
[35m[HTTP][39m [37m-->[39m [37mGET[39m [37m/wd/hub/session/9d0663eb-7cb9-4765-818d-ac5a6cf537cd/window/rect[39m
[35m[HTTP][39m [90m{}[39m
[35m[HTTP][39m [37m<-- GET /wd/hub/session/9d0663eb-7cb9-4765-818d-ac5a6cf537cd/window/rect [39m[32m200[39m [90m29 ms - 50[39m
[35m[HTTP][39m [90m[39m
[35m[HTTP][39m [37m-->[39m [37mPOST[39m [37m/wd/hub/session/9d0663eb-7cb9-4765-818d-ac5a6cf537cd/execute/sync[39m
[35m[HTTP][39m [90m{"script":"mobile: viewportScreenshot","args":[]}[39m
[35m[AndroidDriver][39m Executing native command 'mobile: viewportScreenshot'
[35m[HTTP][39m [37m<-- POST /wd/hub/session/9d0663eb-7cb9-4765-818d-ac5a6cf537cd/execute/sync [39m[32m200[39m [90m1228 ms - 240580[39m
[35m[HTTP][39m [90m[39m
[35m[HTTP][39m [37m-->[39m [37mPOST[39m [37m/wd/hub/session/9d0663eb-7cb9-4765-818d-ac5a6cf537cd/context[39m
[35m[HTTP][39m [90m{"name":"NATIVE_APP"}[39m
[35m[HTTP][39m [37m<-- POST /wd/hub/session/9d0663eb-7cb9-4765-818d-ac5a6cf537cd/context [39m[32m200[39m [90m1 ms - 14[39m
[35m[HTTP][39m [90m[39m
[35m[HTTP][39m [37m-->[39m [37mPOST[39m [37m/wd/hub/session/9d0663eb-7cb9-4765-818d-ac5a6cf537cd/timeouts[39m
[35m[HTTP][39m [90m{"implicit":50}[39m
[35m[HTTP][39m [37m<-- POST /wd/hub/session/9d0663eb-7cb9-4765-818d-ac5a6cf537cd/timeouts [39m[32m200[39m [90m2 ms - 14[39m
[35m[HTTP][39m [90m[39m
[35m[HTTP][39m [37m-->[39m [37mGET[39m [37m/wd/hub/session/9d0663eb-7cb9-4765-818d-ac5a6cf537cd/window/rect[39m
[35m[HTTP][39m [90m{}[39m
[35m[HTTP][39m [37m<-- GET /wd/hub/session/9d0663eb-7cb9-4765-818d-ac5a6cf537cd/window/rect [39m[32m200[39m [90m29 ms - 50[39m
[35m[HTTP][39m [90m[39m
[35m[HTTP][39m [37m-->[39m [37mPOST[39m [37m/wd/hub/session/9d0663eb-7cb9-4765-818d-ac5a6cf537cd/elements[39m
[35m[HTTP][39m [90m{"using":"xpath","value":"//*[@class = 'android.widget.Button' and (@text = 'Email' or . = 'Email') and @resource-id = 'com.vq.mbrochuregp.client.android:id/btn_billing_detail_email']"}[39m
[35m[HTTP][39m [37m<-- POST /wd/hub/session/9d0663eb-7cb9-4765-818d-ac5a6cf537cd/elements [39m[32m200[39m [90m1531 ms - 139[39m
[35m[HTTP][39m [90m[39m
[35m[HTTP][39m [37m-->[39m [37mGET[39m [37m/wd/hub/session/9d0663eb-7cb9-4765-818d-ac5a6cf537cd/element/00000000-0000-0a3a-ffff-ffff00000e1d/location[39m
[35m[HTTP][39m [90m{}[39m
[35m[W3C (9d0663eb)][39m Driver proxy active, passing request on via HTTP proxy
[35m[WD Proxy][39m Replacing sessionId dc9bd8ec-8c3f-45dd-a429-649e548a8029 with 9d0663eb-7cb9-4765-818d-ac5a6cf537cd
[35m[HTTP][39m [37m<-- GET /wd/hub/session/9d0663eb-7cb9-4765-818d-ac5a6cf537cd/element/00000000-0000-0a3a-ffff-ffff00000e1d/location [39m[32m200[39m [90m2453 ms - 79[39m
[35m[HTTP][39m [90m[39m
[35m[HTTP][39m [37m-->[39m [37mPOST[39m [37m/wd/hub/session/9d0663eb-7cb9-4765-818d-ac5a6cf537cd/timeouts[39m
[35m[HTTP][39m [90m{"implicit":30000}[39m
[35m[HTTP][39m [37m<-- POST /wd/hub/session/9d0663eb-7cb9-4765-818d-ac5a6cf537cd/timeouts [39m[32m200[39m [90m2 ms - 14[39m
[35m[HTTP][39m [90m[39m
[35m[HTTP][39m [37m-->[39m [37mPOST[39m [37m/wd/hub/session/9d0663eb-7cb9-4765-818d-ac5a6cf537cd/touch/perform[39m
[35m[HTTP][39m [90m{"actions":[{"action":"tap","options":{"x":1,"y":1,"element":"00000000-0000-0a3a-ffff-ffff00000e1d"}},{"action":"release","options":{}}]}[39m
[35m[UiAutomator2][39m calling get location: 00000000-0000-0a3a-ffff-ffff00000e1d
[35m[HTTP][39m [37m<-- POST /wd/hub/session/9d0663eb-7cb9-4765-818d-ac5a6cf537cd/touch/perform [39m[32m200[39m [90m211 ms - 14[39m
[35m[HTTP][39m [90m[39m
[35m[HTTP][39m [37m-->[39m [37mGET[39m [37m/wd/hub/session/9d0663eb-7cb9-4765-818d-ac5a6cf537cd/context[39m
[35m[HTTP][39m [90m{}[39m
[35m[HTTP][39m [37m<-- GET /wd/hub/session/9d0663eb-7cb9-4765-818d-ac5a6cf537cd/context [39m[32m200[39m [90m2 ms - 22[39m
[35m[HTTP][39m [90m[39m
[35m[HTTP][39m [37m-->[39m [37mGET[39m [37m/wd/hub/session/9d0663eb-7cb9-4765-818d-ac5a6cf537cd/contexts[39m
[35m[HTTP][39m [90m{}[39m
[35m[HTTP][39m [37m<-- GET /wd/hub/session/9d0663eb-7cb9-4765-818d-ac5a6cf537cd/contexts [39m[32m200[39m [90m111 ms - 24[39m
[35m[HTTP][39m [90m[39m
[35m[HTTP][39m [37m-->[39m [37mPOST[39m [37m/wd/hub/session/9d0663eb-7cb9-4765-818d-ac5a6cf537cd/context[39m
[35m[HTTP][39m [90m{"name":"NATIVE_APP"}[39m
[35m[HTTP][39m [37m<-- POST /wd/hub/session/9d0663eb-7cb9-4765-818d-ac5a6cf537cd/context [39m[32m200[39m [90m1 ms - 14[39m
[35m[HTTP][39m [90m[39m
[35m[HTTP][39m [37m-->[39m [37mGET[39m [37m/wd/hub/session/9d0663eb-7cb9-4765-818d-ac5a6cf537cd/window/rect[39m
[35m[HTTP][39m [90m{}[39m
[35m[HTTP][39m [37m<-- GET /wd/hub/session/9d0663eb-7cb9-4765-818d-ac5a6cf537cd/window/rect [39m[32m200[39m [90m24 ms - 50[39m
[35m[HTTP][39m [90m[39m
[35m[HTTP][39m [37m-->[39m [37mPOST[39m [37m/wd/hub/session/9d0663eb-7cb9-4765-818d-ac5a6cf537cd/execute/sync[39m
[35m[HTTP][39m [90m{"script":"mobile: viewportScreenshot","args":[]}[39m
[35m[AndroidDriver][39m Executing native command 'mobile: viewportScreenshot'
[35m[HTTP][39m [37m<-- POST /wd/hub/session/9d0663eb-7cb9-4765-818d-ac5a6cf537cd/execute/sync [39m[32m200[39m [90m1178 ms - 199624[39m
[35m[HTTP][39m [90m[39m
[35m[HTTP][39m [37m-->[39m [37mPOST[39m [37m/wd/hub/session/9d0663eb-7cb9-4765-818d-ac5a6cf537cd/context[39m
[35m[HTTP][39m [90m{"name":"NATIVE_APP"}[39m
[35m[HTTP][39m [37m<-- POST /wd/hub/session/9d0663eb-7cb9-4765-818d-ac5a6cf537cd/context [39m[32m200[39m [90m1 ms - 14[39m
[35m[HTTP][39m [90m[39m
[35m[HTTP][39m [37m-->[39m [37mPOST[39m [37m/wd/hub/session/9d0663eb-7cb9-4765-818d-ac5a6cf537cd/timeouts[39m
[35m[HTTP][39m [90m{"implicit":50}[39m
[35m[HTTP][39m [37m<-- POST /wd/hub/session/9d0663eb-7cb9-4765-818d-ac5a6cf537cd/timeouts [39m[32m200[39m [90m1 ms - 14[39m
[35m[HTTP][39m [90m[39m
[35m[HTTP][39m [37m-->[39m [37mGET[39m [37m/wd/hub/session/9d0663eb-7cb9-4765-818d-ac5a6cf537cd/window/rect[39m
[35m[HTTP][39m [90m{}[39m
[35m[HTTP][39m [37m<-- GET /wd/hub/session/9d0663eb-7cb9-4765-818d-ac5a6cf537cd/window/rect [39m[32m200[39m [90m26 ms - 50[39m
[35m[HTTP][39m [90m[39m
[35m[HTTP][39m [37m-->[39m [37mPOST[39m [37m/wd/hub/session/9d0663eb-7cb9-4765-818d-ac5a6cf537cd/elements[39m
[35m[HTTP][39m [90m{"using":"xpath","value":"//*[@class = 'android.widget.Button' and (@text = 'Kirim' or . = 'Kirim') and @resource-id = 'com.vq.mbrochuregp.client.android:id/btn_stnk_send_email_send_email']"}[39m
[35m[HTTP][39m [37m<-- POST /wd/hub/session/9d0663eb-7cb9-4765-818d-ac5a6cf537cd/elements [39m[32m200[39m [90m167 ms - 139[39m
[35m[HTTP][39m [90m[39m
[35m[HTTP][39m [37m-->[39m [37mGET[39m [37m/wd/hub/session/9d0663eb-7cb9-4765-818d-ac5a6cf537cd/element/00000000-0000-0a3d-ffff-ffff00000e38/location[39m
[35m[HTTP][39m [90m{}[39m
[35m[W3C (9d0663eb)][39m Driver proxy active, passing request on via HTTP proxy
[35m[WD Proxy][39m Replacing sessionId dc9bd8ec-8c3f-45dd-a429-649e548a8029 with 9d0663eb-7cb9-4765-818d-ac5a6cf537cd
[35m[HTTP][39m [37m<-- GET /wd/hub/session/9d0663eb-7cb9-4765-818d-ac5a6cf537cd/element/00000000-0000-0a3d-ffff-ffff00000e38/location [39m[32m200[39m [90m24 ms - 78[39m
[35m[HTTP][39m [90m[39m
[35m[HTTP][39m [37m-->[39m [37mPOST[39m [37m/wd/hub/session/9d0663eb-7cb9-4765-818d-ac5a6cf537cd/timeouts[39m
[35m[HTTP][39m [90m{"implicit":30000}[39m
[35m[HTTP][39m [37m<-- POST /wd/hub/session/9d0663eb-7cb9-4765-818d-ac5a6cf537cd/timeouts [39m[32m200[39m [90m1 ms - 14[39m
[35m[HTTP][39m [90m[39m
[35m[HTTP][39m [37m-->[39m [37mPOST[39m [37m/wd/hub/session/9d0663eb-7cb9-4765-818d-ac5a6cf537cd/touch/perform[39m
[35m[HTTP][39m [90m{"actions":[{"action":"tap","options":{"x":1,"y":1,"element":"00000000-0000-0a3d-ffff-ffff00000e38"}},{"action":"release","options":{}}]}[39m
[35m[UiAutomator2][39m calling get location: 00000000-0000-0a3d-ffff-ffff00000e38
[35m[HTTP][39m [37m<-- POST /wd/hub/session/9d0663eb-7cb9-4765-818d-ac5a6cf537cd/touch/perform [39m[32m200[39m [90m201 ms - 14[39m
[35m[HTTP][39m [90m[39m
[35m[HTTP][39m [37m-->[39m [37mGET[39m [37m/wd/hub/session/9d0663eb-7cb9-4765-818d-ac5a6cf537cd/context[39m
[35m[HTTP][39m [90m{}[39m
[35m[HTTP][39m [37m<-- GET /wd/hub/session/9d0663eb-7cb9-4765-818d-ac5a6cf537cd/context [39m[32m200[39m [90m2 ms - 22[39m
[35m[HTTP][39m [90m[39m
[35m[HTTP][39m [37m-->[39m [37mGET[39m [37m/wd/hub/session/9d0663eb-7cb9-4765-818d-ac5a6cf537cd/contexts[39m
[35m[HTTP][39m [90m{}[39m
[35m[HTTP][39m [37m<-- GET /wd/hub/session/9d0663eb-7cb9-4765-818d-ac5a6cf537cd/contexts [39m[32m200[39m [90m89 ms - 24[39m
[35m[HTTP][39m [90m[39m
[35m[HTTP][39m [37m-->[39m [37mPOST[39m [37m/wd/hub/session/9d0663eb-7cb9-4765-818d-ac5a6cf537cd/context[39m
[35m[HTTP][39m [90m{"name":"NATIVE_APP"}[39m
[35m[HTTP][39m [37m<-- POST /wd/hub/session/9d0663eb-7cb9-4765-818d-ac5a6cf537cd/context [39m[32m200[39m [90m2 ms - 14[39m
[35m[HTTP][39m [90m[39m
[35m[HTTP][39m [37m-->[39m [37mGET[39m [37m/wd/hub/session/9d0663eb-7cb9-4765-818d-ac5a6cf537cd/window/rect[39m
[35m[HTTP][39m [90m{}[39m
[35m[HTTP][39m [37m<-- GET /wd/hub/session/9d0663eb-7cb9-4765-818d-ac5a6cf537cd/window/rect [39m[32m200[39m [90m23 ms - 50[39m
[35m[HTTP][39m [90m[39m
[35m[HTTP][39m [37m-->[39m [37mPOST[39m [37m/wd/hub/session/9d0663eb-7cb9-4765-818d-ac5a6cf537cd/execute/sync[39m
[35m[HTTP][39m [90m{"script":"mobile: viewportScreenshot","args":[]}[39m
[35m[AndroidDriver][39m Executing native command 'mobile: viewportScreenshot'
[35m[HTTP][39m [37m<-- POST /wd/hub/session/9d0663eb-7cb9-4765-818d-ac5a6cf537cd/execute/sync [39m[32m200[39m [90m1183 ms - 298620[39m
[35m[HTTP][39m [90m[39m
[35m[HTTP][39m [37m-->[39m [37mPOST[39m [37m/wd/hub/session/9d0663eb-7cb9-4765-818d-ac5a6cf537cd/context[39m
[35m[HTTP][39m [90m{"name":"NATIVE_APP"}[39m
[35m[HTTP][39m [37m<-- POST /wd/hub/session/9d0663eb-7cb9-4765-818d-ac5a6cf537cd/context [39m[32m200[39m [90m2 ms - 14[39m
[35m[HTTP][39m [90m[39m
[35m[HTTP][39m [37m-->[39m [37mGET[39m [37m/wd/hub/session/9d0663eb-7cb9-4765-818d-ac5a6cf537cd/context[39m
[35m[HTTP][39m [90m{}[39m
[35m[HTTP][39m [37m<-- GET /wd/hub/session/9d0663eb-7cb9-4765-818d-ac5a6cf537cd/context [39m[32m200[39m [90m2 ms - 22[39m
[35m[HTTP][39m [90m[39m
[35m[HTTP][39m [37m-->[39m [37mGET[39m [37m/wd/hub/session/9d0663eb-7cb9-4765-818d-ac5a6cf537cd/contexts[39m
[35m[HTTP][39m [90m{}[39m
[35m[HTTP][39m [37m<-- GET /wd/hub/session/9d0663eb-7cb9-4765-818d-ac5a6cf537cd/contexts [39m[32m200[39m [90m92 ms - 24[39m
[35m[HTTP][39m [90m[39m
[35m[HTTP][39m [37m-->[39m [37mPOST[39m [37m/wd/hub/session/9d0663eb-7cb9-4765-818d-ac5a6cf537cd/context[39m
[35m[HTTP][39m [90m{"name":"NATIVE_APP"}[39m
[35m[HTTP][39m [37m<-- POST /wd/hub/session/9d0663eb-7cb9-4765-818d-ac5a6cf537cd/context [39m[32m200[39m [90m1 ms - 14[39m
[35m[HTTP][39m [90m[39m
[35m[HTTP][39m [37m-->[39m [37mPOST[39m [37m/wd/hub/session/9d0663eb-7cb9-4765-818d-ac5a6cf537cd/appium/device/press_keycode[39m
[35m[HTTP][39m [90m{"keycode":4}[39m
[35m[HTTP][39m [37m<-- POST /wd/hub/session/9d0663eb-7cb9-4765-818d-ac5a6cf537cd/appium/device/press_keycode [39m[32m200[39m [90m966 ms - 14[39m
[35m[HTTP][39m [90m[39m
[35m[HTTP][39m [37m-->[39m [37mPOST[39m [37m/wd/hub/session/9d0663eb-7cb9-4765-818d-ac5a6cf537cd/context[39m
[35m[HTTP][39m [90m{"name":"NATIVE_APP"}[39m
[35m[HTTP][39m [37m<-- POST /wd/hub/session/9d0663eb-7cb9-4765-818d-ac5a6cf537cd/context [39m[32m200[39m [90m1 ms - 14[39m
[35m[HTTP][39m [90m[39m
[35m[HTTP][39m [37m-->[39m [37mGET[39m [37m/wd/hub/session/9d0663eb-7cb9-4765-818d-ac5a6cf537cd/context[39m
[35m[HTTP][39m [90m{}[39m
[35m[HTTP][39m [37m<-- GET /wd/hub/session/9d0663eb-7cb9-4765-818d-ac5a6cf537cd/context [39m[32m200[39m [90m1 ms - 22[39m
[35m[HTTP][39m [90m[39m
[35m[HTTP][39m [37m-->[39m [37mGET[39m [37m/wd/hub/session/9d0663eb-7cb9-4765-818d-ac5a6cf537cd/contexts[39m
[35m[HTTP][39m [90m{}[39m
[35m[HTTP][39m [37m<-- GET /wd/hub/session/9d0663eb-7cb9-4765-818d-ac5a6cf537cd/contexts [39m[32m200[39m [90m84 ms - 24[39m
[35m[HTTP][39m [90m[39m
[35m[HTTP][39m [37m-->[39m [37mPOST[39m [37m/wd/hub/session/9d0663eb-7cb9-4765-818d-ac5a6cf537cd/context[39m
[35m[HTTP][39m [90m{"name":"NATIVE_APP"}[39m
[35m[HTTP][39m [37m<-- POST /wd/hub/session/9d0663eb-7cb9-4765-818d-ac5a6cf537cd/context [39m[32m200[39m [90m1 ms - 14[39m
[35m[HTTP][39m [90m[39m
[35m[HTTP][39m [37m-->[39m [37mPOST[39m [37m/wd/hub/session/9d0663eb-7cb9-4765-818d-ac5a6cf537cd/appium/device/press_keycode[39m
[35m[HTTP][39m [90m{"keycode":4}[39m
[35m[HTTP][39m [37m<-- POST /wd/hub/session/9d0663eb-7cb9-4765-818d-ac5a6cf537cd/appium/device/press_keycode [39m[32m200[39m [90m834 ms - 14[39m
[35m[HTTP][39m [90m[39m
[35m[HTTP][39m [37m-->[39m [37mPOST[39m [37m/wd/hub/session/9d0663eb-7cb9-4765-818d-ac5a6cf537cd/context[39m
[35m[HTTP][39m [90m{"name":"NATIVE_APP"}[39m
[35m[HTTP][39m [37m<-- POST /wd/hub/session/9d0663eb-7cb9-4765-818d-ac5a6cf537cd/context [39m[32m200[39m [90m1 ms - 14[39m
[35m[HTTP][39m [90m[39m
[35m[HTTP][39m [37m-->[39m [37mGET[39m [37m/wd/hub/session/9d0663eb-7cb9-4765-818d-ac5a6cf537cd/window/rect[39m
[35m[HTTP][39m [90m{}[39m
[35m[HTTP][39m [37m<-- GET /wd/hub/session/9d0663eb-7cb9-4765-818d-ac5a6cf537cd/window/rect [39m[32m200[39m [90m24 ms - 50[39m
[35m[HTTP][39m [90m[39m
[35m[HTTP][39m [37m-->[39m [37mPOST[39m [37m/wd/hub/session/9d0663eb-7cb9-4765-818d-ac5a6cf537cd/elements[39m
[35m[HTTP][39m [90m{"using":"xpath","value":"//*[@resource-id = 'com.vq.mbrochuregp.client.android:id/iv_home_profil_icon' and @package = 'com.vq.mbrochuregp.client.android']"}[39m
[35m[HTTP][39m [37m<-- POST /wd/hub/session/9d0663eb-7cb9-4765-818d-ac5a6cf537cd/elements [39m[32m200[39m [90m3039 ms - 139[39m
[35m[HTTP][39m [90m[39m
[35m[HTTP][39m [37m-->[39m [37mGET[39m [37m/wd/hub/session/9d0663eb-7cb9-4765-818d-ac5a6cf537cd/element/00000000-0000-0a39-ffff-ffff00000d93/location[39m
[35m[HTTP][39m [90m{}[39m
[35m[W3C (9d0663eb)][39m Driver proxy active, passing request on via HTTP proxy
[35m[WD Proxy][39m Replacing sessionId dc9bd8ec-8c3f-45dd-a429-649e548a8029 with 9d0663eb-7cb9-4765-818d-ac5a6cf537cd
[35m[HTTP][39m [37m<-- GET /wd/hub/session/9d0663eb-7cb9-4765-818d-ac5a6cf537cd/element/00000000-0000-0a39-ffff-ffff00000d93/location [39m[32m200[39m [90m23 ms - 79[39m
[35m[HTTP][39m [90m[39m
[35m[HTTP][39m [37m-->[39m [37mPOST[39m [37m/wd/hub/session/9d0663eb-7cb9-4765-818d-ac5a6cf537cd/element/00000000-0000-0a39-ffff-ffff00000d93/click[39m
[35m[HTTP][39m [90m{"id":"00000000-0000-0a39-ffff-ffff00000d93"}[39m
[35m[HTTP][39m [37m<-- POST /wd/hub/session/9d0663eb-7cb9-4765-818d-ac5a6cf537cd/element/00000000-0000-0a39-ffff-ffff00000d93/click [39m[32m200[39m [90m55 ms - 14[39m
[35m[HTTP][39m [90m[39m
[35m[HTTP][39m [37m-->[39m [37mDELETE[39m [37m/wd/hub/session/9d0663eb-7cb9-4765-818d-ac5a6cf537cd[39m
[35m[HTTP][39m [90m{}[39m
[35m[Appium][39m Removing session 9d0663eb-7cb9-4765-818d-ac5a6cf537cd from our master session list
[35m[UiAutomator2][39m Restoring hidden api policy to the device default configuration
[35m[HTTP][39m [37m<-- DELETE /wd/hub/session/9d0663eb-7cb9-4765-818d-ac5a6cf537cd [39m[32m200[39m [90m407 ms - 14[39m
[35m[HTTP][39m [90m[39m
