[35m[Appium][39m Welcome to Appium v1.22.2
[35m[Appium][39m Non-default server args:
[35m[Appium][39m   port: 60571
[35m[Appium][39m   loglevel: info
[35m[Appium][39m   tmpDir: C:\Users\NIAYUS~1\AppData\Local\Temp\\Katalon\Appium\Temp1656302976254
[35m[Appium][39m   chromedriverPort: 60572
[35m[Appium][39m Deprecated server args:
[35m[Appium][39m   [31m--chromedriver-port[39m => --default-capabilities
[35m[Appium][39m Default capabilities, which will be added to each request unless overridden by desired capabilities:
[35m[Appium][39m   chromedriverPort: 60572
[35m[Appium][39m Appium REST http interface listener started on 0.0.0.0:60571
[35m[HTTP][39m [37m-->[39m [37mGET[39m [37m/wd/hub/status[39m
[35m[HTTP][39m [90m{}[39m
[35m[HTTP][39m [37m<-- GET /wd/hub/status [39m[32m200[39m [90m17 ms - 68[39m
[35m[HTTP][39m [90m[39m
[35m[HTTP][39m [37m-->[39m [37mPOST[39m [37m/wd/hub/session[39m
[35m[HTTP][39m [90m{"desiredCapabilities":{"appActivity":".Settings","appPackage":"com.android.settings","newCommandTimeout":1800,"platformVersion":"11","automationName":"uiautomator2","autoGrantPermissions":true,"platformName":"Android","udid":"RR8N605F11Y","deviceName":"samsung SM-M315F (Android 11)","platform":"ANDROID","systemPort":8272},"capabilities":{"firstMatch":[{"appium:appActivity":".Settings","appium:appPackage":"com.android.settings","appium:autoGrantPermissions":true,"appium:automationName":"uiautomator2","appium:deviceName":"samsung SM-M315F (Android 11)","appium:newCommandTimeout":1800,"platform":"ANDROID","platformName":"android","appium:platformVersion":"11","appium:systemPort":8272,"appium:udid":"RR8N605F11Y"}]}}[39m
[35m[BaseDriver][39m The following capabilities are not standard capabilities and should have an extension prefix:
[35m[BaseDriver][39m   platform
[35m[BaseDriver][39m   chromedriverPort
[35m[Appium][39m Appium v1.22.2 creating new AndroidUiautomator2Driver (v1.70.1) session
[35m[BaseDriver][39m The following capabilities were provided, but are not recognized by Appium:
[35m[BaseDriver][39m   platform
[35m[BaseDriver][39m Session created with session id: f9396faf-3c9d-4a21-b290-1d2ceb4467e2
[35m[UiAutomator2][39m Starting 'com.android.settings' directly on the device
[35m[ADB][39m Cannot sort build-tools folders ["29.0.3","android-8.1.0"] by semantic version names.
[35m[ADB][39m Falling back to sorting by modification date. Original error: Invalid Version: android-8.1.0
[35m[ADB][39m Found 2 'build-tools' folders under 'C:\Users\Nia Yusniati\.katalon\tools\android_sdk' (newest first):
[35m[ADB][39m     C:/Users/Nia Yusniati/.katalon/tools/android_sdk/build-tools/29.0.3
[35m[ADB][39m     C:/Users/Nia Yusniati/.katalon/tools/android_sdk/build-tools/android-8.1.0
[35m[ADB][39m Using 'adb.exe' from 'C:\Users\Nia Yusniati\.katalon\tools\android_sdk\platform-tools\adb.exe'
[35m[AndroidDriver][39m Retrieving device list
[35m[AndroidDriver][39m Using device: RR8N605F11Y
[35m[ADB][39m Using 'adb.exe' from 'C:\Users\Nia Yusniati\.katalon\tools\android_sdk\platform-tools\adb.exe'
[35m[ADB][39m Getting device platform version
[35m[UiAutomator2][39m Relaxing hidden api policy
[35m[AndroidDriver][39m No app sent in, not parsing package/activity
[35m[ADB][39m Using 'apksigner.jar' from 'C:\Users\Nia Yusniati\.katalon\tools\android_sdk\build-tools\29.0.3\lib\apksigner.jar'
[35m[ADB][39m 'C:\Users\Nia Yusniati\AppData\Roaming\npm\node_modules\appium\node_modules\appium-uiautomator2-server\apks\appium-uiautomator2-server-v4.27.0.apk' is signed with the default certificate
[35m[ADB][39m 'C:\Users\Nia Yusniati\AppData\Roaming\npm\node_modules\appium\node_modules\appium-uiautomator2-server\apks\appium-uiautomator2-server-debug-androidTest.apk' is signed with the default certificate
[35m[UiAutomator2][39m Server packages are not going to be (re)installed
[35m[ADB][39m Adding packages ["io.appium.settings","io.appium.uiautomator2.server","io.appium.uiautomator2.server.test"] to Doze whitelist
[35m[UiAutomator2][39m Starting UIAutomator2 server 4.27.0
[35m[UiAutomator2][39m Using UIAutomator2 server from 'C:\Users\Nia Yusniati\AppData\Roaming\npm\node_modules\appium\node_modules\appium-uiautomator2-server\apks\appium-uiautomator2-server-v4.27.0.apk' and test from 'C:\Users\Nia Yusniati\AppData\Roaming\npm\node_modules\appium\node_modules\appium-uiautomator2-server\apks\appium-uiautomator2-server-debug-androidTest.apk'
[35m[UiAutomator2][39m Waiting up to 30000ms for UiAutomator2 to be online...
[35m[WD Proxy][39m socket hang up
[35m[WD Proxy][39m socket hang up
[35m[WD Proxy][39m socket hang up
[35m[WD Proxy][39m socket hang up
[35m[WD Proxy][39m Determined the downstream protocol as 'W3C'
[35m[AndroidDriver][39m Screen already unlocked, doing nothing
[35m[UiAutomator2][39m Starting 'com.android.settings/.Settings and waiting for 'com.android.settings/.Settings'
[35m[Appium][39m New AndroidUiautomator2Driver session created successfully, session f9396faf-3c9d-4a21-b290-1d2ceb4467e2 added to master session list
[35m[HTTP][39m [37m<-- POST /wd/hub/session [39m[32m200[39m [90m14341 ms - 1158[39m
[35m[HTTP][39m [90m[39m
[35m[HTTP][39m [37m-->[39m [37mGET[39m [37m/wd/hub/session/f9396faf-3c9d-4a21-b290-1d2ceb4467e2[39m
[35m[HTTP][39m [90m{}[39m
[35m[HTTP][39m [37m<-- GET /wd/hub/session/f9396faf-3c9d-4a21-b290-1d2ceb4467e2 [39m[32m200[39m [90m16 ms - 1112[39m
[35m[HTTP][39m [90m[39m
[35m[HTTP][39m [37m-->[39m [37mGET[39m [37m/wd/hub/session/f9396faf-3c9d-4a21-b290-1d2ceb4467e2[39m
[35m[HTTP][39m [90m{}[39m
[35m[HTTP][39m [37m<-- GET /wd/hub/session/f9396faf-3c9d-4a21-b290-1d2ceb4467e2 [39m[32m200[39m [90m11 ms - 1112[39m
[35m[HTTP][39m [90m[39m
[35m[HTTP][39m [37m-->[39m [37mGET[39m [37m/wd/hub/status[39m
[35m[HTTP][39m [90m{}[39m
[35m[HTTP][39m [37m<-- GET /wd/hub/status [39m[32m200[39m [90m1 ms - 68[39m
[35m[HTTP][39m [90m[39m
[35m[HTTP][39m [37m-->[39m [37mPOST[39m [37m/wd/hub/session/f9396faf-3c9d-4a21-b290-1d2ceb4467e2/timeouts[39m
[35m[HTTP][39m [90m{"implicit":30000}[39m
[35m[HTTP][39m [37m<-- POST /wd/hub/session/f9396faf-3c9d-4a21-b290-1d2ceb4467e2/timeouts [39m[32m200[39m [90m5 ms - 14[39m
[35m[HTTP][39m [90m[39m
[35m[HTTP][39m [37m-->[39m [37mGET[39m [37m/wd/hub/session/f9396faf-3c9d-4a21-b290-1d2ceb4467e2/screenshot[39m
[35m[HTTP][39m [90m{}[39m
[35m[HTTP][39m [37m<-- GET /wd/hub/session/f9396faf-3c9d-4a21-b290-1d2ceb4467e2/screenshot [39m[32m200[39m [90m593 ms - 215354[39m
[35m[HTTP][39m [90m[39m
[35m[HTTP][39m [37m-->[39m [37mGET[39m [37m/wd/hub/session/f9396faf-3c9d-4a21-b290-1d2ceb4467e2/window/rect[39m
[35m[HTTP][39m [90m{}[39m
[35m[HTTP][39m [37m<-- GET /wd/hub/session/f9396faf-3c9d-4a21-b290-1d2ceb4467e2/window/rect [39m[32m200[39m [90m32 ms - 50[39m
[35m[HTTP][39m [90m[39m
[35m[HTTP][39m [37m-->[39m [37mGET[39m [37m/wd/hub/session/f9396faf-3c9d-4a21-b290-1d2ceb4467e2/appium/device/system_bars[39m
[35m[HTTP][39m [90m{}[39m
[35m[HTTP][39m [37m<-- GET /wd/hub/session/f9396faf-3c9d-4a21-b290-1d2ceb4467e2/appium/device/system_bars [39m[32m200[39m [90m158 ms - 148[39m
[35m[HTTP][39m [90m[39m
[35m[HTTP][39m [37m-->[39m [37mPOST[39m [37m/wd/hub/session/f9396faf-3c9d-4a21-b290-1d2ceb4467e2/appium/device/activate_app[39m
[35m[HTTP][39m [90m{"bundleId":"com.vq.mbrochuregp.client.android"}[39m
[35m[HTTP][39m [37m<-- POST /wd/hub/session/f9396faf-3c9d-4a21-b290-1d2ceb4467e2/appium/device/activate_app [39m[32m200[39m [90m728 ms - 14[39m
[35m[HTTP][39m [90m[39m
[35m[HTTP][39m [37m-->[39m [37mGET[39m [37m/wd/hub/session/f9396faf-3c9d-4a21-b290-1d2ceb4467e2/window/rect[39m
[35m[HTTP][39m [90m{}[39m
[35m[HTTP][39m [37m<-- GET /wd/hub/session/f9396faf-3c9d-4a21-b290-1d2ceb4467e2/window/rect [39m[32m200[39m [90m34 ms - 50[39m
[35m[HTTP][39m [90m[39m
[35m[HTTP][39m [37m-->[39m [37mPOST[39m [37m/wd/hub/session/f9396faf-3c9d-4a21-b290-1d2ceb4467e2/elements[39m
[35m[HTTP][39m [90m{"using":"xpath","value":"//*[@resource-id = 'com.vq.mbrochuregp.client.android:id/iv_home_profil_icon' and @package = 'com.vq.mbrochuregp.client.android']"}[39m
[35m[HTTP][39m [37m<-- POST /wd/hub/session/f9396faf-3c9d-4a21-b290-1d2ceb4467e2/elements [39m[32m200[39m [90m1909 ms - 139[39m
[35m[HTTP][39m [90m[39m
[35m[HTTP][39m [37m-->[39m [37mGET[39m [37m/wd/hub/session/f9396faf-3c9d-4a21-b290-1d2ceb4467e2/element/00000000-0000-0005-ffff-ffff00000049/location[39m
[35m[HTTP][39m [90m{}[39m
[35m[W3C (f9396faf)][39m Driver proxy active, passing request on via HTTP proxy
[35m[WD Proxy][39m Replacing sessionId 8f73bb09-86b9-4580-98f4-72047f0948eb with f9396faf-3c9d-4a21-b290-1d2ceb4467e2
[35m[HTTP][39m [37m<-- GET /wd/hub/session/f9396faf-3c9d-4a21-b290-1d2ceb4467e2/element/00000000-0000-0005-ffff-ffff00000049/location [39m[32m200[39m [90m58 ms - 79[39m
[35m[HTTP][39m [90m[39m
[35m[HTTP][39m [37m-->[39m [37mPOST[39m [37m/wd/hub/session/f9396faf-3c9d-4a21-b290-1d2ceb4467e2/element/00000000-0000-0005-ffff-ffff00000049/click[39m
[35m[HTTP][39m [90m{"id":"00000000-0000-0005-ffff-ffff00000049"}[39m
[35m[HTTP][39m [37m<-- POST /wd/hub/session/f9396faf-3c9d-4a21-b290-1d2ceb4467e2/element/00000000-0000-0005-ffff-ffff00000049/click [39m[32m200[39m [90m107 ms - 14[39m
[35m[HTTP][39m [90m[39m
[35m[HTTP][39m [37m-->[39m [37mPOST[39m [37m/wd/hub/session/f9396faf-3c9d-4a21-b290-1d2ceb4467e2/timeouts[39m
[35m[HTTP][39m [90m{"implicit":50}[39m
[35m[HTTP][39m [37m<-- POST /wd/hub/session/f9396faf-3c9d-4a21-b290-1d2ceb4467e2/timeouts [39m[32m200[39m [90m2 ms - 14[39m
[35m[HTTP][39m [90m[39m
[35m[HTTP][39m [37m-->[39m [37mGET[39m [37m/wd/hub/session/f9396faf-3c9d-4a21-b290-1d2ceb4467e2/window/rect[39m
[35m[HTTP][39m [90m{}[39m
[35m[HTTP][39m [37m<-- GET /wd/hub/session/f9396faf-3c9d-4a21-b290-1d2ceb4467e2/window/rect [39m[32m200[39m [90m23 ms - 50[39m
[35m[HTTP][39m [90m[39m
[35m[HTTP][39m [37m-->[39m [37mPOST[39m [37m/wd/hub/session/f9396faf-3c9d-4a21-b290-1d2ceb4467e2/elements[39m
[35m[HTTP][39m [90m{"using":"xpath","value":"//hierarchy/android.widget.FrameLayout[1]/android.widget.LinearLayout[1]/android.widget.FrameLayout[1]/android.widget.LinearLayout[1]/android.widget.FrameLayout[1]/android.view.ViewGroup[1]/android.widget.ScrollView[1]/android.widget.LinearLayout[1]/android.view.ViewGroup[1]/android.widget.LinearLayout[1]/android.widget.FrameLayout[1]/android.widget.EditText[1]"}[39m
[35m[HTTP][39m [37m<-- POST /wd/hub/session/f9396faf-3c9d-4a21-b290-1d2ceb4467e2/elements [39m[32m200[39m [90m334 ms - 139[39m
[35m[HTTP][39m [90m[39m
[35m[HTTP][39m [37m-->[39m [37mGET[39m [37m/wd/hub/session/f9396faf-3c9d-4a21-b290-1d2ceb4467e2/element/00000000-0000-000e-ffff-ffff00000079/location[39m
[35m[HTTP][39m [90m{}[39m
[35m[W3C (f9396faf)][39m Driver proxy active, passing request on via HTTP proxy
[35m[WD Proxy][39m Replacing sessionId 8f73bb09-86b9-4580-98f4-72047f0948eb with f9396faf-3c9d-4a21-b290-1d2ceb4467e2
[35m[HTTP][39m [37m<-- GET /wd/hub/session/f9396faf-3c9d-4a21-b290-1d2ceb4467e2/element/00000000-0000-000e-ffff-ffff00000079/location [39m[32m200[39m [90m40 ms - 77[39m
[35m[HTTP][39m [90m[39m
[35m[HTTP][39m [37m-->[39m [37mPOST[39m [37m/wd/hub/session/f9396faf-3c9d-4a21-b290-1d2ceb4467e2/timeouts[39m
[35m[HTTP][39m [90m{"implicit":30000}[39m
[35m[HTTP][39m [37m<-- POST /wd/hub/session/f9396faf-3c9d-4a21-b290-1d2ceb4467e2/timeouts [39m[32m200[39m [90m2 ms - 14[39m
[35m[HTTP][39m [90m[39m
[35m[HTTP][39m [37m-->[39m [37mPOST[39m [37m/wd/hub/session/f9396faf-3c9d-4a21-b290-1d2ceb4467e2/element/00000000-0000-000e-ffff-ffff00000079/clear[39m
[35m[HTTP][39m [90m{"id":"00000000-0000-000e-ffff-ffff00000079"}[39m
[35m[HTTP][39m [37m<-- POST /wd/hub/session/f9396faf-3c9d-4a21-b290-1d2ceb4467e2/element/00000000-0000-000e-ffff-ffff00000079/clear [39m[32m200[39m [90m55 ms - 14[39m
[35m[HTTP][39m [90m[39m
[35m[HTTP][39m [37m-->[39m [37mPOST[39m [37m/wd/hub/session/f9396faf-3c9d-4a21-b290-1d2ceb4467e2/element/00000000-0000-000e-ffff-ffff00000079/value[39m
[35m[HTTP][39m [90m{"id":"00000000-0000-000e-ffff-ffff00000079","text":"luknul@mailinator.com","value":["l","u","k","n","u","l","@","m","a","i","l","i","n","a","t","o","r",".","c","o","m"]}[39m
[35m[HTTP][39m [37m<-- POST /wd/hub/session/f9396faf-3c9d-4a21-b290-1d2ceb4467e2/element/00000000-0000-000e-ffff-ffff00000079/value [39m[32m200[39m [90m569 ms - 14[39m
[35m[HTTP][39m [90m[39m
[35m[HTTP][39m [37m-->[39m [37mPOST[39m [37m/wd/hub/session/f9396faf-3c9d-4a21-b290-1d2ceb4467e2/timeouts[39m
[35m[HTTP][39m [90m{"implicit":50}[39m
[35m[HTTP][39m [37m<-- POST /wd/hub/session/f9396faf-3c9d-4a21-b290-1d2ceb4467e2/timeouts [39m[32m200[39m [90m2 ms - 14[39m
[35m[HTTP][39m [90m[39m
[35m[HTTP][39m [37m-->[39m [37mGET[39m [37m/wd/hub/session/f9396faf-3c9d-4a21-b290-1d2ceb4467e2/window/rect[39m
[35m[HTTP][39m [90m{}[39m
[35m[HTTP][39m [37m<-- GET /wd/hub/session/f9396faf-3c9d-4a21-b290-1d2ceb4467e2/window/rect [39m[32m200[39m [90m31 ms - 50[39m
[35m[HTTP][39m [90m[39m
[35m[HTTP][39m [37m-->[39m [37mPOST[39m [37m/wd/hub/session/f9396faf-3c9d-4a21-b290-1d2ceb4467e2/elements[39m
[35m[HTTP][39m [90m{"using":"xpath","value":"//hierarchy/android.widget.FrameLayout[1]/android.widget.LinearLayout[1]/android.widget.FrameLayout[1]/android.widget.LinearLayout[1]/android.widget.FrameLayout[1]/android.view.ViewGroup[1]/android.widget.ScrollView[1]/android.widget.LinearLayout[1]/android.view.ViewGroup[1]/android.widget.LinearLayout[2]/android.widget.FrameLayout[1]/android.widget.EditText[1]"}[39m
[35m[HTTP][39m [37m<-- POST /wd/hub/session/f9396faf-3c9d-4a21-b290-1d2ceb4467e2/elements [39m[32m200[39m [90m448 ms - 139[39m
[35m[HTTP][39m [90m[39m
[35m[HTTP][39m [37m-->[39m [37mGET[39m [37m/wd/hub/session/f9396faf-3c9d-4a21-b290-1d2ceb4467e2/element/00000000-0000-000e-ffff-ffff0000007d/location[39m
[35m[HTTP][39m [90m{}[39m
[35m[W3C (f9396faf)][39m Driver proxy active, passing request on via HTTP proxy
[35m[WD Proxy][39m Replacing sessionId 8f73bb09-86b9-4580-98f4-72047f0948eb with f9396faf-3c9d-4a21-b290-1d2ceb4467e2
[35m[HTTP][39m [37m<-- GET /wd/hub/session/f9396faf-3c9d-4a21-b290-1d2ceb4467e2/element/00000000-0000-000e-ffff-ffff0000007d/location [39m[32m200[39m [90m43 ms - 78[39m
[35m[HTTP][39m [90m[39m
[35m[HTTP][39m [37m-->[39m [37mPOST[39m [37m/wd/hub/session/f9396faf-3c9d-4a21-b290-1d2ceb4467e2/timeouts[39m
[35m[HTTP][39m [90m{"implicit":30000}[39m
[35m[HTTP][39m [37m<-- POST /wd/hub/session/f9396faf-3c9d-4a21-b290-1d2ceb4467e2/timeouts [39m[32m200[39m [90m2 ms - 14[39m
[35m[HTTP][39m [90m[39m
[35m[HTTP][39m [37m-->[39m [37mPOST[39m [37m/wd/hub/session/f9396faf-3c9d-4a21-b290-1d2ceb4467e2/element/00000000-0000-000e-ffff-ffff0000007d/clear[39m
[35m[HTTP][39m [90m{"id":"00000000-0000-000e-ffff-ffff0000007d"}[39m
[35m[HTTP][39m [37m<-- POST /wd/hub/session/f9396faf-3c9d-4a21-b290-1d2ceb4467e2/element/00000000-0000-000e-ffff-ffff0000007d/clear [39m[32m200[39m [90m47 ms - 14[39m
[35m[HTTP][39m [90m[39m
[35m[HTTP][39m [37m-->[39m [37mPOST[39m [37m/wd/hub/session/f9396faf-3c9d-4a21-b290-1d2ceb4467e2/element/00000000-0000-000e-ffff-ffff0000007d/value[39m
[35m[HTTP][39m [90m{"id":"00000000-0000-000e-ffff-ffff0000007d","text":"123abc","value":["1","2","3","a","b","c"]}[39m
[35m[HTTP][39m [37m<-- POST /wd/hub/session/f9396faf-3c9d-4a21-b290-1d2ceb4467e2/element/00000000-0000-000e-ffff-ffff0000007d/value [39m[32m200[39m [90m561 ms - 14[39m
[35m[HTTP][39m [90m[39m
[35m[HTTP][39m [37m-->[39m [37mGET[39m [37m/wd/hub/session/f9396faf-3c9d-4a21-b290-1d2ceb4467e2/context[39m
[35m[HTTP][39m [90m{}[39m
[35m[HTTP][39m [37m<-- GET /wd/hub/session/f9396faf-3c9d-4a21-b290-1d2ceb4467e2/context [39m[32m200[39m [90m2 ms - 22[39m
[35m[HTTP][39m [90m[39m
[35m[HTTP][39m [37m-->[39m [37mGET[39m [37m/wd/hub/session/f9396faf-3c9d-4a21-b290-1d2ceb4467e2/contexts[39m
[35m[HTTP][39m [90m{}[39m
[35m[HTTP][39m [37m<-- GET /wd/hub/session/f9396faf-3c9d-4a21-b290-1d2ceb4467e2/contexts [39m[32m200[39m [90m134 ms - 24[39m
[35m[HTTP][39m [90m[39m
[35m[HTTP][39m [37m-->[39m [37mPOST[39m [37m/wd/hub/session/f9396faf-3c9d-4a21-b290-1d2ceb4467e2/context[39m
[35m[HTTP][39m [90m{"name":"NATIVE_APP"}[39m
[35m[HTTP][39m [37m<-- POST /wd/hub/session/f9396faf-3c9d-4a21-b290-1d2ceb4467e2/context [39m[32m200[39m [90m2 ms - 14[39m
[35m[HTTP][39m [90m[39m
[35m[HTTP][39m [37m-->[39m [37mGET[39m [37m/wd/hub/session/f9396faf-3c9d-4a21-b290-1d2ceb4467e2/window/rect[39m
[35m[HTTP][39m [90m{}[39m
[35m[HTTP][39m [37m<-- GET /wd/hub/session/f9396faf-3c9d-4a21-b290-1d2ceb4467e2/window/rect [39m[32m200[39m [90m22 ms - 50[39m
[35m[HTTP][39m [90m[39m
[35m[HTTP][39m [37m-->[39m [37mPOST[39m [37m/wd/hub/session/f9396faf-3c9d-4a21-b290-1d2ceb4467e2/execute/sync[39m
[35m[HTTP][39m [90m{"script":"mobile: viewportScreenshot","args":[]}[39m
[35m[AndroidDriver][39m Executing native command 'mobile: viewportScreenshot'
[35m[HTTP][39m [37m<-- POST /wd/hub/session/f9396faf-3c9d-4a21-b290-1d2ceb4467e2/execute/sync [39m[32m200[39m [90m1687 ms - 153144[39m
[35m[HTTP][39m [90m[39m
[35m[HTTP][39m [37m-->[39m [37mPOST[39m [37m/wd/hub/session/f9396faf-3c9d-4a21-b290-1d2ceb4467e2/context[39m
[35m[HTTP][39m [90m{"name":"NATIVE_APP"}[39m
[35m[HTTP][39m [37m<-- POST /wd/hub/session/f9396faf-3c9d-4a21-b290-1d2ceb4467e2/context [39m[32m200[39m [90m2 ms - 14[39m
[35m[HTTP][39m [90m[39m
[35m[HTTP][39m [37m-->[39m [37mPOST[39m [37m/wd/hub/session/f9396faf-3c9d-4a21-b290-1d2ceb4467e2/timeouts[39m
[35m[HTTP][39m [90m{"implicit":50}[39m
[35m[HTTP][39m [37m<-- POST /wd/hub/session/f9396faf-3c9d-4a21-b290-1d2ceb4467e2/timeouts [39m[32m200[39m [90m2 ms - 14[39m
[35m[HTTP][39m [90m[39m
[35m[HTTP][39m [37m-->[39m [37mGET[39m [37m/wd/hub/session/f9396faf-3c9d-4a21-b290-1d2ceb4467e2/window/rect[39m
[35m[HTTP][39m [90m{}[39m
[35m[HTTP][39m [37m<-- GET /wd/hub/session/f9396faf-3c9d-4a21-b290-1d2ceb4467e2/window/rect [39m[32m200[39m [90m32 ms - 50[39m
[35m[HTTP][39m [90m[39m
[35m[HTTP][39m [37m-->[39m [37mPOST[39m [37m/wd/hub/session/f9396faf-3c9d-4a21-b290-1d2ceb4467e2/elements[39m
[35m[HTTP][39m [90m{"using":"xpath","value":"//hierarchy/android.widget.FrameLayout[1]/android.widget.LinearLayout[1]/android.widget.FrameLayout[1]/android.widget.LinearLayout[1]/android.widget.FrameLayout[1]/android.view.ViewGroup[1]/android.widget.ScrollView[1]/android.widget.LinearLayout[1]/android.view.ViewGroup[1]/android.widget.Button[1]"}[39m
[35m[HTTP][39m [37m<-- POST /wd/hub/session/f9396faf-3c9d-4a21-b290-1d2ceb4467e2/elements [39m[32m200[39m [90m461 ms - 139[39m
[35m[HTTP][39m [90m[39m
[35m[HTTP][39m [37m-->[39m [37mGET[39m [37m/wd/hub/session/f9396faf-3c9d-4a21-b290-1d2ceb4467e2/element/00000000-0000-000e-ffff-ffff00000080/location[39m
[35m[HTTP][39m [90m{}[39m
[35m[W3C (f9396faf)][39m Driver proxy active, passing request on via HTTP proxy
[35m[WD Proxy][39m Replacing sessionId 8f73bb09-86b9-4580-98f4-72047f0948eb with f9396faf-3c9d-4a21-b290-1d2ceb4467e2
[35m[HTTP][39m [37m<-- GET /wd/hub/session/f9396faf-3c9d-4a21-b290-1d2ceb4467e2/element/00000000-0000-000e-ffff-ffff00000080/location [39m[32m200[39m [90m53 ms - 78[39m
[35m[HTTP][39m [90m[39m
[35m[HTTP][39m [37m-->[39m [37mPOST[39m [37m/wd/hub/session/f9396faf-3c9d-4a21-b290-1d2ceb4467e2/timeouts[39m
[35m[HTTP][39m [90m{"implicit":30000}[39m
[35m[HTTP][39m [37m<-- POST /wd/hub/session/f9396faf-3c9d-4a21-b290-1d2ceb4467e2/timeouts [39m[32m200[39m [90m2 ms - 14[39m
[35m[HTTP][39m [90m[39m
[35m[HTTP][39m [37m-->[39m [37mPOST[39m [37m/wd/hub/session/f9396faf-3c9d-4a21-b290-1d2ceb4467e2/touch/perform[39m
[35m[HTTP][39m [90m{"actions":[{"action":"tap","options":{"x":1,"y":1,"element":"00000000-0000-000e-ffff-ffff00000080"}},{"action":"release","options":{}}]}[39m
[35m[UiAutomator2][39m calling get location: 00000000-0000-000e-ffff-ffff00000080
[35m[HTTP][39m [37m<-- POST /wd/hub/session/f9396faf-3c9d-4a21-b290-1d2ceb4467e2/touch/perform [39m[32m200[39m [90m277 ms - 14[39m
[35m[HTTP][39m [90m[39m
[35m[HTTP][39m [37m-->[39m [37mGET[39m [37m/wd/hub/session/f9396faf-3c9d-4a21-b290-1d2ceb4467e2/context[39m
[35m[HTTP][39m [90m{}[39m
[35m[HTTP][39m [37m<-- GET /wd/hub/session/f9396faf-3c9d-4a21-b290-1d2ceb4467e2/context [39m[32m200[39m [90m2 ms - 22[39m
[35m[HTTP][39m [90m[39m
[35m[HTTP][39m [37m-->[39m [37mGET[39m [37m/wd/hub/session/f9396faf-3c9d-4a21-b290-1d2ceb4467e2/contexts[39m
[35m[HTTP][39m [90m{}[39m
[35m[HTTP][39m [37m<-- GET /wd/hub/session/f9396faf-3c9d-4a21-b290-1d2ceb4467e2/contexts [39m[32m200[39m [90m127 ms - 24[39m
[35m[HTTP][39m [90m[39m
[35m[HTTP][39m [37m-->[39m [37mPOST[39m [37m/wd/hub/session/f9396faf-3c9d-4a21-b290-1d2ceb4467e2/context[39m
[35m[HTTP][39m [90m{"name":"NATIVE_APP"}[39m
[35m[HTTP][39m [37m<-- POST /wd/hub/session/f9396faf-3c9d-4a21-b290-1d2ceb4467e2/context [39m[32m200[39m [90m3 ms - 14[39m
[35m[HTTP][39m [90m[39m
[35m[HTTP][39m [37m-->[39m [37mPOST[39m [37m/wd/hub/session/f9396faf-3c9d-4a21-b290-1d2ceb4467e2/element[39m
[35m[HTTP][39m [90m{"using":"-android uiautomator","value":"new UiScrollable(new UiSelector().scrollable(true).instance(0)).scrollIntoView(new UiSelector().textContains(\"Suku Bunga\"))"}[39m
[35m[HTTP][39m [37m<-- POST /wd/hub/session/f9396faf-3c9d-4a21-b290-1d2ceb4467e2/element [39m[32m200[39m [90m7863 ms - 137[39m
[35m[HTTP][39m [90m[39m
[35m[HTTP][39m [37m-->[39m [37mPOST[39m [37m/wd/hub/session/f9396faf-3c9d-4a21-b290-1d2ceb4467e2/context[39m
[35m[HTTP][39m [90m{"name":"NATIVE_APP"}[39m
[35m[HTTP][39m [37m<-- POST /wd/hub/session/f9396faf-3c9d-4a21-b290-1d2ceb4467e2/context [39m[32m200[39m [90m2 ms - 14[39m
[35m[HTTP][39m [90m[39m
[35m[HTTP][39m [37m-->[39m [37mGET[39m [37m/wd/hub/session/f9396faf-3c9d-4a21-b290-1d2ceb4467e2/window/rect[39m
[35m[HTTP][39m [90m{}[39m
[35m[HTTP][39m [37m<-- GET /wd/hub/session/f9396faf-3c9d-4a21-b290-1d2ceb4467e2/window/rect [39m[32m200[39m [90m22 ms - 50[39m
[35m[HTTP][39m [90m[39m
[35m[HTTP][39m [37m-->[39m [37mPOST[39m [37m/wd/hub/session/f9396faf-3c9d-4a21-b290-1d2ceb4467e2/elements[39m
[35m[HTTP][39m [90m{"using":"xpath","value":"//*[@resource-id = 'com.vq.mbrochuregp.client.android:id/iv_home_profil_icon' and @package = 'com.vq.mbrochuregp.client.android']"}[39m
[35m[HTTP][39m [37m<-- POST /wd/hub/session/f9396faf-3c9d-4a21-b290-1d2ceb4467e2/elements [39m[32m200[39m [90m766 ms - 139[39m
[35m[HTTP][39m [90m[39m
[35m[HTTP][39m [37m-->[39m [37mGET[39m [37m/wd/hub/session/f9396faf-3c9d-4a21-b290-1d2ceb4467e2/element/00000000-0000-0010-ffff-ffff000000d0/location[39m
[35m[HTTP][39m [90m{}[39m
[35m[W3C (f9396faf)][39m Driver proxy active, passing request on via HTTP proxy
[35m[WD Proxy][39m Replacing sessionId 8f73bb09-86b9-4580-98f4-72047f0948eb with f9396faf-3c9d-4a21-b290-1d2ceb4467e2
[35m[HTTP][39m [37m<-- GET /wd/hub/session/f9396faf-3c9d-4a21-b290-1d2ceb4467e2/element/00000000-0000-0010-ffff-ffff000000d0/location [39m[32m200[39m [90m38 ms - 79[39m
[35m[HTTP][39m [90m[39m
[35m[HTTP][39m [37m-->[39m [37mPOST[39m [37m/wd/hub/session/f9396faf-3c9d-4a21-b290-1d2ceb4467e2/element/00000000-0000-0010-ffff-ffff000000d0/click[39m
[35m[HTTP][39m [90m{"id":"00000000-0000-0010-ffff-ffff000000d0"}[39m
[35m[HTTP][39m [37m<-- POST /wd/hub/session/f9396faf-3c9d-4a21-b290-1d2ceb4467e2/element/00000000-0000-0010-ffff-ffff000000d0/click [39m[32m200[39m [90m95 ms - 14[39m
[35m[HTTP][39m [90m[39m
[35m[HTTP][39m [37m-->[39m [37mGET[39m [37m/wd/hub/session/f9396faf-3c9d-4a21-b290-1d2ceb4467e2/context[39m
[35m[HTTP][39m [90m{}[39m
[35m[HTTP][39m [37m<-- GET /wd/hub/session/f9396faf-3c9d-4a21-b290-1d2ceb4467e2/context [39m[32m200[39m [90m2 ms - 22[39m
[35m[HTTP][39m [90m[39m
[35m[HTTP][39m [37m-->[39m [37mGET[39m [37m/wd/hub/session/f9396faf-3c9d-4a21-b290-1d2ceb4467e2/contexts[39m
[35m[HTTP][39m [90m{}[39m
[35m[HTTP][39m [37m<-- GET /wd/hub/session/f9396faf-3c9d-4a21-b290-1d2ceb4467e2/contexts [39m[32m200[39m [90m98 ms - 24[39m
[35m[HTTP][39m [90m[39m
[35m[HTTP][39m [37m-->[39m [37mPOST[39m [37m/wd/hub/session/f9396faf-3c9d-4a21-b290-1d2ceb4467e2/context[39m
[35m[HTTP][39m [90m{"name":"NATIVE_APP"}[39m
[35m[HTTP][39m [37m<-- POST /wd/hub/session/f9396faf-3c9d-4a21-b290-1d2ceb4467e2/context [39m[32m200[39m [90m1 ms - 14[39m
[35m[HTTP][39m [90m[39m
[35m[HTTP][39m [37m-->[39m [37mGET[39m [37m/wd/hub/session/f9396faf-3c9d-4a21-b290-1d2ceb4467e2/window/rect[39m
[35m[HTTP][39m [90m{}[39m
[35m[HTTP][39m [37m<-- GET /wd/hub/session/f9396faf-3c9d-4a21-b290-1d2ceb4467e2/window/rect [39m[32m200[39m [90m22 ms - 50[39m
[35m[HTTP][39m [90m[39m
[35m[HTTP][39m [37m-->[39m [37mPOST[39m [37m/wd/hub/session/f9396faf-3c9d-4a21-b290-1d2ceb4467e2/execute/sync[39m
[35m[HTTP][39m [90m{"script":"mobile: viewportScreenshot","args":[]}[39m
[35m[AndroidDriver][39m Executing native command 'mobile: viewportScreenshot'
[35m[HTTP][39m [37m<-- POST /wd/hub/session/f9396faf-3c9d-4a21-b290-1d2ceb4467e2/execute/sync [39m[32m200[39m [90m1524 ms - 264404[39m
[35m[HTTP][39m [90m[39m
[35m[HTTP][39m [37m-->[39m [37mPOST[39m [37m/wd/hub/session/f9396faf-3c9d-4a21-b290-1d2ceb4467e2/context[39m
[35m[HTTP][39m [90m{"name":"NATIVE_APP"}[39m
[35m[HTTP][39m [37m<-- POST /wd/hub/session/f9396faf-3c9d-4a21-b290-1d2ceb4467e2/context [39m[32m200[39m [90m2 ms - 14[39m
[35m[HTTP][39m [90m[39m
[35m[HTTP][39m [37m-->[39m [37mGET[39m [37m/wd/hub/session/f9396faf-3c9d-4a21-b290-1d2ceb4467e2/window/rect[39m
[35m[HTTP][39m [90m{}[39m
[35m[HTTP][39m [37m<-- GET /wd/hub/session/f9396faf-3c9d-4a21-b290-1d2ceb4467e2/window/rect [39m[32m200[39m [90m25 ms - 50[39m
[35m[HTTP][39m [90m[39m
[35m[HTTP][39m [37m-->[39m [37mPOST[39m [37m/wd/hub/session/f9396faf-3c9d-4a21-b290-1d2ceb4467e2/elements[39m
[35m[HTTP][39m [90m{"using":"xpath","value":"//*[@class = 'android.widget.ImageView' and @resource-id = 'com.vq.mbrochuregp.client.android:id/iv_home_icon' and (@text = '' or . = '')]"}[39m
[35m[HTTP][39m [37m<-- POST /wd/hub/session/f9396faf-3c9d-4a21-b290-1d2ceb4467e2/elements [39m[32m200[39m [90m969 ms - 139[39m
[35m[HTTP][39m [90m[39m
[35m[HTTP][39m [37m-->[39m [37mGET[39m [37m/wd/hub/session/f9396faf-3c9d-4a21-b290-1d2ceb4467e2/element/00000000-0000-0012-ffff-ffff00000118/location[39m
[35m[HTTP][39m [90m{}[39m
[35m[W3C (f9396faf)][39m Driver proxy active, passing request on via HTTP proxy
[35m[WD Proxy][39m Replacing sessionId 8f73bb09-86b9-4580-98f4-72047f0948eb with f9396faf-3c9d-4a21-b290-1d2ceb4467e2
[35m[HTTP][39m [37m<-- GET /wd/hub/session/f9396faf-3c9d-4a21-b290-1d2ceb4467e2/element/00000000-0000-0012-ffff-ffff00000118/location [39m[32m200[39m [90m39 ms - 78[39m
[35m[HTTP][39m [90m[39m
[35m[HTTP][39m [37m-->[39m [37mPOST[39m [37m/wd/hub/session/f9396faf-3c9d-4a21-b290-1d2ceb4467e2/element/00000000-0000-0012-ffff-ffff00000118/click[39m
[35m[HTTP][39m [90m{"id":"00000000-0000-0012-ffff-ffff00000118"}[39m
[35m[HTTP][39m [37m<-- POST /wd/hub/session/f9396faf-3c9d-4a21-b290-1d2ceb4467e2/element/00000000-0000-0012-ffff-ffff00000118/click [39m[32m200[39m [90m90 ms - 14[39m
[35m[HTTP][39m [90m[39m
[35m[HTTP][39m [37m-->[39m [37mGET[39m [37m/wd/hub/status[39m
[35m[HTTP][39m [90m{}[39m
[35m[HTTP][39m [37m<-- GET /wd/hub/status [39m[32m200[39m [90m1 ms - 68[39m
[35m[HTTP][39m [90m[39m
[35m[HTTP][39m [37m-->[39m [37mPOST[39m [37m/wd/hub/session[39m
[35m[HTTP][39m [90m{"desiredCapabilities":{"appActivity":".Settings","appPackage":"com.android.settings","newCommandTimeout":1800,"platformVersion":"11","automationName":"uiautomator2","autoGrantPermissions":true,"platformName":"Android","udid":"RR8N605F11Y","deviceName":"samsung SM-M315F (Android 11)","platform":"ANDROID","systemPort":8230},"capabilities":{"firstMatch":[{"appium:appActivity":".Settings","appium:appPackage":"com.android.settings","appium:autoGrantPermissions":true,"appium:automationName":"uiautomator2","appium:deviceName":"samsung SM-M315F (Android 11)","appium:newCommandTimeout":1800,"platform":"ANDROID","platformName":"android","appium:platformVersion":"11","appium:systemPort":8230,"appium:udid":"RR8N605F11Y"}]}}[39m
[35m[BaseDriver][39m The following capabilities are not standard capabilities and should have an extension prefix:
[35m[BaseDriver][39m   platform
[35m[BaseDriver][39m   chromedriverPort
[35m[Appium][39m Appium v1.22.2 creating new AndroidUiautomator2Driver (v1.70.1) session
[35m[BaseDriver][39m The following capabilities were provided, but are not recognized by Appium:
[35m[BaseDriver][39m   platform
[35m[BaseDriver][39m Session created with session id: a171ff37-6b29-44a5-9871-11ee7185f149
[35m[UiAutomator2][39m Starting 'com.android.settings' directly on the device
[35m[ADB][39m Using 'adb.exe' from 'C:\Users\Nia Yusniati\.katalon\tools\android_sdk\platform-tools\adb.exe'
[35m[AndroidDriver][39m Retrieving device list
[35m[AndroidDriver][39m Using device: RR8N605F11Y
[35m[ADB][39m Using 'adb.exe' from 'C:\Users\Nia Yusniati\.katalon\tools\android_sdk\platform-tools\adb.exe'
[35m[ADB][39m Getting device platform version
[35m[UiAutomator2][39m Relaxing hidden api policy
[35m[AndroidDriver][39m No app sent in, not parsing package/activity
[35m[UiAutomator2][39m Server packages are not going to be (re)installed
[35m[ADB][39m Adding packages ["io.appium.settings","io.appium.uiautomator2.server","io.appium.uiautomator2.server.test"] to Doze whitelist
[35m[UiAutomator2][39m Starting UIAutomator2 server 4.27.0
[35m[UiAutomator2][39m Using UIAutomator2 server from 'C:\Users\Nia Yusniati\AppData\Roaming\npm\node_modules\appium\node_modules\appium-uiautomator2-server\apks\appium-uiautomator2-server-v4.27.0.apk' and test from 'C:\Users\Nia Yusniati\AppData\Roaming\npm\node_modules\appium\node_modules\appium-uiautomator2-server\apks\appium-uiautomator2-server-debug-androidTest.apk'
[35m[UiAutomator2][39m Waiting up to 30000ms for UiAutomator2 to be online...
[35m[WD Proxy][39m socket hang up
[35m[WD Proxy][39m socket hang up
[35m[WD Proxy][39m socket hang up
[35m[WD Proxy][39m socket hang up
[35m[WD Proxy][39m Determined the downstream protocol as 'W3C'
[35m[AndroidDriver][39m Screen already unlocked, doing nothing
[35m[UiAutomator2][39m Starting 'com.android.settings/.Settings and waiting for 'com.android.settings/.Settings'
[35m[Appium][39m New AndroidUiautomator2Driver session created successfully, session a171ff37-6b29-44a5-9871-11ee7185f149 added to master session list
[35m[HTTP][39m [37m<-- POST /wd/hub/session [39m[32m200[39m [90m12530 ms - 1158[39m
[35m[HTTP][39m [90m[39m
[35m[HTTP][39m [37m-->[39m [37mGET[39m [37m/wd/hub/session/a171ff37-6b29-44a5-9871-11ee7185f149[39m
[35m[HTTP][39m [90m{}[39m
[35m[HTTP][39m [37m<-- GET /wd/hub/session/a171ff37-6b29-44a5-9871-11ee7185f149 [39m[32m200[39m [90m21 ms - 1112[39m
[35m[HTTP][39m [90m[39m
[35m[HTTP][39m [37m-->[39m [37mGET[39m [37m/wd/hub/session/a171ff37-6b29-44a5-9871-11ee7185f149[39m
[35m[HTTP][39m [90m{}[39m
[35m[HTTP][39m [37m<-- GET /wd/hub/session/a171ff37-6b29-44a5-9871-11ee7185f149 [39m[32m200[39m [90m12 ms - 1112[39m
[35m[HTTP][39m [90m[39m
[35m[HTTP][39m [37m-->[39m [37mGET[39m [37m/wd/hub/status[39m
[35m[HTTP][39m [90m{}[39m
[35m[HTTP][39m [37m<-- GET /wd/hub/status [39m[32m200[39m [90m1 ms - 68[39m
[35m[HTTP][39m [90m[39m
[35m[HTTP][39m [37m-->[39m [37mPOST[39m [37m/wd/hub/session/a171ff37-6b29-44a5-9871-11ee7185f149/timeouts[39m
[35m[HTTP][39m [90m{"implicit":30000}[39m
[35m[HTTP][39m [37m<-- POST /wd/hub/session/a171ff37-6b29-44a5-9871-11ee7185f149/timeouts [39m[32m200[39m [90m2 ms - 14[39m
[35m[HTTP][39m [90m[39m
[35m[HTTP][39m [37m-->[39m [37mGET[39m [37m/wd/hub/session/a171ff37-6b29-44a5-9871-11ee7185f149/screenshot[39m
[35m[HTTP][39m [90m{}[39m
[35m[HTTP][39m [37m<-- GET /wd/hub/session/a171ff37-6b29-44a5-9871-11ee7185f149/screenshot [39m[32m200[39m [90m639 ms - 215400[39m
[35m[HTTP][39m [90m[39m
[35m[HTTP][39m [37m-->[39m [37mGET[39m [37m/wd/hub/session/a171ff37-6b29-44a5-9871-11ee7185f149/window/rect[39m
[35m[HTTP][39m [90m{}[39m
[35m[HTTP][39m [37m<-- GET /wd/hub/session/a171ff37-6b29-44a5-9871-11ee7185f149/window/rect [39m[32m200[39m [90m9 ms - 50[39m
[35m[HTTP][39m [90m[39m
[35m[HTTP][39m [37m-->[39m [37mGET[39m [37m/wd/hub/session/a171ff37-6b29-44a5-9871-11ee7185f149/appium/device/system_bars[39m
[35m[HTTP][39m [90m{}[39m
[35m[HTTP][39m [37m<-- GET /wd/hub/session/a171ff37-6b29-44a5-9871-11ee7185f149/appium/device/system_bars [39m[32m200[39m [90m162 ms - 148[39m
[35m[HTTP][39m [90m[39m
[35m[HTTP][39m [37m-->[39m [37mPOST[39m [37m/wd/hub/session/a171ff37-6b29-44a5-9871-11ee7185f149/appium/device/activate_app[39m
[35m[HTTP][39m [90m{"bundleId":"com.vq.mbrochuregp.client.android"}[39m
[35m[HTTP][39m [37m<-- POST /wd/hub/session/a171ff37-6b29-44a5-9871-11ee7185f149/appium/device/activate_app [39m[32m200[39m [90m637 ms - 14[39m
[35m[HTTP][39m [90m[39m
[35m[HTTP][39m [37m-->[39m [37mGET[39m [37m/wd/hub/session/a171ff37-6b29-44a5-9871-11ee7185f149/context[39m
[35m[HTTP][39m [90m{}[39m
[35m[HTTP][39m [37m<-- GET /wd/hub/session/a171ff37-6b29-44a5-9871-11ee7185f149/context [39m[32m200[39m [90m1 ms - 22[39m
[35m[HTTP][39m [90m[39m
[35m[HTTP][39m [37m-->[39m [37mGET[39m [37m/wd/hub/session/a171ff37-6b29-44a5-9871-11ee7185f149/contexts[39m
[35m[HTTP][39m [90m{}[39m
[35m[HTTP][39m [37m<-- GET /wd/hub/session/a171ff37-6b29-44a5-9871-11ee7185f149/contexts [39m[32m200[39m [90m121 ms - 24[39m
[35m[HTTP][39m [90m[39m
[35m[HTTP][39m [37m-->[39m [37mPOST[39m [37m/wd/hub/session/a171ff37-6b29-44a5-9871-11ee7185f149/context[39m
[35m[HTTP][39m [90m{"name":"NATIVE_APP"}[39m
[35m[HTTP][39m [37m<-- POST /wd/hub/session/a171ff37-6b29-44a5-9871-11ee7185f149/context [39m[32m200[39m [90m2 ms - 14[39m
[35m[HTTP][39m [90m[39m
[35m[HTTP][39m [37m-->[39m [37mPOST[39m [37m/wd/hub/session/a171ff37-6b29-44a5-9871-11ee7185f149/appium/device/press_keycode[39m
[35m[HTTP][39m [90m{"keycode":4}[39m
[35m[HTTP][39m [37m<-- POST /wd/hub/session/a171ff37-6b29-44a5-9871-11ee7185f149/appium/device/press_keycode [39m[32m200[39m [90m186 ms - 14[39m
[35m[HTTP][39m [90m[39m
[35m[HTTP][39m [37m-->[39m [37mPOST[39m [37m/wd/hub/session/a171ff37-6b29-44a5-9871-11ee7185f149/context[39m
[35m[HTTP][39m [90m{"name":"NATIVE_APP"}[39m
[35m[HTTP][39m [37m<-- POST /wd/hub/session/a171ff37-6b29-44a5-9871-11ee7185f149/context [39m[32m200[39m [90m3 ms - 14[39m
[35m[HTTP][39m [90m[39m
[35m[HTTP][39m [37m-->[39m [37mPOST[39m [37m/wd/hub/session/a171ff37-6b29-44a5-9871-11ee7185f149/timeouts[39m
[35m[HTTP][39m [90m{"implicit":50}[39m
[35m[HTTP][39m [37m<-- POST /wd/hub/session/a171ff37-6b29-44a5-9871-11ee7185f149/timeouts [39m[32m200[39m [90m2 ms - 14[39m
[35m[HTTP][39m [90m[39m
[35m[HTTP][39m [37m-->[39m [37mGET[39m [37m/wd/hub/session/a171ff37-6b29-44a5-9871-11ee7185f149/window/rect[39m
[35m[HTTP][39m [90m{}[39m
[35m[HTTP][39m [37m<-- GET /wd/hub/session/a171ff37-6b29-44a5-9871-11ee7185f149/window/rect [39m[32m200[39m [90m21 ms - 50[39m
[35m[HTTP][39m [90m[39m
[35m[HTTP][39m [37m-->[39m [37mPOST[39m [37m/wd/hub/session/a171ff37-6b29-44a5-9871-11ee7185f149/elements[39m
[35m[HTTP][39m [90m{"using":"xpath","value":"//*[@class = 'android.widget.Button' and (@text = 'TIDAK' or . = 'TIDAK') and @resource-id = 'android:id/button2']"}[39m
[35m[HTTP][39m [37m<-- POST /wd/hub/session/a171ff37-6b29-44a5-9871-11ee7185f149/elements [39m[32m200[39m [90m3357 ms - 139[39m
[35m[HTTP][39m [90m[39m
[35m[HTTP][39m [37m-->[39m [37mGET[39m [37m/wd/hub/session/a171ff37-6b29-44a5-9871-11ee7185f149/element/00000000-0000-0023-ffff-ffff000001c5/location[39m
[35m[HTTP][39m [90m{}[39m
[35m[W3C (a171ff37)][39m Driver proxy active, passing request on via HTTP proxy
[35m[WD Proxy][39m Replacing sessionId 49bb7c00-0bc2-470c-88f8-eb8348d2bba1 with a171ff37-6b29-44a5-9871-11ee7185f149
[35m[HTTP][39m [37m<-- GET /wd/hub/session/a171ff37-6b29-44a5-9871-11ee7185f149/element/00000000-0000-0023-ffff-ffff000001c5/location [39m[32m200[39m [90m35 ms - 79[39m
[35m[HTTP][39m [90m[39m
[35m[HTTP][39m [37m-->[39m [37mPOST[39m [37m/wd/hub/session/a171ff37-6b29-44a5-9871-11ee7185f149/timeouts[39m
[35m[HTTP][39m [90m{"implicit":30000}[39m
[35m[HTTP][39m [37m<-- POST /wd/hub/session/a171ff37-6b29-44a5-9871-11ee7185f149/timeouts [39m[32m200[39m [90m2 ms - 14[39m
[35m[HTTP][39m [90m[39m
[35m[HTTP][39m [37m-->[39m [37mPOST[39m [37m/wd/hub/session/a171ff37-6b29-44a5-9871-11ee7185f149/touch/perform[39m
[35m[HTTP][39m [90m{"actions":[{"action":"tap","options":{"x":1,"y":1,"element":"00000000-0000-0023-ffff-ffff000001c5"}},{"action":"release","options":{}}]}[39m
[35m[UiAutomator2][39m calling get location: 00000000-0000-0023-ffff-ffff000001c5
[35m[HTTP][39m [37m<-- POST /wd/hub/session/a171ff37-6b29-44a5-9871-11ee7185f149/touch/perform [39m[32m200[39m [90m730 ms - 14[39m
[35m[HTTP][39m [90m[39m
[35m[HTTP][39m [37m-->[39m [37mPOST[39m [37m/wd/hub/session/a171ff37-6b29-44a5-9871-11ee7185f149/timeouts[39m
[35m[HTTP][39m [90m{"implicit":50}[39m
[35m[HTTP][39m [37m<-- POST /wd/hub/session/a171ff37-6b29-44a5-9871-11ee7185f149/timeouts [39m[32m200[39m [90m2 ms - 14[39m
[35m[HTTP][39m [90m[39m
[35m[HTTP][39m [37m-->[39m [37mGET[39m [37m/wd/hub/session/a171ff37-6b29-44a5-9871-11ee7185f149/window/rect[39m
[35m[HTTP][39m [90m{}[39m
[35m[HTTP][39m [37m<-- GET /wd/hub/session/a171ff37-6b29-44a5-9871-11ee7185f149/window/rect [39m[32m200[39m [90m24 ms - 50[39m
[35m[HTTP][39m [90m[39m
[35m[HTTP][39m [37m-->[39m [37mPOST[39m [37m/wd/hub/session/a171ff37-6b29-44a5-9871-11ee7185f149/elements[39m
[35m[HTTP][39m [90m{"using":"xpath","value":"//hierarchy/android.widget.FrameLayout[1]/android.widget.LinearLayout[1]/android.widget.FrameLayout[1]/android.widget.LinearLayout[1]/android.widget.FrameLayout[1]/android.view.ViewGroup[1]/android.widget.ScrollView[1]/android.widget.LinearLayout[1]/android.view.ViewGroup[2]/android.widget.LinearLayout[1]/androidx.recyclerview.widget.RecyclerView[1]/android.widget.LinearLayout[8]/android.widget.ImageView[1]"}[39m
[35m[HTTP][39m [37m<-- POST /wd/hub/session/a171ff37-6b29-44a5-9871-11ee7185f149/elements [39m[32m200[39m [90m692 ms - 139[39m
[35m[HTTP][39m [90m[39m
[35m[HTTP][39m [37m-->[39m [37mGET[39m [37m/wd/hub/session/a171ff37-6b29-44a5-9871-11ee7185f149/element/00000000-0000-0015-ffff-ffff000001a7/location[39m
[35m[HTTP][39m [90m{}[39m
[35m[W3C (a171ff37)][39m Driver proxy active, passing request on via HTTP proxy
[35m[WD Proxy][39m Replacing sessionId 49bb7c00-0bc2-470c-88f8-eb8348d2bba1 with a171ff37-6b29-44a5-9871-11ee7185f149
[35m[HTTP][39m [37m<-- GET /wd/hub/session/a171ff37-6b29-44a5-9871-11ee7185f149/element/00000000-0000-0015-ffff-ffff000001a7/location [39m[32m200[39m [90m35 ms - 79[39m
[35m[HTTP][39m [90m[39m
[35m[HTTP][39m [37m-->[39m [37mPOST[39m [37m/wd/hub/session/a171ff37-6b29-44a5-9871-11ee7185f149/timeouts[39m
[35m[HTTP][39m [90m{"implicit":30000}[39m
[35m[HTTP][39m [37m<-- POST /wd/hub/session/a171ff37-6b29-44a5-9871-11ee7185f149/timeouts [39m[32m200[39m [90m2 ms - 14[39m
[35m[HTTP][39m [90m[39m
[35m[HTTP][39m [37m-->[39m [37mPOST[39m [37m/wd/hub/session/a171ff37-6b29-44a5-9871-11ee7185f149/touch/perform[39m
[35m[HTTP][39m [90m{"actions":[{"action":"tap","options":{"x":1,"y":1,"element":"00000000-0000-0015-ffff-ffff000001a7"}},{"action":"release","options":{}}]}[39m
[35m[UiAutomator2][39m calling get location: 00000000-0000-0015-ffff-ffff000001a7
[35m[HTTP][39m [37m<-- POST /wd/hub/session/a171ff37-6b29-44a5-9871-11ee7185f149/touch/perform [39m[32m200[39m [90m210 ms - 14[39m
[35m[HTTP][39m [90m[39m
[35m[HTTP][39m [37m-->[39m [37mPOST[39m [37m/wd/hub/session/a171ff37-6b29-44a5-9871-11ee7185f149/timeouts[39m
[35m[HTTP][39m [90m{"implicit":50}[39m
[35m[HTTP][39m [37m<-- POST /wd/hub/session/a171ff37-6b29-44a5-9871-11ee7185f149/timeouts [39m[32m200[39m [90m2 ms - 14[39m
[35m[HTTP][39m [90m[39m
[35m[HTTP][39m [37m-->[39m [37mGET[39m [37m/wd/hub/session/a171ff37-6b29-44a5-9871-11ee7185f149/window/rect[39m
[35m[HTTP][39m [90m{}[39m
[35m[HTTP][39m [37m<-- GET /wd/hub/session/a171ff37-6b29-44a5-9871-11ee7185f149/window/rect [39m[32m200[39m [90m24 ms - 50[39m
[35m[HTTP][39m [90m[39m
[35m[HTTP][39m [37m-->[39m [37mPOST[39m [37m/wd/hub/session/a171ff37-6b29-44a5-9871-11ee7185f149/elements[39m
[35m[HTTP][39m [90m{"using":"xpath","value":"//hierarchy/android.widget.FrameLayout[1]/android.widget.LinearLayout[1]/android.widget.FrameLayout[1]/android.widget.LinearLayout[1]/android.widget.FrameLayout[1]/android.view.ViewGroup[1]/android.widget.ScrollView[1]/android.widget.LinearLayout[1]/android.widget.LinearLayout[1]/androidx.recyclerview.widget.RecyclerView[1]/android.widget.LinearLayout[1]/android.widget.ImageView[1]"}[39m
[35m[HTTP][39m [37m<-- POST /wd/hub/session/a171ff37-6b29-44a5-9871-11ee7185f149/elements [39m[32m200[39m [90m1068 ms - 139[39m
[35m[HTTP][39m [90m[39m
[35m[HTTP][39m [37m-->[39m [37mGET[39m [37m/wd/hub/session/a171ff37-6b29-44a5-9871-11ee7185f149/element/00000000-0000-0024-ffff-ffff000001f3/location[39m
[35m[HTTP][39m [90m{}[39m
[35m[W3C (a171ff37)][39m Driver proxy active, passing request on via HTTP proxy
[35m[WD Proxy][39m Replacing sessionId 49bb7c00-0bc2-470c-88f8-eb8348d2bba1 with a171ff37-6b29-44a5-9871-11ee7185f149
[35m[HTTP][39m [37m<-- GET /wd/hub/session/a171ff37-6b29-44a5-9871-11ee7185f149/element/00000000-0000-0024-ffff-ffff000001f3/location [39m[32m200[39m [90m33 ms - 77[39m
[35m[HTTP][39m [90m[39m
[35m[HTTP][39m [37m-->[39m [37mPOST[39m [37m/wd/hub/session/a171ff37-6b29-44a5-9871-11ee7185f149/timeouts[39m
[35m[HTTP][39m [90m{"implicit":30000}[39m
[35m[HTTP][39m [37m<-- POST /wd/hub/session/a171ff37-6b29-44a5-9871-11ee7185f149/timeouts [39m[32m200[39m [90m2 ms - 14[39m
[35m[HTTP][39m [90m[39m
[35m[HTTP][39m [37m-->[39m [37mPOST[39m [37m/wd/hub/session/a171ff37-6b29-44a5-9871-11ee7185f149/touch/perform[39m
[35m[HTTP][39m [90m{"actions":[{"action":"tap","options":{"x":1,"y":1,"element":"00000000-0000-0024-ffff-ffff000001f3"}},{"action":"release","options":{}}]}[39m
[35m[UiAutomator2][39m calling get location: 00000000-0000-0024-ffff-ffff000001f3
[35m[HTTP][39m [37m<-- POST /wd/hub/session/a171ff37-6b29-44a5-9871-11ee7185f149/touch/perform [39m[32m200[39m [90m214 ms - 14[39m
[35m[HTTP][39m [90m[39m
[35m[BaseDriver][39m Shutting down because we waited 1800 seconds for a command
[35m[Appium][39m Closing session, cause was 'New Command Timeout of 1800 seconds expired. Try customizing the timeout using the 'newCommandTimeout' desired capability'
[35m[Appium][39m Removing session 'f9396faf-3c9d-4a21-b290-1d2ceb4467e2' from our master session list
[35m[UiAutomator2][39m Did not get confirmation UiAutomator2 deleteSession worked; Error was: UnknownError: An unknown server-side error occurred while processing the command. Original error: 'DELETE /' cannot be proxied to UiAutomator2 server because the instrumentation process is not running (probably crashed). Check the server log and/or the logcat output for more details
[35m[UiAutomator2][39m Restoring hidden api policy to the device default configuration
