[35m[Appium][39m Welcome to Appium v1.22.2
[35m[Appium][39m Non-default server args:
[35m[Appium][39m   port: 58844
[35m[Appium][39m   loglevel: info
[35m[Appium][39m   tmpDir: C:\Users\NIAYUS~1\AppData\Local\Temp\\Katalon\Appium\Temp1656386545992
[35m[Appium][39m   chromedriverPort: 58845
[35m[Appium][39m Deprecated server args:
[35m[Appium][39m   [31m--chromedriver-port[39m => --default-capabilities
[35m[Appium][39m Default capabilities, which will be added to each request unless overridden by desired capabilities:
[35m[Appium][39m   chromedriverPort: 58845
[35m[Appium][39m Appium REST http interface listener started on 0.0.0.0:58844
[35m[HTTP][39m [37m-->[39m [37mGET[39m [37m/wd/hub/status[39m
[35m[HTTP][39m [90m{}[39m
[35m[HTTP][39m [37m<-- GET /wd/hub/status [39m[32m200[39m [90m9 ms - 68[39m
[35m[HTTP][39m [90m[39m
[35m[HTTP][39m [37m-->[39m [37mPOST[39m [37m/wd/hub/session[39m
[35m[HTTP][39m [90m{"desiredCapabilities":{"appActivity":".Settings","appPackage":"com.android.settings","newCommandTimeout":1800,"platformVersion":"11","automationName":"uiautomator2","autoGrantPermissions":true,"platformName":"Android","udid":"RR8N605F11Y","deviceName":"samsung SM-M315F (Android 11)","platform":"ANDROID","systemPort":8223},"capabilities":{"firstMatch":[{"appium:appActivity":".Settings","appium:appPackage":"com.android.settings","appium:autoGrantPermissions":true,"appium:automationName":"uiautomator2","appium:deviceName":"samsung SM-M315F (Android 11)","appium:newCommandTimeout":1800,"platform":"ANDROID","platformName":"android","appium:platformVersion":"11","appium:systemPort":8223,"appium:udid":"RR8N605F11Y"}]}}[39m
[35m[BaseDriver][39m The following capabilities are not standard capabilities and should have an extension prefix:
[35m[BaseDriver][39m   platform
[35m[BaseDriver][39m   chromedriverPort
[35m[Appium][39m Appium v1.22.2 creating new AndroidUiautomator2Driver (v1.70.1) session
[35m[BaseDriver][39m The following capabilities were provided, but are not recognized by Appium:
[35m[BaseDriver][39m   platform
[35m[BaseDriver][39m Session created with session id: cd191042-3464-4b2c-a2f6-4fa47f2708da
[35m[UiAutomator2][39m Starting 'com.android.settings' directly on the device
[35m[ADB][39m Cannot sort build-tools folders ["29.0.3","android-8.1.0"] by semantic version names.
[35m[ADB][39m Falling back to sorting by modification date. Original error: Invalid Version: android-8.1.0
[35m[ADB][39m Found 2 'build-tools' folders under 'C:\Users\Nia Yusniati\.katalon\tools\android_sdk' (newest first):
[35m[ADB][39m     C:/Users/Nia Yusniati/.katalon/tools/android_sdk/build-tools/29.0.3
[35m[ADB][39m     C:/Users/Nia Yusniati/.katalon/tools/android_sdk/build-tools/android-8.1.0
[35m[ADB][39m Using 'adb.exe' from 'C:\Users\Nia Yusniati\.katalon\tools\android_sdk\platform-tools\adb.exe'
[35m[AndroidDriver][39m Retrieving device list
[35m[AndroidDriver][39m Using device: RR8N605F11Y
[35m[ADB][39m Using 'adb.exe' from 'C:\Users\Nia Yusniati\.katalon\tools\android_sdk\platform-tools\adb.exe'
[35m[ADB][39m Getting device platform version
[35m[UiAutomator2][39m Relaxing hidden api policy
[35m[AndroidDriver][39m No app sent in, not parsing package/activity
[35m[ADB][39m Using 'apksigner.jar' from 'C:\Users\Nia Yusniati\.katalon\tools\android_sdk\build-tools\29.0.3\lib\apksigner.jar'
[35m[ADB][39m 'C:\Users\Nia Yusniati\AppData\Roaming\npm\node_modules\appium\node_modules\appium-uiautomator2-server\apks\appium-uiautomator2-server-v4.27.0.apk' is signed with the default certificate
[35m[ADB][39m 'C:\Users\Nia Yusniati\AppData\Roaming\npm\node_modules\appium\node_modules\appium-uiautomator2-server\apks\appium-uiautomator2-server-debug-androidTest.apk' is signed with the default certificate
[35m[UiAutomator2][39m Server packages are not going to be (re)installed
[35m[ADB][39m Adding packages ["io.appium.settings","io.appium.uiautomator2.server","io.appium.uiautomator2.server.test"] to Doze whitelist
[35m[UiAutomator2][39m Starting UIAutomator2 server 4.27.0
[35m[UiAutomator2][39m Using UIAutomator2 server from 'C:\Users\Nia Yusniati\AppData\Roaming\npm\node_modules\appium\node_modules\appium-uiautomator2-server\apks\appium-uiautomator2-server-v4.27.0.apk' and test from 'C:\Users\Nia Yusniati\AppData\Roaming\npm\node_modules\appium\node_modules\appium-uiautomator2-server\apks\appium-uiautomator2-server-debug-androidTest.apk'
[35m[UiAutomator2][39m Waiting up to 30000ms for UiAutomator2 to be online...
[35m[WD Proxy][39m socket hang up
[35m[WD Proxy][39m socket hang up
[35m[WD Proxy][39m socket hang up
[35m[WD Proxy][39m Determined the downstream protocol as 'W3C'
[35m[AndroidDriver][39m Screen already unlocked, doing nothing
[35m[UiAutomator2][39m Starting 'com.android.settings/.Settings and waiting for 'com.android.settings/.Settings'
[35m[Appium][39m New AndroidUiautomator2Driver session created successfully, session cd191042-3464-4b2c-a2f6-4fa47f2708da added to master session list
[35m[HTTP][39m [37m<-- POST /wd/hub/session [39m[32m200[39m [90m10061 ms - 1158[39m
[35m[HTTP][39m [90m[39m
[35m[HTTP][39m [37m-->[39m [37mGET[39m [37m/wd/hub/session/cd191042-3464-4b2c-a2f6-4fa47f2708da[39m
[35m[HTTP][39m [90m{}[39m
[35m[HTTP][39m [37m<-- GET /wd/hub/session/cd191042-3464-4b2c-a2f6-4fa47f2708da [39m[32m200[39m [90m12 ms - 1112[39m
[35m[HTTP][39m [90m[39m
[35m[HTTP][39m [37m-->[39m [37mGET[39m [37m/wd/hub/session/cd191042-3464-4b2c-a2f6-4fa47f2708da[39m
[35m[HTTP][39m [90m{}[39m
[35m[HTTP][39m [37m<-- GET /wd/hub/session/cd191042-3464-4b2c-a2f6-4fa47f2708da [39m[32m200[39m [90m10 ms - 1112[39m
[35m[HTTP][39m [90m[39m
[35m[HTTP][39m [37m-->[39m [37mGET[39m [37m/wd/hub/status[39m
[35m[HTTP][39m [90m{}[39m
[35m[HTTP][39m [37m<-- GET /wd/hub/status [39m[32m200[39m [90m1 ms - 68[39m
[35m[HTTP][39m [90m[39m
[35m[HTTP][39m [37m-->[39m [37mPOST[39m [37m/wd/hub/session/cd191042-3464-4b2c-a2f6-4fa47f2708da/timeouts[39m
[35m[HTTP][39m [90m{"implicit":30000}[39m
[35m[HTTP][39m [37m<-- POST /wd/hub/session/cd191042-3464-4b2c-a2f6-4fa47f2708da/timeouts [39m[32m200[39m [90m3 ms - 14[39m
[35m[HTTP][39m [90m[39m
[35m[HTTP][39m [37m-->[39m [37mGET[39m [37m/wd/hub/session/cd191042-3464-4b2c-a2f6-4fa47f2708da/screenshot[39m
[35m[HTTP][39m [90m{}[39m
[35m[HTTP][39m [37m<-- GET /wd/hub/session/cd191042-3464-4b2c-a2f6-4fa47f2708da/screenshot [39m[32m200[39m [90m520 ms - 219764[39m
[35m[HTTP][39m [90m[39m
[35m[HTTP][39m [37m-->[39m [37mGET[39m [37m/wd/hub/session/cd191042-3464-4b2c-a2f6-4fa47f2708da/window/rect[39m
[35m[HTTP][39m [90m{}[39m
[35m[HTTP][39m [37m<-- GET /wd/hub/session/cd191042-3464-4b2c-a2f6-4fa47f2708da/window/rect [39m[32m200[39m [90m23 ms - 50[39m
[35m[HTTP][39m [90m[39m
[35m[HTTP][39m [37m-->[39m [37mGET[39m [37m/wd/hub/session/cd191042-3464-4b2c-a2f6-4fa47f2708da/appium/device/system_bars[39m
[35m[HTTP][39m [90m{}[39m
[35m[HTTP][39m [37m<-- GET /wd/hub/session/cd191042-3464-4b2c-a2f6-4fa47f2708da/appium/device/system_bars [39m[32m200[39m [90m141 ms - 148[39m
[35m[HTTP][39m [90m[39m
[35m[HTTP][39m [37m-->[39m [37mPOST[39m [37m/wd/hub/session/cd191042-3464-4b2c-a2f6-4fa47f2708da/appium/device/activate_app[39m
[35m[HTTP][39m [90m{"bundleId":"com.vq.mbrochuregp.client.android"}[39m
[35m[HTTP][39m [37m<-- POST /wd/hub/session/cd191042-3464-4b2c-a2f6-4fa47f2708da/appium/device/activate_app [39m[32m200[39m [90m633 ms - 14[39m
[35m[HTTP][39m [90m[39m
[35m[HTTP][39m [37m-->[39m [37mGET[39m [37m/wd/hub/session/cd191042-3464-4b2c-a2f6-4fa47f2708da/window/rect[39m
[35m[HTTP][39m [90m{}[39m
[35m[HTTP][39m [37m<-- GET /wd/hub/session/cd191042-3464-4b2c-a2f6-4fa47f2708da/window/rect [39m[32m200[39m [90m23 ms - 50[39m
[35m[HTTP][39m [90m[39m
[35m[HTTP][39m [37m-->[39m [37mPOST[39m [37m/wd/hub/session/cd191042-3464-4b2c-a2f6-4fa47f2708da/elements[39m
[35m[HTTP][39m [90m{"using":"xpath","value":"//*[@resource-id = 'com.vq.mbrochuregp.client.android:id/iv_home_profil_icon' and @package = 'com.vq.mbrochuregp.client.android']"}[39m
[35m[HTTP][39m [37m<-- POST /wd/hub/session/cd191042-3464-4b2c-a2f6-4fa47f2708da/elements [39m[32m200[39m [90m632 ms - 139[39m
[35m[HTTP][39m [90m[39m
[35m[HTTP][39m [37m-->[39m [37mGET[39m [37m/wd/hub/session/cd191042-3464-4b2c-a2f6-4fa47f2708da/element/00000000-0000-0524-ffff-ffff00002073/location[39m
[35m[HTTP][39m [90m{}[39m
[35m[W3C (cd191042)][39m Driver proxy active, passing request on via HTTP proxy
[35m[WD Proxy][39m Replacing sessionId abcc6481-a231-4c48-b286-9ed92d7f6a34 with cd191042-3464-4b2c-a2f6-4fa47f2708da
[35m[HTTP][39m [37m<-- GET /wd/hub/session/cd191042-3464-4b2c-a2f6-4fa47f2708da/element/00000000-0000-0524-ffff-ffff00002073/location [39m[32m200[39m [90m26 ms - 79[39m
[35m[HTTP][39m [90m[39m
[35m[HTTP][39m [37m-->[39m [37mPOST[39m [37m/wd/hub/session/cd191042-3464-4b2c-a2f6-4fa47f2708da/element/00000000-0000-0524-ffff-ffff00002073/click[39m
[35m[HTTP][39m [90m{"id":"00000000-0000-0524-ffff-ffff00002073"}[39m
[35m[HTTP][39m [37m<-- POST /wd/hub/session/cd191042-3464-4b2c-a2f6-4fa47f2708da/element/00000000-0000-0524-ffff-ffff00002073/click [39m[32m200[39m [90m72 ms - 14[39m
[35m[HTTP][39m [90m[39m
[35m[HTTP][39m [37m-->[39m [37mPOST[39m [37m/wd/hub/session/cd191042-3464-4b2c-a2f6-4fa47f2708da/timeouts[39m
[35m[HTTP][39m [90m{"implicit":50}[39m
[35m[HTTP][39m [37m<-- POST /wd/hub/session/cd191042-3464-4b2c-a2f6-4fa47f2708da/timeouts [39m[32m200[39m [90m10 ms - 14[39m
[35m[HTTP][39m [90m[39m
[35m[HTTP][39m [37m-->[39m [37mGET[39m [37m/wd/hub/session/cd191042-3464-4b2c-a2f6-4fa47f2708da/window/rect[39m
[35m[HTTP][39m [90m{}[39m
[35m[HTTP][39m [37m<-- GET /wd/hub/session/cd191042-3464-4b2c-a2f6-4fa47f2708da/window/rect [39m[32m200[39m [90m66 ms - 50[39m
[35m[HTTP][39m [90m[39m
[35m[HTTP][39m [37m-->[39m [37mPOST[39m [37m/wd/hub/session/cd191042-3464-4b2c-a2f6-4fa47f2708da/elements[39m
[35m[HTTP][39m [90m{"using":"xpath","value":"//hierarchy/android.widget.FrameLayout[1]/android.widget.LinearLayout[1]/android.widget.FrameLayout[1]/android.widget.LinearLayout[1]/android.widget.FrameLayout[1]/android.view.ViewGroup[1]/android.widget.ScrollView[1]/android.widget.LinearLayout[1]/android.view.ViewGroup[1]/android.widget.LinearLayout[1]/android.widget.FrameLayout[1]/android.widget.EditText[1]"}[39m
[35m[HTTP][39m [37m<-- POST /wd/hub/session/cd191042-3464-4b2c-a2f6-4fa47f2708da/elements [39m[32m200[39m [90m267 ms - 139[39m
[35m[HTTP][39m [90m[39m
[35m[HTTP][39m [37m-->[39m [37mGET[39m [37m/wd/hub/session/cd191042-3464-4b2c-a2f6-4fa47f2708da/element/00000000-0000-052a-ffff-ffff000020a3/location[39m
[35m[HTTP][39m [90m{}[39m
[35m[W3C (cd191042)][39m Driver proxy active, passing request on via HTTP proxy
[35m[WD Proxy][39m Replacing sessionId abcc6481-a231-4c48-b286-9ed92d7f6a34 with cd191042-3464-4b2c-a2f6-4fa47f2708da
[35m[HTTP][39m [37m<-- GET /wd/hub/session/cd191042-3464-4b2c-a2f6-4fa47f2708da/element/00000000-0000-052a-ffff-ffff000020a3/location [39m[32m200[39m [90m57 ms - 77[39m
[35m[HTTP][39m [90m[39m
[35m[HTTP][39m [37m-->[39m [37mPOST[39m [37m/wd/hub/session/cd191042-3464-4b2c-a2f6-4fa47f2708da/timeouts[39m
[35m[HTTP][39m [90m{"implicit":30000}[39m
[35m[HTTP][39m [37m<-- POST /wd/hub/session/cd191042-3464-4b2c-a2f6-4fa47f2708da/timeouts [39m[32m200[39m [90m1 ms - 14[39m
[35m[HTTP][39m [90m[39m
[35m[HTTP][39m [37m-->[39m [37mPOST[39m [37m/wd/hub/session/cd191042-3464-4b2c-a2f6-4fa47f2708da/element/00000000-0000-052a-ffff-ffff000020a3/clear[39m
[35m[HTTP][39m [90m{"id":"00000000-0000-052a-ffff-ffff000020a3"}[39m
[35m[HTTP][39m [37m<-- POST /wd/hub/session/cd191042-3464-4b2c-a2f6-4fa47f2708da/element/00000000-0000-052a-ffff-ffff000020a3/clear [39m[32m200[39m [90m94 ms - 14[39m
[35m[HTTP][39m [90m[39m
[35m[HTTP][39m [37m-->[39m [37mPOST[39m [37m/wd/hub/session/cd191042-3464-4b2c-a2f6-4fa47f2708da/element/00000000-0000-052a-ffff-ffff000020a3/value[39m
[35m[HTTP][39m [90m{"id":"00000000-0000-052a-ffff-ffff000020a3","text":"ending@mailinator.com","value":["e","n","d","i","n","g","@","m","a","i","l","i","n","a","t","o","r",".","c","o","m"]}[39m
[35m[HTTP][39m [37m<-- POST /wd/hub/session/cd191042-3464-4b2c-a2f6-4fa47f2708da/element/00000000-0000-052a-ffff-ffff000020a3/value [39m[32m200[39m [90m528 ms - 14[39m
[35m[HTTP][39m [90m[39m
[35m[HTTP][39m [37m-->[39m [37mPOST[39m [37m/wd/hub/session/cd191042-3464-4b2c-a2f6-4fa47f2708da/timeouts[39m
[35m[HTTP][39m [90m{"implicit":50}[39m
[35m[HTTP][39m [37m<-- POST /wd/hub/session/cd191042-3464-4b2c-a2f6-4fa47f2708da/timeouts [39m[32m200[39m [90m3 ms - 14[39m
[35m[HTTP][39m [90m[39m
[35m[HTTP][39m [37m-->[39m [37mGET[39m [37m/wd/hub/session/cd191042-3464-4b2c-a2f6-4fa47f2708da/window/rect[39m
[35m[HTTP][39m [90m{}[39m
[35m[HTTP][39m [37m<-- GET /wd/hub/session/cd191042-3464-4b2c-a2f6-4fa47f2708da/window/rect [39m[32m200[39m [90m51 ms - 50[39m
[35m[HTTP][39m [90m[39m
[35m[HTTP][39m [37m-->[39m [37mPOST[39m [37m/wd/hub/session/cd191042-3464-4b2c-a2f6-4fa47f2708da/elements[39m
[35m[HTTP][39m [90m{"using":"xpath","value":"//hierarchy/android.widget.FrameLayout[1]/android.widget.LinearLayout[1]/android.widget.FrameLayout[1]/android.widget.LinearLayout[1]/android.widget.FrameLayout[1]/android.view.ViewGroup[1]/android.widget.ScrollView[1]/android.widget.LinearLayout[1]/android.view.ViewGroup[1]/android.widget.LinearLayout[2]/android.widget.FrameLayout[1]/android.widget.EditText[1]"}[39m
[35m[HTTP][39m [37m<-- POST /wd/hub/session/cd191042-3464-4b2c-a2f6-4fa47f2708da/elements [39m[32m200[39m [90m437 ms - 139[39m
[35m[HTTP][39m [90m[39m
[35m[HTTP][39m [37m-->[39m [37mGET[39m [37m/wd/hub/session/cd191042-3464-4b2c-a2f6-4fa47f2708da/element/00000000-0000-052a-ffff-ffff000020a7/location[39m
[35m[HTTP][39m [90m{}[39m
[35m[W3C (cd191042)][39m Driver proxy active, passing request on via HTTP proxy
[35m[WD Proxy][39m Replacing sessionId abcc6481-a231-4c48-b286-9ed92d7f6a34 with cd191042-3464-4b2c-a2f6-4fa47f2708da
[35m[HTTP][39m [37m<-- GET /wd/hub/session/cd191042-3464-4b2c-a2f6-4fa47f2708da/element/00000000-0000-052a-ffff-ffff000020a7/location [39m[32m200[39m [90m47 ms - 78[39m
[35m[HTTP][39m [90m[39m
[35m[HTTP][39m [37m-->[39m [37mPOST[39m [37m/wd/hub/session/cd191042-3464-4b2c-a2f6-4fa47f2708da/timeouts[39m
[35m[HTTP][39m [90m{"implicit":30000}[39m
[35m[HTTP][39m [37m<-- POST /wd/hub/session/cd191042-3464-4b2c-a2f6-4fa47f2708da/timeouts [39m[32m200[39m [90m1 ms - 14[39m
[35m[HTTP][39m [90m[39m
[35m[HTTP][39m [37m-->[39m [37mPOST[39m [37m/wd/hub/session/cd191042-3464-4b2c-a2f6-4fa47f2708da/element/00000000-0000-052a-ffff-ffff000020a7/clear[39m
[35m[HTTP][39m [90m{"id":"00000000-0000-052a-ffff-ffff000020a7"}[39m
[35m[HTTP][39m [37m<-- POST /wd/hub/session/cd191042-3464-4b2c-a2f6-4fa47f2708da/element/00000000-0000-052a-ffff-ffff000020a7/clear [39m[32m200[39m [90m70 ms - 14[39m
[35m[HTTP][39m [90m[39m
[35m[HTTP][39m [37m-->[39m [37mPOST[39m [37m/wd/hub/session/cd191042-3464-4b2c-a2f6-4fa47f2708da/element/00000000-0000-052a-ffff-ffff000020a7/value[39m
[35m[HTTP][39m [90m{"id":"00000000-0000-052a-ffff-ffff000020a7","text":"123abc","value":["1","2","3","a","b","c"]}[39m
[35m[HTTP][39m [37m<-- POST /wd/hub/session/cd191042-3464-4b2c-a2f6-4fa47f2708da/element/00000000-0000-052a-ffff-ffff000020a7/value [39m[32m200[39m [90m592 ms - 14[39m
[35m[HTTP][39m [90m[39m
[35m[HTTP][39m [37m-->[39m [37mGET[39m [37m/wd/hub/session/cd191042-3464-4b2c-a2f6-4fa47f2708da/context[39m
[35m[HTTP][39m [90m{}[39m
[35m[HTTP][39m [37m<-- GET /wd/hub/session/cd191042-3464-4b2c-a2f6-4fa47f2708da/context [39m[32m200[39m [90m2 ms - 22[39m
[35m[HTTP][39m [90m[39m
[35m[HTTP][39m [37m-->[39m [37mGET[39m [37m/wd/hub/session/cd191042-3464-4b2c-a2f6-4fa47f2708da/contexts[39m
[35m[HTTP][39m [90m{}[39m
[35m[HTTP][39m [37m<-- GET /wd/hub/session/cd191042-3464-4b2c-a2f6-4fa47f2708da/contexts [39m[32m200[39m [90m91 ms - 24[39m
[35m[HTTP][39m [90m[39m
[35m[HTTP][39m [37m-->[39m [37mPOST[39m [37m/wd/hub/session/cd191042-3464-4b2c-a2f6-4fa47f2708da/context[39m
[35m[HTTP][39m [90m{"name":"NATIVE_APP"}[39m
[35m[HTTP][39m [37m<-- POST /wd/hub/session/cd191042-3464-4b2c-a2f6-4fa47f2708da/context [39m[32m200[39m [90m2 ms - 14[39m
[35m[HTTP][39m [90m[39m
[35m[HTTP][39m [37m-->[39m [37mGET[39m [37m/wd/hub/session/cd191042-3464-4b2c-a2f6-4fa47f2708da/window/rect[39m
[35m[HTTP][39m [90m{}[39m
[35m[HTTP][39m [37m<-- GET /wd/hub/session/cd191042-3464-4b2c-a2f6-4fa47f2708da/window/rect [39m[32m200[39m [90m36 ms - 50[39m
[35m[HTTP][39m [90m[39m
[35m[HTTP][39m [37m-->[39m [37mPOST[39m [37m/wd/hub/session/cd191042-3464-4b2c-a2f6-4fa47f2708da/execute/sync[39m
[35m[HTTP][39m [90m{"script":"mobile: viewportScreenshot","args":[]}[39m
[35m[AndroidDriver][39m Executing native command 'mobile: viewportScreenshot'
[35m[HTTP][39m [37m<-- POST /wd/hub/session/cd191042-3464-4b2c-a2f6-4fa47f2708da/execute/sync [39m[32m200[39m [90m1331 ms - 155272[39m
[35m[HTTP][39m [90m[39m
[35m[HTTP][39m [37m-->[39m [37mPOST[39m [37m/wd/hub/session/cd191042-3464-4b2c-a2f6-4fa47f2708da/context[39m
[35m[HTTP][39m [90m{"name":"NATIVE_APP"}[39m
[35m[HTTP][39m [37m<-- POST /wd/hub/session/cd191042-3464-4b2c-a2f6-4fa47f2708da/context [39m[32m200[39m [90m2 ms - 14[39m
[35m[HTTP][39m [90m[39m
[35m[HTTP][39m [37m-->[39m [37mPOST[39m [37m/wd/hub/session/cd191042-3464-4b2c-a2f6-4fa47f2708da/timeouts[39m
[35m[HTTP][39m [90m{"implicit":50}[39m
[35m[HTTP][39m [37m<-- POST /wd/hub/session/cd191042-3464-4b2c-a2f6-4fa47f2708da/timeouts [39m[32m200[39m [90m2 ms - 14[39m
[35m[HTTP][39m [90m[39m
[35m[HTTP][39m [37m-->[39m [37mGET[39m [37m/wd/hub/session/cd191042-3464-4b2c-a2f6-4fa47f2708da/window/rect[39m
[35m[HTTP][39m [90m{}[39m
[35m[HTTP][39m [37m<-- GET /wd/hub/session/cd191042-3464-4b2c-a2f6-4fa47f2708da/window/rect [39m[32m200[39m [90m25 ms - 50[39m
[35m[HTTP][39m [90m[39m
[35m[HTTP][39m [37m-->[39m [37mPOST[39m [37m/wd/hub/session/cd191042-3464-4b2c-a2f6-4fa47f2708da/elements[39m
[35m[HTTP][39m [90m{"using":"xpath","value":"//hierarchy/android.widget.FrameLayout[1]/android.widget.LinearLayout[1]/android.widget.FrameLayout[1]/android.widget.LinearLayout[1]/android.widget.FrameLayout[1]/android.view.ViewGroup[1]/android.widget.ScrollView[1]/android.widget.LinearLayout[1]/android.view.ViewGroup[1]/android.widget.Button[1]"}[39m
[35m[HTTP][39m [37m<-- POST /wd/hub/session/cd191042-3464-4b2c-a2f6-4fa47f2708da/elements [39m[32m200[39m [90m200 ms - 139[39m
[35m[HTTP][39m [90m[39m
[35m[HTTP][39m [37m-->[39m [37mGET[39m [37m/wd/hub/session/cd191042-3464-4b2c-a2f6-4fa47f2708da/element/00000000-0000-052a-ffff-ffff000020aa/location[39m
[35m[HTTP][39m [90m{}[39m
[35m[W3C (cd191042)][39m Driver proxy active, passing request on via HTTP proxy
[35m[WD Proxy][39m Replacing sessionId abcc6481-a231-4c48-b286-9ed92d7f6a34 with cd191042-3464-4b2c-a2f6-4fa47f2708da
[35m[HTTP][39m [37m<-- GET /wd/hub/session/cd191042-3464-4b2c-a2f6-4fa47f2708da/element/00000000-0000-052a-ffff-ffff000020aa/location [39m[32m200[39m [90m38 ms - 78[39m
[35m[HTTP][39m [90m[39m
[35m[HTTP][39m [37m-->[39m [37mPOST[39m [37m/wd/hub/session/cd191042-3464-4b2c-a2f6-4fa47f2708da/timeouts[39m
[35m[HTTP][39m [90m{"implicit":30000}[39m
[35m[HTTP][39m [37m<-- POST /wd/hub/session/cd191042-3464-4b2c-a2f6-4fa47f2708da/timeouts [39m[32m200[39m [90m1 ms - 14[39m
[35m[HTTP][39m [90m[39m
[35m[HTTP][39m [37m-->[39m [37mPOST[39m [37m/wd/hub/session/cd191042-3464-4b2c-a2f6-4fa47f2708da/touch/perform[39m
[35m[HTTP][39m [90m{"actions":[{"action":"tap","options":{"x":1,"y":1,"element":"00000000-0000-052a-ffff-ffff000020aa"}},{"action":"release","options":{}}]}[39m
[35m[UiAutomator2][39m calling get location: 00000000-0000-052a-ffff-ffff000020aa
[35m[HTTP][39m [37m<-- POST /wd/hub/session/cd191042-3464-4b2c-a2f6-4fa47f2708da/touch/perform [39m[32m200[39m [90m266 ms - 14[39m
[35m[HTTP][39m [90m[39m
[35m[HTTP][39m [37m-->[39m [37mGET[39m [37m/wd/hub/session/cd191042-3464-4b2c-a2f6-4fa47f2708da/window/rect[39m
[35m[HTTP][39m [90m{}[39m
[35m[HTTP][39m [37m<-- GET /wd/hub/session/cd191042-3464-4b2c-a2f6-4fa47f2708da/window/rect [39m[32m200[39m [90m17 ms - 50[39m
[35m[HTTP][39m [90m[39m
[35m[HTTP][39m [37m-->[39m [37mPOST[39m [37m/wd/hub/session/cd191042-3464-4b2c-a2f6-4fa47f2708da/elements[39m
[35m[HTTP][39m [90m{"using":"xpath","value":"//*[@resource-id = 'com.vq.mbrochuregp.client.android:id/iv_home_profil_icon' and @package = 'com.vq.mbrochuregp.client.android']"}[39m
[35m[HTTP][39m [37m<-- POST /wd/hub/session/cd191042-3464-4b2c-a2f6-4fa47f2708da/elements [39m[32m200[39m [90m2067 ms - 139[39m
[35m[HTTP][39m [90m[39m
[35m[HTTP][39m [37m-->[39m [37mGET[39m [37m/wd/hub/session/cd191042-3464-4b2c-a2f6-4fa47f2708da/element/00000000-0000-052c-ffff-ffff000020fa/location[39m
[35m[HTTP][39m [90m{}[39m
[35m[W3C (cd191042)][39m Driver proxy active, passing request on via HTTP proxy
[35m[WD Proxy][39m Replacing sessionId abcc6481-a231-4c48-b286-9ed92d7f6a34 with cd191042-3464-4b2c-a2f6-4fa47f2708da
[35m[HTTP][39m [37m<-- GET /wd/hub/session/cd191042-3464-4b2c-a2f6-4fa47f2708da/element/00000000-0000-052c-ffff-ffff000020fa/location [39m[32m200[39m [90m122 ms - 79[39m
[35m[HTTP][39m [90m[39m
[35m[HTTP][39m [37m-->[39m [37mPOST[39m [37m/wd/hub/session/cd191042-3464-4b2c-a2f6-4fa47f2708da/element/00000000-0000-052c-ffff-ffff000020fa/click[39m
[35m[HTTP][39m [90m{"id":"00000000-0000-052c-ffff-ffff000020fa"}[39m
[35m[HTTP][39m [37m<-- POST /wd/hub/session/cd191042-3464-4b2c-a2f6-4fa47f2708da/element/00000000-0000-052c-ffff-ffff000020fa/click [39m[32m200[39m [90m79 ms - 14[39m
[35m[HTTP][39m [90m[39m
[35m[HTTP][39m [37m-->[39m [37mGET[39m [37m/wd/hub/session/cd191042-3464-4b2c-a2f6-4fa47f2708da/context[39m
[35m[HTTP][39m [90m{}[39m
[35m[HTTP][39m [37m<-- GET /wd/hub/session/cd191042-3464-4b2c-a2f6-4fa47f2708da/context [39m[32m200[39m [90m2 ms - 22[39m
[35m[HTTP][39m [90m[39m
[35m[HTTP][39m [37m-->[39m [37mGET[39m [37m/wd/hub/session/cd191042-3464-4b2c-a2f6-4fa47f2708da/contexts[39m
[35m[HTTP][39m [90m{}[39m
[35m[HTTP][39m [37m<-- GET /wd/hub/session/cd191042-3464-4b2c-a2f6-4fa47f2708da/contexts [39m[32m200[39m [90m88 ms - 24[39m
[35m[HTTP][39m [90m[39m
[35m[HTTP][39m [37m-->[39m [37mPOST[39m [37m/wd/hub/session/cd191042-3464-4b2c-a2f6-4fa47f2708da/context[39m
[35m[HTTP][39m [90m{"name":"NATIVE_APP"}[39m
[35m[HTTP][39m [37m<-- POST /wd/hub/session/cd191042-3464-4b2c-a2f6-4fa47f2708da/context [39m[32m200[39m [90m1 ms - 14[39m
[35m[HTTP][39m [90m[39m
[35m[HTTP][39m [37m-->[39m [37mGET[39m [37m/wd/hub/session/cd191042-3464-4b2c-a2f6-4fa47f2708da/window/rect[39m
[35m[HTTP][39m [90m{}[39m
[35m[HTTP][39m [37m<-- GET /wd/hub/session/cd191042-3464-4b2c-a2f6-4fa47f2708da/window/rect [39m[32m200[39m [90m24 ms - 50[39m
[35m[HTTP][39m [90m[39m
[35m[HTTP][39m [37m-->[39m [37mPOST[39m [37m/wd/hub/session/cd191042-3464-4b2c-a2f6-4fa47f2708da/execute/sync[39m
[35m[HTTP][39m [90m{"script":"mobile: viewportScreenshot","args":[]}[39m
[35m[AndroidDriver][39m Executing native command 'mobile: viewportScreenshot'
[35m[HTTP][39m [37m<-- POST /wd/hub/session/cd191042-3464-4b2c-a2f6-4fa47f2708da/execute/sync [39m[32m200[39m [90m1288 ms - 269888[39m
[35m[HTTP][39m [90m[39m
[35m[HTTP][39m [37m-->[39m [37mPOST[39m [37m/wd/hub/session/cd191042-3464-4b2c-a2f6-4fa47f2708da/context[39m
[35m[HTTP][39m [90m{"name":"NATIVE_APP"}[39m
[35m[HTTP][39m [37m<-- POST /wd/hub/session/cd191042-3464-4b2c-a2f6-4fa47f2708da/context [39m[32m200[39m [90m1 ms - 14[39m
[35m[HTTP][39m [90m[39m
[35m[HTTP][39m [37m-->[39m [37mGET[39m [37m/wd/hub/session/cd191042-3464-4b2c-a2f6-4fa47f2708da/window/rect[39m
[35m[HTTP][39m [90m{}[39m
[35m[HTTP][39m [37m<-- GET /wd/hub/session/cd191042-3464-4b2c-a2f6-4fa47f2708da/window/rect [39m[32m200[39m [90m38 ms - 50[39m
[35m[HTTP][39m [90m[39m
[35m[HTTP][39m [37m-->[39m [37mPOST[39m [37m/wd/hub/session/cd191042-3464-4b2c-a2f6-4fa47f2708da/elements[39m
[35m[HTTP][39m [90m{"using":"xpath","value":"//*[@class = 'android.widget.ImageView' and @resource-id = 'com.vq.mbrochuregp.client.android:id/iv_home_icon' and (@text = '' or . = '')]"}[39m
[35m[HTTP][39m [37m<-- POST /wd/hub/session/cd191042-3464-4b2c-a2f6-4fa47f2708da/elements [39m[32m200[39m [90m500 ms - 139[39m
[35m[HTTP][39m [90m[39m
[35m[HTTP][39m [37m-->[39m [37mGET[39m [37m/wd/hub/session/cd191042-3464-4b2c-a2f6-4fa47f2708da/element/00000000-0000-052e-ffff-ffff00002142/location[39m
[35m[HTTP][39m [90m{}[39m
[35m[W3C (cd191042)][39m Driver proxy active, passing request on via HTTP proxy
[35m[WD Proxy][39m Replacing sessionId abcc6481-a231-4c48-b286-9ed92d7f6a34 with cd191042-3464-4b2c-a2f6-4fa47f2708da
[35m[HTTP][39m [37m<-- GET /wd/hub/session/cd191042-3464-4b2c-a2f6-4fa47f2708da/element/00000000-0000-052e-ffff-ffff00002142/location [39m[32m200[39m [90m40 ms - 78[39m
[35m[HTTP][39m [90m[39m
[35m[HTTP][39m [37m-->[39m [37mPOST[39m [37m/wd/hub/session/cd191042-3464-4b2c-a2f6-4fa47f2708da/element/00000000-0000-052e-ffff-ffff00002142/click[39m
[35m[HTTP][39m [90m{"id":"00000000-0000-052e-ffff-ffff00002142"}[39m
[35m[HTTP][39m [37m<-- POST /wd/hub/session/cd191042-3464-4b2c-a2f6-4fa47f2708da/element/00000000-0000-052e-ffff-ffff00002142/click [39m[32m200[39m [90m741 ms - 14[39m
[35m[HTTP][39m [90m[39m
[35m[HTTP][39m [37m-->[39m [37mGET[39m [37m/wd/hub/status[39m
[35m[HTTP][39m [90m{}[39m
[35m[HTTP][39m [37m<-- GET /wd/hub/status [39m[32m200[39m [90m1 ms - 68[39m
[35m[HTTP][39m [90m[39m
[35m[HTTP][39m [37m-->[39m [37mPOST[39m [37m/wd/hub/session[39m
[35m[HTTP][39m [90m{"desiredCapabilities":{"appActivity":".Settings","appPackage":"com.android.settings","newCommandTimeout":1800,"platformVersion":"11","automationName":"uiautomator2","autoGrantPermissions":true,"platformName":"Android","udid":"RR8N605F11Y","deviceName":"samsung SM-M315F (Android 11)","platform":"ANDROID","systemPort":8279},"capabilities":{"firstMatch":[{"appium:appActivity":".Settings","appium:appPackage":"com.android.settings","appium:autoGrantPermissions":true,"appium:automationName":"uiautomator2","appium:deviceName":"samsung SM-M315F (Android 11)","appium:newCommandTimeout":1800,"platform":"ANDROID","platformName":"android","appium:platformVersion":"11","appium:systemPort":8279,"appium:udid":"RR8N605F11Y"}]}}[39m
[35m[BaseDriver][39m The following capabilities are not standard capabilities and should have an extension prefix:
[35m[BaseDriver][39m   platform
[35m[BaseDriver][39m   chromedriverPort
[35m[Appium][39m Appium v1.22.2 creating new AndroidUiautomator2Driver (v1.70.1) session
[35m[BaseDriver][39m The following capabilities were provided, but are not recognized by Appium:
[35m[BaseDriver][39m   platform
[35m[BaseDriver][39m Session created with session id: fc0623c5-b30c-4dfe-93bc-1286cef2894a
[35m[UiAutomator2][39m Starting 'com.android.settings' directly on the device
[35m[ADB][39m Using 'adb.exe' from 'C:\Users\Nia Yusniati\.katalon\tools\android_sdk\platform-tools\adb.exe'
[35m[AndroidDriver][39m Retrieving device list
[35m[AndroidDriver][39m Using device: RR8N605F11Y
[35m[ADB][39m Using 'adb.exe' from 'C:\Users\Nia Yusniati\.katalon\tools\android_sdk\platform-tools\adb.exe'
[35m[ADB][39m Getting device platform version
[35m[UiAutomator2][39m Relaxing hidden api policy
[35m[AndroidDriver][39m No app sent in, not parsing package/activity
[35m[UiAutomator2][39m Server packages are not going to be (re)installed
[35m[ADB][39m Adding packages ["io.appium.settings","io.appium.uiautomator2.server","io.appium.uiautomator2.server.test"] to Doze whitelist
[35m[UiAutomator2][39m Starting UIAutomator2 server 4.27.0
[35m[UiAutomator2][39m Using UIAutomator2 server from 'C:\Users\Nia Yusniati\AppData\Roaming\npm\node_modules\appium\node_modules\appium-uiautomator2-server\apks\appium-uiautomator2-server-v4.27.0.apk' and test from 'C:\Users\Nia Yusniati\AppData\Roaming\npm\node_modules\appium\node_modules\appium-uiautomator2-server\apks\appium-uiautomator2-server-debug-androidTest.apk'
[35m[UiAutomator2][39m Waiting up to 30000ms for UiAutomator2 to be online...
[35m[WD Proxy][39m socket hang up
[35m[WD Proxy][39m socket hang up
[35m[WD Proxy][39m socket hang up
[35m[WD Proxy][39m Determined the downstream protocol as 'W3C'
[35m[AndroidDriver][39m Screen already unlocked, doing nothing
[35m[UiAutomator2][39m Starting 'com.android.settings/.Settings and waiting for 'com.android.settings/.Settings'
[35m[Appium][39m New AndroidUiautomator2Driver session created successfully, session fc0623c5-b30c-4dfe-93bc-1286cef2894a added to master session list
[35m[HTTP][39m [37m<-- POST /wd/hub/session [39m[32m200[39m [90m8885 ms - 1158[39m
[35m[HTTP][39m [90m[39m
[35m[HTTP][39m [37m-->[39m [37mGET[39m [37m/wd/hub/session/fc0623c5-b30c-4dfe-93bc-1286cef2894a[39m
[35m[HTTP][39m [90m{}[39m
[35m[HTTP][39m [37m<-- GET /wd/hub/session/fc0623c5-b30c-4dfe-93bc-1286cef2894a [39m[32m200[39m [90m17 ms - 1112[39m
[35m[HTTP][39m [90m[39m
[35m[HTTP][39m [37m-->[39m [37mGET[39m [37m/wd/hub/session/fc0623c5-b30c-4dfe-93bc-1286cef2894a[39m
[35m[HTTP][39m [90m{}[39m
[35m[HTTP][39m [37m<-- GET /wd/hub/session/fc0623c5-b30c-4dfe-93bc-1286cef2894a [39m[32m200[39m [90m12 ms - 1112[39m
[35m[HTTP][39m [90m[39m
[35m[HTTP][39m [37m-->[39m [37mGET[39m [37m/wd/hub/status[39m
[35m[HTTP][39m [90m{}[39m
[35m[HTTP][39m [37m<-- GET /wd/hub/status [39m[32m200[39m [90m1 ms - 68[39m
[35m[HTTP][39m [90m[39m
[35m[HTTP][39m [37m-->[39m [37mPOST[39m [37m/wd/hub/session/fc0623c5-b30c-4dfe-93bc-1286cef2894a/timeouts[39m
[35m[HTTP][39m [90m{"implicit":30000}[39m
[35m[HTTP][39m [37m<-- POST /wd/hub/session/fc0623c5-b30c-4dfe-93bc-1286cef2894a/timeouts [39m[32m200[39m [90m2 ms - 14[39m
[35m[HTTP][39m [90m[39m
[35m[HTTP][39m [37m-->[39m [37mGET[39m [37m/wd/hub/session/fc0623c5-b30c-4dfe-93bc-1286cef2894a/screenshot[39m
[35m[HTTP][39m [90m{}[39m
[35m[HTTP][39m [37m<-- GET /wd/hub/session/fc0623c5-b30c-4dfe-93bc-1286cef2894a/screenshot [39m[32m200[39m [90m549 ms - 227834[39m
[35m[HTTP][39m [90m[39m
[35m[HTTP][39m [37m-->[39m [37mGET[39m [37m/wd/hub/session/fc0623c5-b30c-4dfe-93bc-1286cef2894a/window/rect[39m
[35m[HTTP][39m [90m{}[39m
[35m[HTTP][39m [37m<-- GET /wd/hub/session/fc0623c5-b30c-4dfe-93bc-1286cef2894a/window/rect [39m[32m200[39m [90m9 ms - 50[39m
[35m[HTTP][39m [90m[39m
[35m[HTTP][39m [37m-->[39m [37mGET[39m [37m/wd/hub/session/fc0623c5-b30c-4dfe-93bc-1286cef2894a/appium/device/system_bars[39m
[35m[HTTP][39m [90m{}[39m
[35m[HTTP][39m [37m<-- GET /wd/hub/session/fc0623c5-b30c-4dfe-93bc-1286cef2894a/appium/device/system_bars [39m[32m200[39m [90m79 ms - 148[39m
[35m[HTTP][39m [90m[39m
[35m[HTTP][39m [37m-->[39m [37mPOST[39m [37m/wd/hub/session/fc0623c5-b30c-4dfe-93bc-1286cef2894a/appium/device/activate_app[39m
[35m[HTTP][39m [90m{"bundleId":"com.vq.mbrochuregp.client.android"}[39m
[35m[HTTP][39m [37m<-- POST /wd/hub/session/fc0623c5-b30c-4dfe-93bc-1286cef2894a/appium/device/activate_app [39m[32m200[39m [90m562 ms - 14[39m
[35m[HTTP][39m [90m[39m
[35m[HTTP][39m [37m-->[39m [37mGET[39m [37m/wd/hub/session/fc0623c5-b30c-4dfe-93bc-1286cef2894a/context[39m
[35m[HTTP][39m [90m{}[39m
[35m[HTTP][39m [37m<-- GET /wd/hub/session/fc0623c5-b30c-4dfe-93bc-1286cef2894a/context [39m[32m200[39m [90m2 ms - 22[39m
[35m[HTTP][39m [90m[39m
[35m[HTTP][39m [37m-->[39m [37mGET[39m [37m/wd/hub/session/fc0623c5-b30c-4dfe-93bc-1286cef2894a/contexts[39m
[35m[HTTP][39m [90m{}[39m
[35m[HTTP][39m [37m<-- GET /wd/hub/session/fc0623c5-b30c-4dfe-93bc-1286cef2894a/contexts [39m[32m200[39m [90m112 ms - 24[39m
[35m[HTTP][39m [90m[39m
[35m[HTTP][39m [37m-->[39m [37mPOST[39m [37m/wd/hub/session/fc0623c5-b30c-4dfe-93bc-1286cef2894a/context[39m
[35m[HTTP][39m [90m{"name":"NATIVE_APP"}[39m
[35m[HTTP][39m [37m<-- POST /wd/hub/session/fc0623c5-b30c-4dfe-93bc-1286cef2894a/context [39m[32m200[39m [90m2 ms - 14[39m
[35m[HTTP][39m [90m[39m
[35m[HTTP][39m [37m-->[39m [37mPOST[39m [37m/wd/hub/session/fc0623c5-b30c-4dfe-93bc-1286cef2894a/appium/device/press_keycode[39m
[35m[HTTP][39m [90m{"keycode":4}[39m
[35m[HTTP][39m [37m<-- POST /wd/hub/session/fc0623c5-b30c-4dfe-93bc-1286cef2894a/appium/device/press_keycode [39m[32m200[39m [90m194 ms - 14[39m
[35m[HTTP][39m [90m[39m
[35m[HTTP][39m [37m-->[39m [37mPOST[39m [37m/wd/hub/session/fc0623c5-b30c-4dfe-93bc-1286cef2894a/context[39m
[35m[HTTP][39m [90m{"name":"NATIVE_APP"}[39m
[35m[HTTP][39m [37m<-- POST /wd/hub/session/fc0623c5-b30c-4dfe-93bc-1286cef2894a/context [39m[32m200[39m [90m1 ms - 14[39m
[35m[HTTP][39m [90m[39m
[35m[HTTP][39m [37m-->[39m [37mPOST[39m [37m/wd/hub/session/fc0623c5-b30c-4dfe-93bc-1286cef2894a/timeouts[39m
[35m[HTTP][39m [90m{"implicit":50}[39m
[35m[HTTP][39m [37m<-- POST /wd/hub/session/fc0623c5-b30c-4dfe-93bc-1286cef2894a/timeouts [39m[32m200[39m [90m2 ms - 14[39m
[35m[HTTP][39m [90m[39m
[35m[HTTP][39m [37m-->[39m [37mGET[39m [37m/wd/hub/session/fc0623c5-b30c-4dfe-93bc-1286cef2894a/window/rect[39m
[35m[HTTP][39m [90m{}[39m
[35m[HTTP][39m [37m<-- GET /wd/hub/session/fc0623c5-b30c-4dfe-93bc-1286cef2894a/window/rect [39m[32m200[39m [90m27 ms - 50[39m
[35m[HTTP][39m [90m[39m
[35m[HTTP][39m [37m-->[39m [37mPOST[39m [37m/wd/hub/session/fc0623c5-b30c-4dfe-93bc-1286cef2894a/elements[39m
[35m[HTTP][39m [90m{"using":"xpath","value":"//*[@class = 'android.widget.Button' and (@text = 'TIDAK' or . = 'TIDAK') and @resource-id = 'android:id/button2']"}[39m
[35m[HTTP][39m [37m<-- POST /wd/hub/session/fc0623c5-b30c-4dfe-93bc-1286cef2894a/elements [39m[32m200[39m [90m1905 ms - 139[39m
[35m[HTTP][39m [90m[39m
[35m[HTTP][39m [37m-->[39m [37mGET[39m [37m/wd/hub/session/fc0623c5-b30c-4dfe-93bc-1286cef2894a/element/00000000-0000-053e-ffff-ffff000021ef/location[39m
[35m[HTTP][39m [90m{}[39m
[35m[W3C (fc0623c5)][39m Driver proxy active, passing request on via HTTP proxy
[35m[WD Proxy][39m Replacing sessionId 8fbf65dd-ace1-49e4-8fe3-b77c743e1ecd with fc0623c5-b30c-4dfe-93bc-1286cef2894a
[35m[HTTP][39m [37m<-- GET /wd/hub/session/fc0623c5-b30c-4dfe-93bc-1286cef2894a/element/00000000-0000-053e-ffff-ffff000021ef/location [39m[32m200[39m [90m53 ms - 79[39m
[35m[HTTP][39m [90m[39m
[35m[HTTP][39m [37m-->[39m [37mPOST[39m [37m/wd/hub/session/fc0623c5-b30c-4dfe-93bc-1286cef2894a/timeouts[39m
[35m[HTTP][39m [90m{"implicit":30000}[39m
[35m[HTTP][39m [37m<-- POST /wd/hub/session/fc0623c5-b30c-4dfe-93bc-1286cef2894a/timeouts [39m[32m200[39m [90m2 ms - 14[39m
[35m[HTTP][39m [90m[39m
[35m[HTTP][39m [37m-->[39m [37mPOST[39m [37m/wd/hub/session/fc0623c5-b30c-4dfe-93bc-1286cef2894a/touch/perform[39m
[35m[HTTP][39m [90m{"actions":[{"action":"tap","options":{"x":1,"y":1,"element":"00000000-0000-053e-ffff-ffff000021ef"}},{"action":"release","options":{}}]}[39m
[35m[UiAutomator2][39m calling get location: 00000000-0000-053e-ffff-ffff000021ef
[35m[HTTP][39m [37m<-- POST /wd/hub/session/fc0623c5-b30c-4dfe-93bc-1286cef2894a/touch/perform [39m[32m200[39m [90m824 ms - 14[39m
[35m[HTTP][39m [90m[39m
[35m[HTTP][39m [37m-->[39m [37mPOST[39m [37m/wd/hub/session/fc0623c5-b30c-4dfe-93bc-1286cef2894a/timeouts[39m
[35m[HTTP][39m [90m{"implicit":50}[39m
[35m[HTTP][39m [37m<-- POST /wd/hub/session/fc0623c5-b30c-4dfe-93bc-1286cef2894a/timeouts [39m[32m200[39m [90m1 ms - 14[39m
[35m[HTTP][39m [90m[39m
[35m[HTTP][39m [37m-->[39m [37mGET[39m [37m/wd/hub/session/fc0623c5-b30c-4dfe-93bc-1286cef2894a/window/rect[39m
[35m[HTTP][39m [90m{}[39m
[35m[HTTP][39m [37m<-- GET /wd/hub/session/fc0623c5-b30c-4dfe-93bc-1286cef2894a/window/rect [39m[32m200[39m [90m17 ms - 50[39m
[35m[HTTP][39m [90m[39m
[35m[HTTP][39m [37m-->[39m [37mPOST[39m [37m/wd/hub/session/fc0623c5-b30c-4dfe-93bc-1286cef2894a/elements[39m
[35m[HTTP][39m [90m{"using":"xpath","value":"//hierarchy/android.widget.FrameLayout[1]/android.widget.LinearLayout[1]/android.widget.FrameLayout[1]/android.widget.LinearLayout[1]/android.widget.FrameLayout[1]/android.view.ViewGroup[1]/android.widget.ScrollView[1]/android.widget.LinearLayout[1]/android.view.ViewGroup[2]/android.widget.LinearLayout[1]/androidx.recyclerview.widget.RecyclerView[1]/android.widget.LinearLayout[8]/android.widget.ImageView[1]"}[39m
[35m[HTTP][39m [37m<-- POST /wd/hub/session/fc0623c5-b30c-4dfe-93bc-1286cef2894a/elements [39m[32m200[39m [90m428 ms - 139[39m
[35m[HTTP][39m [90m[39m
[35m[HTTP][39m [37m-->[39m [37mGET[39m [37m/wd/hub/session/fc0623c5-b30c-4dfe-93bc-1286cef2894a/element/00000000-0000-0531-ffff-ffff000021d1/location[39m
[35m[HTTP][39m [90m{}[39m
[35m[W3C (fc0623c5)][39m Driver proxy active, passing request on via HTTP proxy
[35m[WD Proxy][39m Replacing sessionId 8fbf65dd-ace1-49e4-8fe3-b77c743e1ecd with fc0623c5-b30c-4dfe-93bc-1286cef2894a
[35m[HTTP][39m [37m<-- GET /wd/hub/session/fc0623c5-b30c-4dfe-93bc-1286cef2894a/element/00000000-0000-0531-ffff-ffff000021d1/location [39m[32m200[39m [90m28 ms - 79[39m
[35m[HTTP][39m [90m[39m
[35m[HTTP][39m [37m-->[39m [37mPOST[39m [37m/wd/hub/session/fc0623c5-b30c-4dfe-93bc-1286cef2894a/timeouts[39m
[35m[HTTP][39m [90m{"implicit":30000}[39m
[35m[HTTP][39m [37m<-- POST /wd/hub/session/fc0623c5-b30c-4dfe-93bc-1286cef2894a/timeouts [39m[32m200[39m [90m1 ms - 14[39m
[35m[HTTP][39m [90m[39m
[35m[HTTP][39m [37m-->[39m [37mPOST[39m [37m/wd/hub/session/fc0623c5-b30c-4dfe-93bc-1286cef2894a/touch/perform[39m
[35m[HTTP][39m [90m{"actions":[{"action":"tap","options":{"x":1,"y":1,"element":"00000000-0000-0531-ffff-ffff000021d1"}},{"action":"release","options":{}}]}[39m
[35m[UiAutomator2][39m calling get location: 00000000-0000-0531-ffff-ffff000021d1
[35m[HTTP][39m [37m<-- POST /wd/hub/session/fc0623c5-b30c-4dfe-93bc-1286cef2894a/touch/perform [39m[32m200[39m [90m223 ms - 14[39m
[35m[HTTP][39m [90m[39m
[35m[HTTP][39m [37m-->[39m [37mPOST[39m [37m/wd/hub/session/fc0623c5-b30c-4dfe-93bc-1286cef2894a/timeouts[39m
[35m[HTTP][39m [90m{"implicit":50}[39m
[35m[HTTP][39m [37m<-- POST /wd/hub/session/fc0623c5-b30c-4dfe-93bc-1286cef2894a/timeouts [39m[32m200[39m [90m2 ms - 14[39m
[35m[HTTP][39m [90m[39m
[35m[HTTP][39m [37m-->[39m [37mGET[39m [37m/wd/hub/session/fc0623c5-b30c-4dfe-93bc-1286cef2894a/window/rect[39m
[35m[HTTP][39m [90m{}[39m
[35m[HTTP][39m [37m<-- GET /wd/hub/session/fc0623c5-b30c-4dfe-93bc-1286cef2894a/window/rect [39m[32m200[39m [90m24 ms - 50[39m
[35m[HTTP][39m [90m[39m
[35m[HTTP][39m [37m-->[39m [37mPOST[39m [37m/wd/hub/session/fc0623c5-b30c-4dfe-93bc-1286cef2894a/elements[39m
[35m[HTTP][39m [90m{"using":"xpath","value":"//hierarchy/android.widget.FrameLayout[1]/android.widget.LinearLayout[1]/android.widget.FrameLayout[1]/android.widget.LinearLayout[1]/android.widget.FrameLayout[1]/android.view.ViewGroup[1]/android.widget.ScrollView[1]/android.widget.LinearLayout[1]/android.widget.LinearLayout[1]/androidx.recyclerview.widget.RecyclerView[1]/android.widget.LinearLayout[2]/android.widget.ImageView[1]"}[39m
[35m[HTTP][39m [37m<-- POST /wd/hub/session/fc0623c5-b30c-4dfe-93bc-1286cef2894a/elements [39m[32m200[39m [90m911 ms - 139[39m
[35m[HTTP][39m [90m[39m
[35m[HTTP][39m [37m-->[39m [37mGET[39m [37m/wd/hub/session/fc0623c5-b30c-4dfe-93bc-1286cef2894a/element/00000000-0000-053f-ffff-ffff00002220/location[39m
[35m[HTTP][39m [90m{}[39m
[35m[W3C (fc0623c5)][39m Driver proxy active, passing request on via HTTP proxy
[35m[WD Proxy][39m Replacing sessionId 8fbf65dd-ace1-49e4-8fe3-b77c743e1ecd with fc0623c5-b30c-4dfe-93bc-1286cef2894a
[35m[HTTP][39m [37m<-- GET /wd/hub/session/fc0623c5-b30c-4dfe-93bc-1286cef2894a/element/00000000-0000-053f-ffff-ffff00002220/location [39m[32m200[39m [90m27 ms - 78[39m
[35m[HTTP][39m [90m[39m
[35m[HTTP][39m [37m-->[39m [37mPOST[39m [37m/wd/hub/session/fc0623c5-b30c-4dfe-93bc-1286cef2894a/timeouts[39m
[35m[HTTP][39m [90m{"implicit":30000}[39m
[35m[HTTP][39m [37m<-- POST /wd/hub/session/fc0623c5-b30c-4dfe-93bc-1286cef2894a/timeouts [39m[32m200[39m [90m1 ms - 14[39m
[35m[HTTP][39m [90m[39m
[35m[HTTP][39m [37m-->[39m [37mPOST[39m [37m/wd/hub/session/fc0623c5-b30c-4dfe-93bc-1286cef2894a/touch/perform[39m
[35m[HTTP][39m [90m{"actions":[{"action":"tap","options":{"x":1,"y":1,"element":"00000000-0000-053f-ffff-ffff00002220"}},{"action":"release","options":{}}]}[39m
[35m[UiAutomator2][39m calling get location: 00000000-0000-053f-ffff-ffff00002220
[35m[HTTP][39m [37m<-- POST /wd/hub/session/fc0623c5-b30c-4dfe-93bc-1286cef2894a/touch/perform [39m[32m200[39m [90m222 ms - 14[39m
[35m[HTTP][39m [90m[39m
[35m[HTTP][39m [37m-->[39m [37mPOST[39m [37m/wd/hub/session/fc0623c5-b30c-4dfe-93bc-1286cef2894a/timeouts[39m
[35m[HTTP][39m [90m{"implicit":50}[39m
[35m[HTTP][39m [37m<-- POST /wd/hub/session/fc0623c5-b30c-4dfe-93bc-1286cef2894a/timeouts [39m[32m200[39m [90m2 ms - 14[39m
[35m[HTTP][39m [90m[39m
[35m[HTTP][39m [37m-->[39m [37mGET[39m [37m/wd/hub/session/fc0623c5-b30c-4dfe-93bc-1286cef2894a/window/rect[39m
[35m[HTTP][39m [90m{}[39m
[35m[HTTP][39m [37m<-- GET /wd/hub/session/fc0623c5-b30c-4dfe-93bc-1286cef2894a/window/rect [39m[32m200[39m [90m47 ms - 50[39m
[35m[HTTP][39m [90m[39m
[35m[HTTP][39m [37m-->[39m [37mPOST[39m [37m/wd/hub/session/fc0623c5-b30c-4dfe-93bc-1286cef2894a/elements[39m
[35m[HTTP][39m [90m{"using":"xpath","value":"//hierarchy/android.widget.FrameLayout[1]/android.widget.LinearLayout[1]/android.widget.FrameLayout[1]/android.widget.LinearLayout[1]/android.widget.FrameLayout[1]/android.view.ViewGroup[1]/androidx.viewpager.widget.ViewPager[1]/android.widget.FrameLayout[1]/android.view.ViewGroup[1]/androidx.recyclerview.widget.RecyclerView[1]/android.widget.LinearLayout[1]/android.widget.RelativeLayout[1]"}[39m
[35m[HTTP][39m [37m<-- POST /wd/hub/session/fc0623c5-b30c-4dfe-93bc-1286cef2894a/elements [39m[32m200[39m [90m296 ms - 139[39m
[35m[HTTP][39m [90m[39m
[35m[HTTP][39m [37m-->[39m [37mGET[39m [37m/wd/hub/session/fc0623c5-b30c-4dfe-93bc-1286cef2894a/element/00000000-0000-0540-ffff-ffff00002269/location[39m
[35m[HTTP][39m [90m{}[39m
[35m[W3C (fc0623c5)][39m Driver proxy active, passing request on via HTTP proxy
[35m[WD Proxy][39m Replacing sessionId 8fbf65dd-ace1-49e4-8fe3-b77c743e1ecd with fc0623c5-b30c-4dfe-93bc-1286cef2894a
[35m[HTTP][39m [37m<-- GET /wd/hub/session/fc0623c5-b30c-4dfe-93bc-1286cef2894a/element/00000000-0000-0540-ffff-ffff00002269/location [39m[32m200[39m [90m38 ms - 77[39m
[35m[HTTP][39m [90m[39m
[35m[HTTP][39m [37m-->[39m [37mPOST[39m [37m/wd/hub/session/fc0623c5-b30c-4dfe-93bc-1286cef2894a/timeouts[39m
[35m[HTTP][39m [90m{"implicit":30000}[39m
[35m[HTTP][39m [37m<-- POST /wd/hub/session/fc0623c5-b30c-4dfe-93bc-1286cef2894a/timeouts [39m[32m200[39m [90m2 ms - 14[39m
[35m[HTTP][39m [90m[39m
[35m[HTTP][39m [37m-->[39m [37mPOST[39m [37m/wd/hub/session/fc0623c5-b30c-4dfe-93bc-1286cef2894a/touch/perform[39m
[35m[HTTP][39m [90m{"actions":[{"action":"tap","options":{"x":1,"y":1,"element":"00000000-0000-0540-ffff-ffff00002269"}},{"action":"release","options":{}}]}[39m
[35m[UiAutomator2][39m calling get location: 00000000-0000-0540-ffff-ffff00002269
[35m[HTTP][39m [37m<-- POST /wd/hub/session/fc0623c5-b30c-4dfe-93bc-1286cef2894a/touch/perform [39m[32m200[39m [90m264 ms - 14[39m
[35m[HTTP][39m [90m[39m
[35m[HTTP][39m [37m-->[39m [37mGET[39m [37m/wd/hub/session/fc0623c5-b30c-4dfe-93bc-1286cef2894a/context[39m
[35m[HTTP][39m [90m{}[39m
[35m[HTTP][39m [37m<-- GET /wd/hub/session/fc0623c5-b30c-4dfe-93bc-1286cef2894a/context [39m[32m200[39m [90m3 ms - 22[39m
[35m[HTTP][39m [90m[39m
[35m[HTTP][39m [37m-->[39m [37mGET[39m [37m/wd/hub/session/fc0623c5-b30c-4dfe-93bc-1286cef2894a/contexts[39m
[35m[HTTP][39m [90m{}[39m
[35m[HTTP][39m [37m<-- GET /wd/hub/session/fc0623c5-b30c-4dfe-93bc-1286cef2894a/contexts [39m[32m200[39m [90m134 ms - 24[39m
[35m[HTTP][39m [90m[39m
[35m[HTTP][39m [37m-->[39m [37mPOST[39m [37m/wd/hub/session/fc0623c5-b30c-4dfe-93bc-1286cef2894a/context[39m
[35m[HTTP][39m [90m{"name":"NATIVE_APP"}[39m
[35m[HTTP][39m [37m<-- POST /wd/hub/session/fc0623c5-b30c-4dfe-93bc-1286cef2894a/context [39m[32m200[39m [90m1 ms - 14[39m
[35m[HTTP][39m [90m[39m
[35m[HTTP][39m [37m-->[39m [37mGET[39m [37m/wd/hub/session/fc0623c5-b30c-4dfe-93bc-1286cef2894a/window/rect[39m
[35m[HTTP][39m [90m{}[39m
[35m[HTTP][39m [37m<-- GET /wd/hub/session/fc0623c5-b30c-4dfe-93bc-1286cef2894a/window/rect [39m[32m200[39m [90m40 ms - 50[39m
[35m[HTTP][39m [90m[39m
[35m[HTTP][39m [37m-->[39m [37mPOST[39m [37m/wd/hub/session/fc0623c5-b30c-4dfe-93bc-1286cef2894a/execute/sync[39m
[35m[HTTP][39m [90m{"script":"mobile: viewportScreenshot","args":[]}[39m
[35m[AndroidDriver][39m Executing native command 'mobile: viewportScreenshot'
[35m[HTTP][39m [37m<-- POST /wd/hub/session/fc0623c5-b30c-4dfe-93bc-1286cef2894a/execute/sync [39m[32m200[39m [90m1328 ms - 148304[39m
[35m[HTTP][39m [90m[39m
[35m[HTTP][39m [37m-->[39m [37mPOST[39m [37m/wd/hub/session/fc0623c5-b30c-4dfe-93bc-1286cef2894a/context[39m
[35m[HTTP][39m [90m{"name":"NATIVE_APP"}[39m
[35m[HTTP][39m [37m<-- POST /wd/hub/session/fc0623c5-b30c-4dfe-93bc-1286cef2894a/context [39m[32m200[39m [90m2 ms - 14[39m
[35m[HTTP][39m [90m[39m
[35m[HTTP][39m [37m-->[39m [37mPOST[39m [37m/wd/hub/session/fc0623c5-b30c-4dfe-93bc-1286cef2894a/timeouts[39m
[35m[HTTP][39m [90m{"implicit":50}[39m
[35m[HTTP][39m [37m<-- POST /wd/hub/session/fc0623c5-b30c-4dfe-93bc-1286cef2894a/timeouts [39m[32m200[39m [90m2 ms - 14[39m
[35m[HTTP][39m [90m[39m
[35m[HTTP][39m [37m-->[39m [37mGET[39m [37m/wd/hub/session/fc0623c5-b30c-4dfe-93bc-1286cef2894a/window/rect[39m
[35m[HTTP][39m [90m{}[39m
[35m[HTTP][39m [37m<-- GET /wd/hub/session/fc0623c5-b30c-4dfe-93bc-1286cef2894a/window/rect [39m[32m200[39m [90m45 ms - 50[39m
[35m[HTTP][39m [90m[39m
[35m[HTTP][39m [37m-->[39m [37mPOST[39m [37m/wd/hub/session/fc0623c5-b30c-4dfe-93bc-1286cef2894a/elements[39m
[35m[HTTP][39m [90m{"using":"xpath","value":"//hierarchy/android.widget.FrameLayout[1]/android.widget.LinearLayout[1]/android.widget.FrameLayout[1]/android.widget.LinearLayout[1]/android.widget.FrameLayout[1]/android.view.ViewGroup[1]/android.widget.ScrollView[1]/android.view.ViewGroup[1]/android.widget.LinearLayout[2]/androidx.recyclerview.widget.RecyclerView[1]/android.widget.LinearLayout[2]/android.widget.RelativeLayout[1]/android.widget.LinearLayout[1]/android.widget.CheckBox[1]"}[39m
[35m[HTTP][39m [37m<-- POST /wd/hub/session/fc0623c5-b30c-4dfe-93bc-1286cef2894a/elements [39m[32m200[39m [90m408 ms - 139[39m
[35m[HTTP][39m [90m[39m
[35m[HTTP][39m [37m-->[39m [37mGET[39m [37m/wd/hub/session/fc0623c5-b30c-4dfe-93bc-1286cef2894a/element/00000000-0000-0542-ffff-ffff000022b6/location[39m
[35m[HTTP][39m [90m{}[39m
[35m[W3C (fc0623c5)][39m Driver proxy active, passing request on via HTTP proxy
[35m[WD Proxy][39m Replacing sessionId 8fbf65dd-ace1-49e4-8fe3-b77c743e1ecd with fc0623c5-b30c-4dfe-93bc-1286cef2894a
[35m[HTTP][39m [37m<-- GET /wd/hub/session/fc0623c5-b30c-4dfe-93bc-1286cef2894a/element/00000000-0000-0542-ffff-ffff000022b6/location [39m[32m200[39m [90m47 ms - 77[39m
[35m[HTTP][39m [90m[39m
[35m[HTTP][39m [37m-->[39m [37mPOST[39m [37m/wd/hub/session/fc0623c5-b30c-4dfe-93bc-1286cef2894a/timeouts[39m
[35m[HTTP][39m [90m{"implicit":30000}[39m
[35m[HTTP][39m [37m<-- POST /wd/hub/session/fc0623c5-b30c-4dfe-93bc-1286cef2894a/timeouts [39m[32m200[39m [90m2 ms - 14[39m
[35m[HTTP][39m [90m[39m
[35m[HTTP][39m [37m-->[39m [37mPOST[39m [37m/wd/hub/session/fc0623c5-b30c-4dfe-93bc-1286cef2894a/touch/perform[39m
[35m[HTTP][39m [90m{"actions":[{"action":"tap","options":{"x":1,"y":1,"element":"00000000-0000-0542-ffff-ffff000022b6"}},{"action":"release","options":{}}]}[39m
[35m[UiAutomator2][39m calling get location: 00000000-0000-0542-ffff-ffff000022b6
[35m[HTTP][39m [37m<-- POST /wd/hub/session/fc0623c5-b30c-4dfe-93bc-1286cef2894a/touch/perform [39m[32m200[39m [90m283 ms - 14[39m
[35m[HTTP][39m [90m[39m
[35m[HTTP][39m [37m-->[39m [37mPOST[39m [37m/wd/hub/session/fc0623c5-b30c-4dfe-93bc-1286cef2894a/timeouts[39m
[35m[HTTP][39m [90m{"implicit":50}[39m
[35m[HTTP][39m [37m<-- POST /wd/hub/session/fc0623c5-b30c-4dfe-93bc-1286cef2894a/timeouts [39m[32m200[39m [90m1 ms - 14[39m
[35m[HTTP][39m [90m[39m
[35m[HTTP][39m [37m-->[39m [37mGET[39m [37m/wd/hub/session/fc0623c5-b30c-4dfe-93bc-1286cef2894a/window/rect[39m
[35m[HTTP][39m [90m{}[39m
[35m[HTTP][39m [37m<-- GET /wd/hub/session/fc0623c5-b30c-4dfe-93bc-1286cef2894a/window/rect [39m[32m200[39m [90m22 ms - 50[39m
[35m[HTTP][39m [90m[39m
[35m[HTTP][39m [37m-->[39m [37mPOST[39m [37m/wd/hub/session/fc0623c5-b30c-4dfe-93bc-1286cef2894a/elements[39m
[35m[HTTP][39m [90m{"using":"xpath","value":"//hierarchy/android.widget.FrameLayout[1]/android.widget.LinearLayout[1]/android.widget.FrameLayout[1]/android.widget.LinearLayout[1]/android.widget.FrameLayout[1]/android.view.ViewGroup[1]/android.widget.ScrollView[1]/android.view.ViewGroup[1]/android.widget.LinearLayout[2]/androidx.recyclerview.widget.RecyclerView[1]/android.widget.LinearLayout[3]/android.widget.RelativeLayout[1]/android.widget.LinearLayout[1]/android.widget.CheckBox[1]"}[39m
[35m[HTTP][39m [37m<-- POST /wd/hub/session/fc0623c5-b30c-4dfe-93bc-1286cef2894a/elements [39m[32m200[39m [90m753 ms - 139[39m
[35m[HTTP][39m [90m[39m
[35m[HTTP][39m [37m-->[39m [37mGET[39m [37m/wd/hub/session/fc0623c5-b30c-4dfe-93bc-1286cef2894a/element/00000000-0000-0542-ffff-ffff000022c1/location[39m
[35m[HTTP][39m [90m{}[39m
[35m[W3C (fc0623c5)][39m Driver proxy active, passing request on via HTTP proxy
[35m[WD Proxy][39m Replacing sessionId 8fbf65dd-ace1-49e4-8fe3-b77c743e1ecd with fc0623c5-b30c-4dfe-93bc-1286cef2894a
[35m[HTTP][39m [37m<-- GET /wd/hub/session/fc0623c5-b30c-4dfe-93bc-1286cef2894a/element/00000000-0000-0542-ffff-ffff000022c1/location [39m[32m200[39m [90m36 ms - 78[39m
[35m[HTTP][39m [90m[39m
[35m[HTTP][39m [37m-->[39m [37mPOST[39m [37m/wd/hub/session/fc0623c5-b30c-4dfe-93bc-1286cef2894a/timeouts[39m
[35m[HTTP][39m [90m{"implicit":30000}[39m
[35m[HTTP][39m [37m<-- POST /wd/hub/session/fc0623c5-b30c-4dfe-93bc-1286cef2894a/timeouts [39m[32m200[39m [90m1 ms - 14[39m
[35m[HTTP][39m [90m[39m
[35m[HTTP][39m [37m-->[39m [37mPOST[39m [37m/wd/hub/session/fc0623c5-b30c-4dfe-93bc-1286cef2894a/touch/perform[39m
[35m[HTTP][39m [90m{"actions":[{"action":"tap","options":{"x":1,"y":1,"element":"00000000-0000-0542-ffff-ffff000022c1"}},{"action":"release","options":{}}]}[39m
[35m[UiAutomator2][39m calling get location: 00000000-0000-0542-ffff-ffff000022c1
[35m[HTTP][39m [37m<-- POST /wd/hub/session/fc0623c5-b30c-4dfe-93bc-1286cef2894a/touch/perform [39m[32m200[39m [90m268 ms - 14[39m
[35m[HTTP][39m [90m[39m
[35m[HTTP][39m [37m-->[39m [37mGET[39m [37m/wd/hub/session/fc0623c5-b30c-4dfe-93bc-1286cef2894a/context[39m
[35m[HTTP][39m [90m{}[39m
[35m[HTTP][39m [37m<-- GET /wd/hub/session/fc0623c5-b30c-4dfe-93bc-1286cef2894a/context [39m[32m200[39m [90m3 ms - 22[39m
[35m[HTTP][39m [90m[39m
[35m[HTTP][39m [37m-->[39m [37mGET[39m [37m/wd/hub/session/fc0623c5-b30c-4dfe-93bc-1286cef2894a/contexts[39m
[35m[HTTP][39m [90m{}[39m
[35m[HTTP][39m [37m<-- GET /wd/hub/session/fc0623c5-b30c-4dfe-93bc-1286cef2894a/contexts [39m[32m200[39m [90m110 ms - 24[39m
[35m[HTTP][39m [90m[39m
[35m[HTTP][39m [37m-->[39m [37mPOST[39m [37m/wd/hub/session/fc0623c5-b30c-4dfe-93bc-1286cef2894a/context[39m
[35m[HTTP][39m [90m{"name":"NATIVE_APP"}[39m
[35m[HTTP][39m [37m<-- POST /wd/hub/session/fc0623c5-b30c-4dfe-93bc-1286cef2894a/context [39m[32m200[39m [90m1 ms - 14[39m
[35m[HTTP][39m [90m[39m
[35m[HTTP][39m [37m-->[39m [37mGET[39m [37m/wd/hub/session/fc0623c5-b30c-4dfe-93bc-1286cef2894a/window/rect[39m
[35m[HTTP][39m [90m{}[39m
[35m[HTTP][39m [37m<-- GET /wd/hub/session/fc0623c5-b30c-4dfe-93bc-1286cef2894a/window/rect [39m[32m200[39m [90m39 ms - 50[39m
[35m[HTTP][39m [90m[39m
[35m[HTTP][39m [37m-->[39m [37mPOST[39m [37m/wd/hub/session/fc0623c5-b30c-4dfe-93bc-1286cef2894a/execute/sync[39m
[35m[HTTP][39m [90m{"script":"mobile: viewportScreenshot","args":[]}[39m
[35m[AndroidDriver][39m Executing native command 'mobile: viewportScreenshot'
[35m[HTTP][39m [37m<-- POST /wd/hub/session/fc0623c5-b30c-4dfe-93bc-1286cef2894a/execute/sync [39m[32m200[39m [90m1311 ms - 143816[39m
[35m[HTTP][39m [90m[39m
[35m[HTTP][39m [37m-->[39m [37mPOST[39m [37m/wd/hub/session/fc0623c5-b30c-4dfe-93bc-1286cef2894a/context[39m
[35m[HTTP][39m [90m{"name":"NATIVE_APP"}[39m
[35m[HTTP][39m [37m<-- POST /wd/hub/session/fc0623c5-b30c-4dfe-93bc-1286cef2894a/context [39m[32m200[39m [90m2 ms - 14[39m
[35m[HTTP][39m [90m[39m
[35m[HTTP][39m [37m-->[39m [37mGET[39m [37m/wd/hub/session/fc0623c5-b30c-4dfe-93bc-1286cef2894a/window/rect[39m
[35m[HTTP][39m [90m{}[39m
[35m[HTTP][39m [37m<-- GET /wd/hub/session/fc0623c5-b30c-4dfe-93bc-1286cef2894a/window/rect [39m[32m200[39m [90m44 ms - 50[39m
[35m[HTTP][39m [90m[39m
[35m[HTTP][39m [37m-->[39m [37mPOST[39m [37m/wd/hub/session/fc0623c5-b30c-4dfe-93bc-1286cef2894a/elements[39m
[35m[HTTP][39m [90m{"using":"xpath","value":"//*[@class = 'android.widget.Button' and (@text = 'Lanjutkan >' or . = 'Lanjutkan >') and @resource-id = 'com.vq.mbrochuregp.client.android:id/btn_upgrade_asuransi_list_detail_next']"}[39m
[35m[HTTP][39m [37m<-- POST /wd/hub/session/fc0623c5-b30c-4dfe-93bc-1286cef2894a/elements [39m[32m200[39m [90m628 ms - 139[39m
[35m[HTTP][39m [90m[39m
[35m[HTTP][39m [37m-->[39m [37mGET[39m [37m/wd/hub/session/fc0623c5-b30c-4dfe-93bc-1286cef2894a/element/00000000-0000-0542-ffff-ffff000022a1/location[39m
[35m[HTTP][39m [90m{}[39m
[35m[W3C (fc0623c5)][39m Driver proxy active, passing request on via HTTP proxy
[35m[WD Proxy][39m Replacing sessionId 8fbf65dd-ace1-49e4-8fe3-b77c743e1ecd with fc0623c5-b30c-4dfe-93bc-1286cef2894a
[35m[HTTP][39m [37m<-- GET /wd/hub/session/fc0623c5-b30c-4dfe-93bc-1286cef2894a/element/00000000-0000-0542-ffff-ffff000022a1/location [39m[32m200[39m [90m39 ms - 78[39m
[35m[HTTP][39m [90m[39m
[35m[HTTP][39m [37m-->[39m [37mPOST[39m [37m/wd/hub/session/fc0623c5-b30c-4dfe-93bc-1286cef2894a/element/00000000-0000-0542-ffff-ffff000022a1/click[39m
[35m[HTTP][39m [90m{"id":"00000000-0000-0542-ffff-ffff000022a1"}[39m
[35m[HTTP][39m [37m<-- POST /wd/hub/session/fc0623c5-b30c-4dfe-93bc-1286cef2894a/element/00000000-0000-0542-ffff-ffff000022a1/click [39m[32m200[39m [90m116 ms - 14[39m
[35m[HTTP][39m [90m[39m
[35m[HTTP][39m [37m-->[39m [37mPOST[39m [37m/wd/hub/session/fc0623c5-b30c-4dfe-93bc-1286cef2894a/timeouts[39m
[35m[HTTP][39m [90m{"implicit":50}[39m
[35m[HTTP][39m [37m<-- POST /wd/hub/session/fc0623c5-b30c-4dfe-93bc-1286cef2894a/timeouts [39m[32m200[39m [90m2 ms - 14[39m
[35m[HTTP][39m [90m[39m
[35m[HTTP][39m [37m-->[39m [37mGET[39m [37m/wd/hub/session/fc0623c5-b30c-4dfe-93bc-1286cef2894a/window/rect[39m
[35m[HTTP][39m [90m{}[39m
[35m[HTTP][39m [37m<-- GET /wd/hub/session/fc0623c5-b30c-4dfe-93bc-1286cef2894a/window/rect [39m[32m200[39m [90m20 ms - 50[39m
[35m[HTTP][39m [90m[39m
[35m[HTTP][39m [37m-->[39m [37mPOST[39m [37m/wd/hub/session/fc0623c5-b30c-4dfe-93bc-1286cef2894a/elements[39m
[35m[HTTP][39m [90m{"using":"xpath","value":"//*[@class = 'android.widget.CheckBox' and @resource-id = 'com.vq.mbrochuregp.client.android:id/cb_asuransi_perluasan_checkbox_asuransi' and (@text = '' or . = '')]"}[39m
[35m[HTTP][39m [37m<-- POST /wd/hub/session/fc0623c5-b30c-4dfe-93bc-1286cef2894a/elements [39m[32m200[39m [90m1161 ms - 267[39m
[35m[HTTP][39m [90m[39m
[35m[HTTP][39m [37m-->[39m [37mGET[39m [37m/wd/hub/session/fc0623c5-b30c-4dfe-93bc-1286cef2894a/element/00000000-0000-0543-ffff-ffff00002302/location[39m
[35m[HTTP][39m [90m{}[39m
[35m[W3C (fc0623c5)][39m Driver proxy active, passing request on via HTTP proxy
[35m[WD Proxy][39m Replacing sessionId 8fbf65dd-ace1-49e4-8fe3-b77c743e1ecd with fc0623c5-b30c-4dfe-93bc-1286cef2894a
[35m[HTTP][39m [37m<-- GET /wd/hub/session/fc0623c5-b30c-4dfe-93bc-1286cef2894a/element/00000000-0000-0543-ffff-ffff00002302/location [39m[32m200[39m [90m37 ms - 77[39m
[35m[HTTP][39m [90m[39m
[35m[HTTP][39m [37m-->[39m [37mPOST[39m [37m/wd/hub/session/fc0623c5-b30c-4dfe-93bc-1286cef2894a/timeouts[39m
[35m[HTTP][39m [90m{"implicit":30000}[39m
[35m[HTTP][39m [37m<-- POST /wd/hub/session/fc0623c5-b30c-4dfe-93bc-1286cef2894a/timeouts [39m[32m200[39m [90m1 ms - 14[39m
[35m[HTTP][39m [90m[39m
[35m[HTTP][39m [37m-->[39m [37mPOST[39m [37m/wd/hub/session/fc0623c5-b30c-4dfe-93bc-1286cef2894a/touch/perform[39m
[35m[HTTP][39m [90m{"actions":[{"action":"tap","options":{"x":1,"y":1,"element":"00000000-0000-0543-ffff-ffff00002302"}},{"action":"release","options":{}}]}[39m
[35m[UiAutomator2][39m calling get location: 00000000-0000-0543-ffff-ffff00002302
[35m[HTTP][39m [37m<-- POST /wd/hub/session/fc0623c5-b30c-4dfe-93bc-1286cef2894a/touch/perform [39m[32m200[39m [90m311 ms - 14[39m
[35m[HTTP][39m [90m[39m
[35m[HTTP][39m [37m-->[39m [37mGET[39m [37m/wd/hub/session/fc0623c5-b30c-4dfe-93bc-1286cef2894a/context[39m
[35m[HTTP][39m [90m{}[39m
[35m[HTTP][39m [37m<-- GET /wd/hub/session/fc0623c5-b30c-4dfe-93bc-1286cef2894a/context [39m[32m200[39m [90m2 ms - 22[39m
[35m[HTTP][39m [90m[39m
[35m[HTTP][39m [37m-->[39m [37mGET[39m [37m/wd/hub/session/fc0623c5-b30c-4dfe-93bc-1286cef2894a/contexts[39m
[35m[HTTP][39m [90m{}[39m
[35m[HTTP][39m [37m<-- GET /wd/hub/session/fc0623c5-b30c-4dfe-93bc-1286cef2894a/contexts [39m[32m200[39m [90m114 ms - 24[39m
[35m[HTTP][39m [90m[39m
[35m[HTTP][39m [37m-->[39m [37mPOST[39m [37m/wd/hub/session/fc0623c5-b30c-4dfe-93bc-1286cef2894a/context[39m
[35m[HTTP][39m [90m{"name":"NATIVE_APP"}[39m
[35m[HTTP][39m [37m<-- POST /wd/hub/session/fc0623c5-b30c-4dfe-93bc-1286cef2894a/context [39m[32m200[39m [90m1 ms - 14[39m
[35m[HTTP][39m [90m[39m
[35m[HTTP][39m [37m-->[39m [37mGET[39m [37m/wd/hub/session/fc0623c5-b30c-4dfe-93bc-1286cef2894a/window/rect[39m
[35m[HTTP][39m [90m{}[39m
[35m[HTTP][39m [37m<-- GET /wd/hub/session/fc0623c5-b30c-4dfe-93bc-1286cef2894a/window/rect [39m[32m200[39m [90m38 ms - 50[39m
[35m[HTTP][39m [90m[39m
[35m[HTTP][39m [37m-->[39m [37mPOST[39m [37m/wd/hub/session/fc0623c5-b30c-4dfe-93bc-1286cef2894a/execute/sync[39m
[35m[HTTP][39m [90m{"script":"mobile: viewportScreenshot","args":[]}[39m
[35m[AndroidDriver][39m Executing native command 'mobile: viewportScreenshot'
[35m[HTTP][39m [37m<-- POST /wd/hub/session/fc0623c5-b30c-4dfe-93bc-1286cef2894a/execute/sync [39m[32m200[39m [90m1264 ms - 166940[39m
[35m[HTTP][39m [90m[39m
[35m[HTTP][39m [37m-->[39m [37mPOST[39m [37m/wd/hub/session/fc0623c5-b30c-4dfe-93bc-1286cef2894a/context[39m
[35m[HTTP][39m [90m{"name":"NATIVE_APP"}[39m
[35m[HTTP][39m [37m<-- POST /wd/hub/session/fc0623c5-b30c-4dfe-93bc-1286cef2894a/context [39m[32m200[39m [90m1 ms - 14[39m
[35m[HTTP][39m [90m[39m
[35m[HTTP][39m [37m-->[39m [37mGET[39m [37m/wd/hub/session/fc0623c5-b30c-4dfe-93bc-1286cef2894a/window/rect[39m
[35m[HTTP][39m [90m{}[39m
[35m[HTTP][39m [37m<-- GET /wd/hub/session/fc0623c5-b30c-4dfe-93bc-1286cef2894a/window/rect [39m[32m200[39m [90m38 ms - 50[39m
[35m[HTTP][39m [90m[39m
[35m[HTTP][39m [37m-->[39m [37mPOST[39m [37m/wd/hub/session/fc0623c5-b30c-4dfe-93bc-1286cef2894a/elements[39m
[35m[HTTP][39m [90m{"using":"xpath","value":"//*[@class = 'android.widget.Button' and (@text = 'Lanjutkan >' or . = 'Lanjutkan >') and @resource-id = 'com.vq.mbrochuregp.client.android:id/btn_asuransi_perluasan_next']"}[39m
[35m[HTTP][39m [37m<-- POST /wd/hub/session/fc0623c5-b30c-4dfe-93bc-1286cef2894a/elements [39m[32m200[39m [90m513 ms - 139[39m
[35m[HTTP][39m [90m[39m
[35m[HTTP][39m [37m-->[39m [37mGET[39m [37m/wd/hub/session/fc0623c5-b30c-4dfe-93bc-1286cef2894a/element/00000000-0000-0543-ffff-ffff000022f3/location[39m
[35m[HTTP][39m [90m{}[39m
[35m[W3C (fc0623c5)][39m Driver proxy active, passing request on via HTTP proxy
[35m[WD Proxy][39m Replacing sessionId 8fbf65dd-ace1-49e4-8fe3-b77c743e1ecd with fc0623c5-b30c-4dfe-93bc-1286cef2894a
[35m[HTTP][39m [37m<-- GET /wd/hub/session/fc0623c5-b30c-4dfe-93bc-1286cef2894a/element/00000000-0000-0543-ffff-ffff000022f3/location [39m[32m200[39m [90m34 ms - 78[39m
[35m[HTTP][39m [90m[39m
[35m[HTTP][39m [37m-->[39m [37mPOST[39m [37m/wd/hub/session/fc0623c5-b30c-4dfe-93bc-1286cef2894a/element/00000000-0000-0543-ffff-ffff000022f3/click[39m
[35m[HTTP][39m [90m{"id":"00000000-0000-0543-ffff-ffff000022f3"}[39m
[35m[HTTP][39m [37m<-- POST /wd/hub/session/fc0623c5-b30c-4dfe-93bc-1286cef2894a/element/00000000-0000-0543-ffff-ffff000022f3/click [39m[32m200[39m [90m78 ms - 14[39m
[35m[HTTP][39m [90m[39m
[35m[HTTP][39m [37m-->[39m [37mGET[39m [37m/wd/hub/session/fc0623c5-b30c-4dfe-93bc-1286cef2894a/context[39m
[35m[HTTP][39m [90m{}[39m
[35m[HTTP][39m [37m<-- GET /wd/hub/session/fc0623c5-b30c-4dfe-93bc-1286cef2894a/context [39m[32m200[39m [90m1 ms - 22[39m
[35m[HTTP][39m [90m[39m
[35m[HTTP][39m [37m-->[39m [37mGET[39m [37m/wd/hub/session/fc0623c5-b30c-4dfe-93bc-1286cef2894a/contexts[39m
[35m[HTTP][39m [90m{}[39m
[35m[HTTP][39m [37m<-- GET /wd/hub/session/fc0623c5-b30c-4dfe-93bc-1286cef2894a/contexts [39m[32m200[39m [90m111 ms - 24[39m
[35m[HTTP][39m [90m[39m
[35m[HTTP][39m [37m-->[39m [37mPOST[39m [37m/wd/hub/session/fc0623c5-b30c-4dfe-93bc-1286cef2894a/context[39m
[35m[HTTP][39m [90m{"name":"NATIVE_APP"}[39m
[35m[HTTP][39m [37m<-- POST /wd/hub/session/fc0623c5-b30c-4dfe-93bc-1286cef2894a/context [39m[32m200[39m [90m1 ms - 14[39m
[35m[HTTP][39m [90m[39m
[35m[HTTP][39m [37m-->[39m [37mGET[39m [37m/wd/hub/session/fc0623c5-b30c-4dfe-93bc-1286cef2894a/window/rect[39m
[35m[HTTP][39m [90m{}[39m
[35m[HTTP][39m [37m<-- GET /wd/hub/session/fc0623c5-b30c-4dfe-93bc-1286cef2894a/window/rect [39m[32m200[39m [90m44 ms - 50[39m
[35m[HTTP][39m [90m[39m
[35m[HTTP][39m [37m-->[39m [37mPOST[39m [37m/wd/hub/session/fc0623c5-b30c-4dfe-93bc-1286cef2894a/execute/sync[39m
[35m[HTTP][39m [90m{"script":"mobile: viewportScreenshot","args":[]}[39m
[35m[AndroidDriver][39m Executing native command 'mobile: viewportScreenshot'
[35m[HTTP][39m [37m<-- POST /wd/hub/session/fc0623c5-b30c-4dfe-93bc-1286cef2894a/execute/sync [39m[32m200[39m [90m1274 ms - 280492[39m
[35m[HTTP][39m [90m[39m
[35m[HTTP][39m [37m-->[39m [37mPOST[39m [37m/wd/hub/session/fc0623c5-b30c-4dfe-93bc-1286cef2894a/context[39m
[35m[HTTP][39m [90m{"name":"NATIVE_APP"}[39m
[35m[HTTP][39m [37m<-- POST /wd/hub/session/fc0623c5-b30c-4dfe-93bc-1286cef2894a/context [39m[32m200[39m [90m2 ms - 14[39m
[35m[HTTP][39m [90m[39m
[35m[HTTP][39m [37m-->[39m [37mGET[39m [37m/wd/hub/session/fc0623c5-b30c-4dfe-93bc-1286cef2894a/window/rect[39m
[35m[HTTP][39m [90m{}[39m
[35m[HTTP][39m [37m<-- GET /wd/hub/session/fc0623c5-b30c-4dfe-93bc-1286cef2894a/window/rect [39m[32m200[39m [90m44 ms - 50[39m
[35m[HTTP][39m [90m[39m
[35m[HTTP][39m [37m-->[39m [37mPOST[39m [37m/wd/hub/session/fc0623c5-b30c-4dfe-93bc-1286cef2894a/elements[39m
[35m[HTTP][39m [90m{"using":"xpath","value":"//*[@class = 'android.widget.Button' and (@text = 'Submit' or . = 'Submit') and @resource-id = 'com.vq.mbrochuregp.client.android:id/btn_upgrade_asuransi_result_submit']"}[39m
[35m[HTTP][39m [37m<-- POST /wd/hub/session/fc0623c5-b30c-4dfe-93bc-1286cef2894a/elements [39m[32m200[39m [90m535 ms - 139[39m
[35m[HTTP][39m [90m[39m
[35m[HTTP][39m [37m-->[39m [37mGET[39m [37m/wd/hub/session/fc0623c5-b30c-4dfe-93bc-1286cef2894a/element/00000000-0000-0544-ffff-ffff0000238a/location[39m
[35m[HTTP][39m [90m{}[39m
[35m[W3C (fc0623c5)][39m Driver proxy active, passing request on via HTTP proxy
[35m[WD Proxy][39m Replacing sessionId 8fbf65dd-ace1-49e4-8fe3-b77c743e1ecd with fc0623c5-b30c-4dfe-93bc-1286cef2894a
[35m[HTTP][39m [37m<-- GET /wd/hub/session/fc0623c5-b30c-4dfe-93bc-1286cef2894a/element/00000000-0000-0544-ffff-ffff0000238a/location [39m[32m200[39m [90m34 ms - 78[39m
[35m[HTTP][39m [90m[39m
[35m[HTTP][39m [37m-->[39m [37mPOST[39m [37m/wd/hub/session/fc0623c5-b30c-4dfe-93bc-1286cef2894a/element/00000000-0000-0544-ffff-ffff0000238a/click[39m
[35m[HTTP][39m [90m{"id":"00000000-0000-0544-ffff-ffff0000238a"}[39m
[35m[HTTP][39m [37m<-- POST /wd/hub/session/fc0623c5-b30c-4dfe-93bc-1286cef2894a/element/00000000-0000-0544-ffff-ffff0000238a/click [39m[32m200[39m [90m85 ms - 14[39m
[35m[HTTP][39m [90m[39m
[35m[HTTP][39m [37m-->[39m [37mPOST[39m [37m/wd/hub/session/fc0623c5-b30c-4dfe-93bc-1286cef2894a/timeouts[39m
[35m[HTTP][39m [90m{"implicit":50}[39m
[35m[HTTP][39m [37m<-- POST /wd/hub/session/fc0623c5-b30c-4dfe-93bc-1286cef2894a/timeouts [39m[32m200[39m [90m2 ms - 14[39m
[35m[HTTP][39m [90m[39m
[35m[HTTP][39m [37m-->[39m [37mGET[39m [37m/wd/hub/session/fc0623c5-b30c-4dfe-93bc-1286cef2894a/window/rect[39m
[35m[HTTP][39m [90m{}[39m
[35m[HTTP][39m [37m<-- GET /wd/hub/session/fc0623c5-b30c-4dfe-93bc-1286cef2894a/window/rect [39m[32m200[39m [90m31 ms - 50[39m
[35m[HTTP][39m [90m[39m
[35m[HTTP][39m [37m-->[39m [37mPOST[39m [37m/wd/hub/session/fc0623c5-b30c-4dfe-93bc-1286cef2894a/elements[39m
[35m[HTTP][39m [90m{"using":"xpath","value":"//*[@class = 'android.widget.Button' and (@text = 'YA' or . = 'YA') and @resource-id = 'android:id/button1']"}[39m
[35m[HTTP][39m [37m<-- POST /wd/hub/session/fc0623c5-b30c-4dfe-93bc-1286cef2894a/elements [39m[32m200[39m [90m602 ms - 139[39m
[35m[HTTP][39m [90m[39m
[35m[HTTP][39m [37m-->[39m [37mGET[39m [37m/wd/hub/session/fc0623c5-b30c-4dfe-93bc-1286cef2894a/element/00000000-0000-0546-ffff-ffff000023c1/location[39m
[35m[HTTP][39m [90m{}[39m
[35m[W3C (fc0623c5)][39m Driver proxy active, passing request on via HTTP proxy
[35m[WD Proxy][39m Replacing sessionId 8fbf65dd-ace1-49e4-8fe3-b77c743e1ecd with fc0623c5-b30c-4dfe-93bc-1286cef2894a
[35m[HTTP][39m [37m<-- GET /wd/hub/session/fc0623c5-b30c-4dfe-93bc-1286cef2894a/element/00000000-0000-0546-ffff-ffff000023c1/location [39m[32m200[39m [90m35 ms - 79[39m
[35m[HTTP][39m [90m[39m
[35m[HTTP][39m [37m-->[39m [37mPOST[39m [37m/wd/hub/session/fc0623c5-b30c-4dfe-93bc-1286cef2894a/timeouts[39m
[35m[HTTP][39m [90m{"implicit":30000}[39m
[35m[HTTP][39m [37m<-- POST /wd/hub/session/fc0623c5-b30c-4dfe-93bc-1286cef2894a/timeouts [39m[32m200[39m [90m2 ms - 14[39m
[35m[HTTP][39m [90m[39m
[35m[HTTP][39m [37m-->[39m [37mPOST[39m [37m/wd/hub/session/fc0623c5-b30c-4dfe-93bc-1286cef2894a/touch/perform[39m
[35m[HTTP][39m [90m{"actions":[{"action":"tap","options":{"x":1,"y":1,"element":"00000000-0000-0546-ffff-ffff000023c1"}},{"action":"release","options":{}}]}[39m
[35m[UiAutomator2][39m calling get location: 00000000-0000-0546-ffff-ffff000023c1
[35m[HTTP][39m [37m<-- POST /wd/hub/session/fc0623c5-b30c-4dfe-93bc-1286cef2894a/touch/perform [39m[32m200[39m [90m242 ms - 14[39m
[35m[HTTP][39m [90m[39m
[35m[HTTP][39m [37m-->[39m [37mGET[39m [37m/wd/hub/session/fc0623c5-b30c-4dfe-93bc-1286cef2894a/context[39m
[35m[HTTP][39m [90m{}[39m
[35m[HTTP][39m [37m<-- GET /wd/hub/session/fc0623c5-b30c-4dfe-93bc-1286cef2894a/context [39m[32m200[39m [90m1 ms - 22[39m
[35m[HTTP][39m [90m[39m
[35m[HTTP][39m [37m-->[39m [37mGET[39m [37m/wd/hub/session/fc0623c5-b30c-4dfe-93bc-1286cef2894a/contexts[39m
[35m[HTTP][39m [90m{}[39m
[35m[HTTP][39m [37m<-- GET /wd/hub/session/fc0623c5-b30c-4dfe-93bc-1286cef2894a/contexts [39m[32m200[39m [90m114 ms - 24[39m
[35m[HTTP][39m [90m[39m
[35m[HTTP][39m [37m-->[39m [37mPOST[39m [37m/wd/hub/session/fc0623c5-b30c-4dfe-93bc-1286cef2894a/context[39m
[35m[HTTP][39m [90m{"name":"NATIVE_APP"}[39m
[35m[HTTP][39m [37m<-- POST /wd/hub/session/fc0623c5-b30c-4dfe-93bc-1286cef2894a/context [39m[32m200[39m [90m2 ms - 14[39m
[35m[HTTP][39m [90m[39m
[35m[HTTP][39m [37m-->[39m [37mGET[39m [37m/wd/hub/session/fc0623c5-b30c-4dfe-93bc-1286cef2894a/window/rect[39m
[35m[HTTP][39m [90m{}[39m
[35m[HTTP][39m [37m<-- GET /wd/hub/session/fc0623c5-b30c-4dfe-93bc-1286cef2894a/window/rect [39m[32m200[39m [90m37 ms - 50[39m
[35m[HTTP][39m [90m[39m
[35m[HTTP][39m [37m-->[39m [37mPOST[39m [37m/wd/hub/session/fc0623c5-b30c-4dfe-93bc-1286cef2894a/execute/sync[39m
[35m[HTTP][39m [90m{"script":"mobile: viewportScreenshot","args":[]}[39m
[35m[AndroidDriver][39m Executing native command 'mobile: viewportScreenshot'
[35m[HTTP][39m [37m<-- POST /wd/hub/session/fc0623c5-b30c-4dfe-93bc-1286cef2894a/execute/sync [39m[32m200[39m [90m1331 ms - 142572[39m
[35m[HTTP][39m [90m[39m
[35m[HTTP][39m [37m-->[39m [37mPOST[39m [37m/wd/hub/session/fc0623c5-b30c-4dfe-93bc-1286cef2894a/context[39m
[35m[HTTP][39m [90m{"name":"NATIVE_APP"}[39m
[35m[HTTP][39m [37m<-- POST /wd/hub/session/fc0623c5-b30c-4dfe-93bc-1286cef2894a/context [39m[32m200[39m [90m2 ms - 14[39m
[35m[HTTP][39m [90m[39m
[35m[HTTP][39m [37m-->[39m [37mPOST[39m [37m/wd/hub/session/fc0623c5-b30c-4dfe-93bc-1286cef2894a/timeouts[39m
[35m[HTTP][39m [90m{"implicit":50}[39m
[35m[HTTP][39m [37m<-- POST /wd/hub/session/fc0623c5-b30c-4dfe-93bc-1286cef2894a/timeouts [39m[32m200[39m [90m2 ms - 14[39m
[35m[HTTP][39m [90m[39m
[35m[HTTP][39m [37m-->[39m [37mGET[39m [37m/wd/hub/session/fc0623c5-b30c-4dfe-93bc-1286cef2894a/window/rect[39m
[35m[HTTP][39m [90m{}[39m
[35m[HTTP][39m [37m<-- GET /wd/hub/session/fc0623c5-b30c-4dfe-93bc-1286cef2894a/window/rect [39m[32m200[39m [90m44 ms - 50[39m
[35m[HTTP][39m [90m[39m
[35m[HTTP][39m [37m-->[39m [37mPOST[39m [37m/wd/hub/session/fc0623c5-b30c-4dfe-93bc-1286cef2894a/elements[39m
[35m[HTTP][39m [90m{"using":"xpath","value":"//*[@class = 'android.widget.Button' and (@text = 'Kembali' or . = 'Kembali') and @resource-id = 'com.vq.mbrochuregp.client.android:id/btn_asuransi_save_back']"}[39m
[35m[HTTP][39m [37m<-- POST /wd/hub/session/fc0623c5-b30c-4dfe-93bc-1286cef2894a/elements [39m[32m200[39m [90m202 ms - 139[39m
[35m[HTTP][39m [90m[39m
[35m[HTTP][39m [37m-->[39m [37mGET[39m [37m/wd/hub/session/fc0623c5-b30c-4dfe-93bc-1286cef2894a/element/00000000-0000-0547-ffff-ffff000023d6/location[39m
[35m[HTTP][39m [90m{}[39m
[35m[W3C (fc0623c5)][39m Driver proxy active, passing request on via HTTP proxy
[35m[WD Proxy][39m Replacing sessionId 8fbf65dd-ace1-49e4-8fe3-b77c743e1ecd with fc0623c5-b30c-4dfe-93bc-1286cef2894a
[35m[HTTP][39m [37m<-- GET /wd/hub/session/fc0623c5-b30c-4dfe-93bc-1286cef2894a/element/00000000-0000-0547-ffff-ffff000023d6/location [39m[32m200[39m [90m45 ms - 79[39m
[35m[HTTP][39m [90m[39m
[35m[HTTP][39m [37m-->[39m [37mPOST[39m [37m/wd/hub/session/fc0623c5-b30c-4dfe-93bc-1286cef2894a/timeouts[39m
[35m[HTTP][39m [90m{"implicit":30000}[39m
[35m[HTTP][39m [37m<-- POST /wd/hub/session/fc0623c5-b30c-4dfe-93bc-1286cef2894a/timeouts [39m[32m200[39m [90m1 ms - 14[39m
[35m[HTTP][39m [90m[39m
[35m[HTTP][39m [37m-->[39m [37mPOST[39m [37m/wd/hub/session/fc0623c5-b30c-4dfe-93bc-1286cef2894a/touch/perform[39m
[35m[HTTP][39m [90m{"actions":[{"action":"tap","options":{"x":1,"y":1,"element":"00000000-0000-0547-ffff-ffff000023d6"}},{"action":"release","options":{}}]}[39m
[35m[UiAutomator2][39m calling get location: 00000000-0000-0547-ffff-ffff000023d6
[35m[HTTP][39m [37m<-- POST /wd/hub/session/fc0623c5-b30c-4dfe-93bc-1286cef2894a/touch/perform [39m[32m200[39m [90m289 ms - 14[39m
[35m[HTTP][39m [90m[39m
[35m[HTTP][39m [37m-->[39m [37mGET[39m [37m/wd/hub/session/fc0623c5-b30c-4dfe-93bc-1286cef2894a/context[39m
[35m[HTTP][39m [90m{}[39m
[35m[HTTP][39m [37m<-- GET /wd/hub/session/fc0623c5-b30c-4dfe-93bc-1286cef2894a/context [39m[32m200[39m [90m2 ms - 22[39m
[35m[HTTP][39m [90m[39m
[35m[HTTP][39m [37m-->[39m [37mGET[39m [37m/wd/hub/session/fc0623c5-b30c-4dfe-93bc-1286cef2894a/contexts[39m
[35m[HTTP][39m [90m{}[39m
[35m[HTTP][39m [37m<-- GET /wd/hub/session/fc0623c5-b30c-4dfe-93bc-1286cef2894a/contexts [39m[32m200[39m [90m117 ms - 24[39m
[35m[HTTP][39m [90m[39m
[35m[HTTP][39m [37m-->[39m [37mPOST[39m [37m/wd/hub/session/fc0623c5-b30c-4dfe-93bc-1286cef2894a/context[39m
[35m[HTTP][39m [90m{"name":"NATIVE_APP"}[39m
[35m[HTTP][39m [37m<-- POST /wd/hub/session/fc0623c5-b30c-4dfe-93bc-1286cef2894a/context [39m[32m200[39m [90m1 ms - 14[39m
[35m[HTTP][39m [90m[39m
[35m[HTTP][39m [37m-->[39m [37mPOST[39m [37m/wd/hub/session/fc0623c5-b30c-4dfe-93bc-1286cef2894a/appium/device/press_keycode[39m
[35m[HTTP][39m [90m{"keycode":4}[39m
[35m[HTTP][39m [37m<-- POST /wd/hub/session/fc0623c5-b30c-4dfe-93bc-1286cef2894a/appium/device/press_keycode [39m[32m200[39m [90m1184 ms - 14[39m
[35m[HTTP][39m [90m[39m
[35m[HTTP][39m [37m-->[39m [37mPOST[39m [37m/wd/hub/session/fc0623c5-b30c-4dfe-93bc-1286cef2894a/context[39m
[35m[HTTP][39m [90m{"name":"NATIVE_APP"}[39m
[35m[HTTP][39m [37m<-- POST /wd/hub/session/fc0623c5-b30c-4dfe-93bc-1286cef2894a/context [39m[32m200[39m [90m1 ms - 14[39m
[35m[HTTP][39m [90m[39m
[35m[HTTP][39m [37m-->[39m [37mGET[39m [37m/wd/hub/session/fc0623c5-b30c-4dfe-93bc-1286cef2894a/context[39m
[35m[HTTP][39m [90m{}[39m
[35m[HTTP][39m [37m<-- GET /wd/hub/session/fc0623c5-b30c-4dfe-93bc-1286cef2894a/context [39m[32m200[39m [90m1 ms - 22[39m
[35m[HTTP][39m [90m[39m
[35m[HTTP][39m [37m-->[39m [37mGET[39m [37m/wd/hub/session/fc0623c5-b30c-4dfe-93bc-1286cef2894a/contexts[39m
[35m[HTTP][39m [90m{}[39m
[35m[HTTP][39m [37m<-- GET /wd/hub/session/fc0623c5-b30c-4dfe-93bc-1286cef2894a/contexts [39m[32m200[39m [90m85 ms - 24[39m
[35m[HTTP][39m [90m[39m
[35m[HTTP][39m [37m-->[39m [37mPOST[39m [37m/wd/hub/session/fc0623c5-b30c-4dfe-93bc-1286cef2894a/context[39m
[35m[HTTP][39m [90m{"name":"NATIVE_APP"}[39m
[35m[HTTP][39m [37m<-- POST /wd/hub/session/fc0623c5-b30c-4dfe-93bc-1286cef2894a/context [39m[32m200[39m [90m1 ms - 14[39m
[35m[HTTP][39m [90m[39m
[35m[HTTP][39m [37m-->[39m [37mPOST[39m [37m/wd/hub/session/fc0623c5-b30c-4dfe-93bc-1286cef2894a/appium/device/press_keycode[39m
[35m[HTTP][39m [90m{"keycode":4}[39m
[35m[HTTP][39m [37m<-- POST /wd/hub/session/fc0623c5-b30c-4dfe-93bc-1286cef2894a/appium/device/press_keycode [39m[32m200[39m [90m1710 ms - 14[39m
[35m[HTTP][39m [90m[39m
[35m[HTTP][39m [37m-->[39m [37mPOST[39m [37m/wd/hub/session/fc0623c5-b30c-4dfe-93bc-1286cef2894a/context[39m
[35m[HTTP][39m [90m{"name":"NATIVE_APP"}[39m
[35m[HTTP][39m [37m<-- POST /wd/hub/session/fc0623c5-b30c-4dfe-93bc-1286cef2894a/context [39m[32m200[39m [90m2 ms - 14[39m
[35m[HTTP][39m [90m[39m
[35m[HTTP][39m [37m-->[39m [37mGET[39m [37m/wd/hub/session/fc0623c5-b30c-4dfe-93bc-1286cef2894a/window/rect[39m
[35m[HTTP][39m [90m{}[39m
[35m[HTTP][39m [37m<-- GET /wd/hub/session/fc0623c5-b30c-4dfe-93bc-1286cef2894a/window/rect [39m[32m200[39m [90m16 ms - 50[39m
[35m[HTTP][39m [90m[39m
[35m[HTTP][39m [37m-->[39m [37mPOST[39m [37m/wd/hub/session/fc0623c5-b30c-4dfe-93bc-1286cef2894a/elements[39m
[35m[HTTP][39m [90m{"using":"xpath","value":"//*[@resource-id = 'com.vq.mbrochuregp.client.android:id/iv_home_profil_icon' and @package = 'com.vq.mbrochuregp.client.android']"}[39m
[35m[HTTP][39m [37m<-- POST /wd/hub/session/fc0623c5-b30c-4dfe-93bc-1286cef2894a/elements [39m[32m200[39m [90m804 ms - 139[39m
[35m[HTTP][39m [90m[39m
[35m[HTTP][39m [37m-->[39m [37mGET[39m [37m/wd/hub/session/fc0623c5-b30c-4dfe-93bc-1286cef2894a/element/00000000-0000-054c-ffff-ffff0000247d/location[39m
[35m[HTTP][39m [90m{}[39m
[35m[W3C (fc0623c5)][39m Driver proxy active, passing request on via HTTP proxy
[35m[WD Proxy][39m Replacing sessionId 8fbf65dd-ace1-49e4-8fe3-b77c743e1ecd with fc0623c5-b30c-4dfe-93bc-1286cef2894a
[35m[HTTP][39m [37m<-- GET /wd/hub/session/fc0623c5-b30c-4dfe-93bc-1286cef2894a/element/00000000-0000-054c-ffff-ffff0000247d/location [39m[32m200[39m [90m325 ms - 79[39m
[35m[HTTP][39m [90m[39m
[35m[HTTP][39m [37m-->[39m [37mPOST[39m [37m/wd/hub/session/fc0623c5-b30c-4dfe-93bc-1286cef2894a/element/00000000-0000-054c-ffff-ffff0000247d/click[39m
[35m[HTTP][39m [90m{"id":"00000000-0000-054c-ffff-ffff0000247d"}[39m
[35m[HTTP][39m [37m<-- POST /wd/hub/session/fc0623c5-b30c-4dfe-93bc-1286cef2894a/element/00000000-0000-054c-ffff-ffff0000247d/click [39m[32m200[39m [90m105 ms - 14[39m
[35m[HTTP][39m [90m[39m
[35m[HTTP][39m [37m-->[39m [37mDELETE[39m [37m/wd/hub/session/fc0623c5-b30c-4dfe-93bc-1286cef2894a[39m
[35m[HTTP][39m [90m{}[39m
[35m[Appium][39m Removing session fc0623c5-b30c-4dfe-93bc-1286cef2894a from our master session list
[35m[UiAutomator2][39m Restoring hidden api policy to the device default configuration
[35m[HTTP][39m [37m<-- DELETE /wd/hub/session/fc0623c5-b30c-4dfe-93bc-1286cef2894a [39m[32m200[39m [90m554 ms - 14[39m
[35m[HTTP][39m [90m[39m
