[35m[Appium][39m Welcome to Appium v1.22.2
[35m[Appium][39m Non-default server args:
[35m[Appium][39m   port: 51674
[35m[Appium][39m   loglevel: info
[35m[Appium][39m   tmpDir: C:\Users\NIAYUS~1\AppData\Local\Temp\\Katalon\Appium\Temp1656299195699
[35m[Appium][39m   chromedriverPort: 51675
[35m[Appium][39m Deprecated server args:
[35m[Appium][39m   [31m--chromedriver-port[39m => --default-capabilities
[35m[Appium][39m Default capabilities, which will be added to each request unless overridden by desired capabilities:
[35m[Appium][39m   chromedriverPort: 51675
[35m[Appium][39m Appium REST http interface listener started on 0.0.0.0:51674
[35m[HTTP][39m [37m-->[39m [37mGET[39m [37m/wd/hub/status[39m
[35m[HTTP][39m [90m{}[39m
[35m[HTTP][39m [37m<-- GET /wd/hub/status [39m[32m200[39m [90m16 ms - 68[39m
[35m[HTTP][39m [90m[39m
[35m[HTTP][39m [37m-->[39m [37mPOST[39m [37m/wd/hub/session[39m
[35m[HTTP][39m [90m{"desiredCapabilities":{"appActivity":".Settings","appPackage":"com.android.settings","newCommandTimeout":1800,"platformVersion":"11","automationName":"uiautomator2","autoGrantPermissions":true,"platformName":"Android","udid":"RR8N605F11Y","deviceName":"samsung SM-M315F (Android 11)","platform":"ANDROID","systemPort":8260},"capabilities":{"firstMatch":[{"appium:appActivity":".Settings","appium:appPackage":"com.android.settings","appium:autoGrantPermissions":true,"appium:automationName":"uiautomator2","appium:deviceName":"samsung SM-M315F (Android 11)","appium:newCommandTimeout":1800,"platform":"ANDROID","platformName":"android","appium:platformVersion":"11","appium:systemPort":8260,"appium:udid":"RR8N605F11Y"}]}}[39m
[35m[BaseDriver][39m The following capabilities are not standard capabilities and should have an extension prefix:
[35m[BaseDriver][39m   platform
[35m[BaseDriver][39m   chromedriverPort
[35m[Appium][39m Appium v1.22.2 creating new AndroidUiautomator2Driver (v1.70.1) session
[35m[BaseDriver][39m The following capabilities were provided, but are not recognized by Appium:
[35m[BaseDriver][39m   platform
[35m[BaseDriver][39m Session created with session id: abeea7c1-d14d-4787-8806-c512d845dd60
[35m[UiAutomator2][39m Starting 'com.android.settings' directly on the device
[35m[ADB][39m Cannot sort build-tools folders ["29.0.3","android-8.1.0"] by semantic version names.
[35m[ADB][39m Falling back to sorting by modification date. Original error: Invalid Version: android-8.1.0
[35m[ADB][39m Found 2 'build-tools' folders under 'C:\Users\Nia Yusniati\.katalon\tools\android_sdk' (newest first):
[35m[ADB][39m     C:/Users/Nia Yusniati/.katalon/tools/android_sdk/build-tools/29.0.3
[35m[ADB][39m     C:/Users/Nia Yusniati/.katalon/tools/android_sdk/build-tools/android-8.1.0
[35m[ADB][39m Using 'adb.exe' from 'C:\Users\Nia Yusniati\.katalon\tools\android_sdk\platform-tools\adb.exe'
[35m[AndroidDriver][39m Retrieving device list
[35m[AndroidDriver][39m Using device: RR8N605F11Y
[35m[ADB][39m Using 'adb.exe' from 'C:\Users\Nia Yusniati\.katalon\tools\android_sdk\platform-tools\adb.exe'
[35m[ADB][39m Getting device platform version
[35m[UiAutomator2][39m Relaxing hidden api policy
[35m[AndroidDriver][39m No app sent in, not parsing package/activity
[35m[ADB][39m Using 'apksigner.jar' from 'C:\Users\Nia Yusniati\.katalon\tools\android_sdk\build-tools\29.0.3\lib\apksigner.jar'
[35m[ADB][39m 'C:\Users\Nia Yusniati\AppData\Roaming\npm\node_modules\appium\node_modules\appium-uiautomator2-server\apks\appium-uiautomator2-server-v4.27.0.apk' is signed with the default certificate
[35m[ADB][39m 'C:\Users\Nia Yusniati\AppData\Roaming\npm\node_modules\appium\node_modules\appium-uiautomator2-server\apks\appium-uiautomator2-server-debug-androidTest.apk' is signed with the default certificate
[35m[UiAutomator2][39m Server packages are not going to be (re)installed
[35m[ADB][39m Adding packages ["io.appium.settings","io.appium.uiautomator2.server","io.appium.uiautomator2.server.test"] to Doze whitelist
[35m[UiAutomator2][39m Starting UIAutomator2 server 4.27.0
[35m[UiAutomator2][39m Using UIAutomator2 server from 'C:\Users\Nia Yusniati\AppData\Roaming\npm\node_modules\appium\node_modules\appium-uiautomator2-server\apks\appium-uiautomator2-server-v4.27.0.apk' and test from 'C:\Users\Nia Yusniati\AppData\Roaming\npm\node_modules\appium\node_modules\appium-uiautomator2-server\apks\appium-uiautomator2-server-debug-androidTest.apk'
[35m[UiAutomator2][39m Waiting up to 30000ms for UiAutomator2 to be online...
[35m[WD Proxy][39m socket hang up
[35m[WD Proxy][39m socket hang up
[35m[WD Proxy][39m socket hang up
[35m[WD Proxy][39m Determined the downstream protocol as 'W3C'
[35m[AndroidDriver][39m Screen already unlocked, doing nothing
[35m[UiAutomator2][39m Starting 'com.android.settings/.Settings and waiting for 'com.android.settings/.Settings'
[35m[Appium][39m New AndroidUiautomator2Driver session created successfully, session abeea7c1-d14d-4787-8806-c512d845dd60 added to master session list
[35m[HTTP][39m [37m<-- POST /wd/hub/session [39m[32m200[39m [90m11779 ms - 1158[39m
[35m[HTTP][39m [90m[39m
[35m[HTTP][39m [37m-->[39m [37mGET[39m [37m/wd/hub/session/abeea7c1-d14d-4787-8806-c512d845dd60[39m
[35m[HTTP][39m [90m{}[39m
[35m[HTTP][39m [37m<-- GET /wd/hub/session/abeea7c1-d14d-4787-8806-c512d845dd60 [39m[32m200[39m [90m17 ms - 1112[39m
[35m[HTTP][39m [90m[39m
[35m[HTTP][39m [37m-->[39m [37mGET[39m [37m/wd/hub/session/abeea7c1-d14d-4787-8806-c512d845dd60[39m
[35m[HTTP][39m [90m{}[39m
[35m[HTTP][39m [37m<-- GET /wd/hub/session/abeea7c1-d14d-4787-8806-c512d845dd60 [39m[32m200[39m [90m14 ms - 1112[39m
[35m[HTTP][39m [90m[39m
[35m[HTTP][39m [37m-->[39m [37mGET[39m [37m/wd/hub/status[39m
[35m[HTTP][39m [90m{}[39m
[35m[HTTP][39m [37m<-- GET /wd/hub/status [39m[32m200[39m [90m1 ms - 68[39m
[35m[HTTP][39m [90m[39m
[35m[HTTP][39m [37m-->[39m [37mPOST[39m [37m/wd/hub/session/abeea7c1-d14d-4787-8806-c512d845dd60/timeouts[39m
[35m[HTTP][39m [90m{"implicit":30000}[39m
[35m[HTTP][39m [37m<-- POST /wd/hub/session/abeea7c1-d14d-4787-8806-c512d845dd60/timeouts [39m[32m200[39m [90m6 ms - 14[39m
[35m[HTTP][39m [90m[39m
[35m[HTTP][39m [37m-->[39m [37mGET[39m [37m/wd/hub/session/abeea7c1-d14d-4787-8806-c512d845dd60/screenshot[39m
[35m[HTTP][39m [90m{}[39m
[35m[HTTP][39m [37m<-- GET /wd/hub/session/abeea7c1-d14d-4787-8806-c512d845dd60/screenshot [39m[32m200[39m [90m564 ms - 217530[39m
[35m[HTTP][39m [90m[39m
[35m[HTTP][39m [37m-->[39m [37mGET[39m [37m/wd/hub/session/abeea7c1-d14d-4787-8806-c512d845dd60/window/rect[39m
[35m[HTTP][39m [90m{}[39m
[35m[HTTP][39m [37m<-- GET /wd/hub/session/abeea7c1-d14d-4787-8806-c512d845dd60/window/rect [39m[32m200[39m [90m36 ms - 50[39m
[35m[HTTP][39m [90m[39m
[35m[HTTP][39m [37m-->[39m [37mGET[39m [37m/wd/hub/session/abeea7c1-d14d-4787-8806-c512d845dd60/appium/device/system_bars[39m
[35m[HTTP][39m [90m{}[39m
[35m[HTTP][39m [37m<-- GET /wd/hub/session/abeea7c1-d14d-4787-8806-c512d845dd60/appium/device/system_bars [39m[32m200[39m [90m149 ms - 148[39m
[35m[HTTP][39m [90m[39m
[35m[HTTP][39m [37m-->[39m [37mPOST[39m [37m/wd/hub/session/abeea7c1-d14d-4787-8806-c512d845dd60/appium/device/activate_app[39m
[35m[HTTP][39m [90m{"bundleId":"com.vq.mbrochuregp.client.android"}[39m
[35m[HTTP][39m [37m<-- POST /wd/hub/session/abeea7c1-d14d-4787-8806-c512d845dd60/appium/device/activate_app [39m[32m200[39m [90m631 ms - 14[39m
[35m[HTTP][39m [90m[39m
[35m[HTTP][39m [37m-->[39m [37mGET[39m [37m/wd/hub/session/abeea7c1-d14d-4787-8806-c512d845dd60/window/rect[39m
[35m[HTTP][39m [90m{}[39m
[35m[HTTP][39m [37m<-- GET /wd/hub/session/abeea7c1-d14d-4787-8806-c512d845dd60/window/rect [39m[32m200[39m [90m23 ms - 50[39m
[35m[HTTP][39m [90m[39m
[35m[HTTP][39m [37m-->[39m [37mPOST[39m [37m/wd/hub/session/abeea7c1-d14d-4787-8806-c512d845dd60/elements[39m
[35m[HTTP][39m [90m{"using":"xpath","value":"//*[@resource-id = 'com.vq.mbrochuregp.client.android:id/iv_home_profil_icon' and @package = 'com.vq.mbrochuregp.client.android']"}[39m
[35m[HTTP][39m [37m<-- POST /wd/hub/session/abeea7c1-d14d-4787-8806-c512d845dd60/elements [39m[32m200[39m [90m558 ms - 139[39m
[35m[HTTP][39m [90m[39m
[35m[HTTP][39m [37m-->[39m [37mGET[39m [37m/wd/hub/session/abeea7c1-d14d-4787-8806-c512d845dd60/element/00000000-0000-01af-ffff-ffff00003938/location[39m
[35m[HTTP][39m [90m{}[39m
[35m[W3C (abeea7c1)][39m Driver proxy active, passing request on via HTTP proxy
[35m[WD Proxy][39m Replacing sessionId 75aabbf1-250e-41b4-8be4-6161ffe15cf8 with abeea7c1-d14d-4787-8806-c512d845dd60
[35m[HTTP][39m [37m<-- GET /wd/hub/session/abeea7c1-d14d-4787-8806-c512d845dd60/element/00000000-0000-01af-ffff-ffff00003938/location [39m[32m200[39m [90m25 ms - 79[39m
[35m[HTTP][39m [90m[39m
[35m[HTTP][39m [37m-->[39m [37mPOST[39m [37m/wd/hub/session/abeea7c1-d14d-4787-8806-c512d845dd60/element/00000000-0000-01af-ffff-ffff00003938/click[39m
[35m[HTTP][39m [90m{"id":"00000000-0000-01af-ffff-ffff00003938"}[39m
[35m[HTTP][39m [37m<-- POST /wd/hub/session/abeea7c1-d14d-4787-8806-c512d845dd60/element/00000000-0000-01af-ffff-ffff00003938/click [39m[32m200[39m [90m81 ms - 14[39m
[35m[HTTP][39m [90m[39m
[35m[HTTP][39m [37m-->[39m [37mPOST[39m [37m/wd/hub/session/abeea7c1-d14d-4787-8806-c512d845dd60/timeouts[39m
[35m[HTTP][39m [90m{"implicit":50}[39m
[35m[HTTP][39m [37m<-- POST /wd/hub/session/abeea7c1-d14d-4787-8806-c512d845dd60/timeouts [39m[32m200[39m [90m2 ms - 14[39m
[35m[HTTP][39m [90m[39m
[35m[HTTP][39m [37m-->[39m [37mGET[39m [37m/wd/hub/session/abeea7c1-d14d-4787-8806-c512d845dd60/window/rect[39m
[35m[HTTP][39m [90m{}[39m
[35m[HTTP][39m [37m<-- GET /wd/hub/session/abeea7c1-d14d-4787-8806-c512d845dd60/window/rect [39m[32m200[39m [90m23 ms - 50[39m
[35m[HTTP][39m [90m[39m
[35m[HTTP][39m [37m-->[39m [37mPOST[39m [37m/wd/hub/session/abeea7c1-d14d-4787-8806-c512d845dd60/elements[39m
[35m[HTTP][39m [90m{"using":"xpath","value":"//hierarchy/android.widget.FrameLayout[1]/android.widget.LinearLayout[1]/android.widget.FrameLayout[1]/android.widget.LinearLayout[1]/android.widget.FrameLayout[1]/android.view.ViewGroup[1]/android.widget.ScrollView[1]/android.widget.LinearLayout[1]/android.view.ViewGroup[1]/android.widget.LinearLayout[1]/android.widget.FrameLayout[1]/android.widget.EditText[1]"}[39m
[35m[HTTP][39m [37m<-- POST /wd/hub/session/abeea7c1-d14d-4787-8806-c512d845dd60/elements [39m[32m200[39m [90m261 ms - 139[39m
[35m[HTTP][39m [90m[39m
[35m[HTTP][39m [37m-->[39m [37mGET[39m [37m/wd/hub/session/abeea7c1-d14d-4787-8806-c512d845dd60/element/00000000-0000-01bc-ffff-ffff00003968/location[39m
[35m[HTTP][39m [90m{}[39m
[35m[W3C (abeea7c1)][39m Driver proxy active, passing request on via HTTP proxy
[35m[WD Proxy][39m Replacing sessionId 75aabbf1-250e-41b4-8be4-6161ffe15cf8 with abeea7c1-d14d-4787-8806-c512d845dd60
[35m[HTTP][39m [37m<-- GET /wd/hub/session/abeea7c1-d14d-4787-8806-c512d845dd60/element/00000000-0000-01bc-ffff-ffff00003968/location [39m[32m200[39m [90m59 ms - 77[39m
[35m[HTTP][39m [90m[39m
[35m[HTTP][39m [37m-->[39m [37mPOST[39m [37m/wd/hub/session/abeea7c1-d14d-4787-8806-c512d845dd60/timeouts[39m
[35m[HTTP][39m [90m{"implicit":30000}[39m
[35m[HTTP][39m [37m<-- POST /wd/hub/session/abeea7c1-d14d-4787-8806-c512d845dd60/timeouts [39m[32m200[39m [90m2 ms - 14[39m
[35m[HTTP][39m [90m[39m
[35m[HTTP][39m [37m-->[39m [37mPOST[39m [37m/wd/hub/session/abeea7c1-d14d-4787-8806-c512d845dd60/element/00000000-0000-01bc-ffff-ffff00003968/clear[39m
[35m[HTTP][39m [90m{"id":"00000000-0000-01bc-ffff-ffff00003968"}[39m
[35m[HTTP][39m [37m<-- POST /wd/hub/session/abeea7c1-d14d-4787-8806-c512d845dd60/element/00000000-0000-01bc-ffff-ffff00003968/clear [39m[32m200[39m [90m47 ms - 14[39m
[35m[HTTP][39m [90m[39m
[35m[HTTP][39m [37m-->[39m [37mPOST[39m [37m/wd/hub/session/abeea7c1-d14d-4787-8806-c512d845dd60/element/00000000-0000-01bc-ffff-ffff00003968/value[39m
[35m[HTTP][39m [90m{"id":"00000000-0000-01bc-ffff-ffff00003968","text":"ibrahim@mailinator.com","value":["i","b","r","a","h","i","m","@","m","a","i","l","i","n","a","t","o","r",".","c","o","m"]}[39m
[35m[HTTP][39m [37m<-- POST /wd/hub/session/abeea7c1-d14d-4787-8806-c512d845dd60/element/00000000-0000-01bc-ffff-ffff00003968/value [39m[32m200[39m [90m543 ms - 14[39m
[35m[HTTP][39m [90m[39m
[35m[HTTP][39m [37m-->[39m [37mPOST[39m [37m/wd/hub/session/abeea7c1-d14d-4787-8806-c512d845dd60/timeouts[39m
[35m[HTTP][39m [90m{"implicit":50}[39m
[35m[HTTP][39m [37m<-- POST /wd/hub/session/abeea7c1-d14d-4787-8806-c512d845dd60/timeouts [39m[32m200[39m [90m2 ms - 14[39m
[35m[HTTP][39m [90m[39m
[35m[HTTP][39m [37m-->[39m [37mGET[39m [37m/wd/hub/session/abeea7c1-d14d-4787-8806-c512d845dd60/window/rect[39m
[35m[HTTP][39m [90m{}[39m
[35m[HTTP][39m [37m<-- GET /wd/hub/session/abeea7c1-d14d-4787-8806-c512d845dd60/window/rect [39m[32m200[39m [90m24 ms - 50[39m
[35m[HTTP][39m [90m[39m
[35m[HTTP][39m [37m-->[39m [37mPOST[39m [37m/wd/hub/session/abeea7c1-d14d-4787-8806-c512d845dd60/elements[39m
[35m[HTTP][39m [90m{"using":"xpath","value":"//hierarchy/android.widget.FrameLayout[1]/android.widget.LinearLayout[1]/android.widget.FrameLayout[1]/android.widget.LinearLayout[1]/android.widget.FrameLayout[1]/android.view.ViewGroup[1]/android.widget.ScrollView[1]/android.widget.LinearLayout[1]/android.view.ViewGroup[1]/android.widget.LinearLayout[2]/android.widget.FrameLayout[1]/android.widget.EditText[1]"}[39m
[35m[HTTP][39m [37m<-- POST /wd/hub/session/abeea7c1-d14d-4787-8806-c512d845dd60/elements [39m[32m200[39m [90m415 ms - 139[39m
[35m[HTTP][39m [90m[39m
[35m[HTTP][39m [37m-->[39m [37mGET[39m [37m/wd/hub/session/abeea7c1-d14d-4787-8806-c512d845dd60/element/00000000-0000-01bc-ffff-ffff0000396c/location[39m
[35m[HTTP][39m [90m{}[39m
[35m[W3C (abeea7c1)][39m Driver proxy active, passing request on via HTTP proxy
[35m[WD Proxy][39m Replacing sessionId 75aabbf1-250e-41b4-8be4-6161ffe15cf8 with abeea7c1-d14d-4787-8806-c512d845dd60
[35m[HTTP][39m [37m<-- GET /wd/hub/session/abeea7c1-d14d-4787-8806-c512d845dd60/element/00000000-0000-01bc-ffff-ffff0000396c/location [39m[32m200[39m [90m39 ms - 78[39m
[35m[HTTP][39m [90m[39m
[35m[HTTP][39m [37m-->[39m [37mPOST[39m [37m/wd/hub/session/abeea7c1-d14d-4787-8806-c512d845dd60/timeouts[39m
[35m[HTTP][39m [90m{"implicit":30000}[39m
[35m[HTTP][39m [37m<-- POST /wd/hub/session/abeea7c1-d14d-4787-8806-c512d845dd60/timeouts [39m[32m200[39m [90m3 ms - 14[39m
[35m[HTTP][39m [90m[39m
[35m[HTTP][39m [37m-->[39m [37mPOST[39m [37m/wd/hub/session/abeea7c1-d14d-4787-8806-c512d845dd60/element/00000000-0000-01bc-ffff-ffff0000396c/clear[39m
[35m[HTTP][39m [90m{"id":"00000000-0000-01bc-ffff-ffff0000396c"}[39m
[35m[HTTP][39m [37m<-- POST /wd/hub/session/abeea7c1-d14d-4787-8806-c512d845dd60/element/00000000-0000-01bc-ffff-ffff0000396c/clear [39m[32m200[39m [90m43 ms - 14[39m
[35m[HTTP][39m [90m[39m
[35m[HTTP][39m [37m-->[39m [37mPOST[39m [37m/wd/hub/session/abeea7c1-d14d-4787-8806-c512d845dd60/element/00000000-0000-01bc-ffff-ffff0000396c/value[39m
[35m[HTTP][39m [90m{"id":"00000000-0000-01bc-ffff-ffff0000396c","text":"123abc","value":["1","2","3","a","b","c"]}[39m
[35m[HTTP][39m [37m<-- POST /wd/hub/session/abeea7c1-d14d-4787-8806-c512d845dd60/element/00000000-0000-01bc-ffff-ffff0000396c/value [39m[32m200[39m [90m541 ms - 14[39m
[35m[HTTP][39m [90m[39m
[35m[HTTP][39m [37m-->[39m [37mGET[39m [37m/wd/hub/session/abeea7c1-d14d-4787-8806-c512d845dd60/context[39m
[35m[HTTP][39m [90m{}[39m
[35m[HTTP][39m [37m<-- GET /wd/hub/session/abeea7c1-d14d-4787-8806-c512d845dd60/context [39m[32m200[39m [90m1 ms - 22[39m
[35m[HTTP][39m [90m[39m
[35m[HTTP][39m [37m-->[39m [37mGET[39m [37m/wd/hub/session/abeea7c1-d14d-4787-8806-c512d845dd60/contexts[39m
[35m[HTTP][39m [90m{}[39m
[35m[HTTP][39m [37m<-- GET /wd/hub/session/abeea7c1-d14d-4787-8806-c512d845dd60/contexts [39m[32m200[39m [90m105 ms - 24[39m
[35m[HTTP][39m [90m[39m
[35m[HTTP][39m [37m-->[39m [37mPOST[39m [37m/wd/hub/session/abeea7c1-d14d-4787-8806-c512d845dd60/context[39m
[35m[HTTP][39m [90m{"name":"NATIVE_APP"}[39m
[35m[HTTP][39m [37m<-- POST /wd/hub/session/abeea7c1-d14d-4787-8806-c512d845dd60/context [39m[32m200[39m [90m2 ms - 14[39m
[35m[HTTP][39m [90m[39m
[35m[HTTP][39m [37m-->[39m [37mGET[39m [37m/wd/hub/session/abeea7c1-d14d-4787-8806-c512d845dd60/window/rect[39m
[35m[HTTP][39m [90m{}[39m
[35m[HTTP][39m [37m<-- GET /wd/hub/session/abeea7c1-d14d-4787-8806-c512d845dd60/window/rect [39m[32m200[39m [90m30 ms - 50[39m
[35m[HTTP][39m [90m[39m
[35m[HTTP][39m [37m-->[39m [37mPOST[39m [37m/wd/hub/session/abeea7c1-d14d-4787-8806-c512d845dd60/execute/sync[39m
[35m[HTTP][39m [90m{"script":"mobile: viewportScreenshot","args":[]}[39m
[35m[AndroidDriver][39m Executing native command 'mobile: viewportScreenshot'
[35m[HTTP][39m [37m<-- POST /wd/hub/session/abeea7c1-d14d-4787-8806-c512d845dd60/execute/sync [39m[32m200[39m [90m1491 ms - 154448[39m
[35m[HTTP][39m [90m[39m
[35m[HTTP][39m [37m-->[39m [37mPOST[39m [37m/wd/hub/session/abeea7c1-d14d-4787-8806-c512d845dd60/context[39m
[35m[HTTP][39m [90m{"name":"NATIVE_APP"}[39m
[35m[HTTP][39m [37m<-- POST /wd/hub/session/abeea7c1-d14d-4787-8806-c512d845dd60/context [39m[32m200[39m [90m4 ms - 14[39m
[35m[HTTP][39m [90m[39m
[35m[HTTP][39m [37m-->[39m [37mPOST[39m [37m/wd/hub/session/abeea7c1-d14d-4787-8806-c512d845dd60/timeouts[39m
[35m[HTTP][39m [90m{"implicit":50}[39m
[35m[HTTP][39m [37m<-- POST /wd/hub/session/abeea7c1-d14d-4787-8806-c512d845dd60/timeouts [39m[32m200[39m [90m2 ms - 14[39m
[35m[HTTP][39m [90m[39m
[35m[HTTP][39m [37m-->[39m [37mGET[39m [37m/wd/hub/session/abeea7c1-d14d-4787-8806-c512d845dd60/window/rect[39m
[35m[HTTP][39m [90m{}[39m
[35m[HTTP][39m [37m<-- GET /wd/hub/session/abeea7c1-d14d-4787-8806-c512d845dd60/window/rect [39m[32m200[39m [90m34 ms - 50[39m
[35m[HTTP][39m [90m[39m
[35m[HTTP][39m [37m-->[39m [37mPOST[39m [37m/wd/hub/session/abeea7c1-d14d-4787-8806-c512d845dd60/elements[39m
[35m[HTTP][39m [90m{"using":"xpath","value":"//hierarchy/android.widget.FrameLayout[1]/android.widget.LinearLayout[1]/android.widget.FrameLayout[1]/android.widget.LinearLayout[1]/android.widget.FrameLayout[1]/android.view.ViewGroup[1]/android.widget.ScrollView[1]/android.widget.LinearLayout[1]/android.view.ViewGroup[1]/android.widget.Button[1]"}[39m
[35m[HTTP][39m [37m<-- POST /wd/hub/session/abeea7c1-d14d-4787-8806-c512d845dd60/elements [39m[32m200[39m [90m259 ms - 139[39m
[35m[HTTP][39m [90m[39m
[35m[HTTP][39m [37m-->[39m [37mGET[39m [37m/wd/hub/session/abeea7c1-d14d-4787-8806-c512d845dd60/element/00000000-0000-01bc-ffff-ffff0000396f/location[39m
[35m[HTTP][39m [90m{}[39m
[35m[W3C (abeea7c1)][39m Driver proxy active, passing request on via HTTP proxy
[35m[WD Proxy][39m Replacing sessionId 75aabbf1-250e-41b4-8be4-6161ffe15cf8 with abeea7c1-d14d-4787-8806-c512d845dd60
[35m[HTTP][39m [37m<-- GET /wd/hub/session/abeea7c1-d14d-4787-8806-c512d845dd60/element/00000000-0000-01bc-ffff-ffff0000396f/location [39m[32m200[39m [90m42 ms - 78[39m
[35m[HTTP][39m [90m[39m
[35m[HTTP][39m [37m-->[39m [37mPOST[39m [37m/wd/hub/session/abeea7c1-d14d-4787-8806-c512d845dd60/timeouts[39m
[35m[HTTP][39m [90m{"implicit":30000}[39m
[35m[HTTP][39m [37m<-- POST /wd/hub/session/abeea7c1-d14d-4787-8806-c512d845dd60/timeouts [39m[32m200[39m [90m2 ms - 14[39m
[35m[HTTP][39m [90m[39m
[35m[HTTP][39m [37m-->[39m [37mPOST[39m [37m/wd/hub/session/abeea7c1-d14d-4787-8806-c512d845dd60/touch/perform[39m
[35m[HTTP][39m [90m{"actions":[{"action":"tap","options":{"x":1,"y":1,"element":"00000000-0000-01bc-ffff-ffff0000396f"}},{"action":"release","options":{}}]}[39m
[35m[UiAutomator2][39m calling get location: 00000000-0000-01bc-ffff-ffff0000396f
[35m[HTTP][39m [37m<-- POST /wd/hub/session/abeea7c1-d14d-4787-8806-c512d845dd60/touch/perform [39m[32m200[39m [90m965 ms - 14[39m
[35m[HTTP][39m [90m[39m
[35m[HTTP][39m [37m-->[39m [37mGET[39m [37m/wd/hub/session/abeea7c1-d14d-4787-8806-c512d845dd60/context[39m
[35m[HTTP][39m [90m{}[39m
[35m[HTTP][39m [37m<-- GET /wd/hub/session/abeea7c1-d14d-4787-8806-c512d845dd60/context [39m[32m200[39m [90m1 ms - 22[39m
[35m[HTTP][39m [90m[39m
[35m[HTTP][39m [37m-->[39m [37mGET[39m [37m/wd/hub/session/abeea7c1-d14d-4787-8806-c512d845dd60/contexts[39m
[35m[HTTP][39m [90m{}[39m
[35m[HTTP][39m [37m<-- GET /wd/hub/session/abeea7c1-d14d-4787-8806-c512d845dd60/contexts [39m[32m200[39m [90m105 ms - 24[39m
[35m[HTTP][39m [90m[39m
[35m[HTTP][39m [37m-->[39m [37mPOST[39m [37m/wd/hub/session/abeea7c1-d14d-4787-8806-c512d845dd60/context[39m
[35m[HTTP][39m [90m{"name":"NATIVE_APP"}[39m
[35m[HTTP][39m [37m<-- POST /wd/hub/session/abeea7c1-d14d-4787-8806-c512d845dd60/context [39m[32m200[39m [90m2 ms - 14[39m
[35m[HTTP][39m [90m[39m
[35m[HTTP][39m [37m-->[39m [37mPOST[39m [37m/wd/hub/session/abeea7c1-d14d-4787-8806-c512d845dd60/element[39m
[35m[HTTP][39m [90m{"using":"-android uiautomator","value":"new UiScrollable(new UiSelector().scrollable(true).instance(0)).scrollIntoView(new UiSelector().textContains(\"Suku Bunga\"))"}[39m
[35m[HTTP][39m [37m<-- POST /wd/hub/session/abeea7c1-d14d-4787-8806-c512d845dd60/element [39m[32m200[39m [90m7516 ms - 137[39m
[35m[HTTP][39m [90m[39m
[35m[HTTP][39m [37m-->[39m [37mPOST[39m [37m/wd/hub/session/abeea7c1-d14d-4787-8806-c512d845dd60/context[39m
[35m[HTTP][39m [90m{"name":"NATIVE_APP"}[39m
[35m[HTTP][39m [37m<-- POST /wd/hub/session/abeea7c1-d14d-4787-8806-c512d845dd60/context [39m[32m200[39m [90m3 ms - 14[39m
[35m[HTTP][39m [90m[39m
[35m[HTTP][39m [37m-->[39m [37mGET[39m [37m/wd/hub/session/abeea7c1-d14d-4787-8806-c512d845dd60/window/rect[39m
[35m[HTTP][39m [90m{}[39m
[35m[HTTP][39m [37m<-- GET /wd/hub/session/abeea7c1-d14d-4787-8806-c512d845dd60/window/rect [39m[32m200[39m [90m22 ms - 50[39m
[35m[HTTP][39m [90m[39m
[35m[HTTP][39m [37m-->[39m [37mPOST[39m [37m/wd/hub/session/abeea7c1-d14d-4787-8806-c512d845dd60/elements[39m
[35m[HTTP][39m [90m{"using":"xpath","value":"//*[@resource-id = 'com.vq.mbrochuregp.client.android:id/iv_home_profil_icon' and @package = 'com.vq.mbrochuregp.client.android']"}[39m
[35m[HTTP][39m [37m<-- POST /wd/hub/session/abeea7c1-d14d-4787-8806-c512d845dd60/elements [39m[32m200[39m [90m663 ms - 139[39m
[35m[HTTP][39m [90m[39m
[35m[HTTP][39m [37m-->[39m [37mGET[39m [37m/wd/hub/session/abeea7c1-d14d-4787-8806-c512d845dd60/element/00000000-0000-01be-ffff-ffff000039bf/location[39m
[35m[HTTP][39m [90m{}[39m
[35m[W3C (abeea7c1)][39m Driver proxy active, passing request on via HTTP proxy
[35m[WD Proxy][39m Replacing sessionId 75aabbf1-250e-41b4-8be4-6161ffe15cf8 with abeea7c1-d14d-4787-8806-c512d845dd60
[35m[HTTP][39m [37m<-- GET /wd/hub/session/abeea7c1-d14d-4787-8806-c512d845dd60/element/00000000-0000-01be-ffff-ffff000039bf/location [39m[32m200[39m [90m34 ms - 79[39m
[35m[HTTP][39m [90m[39m
[35m[HTTP][39m [37m-->[39m [37mPOST[39m [37m/wd/hub/session/abeea7c1-d14d-4787-8806-c512d845dd60/element/00000000-0000-01be-ffff-ffff000039bf/click[39m
[35m[HTTP][39m [90m{"id":"00000000-0000-01be-ffff-ffff000039bf"}[39m
[35m[HTTP][39m [37m<-- POST /wd/hub/session/abeea7c1-d14d-4787-8806-c512d845dd60/element/00000000-0000-01be-ffff-ffff000039bf/click [39m[32m200[39m [90m78 ms - 14[39m
[35m[HTTP][39m [90m[39m
[35m[HTTP][39m [37m-->[39m [37mGET[39m [37m/wd/hub/session/abeea7c1-d14d-4787-8806-c512d845dd60/context[39m
[35m[HTTP][39m [90m{}[39m
[35m[HTTP][39m [37m<-- GET /wd/hub/session/abeea7c1-d14d-4787-8806-c512d845dd60/context [39m[32m200[39m [90m2 ms - 22[39m
[35m[HTTP][39m [90m[39m
[35m[HTTP][39m [37m-->[39m [37mGET[39m [37m/wd/hub/session/abeea7c1-d14d-4787-8806-c512d845dd60/contexts[39m
[35m[HTTP][39m [90m{}[39m
[35m[HTTP][39m [37m<-- GET /wd/hub/session/abeea7c1-d14d-4787-8806-c512d845dd60/contexts [39m[32m200[39m [90m111 ms - 24[39m
[35m[HTTP][39m [90m[39m
[35m[HTTP][39m [37m-->[39m [37mPOST[39m [37m/wd/hub/session/abeea7c1-d14d-4787-8806-c512d845dd60/context[39m
[35m[HTTP][39m [90m{"name":"NATIVE_APP"}[39m
[35m[HTTP][39m [37m<-- POST /wd/hub/session/abeea7c1-d14d-4787-8806-c512d845dd60/context [39m[32m200[39m [90m2 ms - 14[39m
[35m[HTTP][39m [90m[39m
[35m[HTTP][39m [37m-->[39m [37mGET[39m [37m/wd/hub/session/abeea7c1-d14d-4787-8806-c512d845dd60/window/rect[39m
[35m[HTTP][39m [90m{}[39m
[35m[HTTP][39m [37m<-- GET /wd/hub/session/abeea7c1-d14d-4787-8806-c512d845dd60/window/rect [39m[32m200[39m [90m18 ms - 50[39m
[35m[HTTP][39m [90m[39m
[35m[HTTP][39m [37m-->[39m [37mPOST[39m [37m/wd/hub/session/abeea7c1-d14d-4787-8806-c512d845dd60/execute/sync[39m
[35m[HTTP][39m [90m{"script":"mobile: viewportScreenshot","args":[]}[39m
[35m[AndroidDriver][39m Executing native command 'mobile: viewportScreenshot'
[35m[HTTP][39m [37m<-- POST /wd/hub/session/abeea7c1-d14d-4787-8806-c512d845dd60/execute/sync [39m[32m200[39m [90m1503 ms - 261304[39m
[35m[HTTP][39m [90m[39m
[35m[HTTP][39m [37m-->[39m [37mPOST[39m [37m/wd/hub/session/abeea7c1-d14d-4787-8806-c512d845dd60/context[39m
[35m[HTTP][39m [90m{"name":"NATIVE_APP"}[39m
[35m[HTTP][39m [37m<-- POST /wd/hub/session/abeea7c1-d14d-4787-8806-c512d845dd60/context [39m[32m200[39m [90m2 ms - 14[39m
[35m[HTTP][39m [90m[39m
[35m[HTTP][39m [37m-->[39m [37mGET[39m [37m/wd/hub/session/abeea7c1-d14d-4787-8806-c512d845dd60/window/rect[39m
[35m[HTTP][39m [90m{}[39m
[35m[HTTP][39m [37m<-- GET /wd/hub/session/abeea7c1-d14d-4787-8806-c512d845dd60/window/rect [39m[32m200[39m [90m26 ms - 50[39m
[35m[HTTP][39m [90m[39m
[35m[HTTP][39m [37m-->[39m [37mPOST[39m [37m/wd/hub/session/abeea7c1-d14d-4787-8806-c512d845dd60/elements[39m
[35m[HTTP][39m [90m{"using":"xpath","value":"//*[@class = 'android.widget.ImageView' and @resource-id = 'com.vq.mbrochuregp.client.android:id/iv_home_icon' and (@text = '' or . = '')]"}[39m
[35m[HTTP][39m [37m<-- POST /wd/hub/session/abeea7c1-d14d-4787-8806-c512d845dd60/elements [39m[32m200[39m [90m477 ms - 139[39m
[35m[HTTP][39m [90m[39m
[35m[HTTP][39m [37m-->[39m [37mGET[39m [37m/wd/hub/session/abeea7c1-d14d-4787-8806-c512d845dd60/element/00000000-0000-01c0-ffff-ffff00003a07/location[39m
[35m[HTTP][39m [90m{}[39m
[35m[W3C (abeea7c1)][39m Driver proxy active, passing request on via HTTP proxy
[35m[WD Proxy][39m Replacing sessionId 75aabbf1-250e-41b4-8be4-6161ffe15cf8 with abeea7c1-d14d-4787-8806-c512d845dd60
[35m[HTTP][39m [37m<-- GET /wd/hub/session/abeea7c1-d14d-4787-8806-c512d845dd60/element/00000000-0000-01c0-ffff-ffff00003a07/location [39m[32m200[39m [90m33 ms - 78[39m
[35m[HTTP][39m [90m[39m
[35m[HTTP][39m [37m-->[39m [37mPOST[39m [37m/wd/hub/session/abeea7c1-d14d-4787-8806-c512d845dd60/element/00000000-0000-01c0-ffff-ffff00003a07/click[39m
[35m[HTTP][39m [90m{"id":"00000000-0000-01c0-ffff-ffff00003a07"}[39m
[35m[HTTP][39m [37m<-- POST /wd/hub/session/abeea7c1-d14d-4787-8806-c512d845dd60/element/00000000-0000-01c0-ffff-ffff00003a07/click [39m[32m200[39m [90m677 ms - 14[39m
[35m[HTTP][39m [90m[39m
[35m[HTTP][39m [37m-->[39m [37mGET[39m [37m/wd/hub/status[39m
[35m[HTTP][39m [90m{}[39m
[35m[HTTP][39m [37m<-- GET /wd/hub/status [39m[32m200[39m [90m2 ms - 68[39m
[35m[HTTP][39m [90m[39m
[35m[HTTP][39m [37m-->[39m [37mPOST[39m [37m/wd/hub/session[39m
[35m[HTTP][39m [90m{"desiredCapabilities":{"appActivity":".Settings","appPackage":"com.android.settings","newCommandTimeout":1800,"platformVersion":"11","automationName":"uiautomator2","autoGrantPermissions":true,"platformName":"Android","udid":"RR8N605F11Y","deviceName":"samsung SM-M315F (Android 11)","platform":"ANDROID","systemPort":8257},"capabilities":{"firstMatch":[{"appium:appActivity":".Settings","appium:appPackage":"com.android.settings","appium:autoGrantPermissions":true,"appium:automationName":"uiautomator2","appium:deviceName":"samsung SM-M315F (Android 11)","appium:newCommandTimeout":1800,"platform":"ANDROID","platformName":"android","appium:platformVersion":"11","appium:systemPort":8257,"appium:udid":"RR8N605F11Y"}]}}[39m
[35m[BaseDriver][39m The following capabilities are not standard capabilities and should have an extension prefix:
[35m[BaseDriver][39m   platform
[35m[BaseDriver][39m   chromedriverPort
[35m[Appium][39m Appium v1.22.2 creating new AndroidUiautomator2Driver (v1.70.1) session
[35m[BaseDriver][39m The following capabilities were provided, but are not recognized by Appium:
[35m[BaseDriver][39m   platform
[35m[BaseDriver][39m Session created with session id: 15a27d3f-50a5-453c-acae-261c3fd99189
[35m[UiAutomator2][39m Starting 'com.android.settings' directly on the device
[35m[ADB][39m Using 'adb.exe' from 'C:\Users\Nia Yusniati\.katalon\tools\android_sdk\platform-tools\adb.exe'
[35m[AndroidDriver][39m Retrieving device list
[35m[AndroidDriver][39m Using device: RR8N605F11Y
[35m[ADB][39m Using 'adb.exe' from 'C:\Users\Nia Yusniati\.katalon\tools\android_sdk\platform-tools\adb.exe'
[35m[ADB][39m Getting device platform version
[35m[UiAutomator2][39m Relaxing hidden api policy
[35m[AndroidDriver][39m No app sent in, not parsing package/activity
[35m[UiAutomator2][39m Server packages are not going to be (re)installed
[35m[ADB][39m Adding packages ["io.appium.settings","io.appium.uiautomator2.server","io.appium.uiautomator2.server.test"] to Doze whitelist
[35m[UiAutomator2][39m Starting UIAutomator2 server 4.27.0
[35m[UiAutomator2][39m Using UIAutomator2 server from 'C:\Users\Nia Yusniati\AppData\Roaming\npm\node_modules\appium\node_modules\appium-uiautomator2-server\apks\appium-uiautomator2-server-v4.27.0.apk' and test from 'C:\Users\Nia Yusniati\AppData\Roaming\npm\node_modules\appium\node_modules\appium-uiautomator2-server\apks\appium-uiautomator2-server-debug-androidTest.apk'
[35m[UiAutomator2][39m Waiting up to 30000ms for UiAutomator2 to be online...
[35m[WD Proxy][39m socket hang up
[35m[WD Proxy][39m socket hang up
[35m[WD Proxy][39m socket hang up
[35m[WD Proxy][39m Determined the downstream protocol as 'W3C'
[35m[AndroidDriver][39m Screen already unlocked, doing nothing
[35m[UiAutomator2][39m Starting 'com.android.settings/.Settings and waiting for 'com.android.settings/.Settings'
[35m[Appium][39m New AndroidUiautomator2Driver session created successfully, session 15a27d3f-50a5-453c-acae-261c3fd99189 added to master session list
[35m[HTTP][39m [37m<-- POST /wd/hub/session [39m[32m200[39m [90m9771 ms - 1158[39m
[35m[HTTP][39m [90m[39m
[35m[HTTP][39m [37m-->[39m [37mGET[39m [37m/wd/hub/session/15a27d3f-50a5-453c-acae-261c3fd99189[39m
[35m[HTTP][39m [90m{}[39m
[35m[HTTP][39m [37m<-- GET /wd/hub/session/15a27d3f-50a5-453c-acae-261c3fd99189 [39m[32m200[39m [90m15 ms - 1112[39m
[35m[HTTP][39m [90m[39m
[35m[HTTP][39m [37m-->[39m [37mGET[39m [37m/wd/hub/session/15a27d3f-50a5-453c-acae-261c3fd99189[39m
[35m[HTTP][39m [90m{}[39m
[35m[HTTP][39m [37m<-- GET /wd/hub/session/15a27d3f-50a5-453c-acae-261c3fd99189 [39m[32m200[39m [90m10 ms - 1112[39m
[35m[HTTP][39m [90m[39m
[35m[HTTP][39m [37m-->[39m [37mGET[39m [37m/wd/hub/status[39m
[35m[HTTP][39m [90m{}[39m
[35m[HTTP][39m [37m<-- GET /wd/hub/status [39m[32m200[39m [90m1 ms - 68[39m
[35m[HTTP][39m [90m[39m
[35m[HTTP][39m [37m-->[39m [37mPOST[39m [37m/wd/hub/session/15a27d3f-50a5-453c-acae-261c3fd99189/timeouts[39m
[35m[HTTP][39m [90m{"implicit":30000}[39m
[35m[HTTP][39m [37m<-- POST /wd/hub/session/15a27d3f-50a5-453c-acae-261c3fd99189/timeouts [39m[32m200[39m [90m2 ms - 14[39m
[35m[HTTP][39m [90m[39m
[35m[HTTP][39m [37m-->[39m [37mGET[39m [37m/wd/hub/session/15a27d3f-50a5-453c-acae-261c3fd99189/screenshot[39m
[35m[HTTP][39m [90m{}[39m
[35m[HTTP][39m [37m<-- GET /wd/hub/session/15a27d3f-50a5-453c-acae-261c3fd99189/screenshot [39m[32m200[39m [90m567 ms - 223644[39m
[35m[HTTP][39m [90m[39m
[35m[HTTP][39m [37m-->[39m [37mGET[39m [37m/wd/hub/session/15a27d3f-50a5-453c-acae-261c3fd99189/window/rect[39m
[35m[HTTP][39m [90m{}[39m
[35m[HTTP][39m [37m<-- GET /wd/hub/session/15a27d3f-50a5-453c-acae-261c3fd99189/window/rect [39m[32m200[39m [90m11 ms - 50[39m
[35m[HTTP][39m [90m[39m
[35m[HTTP][39m [37m-->[39m [37mGET[39m [37m/wd/hub/session/15a27d3f-50a5-453c-acae-261c3fd99189/appium/device/system_bars[39m
[35m[HTTP][39m [90m{}[39m
[35m[HTTP][39m [37m<-- GET /wd/hub/session/15a27d3f-50a5-453c-acae-261c3fd99189/appium/device/system_bars [39m[32m200[39m [90m123 ms - 148[39m
[35m[HTTP][39m [90m[39m
[35m[HTTP][39m [37m-->[39m [37mPOST[39m [37m/wd/hub/session/15a27d3f-50a5-453c-acae-261c3fd99189/appium/device/activate_app[39m
[35m[HTTP][39m [90m{"bundleId":"com.vq.mbrochuregp.client.android"}[39m
[35m[HTTP][39m [37m<-- POST /wd/hub/session/15a27d3f-50a5-453c-acae-261c3fd99189/appium/device/activate_app [39m[32m200[39m [90m645 ms - 14[39m
[35m[HTTP][39m [90m[39m
[35m[HTTP][39m [37m-->[39m [37mGET[39m [37m/wd/hub/session/15a27d3f-50a5-453c-acae-261c3fd99189/context[39m
[35m[HTTP][39m [90m{}[39m
[35m[HTTP][39m [37m<-- GET /wd/hub/session/15a27d3f-50a5-453c-acae-261c3fd99189/context [39m[32m200[39m [90m2 ms - 22[39m
[35m[HTTP][39m [90m[39m
[35m[HTTP][39m [37m-->[39m [37mGET[39m [37m/wd/hub/session/15a27d3f-50a5-453c-acae-261c3fd99189/contexts[39m
[35m[HTTP][39m [90m{}[39m
[35m[HTTP][39m [37m<-- GET /wd/hub/session/15a27d3f-50a5-453c-acae-261c3fd99189/contexts [39m[32m200[39m [90m125 ms - 24[39m
[35m[HTTP][39m [90m[39m
[35m[HTTP][39m [37m-->[39m [37mPOST[39m [37m/wd/hub/session/15a27d3f-50a5-453c-acae-261c3fd99189/context[39m
[35m[HTTP][39m [90m{"name":"NATIVE_APP"}[39m
[35m[HTTP][39m [37m<-- POST /wd/hub/session/15a27d3f-50a5-453c-acae-261c3fd99189/context [39m[32m200[39m [90m2 ms - 14[39m
[35m[HTTP][39m [90m[39m
[35m[HTTP][39m [37m-->[39m [37mPOST[39m [37m/wd/hub/session/15a27d3f-50a5-453c-acae-261c3fd99189/appium/device/press_keycode[39m
[35m[HTTP][39m [90m{"keycode":4}[39m
[35m[HTTP][39m [37m<-- POST /wd/hub/session/15a27d3f-50a5-453c-acae-261c3fd99189/appium/device/press_keycode [39m[32m200[39m [90m177 ms - 14[39m
[35m[HTTP][39m [90m[39m
[35m[HTTP][39m [37m-->[39m [37mPOST[39m [37m/wd/hub/session/15a27d3f-50a5-453c-acae-261c3fd99189/context[39m
[35m[HTTP][39m [90m{"name":"NATIVE_APP"}[39m
[35m[HTTP][39m [37m<-- POST /wd/hub/session/15a27d3f-50a5-453c-acae-261c3fd99189/context [39m[32m200[39m [90m2 ms - 14[39m
[35m[HTTP][39m [90m[39m
[35m[HTTP][39m [37m-->[39m [37mPOST[39m [37m/wd/hub/session/15a27d3f-50a5-453c-acae-261c3fd99189/timeouts[39m
[35m[HTTP][39m [90m{"implicit":50}[39m
[35m[HTTP][39m [37m<-- POST /wd/hub/session/15a27d3f-50a5-453c-acae-261c3fd99189/timeouts [39m[32m200[39m [90m1 ms - 14[39m
[35m[HTTP][39m [90m[39m
[35m[HTTP][39m [37m-->[39m [37mGET[39m [37m/wd/hub/session/15a27d3f-50a5-453c-acae-261c3fd99189/window/rect[39m
[35m[HTTP][39m [90m{}[39m
[35m[HTTP][39m [37m<-- GET /wd/hub/session/15a27d3f-50a5-453c-acae-261c3fd99189/window/rect [39m[32m200[39m [90m23 ms - 50[39m
[35m[HTTP][39m [90m[39m
[35m[HTTP][39m [37m-->[39m [37mPOST[39m [37m/wd/hub/session/15a27d3f-50a5-453c-acae-261c3fd99189/elements[39m
[35m[HTTP][39m [90m{"using":"xpath","value":"//*[@class = 'android.widget.Button' and (@text = 'TIDAK' or . = 'TIDAK') and @resource-id = 'android:id/button2']"}[39m
[35m[HTTP][39m [37m<-- POST /wd/hub/session/15a27d3f-50a5-453c-acae-261c3fd99189/elements [39m[32m200[39m [90m721 ms - 139[39m
[35m[HTTP][39m [90m[39m
[35m[HTTP][39m [37m-->[39m [37mGET[39m [37m/wd/hub/session/15a27d3f-50a5-453c-acae-261c3fd99189/element/00000000-0000-01d5-ffff-ffff00003ab4/location[39m
[35m[HTTP][39m [90m{}[39m
[35m[W3C (15a27d3f)][39m Driver proxy active, passing request on via HTTP proxy
[35m[WD Proxy][39m Replacing sessionId dc69f19f-5e6f-463d-9274-fb93b0a72c37 with 15a27d3f-50a5-453c-acae-261c3fd99189
[35m[HTTP][39m [37m<-- GET /wd/hub/session/15a27d3f-50a5-453c-acae-261c3fd99189/element/00000000-0000-01d5-ffff-ffff00003ab4/location [39m[32m200[39m [90m26 ms - 79[39m
[35m[HTTP][39m [90m[39m
[35m[HTTP][39m [37m-->[39m [37mPOST[39m [37m/wd/hub/session/15a27d3f-50a5-453c-acae-261c3fd99189/timeouts[39m
[35m[HTTP][39m [90m{"implicit":30000}[39m
[35m[HTTP][39m [37m<-- POST /wd/hub/session/15a27d3f-50a5-453c-acae-261c3fd99189/timeouts [39m[32m200[39m [90m2 ms - 14[39m
[35m[HTTP][39m [90m[39m
[35m[HTTP][39m [37m-->[39m [37mPOST[39m [37m/wd/hub/session/15a27d3f-50a5-453c-acae-261c3fd99189/touch/perform[39m
[35m[HTTP][39m [90m{"actions":[{"action":"tap","options":{"x":1,"y":1,"element":"00000000-0000-01d5-ffff-ffff00003ab4"}},{"action":"release","options":{}}]}[39m
[35m[UiAutomator2][39m calling get location: 00000000-0000-01d5-ffff-ffff00003ab4
[35m[HTTP][39m [37m<-- POST /wd/hub/session/15a27d3f-50a5-453c-acae-261c3fd99189/touch/perform [39m[32m200[39m [90m229 ms - 14[39m
[35m[HTTP][39m [90m[39m
[35m[HTTP][39m [37m-->[39m [37mPOST[39m [37m/wd/hub/session/15a27d3f-50a5-453c-acae-261c3fd99189/timeouts[39m
[35m[HTTP][39m [90m{"implicit":50}[39m
[35m[HTTP][39m [37m<-- POST /wd/hub/session/15a27d3f-50a5-453c-acae-261c3fd99189/timeouts [39m[32m200[39m [90m2 ms - 14[39m
[35m[HTTP][39m [90m[39m
[35m[HTTP][39m [37m-->[39m [37mGET[39m [37m/wd/hub/session/15a27d3f-50a5-453c-acae-261c3fd99189/window/rect[39m
[35m[HTTP][39m [90m{}[39m
[35m[HTTP][39m [37m<-- GET /wd/hub/session/15a27d3f-50a5-453c-acae-261c3fd99189/window/rect [39m[32m200[39m [90m32 ms - 50[39m
[35m[HTTP][39m [90m[39m
[35m[HTTP][39m [37m-->[39m [37mPOST[39m [37m/wd/hub/session/15a27d3f-50a5-453c-acae-261c3fd99189/elements[39m
[35m[HTTP][39m [90m{"using":"xpath","value":"//hierarchy/android.widget.FrameLayout[1]/android.widget.LinearLayout[1]/android.widget.FrameLayout[1]/android.widget.LinearLayout[1]/android.widget.FrameLayout[1]/android.view.ViewGroup[1]/android.widget.ScrollView[1]/android.widget.LinearLayout[1]/android.view.ViewGroup[2]/android.widget.LinearLayout[1]/androidx.recyclerview.widget.RecyclerView[1]/android.widget.LinearLayout[8]/android.widget.ImageView[1]"}[39m
[35m[HTTP][39m [37m<-- POST /wd/hub/session/15a27d3f-50a5-453c-acae-261c3fd99189/elements [39m[32m200[39m [90m789 ms - 139[39m
[35m[HTTP][39m [90m[39m
[35m[HTTP][39m [37m-->[39m [37mGET[39m [37m/wd/hub/session/15a27d3f-50a5-453c-acae-261c3fd99189/element/00000000-0000-01c5-ffff-ffff00003a96/location[39m
[35m[HTTP][39m [90m{}[39m
[35m[W3C (15a27d3f)][39m Driver proxy active, passing request on via HTTP proxy
[35m[WD Proxy][39m Replacing sessionId dc69f19f-5e6f-463d-9274-fb93b0a72c37 with 15a27d3f-50a5-453c-acae-261c3fd99189
[35m[HTTP][39m [37m<-- GET /wd/hub/session/15a27d3f-50a5-453c-acae-261c3fd99189/element/00000000-0000-01c5-ffff-ffff00003a96/location [39m[32m200[39m [90m24 ms - 79[39m
[35m[HTTP][39m [90m[39m
[35m[HTTP][39m [37m-->[39m [37mPOST[39m [37m/wd/hub/session/15a27d3f-50a5-453c-acae-261c3fd99189/timeouts[39m
[35m[HTTP][39m [90m{"implicit":30000}[39m
[35m[HTTP][39m [37m<-- POST /wd/hub/session/15a27d3f-50a5-453c-acae-261c3fd99189/timeouts [39m[32m200[39m [90m2 ms - 14[39m
[35m[HTTP][39m [90m[39m
[35m[HTTP][39m [37m-->[39m [37mPOST[39m [37m/wd/hub/session/15a27d3f-50a5-453c-acae-261c3fd99189/touch/perform[39m
[35m[HTTP][39m [90m{"actions":[{"action":"tap","options":{"x":1,"y":1,"element":"00000000-0000-01c5-ffff-ffff00003a96"}},{"action":"release","options":{}}]}[39m
[35m[UiAutomator2][39m calling get location: 00000000-0000-01c5-ffff-ffff00003a96
[35m[HTTP][39m [37m<-- POST /wd/hub/session/15a27d3f-50a5-453c-acae-261c3fd99189/touch/perform [39m[32m200[39m [90m251 ms - 14[39m
[35m[HTTP][39m [90m[39m
[35m[HTTP][39m [37m-->[39m [37mPOST[39m [37m/wd/hub/session/15a27d3f-50a5-453c-acae-261c3fd99189/timeouts[39m
[35m[HTTP][39m [90m{"implicit":50}[39m
[35m[HTTP][39m [37m<-- POST /wd/hub/session/15a27d3f-50a5-453c-acae-261c3fd99189/timeouts [39m[32m200[39m [90m2 ms - 14[39m
[35m[HTTP][39m [90m[39m
[35m[HTTP][39m [37m-->[39m [37mGET[39m [37m/wd/hub/session/15a27d3f-50a5-453c-acae-261c3fd99189/window/rect[39m
[35m[HTTP][39m [90m{}[39m
[35m[HTTP][39m [37m<-- GET /wd/hub/session/15a27d3f-50a5-453c-acae-261c3fd99189/window/rect [39m[32m200[39m [90m29 ms - 50[39m
[35m[HTTP][39m [90m[39m
[35m[HTTP][39m [37m-->[39m [37mPOST[39m [37m/wd/hub/session/15a27d3f-50a5-453c-acae-261c3fd99189/elements[39m
[35m[HTTP][39m [90m{"using":"xpath","value":"//hierarchy/android.widget.FrameLayout[1]/android.widget.LinearLayout[1]/android.widget.FrameLayout[1]/android.widget.LinearLayout[1]/android.widget.FrameLayout[1]/android.view.ViewGroup[1]/android.widget.ScrollView[1]/android.widget.LinearLayout[1]/android.widget.LinearLayout[1]/androidx.recyclerview.widget.RecyclerView[1]/android.widget.LinearLayout[1]/android.widget.ImageView[1]"}[39m
[35m[HTTP][39m [37m<-- POST /wd/hub/session/15a27d3f-50a5-453c-acae-261c3fd99189/elements [39m[32m200[39m [90m674 ms - 139[39m
[35m[HTTP][39m [90m[39m
[35m[HTTP][39m [37m-->[39m [37mGET[39m [37m/wd/hub/session/15a27d3f-50a5-453c-acae-261c3fd99189/element/00000000-0000-01d6-ffff-ffff00003ae2/location[39m
[35m[HTTP][39m [90m{}[39m
[35m[W3C (15a27d3f)][39m Driver proxy active, passing request on via HTTP proxy
[35m[WD Proxy][39m Replacing sessionId dc69f19f-5e6f-463d-9274-fb93b0a72c37 with 15a27d3f-50a5-453c-acae-261c3fd99189
[35m[HTTP][39m [37m<-- GET /wd/hub/session/15a27d3f-50a5-453c-acae-261c3fd99189/element/00000000-0000-01d6-ffff-ffff00003ae2/location [39m[32m200[39m [90m32 ms - 77[39m
[35m[HTTP][39m [90m[39m
[35m[HTTP][39m [37m-->[39m [37mPOST[39m [37m/wd/hub/session/15a27d3f-50a5-453c-acae-261c3fd99189/timeouts[39m
[35m[HTTP][39m [90m{"implicit":30000}[39m
[35m[HTTP][39m [37m<-- POST /wd/hub/session/15a27d3f-50a5-453c-acae-261c3fd99189/timeouts [39m[32m200[39m [90m2 ms - 14[39m
[35m[HTTP][39m [90m[39m
[35m[HTTP][39m [37m-->[39m [37mPOST[39m [37m/wd/hub/session/15a27d3f-50a5-453c-acae-261c3fd99189/touch/perform[39m
[35m[HTTP][39m [90m{"actions":[{"action":"tap","options":{"x":1,"y":1,"element":"00000000-0000-01d6-ffff-ffff00003ae2"}},{"action":"release","options":{}}]}[39m
[35m[UiAutomator2][39m calling get location: 00000000-0000-01d6-ffff-ffff00003ae2
[35m[HTTP][39m [37m<-- POST /wd/hub/session/15a27d3f-50a5-453c-acae-261c3fd99189/touch/perform [39m[32m200[39m [90m231 ms - 14[39m
[35m[HTTP][39m [90m[39m
[35m[HTTP][39m [37m-->[39m [37mGET[39m [37m/wd/hub/session/15a27d3f-50a5-453c-acae-261c3fd99189/context[39m
[35m[HTTP][39m [90m{}[39m
[35m[HTTP][39m [37m<-- GET /wd/hub/session/15a27d3f-50a5-453c-acae-261c3fd99189/context [39m[32m200[39m [90m4 ms - 22[39m
[35m[HTTP][39m [90m[39m
[35m[HTTP][39m [37m-->[39m [37mGET[39m [37m/wd/hub/session/15a27d3f-50a5-453c-acae-261c3fd99189/contexts[39m
[35m[HTTP][39m [90m{}[39m
[35m[HTTP][39m [37m<-- GET /wd/hub/session/15a27d3f-50a5-453c-acae-261c3fd99189/contexts [39m[32m200[39m [90m116 ms - 24[39m
[35m[HTTP][39m [90m[39m
[35m[HTTP][39m [37m-->[39m [37mPOST[39m [37m/wd/hub/session/15a27d3f-50a5-453c-acae-261c3fd99189/context[39m
[35m[HTTP][39m [90m{"name":"NATIVE_APP"}[39m
[35m[HTTP][39m [37m<-- POST /wd/hub/session/15a27d3f-50a5-453c-acae-261c3fd99189/context [39m[32m200[39m [90m2 ms - 14[39m
[35m[HTTP][39m [90m[39m
[35m[HTTP][39m [37m-->[39m [37mGET[39m [37m/wd/hub/session/15a27d3f-50a5-453c-acae-261c3fd99189/window/rect[39m
[35m[HTTP][39m [90m{}[39m
[35m[HTTP][39m [37m<-- GET /wd/hub/session/15a27d3f-50a5-453c-acae-261c3fd99189/window/rect [39m[32m200[39m [90m38 ms - 50[39m
[35m[HTTP][39m [90m[39m
[35m[HTTP][39m [37m-->[39m [37mPOST[39m [37m/wd/hub/session/15a27d3f-50a5-453c-acae-261c3fd99189/execute/sync[39m
[35m[HTTP][39m [90m{"script":"mobile: viewportScreenshot","args":[]}[39m
[35m[AndroidDriver][39m Executing native command 'mobile: viewportScreenshot'
[35m[HTTP][39m [37m<-- POST /wd/hub/session/15a27d3f-50a5-453c-acae-261c3fd99189/execute/sync [39m[32m200[39m [90m1584 ms - 110304[39m
[35m[HTTP][39m [90m[39m
[35m[HTTP][39m [37m-->[39m [37mPOST[39m [37m/wd/hub/session/15a27d3f-50a5-453c-acae-261c3fd99189/context[39m
[35m[HTTP][39m [90m{"name":"NATIVE_APP"}[39m
[35m[HTTP][39m [37m<-- POST /wd/hub/session/15a27d3f-50a5-453c-acae-261c3fd99189/context [39m[32m200[39m [90m1 ms - 14[39m
[35m[HTTP][39m [90m[39m
[35m[HTTP][39m [37m-->[39m [37mPOST[39m [37m/wd/hub/session/15a27d3f-50a5-453c-acae-261c3fd99189/timeouts[39m
[35m[HTTP][39m [90m{"implicit":50}[39m
[35m[HTTP][39m [37m<-- POST /wd/hub/session/15a27d3f-50a5-453c-acae-261c3fd99189/timeouts [39m[32m200[39m [90m2 ms - 14[39m
[35m[HTTP][39m [90m[39m
[35m[HTTP][39m [37m-->[39m [37mGET[39m [37m/wd/hub/session/15a27d3f-50a5-453c-acae-261c3fd99189/window/rect[39m
[35m[HTTP][39m [90m{}[39m
[35m[HTTP][39m [37m<-- GET /wd/hub/session/15a27d3f-50a5-453c-acae-261c3fd99189/window/rect [39m[32m200[39m [90m27 ms - 50[39m
[35m[HTTP][39m [90m[39m
[35m[HTTP][39m [37m-->[39m [37mPOST[39m [37m/wd/hub/session/15a27d3f-50a5-453c-acae-261c3fd99189/elements[39m
[35m[HTTP][39m [90m{"using":"xpath","value":"//hierarchy/android.widget.FrameLayout[1]/android.widget.LinearLayout[1]/android.widget.FrameLayout[1]/android.widget.LinearLayout[1]/android.widget.FrameLayout[1]/android.view.ViewGroup[1]/androidx.viewpager.widget.ViewPager[1]/android.widget.FrameLayout[1]/android.view.ViewGroup[1]/androidx.recyclerview.widget.RecyclerView[1]/android.widget.LinearLayout[1]/android.widget.RelativeLayout[1]"}[39m
[35m[HTTP][39m [37m<-- POST /wd/hub/session/15a27d3f-50a5-453c-acae-261c3fd99189/elements [39m[32m200[39m [90m289 ms - 139[39m
[35m[HTTP][39m [90m[39m
[35m[HTTP][39m [37m-->[39m [37mGET[39m [37m/wd/hub/session/15a27d3f-50a5-453c-acae-261c3fd99189/element/00000000-0000-01d7-ffff-ffff00003b2e/location[39m
[35m[HTTP][39m [90m{}[39m
[35m[W3C (15a27d3f)][39m Driver proxy active, passing request on via HTTP proxy
[35m[WD Proxy][39m Replacing sessionId dc69f19f-5e6f-463d-9274-fb93b0a72c37 with 15a27d3f-50a5-453c-acae-261c3fd99189
[35m[HTTP][39m [37m<-- GET /wd/hub/session/15a27d3f-50a5-453c-acae-261c3fd99189/element/00000000-0000-01d7-ffff-ffff00003b2e/location [39m[32m200[39m [90m47 ms - 77[39m
[35m[HTTP][39m [90m[39m
[35m[HTTP][39m [37m-->[39m [37mPOST[39m [37m/wd/hub/session/15a27d3f-50a5-453c-acae-261c3fd99189/timeouts[39m
[35m[HTTP][39m [90m{"implicit":30000}[39m
[35m[HTTP][39m [37m<-- POST /wd/hub/session/15a27d3f-50a5-453c-acae-261c3fd99189/timeouts [39m[32m200[39m [90m3 ms - 14[39m
[35m[HTTP][39m [90m[39m
[35m[HTTP][39m [37m-->[39m [37mPOST[39m [37m/wd/hub/session/15a27d3f-50a5-453c-acae-261c3fd99189/touch/perform[39m
[35m[HTTP][39m [90m{"actions":[{"action":"tap","options":{"x":1,"y":1,"element":"00000000-0000-01d7-ffff-ffff00003b2e"}},{"action":"release","options":{}}]}[39m
[35m[UiAutomator2][39m calling get location: 00000000-0000-01d7-ffff-ffff00003b2e
[35m[HTTP][39m [37m<-- POST /wd/hub/session/15a27d3f-50a5-453c-acae-261c3fd99189/touch/perform [39m[32m200[39m [90m240 ms - 14[39m
[35m[HTTP][39m [90m[39m
[35m[HTTP][39m [37m-->[39m [37mGET[39m [37m/wd/hub/session/15a27d3f-50a5-453c-acae-261c3fd99189/context[39m
[35m[HTTP][39m [90m{}[39m
[35m[HTTP][39m [37m<-- GET /wd/hub/session/15a27d3f-50a5-453c-acae-261c3fd99189/context [39m[32m200[39m [90m2 ms - 22[39m
[35m[HTTP][39m [90m[39m
[35m[HTTP][39m [37m-->[39m [37mGET[39m [37m/wd/hub/session/15a27d3f-50a5-453c-acae-261c3fd99189/contexts[39m
[35m[HTTP][39m [90m{}[39m
[35m[HTTP][39m [37m<-- GET /wd/hub/session/15a27d3f-50a5-453c-acae-261c3fd99189/contexts [39m[32m200[39m [90m127 ms - 24[39m
[35m[HTTP][39m [90m[39m
[35m[HTTP][39m [37m-->[39m [37mPOST[39m [37m/wd/hub/session/15a27d3f-50a5-453c-acae-261c3fd99189/context[39m
[35m[HTTP][39m [90m{"name":"NATIVE_APP"}[39m
[35m[HTTP][39m [37m<-- POST /wd/hub/session/15a27d3f-50a5-453c-acae-261c3fd99189/context [39m[32m200[39m [90m1 ms - 14[39m
[35m[HTTP][39m [90m[39m
[35m[HTTP][39m [37m-->[39m [37mGET[39m [37m/wd/hub/session/15a27d3f-50a5-453c-acae-261c3fd99189/window/rect[39m
[35m[HTTP][39m [90m{}[39m
[35m[HTTP][39m [37m<-- GET /wd/hub/session/15a27d3f-50a5-453c-acae-261c3fd99189/window/rect [39m[32m200[39m [90m44 ms - 50[39m
[35m[HTTP][39m [90m[39m
[35m[HTTP][39m [37m-->[39m [37mPOST[39m [37m/wd/hub/session/15a27d3f-50a5-453c-acae-261c3fd99189/context[39m
[35m[HTTP][39m [90m{"name":"NATIVE_APP"}[39m
[35m[HTTP][39m [37m<-- POST /wd/hub/session/15a27d3f-50a5-453c-acae-261c3fd99189/context [39m[32m200[39m [90m2 ms - 14[39m
[35m[HTTP][39m [90m[39m
[35m[HTTP][39m [37m-->[39m [37mGET[39m [37m/wd/hub/session/15a27d3f-50a5-453c-acae-261c3fd99189/context[39m
[35m[HTTP][39m [90m{}[39m
[35m[HTTP][39m [37m<-- GET /wd/hub/session/15a27d3f-50a5-453c-acae-261c3fd99189/context [39m[32m200[39m [90m4 ms - 22[39m
[35m[HTTP][39m [90m[39m
[35m[HTTP][39m [37m-->[39m [37mGET[39m [37m/wd/hub/session/15a27d3f-50a5-453c-acae-261c3fd99189/contexts[39m
[35m[HTTP][39m [90m{}[39m
[35m[HTTP][39m [37m<-- GET /wd/hub/session/15a27d3f-50a5-453c-acae-261c3fd99189/contexts [39m[32m200[39m [90m134 ms - 24[39m
[35m[HTTP][39m [90m[39m
[35m[HTTP][39m [37m-->[39m [37mPOST[39m [37m/wd/hub/session/15a27d3f-50a5-453c-acae-261c3fd99189/context[39m
[35m[HTTP][39m [90m{"name":"NATIVE_APP"}[39m
[35m[HTTP][39m [37m<-- POST /wd/hub/session/15a27d3f-50a5-453c-acae-261c3fd99189/context [39m[32m200[39m [90m2 ms - 14[39m
[35m[HTTP][39m [90m[39m
[35m[HTTP][39m [37m-->[39m [37mGET[39m [37m/wd/hub/session/15a27d3f-50a5-453c-acae-261c3fd99189/window/rect[39m
[35m[HTTP][39m [90m{}[39m
[35m[HTTP][39m [37m<-- GET /wd/hub/session/15a27d3f-50a5-453c-acae-261c3fd99189/window/rect [39m[32m200[39m [90m49 ms - 50[39m
[35m[HTTP][39m [90m[39m
[35m[HTTP][39m [37m-->[39m [37mPOST[39m [37m/wd/hub/session/15a27d3f-50a5-453c-acae-261c3fd99189/context[39m
[35m[HTTP][39m [90m{"name":"NATIVE_APP"}[39m
[35m[HTTP][39m [37m<-- POST /wd/hub/session/15a27d3f-50a5-453c-acae-261c3fd99189/context [39m[32m200[39m [90m2 ms - 14[39m
[35m[HTTP][39m [90m[39m
[35m[HTTP][39m [37m-->[39m [37mGET[39m [37m/wd/hub/session/15a27d3f-50a5-453c-acae-261c3fd99189/context[39m
[35m[HTTP][39m [90m{}[39m
[35m[HTTP][39m [37m<-- GET /wd/hub/session/15a27d3f-50a5-453c-acae-261c3fd99189/context [39m[32m200[39m [90m4 ms - 22[39m
[35m[HTTP][39m [90m[39m
[35m[HTTP][39m [37m-->[39m [37mGET[39m [37m/wd/hub/session/15a27d3f-50a5-453c-acae-261c3fd99189/contexts[39m
[35m[HTTP][39m [90m{}[39m
[35m[HTTP][39m [37m<-- GET /wd/hub/session/15a27d3f-50a5-453c-acae-261c3fd99189/contexts [39m[32m200[39m [90m119 ms - 24[39m
[35m[HTTP][39m [90m[39m
[35m[HTTP][39m [37m-->[39m [37mPOST[39m [37m/wd/hub/session/15a27d3f-50a5-453c-acae-261c3fd99189/context[39m
[35m[HTTP][39m [90m{"name":"NATIVE_APP"}[39m
[35m[HTTP][39m [37m<-- POST /wd/hub/session/15a27d3f-50a5-453c-acae-261c3fd99189/context [39m[32m200[39m [90m2 ms - 14[39m
[35m[HTTP][39m [90m[39m
[35m[HTTP][39m [37m-->[39m [37mPOST[39m [37m/wd/hub/session/15a27d3f-50a5-453c-acae-261c3fd99189/touch/perform[39m
[35m[HTTP][39m [90m{"actions":[{"action":"press","options":{"x":540,"y":1491}},{"action":"wait","options":{"ms":500}},{"action":"moveTo","options":{"x":540,"y":639}},{"action":"release","options":{}}]}[39m
[35m[HTTP][39m [37m<-- POST /wd/hub/session/15a27d3f-50a5-453c-acae-261c3fd99189/touch/perform [39m[32m200[39m [90m1127 ms - 14[39m
[35m[HTTP][39m [90m[39m
[35m[HTTP][39m [37m-->[39m [37mPOST[39m [37m/wd/hub/session/15a27d3f-50a5-453c-acae-261c3fd99189/context[39m
[35m[HTTP][39m [90m{"name":"NATIVE_APP"}[39m
[35m[HTTP][39m [37m<-- POST /wd/hub/session/15a27d3f-50a5-453c-acae-261c3fd99189/context [39m[32m200[39m [90m2 ms - 14[39m
[35m[HTTP][39m [90m[39m
[35m[HTTP][39m [37m-->[39m [37mPOST[39m [37m/wd/hub/session/15a27d3f-50a5-453c-acae-261c3fd99189/timeouts[39m
[35m[HTTP][39m [90m{"implicit":50}[39m
[35m[HTTP][39m [37m<-- POST /wd/hub/session/15a27d3f-50a5-453c-acae-261c3fd99189/timeouts [39m[32m200[39m [90m1 ms - 14[39m
[35m[HTTP][39m [90m[39m
[35m[HTTP][39m [37m-->[39m [37mGET[39m [37m/wd/hub/session/15a27d3f-50a5-453c-acae-261c3fd99189/window/rect[39m
[35m[HTTP][39m [90m{}[39m
[35m[HTTP][39m [37m<-- GET /wd/hub/session/15a27d3f-50a5-453c-acae-261c3fd99189/window/rect [39m[32m200[39m [90m43 ms - 50[39m
[35m[HTTP][39m [90m[39m
[35m[HTTP][39m [37m-->[39m [37mPOST[39m [37m/wd/hub/session/15a27d3f-50a5-453c-acae-261c3fd99189/elements[39m
[35m[HTTP][39m [90m{"using":"xpath","value":"//*[@class = 'android.widget.RadioButton' and (@text = '2 Tahun' or . = '2 Tahun') and @resource-id = 'com.vq.mbrochuregp.client.android:id/rb_2']"}[39m
[35m[HTTP][39m [37m<-- POST /wd/hub/session/15a27d3f-50a5-453c-acae-261c3fd99189/elements [39m[32m200[39m [90m666 ms - 139[39m
[35m[HTTP][39m [90m[39m
[35m[HTTP][39m [37m-->[39m [37mGET[39m [37m/wd/hub/session/15a27d3f-50a5-453c-acae-261c3fd99189/element/00000000-0000-01d8-ffff-ffff00003b69/location[39m
[35m[HTTP][39m [90m{}[39m
[35m[W3C (15a27d3f)][39m Driver proxy active, passing request on via HTTP proxy
[35m[WD Proxy][39m Replacing sessionId dc69f19f-5e6f-463d-9274-fb93b0a72c37 with 15a27d3f-50a5-453c-acae-261c3fd99189
[35m[HTTP][39m [37m<-- GET /wd/hub/session/15a27d3f-50a5-453c-acae-261c3fd99189/element/00000000-0000-01d8-ffff-ffff00003b69/location [39m[32m200[39m [90m67 ms - 78[39m
[35m[HTTP][39m [90m[39m
[35m[HTTP][39m [37m-->[39m [37mPOST[39m [37m/wd/hub/session/15a27d3f-50a5-453c-acae-261c3fd99189/timeouts[39m
[35m[HTTP][39m [90m{"implicit":30000}[39m
[35m[HTTP][39m [37m<-- POST /wd/hub/session/15a27d3f-50a5-453c-acae-261c3fd99189/timeouts [39m[32m200[39m [90m1 ms - 14[39m
[35m[HTTP][39m [90m[39m
[35m[HTTP][39m [37m-->[39m [37mPOST[39m [37m/wd/hub/session/15a27d3f-50a5-453c-acae-261c3fd99189/touch/perform[39m
[35m[HTTP][39m [90m{"actions":[{"action":"tap","options":{"x":1,"y":1,"element":"00000000-0000-01d8-ffff-ffff00003b69"}},{"action":"release","options":{}}]}[39m
[35m[UiAutomator2][39m calling get location: 00000000-0000-01d8-ffff-ffff00003b69
[35m[HTTP][39m [37m<-- POST /wd/hub/session/15a27d3f-50a5-453c-acae-261c3fd99189/touch/perform [39m[32m200[39m [90m274 ms - 14[39m
[35m[HTTP][39m [90m[39m
[35m[HTTP][39m [37m-->[39m [37mGET[39m [37m/wd/hub/session/15a27d3f-50a5-453c-acae-261c3fd99189/context[39m
[35m[HTTP][39m [90m{}[39m
[35m[HTTP][39m [37m<-- GET /wd/hub/session/15a27d3f-50a5-453c-acae-261c3fd99189/context [39m[32m200[39m [90m2 ms - 22[39m
[35m[HTTP][39m [90m[39m
[35m[HTTP][39m [37m-->[39m [37mGET[39m [37m/wd/hub/session/15a27d3f-50a5-453c-acae-261c3fd99189/contexts[39m
[35m[HTTP][39m [90m{}[39m
[35m[HTTP][39m [37m<-- GET /wd/hub/session/15a27d3f-50a5-453c-acae-261c3fd99189/contexts [39m[32m200[39m [90m143 ms - 24[39m
[35m[HTTP][39m [90m[39m
[35m[HTTP][39m [37m-->[39m [37mPOST[39m [37m/wd/hub/session/15a27d3f-50a5-453c-acae-261c3fd99189/context[39m
[35m[HTTP][39m [90m{"name":"NATIVE_APP"}[39m
[35m[HTTP][39m [37m<-- POST /wd/hub/session/15a27d3f-50a5-453c-acae-261c3fd99189/context [39m[32m200[39m [90m2 ms - 14[39m
[35m[HTTP][39m [90m[39m
[35m[HTTP][39m [37m-->[39m [37mGET[39m [37m/wd/hub/session/15a27d3f-50a5-453c-acae-261c3fd99189/window/rect[39m
[35m[HTTP][39m [90m{}[39m
[35m[HTTP][39m [37m<-- GET /wd/hub/session/15a27d3f-50a5-453c-acae-261c3fd99189/window/rect [39m[32m200[39m [90m49 ms - 50[39m
[35m[HTTP][39m [90m[39m
[35m[HTTP][39m [37m-->[39m [37mPOST[39m [37m/wd/hub/session/15a27d3f-50a5-453c-acae-261c3fd99189/execute/sync[39m
[35m[HTTP][39m [90m{"script":"mobile: viewportScreenshot","args":[]}[39m
[35m[AndroidDriver][39m Executing native command 'mobile: viewportScreenshot'
[35m[HTTP][39m [37m<-- POST /wd/hub/session/15a27d3f-50a5-453c-acae-261c3fd99189/execute/sync [39m[32m200[39m [90m1467 ms - 299992[39m
[35m[HTTP][39m [90m[39m
[35m[HTTP][39m [37m-->[39m [37mPOST[39m [37m/wd/hub/session/15a27d3f-50a5-453c-acae-261c3fd99189/context[39m
[35m[HTTP][39m [90m{"name":"NATIVE_APP"}[39m
[35m[HTTP][39m [37m<-- POST /wd/hub/session/15a27d3f-50a5-453c-acae-261c3fd99189/context [39m[32m200[39m [90m2 ms - 14[39m
[35m[HTTP][39m [90m[39m
[35m[HTTP][39m [37m-->[39m [37mGET[39m [37m/wd/hub/session/15a27d3f-50a5-453c-acae-261c3fd99189/window/rect[39m
[35m[HTTP][39m [90m{}[39m
[35m[HTTP][39m [37m<-- GET /wd/hub/session/15a27d3f-50a5-453c-acae-261c3fd99189/window/rect [39m[32m200[39m [90m43 ms - 50[39m
[35m[HTTP][39m [90m[39m
[35m[HTTP][39m [37m-->[39m [37mPOST[39m [37m/wd/hub/session/15a27d3f-50a5-453c-acae-261c3fd99189/elements[39m
[35m[HTTP][39m [90m{"using":"xpath","value":"//*[@class = 'android.widget.Button' and (@text = 'Lanjutkan >' or . = 'Lanjutkan >') and @resource-id = 'com.vq.mbrochuregp.client.android:id/btn_renewal_asuransi_list_detail_next']"}[39m
[35m[HTTP][39m [37m<-- POST /wd/hub/session/15a27d3f-50a5-453c-acae-261c3fd99189/elements [39m[32m200[39m [90m487 ms - 139[39m
[35m[HTTP][39m [90m[39m
[35m[HTTP][39m [37m-->[39m [37mGET[39m [37m/wd/hub/session/15a27d3f-50a5-453c-acae-261c3fd99189/element/00000000-0000-01d8-ffff-ffff00003b7b/location[39m
[35m[HTTP][39m [90m{}[39m
[35m[W3C (15a27d3f)][39m Driver proxy active, passing request on via HTTP proxy
[35m[WD Proxy][39m Replacing sessionId dc69f19f-5e6f-463d-9274-fb93b0a72c37 with 15a27d3f-50a5-453c-acae-261c3fd99189
[35m[HTTP][39m [37m<-- GET /wd/hub/session/15a27d3f-50a5-453c-acae-261c3fd99189/element/00000000-0000-01d8-ffff-ffff00003b7b/location [39m[32m200[39m [90m32 ms - 78[39m
[35m[HTTP][39m [90m[39m
[35m[HTTP][39m [37m-->[39m [37mPOST[39m [37m/wd/hub/session/15a27d3f-50a5-453c-acae-261c3fd99189/element/00000000-0000-01d8-ffff-ffff00003b7b/click[39m
[35m[HTTP][39m [90m{"id":"00000000-0000-01d8-ffff-ffff00003b7b"}[39m
[35m[HTTP][39m [37m<-- POST /wd/hub/session/15a27d3f-50a5-453c-acae-261c3fd99189/element/00000000-0000-01d8-ffff-ffff00003b7b/click [39m[32m200[39m [90m69 ms - 14[39m
[35m[HTTP][39m [90m[39m
[35m[HTTP][39m [37m-->[39m [37mPOST[39m [37m/wd/hub/session/15a27d3f-50a5-453c-acae-261c3fd99189/timeouts[39m
[35m[HTTP][39m [90m{"implicit":50}[39m
[35m[HTTP][39m [37m<-- POST /wd/hub/session/15a27d3f-50a5-453c-acae-261c3fd99189/timeouts [39m[32m200[39m [90m1 ms - 14[39m
[35m[HTTP][39m [90m[39m
[35m[HTTP][39m [37m-->[39m [37mGET[39m [37m/wd/hub/session/15a27d3f-50a5-453c-acae-261c3fd99189/window/rect[39m
[35m[HTTP][39m [90m{}[39m
[35m[HTTP][39m [37m<-- GET /wd/hub/session/15a27d3f-50a5-453c-acae-261c3fd99189/window/rect [39m[32m200[39m [90m23 ms - 50[39m
[35m[HTTP][39m [90m[39m
[35m[HTTP][39m [37m-->[39m [37mPOST[39m [37m/wd/hub/session/15a27d3f-50a5-453c-acae-261c3fd99189/elements[39m
[35m[HTTP][39m [90m{"using":"id","value":"com.vq.mbrochuregp.client.android:id/et_renewal_asuransi_result_telefon"}[39m
[35m[HTTP][39m [37m<-- POST /wd/hub/session/15a27d3f-50a5-453c-acae-261c3fd99189/elements [39m[32m200[39m [90m93 ms - 139[39m
[35m[HTTP][39m [90m[39m
[35m[HTTP][39m [37m-->[39m [37mGET[39m [37m/wd/hub/session/15a27d3f-50a5-453c-acae-261c3fd99189/element/00000000-0000-01d9-ffff-ffff00003bdc/location[39m
[35m[HTTP][39m [90m{}[39m
[35m[W3C (15a27d3f)][39m Driver proxy active, passing request on via HTTP proxy
[35m[WD Proxy][39m Replacing sessionId dc69f19f-5e6f-463d-9274-fb93b0a72c37 with 15a27d3f-50a5-453c-acae-261c3fd99189
[35m[HTTP][39m [37m<-- GET /wd/hub/session/15a27d3f-50a5-453c-acae-261c3fd99189/element/00000000-0000-01d9-ffff-ffff00003bdc/location [39m[32m200[39m [90m30 ms - 78[39m
[35m[HTTP][39m [90m[39m
[35m[HTTP][39m [37m-->[39m [37mPOST[39m [37m/wd/hub/session/15a27d3f-50a5-453c-acae-261c3fd99189/timeouts[39m
[35m[HTTP][39m [90m{"implicit":30000}[39m
[35m[HTTP][39m [37m<-- POST /wd/hub/session/15a27d3f-50a5-453c-acae-261c3fd99189/timeouts [39m[32m200[39m [90m2 ms - 14[39m
[35m[HTTP][39m [90m[39m
[35m[HTTP][39m [37m-->[39m [37mPOST[39m [37m/wd/hub/session/15a27d3f-50a5-453c-acae-261c3fd99189/element/00000000-0000-01d9-ffff-ffff00003bdc/clear[39m
[35m[HTTP][39m [90m{"id":"00000000-0000-01d9-ffff-ffff00003bdc"}[39m
[35m[HTTP][39m [37m<-- POST /wd/hub/session/15a27d3f-50a5-453c-acae-261c3fd99189/element/00000000-0000-01d9-ffff-ffff00003bdc/clear [39m[32m200[39m [90m46 ms - 14[39m
[35m[HTTP][39m [90m[39m
[35m[HTTP][39m [37m-->[39m [37mPOST[39m [37m/wd/hub/session/15a27d3f-50a5-453c-acae-261c3fd99189/element/00000000-0000-01d9-ffff-ffff00003bdc/value[39m
[35m[HTTP][39m [90m{"id":"00000000-0000-01d9-ffff-ffff00003bdc","text":"085710222996","value":["0","8","5","7","1","0","2","2","2","9","9","6"]}[39m
[35m[HTTP][39m [37m<-- POST /wd/hub/session/15a27d3f-50a5-453c-acae-261c3fd99189/element/00000000-0000-01d9-ffff-ffff00003bdc/value [39m[32m200[39m [90m1053 ms - 14[39m
[35m[HTTP][39m [90m[39m
[35m[HTTP][39m [37m-->[39m [37mGET[39m [37m/wd/hub/session/15a27d3f-50a5-453c-acae-261c3fd99189/context[39m
[35m[HTTP][39m [90m{}[39m
[35m[HTTP][39m [37m<-- GET /wd/hub/session/15a27d3f-50a5-453c-acae-261c3fd99189/context [39m[32m200[39m [90m1 ms - 22[39m
[35m[HTTP][39m [90m[39m
[35m[HTTP][39m [37m-->[39m [37mGET[39m [37m/wd/hub/session/15a27d3f-50a5-453c-acae-261c3fd99189/contexts[39m
[35m[HTTP][39m [90m{}[39m
[35m[HTTP][39m [37m<-- GET /wd/hub/session/15a27d3f-50a5-453c-acae-261c3fd99189/contexts [39m[32m200[39m [90m120 ms - 24[39m
[35m[HTTP][39m [90m[39m
[35m[HTTP][39m [37m-->[39m [37mPOST[39m [37m/wd/hub/session/15a27d3f-50a5-453c-acae-261c3fd99189/context[39m
[35m[HTTP][39m [90m{"name":"NATIVE_APP"}[39m
[35m[HTTP][39m [37m<-- POST /wd/hub/session/15a27d3f-50a5-453c-acae-261c3fd99189/context [39m[32m200[39m [90m2 ms - 14[39m
[35m[HTTP][39m [90m[39m
[35m[HTTP][39m [37m-->[39m [37mGET[39m [37m/wd/hub/session/15a27d3f-50a5-453c-acae-261c3fd99189/screenshot[39m
[35m[HTTP][39m [90m{}[39m
[35m[HTTP][39m [37m<-- GET /wd/hub/session/15a27d3f-50a5-453c-acae-261c3fd99189/screenshot [39m[32m200[39m [90m671 ms - 194554[39m
[35m[HTTP][39m [90m[39m
[35m[HTTP][39m [37m-->[39m [37mPOST[39m [37m/wd/hub/session/15a27d3f-50a5-453c-acae-261c3fd99189/context[39m
[35m[HTTP][39m [90m{"name":"NATIVE_APP"}[39m
[35m[HTTP][39m [37m<-- POST /wd/hub/session/15a27d3f-50a5-453c-acae-261c3fd99189/context [39m[32m200[39m [90m2 ms - 14[39m
[35m[HTTP][39m [90m[39m
[35m[HTTP][39m [37m-->[39m [37mGET[39m [37m/wd/hub/session/15a27d3f-50a5-453c-acae-261c3fd99189/window/rect[39m
[35m[HTTP][39m [90m{}[39m
[35m[HTTP][39m [37m<-- GET /wd/hub/session/15a27d3f-50a5-453c-acae-261c3fd99189/window/rect [39m[32m200[39m [90m34 ms - 50[39m
[35m[HTTP][39m [90m[39m
[35m[HTTP][39m [37m-->[39m [37mPOST[39m [37m/wd/hub/session/15a27d3f-50a5-453c-acae-261c3fd99189/elements[39m
[35m[HTTP][39m [90m{"using":"xpath","value":"//*[@class = 'android.widget.Button' and (@text = 'Submit' or . = 'Submit') and @resource-id = 'com.vq.mbrochuregp.client.android:id/btn_renewal_asuransi_result_submit']"}[39m
[35m[HTTP][39m [37m<-- POST /wd/hub/session/15a27d3f-50a5-453c-acae-261c3fd99189/elements [39m[32m200[39m [90m366 ms - 139[39m
[35m[HTTP][39m [90m[39m
[35m[HTTP][39m [37m-->[39m [37mGET[39m [37m/wd/hub/session/15a27d3f-50a5-453c-acae-261c3fd99189/element/00000000-0000-01d9-ffff-ffff00003be6/location[39m
[35m[HTTP][39m [90m{}[39m
[35m[W3C (15a27d3f)][39m Driver proxy active, passing request on via HTTP proxy
[35m[WD Proxy][39m Replacing sessionId dc69f19f-5e6f-463d-9274-fb93b0a72c37 with 15a27d3f-50a5-453c-acae-261c3fd99189
[35m[HTTP][39m [37m<-- GET /wd/hub/session/15a27d3f-50a5-453c-acae-261c3fd99189/element/00000000-0000-01d9-ffff-ffff00003be6/location [39m[32m200[39m [90m34 ms - 78[39m
[35m[HTTP][39m [90m[39m
[35m[HTTP][39m [37m-->[39m [37mPOST[39m [37m/wd/hub/session/15a27d3f-50a5-453c-acae-261c3fd99189/element/00000000-0000-01d9-ffff-ffff00003be6/click[39m
[35m[HTTP][39m [90m{"id":"00000000-0000-01d9-ffff-ffff00003be6"}[39m
[35m[HTTP][39m [37m<-- POST /wd/hub/session/15a27d3f-50a5-453c-acae-261c3fd99189/element/00000000-0000-01d9-ffff-ffff00003be6/click [39m[32m200[39m [90m62 ms - 14[39m
[35m[HTTP][39m [90m[39m
[35m[HTTP][39m [37m-->[39m [37mPOST[39m [37m/wd/hub/session/15a27d3f-50a5-453c-acae-261c3fd99189/timeouts[39m
[35m[HTTP][39m [90m{"implicit":50}[39m
[35m[HTTP][39m [37m<-- POST /wd/hub/session/15a27d3f-50a5-453c-acae-261c3fd99189/timeouts [39m[32m200[39m [90m1 ms - 14[39m
[35m[HTTP][39m [90m[39m
[35m[HTTP][39m [37m-->[39m [37mGET[39m [37m/wd/hub/session/15a27d3f-50a5-453c-acae-261c3fd99189/window/rect[39m
[35m[HTTP][39m [90m{}[39m
[35m[HTTP][39m [37m<-- GET /wd/hub/session/15a27d3f-50a5-453c-acae-261c3fd99189/window/rect [39m[32m200[39m [90m21 ms - 50[39m
[35m[HTTP][39m [90m[39m
[35m[HTTP][39m [37m-->[39m [37mPOST[39m [37m/wd/hub/session/15a27d3f-50a5-453c-acae-261c3fd99189/elements[39m
[35m[HTTP][39m [90m{"using":"xpath","value":"//*[@class = 'android.widget.Button' and (@text = 'YA' or . = 'YA') and @resource-id = 'android:id/button1']"}[39m
[35m[HTTP][39m [37m<-- POST /wd/hub/session/15a27d3f-50a5-453c-acae-261c3fd99189/elements [39m[32m200[39m [90m535 ms - 139[39m
[35m[HTTP][39m [90m[39m
[35m[HTTP][39m [37m-->[39m [37mGET[39m [37m/wd/hub/session/15a27d3f-50a5-453c-acae-261c3fd99189/element/00000000-0000-01db-ffff-ffff00003c02/location[39m
[35m[HTTP][39m [90m{}[39m
[35m[W3C (15a27d3f)][39m Driver proxy active, passing request on via HTTP proxy
[35m[WD Proxy][39m Replacing sessionId dc69f19f-5e6f-463d-9274-fb93b0a72c37 with 15a27d3f-50a5-453c-acae-261c3fd99189
[35m[HTTP][39m [37m<-- GET /wd/hub/session/15a27d3f-50a5-453c-acae-261c3fd99189/element/00000000-0000-01db-ffff-ffff00003c02/location [39m[32m200[39m [90m29 ms - 79[39m
[35m[HTTP][39m [90m[39m
[35m[HTTP][39m [37m-->[39m [37mPOST[39m [37m/wd/hub/session/15a27d3f-50a5-453c-acae-261c3fd99189/timeouts[39m
[35m[HTTP][39m [90m{"implicit":30000}[39m
[35m[HTTP][39m [37m<-- POST /wd/hub/session/15a27d3f-50a5-453c-acae-261c3fd99189/timeouts [39m[32m200[39m [90m2 ms - 14[39m
[35m[HTTP][39m [90m[39m
[35m[HTTP][39m [37m-->[39m [37mPOST[39m [37m/wd/hub/session/15a27d3f-50a5-453c-acae-261c3fd99189/touch/perform[39m
[35m[HTTP][39m [90m{"actions":[{"action":"tap","options":{"x":1,"y":1,"element":"00000000-0000-01db-ffff-ffff00003c02"}},{"action":"release","options":{}}]}[39m
[35m[UiAutomator2][39m calling get location: 00000000-0000-01db-ffff-ffff00003c02
[35m[HTTP][39m [37m<-- POST /wd/hub/session/15a27d3f-50a5-453c-acae-261c3fd99189/touch/perform [39m[32m200[39m [90m934 ms - 14[39m
[35m[HTTP][39m [90m[39m
[35m[HTTP][39m [37m-->[39m [37mGET[39m [37m/wd/hub/session/15a27d3f-50a5-453c-acae-261c3fd99189/context[39m
[35m[HTTP][39m [90m{}[39m
[35m[HTTP][39m [37m<-- GET /wd/hub/session/15a27d3f-50a5-453c-acae-261c3fd99189/context [39m[32m200[39m [90m2 ms - 22[39m
[35m[HTTP][39m [90m[39m
[35m[HTTP][39m [37m-->[39m [37mGET[39m [37m/wd/hub/session/15a27d3f-50a5-453c-acae-261c3fd99189/contexts[39m
[35m[HTTP][39m [90m{}[39m
[35m[HTTP][39m [37m<-- GET /wd/hub/session/15a27d3f-50a5-453c-acae-261c3fd99189/contexts [39m[32m200[39m [90m185 ms - 24[39m
[35m[HTTP][39m [90m[39m
[35m[HTTP][39m [37m-->[39m [37mPOST[39m [37m/wd/hub/session/15a27d3f-50a5-453c-acae-261c3fd99189/context[39m
[35m[HTTP][39m [90m{"name":"NATIVE_APP"}[39m
[35m[HTTP][39m [37m<-- POST /wd/hub/session/15a27d3f-50a5-453c-acae-261c3fd99189/context [39m[32m200[39m [90m2 ms - 14[39m
[35m[HTTP][39m [90m[39m
[35m[HTTP][39m [37m-->[39m [37mGET[39m [37m/wd/hub/session/15a27d3f-50a5-453c-acae-261c3fd99189/window/rect[39m
[35m[HTTP][39m [90m{}[39m
[35m[HTTP][39m [37m<-- GET /wd/hub/session/15a27d3f-50a5-453c-acae-261c3fd99189/window/rect [39m[32m200[39m [90m30 ms - 50[39m
[35m[HTTP][39m [90m[39m
[35m[HTTP][39m [37m-->[39m [37mPOST[39m [37m/wd/hub/session/15a27d3f-50a5-453c-acae-261c3fd99189/execute/sync[39m
[35m[HTTP][39m [90m{"script":"mobile: viewportScreenshot","args":[]}[39m
[35m[AndroidDriver][39m Executing native command 'mobile: viewportScreenshot'
[35m[HTTP][39m [37m<-- POST /wd/hub/session/15a27d3f-50a5-453c-acae-261c3fd99189/execute/sync [39m[32m200[39m [90m1344 ms - 142660[39m
[35m[HTTP][39m [90m[39m
[35m[HTTP][39m [37m-->[39m [37mPOST[39m [37m/wd/hub/session/15a27d3f-50a5-453c-acae-261c3fd99189/context[39m
[35m[HTTP][39m [90m{"name":"NATIVE_APP"}[39m
[35m[HTTP][39m [37m<-- POST /wd/hub/session/15a27d3f-50a5-453c-acae-261c3fd99189/context [39m[32m200[39m [90m1 ms - 14[39m
[35m[HTTP][39m [90m[39m
[35m[HTTP][39m [37m-->[39m [37mPOST[39m [37m/wd/hub/session/15a27d3f-50a5-453c-acae-261c3fd99189/timeouts[39m
[35m[HTTP][39m [90m{"implicit":50}[39m
[35m[HTTP][39m [37m<-- POST /wd/hub/session/15a27d3f-50a5-453c-acae-261c3fd99189/timeouts [39m[32m200[39m [90m2 ms - 14[39m
[35m[HTTP][39m [90m[39m
[35m[HTTP][39m [37m-->[39m [37mGET[39m [37m/wd/hub/session/15a27d3f-50a5-453c-acae-261c3fd99189/window/rect[39m
[35m[HTTP][39m [90m{}[39m
[35m[HTTP][39m [37m<-- GET /wd/hub/session/15a27d3f-50a5-453c-acae-261c3fd99189/window/rect [39m[32m200[39m [90m21 ms - 50[39m
[35m[HTTP][39m [90m[39m
[35m[HTTP][39m [37m-->[39m [37mPOST[39m [37m/wd/hub/session/15a27d3f-50a5-453c-acae-261c3fd99189/elements[39m
[35m[HTTP][39m [90m{"using":"xpath","value":"//*[@class = 'android.widget.Button' and (@text = 'Kembali' or . = 'Kembali') and @resource-id = 'com.vq.mbrochuregp.client.android:id/btn_renewal_asuransi_save_kembali']"}[39m
[35m[HTTP][39m [37m<-- POST /wd/hub/session/15a27d3f-50a5-453c-acae-261c3fd99189/elements [39m[32m200[39m [90m181 ms - 139[39m
[35m[HTTP][39m [90m[39m
[35m[HTTP][39m [37m-->[39m [37mGET[39m [37m/wd/hub/session/15a27d3f-50a5-453c-acae-261c3fd99189/element/00000000-0000-01dc-ffff-ffff00003c17/location[39m
[35m[HTTP][39m [90m{}[39m
[35m[W3C (15a27d3f)][39m Driver proxy active, passing request on via HTTP proxy
[35m[WD Proxy][39m Replacing sessionId dc69f19f-5e6f-463d-9274-fb93b0a72c37 with 15a27d3f-50a5-453c-acae-261c3fd99189
[35m[HTTP][39m [37m<-- GET /wd/hub/session/15a27d3f-50a5-453c-acae-261c3fd99189/element/00000000-0000-01dc-ffff-ffff00003c17/location [39m[32m200[39m [90m38 ms - 79[39m
[35m[HTTP][39m [90m[39m
[35m[HTTP][39m [37m-->[39m [37mPOST[39m [37m/wd/hub/session/15a27d3f-50a5-453c-acae-261c3fd99189/timeouts[39m
[35m[HTTP][39m [90m{"implicit":30000}[39m
[35m[HTTP][39m [37m<-- POST /wd/hub/session/15a27d3f-50a5-453c-acae-261c3fd99189/timeouts [39m[32m200[39m [90m5 ms - 14[39m
[35m[HTTP][39m [90m[39m
[35m[HTTP][39m [37m-->[39m [37mPOST[39m [37m/wd/hub/session/15a27d3f-50a5-453c-acae-261c3fd99189/touch/perform[39m
[35m[HTTP][39m [90m{"actions":[{"action":"tap","options":{"x":1,"y":1,"element":"00000000-0000-01dc-ffff-ffff00003c17"}},{"action":"release","options":{}}]}[39m
[35m[UiAutomator2][39m calling get location: 00000000-0000-01dc-ffff-ffff00003c17
[35m[HTTP][39m [37m<-- POST /wd/hub/session/15a27d3f-50a5-453c-acae-261c3fd99189/touch/perform [39m[32m200[39m [90m248 ms - 14[39m
[35m[HTTP][39m [90m[39m
[35m[HTTP][39m [37m-->[39m [37mGET[39m [37m/wd/hub/session/15a27d3f-50a5-453c-acae-261c3fd99189/context[39m
[35m[HTTP][39m [90m{}[39m
[35m[HTTP][39m [37m<-- GET /wd/hub/session/15a27d3f-50a5-453c-acae-261c3fd99189/context [39m[32m200[39m [90m3 ms - 22[39m
[35m[HTTP][39m [90m[39m
[35m[HTTP][39m [37m-->[39m [37mGET[39m [37m/wd/hub/session/15a27d3f-50a5-453c-acae-261c3fd99189/contexts[39m
[35m[HTTP][39m [90m{}[39m
[35m[HTTP][39m [37m<-- GET /wd/hub/session/15a27d3f-50a5-453c-acae-261c3fd99189/contexts [39m[32m200[39m [90m148 ms - 24[39m
[35m[HTTP][39m [90m[39m
[35m[HTTP][39m [37m-->[39m [37mPOST[39m [37m/wd/hub/session/15a27d3f-50a5-453c-acae-261c3fd99189/context[39m
[35m[HTTP][39m [90m{"name":"NATIVE_APP"}[39m
[35m[HTTP][39m [37m<-- POST /wd/hub/session/15a27d3f-50a5-453c-acae-261c3fd99189/context [39m[32m200[39m [90m2 ms - 14[39m
[35m[HTTP][39m [90m[39m
[35m[HTTP][39m [37m-->[39m [37mPOST[39m [37m/wd/hub/session/15a27d3f-50a5-453c-acae-261c3fd99189/appium/device/press_keycode[39m
[35m[HTTP][39m [90m{"keycode":4}[39m
[35m[HTTP][39m [37m<-- POST /wd/hub/session/15a27d3f-50a5-453c-acae-261c3fd99189/appium/device/press_keycode [39m[32m200[39m [90m1583 ms - 14[39m
[35m[HTTP][39m [90m[39m
[35m[HTTP][39m [37m-->[39m [37mPOST[39m [37m/wd/hub/session/15a27d3f-50a5-453c-acae-261c3fd99189/context[39m
[35m[HTTP][39m [90m{"name":"NATIVE_APP"}[39m
[35m[HTTP][39m [37m<-- POST /wd/hub/session/15a27d3f-50a5-453c-acae-261c3fd99189/context [39m[32m200[39m [90m2 ms - 14[39m
[35m[HTTP][39m [90m[39m
[35m[HTTP][39m [37m-->[39m [37mGET[39m [37m/wd/hub/session/15a27d3f-50a5-453c-acae-261c3fd99189/context[39m
[35m[HTTP][39m [90m{}[39m
[35m[HTTP][39m [37m<-- GET /wd/hub/session/15a27d3f-50a5-453c-acae-261c3fd99189/context [39m[32m200[39m [90m2 ms - 22[39m
[35m[HTTP][39m [90m[39m
[35m[HTTP][39m [37m-->[39m [37mGET[39m [37m/wd/hub/session/15a27d3f-50a5-453c-acae-261c3fd99189/contexts[39m
[35m[HTTP][39m [90m{}[39m
[35m[HTTP][39m [37m<-- GET /wd/hub/session/15a27d3f-50a5-453c-acae-261c3fd99189/contexts [39m[32m200[39m [90m110 ms - 24[39m
[35m[HTTP][39m [90m[39m
[35m[HTTP][39m [37m-->[39m [37mPOST[39m [37m/wd/hub/session/15a27d3f-50a5-453c-acae-261c3fd99189/context[39m
[35m[HTTP][39m [90m{"name":"NATIVE_APP"}[39m
[35m[HTTP][39m [37m<-- POST /wd/hub/session/15a27d3f-50a5-453c-acae-261c3fd99189/context [39m[32m200[39m [90m1 ms - 14[39m
[35m[HTTP][39m [90m[39m
[35m[HTTP][39m [37m-->[39m [37mPOST[39m [37m/wd/hub/session/15a27d3f-50a5-453c-acae-261c3fd99189/appium/device/press_keycode[39m
[35m[HTTP][39m [90m{"keycode":4}[39m
[35m[HTTP][39m [37m<-- POST /wd/hub/session/15a27d3f-50a5-453c-acae-261c3fd99189/appium/device/press_keycode [39m[32m200[39m [90m1675 ms - 14[39m
[35m[HTTP][39m [90m[39m
[35m[HTTP][39m [37m-->[39m [37mPOST[39m [37m/wd/hub/session/15a27d3f-50a5-453c-acae-261c3fd99189/context[39m
[35m[HTTP][39m [90m{"name":"NATIVE_APP"}[39m
[35m[HTTP][39m [37m<-- POST /wd/hub/session/15a27d3f-50a5-453c-acae-261c3fd99189/context [39m[32m200[39m [90m2 ms - 14[39m
[35m[HTTP][39m [90m[39m
[35m[HTTP][39m [37m-->[39m [37mGET[39m [37m/wd/hub/session/15a27d3f-50a5-453c-acae-261c3fd99189/window/rect[39m
[35m[HTTP][39m [90m{}[39m
[35m[HTTP][39m [37m<-- GET /wd/hub/session/15a27d3f-50a5-453c-acae-261c3fd99189/window/rect [39m[32m200[39m [90m19 ms - 50[39m
[35m[HTTP][39m [90m[39m
[35m[HTTP][39m [37m-->[39m [37mPOST[39m [37m/wd/hub/session/15a27d3f-50a5-453c-acae-261c3fd99189/elements[39m
[35m[HTTP][39m [90m{"using":"xpath","value":"//*[@resource-id = 'com.vq.mbrochuregp.client.android:id/iv_home_profil_icon' and @package = 'com.vq.mbrochuregp.client.android']"}[39m
[35m[HTTP][39m [37m<-- POST /wd/hub/session/15a27d3f-50a5-453c-acae-261c3fd99189/elements [39m[32m200[39m [90m576 ms - 139[39m
[35m[HTTP][39m [90m[39m
[35m[HTTP][39m [37m-->[39m [37mGET[39m [37m/wd/hub/session/15a27d3f-50a5-453c-acae-261c3fd99189/element/00000000-0000-01e1-ffff-ffff00003cbe/location[39m
[35m[HTTP][39m [90m{}[39m
[35m[W3C (15a27d3f)][39m Driver proxy active, passing request on via HTTP proxy
[35m[WD Proxy][39m Replacing sessionId dc69f19f-5e6f-463d-9274-fb93b0a72c37 with 15a27d3f-50a5-453c-acae-261c3fd99189
[35m[HTTP][39m [37m<-- GET /wd/hub/session/15a27d3f-50a5-453c-acae-261c3fd99189/element/00000000-0000-01e1-ffff-ffff00003cbe/location [39m[32m200[39m [90m366 ms - 79[39m
[35m[HTTP][39m [90m[39m
[35m[HTTP][39m [37m-->[39m [37mPOST[39m [37m/wd/hub/session/15a27d3f-50a5-453c-acae-261c3fd99189/element/00000000-0000-01e1-ffff-ffff00003cbe/click[39m
[35m[HTTP][39m [90m{"id":"00000000-0000-01e1-ffff-ffff00003cbe"}[39m
[35m[HTTP][39m [37m<-- POST /wd/hub/session/15a27d3f-50a5-453c-acae-261c3fd99189/element/00000000-0000-01e1-ffff-ffff00003cbe/click [39m[32m200[39m [90m90 ms - 14[39m
[35m[HTTP][39m [90m[39m
[35m[HTTP][39m [37m-->[39m [37mDELETE[39m [37m/wd/hub/session/15a27d3f-50a5-453c-acae-261c3fd99189[39m
[35m[HTTP][39m [90m{}[39m
[35m[Appium][39m Removing session 15a27d3f-50a5-453c-acae-261c3fd99189 from our master session list
[35m[UiAutomator2][39m Restoring hidden api policy to the device default configuration
[35m[HTTP][39m [37m<-- DELETE /wd/hub/session/15a27d3f-50a5-453c-acae-261c3fd99189 [39m[32m200[39m [90m587 ms - 14[39m
[35m[HTTP][39m [90m[39m
