[35m[Appium][39m Welcome to Appium v1.22.2
[35m[Appium][39m Non-default server args:
[35m[Appium][39m   port: 55596
[35m[Appium][39m   loglevel: info
[35m[Appium][39m   tmpDir: C:\Users\NIAYUS~1\AppData\Local\Temp\\Katalon\Appium\Temp1655348190954
[35m[Appium][39m   chromedriverPort: 55597
[35m[Appium][39m Deprecated server args:
[35m[Appium][39m   [31m--chromedriver-port[39m => --default-capabilities
[35m[Appium][39m Default capabilities, which will be added to each request unless overridden by desired capabilities:
[35m[Appium][39m   chromedriverPort: 55597
[35m[Appium][39m Appium REST http interface listener started on 0.0.0.0:55596
[35m[HTTP][39m [37m-->[39m [37mGET[39m [37m/wd/hub/status[39m
[35m[HTTP][39m [90m{}[39m
[35m[HTTP][39m [37m<-- GET /wd/hub/status [39m[32m200[39m [90m16 ms - 68[39m
[35m[HTTP][39m [90m[39m
[35m[HTTP][39m [37m-->[39m [37mPOST[39m [37m/wd/hub/session[39m
[35m[HTTP][39m [90m{"desiredCapabilities":{"appActivity":".Settings","appPackage":"com.android.settings","newCommandTimeout":1800,"platformVersion":"11","automationName":"uiautomator2","autoGrantPermissions":true,"platformName":"Android","udid":"RR8N605F11Y","deviceName":"samsung SM-M315F (Android 11)","platform":"ANDROID","systemPort":8252},"capabilities":{"firstMatch":[{"appium:appActivity":".Settings","appium:appPackage":"com.android.settings","appium:autoGrantPermissions":true,"appium:automationName":"uiautomator2","appium:deviceName":"samsung SM-M315F (Android 11)","appium:newCommandTimeout":1800,"platform":"ANDROID","platformName":"android","appium:platformVersion":"11","appium:systemPort":8252,"appium:udid":"RR8N605F11Y"}]}}[39m
[35m[BaseDriver][39m The following capabilities are not standard capabilities and should have an extension prefix:
[35m[BaseDriver][39m   platform
[35m[BaseDriver][39m   chromedriverPort
[35m[Appium][39m Appium v1.22.2 creating new AndroidUiautomator2Driver (v1.70.1) session
[35m[BaseDriver][39m The following capabilities were provided, but are not recognized by Appium:
[35m[BaseDriver][39m   platform
[35m[BaseDriver][39m Session created with session id: 555f1d96-f1a0-4439-83de-f47d85654aed
[35m[UiAutomator2][39m Starting 'com.android.settings' directly on the device
[35m[ADB][39m Cannot sort build-tools folders ["29.0.3","android-8.1.0"] by semantic version names.
[35m[ADB][39m Falling back to sorting by modification date. Original error: Invalid Version: android-8.1.0
[35m[ADB][39m Found 2 'build-tools' folders under 'C:\Users\Nia Yusniati\.katalon\tools\android_sdk' (newest first):
[35m[ADB][39m     C:/Users/Nia Yusniati/.katalon/tools/android_sdk/build-tools/29.0.3
[35m[ADB][39m     C:/Users/Nia Yusniati/.katalon/tools/android_sdk/build-tools/android-8.1.0
[35m[ADB][39m Using 'adb.exe' from 'C:\Users\Nia Yusniati\.katalon\tools\android_sdk\platform-tools\adb.exe'
[35m[AndroidDriver][39m Retrieving device list
[35m[AndroidDriver][39m Using device: RR8N605F11Y
[35m[ADB][39m Using 'adb.exe' from 'C:\Users\Nia Yusniati\.katalon\tools\android_sdk\platform-tools\adb.exe'
[35m[ADB][39m Getting device platform version
[35m[UiAutomator2][39m Relaxing hidden api policy
[35m[AndroidDriver][39m No app sent in, not parsing package/activity
[35m[ADB][39m Using 'apksigner.jar' from 'C:\Users\Nia Yusniati\.katalon\tools\android_sdk\build-tools\29.0.3\lib\apksigner.jar'
[35m[ADB][39m 'C:\Users\Nia Yusniati\AppData\Roaming\npm\node_modules\appium\node_modules\appium-uiautomator2-server\apks\appium-uiautomator2-server-v4.27.0.apk' is signed with the default certificate
[35m[ADB][39m 'C:\Users\Nia Yusniati\AppData\Roaming\npm\node_modules\appium\node_modules\appium-uiautomator2-server\apks\appium-uiautomator2-server-debug-androidTest.apk' is signed with the default certificate
[35m[UiAutomator2][39m Server packages are not going to be (re)installed
[35m[ADB][39m Adding packages ["io.appium.settings","io.appium.uiautomator2.server","io.appium.uiautomator2.server.test"] to Doze whitelist
[35m[UiAutomator2][39m Starting UIAutomator2 server 4.27.0
[35m[UiAutomator2][39m Using UIAutomator2 server from 'C:\Users\Nia Yusniati\AppData\Roaming\npm\node_modules\appium\node_modules\appium-uiautomator2-server\apks\appium-uiautomator2-server-v4.27.0.apk' and test from 'C:\Users\Nia Yusniati\AppData\Roaming\npm\node_modules\appium\node_modules\appium-uiautomator2-server\apks\appium-uiautomator2-server-debug-androidTest.apk'
[35m[UiAutomator2][39m Waiting up to 30000ms for UiAutomator2 to be online...
[35m[WD Proxy][39m socket hang up
[35m[WD Proxy][39m socket hang up
[35m[WD Proxy][39m socket hang up
[35m[WD Proxy][39m Determined the downstream protocol as 'W3C'
[35m[AndroidDriver][39m Screen already unlocked, doing nothing
[35m[UiAutomator2][39m Starting 'com.android.settings/.Settings and waiting for 'com.android.settings/.Settings'
[35m[Appium][39m New AndroidUiautomator2Driver session created successfully, session 555f1d96-f1a0-4439-83de-f47d85654aed added to master session list
[35m[HTTP][39m [37m<-- POST /wd/hub/session [39m[32m200[39m [90m10360 ms - 1158[39m
[35m[HTTP][39m [90m[39m
[35m[HTTP][39m [37m-->[39m [37mGET[39m [37m/wd/hub/session/555f1d96-f1a0-4439-83de-f47d85654aed[39m
[35m[HTTP][39m [90m{}[39m
[35m[HTTP][39m [37m<-- GET /wd/hub/session/555f1d96-f1a0-4439-83de-f47d85654aed [39m[32m200[39m [90m12 ms - 1112[39m
[35m[HTTP][39m [90m[39m
[35m[HTTP][39m [37m-->[39m [37mGET[39m [37m/wd/hub/session/555f1d96-f1a0-4439-83de-f47d85654aed[39m
[35m[HTTP][39m [90m{}[39m
[35m[HTTP][39m [37m<-- GET /wd/hub/session/555f1d96-f1a0-4439-83de-f47d85654aed [39m[32m200[39m [90m10 ms - 1112[39m
[35m[HTTP][39m [90m[39m
[35m[HTTP][39m [37m-->[39m [37mGET[39m [37m/wd/hub/status[39m
[35m[HTTP][39m [90m{}[39m
[35m[HTTP][39m [37m<-- GET /wd/hub/status [39m[32m200[39m [90m1 ms - 68[39m
[35m[HTTP][39m [90m[39m
[35m[HTTP][39m [37m-->[39m [37mPOST[39m [37m/wd/hub/session/555f1d96-f1a0-4439-83de-f47d85654aed/timeouts[39m
[35m[HTTP][39m [90m{"implicit":30000}[39m
[35m[HTTP][39m [37m<-- POST /wd/hub/session/555f1d96-f1a0-4439-83de-f47d85654aed/timeouts [39m[32m200[39m [90m3 ms - 14[39m
[35m[HTTP][39m [90m[39m
[35m[HTTP][39m [37m-->[39m [37mGET[39m [37m/wd/hub/session/555f1d96-f1a0-4439-83de-f47d85654aed/screenshot[39m
[35m[HTTP][39m [90m{}[39m
[35m[HTTP][39m [37m<-- GET /wd/hub/session/555f1d96-f1a0-4439-83de-f47d85654aed/screenshot [39m[32m200[39m [90m528 ms - 223232[39m
[35m[HTTP][39m [90m[39m
[35m[HTTP][39m [37m-->[39m [37mGET[39m [37m/wd/hub/session/555f1d96-f1a0-4439-83de-f47d85654aed/window/rect[39m
[35m[HTTP][39m [90m{}[39m
[35m[HTTP][39m [37m<-- GET /wd/hub/session/555f1d96-f1a0-4439-83de-f47d85654aed/window/rect [39m[32m200[39m [90m22 ms - 50[39m
[35m[HTTP][39m [90m[39m
[35m[HTTP][39m [37m-->[39m [37mGET[39m [37m/wd/hub/session/555f1d96-f1a0-4439-83de-f47d85654aed/appium/device/system_bars[39m
[35m[HTTP][39m [90m{}[39m
[35m[HTTP][39m [37m<-- GET /wd/hub/session/555f1d96-f1a0-4439-83de-f47d85654aed/appium/device/system_bars [39m[32m200[39m [90m110 ms - 148[39m
[35m[HTTP][39m [90m[39m
[35m[HTTP][39m [37m-->[39m [37mPOST[39m [37m/wd/hub/session/555f1d96-f1a0-4439-83de-f47d85654aed/appium/device/activate_app[39m
[35m[HTTP][39m [90m{"bundleId":"com.vq.mbrochuregp.client.android"}[39m
[35m[HTTP][39m [37m<-- POST /wd/hub/session/555f1d96-f1a0-4439-83de-f47d85654aed/appium/device/activate_app [39m[32m200[39m [90m558 ms - 14[39m
[35m[HTTP][39m [90m[39m
[35m[HTTP][39m [37m-->[39m [37mGET[39m [37m/wd/hub/session/555f1d96-f1a0-4439-83de-f47d85654aed/window/rect[39m
[35m[HTTP][39m [90m{}[39m
[35m[HTTP][39m [37m<-- GET /wd/hub/session/555f1d96-f1a0-4439-83de-f47d85654aed/window/rect [39m[32m200[39m [90m13 ms - 50[39m
[35m[HTTP][39m [90m[39m
[35m[HTTP][39m [37m-->[39m [37mPOST[39m [37m/wd/hub/session/555f1d96-f1a0-4439-83de-f47d85654aed/elements[39m
[35m[HTTP][39m [90m{"using":"xpath","value":"//*[@resource-id = 'com.vq.mbrochuregp.client.android:id/iv_home_profil_icon' and @package = 'com.vq.mbrochuregp.client.android']"}[39m
[35m[HTTP][39m [37m<-- POST /wd/hub/session/555f1d96-f1a0-4439-83de-f47d85654aed/elements [39m[32m200[39m [90m2530 ms - 139[39m
[35m[HTTP][39m [90m[39m
[35m[HTTP][39m [37m-->[39m [37mGET[39m [37m/wd/hub/session/555f1d96-f1a0-4439-83de-f47d85654aed/element/00000000-0000-07d3-ffff-ffff000044a7/location[39m
[35m[HTTP][39m [90m{}[39m
[35m[W3C (555f1d96)][39m Driver proxy active, passing request on via HTTP proxy
[35m[WD Proxy][39m Replacing sessionId 87034a39-77ef-46fe-984d-0f7991b73bca with 555f1d96-f1a0-4439-83de-f47d85654aed
[35m[HTTP][39m [37m<-- GET /wd/hub/session/555f1d96-f1a0-4439-83de-f47d85654aed/element/00000000-0000-07d3-ffff-ffff000044a7/location [39m[32m200[39m [90m52 ms - 79[39m
[35m[HTTP][39m [90m[39m
[35m[HTTP][39m [37m-->[39m [37mPOST[39m [37m/wd/hub/session/555f1d96-f1a0-4439-83de-f47d85654aed/element/00000000-0000-07d3-ffff-ffff000044a7/click[39m
[35m[HTTP][39m [90m{"id":"00000000-0000-07d3-ffff-ffff000044a7"}[39m
[35m[HTTP][39m [37m<-- POST /wd/hub/session/555f1d96-f1a0-4439-83de-f47d85654aed/element/00000000-0000-07d3-ffff-ffff000044a7/click [39m[32m200[39m [90m77 ms - 14[39m
[35m[HTTP][39m [90m[39m
[35m[HTTP][39m [37m-->[39m [37mPOST[39m [37m/wd/hub/session/555f1d96-f1a0-4439-83de-f47d85654aed/timeouts[39m
[35m[HTTP][39m [90m{"implicit":50}[39m
[35m[HTTP][39m [37m<-- POST /wd/hub/session/555f1d96-f1a0-4439-83de-f47d85654aed/timeouts [39m[32m200[39m [90m2 ms - 14[39m
[35m[HTTP][39m [90m[39m
[35m[HTTP][39m [37m-->[39m [37mGET[39m [37m/wd/hub/session/555f1d96-f1a0-4439-83de-f47d85654aed/window/rect[39m
[35m[HTTP][39m [90m{}[39m
[35m[HTTP][39m [37m<-- GET /wd/hub/session/555f1d96-f1a0-4439-83de-f47d85654aed/window/rect [39m[32m200[39m [90m20 ms - 50[39m
[35m[HTTP][39m [90m[39m
[35m[HTTP][39m [37m-->[39m [37mPOST[39m [37m/wd/hub/session/555f1d96-f1a0-4439-83de-f47d85654aed/elements[39m
[35m[HTTP][39m [90m{"using":"xpath","value":"//hierarchy/android.widget.FrameLayout[1]/android.widget.LinearLayout[1]/android.widget.FrameLayout[1]/android.widget.LinearLayout[1]/android.widget.FrameLayout[1]/android.view.ViewGroup[1]/android.widget.ScrollView[1]/android.widget.LinearLayout[1]/android.view.ViewGroup[1]/android.widget.LinearLayout[1]/android.widget.FrameLayout[1]/android.widget.EditText[1]"}[39m
[35m[HTTP][39m [37m<-- POST /wd/hub/session/555f1d96-f1a0-4439-83de-f47d85654aed/elements [39m[32m200[39m [90m204 ms - 139[39m
[35m[HTTP][39m [90m[39m
[35m[HTTP][39m [37m-->[39m [37mGET[39m [37m/wd/hub/session/555f1d96-f1a0-4439-83de-f47d85654aed/element/00000000-0000-07f5-ffff-ffff00004526/location[39m
[35m[HTTP][39m [90m{}[39m
[35m[W3C (555f1d96)][39m Driver proxy active, passing request on via HTTP proxy
[35m[WD Proxy][39m Replacing sessionId 87034a39-77ef-46fe-984d-0f7991b73bca with 555f1d96-f1a0-4439-83de-f47d85654aed
[35m[HTTP][39m [37m<-- GET /wd/hub/session/555f1d96-f1a0-4439-83de-f47d85654aed/element/00000000-0000-07f5-ffff-ffff00004526/location [39m[32m200[39m [90m35 ms - 77[39m
[35m[HTTP][39m [90m[39m
[35m[HTTP][39m [37m-->[39m [37mPOST[39m [37m/wd/hub/session/555f1d96-f1a0-4439-83de-f47d85654aed/timeouts[39m
[35m[HTTP][39m [90m{"implicit":30000}[39m
[35m[HTTP][39m [37m<-- POST /wd/hub/session/555f1d96-f1a0-4439-83de-f47d85654aed/timeouts [39m[32m200[39m [90m3 ms - 14[39m
[35m[HTTP][39m [90m[39m
[35m[HTTP][39m [37m-->[39m [37mPOST[39m [37m/wd/hub/session/555f1d96-f1a0-4439-83de-f47d85654aed/element/00000000-0000-07f5-ffff-ffff00004526/clear[39m
[35m[HTTP][39m [90m{"id":"00000000-0000-07f5-ffff-ffff00004526"}[39m
[35m[HTTP][39m [37m<-- POST /wd/hub/session/555f1d96-f1a0-4439-83de-f47d85654aed/element/00000000-0000-07f5-ffff-ffff00004526/clear [39m[32m200[39m [90m80 ms - 14[39m
[35m[HTTP][39m [90m[39m
[35m[HTTP][39m [37m-->[39m [37mPOST[39m [37m/wd/hub/session/555f1d96-f1a0-4439-83de-f47d85654aed/element/00000000-0000-07f5-ffff-ffff00004526/value[39m
[35m[HTTP][39m [90m{"id":"00000000-0000-07f5-ffff-ffff00004526","text":"todoroki@mailinator.com","value":["t","o","d","o","r","o","k","i","@","m","a","i","l","i","n","a","t","o","r",".","c","o","m"]}[39m
[35m[HTTP][39m [37m<-- POST /wd/hub/session/555f1d96-f1a0-4439-83de-f47d85654aed/element/00000000-0000-07f5-ffff-ffff00004526/value [39m[32m200[39m [90m1008 ms - 14[39m
[35m[HTTP][39m [90m[39m
[35m[HTTP][39m [37m-->[39m [37mPOST[39m [37m/wd/hub/session/555f1d96-f1a0-4439-83de-f47d85654aed/timeouts[39m
[35m[HTTP][39m [90m{"implicit":50}[39m
[35m[HTTP][39m [37m<-- POST /wd/hub/session/555f1d96-f1a0-4439-83de-f47d85654aed/timeouts [39m[32m200[39m [90m2 ms - 14[39m
[35m[HTTP][39m [90m[39m
[35m[HTTP][39m [37m-->[39m [37mGET[39m [37m/wd/hub/session/555f1d96-f1a0-4439-83de-f47d85654aed/window/rect[39m
[35m[HTTP][39m [90m{}[39m
[35m[HTTP][39m [37m<-- GET /wd/hub/session/555f1d96-f1a0-4439-83de-f47d85654aed/window/rect [39m[32m200[39m [90m29 ms - 50[39m
[35m[HTTP][39m [90m[39m
[35m[HTTP][39m [37m-->[39m [37mPOST[39m [37m/wd/hub/session/555f1d96-f1a0-4439-83de-f47d85654aed/elements[39m
[35m[HTTP][39m [90m{"using":"xpath","value":"//hierarchy/android.widget.FrameLayout[1]/android.widget.LinearLayout[1]/android.widget.FrameLayout[1]/android.widget.LinearLayout[1]/android.widget.FrameLayout[1]/android.view.ViewGroup[1]/android.widget.ScrollView[1]/android.widget.LinearLayout[1]/android.view.ViewGroup[1]/android.widget.LinearLayout[2]/android.widget.FrameLayout[1]/android.widget.EditText[1]"}[39m
[35m[HTTP][39m [37m<-- POST /wd/hub/session/555f1d96-f1a0-4439-83de-f47d85654aed/elements [39m[32m200[39m [90m384 ms - 139[39m
[35m[HTTP][39m [90m[39m
[35m[HTTP][39m [37m-->[39m [37mGET[39m [37m/wd/hub/session/555f1d96-f1a0-4439-83de-f47d85654aed/element/00000000-0000-07f5-ffff-ffff0000452a/location[39m
[35m[HTTP][39m [90m{}[39m
[35m[W3C (555f1d96)][39m Driver proxy active, passing request on via HTTP proxy
[35m[WD Proxy][39m Replacing sessionId 87034a39-77ef-46fe-984d-0f7991b73bca with 555f1d96-f1a0-4439-83de-f47d85654aed
[35m[HTTP][39m [37m<-- GET /wd/hub/session/555f1d96-f1a0-4439-83de-f47d85654aed/element/00000000-0000-07f5-ffff-ffff0000452a/location [39m[32m200[39m [90m39 ms - 78[39m
[35m[HTTP][39m [90m[39m
[35m[HTTP][39m [37m-->[39m [37mPOST[39m [37m/wd/hub/session/555f1d96-f1a0-4439-83de-f47d85654aed/timeouts[39m
[35m[HTTP][39m [90m{"implicit":30000}[39m
[35m[HTTP][39m [37m<-- POST /wd/hub/session/555f1d96-f1a0-4439-83de-f47d85654aed/timeouts [39m[32m200[39m [90m2 ms - 14[39m
[35m[HTTP][39m [90m[39m
[35m[HTTP][39m [37m-->[39m [37mPOST[39m [37m/wd/hub/session/555f1d96-f1a0-4439-83de-f47d85654aed/element/00000000-0000-07f5-ffff-ffff0000452a/clear[39m
[35m[HTTP][39m [90m{"id":"00000000-0000-07f5-ffff-ffff0000452a"}[39m
[35m[HTTP][39m [37m<-- POST /wd/hub/session/555f1d96-f1a0-4439-83de-f47d85654aed/element/00000000-0000-07f5-ffff-ffff0000452a/clear [39m[32m200[39m [90m34 ms - 14[39m
[35m[HTTP][39m [90m[39m
[35m[HTTP][39m [37m-->[39m [37mPOST[39m [37m/wd/hub/session/555f1d96-f1a0-4439-83de-f47d85654aed/element/00000000-0000-07f5-ffff-ffff0000452a/value[39m
[35m[HTTP][39m [90m{"id":"00000000-0000-07f5-ffff-ffff0000452a","text":"123abc","value":["1","2","3","a","b","c"]}[39m
[35m[HTTP][39m [37m<-- POST /wd/hub/session/555f1d96-f1a0-4439-83de-f47d85654aed/element/00000000-0000-07f5-ffff-ffff0000452a/value [39m[32m200[39m [90m1010 ms - 14[39m
[35m[HTTP][39m [90m[39m
[35m[HTTP][39m [37m-->[39m [37mGET[39m [37m/wd/hub/session/555f1d96-f1a0-4439-83de-f47d85654aed/context[39m
[35m[HTTP][39m [90m{}[39m
[35m[HTTP][39m [37m<-- GET /wd/hub/session/555f1d96-f1a0-4439-83de-f47d85654aed/context [39m[32m200[39m [90m2 ms - 22[39m
[35m[HTTP][39m [90m[39m
[35m[HTTP][39m [37m-->[39m [37mGET[39m [37m/wd/hub/session/555f1d96-f1a0-4439-83de-f47d85654aed/contexts[39m
[35m[HTTP][39m [90m{}[39m
[35m[HTTP][39m [37m<-- GET /wd/hub/session/555f1d96-f1a0-4439-83de-f47d85654aed/contexts [39m[32m200[39m [90m113 ms - 24[39m
[35m[HTTP][39m [90m[39m
[35m[HTTP][39m [37m-->[39m [37mPOST[39m [37m/wd/hub/session/555f1d96-f1a0-4439-83de-f47d85654aed/context[39m
[35m[HTTP][39m [90m{"name":"NATIVE_APP"}[39m
[35m[HTTP][39m [37m<-- POST /wd/hub/session/555f1d96-f1a0-4439-83de-f47d85654aed/context [39m[32m200[39m [90m2 ms - 14[39m
[35m[HTTP][39m [90m[39m
[35m[HTTP][39m [37m-->[39m [37mGET[39m [37m/wd/hub/session/555f1d96-f1a0-4439-83de-f47d85654aed/window/rect[39m
[35m[HTTP][39m [90m{}[39m
[35m[HTTP][39m [37m<-- GET /wd/hub/session/555f1d96-f1a0-4439-83de-f47d85654aed/window/rect [39m[32m200[39m [90m27 ms - 50[39m
[35m[HTTP][39m [90m[39m
[35m[HTTP][39m [37m-->[39m [37mPOST[39m [37m/wd/hub/session/555f1d96-f1a0-4439-83de-f47d85654aed/execute/sync[39m
[35m[HTTP][39m [90m{"script":"mobile: viewportScreenshot","args":[]}[39m
[35m[AndroidDriver][39m Executing native command 'mobile: viewportScreenshot'
[35m[HTTP][39m [37m<-- POST /wd/hub/session/555f1d96-f1a0-4439-83de-f47d85654aed/execute/sync [39m[32m200[39m [90m1420 ms - 156736[39m
[35m[HTTP][39m [90m[39m
[35m[HTTP][39m [37m-->[39m [37mPOST[39m [37m/wd/hub/session/555f1d96-f1a0-4439-83de-f47d85654aed/context[39m
[35m[HTTP][39m [90m{"name":"NATIVE_APP"}[39m
[35m[HTTP][39m [37m<-- POST /wd/hub/session/555f1d96-f1a0-4439-83de-f47d85654aed/context [39m[32m200[39m [90m2 ms - 14[39m
[35m[HTTP][39m [90m[39m
[35m[HTTP][39m [37m-->[39m [37mPOST[39m [37m/wd/hub/session/555f1d96-f1a0-4439-83de-f47d85654aed/timeouts[39m
[35m[HTTP][39m [90m{"implicit":50}[39m
[35m[HTTP][39m [37m<-- POST /wd/hub/session/555f1d96-f1a0-4439-83de-f47d85654aed/timeouts [39m[32m200[39m [90m1 ms - 14[39m
[35m[HTTP][39m [90m[39m
[35m[HTTP][39m [37m-->[39m [37mGET[39m [37m/wd/hub/session/555f1d96-f1a0-4439-83de-f47d85654aed/window/rect[39m
[35m[HTTP][39m [90m{}[39m
[35m[HTTP][39m [37m<-- GET /wd/hub/session/555f1d96-f1a0-4439-83de-f47d85654aed/window/rect [39m[32m200[39m [90m30 ms - 50[39m
[35m[HTTP][39m [90m[39m
[35m[HTTP][39m [37m-->[39m [37mPOST[39m [37m/wd/hub/session/555f1d96-f1a0-4439-83de-f47d85654aed/elements[39m
[35m[HTTP][39m [90m{"using":"xpath","value":"//hierarchy/android.widget.FrameLayout[1]/android.widget.LinearLayout[1]/android.widget.FrameLayout[1]/android.widget.LinearLayout[1]/android.widget.FrameLayout[1]/android.view.ViewGroup[1]/android.widget.ScrollView[1]/android.widget.LinearLayout[1]/android.view.ViewGroup[1]/android.widget.Button[1]"}[39m
[35m[HTTP][39m [37m<-- POST /wd/hub/session/555f1d96-f1a0-4439-83de-f47d85654aed/elements [39m[32m200[39m [90m190 ms - 139[39m
[35m[HTTP][39m [90m[39m
[35m[HTTP][39m [37m-->[39m [37mGET[39m [37m/wd/hub/session/555f1d96-f1a0-4439-83de-f47d85654aed/element/00000000-0000-07f5-ffff-ffff0000452d/location[39m
[35m[HTTP][39m [90m{}[39m
[35m[W3C (555f1d96)][39m Driver proxy active, passing request on via HTTP proxy
[35m[WD Proxy][39m Replacing sessionId 87034a39-77ef-46fe-984d-0f7991b73bca with 555f1d96-f1a0-4439-83de-f47d85654aed
[35m[HTTP][39m [37m<-- GET /wd/hub/session/555f1d96-f1a0-4439-83de-f47d85654aed/element/00000000-0000-07f5-ffff-ffff0000452d/location [39m[32m200[39m [90m38 ms - 78[39m
[35m[HTTP][39m [90m[39m
[35m[HTTP][39m [37m-->[39m [37mPOST[39m [37m/wd/hub/session/555f1d96-f1a0-4439-83de-f47d85654aed/timeouts[39m
[35m[HTTP][39m [90m{"implicit":30000}[39m
[35m[HTTP][39m [37m<-- POST /wd/hub/session/555f1d96-f1a0-4439-83de-f47d85654aed/timeouts [39m[32m200[39m [90m2 ms - 14[39m
[35m[HTTP][39m [90m[39m
[35m[HTTP][39m [37m-->[39m [37mPOST[39m [37m/wd/hub/session/555f1d96-f1a0-4439-83de-f47d85654aed/touch/perform[39m
[35m[HTTP][39m [90m{"actions":[{"action":"tap","options":{"x":1,"y":1,"element":"00000000-0000-07f5-ffff-ffff0000452d"}},{"action":"release","options":{}}]}[39m
[35m[UiAutomator2][39m calling get location: 00000000-0000-07f5-ffff-ffff0000452d
[35m[HTTP][39m [37m<-- POST /wd/hub/session/555f1d96-f1a0-4439-83de-f47d85654aed/touch/perform [39m[32m200[39m [90m227 ms - 14[39m
[35m[HTTP][39m [90m[39m
[35m[HTTP][39m [37m-->[39m [37mGET[39m [37m/wd/hub/session/555f1d96-f1a0-4439-83de-f47d85654aed/context[39m
[35m[HTTP][39m [90m{}[39m
[35m[HTTP][39m [37m<-- GET /wd/hub/session/555f1d96-f1a0-4439-83de-f47d85654aed/context [39m[32m200[39m [90m1 ms - 22[39m
[35m[HTTP][39m [90m[39m
[35m[HTTP][39m [37m-->[39m [37mGET[39m [37m/wd/hub/session/555f1d96-f1a0-4439-83de-f47d85654aed/contexts[39m
[35m[HTTP][39m [90m{}[39m
[35m[HTTP][39m [37m<-- GET /wd/hub/session/555f1d96-f1a0-4439-83de-f47d85654aed/contexts [39m[32m200[39m [90m88 ms - 24[39m
[35m[HTTP][39m [90m[39m
[35m[HTTP][39m [37m-->[39m [37mPOST[39m [37m/wd/hub/session/555f1d96-f1a0-4439-83de-f47d85654aed/context[39m
[35m[HTTP][39m [90m{"name":"NATIVE_APP"}[39m
[35m[HTTP][39m [37m<-- POST /wd/hub/session/555f1d96-f1a0-4439-83de-f47d85654aed/context [39m[32m200[39m [90m1 ms - 14[39m
[35m[HTTP][39m [90m[39m
[35m[HTTP][39m [37m-->[39m [37mPOST[39m [37m/wd/hub/session/555f1d96-f1a0-4439-83de-f47d85654aed/element[39m
[35m[HTTP][39m [90m{"using":"-android uiautomator","value":"new UiScrollable(new UiSelector().scrollable(true).instance(0)).scrollIntoView(new UiSelector().textContains(\"Suku Bunga\"))"}[39m
[35m[HTTP][39m [37m<-- POST /wd/hub/session/555f1d96-f1a0-4439-83de-f47d85654aed/element [39m[32m200[39m [90m7405 ms - 137[39m
[35m[HTTP][39m [90m[39m
[35m[HTTP][39m [37m-->[39m [37mPOST[39m [37m/wd/hub/session/555f1d96-f1a0-4439-83de-f47d85654aed/context[39m
[35m[HTTP][39m [90m{"name":"NATIVE_APP"}[39m
[35m[HTTP][39m [37m<-- POST /wd/hub/session/555f1d96-f1a0-4439-83de-f47d85654aed/context [39m[32m200[39m [90m2 ms - 14[39m
[35m[HTTP][39m [90m[39m
[35m[HTTP][39m [37m-->[39m [37mGET[39m [37m/wd/hub/session/555f1d96-f1a0-4439-83de-f47d85654aed/window/rect[39m
[35m[HTTP][39m [90m{}[39m
[35m[HTTP][39m [37m<-- GET /wd/hub/session/555f1d96-f1a0-4439-83de-f47d85654aed/window/rect [39m[32m200[39m [90m18 ms - 50[39m
[35m[HTTP][39m [90m[39m
[35m[HTTP][39m [37m-->[39m [37mPOST[39m [37m/wd/hub/session/555f1d96-f1a0-4439-83de-f47d85654aed/elements[39m
[35m[HTTP][39m [90m{"using":"xpath","value":"//*[@resource-id = 'com.vq.mbrochuregp.client.android:id/iv_home_profil_icon' and @package = 'com.vq.mbrochuregp.client.android']"}[39m
[35m[HTTP][39m [37m<-- POST /wd/hub/session/555f1d96-f1a0-4439-83de-f47d85654aed/elements [39m[32m200[39m [90m1542 ms - 139[39m
[35m[HTTP][39m [90m[39m
[35m[HTTP][39m [37m-->[39m [37mGET[39m [37m/wd/hub/session/555f1d96-f1a0-4439-83de-f47d85654aed/element/00000000-0000-07f7-ffff-ffff0000458c/location[39m
[35m[HTTP][39m [90m{}[39m
[35m[W3C (555f1d96)][39m Driver proxy active, passing request on via HTTP proxy
[35m[WD Proxy][39m Replacing sessionId 87034a39-77ef-46fe-984d-0f7991b73bca with 555f1d96-f1a0-4439-83de-f47d85654aed
[35m[HTTP][39m [37m<-- GET /wd/hub/session/555f1d96-f1a0-4439-83de-f47d85654aed/element/00000000-0000-07f7-ffff-ffff0000458c/location [39m[32m200[39m [90m28 ms - 79[39m
[35m[HTTP][39m [90m[39m
[35m[HTTP][39m [37m-->[39m [37mPOST[39m [37m/wd/hub/session/555f1d96-f1a0-4439-83de-f47d85654aed/element/00000000-0000-07f7-ffff-ffff0000458c/click[39m
[35m[HTTP][39m [90m{"id":"00000000-0000-07f7-ffff-ffff0000458c"}[39m
[35m[HTTP][39m [37m<-- POST /wd/hub/session/555f1d96-f1a0-4439-83de-f47d85654aed/element/00000000-0000-07f7-ffff-ffff0000458c/click [39m[32m200[39m [90m66 ms - 14[39m
[35m[HTTP][39m [90m[39m
[35m[HTTP][39m [37m-->[39m [37mGET[39m [37m/wd/hub/session/555f1d96-f1a0-4439-83de-f47d85654aed/context[39m
[35m[HTTP][39m [90m{}[39m
[35m[HTTP][39m [37m<-- GET /wd/hub/session/555f1d96-f1a0-4439-83de-f47d85654aed/context [39m[32m200[39m [90m3 ms - 22[39m
[35m[HTTP][39m [90m[39m
[35m[HTTP][39m [37m-->[39m [37mGET[39m [37m/wd/hub/session/555f1d96-f1a0-4439-83de-f47d85654aed/contexts[39m
[35m[HTTP][39m [90m{}[39m
[35m[HTTP][39m [37m<-- GET /wd/hub/session/555f1d96-f1a0-4439-83de-f47d85654aed/contexts [39m[32m200[39m [90m130 ms - 24[39m
[35m[HTTP][39m [90m[39m
[35m[HTTP][39m [37m-->[39m [37mPOST[39m [37m/wd/hub/session/555f1d96-f1a0-4439-83de-f47d85654aed/context[39m
[35m[HTTP][39m [90m{"name":"NATIVE_APP"}[39m
[35m[HTTP][39m [37m<-- POST /wd/hub/session/555f1d96-f1a0-4439-83de-f47d85654aed/context [39m[32m200[39m [90m2 ms - 14[39m
[35m[HTTP][39m [90m[39m
[35m[HTTP][39m [37m-->[39m [37mGET[39m [37m/wd/hub/session/555f1d96-f1a0-4439-83de-f47d85654aed/window/rect[39m
[35m[HTTP][39m [90m{}[39m
[35m[HTTP][39m [37m<-- GET /wd/hub/session/555f1d96-f1a0-4439-83de-f47d85654aed/window/rect [39m[32m200[39m [90m34 ms - 50[39m
[35m[HTTP][39m [90m[39m
[35m[HTTP][39m [37m-->[39m [37mPOST[39m [37m/wd/hub/session/555f1d96-f1a0-4439-83de-f47d85654aed/execute/sync[39m
[35m[HTTP][39m [90m{"script":"mobile: viewportScreenshot","args":[]}[39m
[35m[AndroidDriver][39m Executing native command 'mobile: viewportScreenshot'
[35m[HTTP][39m [37m<-- POST /wd/hub/session/555f1d96-f1a0-4439-83de-f47d85654aed/execute/sync [39m[32m200[39m [90m1286 ms - 266804[39m
[35m[HTTP][39m [90m[39m
[35m[HTTP][39m [37m-->[39m [37mPOST[39m [37m/wd/hub/session/555f1d96-f1a0-4439-83de-f47d85654aed/context[39m
[35m[HTTP][39m [90m{"name":"NATIVE_APP"}[39m
[35m[HTTP][39m [37m<-- POST /wd/hub/session/555f1d96-f1a0-4439-83de-f47d85654aed/context [39m[32m200[39m [90m2 ms - 14[39m
[35m[HTTP][39m [90m[39m
[35m[HTTP][39m [37m-->[39m [37mGET[39m [37m/wd/hub/session/555f1d96-f1a0-4439-83de-f47d85654aed/window/rect[39m
[35m[HTTP][39m [90m{}[39m
[35m[HTTP][39m [37m<-- GET /wd/hub/session/555f1d96-f1a0-4439-83de-f47d85654aed/window/rect [39m[32m200[39m [90m28 ms - 50[39m
[35m[HTTP][39m [90m[39m
[35m[HTTP][39m [37m-->[39m [37mPOST[39m [37m/wd/hub/session/555f1d96-f1a0-4439-83de-f47d85654aed/elements[39m
[35m[HTTP][39m [90m{"using":"xpath","value":"//*[@class = 'android.widget.ImageView' and @resource-id = 'com.vq.mbrochuregp.client.android:id/iv_home_icon' and (@text = '' or . = '')]"}[39m
[35m[HTTP][39m [37m<-- POST /wd/hub/session/555f1d96-f1a0-4439-83de-f47d85654aed/elements [39m[32m200[39m [90m364 ms - 139[39m
[35m[HTTP][39m [90m[39m
[35m[HTTP][39m [37m-->[39m [37mGET[39m [37m/wd/hub/session/555f1d96-f1a0-4439-83de-f47d85654aed/element/00000000-0000-07f9-ffff-ffff00004600/location[39m
[35m[HTTP][39m [90m{}[39m
[35m[W3C (555f1d96)][39m Driver proxy active, passing request on via HTTP proxy
[35m[WD Proxy][39m Replacing sessionId 87034a39-77ef-46fe-984d-0f7991b73bca with 555f1d96-f1a0-4439-83de-f47d85654aed
[35m[HTTP][39m [37m<-- GET /wd/hub/session/555f1d96-f1a0-4439-83de-f47d85654aed/element/00000000-0000-07f9-ffff-ffff00004600/location [39m[32m200[39m [90m33 ms - 78[39m
[35m[HTTP][39m [90m[39m
[35m[HTTP][39m [37m-->[39m [37mPOST[39m [37m/wd/hub/session/555f1d96-f1a0-4439-83de-f47d85654aed/element/00000000-0000-07f9-ffff-ffff00004600/click[39m
[35m[HTTP][39m [90m{"id":"00000000-0000-07f9-ffff-ffff00004600"}[39m
[35m[HTTP][39m [37m<-- POST /wd/hub/session/555f1d96-f1a0-4439-83de-f47d85654aed/element/00000000-0000-07f9-ffff-ffff00004600/click [39m[32m200[39m [90m539 ms - 14[39m
[35m[HTTP][39m [90m[39m
[35m[HTTP][39m [37m-->[39m [37mGET[39m [37m/wd/hub/status[39m
[35m[HTTP][39m [90m{}[39m
[35m[HTTP][39m [37m<-- GET /wd/hub/status [39m[32m200[39m [90m1 ms - 68[39m
[35m[HTTP][39m [90m[39m
[35m[HTTP][39m [37m-->[39m [37mPOST[39m [37m/wd/hub/session[39m
[35m[HTTP][39m [90m{"desiredCapabilities":{"appActivity":".Settings","appPackage":"com.android.settings","newCommandTimeout":1800,"platformVersion":"11","automationName":"uiautomator2","autoGrantPermissions":true,"platformName":"Android","udid":"RR8N605F11Y","deviceName":"samsung SM-M315F (Android 11)","platform":"ANDROID","systemPort":8261},"capabilities":{"firstMatch":[{"appium:appActivity":".Settings","appium:appPackage":"com.android.settings","appium:autoGrantPermissions":true,"appium:automationName":"uiautomator2","appium:deviceName":"samsung SM-M315F (Android 11)","appium:newCommandTimeout":1800,"platform":"ANDROID","platformName":"android","appium:platformVersion":"11","appium:systemPort":8261,"appium:udid":"RR8N605F11Y"}]}}[39m
[35m[BaseDriver][39m The following capabilities are not standard capabilities and should have an extension prefix:
[35m[BaseDriver][39m   platform
[35m[BaseDriver][39m   chromedriverPort
[35m[Appium][39m Appium v1.22.2 creating new AndroidUiautomator2Driver (v1.70.1) session
[35m[BaseDriver][39m The following capabilities were provided, but are not recognized by Appium:
[35m[BaseDriver][39m   platform
[35m[BaseDriver][39m Session created with session id: fd1fb30b-4044-4683-a82e-668ae9ccaf63
[35m[UiAutomator2][39m Starting 'com.android.settings' directly on the device
[35m[ADB][39m Using 'adb.exe' from 'C:\Users\Nia Yusniati\.katalon\tools\android_sdk\platform-tools\adb.exe'
[35m[AndroidDriver][39m Retrieving device list
[35m[AndroidDriver][39m Using device: RR8N605F11Y
[35m[ADB][39m Using 'adb.exe' from 'C:\Users\Nia Yusniati\.katalon\tools\android_sdk\platform-tools\adb.exe'
[35m[ADB][39m Getting device platform version
[35m[UiAutomator2][39m Relaxing hidden api policy
[35m[AndroidDriver][39m No app sent in, not parsing package/activity
[35m[UiAutomator2][39m Server packages are not going to be (re)installed
[35m[ADB][39m Adding packages ["io.appium.settings","io.appium.uiautomator2.server","io.appium.uiautomator2.server.test"] to Doze whitelist
[35m[UiAutomator2][39m Starting UIAutomator2 server 4.27.0
[35m[UiAutomator2][39m Using UIAutomator2 server from 'C:\Users\Nia Yusniati\AppData\Roaming\npm\node_modules\appium\node_modules\appium-uiautomator2-server\apks\appium-uiautomator2-server-v4.27.0.apk' and test from 'C:\Users\Nia Yusniati\AppData\Roaming\npm\node_modules\appium\node_modules\appium-uiautomator2-server\apks\appium-uiautomator2-server-debug-androidTest.apk'
[35m[UiAutomator2][39m Waiting up to 30000ms for UiAutomator2 to be online...
[35m[WD Proxy][39m socket hang up
[35m[WD Proxy][39m socket hang up
[35m[WD Proxy][39m socket hang up
[35m[WD Proxy][39m Determined the downstream protocol as 'W3C'
[35m[AndroidDriver][39m Screen already unlocked, doing nothing
[35m[UiAutomator2][39m Starting 'com.android.settings/.Settings and waiting for 'com.android.settings/.Settings'
[35m[Appium][39m New AndroidUiautomator2Driver session created successfully, session fd1fb30b-4044-4683-a82e-668ae9ccaf63 added to master session list
[35m[HTTP][39m [37m<-- POST /wd/hub/session [39m[32m200[39m [90m9095 ms - 1158[39m
[35m[HTTP][39m [90m[39m
[35m[HTTP][39m [37m-->[39m [37mGET[39m [37m/wd/hub/session/fd1fb30b-4044-4683-a82e-668ae9ccaf63[39m
[35m[HTTP][39m [90m{}[39m
[35m[HTTP][39m [37m<-- GET /wd/hub/session/fd1fb30b-4044-4683-a82e-668ae9ccaf63 [39m[32m200[39m [90m20 ms - 1112[39m
[35m[HTTP][39m [90m[39m
[35m[HTTP][39m [37m-->[39m [37mGET[39m [37m/wd/hub/session/fd1fb30b-4044-4683-a82e-668ae9ccaf63[39m
[35m[HTTP][39m [90m{}[39m
[35m[HTTP][39m [37m<-- GET /wd/hub/session/fd1fb30b-4044-4683-a82e-668ae9ccaf63 [39m[32m200[39m [90m24 ms - 1112[39m
[35m[HTTP][39m [90m[39m
[35m[HTTP][39m [37m-->[39m [37mGET[39m [37m/wd/hub/status[39m
[35m[HTTP][39m [90m{}[39m
[35m[HTTP][39m [37m<-- GET /wd/hub/status [39m[32m200[39m [90m1 ms - 68[39m
[35m[HTTP][39m [90m[39m
[35m[HTTP][39m [37m-->[39m [37mPOST[39m [37m/wd/hub/session/fd1fb30b-4044-4683-a82e-668ae9ccaf63/timeouts[39m
[35m[HTTP][39m [90m{"implicit":30000}[39m
[35m[HTTP][39m [37m<-- POST /wd/hub/session/fd1fb30b-4044-4683-a82e-668ae9ccaf63/timeouts [39m[32m200[39m [90m3 ms - 14[39m
[35m[HTTP][39m [90m[39m
[35m[HTTP][39m [37m-->[39m [37mGET[39m [37m/wd/hub/session/fd1fb30b-4044-4683-a82e-668ae9ccaf63/screenshot[39m
[35m[HTTP][39m [90m{}[39m
[35m[HTTP][39m [37m<-- GET /wd/hub/session/fd1fb30b-4044-4683-a82e-668ae9ccaf63/screenshot [39m[32m200[39m [90m585 ms - 224788[39m
[35m[HTTP][39m [90m[39m
[35m[HTTP][39m [37m-->[39m [37mGET[39m [37m/wd/hub/session/fd1fb30b-4044-4683-a82e-668ae9ccaf63/window/rect[39m
[35m[HTTP][39m [90m{}[39m
[35m[HTTP][39m [37m<-- GET /wd/hub/session/fd1fb30b-4044-4683-a82e-668ae9ccaf63/window/rect [39m[32m200[39m [90m9 ms - 50[39m
[35m[HTTP][39m [90m[39m
[35m[HTTP][39m [37m-->[39m [37mGET[39m [37m/wd/hub/session/fd1fb30b-4044-4683-a82e-668ae9ccaf63/appium/device/system_bars[39m
[35m[HTTP][39m [90m{}[39m
[35m[HTTP][39m [37m<-- GET /wd/hub/session/fd1fb30b-4044-4683-a82e-668ae9ccaf63/appium/device/system_bars [39m[32m200[39m [90m93 ms - 148[39m
[35m[HTTP][39m [90m[39m
[35m[HTTP][39m [37m-->[39m [37mPOST[39m [37m/wd/hub/session/fd1fb30b-4044-4683-a82e-668ae9ccaf63/appium/device/activate_app[39m
[35m[HTTP][39m [90m{"bundleId":"com.vq.mbrochuregp.client.android"}[39m
[35m[HTTP][39m [37m<-- POST /wd/hub/session/fd1fb30b-4044-4683-a82e-668ae9ccaf63/appium/device/activate_app [39m[32m200[39m [90m570 ms - 14[39m
[35m[HTTP][39m [90m[39m
[35m[HTTP][39m [37m-->[39m [37mGET[39m [37m/wd/hub/session/fd1fb30b-4044-4683-a82e-668ae9ccaf63/context[39m
[35m[HTTP][39m [90m{}[39m
[35m[HTTP][39m [37m<-- GET /wd/hub/session/fd1fb30b-4044-4683-a82e-668ae9ccaf63/context [39m[32m200[39m [90m2 ms - 22[39m
[35m[HTTP][39m [90m[39m
[35m[HTTP][39m [37m-->[39m [37mGET[39m [37m/wd/hub/session/fd1fb30b-4044-4683-a82e-668ae9ccaf63/contexts[39m
[35m[HTTP][39m [90m{}[39m
[35m[HTTP][39m [37m<-- GET /wd/hub/session/fd1fb30b-4044-4683-a82e-668ae9ccaf63/contexts [39m[32m200[39m [90m99 ms - 24[39m
[35m[HTTP][39m [90m[39m
[35m[HTTP][39m [37m-->[39m [37mPOST[39m [37m/wd/hub/session/fd1fb30b-4044-4683-a82e-668ae9ccaf63/context[39m
[35m[HTTP][39m [90m{"name":"NATIVE_APP"}[39m
[35m[HTTP][39m [37m<-- POST /wd/hub/session/fd1fb30b-4044-4683-a82e-668ae9ccaf63/context [39m[32m200[39m [90m2 ms - 14[39m
[35m[HTTP][39m [90m[39m
[35m[HTTP][39m [37m-->[39m [37mPOST[39m [37m/wd/hub/session/fd1fb30b-4044-4683-a82e-668ae9ccaf63/appium/device/press_keycode[39m
[35m[HTTP][39m [90m{"keycode":4}[39m
[35m[HTTP][39m [37m<-- POST /wd/hub/session/fd1fb30b-4044-4683-a82e-668ae9ccaf63/appium/device/press_keycode [39m[32m200[39m [90m361 ms - 14[39m
[35m[HTTP][39m [90m[39m
[35m[HTTP][39m [37m-->[39m [37mPOST[39m [37m/wd/hub/session/fd1fb30b-4044-4683-a82e-668ae9ccaf63/context[39m
[35m[HTTP][39m [90m{"name":"NATIVE_APP"}[39m
[35m[HTTP][39m [37m<-- POST /wd/hub/session/fd1fb30b-4044-4683-a82e-668ae9ccaf63/context [39m[32m200[39m [90m2 ms - 14[39m
[35m[HTTP][39m [90m[39m
[35m[HTTP][39m [37m-->[39m [37mPOST[39m [37m/wd/hub/session/fd1fb30b-4044-4683-a82e-668ae9ccaf63/timeouts[39m
[35m[HTTP][39m [90m{"implicit":50}[39m
[35m[HTTP][39m [37m<-- POST /wd/hub/session/fd1fb30b-4044-4683-a82e-668ae9ccaf63/timeouts [39m[32m200[39m [90m2 ms - 14[39m
[35m[HTTP][39m [90m[39m
[35m[HTTP][39m [37m-->[39m [37mGET[39m [37m/wd/hub/session/fd1fb30b-4044-4683-a82e-668ae9ccaf63/window/rect[39m
[35m[HTTP][39m [90m{}[39m
[35m[HTTP][39m [37m<-- GET /wd/hub/session/fd1fb30b-4044-4683-a82e-668ae9ccaf63/window/rect [39m[32m200[39m [90m10 ms - 50[39m
[35m[HTTP][39m [90m[39m
[35m[HTTP][39m [37m-->[39m [37mPOST[39m [37m/wd/hub/session/fd1fb30b-4044-4683-a82e-668ae9ccaf63/elements[39m
[35m[HTTP][39m [90m{"using":"xpath","value":"//*[@class = 'android.widget.Button' and (@text = 'TIDAK' or . = 'TIDAK') and @resource-id = 'android:id/button2']"}[39m
[35m[HTTP][39m [37m<-- POST /wd/hub/session/fd1fb30b-4044-4683-a82e-668ae9ccaf63/elements [39m[32m200[39m [90m648 ms - 139[39m
[35m[HTTP][39m [90m[39m
[35m[HTTP][39m [37m-->[39m [37mGET[39m [37m/wd/hub/session/fd1fb30b-4044-4683-a82e-668ae9ccaf63/element/00000000-0000-081f-ffff-ffff000046de/location[39m
[35m[HTTP][39m [90m{}[39m
[35m[W3C (fd1fb30b)][39m Driver proxy active, passing request on via HTTP proxy
[35m[WD Proxy][39m Replacing sessionId 182a7305-62cb-4d97-bda4-5e13a04a26f8 with fd1fb30b-4044-4683-a82e-668ae9ccaf63
[35m[HTTP][39m [37m<-- GET /wd/hub/session/fd1fb30b-4044-4683-a82e-668ae9ccaf63/element/00000000-0000-081f-ffff-ffff000046de/location [39m[32m200[39m [90m723 ms - 79[39m
[35m[HTTP][39m [90m[39m
[35m[HTTP][39m [37m-->[39m [37mPOST[39m [37m/wd/hub/session/fd1fb30b-4044-4683-a82e-668ae9ccaf63/timeouts[39m
[35m[HTTP][39m [90m{"implicit":30000}[39m
[35m[HTTP][39m [37m<-- POST /wd/hub/session/fd1fb30b-4044-4683-a82e-668ae9ccaf63/timeouts [39m[32m200[39m [90m2 ms - 14[39m
[35m[HTTP][39m [90m[39m
[35m[HTTP][39m [37m-->[39m [37mPOST[39m [37m/wd/hub/session/fd1fb30b-4044-4683-a82e-668ae9ccaf63/touch/perform[39m
[35m[HTTP][39m [90m{"actions":[{"action":"tap","options":{"x":1,"y":1,"element":"00000000-0000-081f-ffff-ffff000046de"}},{"action":"release","options":{}}]}[39m
[35m[UiAutomator2][39m calling get location: 00000000-0000-081f-ffff-ffff000046de
[35m[HTTP][39m [37m<-- POST /wd/hub/session/fd1fb30b-4044-4683-a82e-668ae9ccaf63/touch/perform [39m[32m200[39m [90m193 ms - 14[39m
[35m[HTTP][39m [90m[39m
[35m[HTTP][39m [37m-->[39m [37mPOST[39m [37m/wd/hub/session/fd1fb30b-4044-4683-a82e-668ae9ccaf63/timeouts[39m
[35m[HTTP][39m [90m{"implicit":50}[39m
[35m[HTTP][39m [37m<-- POST /wd/hub/session/fd1fb30b-4044-4683-a82e-668ae9ccaf63/timeouts [39m[32m200[39m [90m2 ms - 14[39m
[35m[HTTP][39m [90m[39m
[35m[HTTP][39m [37m-->[39m [37mGET[39m [37m/wd/hub/session/fd1fb30b-4044-4683-a82e-668ae9ccaf63/window/rect[39m
[35m[HTTP][39m [90m{}[39m
[35m[HTTP][39m [37m<-- GET /wd/hub/session/fd1fb30b-4044-4683-a82e-668ae9ccaf63/window/rect [39m[32m200[39m [90m11 ms - 50[39m
[35m[HTTP][39m [90m[39m
[35m[HTTP][39m [37m-->[39m [37mPOST[39m [37m/wd/hub/session/fd1fb30b-4044-4683-a82e-668ae9ccaf63/elements[39m
[35m[HTTP][39m [90m{"using":"xpath","value":"//hierarchy/android.widget.FrameLayout[1]/android.widget.LinearLayout[1]/android.widget.FrameLayout[1]/android.widget.LinearLayout[1]/android.widget.FrameLayout[1]/android.view.ViewGroup[1]/android.widget.ScrollView[1]/android.widget.LinearLayout[1]/android.view.ViewGroup[2]/android.widget.LinearLayout[1]/androidx.recyclerview.widget.RecyclerView[1]/android.widget.LinearLayout[8]/android.widget.ImageView[1]"}[39m
[35m[HTTP][39m [37m<-- POST /wd/hub/session/fd1fb30b-4044-4683-a82e-668ae9ccaf63/elements [39m[32m200[39m [90m545 ms - 139[39m
[35m[HTTP][39m [90m[39m
[35m[HTTP][39m [37m-->[39m [37mGET[39m [37m/wd/hub/session/fd1fb30b-4044-4683-a82e-668ae9ccaf63/element/00000000-0000-0800-ffff-ffff0000468f/location[39m
[35m[HTTP][39m [90m{}[39m
[35m[W3C (fd1fb30b)][39m Driver proxy active, passing request on via HTTP proxy
[35m[WD Proxy][39m Replacing sessionId 182a7305-62cb-4d97-bda4-5e13a04a26f8 with fd1fb30b-4044-4683-a82e-668ae9ccaf63
[35m[HTTP][39m [37m<-- GET /wd/hub/session/fd1fb30b-4044-4683-a82e-668ae9ccaf63/element/00000000-0000-0800-ffff-ffff0000468f/location [39m[32m200[39m [90m15 ms - 79[39m
[35m[HTTP][39m [90m[39m
[35m[HTTP][39m [37m-->[39m [37mPOST[39m [37m/wd/hub/session/fd1fb30b-4044-4683-a82e-668ae9ccaf63/timeouts[39m
[35m[HTTP][39m [90m{"implicit":30000}[39m
[35m[HTTP][39m [37m<-- POST /wd/hub/session/fd1fb30b-4044-4683-a82e-668ae9ccaf63/timeouts [39m[32m200[39m [90m2 ms - 14[39m
[35m[HTTP][39m [90m[39m
[35m[HTTP][39m [37m-->[39m [37mPOST[39m [37m/wd/hub/session/fd1fb30b-4044-4683-a82e-668ae9ccaf63/touch/perform[39m
[35m[HTTP][39m [90m{"actions":[{"action":"tap","options":{"x":1,"y":1,"element":"00000000-0000-0800-ffff-ffff0000468f"}},{"action":"release","options":{}}]}[39m
[35m[UiAutomator2][39m calling get location: 00000000-0000-0800-ffff-ffff0000468f
[35m[HTTP][39m [37m<-- POST /wd/hub/session/fd1fb30b-4044-4683-a82e-668ae9ccaf63/touch/perform [39m[32m200[39m [90m170 ms - 14[39m
[35m[HTTP][39m [90m[39m
[35m[HTTP][39m [37m-->[39m [37mPOST[39m [37m/wd/hub/session/fd1fb30b-4044-4683-a82e-668ae9ccaf63/timeouts[39m
[35m[HTTP][39m [90m{"implicit":50}[39m
[35m[HTTP][39m [37m<-- POST /wd/hub/session/fd1fb30b-4044-4683-a82e-668ae9ccaf63/timeouts [39m[32m200[39m [90m1 ms - 14[39m
[35m[HTTP][39m [90m[39m
[35m[HTTP][39m [37m-->[39m [37mGET[39m [37m/wd/hub/session/fd1fb30b-4044-4683-a82e-668ae9ccaf63/window/rect[39m
[35m[HTTP][39m [90m{}[39m
[35m[HTTP][39m [37m<-- GET /wd/hub/session/fd1fb30b-4044-4683-a82e-668ae9ccaf63/window/rect [39m[32m200[39m [90m16 ms - 50[39m
[35m[HTTP][39m [90m[39m
[35m[HTTP][39m [37m-->[39m [37mPOST[39m [37m/wd/hub/session/fd1fb30b-4044-4683-a82e-668ae9ccaf63/elements[39m
[35m[HTTP][39m [90m{"using":"xpath","value":"//hierarchy/android.widget.FrameLayout[1]/android.widget.LinearLayout[1]/android.widget.FrameLayout[1]/android.widget.LinearLayout[1]/android.widget.FrameLayout[1]/android.view.ViewGroup[1]/android.widget.ScrollView[1]/android.widget.LinearLayout[1]/android.widget.LinearLayout[1]/androidx.recyclerview.widget.RecyclerView[1]/android.widget.LinearLayout[1]/android.widget.ImageView[1]"}[39m
[35m[HTTP][39m [37m<-- POST /wd/hub/session/fd1fb30b-4044-4683-a82e-668ae9ccaf63/elements [39m[32m200[39m [90m719 ms - 139[39m
[35m[HTTP][39m [90m[39m
[35m[HTTP][39m [37m-->[39m [37mGET[39m [37m/wd/hub/session/fd1fb30b-4044-4683-a82e-668ae9ccaf63/element/00000000-0000-0820-ffff-ffff00004711/location[39m
[35m[HTTP][39m [90m{}[39m
[35m[W3C (fd1fb30b)][39m Driver proxy active, passing request on via HTTP proxy
[35m[WD Proxy][39m Replacing sessionId 182a7305-62cb-4d97-bda4-5e13a04a26f8 with fd1fb30b-4044-4683-a82e-668ae9ccaf63
[35m[HTTP][39m [37m<-- GET /wd/hub/session/fd1fb30b-4044-4683-a82e-668ae9ccaf63/element/00000000-0000-0820-ffff-ffff00004711/location [39m[32m200[39m [90m14 ms - 77[39m
[35m[HTTP][39m [90m[39m
[35m[HTTP][39m [37m-->[39m [37mPOST[39m [37m/wd/hub/session/fd1fb30b-4044-4683-a82e-668ae9ccaf63/timeouts[39m
[35m[HTTP][39m [90m{"implicit":30000}[39m
[35m[HTTP][39m [37m<-- POST /wd/hub/session/fd1fb30b-4044-4683-a82e-668ae9ccaf63/timeouts [39m[32m200[39m [90m1 ms - 14[39m
[35m[HTTP][39m [90m[39m
[35m[HTTP][39m [37m-->[39m [37mPOST[39m [37m/wd/hub/session/fd1fb30b-4044-4683-a82e-668ae9ccaf63/touch/perform[39m
[35m[HTTP][39m [90m{"actions":[{"action":"tap","options":{"x":1,"y":1,"element":"00000000-0000-0820-ffff-ffff00004711"}},{"action":"release","options":{}}]}[39m
[35m[UiAutomator2][39m calling get location: 00000000-0000-0820-ffff-ffff00004711
[35m[HTTP][39m [37m<-- POST /wd/hub/session/fd1fb30b-4044-4683-a82e-668ae9ccaf63/touch/perform [39m[32m200[39m [90m168 ms - 14[39m
[35m[HTTP][39m [90m[39m
[35m[HTTP][39m [37m-->[39m [37mGET[39m [37m/wd/hub/session/fd1fb30b-4044-4683-a82e-668ae9ccaf63/context[39m
[35m[HTTP][39m [90m{}[39m
[35m[HTTP][39m [37m<-- GET /wd/hub/session/fd1fb30b-4044-4683-a82e-668ae9ccaf63/context [39m[32m200[39m [90m4 ms - 22[39m
[35m[HTTP][39m [90m[39m
[35m[HTTP][39m [37m-->[39m [37mGET[39m [37m/wd/hub/session/fd1fb30b-4044-4683-a82e-668ae9ccaf63/contexts[39m
[35m[HTTP][39m [90m{}[39m
[35m[HTTP][39m [37m<-- GET /wd/hub/session/fd1fb30b-4044-4683-a82e-668ae9ccaf63/contexts [39m[32m200[39m [90m134 ms - 24[39m
[35m[HTTP][39m [90m[39m
[35m[HTTP][39m [37m-->[39m [37mPOST[39m [37m/wd/hub/session/fd1fb30b-4044-4683-a82e-668ae9ccaf63/context[39m
[35m[HTTP][39m [90m{"name":"NATIVE_APP"}[39m
[35m[HTTP][39m [37m<-- POST /wd/hub/session/fd1fb30b-4044-4683-a82e-668ae9ccaf63/context [39m[32m200[39m [90m2 ms - 14[39m
[35m[HTTP][39m [90m[39m
[35m[HTTP][39m [37m-->[39m [37mGET[39m [37m/wd/hub/session/fd1fb30b-4044-4683-a82e-668ae9ccaf63/window/rect[39m
[35m[HTTP][39m [90m{}[39m
[35m[HTTP][39m [37m<-- GET /wd/hub/session/fd1fb30b-4044-4683-a82e-668ae9ccaf63/window/rect [39m[32m200[39m [90m37 ms - 50[39m
[35m[HTTP][39m [90m[39m
[35m[HTTP][39m [37m-->[39m [37mPOST[39m [37m/wd/hub/session/fd1fb30b-4044-4683-a82e-668ae9ccaf63/execute/sync[39m
[35m[HTTP][39m [90m{"script":"mobile: viewportScreenshot","args":[]}[39m
[35m[AndroidDriver][39m Executing native command 'mobile: viewportScreenshot'
[35m[HTTP][39m [37m<-- POST /wd/hub/session/fd1fb30b-4044-4683-a82e-668ae9ccaf63/execute/sync [39m[32m200[39m [90m1346 ms - 174184[39m
[35m[HTTP][39m [90m[39m
[35m[HTTP][39m [37m-->[39m [37mPOST[39m [37m/wd/hub/session/fd1fb30b-4044-4683-a82e-668ae9ccaf63/context[39m
[35m[HTTP][39m [90m{"name":"NATIVE_APP"}[39m
[35m[HTTP][39m [37m<-- POST /wd/hub/session/fd1fb30b-4044-4683-a82e-668ae9ccaf63/context [39m[32m200[39m [90m1 ms - 14[39m
[35m[HTTP][39m [90m[39m
[35m[HTTP][39m [37m-->[39m [37mPOST[39m [37m/wd/hub/session/fd1fb30b-4044-4683-a82e-668ae9ccaf63/timeouts[39m
[35m[HTTP][39m [90m{"implicit":50}[39m
[35m[HTTP][39m [37m<-- POST /wd/hub/session/fd1fb30b-4044-4683-a82e-668ae9ccaf63/timeouts [39m[32m200[39m [90m1 ms - 14[39m
[35m[HTTP][39m [90m[39m
[35m[HTTP][39m [37m-->[39m [37mGET[39m [37m/wd/hub/session/fd1fb30b-4044-4683-a82e-668ae9ccaf63/window/rect[39m
[35m[HTTP][39m [90m{}[39m
[35m[HTTP][39m [37m<-- GET /wd/hub/session/fd1fb30b-4044-4683-a82e-668ae9ccaf63/window/rect [39m[32m200[39m [90m31 ms - 50[39m
[35m[HTTP][39m [90m[39m
[35m[HTTP][39m [37m-->[39m [37mPOST[39m [37m/wd/hub/session/fd1fb30b-4044-4683-a82e-668ae9ccaf63/elements[39m
[35m[HTTP][39m [90m{"using":"xpath","value":"//hierarchy/android.widget.FrameLayout[1]/android.widget.LinearLayout[1]/android.widget.FrameLayout[1]/android.widget.LinearLayout[1]/android.widget.FrameLayout[1]/android.view.ViewGroup[1]/androidx.viewpager.widget.ViewPager[1]/android.widget.FrameLayout[1]/android.view.ViewGroup[1]/androidx.recyclerview.widget.RecyclerView[1]/android.widget.LinearLayout[2]/android.widget.RelativeLayout[1]"}[39m
[35m[HTTP][39m [37m<-- POST /wd/hub/session/fd1fb30b-4044-4683-a82e-668ae9ccaf63/elements [39m[32m200[39m [90m286 ms - 139[39m
[35m[HTTP][39m [90m[39m
[35m[HTTP][39m [37m-->[39m [37mGET[39m [37m/wd/hub/session/fd1fb30b-4044-4683-a82e-668ae9ccaf63/element/00000000-0000-0821-ffff-ffff00004771/location[39m
[35m[HTTP][39m [90m{}[39m
[35m[W3C (fd1fb30b)][39m Driver proxy active, passing request on via HTTP proxy
[35m[WD Proxy][39m Replacing sessionId 182a7305-62cb-4d97-bda4-5e13a04a26f8 with fd1fb30b-4044-4683-a82e-668ae9ccaf63
[35m[HTTP][39m [37m<-- GET /wd/hub/session/fd1fb30b-4044-4683-a82e-668ae9ccaf63/element/00000000-0000-0821-ffff-ffff00004771/location [39m[32m200[39m [90m33 ms - 77[39m
[35m[HTTP][39m [90m[39m
[35m[HTTP][39m [37m-->[39m [37mPOST[39m [37m/wd/hub/session/fd1fb30b-4044-4683-a82e-668ae9ccaf63/timeouts[39m
[35m[HTTP][39m [90m{"implicit":30000}[39m
[35m[HTTP][39m [37m<-- POST /wd/hub/session/fd1fb30b-4044-4683-a82e-668ae9ccaf63/timeouts [39m[32m200[39m [90m5 ms - 14[39m
[35m[HTTP][39m [90m[39m
[35m[HTTP][39m [37m-->[39m [37mPOST[39m [37m/wd/hub/session/fd1fb30b-4044-4683-a82e-668ae9ccaf63/touch/perform[39m
[35m[HTTP][39m [90m{"actions":[{"action":"tap","options":{"x":1,"y":1,"element":"00000000-0000-0821-ffff-ffff00004771"}},{"action":"release","options":{}}]}[39m
[35m[UiAutomator2][39m calling get location: 00000000-0000-0821-ffff-ffff00004771
[35m[HTTP][39m [37m<-- POST /wd/hub/session/fd1fb30b-4044-4683-a82e-668ae9ccaf63/touch/perform [39m[32m200[39m [90m234 ms - 14[39m
[35m[HTTP][39m [90m[39m
[35m[HTTP][39m [37m-->[39m [37mGET[39m [37m/wd/hub/session/fd1fb30b-4044-4683-a82e-668ae9ccaf63/context[39m
[35m[HTTP][39m [90m{}[39m
[35m[HTTP][39m [37m<-- GET /wd/hub/session/fd1fb30b-4044-4683-a82e-668ae9ccaf63/context [39m[32m200[39m [90m2 ms - 22[39m
[35m[HTTP][39m [90m[39m
[35m[HTTP][39m [37m-->[39m [37mGET[39m [37m/wd/hub/session/fd1fb30b-4044-4683-a82e-668ae9ccaf63/contexts[39m
[35m[HTTP][39m [90m{}[39m
[35m[HTTP][39m [37m<-- GET /wd/hub/session/fd1fb30b-4044-4683-a82e-668ae9ccaf63/contexts [39m[32m200[39m [90m122 ms - 24[39m
[35m[HTTP][39m [90m[39m
[35m[HTTP][39m [37m-->[39m [37mPOST[39m [37m/wd/hub/session/fd1fb30b-4044-4683-a82e-668ae9ccaf63/context[39m
[35m[HTTP][39m [90m{"name":"NATIVE_APP"}[39m
[35m[HTTP][39m [37m<-- POST /wd/hub/session/fd1fb30b-4044-4683-a82e-668ae9ccaf63/context [39m[32m200[39m [90m2 ms - 14[39m
[35m[HTTP][39m [90m[39m
[35m[HTTP][39m [37m-->[39m [37mGET[39m [37m/wd/hub/session/fd1fb30b-4044-4683-a82e-668ae9ccaf63/window/rect[39m
[35m[HTTP][39m [90m{}[39m
[35m[HTTP][39m [37m<-- GET /wd/hub/session/fd1fb30b-4044-4683-a82e-668ae9ccaf63/window/rect [39m[32m200[39m [90m29 ms - 50[39m
[35m[HTTP][39m [90m[39m
[35m[HTTP][39m [37m-->[39m [37mPOST[39m [37m/wd/hub/session/fd1fb30b-4044-4683-a82e-668ae9ccaf63/context[39m
[35m[HTTP][39m [90m{"name":"NATIVE_APP"}[39m
[35m[HTTP][39m [37m<-- POST /wd/hub/session/fd1fb30b-4044-4683-a82e-668ae9ccaf63/context [39m[32m200[39m [90m2 ms - 14[39m
[35m[HTTP][39m [90m[39m
[35m[HTTP][39m [37m-->[39m [37mGET[39m [37m/wd/hub/session/fd1fb30b-4044-4683-a82e-668ae9ccaf63/context[39m
[35m[HTTP][39m [90m{}[39m
[35m[HTTP][39m [37m<-- GET /wd/hub/session/fd1fb30b-4044-4683-a82e-668ae9ccaf63/context [39m[32m200[39m [90m1 ms - 22[39m
[35m[HTTP][39m [90m[39m
[35m[HTTP][39m [37m-->[39m [37mGET[39m [37m/wd/hub/session/fd1fb30b-4044-4683-a82e-668ae9ccaf63/contexts[39m
[35m[HTTP][39m [90m{}[39m
[35m[HTTP][39m [37m<-- GET /wd/hub/session/fd1fb30b-4044-4683-a82e-668ae9ccaf63/contexts [39m[32m200[39m [90m100 ms - 24[39m
[35m[HTTP][39m [90m[39m
[35m[HTTP][39m [37m-->[39m [37mPOST[39m [37m/wd/hub/session/fd1fb30b-4044-4683-a82e-668ae9ccaf63/context[39m
[35m[HTTP][39m [90m{"name":"NATIVE_APP"}[39m
[35m[HTTP][39m [37m<-- POST /wd/hub/session/fd1fb30b-4044-4683-a82e-668ae9ccaf63/context [39m[32m200[39m [90m2 ms - 14[39m
[35m[HTTP][39m [90m[39m
[35m[HTTP][39m [37m-->[39m [37mGET[39m [37m/wd/hub/session/fd1fb30b-4044-4683-a82e-668ae9ccaf63/window/rect[39m
[35m[HTTP][39m [90m{}[39m
[35m[HTTP][39m [37m<-- GET /wd/hub/session/fd1fb30b-4044-4683-a82e-668ae9ccaf63/window/rect [39m[32m200[39m [90m26 ms - 50[39m
[35m[HTTP][39m [90m[39m
[35m[HTTP][39m [37m-->[39m [37mPOST[39m [37m/wd/hub/session/fd1fb30b-4044-4683-a82e-668ae9ccaf63/context[39m
[35m[HTTP][39m [90m{"name":"NATIVE_APP"}[39m
[35m[HTTP][39m [37m<-- POST /wd/hub/session/fd1fb30b-4044-4683-a82e-668ae9ccaf63/context [39m[32m200[39m [90m2 ms - 14[39m
[35m[HTTP][39m [90m[39m
[35m[HTTP][39m [37m-->[39m [37mGET[39m [37m/wd/hub/session/fd1fb30b-4044-4683-a82e-668ae9ccaf63/context[39m
[35m[HTTP][39m [90m{}[39m
[35m[HTTP][39m [37m<-- GET /wd/hub/session/fd1fb30b-4044-4683-a82e-668ae9ccaf63/context [39m[32m200[39m [90m2 ms - 22[39m
[35m[HTTP][39m [90m[39m
[35m[HTTP][39m [37m-->[39m [37mGET[39m [37m/wd/hub/session/fd1fb30b-4044-4683-a82e-668ae9ccaf63/contexts[39m
[35m[HTTP][39m [90m{}[39m
[35m[HTTP][39m [37m<-- GET /wd/hub/session/fd1fb30b-4044-4683-a82e-668ae9ccaf63/contexts [39m[32m200[39m [90m90 ms - 24[39m
[35m[HTTP][39m [90m[39m
[35m[HTTP][39m [37m-->[39m [37mPOST[39m [37m/wd/hub/session/fd1fb30b-4044-4683-a82e-668ae9ccaf63/context[39m
[35m[HTTP][39m [90m{"name":"NATIVE_APP"}[39m
[35m[HTTP][39m [37m<-- POST /wd/hub/session/fd1fb30b-4044-4683-a82e-668ae9ccaf63/context [39m[32m200[39m [90m1 ms - 14[39m
[35m[HTTP][39m [90m[39m
[35m[HTTP][39m [37m-->[39m [37mPOST[39m [37m/wd/hub/session/fd1fb30b-4044-4683-a82e-668ae9ccaf63/touch/perform[39m
[35m[HTTP][39m [90m{"actions":[{"action":"press","options":{"x":540,"y":1491}},{"action":"wait","options":{"ms":500}},{"action":"moveTo","options":{"x":540,"y":639}},{"action":"release","options":{}}]}[39m
[35m[HTTP][39m [37m<-- POST /wd/hub/session/fd1fb30b-4044-4683-a82e-668ae9ccaf63/touch/perform [39m[32m200[39m [90m1055 ms - 14[39m
[35m[HTTP][39m [90m[39m
[35m[HTTP][39m [37m-->[39m [37mPOST[39m [37m/wd/hub/session/fd1fb30b-4044-4683-a82e-668ae9ccaf63/context[39m
[35m[HTTP][39m [90m{"name":"NATIVE_APP"}[39m
[35m[HTTP][39m [37m<-- POST /wd/hub/session/fd1fb30b-4044-4683-a82e-668ae9ccaf63/context [39m[32m200[39m [90m4 ms - 14[39m
[35m[HTTP][39m [90m[39m
[35m[HTTP][39m [37m-->[39m [37mPOST[39m [37m/wd/hub/session/fd1fb30b-4044-4683-a82e-668ae9ccaf63/timeouts[39m
[35m[HTTP][39m [90m{"implicit":50}[39m
[35m[HTTP][39m [37m<-- POST /wd/hub/session/fd1fb30b-4044-4683-a82e-668ae9ccaf63/timeouts [39m[32m200[39m [90m2 ms - 14[39m
[35m[HTTP][39m [90m[39m
[35m[HTTP][39m [37m-->[39m [37mGET[39m [37m/wd/hub/session/fd1fb30b-4044-4683-a82e-668ae9ccaf63/window/rect[39m
[35m[HTTP][39m [90m{}[39m
[35m[HTTP][39m [37m<-- GET /wd/hub/session/fd1fb30b-4044-4683-a82e-668ae9ccaf63/window/rect [39m[32m200[39m [90m22 ms - 50[39m
[35m[HTTP][39m [90m[39m
[35m[HTTP][39m [37m-->[39m [37mPOST[39m [37m/wd/hub/session/fd1fb30b-4044-4683-a82e-668ae9ccaf63/elements[39m
[35m[HTTP][39m [90m{"using":"xpath","value":"//*[@class = 'android.widget.RadioButton' and (@text = '2 Tahun' or . = '2 Tahun') and @resource-id = 'com.vq.mbrochuregp.client.android:id/rb_2']"}[39m
[35m[HTTP][39m [37m<-- POST /wd/hub/session/fd1fb30b-4044-4683-a82e-668ae9ccaf63/elements [39m[32m200[39m [90m540 ms - 139[39m
[35m[HTTP][39m [90m[39m
[35m[HTTP][39m [37m-->[39m [37mGET[39m [37m/wd/hub/session/fd1fb30b-4044-4683-a82e-668ae9ccaf63/element/00000000-0000-0822-ffff-ffff000047bb/location[39m
[35m[HTTP][39m [90m{}[39m
[35m[W3C (fd1fb30b)][39m Driver proxy active, passing request on via HTTP proxy
[35m[WD Proxy][39m Replacing sessionId 182a7305-62cb-4d97-bda4-5e13a04a26f8 with fd1fb30b-4044-4683-a82e-668ae9ccaf63
[35m[HTTP][39m [37m<-- GET /wd/hub/session/fd1fb30b-4044-4683-a82e-668ae9ccaf63/element/00000000-0000-0822-ffff-ffff000047bb/location [39m[32m200[39m [90m26 ms - 78[39m
[35m[HTTP][39m [90m[39m
[35m[HTTP][39m [37m-->[39m [37mPOST[39m [37m/wd/hub/session/fd1fb30b-4044-4683-a82e-668ae9ccaf63/timeouts[39m
[35m[HTTP][39m [90m{"implicit":30000}[39m
[35m[HTTP][39m [37m<-- POST /wd/hub/session/fd1fb30b-4044-4683-a82e-668ae9ccaf63/timeouts [39m[32m200[39m [90m2 ms - 14[39m
[35m[HTTP][39m [90m[39m
[35m[HTTP][39m [37m-->[39m [37mPOST[39m [37m/wd/hub/session/fd1fb30b-4044-4683-a82e-668ae9ccaf63/touch/perform[39m
[35m[HTTP][39m [90m{"actions":[{"action":"tap","options":{"x":1,"y":1,"element":"00000000-0000-0822-ffff-ffff000047bb"}},{"action":"release","options":{}}]}[39m
[35m[UiAutomator2][39m calling get location: 00000000-0000-0822-ffff-ffff000047bb
[35m[HTTP][39m [37m<-- POST /wd/hub/session/fd1fb30b-4044-4683-a82e-668ae9ccaf63/touch/perform [39m[32m200[39m [90m194 ms - 14[39m
[35m[HTTP][39m [90m[39m
[35m[HTTP][39m [37m-->[39m [37mGET[39m [37m/wd/hub/session/fd1fb30b-4044-4683-a82e-668ae9ccaf63/context[39m
[35m[HTTP][39m [90m{}[39m
[35m[HTTP][39m [37m<-- GET /wd/hub/session/fd1fb30b-4044-4683-a82e-668ae9ccaf63/context [39m[32m200[39m [90m2 ms - 22[39m
[35m[HTTP][39m [90m[39m
[35m[HTTP][39m [37m-->[39m [37mGET[39m [37m/wd/hub/session/fd1fb30b-4044-4683-a82e-668ae9ccaf63/contexts[39m
[35m[HTTP][39m [90m{}[39m
[35m[HTTP][39m [37m<-- GET /wd/hub/session/fd1fb30b-4044-4683-a82e-668ae9ccaf63/contexts [39m[32m200[39m [90m109 ms - 24[39m
[35m[HTTP][39m [90m[39m
[35m[HTTP][39m [37m-->[39m [37mPOST[39m [37m/wd/hub/session/fd1fb30b-4044-4683-a82e-668ae9ccaf63/context[39m
[35m[HTTP][39m [90m{"name":"NATIVE_APP"}[39m
[35m[HTTP][39m [37m<-- POST /wd/hub/session/fd1fb30b-4044-4683-a82e-668ae9ccaf63/context [39m[32m200[39m [90m2 ms - 14[39m
[35m[HTTP][39m [90m[39m
[35m[HTTP][39m [37m-->[39m [37mGET[39m [37m/wd/hub/session/fd1fb30b-4044-4683-a82e-668ae9ccaf63/window/rect[39m
[35m[HTTP][39m [90m{}[39m
[35m[HTTP][39m [37m<-- GET /wd/hub/session/fd1fb30b-4044-4683-a82e-668ae9ccaf63/window/rect [39m[32m200[39m [90m31 ms - 50[39m
[35m[HTTP][39m [90m[39m
[35m[HTTP][39m [37m-->[39m [37mPOST[39m [37m/wd/hub/session/fd1fb30b-4044-4683-a82e-668ae9ccaf63/execute/sync[39m
[35m[HTTP][39m [90m{"script":"mobile: viewportScreenshot","args":[]}[39m
[35m[AndroidDriver][39m Executing native command 'mobile: viewportScreenshot'
[35m[HTTP][39m [37m<-- POST /wd/hub/session/fd1fb30b-4044-4683-a82e-668ae9ccaf63/execute/sync [39m[32m200[39m [90m1398 ms - 233808[39m
[35m[HTTP][39m [90m[39m
[35m[HTTP][39m [37m-->[39m [37mPOST[39m [37m/wd/hub/session/fd1fb30b-4044-4683-a82e-668ae9ccaf63/context[39m
[35m[HTTP][39m [90m{"name":"NATIVE_APP"}[39m
[35m[HTTP][39m [37m<-- POST /wd/hub/session/fd1fb30b-4044-4683-a82e-668ae9ccaf63/context [39m[32m200[39m [90m1 ms - 14[39m
[35m[HTTP][39m [90m[39m
[35m[HTTP][39m [37m-->[39m [37mGET[39m [37m/wd/hub/session/fd1fb30b-4044-4683-a82e-668ae9ccaf63/window/rect[39m
[35m[HTTP][39m [90m{}[39m
[35m[HTTP][39m [37m<-- GET /wd/hub/session/fd1fb30b-4044-4683-a82e-668ae9ccaf63/window/rect [39m[32m200[39m [90m26 ms - 50[39m
[35m[HTTP][39m [90m[39m
[35m[HTTP][39m [37m-->[39m [37mPOST[39m [37m/wd/hub/session/fd1fb30b-4044-4683-a82e-668ae9ccaf63/elements[39m
[35m[HTTP][39m [90m{"using":"xpath","value":"//*[@class = 'android.widget.Button' and (@text = 'Lanjutkan >' or . = 'Lanjutkan >') and @resource-id = 'com.vq.mbrochuregp.client.android:id/btn_renewal_asuransi_list_detail_next']"}[39m
[35m[HTTP][39m [37m<-- POST /wd/hub/session/fd1fb30b-4044-4683-a82e-668ae9ccaf63/elements [39m[32m200[39m [90m436 ms - 139[39m
[35m[HTTP][39m [90m[39m
[35m[HTTP][39m [37m-->[39m [37mGET[39m [37m/wd/hub/session/fd1fb30b-4044-4683-a82e-668ae9ccaf63/element/00000000-0000-0822-ffff-ffff000047cd/location[39m
[35m[HTTP][39m [90m{}[39m
[35m[W3C (fd1fb30b)][39m Driver proxy active, passing request on via HTTP proxy
[35m[WD Proxy][39m Replacing sessionId 182a7305-62cb-4d97-bda4-5e13a04a26f8 with fd1fb30b-4044-4683-a82e-668ae9ccaf63
[35m[HTTP][39m [37m<-- GET /wd/hub/session/fd1fb30b-4044-4683-a82e-668ae9ccaf63/element/00000000-0000-0822-ffff-ffff000047cd/location [39m[32m200[39m [90m28 ms - 78[39m
[35m[HTTP][39m [90m[39m
[35m[HTTP][39m [37m-->[39m [37mPOST[39m [37m/wd/hub/session/fd1fb30b-4044-4683-a82e-668ae9ccaf63/element/00000000-0000-0822-ffff-ffff000047cd/click[39m
[35m[HTTP][39m [90m{"id":"00000000-0000-0822-ffff-ffff000047cd"}[39m
[35m[HTTP][39m [37m<-- POST /wd/hub/session/fd1fb30b-4044-4683-a82e-668ae9ccaf63/element/00000000-0000-0822-ffff-ffff000047cd/click [39m[32m200[39m [90m70 ms - 14[39m
[35m[HTTP][39m [90m[39m
[35m[HTTP][39m [37m-->[39m [37mPOST[39m [37m/wd/hub/session/fd1fb30b-4044-4683-a82e-668ae9ccaf63/timeouts[39m
[35m[HTTP][39m [90m{"implicit":50}[39m
[35m[HTTP][39m [37m<-- POST /wd/hub/session/fd1fb30b-4044-4683-a82e-668ae9ccaf63/timeouts [39m[32m200[39m [90m2 ms - 14[39m
[35m[HTTP][39m [90m[39m
[35m[HTTP][39m [37m-->[39m [37mGET[39m [37m/wd/hub/session/fd1fb30b-4044-4683-a82e-668ae9ccaf63/window/rect[39m
[35m[HTTP][39m [90m{}[39m
[35m[HTTP][39m [37m<-- GET /wd/hub/session/fd1fb30b-4044-4683-a82e-668ae9ccaf63/window/rect [39m[32m200[39m [90m22 ms - 50[39m
[35m[HTTP][39m [90m[39m
[35m[HTTP][39m [37m-->[39m [37mPOST[39m [37m/wd/hub/session/fd1fb30b-4044-4683-a82e-668ae9ccaf63/elements[39m
[35m[HTTP][39m [90m{"using":"id","value":"com.vq.mbrochuregp.client.android:id/et_renewal_asuransi_result_telefon"}[39m
[35m[HTTP][39m [37m<-- POST /wd/hub/session/fd1fb30b-4044-4683-a82e-668ae9ccaf63/elements [39m[32m200[39m [90m449 ms - 139[39m
[35m[HTTP][39m [90m[39m
[35m[HTTP][39m [37m-->[39m [37mGET[39m [37m/wd/hub/session/fd1fb30b-4044-4683-a82e-668ae9ccaf63/element/00000000-0000-0823-ffff-ffff0000482b/location[39m
[35m[HTTP][39m [90m{}[39m
[35m[W3C (fd1fb30b)][39m Driver proxy active, passing request on via HTTP proxy
[35m[WD Proxy][39m Replacing sessionId 182a7305-62cb-4d97-bda4-5e13a04a26f8 with fd1fb30b-4044-4683-a82e-668ae9ccaf63
[35m[HTTP][39m [37m<-- GET /wd/hub/session/fd1fb30b-4044-4683-a82e-668ae9ccaf63/element/00000000-0000-0823-ffff-ffff0000482b/location [39m[32m200[39m [90m30 ms - 78[39m
[35m[HTTP][39m [90m[39m
[35m[HTTP][39m [37m-->[39m [37mPOST[39m [37m/wd/hub/session/fd1fb30b-4044-4683-a82e-668ae9ccaf63/timeouts[39m
[35m[HTTP][39m [90m{"implicit":30000}[39m
[35m[HTTP][39m [37m<-- POST /wd/hub/session/fd1fb30b-4044-4683-a82e-668ae9ccaf63/timeouts [39m[32m200[39m [90m2 ms - 14[39m
[35m[HTTP][39m [90m[39m
[35m[HTTP][39m [37m-->[39m [37mPOST[39m [37m/wd/hub/session/fd1fb30b-4044-4683-a82e-668ae9ccaf63/element/00000000-0000-0823-ffff-ffff0000482b/clear[39m
[35m[HTTP][39m [90m{"id":"00000000-0000-0823-ffff-ffff0000482b"}[39m
[35m[HTTP][39m [37m<-- POST /wd/hub/session/fd1fb30b-4044-4683-a82e-668ae9ccaf63/element/00000000-0000-0823-ffff-ffff0000482b/clear [39m[32m200[39m [90m30 ms - 14[39m
[35m[HTTP][39m [90m[39m
[35m[HTTP][39m [37m-->[39m [37mPOST[39m [37m/wd/hub/session/fd1fb30b-4044-4683-a82e-668ae9ccaf63/element/00000000-0000-0823-ffff-ffff0000482b/value[39m
[35m[HTTP][39m [90m{"id":"00000000-0000-0823-ffff-ffff0000482b","text":"085710222995","value":["0","8","5","7","1","0","2","2","2","9","9","5"]}[39m
[35m[HTTP][39m [37m<-- POST /wd/hub/session/fd1fb30b-4044-4683-a82e-668ae9ccaf63/element/00000000-0000-0823-ffff-ffff0000482b/value [39m[32m200[39m [90m1015 ms - 14[39m
[35m[HTTP][39m [90m[39m
[35m[HTTP][39m [37m-->[39m [37mGET[39m [37m/wd/hub/session/fd1fb30b-4044-4683-a82e-668ae9ccaf63/context[39m
[35m[HTTP][39m [90m{}[39m
[35m[HTTP][39m [37m<-- GET /wd/hub/session/fd1fb30b-4044-4683-a82e-668ae9ccaf63/context [39m[32m200[39m [90m3 ms - 22[39m
[35m[HTTP][39m [90m[39m
[35m[HTTP][39m [37m-->[39m [37mGET[39m [37m/wd/hub/session/fd1fb30b-4044-4683-a82e-668ae9ccaf63/contexts[39m
[35m[HTTP][39m [90m{}[39m
[35m[HTTP][39m [37m<-- GET /wd/hub/session/fd1fb30b-4044-4683-a82e-668ae9ccaf63/contexts [39m[32m200[39m [90m99 ms - 24[39m
[35m[HTTP][39m [90m[39m
[35m[HTTP][39m [37m-->[39m [37mPOST[39m [37m/wd/hub/session/fd1fb30b-4044-4683-a82e-668ae9ccaf63/context[39m
[35m[HTTP][39m [90m{"name":"NATIVE_APP"}[39m
[35m[HTTP][39m [37m<-- POST /wd/hub/session/fd1fb30b-4044-4683-a82e-668ae9ccaf63/context [39m[32m200[39m [90m1 ms - 14[39m
[35m[HTTP][39m [90m[39m
[35m[HTTP][39m [37m-->[39m [37mGET[39m [37m/wd/hub/session/fd1fb30b-4044-4683-a82e-668ae9ccaf63/window/rect[39m
[35m[HTTP][39m [90m{}[39m
[35m[HTTP][39m [37m<-- GET /wd/hub/session/fd1fb30b-4044-4683-a82e-668ae9ccaf63/window/rect [39m[32m200[39m [90m25 ms - 50[39m
[35m[HTTP][39m [90m[39m
[35m[HTTP][39m [37m-->[39m [37mPOST[39m [37m/wd/hub/session/fd1fb30b-4044-4683-a82e-668ae9ccaf63/execute/sync[39m
[35m[HTTP][39m [90m{"script":"mobile: viewportScreenshot","args":[]}[39m
[35m[AndroidDriver][39m Executing native command 'mobile: viewportScreenshot'
[35m[HTTP][39m [37m<-- POST /wd/hub/session/fd1fb30b-4044-4683-a82e-668ae9ccaf63/execute/sync [39m[32m200[39m [90m1227 ms - 233548[39m
[35m[HTTP][39m [90m[39m
[35m[HTTP][39m [37m-->[39m [37mPOST[39m [37m/wd/hub/session/fd1fb30b-4044-4683-a82e-668ae9ccaf63/context[39m
[35m[HTTP][39m [90m{"name":"NATIVE_APP"}[39m
[35m[HTTP][39m [37m<-- POST /wd/hub/session/fd1fb30b-4044-4683-a82e-668ae9ccaf63/context [39m[32m200[39m [90m1 ms - 14[39m
[35m[HTTP][39m [90m[39m
[35m[HTTP][39m [37m-->[39m [37mGET[39m [37m/wd/hub/session/fd1fb30b-4044-4683-a82e-668ae9ccaf63/window/rect[39m
[35m[HTTP][39m [90m{}[39m
[35m[HTTP][39m [37m<-- GET /wd/hub/session/fd1fb30b-4044-4683-a82e-668ae9ccaf63/window/rect [39m[32m200[39m [90m24 ms - 50[39m
[35m[HTTP][39m [90m[39m
[35m[HTTP][39m [37m-->[39m [37mPOST[39m [37m/wd/hub/session/fd1fb30b-4044-4683-a82e-668ae9ccaf63/elements[39m
[35m[HTTP][39m [90m{"using":"xpath","value":"//*[@class = 'android.widget.Button' and (@text = 'Submit' or . = 'Submit') and @resource-id = 'com.vq.mbrochuregp.client.android:id/btn_renewal_asuransi_result_submit']"}[39m
[35m[HTTP][39m [37m<-- POST /wd/hub/session/fd1fb30b-4044-4683-a82e-668ae9ccaf63/elements [39m[32m200[39m [90m349 ms - 139[39m
[35m[HTTP][39m [90m[39m
[35m[HTTP][39m [37m-->[39m [37mGET[39m [37m/wd/hub/session/fd1fb30b-4044-4683-a82e-668ae9ccaf63/element/00000000-0000-0823-ffff-ffff00004835/location[39m
[35m[HTTP][39m [90m{}[39m
[35m[W3C (fd1fb30b)][39m Driver proxy active, passing request on via HTTP proxy
[35m[WD Proxy][39m Replacing sessionId 182a7305-62cb-4d97-bda4-5e13a04a26f8 with fd1fb30b-4044-4683-a82e-668ae9ccaf63
[35m[HTTP][39m [37m<-- GET /wd/hub/session/fd1fb30b-4044-4683-a82e-668ae9ccaf63/element/00000000-0000-0823-ffff-ffff00004835/location [39m[32m200[39m [90m27 ms - 78[39m
[35m[HTTP][39m [90m[39m
[35m[HTTP][39m [37m-->[39m [37mPOST[39m [37m/wd/hub/session/fd1fb30b-4044-4683-a82e-668ae9ccaf63/element/00000000-0000-0823-ffff-ffff00004835/click[39m
[35m[HTTP][39m [90m{"id":"00000000-0000-0823-ffff-ffff00004835"}[39m
[35m[HTTP][39m [37m<-- POST /wd/hub/session/fd1fb30b-4044-4683-a82e-668ae9ccaf63/element/00000000-0000-0823-ffff-ffff00004835/click [39m[32m200[39m [90m63 ms - 14[39m
[35m[HTTP][39m [90m[39m
[35m[HTTP][39m [37m-->[39m [37mPOST[39m [37m/wd/hub/session/fd1fb30b-4044-4683-a82e-668ae9ccaf63/timeouts[39m
[35m[HTTP][39m [90m{"implicit":50}[39m
[35m[HTTP][39m [37m<-- POST /wd/hub/session/fd1fb30b-4044-4683-a82e-668ae9ccaf63/timeouts [39m[32m200[39m [90m1 ms - 14[39m
[35m[HTTP][39m [90m[39m
[35m[HTTP][39m [37m-->[39m [37mGET[39m [37m/wd/hub/session/fd1fb30b-4044-4683-a82e-668ae9ccaf63/window/rect[39m
[35m[HTTP][39m [90m{}[39m
[35m[HTTP][39m [37m<-- GET /wd/hub/session/fd1fb30b-4044-4683-a82e-668ae9ccaf63/window/rect [39m[32m200[39m [90m20 ms - 50[39m
[35m[HTTP][39m [90m[39m
[35m[HTTP][39m [37m-->[39m [37mPOST[39m [37m/wd/hub/session/fd1fb30b-4044-4683-a82e-668ae9ccaf63/elements[39m
[35m[HTTP][39m [90m{"using":"xpath","value":"//*[@class = 'android.widget.Button' and (@text = 'YA' or . = 'YA') and @resource-id = 'android:id/button1']"}[39m
[35m[HTTP][39m [37m<-- POST /wd/hub/session/fd1fb30b-4044-4683-a82e-668ae9ccaf63/elements [39m[32m200[39m [90m526 ms - 139[39m
[35m[HTTP][39m [90m[39m
[35m[HTTP][39m [37m-->[39m [37mGET[39m [37m/wd/hub/session/fd1fb30b-4044-4683-a82e-668ae9ccaf63/element/00000000-0000-0824-ffff-ffff0000485b/location[39m
[35m[HTTP][39m [90m{}[39m
[35m[W3C (fd1fb30b)][39m Driver proxy active, passing request on via HTTP proxy
[35m[WD Proxy][39m Replacing sessionId 182a7305-62cb-4d97-bda4-5e13a04a26f8 with fd1fb30b-4044-4683-a82e-668ae9ccaf63
[35m[HTTP][39m [37m<-- GET /wd/hub/session/fd1fb30b-4044-4683-a82e-668ae9ccaf63/element/00000000-0000-0824-ffff-ffff0000485b/location [39m[32m200[39m [90m34 ms - 79[39m
[35m[HTTP][39m [90m[39m
[35m[HTTP][39m [37m-->[39m [37mPOST[39m [37m/wd/hub/session/fd1fb30b-4044-4683-a82e-668ae9ccaf63/timeouts[39m
[35m[HTTP][39m [90m{"implicit":30000}[39m
[35m[HTTP][39m [37m<-- POST /wd/hub/session/fd1fb30b-4044-4683-a82e-668ae9ccaf63/timeouts [39m[32m200[39m [90m2 ms - 14[39m
[35m[HTTP][39m [90m[39m
[35m[HTTP][39m [37m-->[39m [37mPOST[39m [37m/wd/hub/session/fd1fb30b-4044-4683-a82e-668ae9ccaf63/touch/perform[39m
[35m[HTTP][39m [90m{"actions":[{"action":"tap","options":{"x":1,"y":1,"element":"00000000-0000-0824-ffff-ffff0000485b"}},{"action":"release","options":{}}]}[39m
[35m[UiAutomator2][39m calling get location: 00000000-0000-0824-ffff-ffff0000485b
[35m[HTTP][39m [37m<-- POST /wd/hub/session/fd1fb30b-4044-4683-a82e-668ae9ccaf63/touch/perform [39m[32m200[39m [90m224 ms - 14[39m
[35m[HTTP][39m [90m[39m
[35m[HTTP][39m [37m-->[39m [37mGET[39m [37m/wd/hub/session/fd1fb30b-4044-4683-a82e-668ae9ccaf63/context[39m
[35m[HTTP][39m [90m{}[39m
[35m[HTTP][39m [37m<-- GET /wd/hub/session/fd1fb30b-4044-4683-a82e-668ae9ccaf63/context [39m[32m200[39m [90m2 ms - 22[39m
[35m[HTTP][39m [90m[39m
[35m[HTTP][39m [37m-->[39m [37mGET[39m [37m/wd/hub/session/fd1fb30b-4044-4683-a82e-668ae9ccaf63/contexts[39m
[35m[HTTP][39m [90m{}[39m
[35m[HTTP][39m [37m<-- GET /wd/hub/session/fd1fb30b-4044-4683-a82e-668ae9ccaf63/contexts [39m[32m200[39m [90m98 ms - 24[39m
[35m[HTTP][39m [90m[39m
[35m[HTTP][39m [37m-->[39m [37mPOST[39m [37m/wd/hub/session/fd1fb30b-4044-4683-a82e-668ae9ccaf63/context[39m
[35m[HTTP][39m [90m{"name":"NATIVE_APP"}[39m
[35m[HTTP][39m [37m<-- POST /wd/hub/session/fd1fb30b-4044-4683-a82e-668ae9ccaf63/context [39m[32m200[39m [90m1 ms - 14[39m
[35m[HTTP][39m [90m[39m
[35m[HTTP][39m [37m-->[39m [37mGET[39m [37m/wd/hub/session/fd1fb30b-4044-4683-a82e-668ae9ccaf63/window/rect[39m
[35m[HTTP][39m [90m{}[39m
[35m[HTTP][39m [37m<-- GET /wd/hub/session/fd1fb30b-4044-4683-a82e-668ae9ccaf63/window/rect [39m[32m200[39m [90m21 ms - 50[39m
[35m[HTTP][39m [90m[39m
[35m[HTTP][39m [37m-->[39m [37mPOST[39m [37m/wd/hub/session/fd1fb30b-4044-4683-a82e-668ae9ccaf63/execute/sync[39m
[35m[HTTP][39m [90m{"script":"mobile: viewportScreenshot","args":[]}[39m
[35m[AndroidDriver][39m Executing native command 'mobile: viewportScreenshot'
[35m[HTTP][39m [37m<-- POST /wd/hub/session/fd1fb30b-4044-4683-a82e-668ae9ccaf63/execute/sync [39m[32m200[39m [90m1212 ms - 142668[39m
[35m[HTTP][39m [90m[39m
[35m[HTTP][39m [37m-->[39m [37mPOST[39m [37m/wd/hub/session/fd1fb30b-4044-4683-a82e-668ae9ccaf63/context[39m
[35m[HTTP][39m [90m{"name":"NATIVE_APP"}[39m
[35m[HTTP][39m [37m<-- POST /wd/hub/session/fd1fb30b-4044-4683-a82e-668ae9ccaf63/context [39m[32m200[39m [90m1 ms - 14[39m
[35m[HTTP][39m [90m[39m
[35m[HTTP][39m [37m-->[39m [37mPOST[39m [37m/wd/hub/session/fd1fb30b-4044-4683-a82e-668ae9ccaf63/timeouts[39m
[35m[HTTP][39m [90m{"implicit":50}[39m
[35m[HTTP][39m [37m<-- POST /wd/hub/session/fd1fb30b-4044-4683-a82e-668ae9ccaf63/timeouts [39m[32m200[39m [90m1 ms - 14[39m
[35m[HTTP][39m [90m[39m
[35m[HTTP][39m [37m-->[39m [37mGET[39m [37m/wd/hub/session/fd1fb30b-4044-4683-a82e-668ae9ccaf63/window/rect[39m
[35m[HTTP][39m [90m{}[39m
[35m[HTTP][39m [37m<-- GET /wd/hub/session/fd1fb30b-4044-4683-a82e-668ae9ccaf63/window/rect [39m[32m200[39m [90m22 ms - 50[39m
[35m[HTTP][39m [90m[39m
[35m[HTTP][39m [37m-->[39m [37mPOST[39m [37m/wd/hub/session/fd1fb30b-4044-4683-a82e-668ae9ccaf63/elements[39m
[35m[HTTP][39m [90m{"using":"xpath","value":"//*[@class = 'android.widget.Button' and (@text = 'Kembali' or . = 'Kembali') and @resource-id = 'com.vq.mbrochuregp.client.android:id/btn_renewal_asuransi_save_kembali']"}[39m
[35m[HTTP][39m [37m<-- POST /wd/hub/session/fd1fb30b-4044-4683-a82e-668ae9ccaf63/elements [39m[32m200[39m [90m172 ms - 139[39m
[35m[HTTP][39m [90m[39m
[35m[HTTP][39m [37m-->[39m [37mGET[39m [37m/wd/hub/session/fd1fb30b-4044-4683-a82e-668ae9ccaf63/element/00000000-0000-0825-ffff-ffff00004870/location[39m
[35m[HTTP][39m [90m{}[39m
[35m[W3C (fd1fb30b)][39m Driver proxy active, passing request on via HTTP proxy
[35m[WD Proxy][39m Replacing sessionId 182a7305-62cb-4d97-bda4-5e13a04a26f8 with fd1fb30b-4044-4683-a82e-668ae9ccaf63
[35m[HTTP][39m [37m<-- GET /wd/hub/session/fd1fb30b-4044-4683-a82e-668ae9ccaf63/element/00000000-0000-0825-ffff-ffff00004870/location [39m[32m200[39m [90m33 ms - 79[39m
[35m[HTTP][39m [90m[39m
[35m[HTTP][39m [37m-->[39m [37mPOST[39m [37m/wd/hub/session/fd1fb30b-4044-4683-a82e-668ae9ccaf63/timeouts[39m
[35m[HTTP][39m [90m{"implicit":30000}[39m
[35m[HTTP][39m [37m<-- POST /wd/hub/session/fd1fb30b-4044-4683-a82e-668ae9ccaf63/timeouts [39m[32m200[39m [90m2 ms - 14[39m
[35m[HTTP][39m [90m[39m
[35m[HTTP][39m [37m-->[39m [37mPOST[39m [37m/wd/hub/session/fd1fb30b-4044-4683-a82e-668ae9ccaf63/touch/perform[39m
[35m[HTTP][39m [90m{"actions":[{"action":"tap","options":{"x":1,"y":1,"element":"00000000-0000-0825-ffff-ffff00004870"}},{"action":"release","options":{}}]}[39m
[35m[UiAutomator2][39m calling get location: 00000000-0000-0825-ffff-ffff00004870
[35m[HTTP][39m [37m<-- POST /wd/hub/session/fd1fb30b-4044-4683-a82e-668ae9ccaf63/touch/perform [39m[32m200[39m [90m209 ms - 14[39m
[35m[HTTP][39m [90m[39m
[35m[HTTP][39m [37m-->[39m [37mGET[39m [37m/wd/hub/session/fd1fb30b-4044-4683-a82e-668ae9ccaf63/context[39m
[35m[HTTP][39m [90m{}[39m
[35m[HTTP][39m [37m<-- GET /wd/hub/session/fd1fb30b-4044-4683-a82e-668ae9ccaf63/context [39m[32m200[39m [90m2 ms - 22[39m
[35m[HTTP][39m [90m[39m
[35m[HTTP][39m [37m-->[39m [37mGET[39m [37m/wd/hub/session/fd1fb30b-4044-4683-a82e-668ae9ccaf63/contexts[39m
[35m[HTTP][39m [90m{}[39m
[35m[HTTP][39m [37m<-- GET /wd/hub/session/fd1fb30b-4044-4683-a82e-668ae9ccaf63/contexts [39m[32m200[39m [90m159 ms - 24[39m
[35m[HTTP][39m [90m[39m
[35m[HTTP][39m [37m-->[39m [37mPOST[39m [37m/wd/hub/session/fd1fb30b-4044-4683-a82e-668ae9ccaf63/context[39m
[35m[HTTP][39m [90m{"name":"NATIVE_APP"}[39m
[35m[HTTP][39m [37m<-- POST /wd/hub/session/fd1fb30b-4044-4683-a82e-668ae9ccaf63/context [39m[32m200[39m [90m1 ms - 14[39m
[35m[HTTP][39m [90m[39m
[35m[HTTP][39m [37m-->[39m [37mPOST[39m [37m/wd/hub/session/fd1fb30b-4044-4683-a82e-668ae9ccaf63/appium/device/press_keycode[39m
[35m[HTTP][39m [90m{"keycode":4}[39m
[35m[HTTP][39m [37m<-- POST /wd/hub/session/fd1fb30b-4044-4683-a82e-668ae9ccaf63/appium/device/press_keycode [39m[32m200[39m [90m1183 ms - 14[39m
[35m[HTTP][39m [90m[39m
[35m[HTTP][39m [37m-->[39m [37mPOST[39m [37m/wd/hub/session/fd1fb30b-4044-4683-a82e-668ae9ccaf63/context[39m
[35m[HTTP][39m [90m{"name":"NATIVE_APP"}[39m
[35m[HTTP][39m [37m<-- POST /wd/hub/session/fd1fb30b-4044-4683-a82e-668ae9ccaf63/context [39m[32m200[39m [90m2 ms - 14[39m
[35m[HTTP][39m [90m[39m
[35m[HTTP][39m [37m-->[39m [37mGET[39m [37m/wd/hub/session/fd1fb30b-4044-4683-a82e-668ae9ccaf63/context[39m
[35m[HTTP][39m [90m{}[39m
[35m[HTTP][39m [37m<-- GET /wd/hub/session/fd1fb30b-4044-4683-a82e-668ae9ccaf63/context [39m[32m200[39m [90m2 ms - 22[39m
[35m[HTTP][39m [90m[39m
[35m[HTTP][39m [37m-->[39m [37mGET[39m [37m/wd/hub/session/fd1fb30b-4044-4683-a82e-668ae9ccaf63/contexts[39m
[35m[HTTP][39m [90m{}[39m
[35m[HTTP][39m [37m<-- GET /wd/hub/session/fd1fb30b-4044-4683-a82e-668ae9ccaf63/contexts [39m[32m200[39m [90m104 ms - 24[39m
[35m[HTTP][39m [90m[39m
[35m[HTTP][39m [37m-->[39m [37mPOST[39m [37m/wd/hub/session/fd1fb30b-4044-4683-a82e-668ae9ccaf63/context[39m
[35m[HTTP][39m [90m{"name":"NATIVE_APP"}[39m
[35m[HTTP][39m [37m<-- POST /wd/hub/session/fd1fb30b-4044-4683-a82e-668ae9ccaf63/context [39m[32m200[39m [90m2 ms - 14[39m
[35m[HTTP][39m [90m[39m
[35m[HTTP][39m [37m-->[39m [37mPOST[39m [37m/wd/hub/session/fd1fb30b-4044-4683-a82e-668ae9ccaf63/appium/device/press_keycode[39m
[35m[HTTP][39m [90m{"keycode":4}[39m
[35m[HTTP][39m [37m<-- POST /wd/hub/session/fd1fb30b-4044-4683-a82e-668ae9ccaf63/appium/device/press_keycode [39m[32m200[39m [90m1684 ms - 14[39m
[35m[HTTP][39m [90m[39m
[35m[HTTP][39m [37m-->[39m [37mPOST[39m [37m/wd/hub/session/fd1fb30b-4044-4683-a82e-668ae9ccaf63/context[39m
[35m[HTTP][39m [90m{"name":"NATIVE_APP"}[39m
[35m[HTTP][39m [37m<-- POST /wd/hub/session/fd1fb30b-4044-4683-a82e-668ae9ccaf63/context [39m[32m200[39m [90m2 ms - 14[39m
[35m[HTTP][39m [90m[39m
[35m[HTTP][39m [37m-->[39m [37mGET[39m [37m/wd/hub/session/fd1fb30b-4044-4683-a82e-668ae9ccaf63/window/rect[39m
[35m[HTTP][39m [90m{}[39m
[35m[HTTP][39m [37m<-- GET /wd/hub/session/fd1fb30b-4044-4683-a82e-668ae9ccaf63/window/rect [39m[32m200[39m [90m20 ms - 50[39m
[35m[HTTP][39m [90m[39m
[35m[HTTP][39m [37m-->[39m [37mPOST[39m [37m/wd/hub/session/fd1fb30b-4044-4683-a82e-668ae9ccaf63/elements[39m
[35m[HTTP][39m [90m{"using":"xpath","value":"//*[@resource-id = 'com.vq.mbrochuregp.client.android:id/iv_home_profil_icon' and @package = 'com.vq.mbrochuregp.client.android']"}[39m
[35m[HTTP][39m [37m<-- POST /wd/hub/session/fd1fb30b-4044-4683-a82e-668ae9ccaf63/elements [39m[32m200[39m [90m844 ms - 139[39m
[35m[HTTP][39m [90m[39m
[35m[HTTP][39m [37m-->[39m [37mGET[39m [37m/wd/hub/session/fd1fb30b-4044-4683-a82e-668ae9ccaf63/element/00000000-0000-082a-ffff-ffff0000491c/location[39m
[35m[HTTP][39m [90m{}[39m
[35m[W3C (fd1fb30b)][39m Driver proxy active, passing request on via HTTP proxy
[35m[WD Proxy][39m Replacing sessionId 182a7305-62cb-4d97-bda4-5e13a04a26f8 with fd1fb30b-4044-4683-a82e-668ae9ccaf63
[35m[HTTP][39m [37m<-- GET /wd/hub/session/fd1fb30b-4044-4683-a82e-668ae9ccaf63/element/00000000-0000-082a-ffff-ffff0000491c/location [39m[32m200[39m [90m625 ms - 79[39m
[35m[HTTP][39m [90m[39m
[35m[HTTP][39m [37m-->[39m [37mPOST[39m [37m/wd/hub/session/fd1fb30b-4044-4683-a82e-668ae9ccaf63/element/00000000-0000-082a-ffff-ffff0000491c/click[39m
[35m[HTTP][39m [90m{"id":"00000000-0000-082a-ffff-ffff0000491c"}[39m
[35m[HTTP][39m [37m<-- POST /wd/hub/session/fd1fb30b-4044-4683-a82e-668ae9ccaf63/element/00000000-0000-082a-ffff-ffff0000491c/click [39m[32m200[39m [90m69 ms - 14[39m
[35m[HTTP][39m [90m[39m
[35m[HTTP][39m [37m-->[39m [37mDELETE[39m [37m/wd/hub/session/fd1fb30b-4044-4683-a82e-668ae9ccaf63[39m
[35m[HTTP][39m [90m{}[39m
[35m[Appium][39m Removing session fd1fb30b-4044-4683-a82e-668ae9ccaf63 from our master session list
[35m[UiAutomator2][39m Restoring hidden api policy to the device default configuration
[35m[HTTP][39m [37m<-- DELETE /wd/hub/session/fd1fb30b-4044-4683-a82e-668ae9ccaf63 [39m[32m200[39m [90m508 ms - 14[39m
[35m[HTTP][39m [90m[39m
