[35m[Appium][39m Welcome to Appium v1.22.2
[35m[Appium][39m Non-default server args:
[35m[Appium][39m   port: 61410
[35m[Appium][39m   loglevel: info
[35m[Appium][39m   tmpDir: C:\Users\NIAYUS~1\AppData\Local\Temp\\Katalon\Appium\Temp1655371070814
[35m[Appium][39m   chromedriverPort: 61411
[35m[Appium][39m Deprecated server args:
[35m[Appium][39m   [31m--chromedriver-port[39m => --default-capabilities
[35m[Appium][39m Default capabilities, which will be added to each request unless overridden by desired capabilities:
[35m[Appium][39m   chromedriverPort: 61411
[35m[Appium][39m Appium REST http interface listener started on 0.0.0.0:61410
[35m[HTTP][39m [37m-->[39m [37mGET[39m [37m/wd/hub/status[39m
[35m[HTTP][39m [90m{}[39m
[35m[HTTP][39m [37m<-- GET /wd/hub/status [39m[32m200[39m [90m8 ms - 68[39m
[35m[HTTP][39m [90m[39m
[35m[HTTP][39m [37m-->[39m [37mPOST[39m [37m/wd/hub/session[39m
[35m[HTTP][39m [90m{"desiredCapabilities":{"appActivity":".Settings","appPackage":"com.android.settings","newCommandTimeout":1800,"platformVersion":"11","automationName":"uiautomator2","autoGrantPermissions":true,"platformName":"Android","udid":"RR8N605F11Y","deviceName":"samsung SM-M315F (Android 11)","platform":"ANDROID","systemPort":8244},"capabilities":{"firstMatch":[{"appium:appActivity":".Settings","appium:appPackage":"com.android.settings","appium:autoGrantPermissions":true,"appium:automationName":"uiautomator2","appium:deviceName":"samsung SM-M315F (Android 11)","appium:newCommandTimeout":1800,"platform":"ANDROID","platformName":"android","appium:platformVersion":"11","appium:systemPort":8244,"appium:udid":"RR8N605F11Y"}]}}[39m
[35m[BaseDriver][39m The following capabilities are not standard capabilities and should have an extension prefix:
[35m[BaseDriver][39m   platform
[35m[BaseDriver][39m   chromedriverPort
[35m[Appium][39m Appium v1.22.2 creating new AndroidUiautomator2Driver (v1.70.1) session
[35m[BaseDriver][39m The following capabilities were provided, but are not recognized by Appium:
[35m[BaseDriver][39m   platform
[35m[BaseDriver][39m Session created with session id: 7c5d475c-3200-44b2-ad28-9796f8b9c0a4
[35m[UiAutomator2][39m Starting 'com.android.settings' directly on the device
[35m[ADB][39m Cannot sort build-tools folders ["29.0.3","android-8.1.0"] by semantic version names.
[35m[ADB][39m Falling back to sorting by modification date. Original error: Invalid Version: android-8.1.0
[35m[ADB][39m Found 2 'build-tools' folders under 'C:\Users\Nia Yusniati\.katalon\tools\android_sdk' (newest first):
[35m[ADB][39m     C:/Users/Nia Yusniati/.katalon/tools/android_sdk/build-tools/29.0.3
[35m[ADB][39m     C:/Users/Nia Yusniati/.katalon/tools/android_sdk/build-tools/android-8.1.0
[35m[ADB][39m Using 'adb.exe' from 'C:\Users\Nia Yusniati\.katalon\tools\android_sdk\platform-tools\adb.exe'
[35m[AndroidDriver][39m Retrieving device list
[35m[AndroidDriver][39m Using device: RR8N605F11Y
[35m[ADB][39m Using 'adb.exe' from 'C:\Users\Nia Yusniati\.katalon\tools\android_sdk\platform-tools\adb.exe'
[35m[ADB][39m Getting device platform version
[35m[UiAutomator2][39m Relaxing hidden api policy
[35m[AndroidDriver][39m No app sent in, not parsing package/activity
[35m[ADB][39m Using 'apksigner.jar' from 'C:\Users\Nia Yusniati\.katalon\tools\android_sdk\build-tools\29.0.3\lib\apksigner.jar'
[35m[ADB][39m 'C:\Users\Nia Yusniati\AppData\Roaming\npm\node_modules\appium\node_modules\appium-uiautomator2-server\apks\appium-uiautomator2-server-v4.27.0.apk' is signed with the default certificate
[35m[ADB][39m 'C:\Users\Nia Yusniati\AppData\Roaming\npm\node_modules\appium\node_modules\appium-uiautomator2-server\apks\appium-uiautomator2-server-debug-androidTest.apk' is signed with the default certificate
[35m[UiAutomator2][39m Server packages are not going to be (re)installed
[35m[ADB][39m Adding packages ["io.appium.settings","io.appium.uiautomator2.server","io.appium.uiautomator2.server.test"] to Doze whitelist
[35m[UiAutomator2][39m Starting UIAutomator2 server 4.27.0
[35m[UiAutomator2][39m Using UIAutomator2 server from 'C:\Users\Nia Yusniati\AppData\Roaming\npm\node_modules\appium\node_modules\appium-uiautomator2-server\apks\appium-uiautomator2-server-v4.27.0.apk' and test from 'C:\Users\Nia Yusniati\AppData\Roaming\npm\node_modules\appium\node_modules\appium-uiautomator2-server\apks\appium-uiautomator2-server-debug-androidTest.apk'
[35m[UiAutomator2][39m Waiting up to 30000ms for UiAutomator2 to be online...
[35m[WD Proxy][39m socket hang up
[35m[WD Proxy][39m socket hang up
[35m[WD Proxy][39m socket hang up
[35m[WD Proxy][39m Determined the downstream protocol as 'W3C'
[35m[AndroidDriver][39m Screen already unlocked, doing nothing
[35m[UiAutomator2][39m Starting 'com.android.settings/.Settings and waiting for 'com.android.settings/.Settings'
[35m[Appium][39m New AndroidUiautomator2Driver session created successfully, session 7c5d475c-3200-44b2-ad28-9796f8b9c0a4 added to master session list
[35m[HTTP][39m [37m<-- POST /wd/hub/session [39m[32m200[39m [90m9928 ms - 1158[39m
[35m[HTTP][39m [90m[39m
[35m[HTTP][39m [37m-->[39m [37mGET[39m [37m/wd/hub/session/7c5d475c-3200-44b2-ad28-9796f8b9c0a4[39m
[35m[HTTP][39m [90m{}[39m
[35m[HTTP][39m [37m<-- GET /wd/hub/session/7c5d475c-3200-44b2-ad28-9796f8b9c0a4 [39m[32m200[39m [90m12 ms - 1112[39m
[35m[HTTP][39m [90m[39m
[35m[HTTP][39m [37m-->[39m [37mGET[39m [37m/wd/hub/session/7c5d475c-3200-44b2-ad28-9796f8b9c0a4[39m
[35m[HTTP][39m [90m{}[39m
[35m[HTTP][39m [37m<-- GET /wd/hub/session/7c5d475c-3200-44b2-ad28-9796f8b9c0a4 [39m[32m200[39m [90m11 ms - 1112[39m
[35m[HTTP][39m [90m[39m
[35m[HTTP][39m [37m-->[39m [37mGET[39m [37m/wd/hub/status[39m
[35m[HTTP][39m [90m{}[39m
[35m[HTTP][39m [37m<-- GET /wd/hub/status [39m[32m200[39m [90m1 ms - 68[39m
[35m[HTTP][39m [90m[39m
[35m[HTTP][39m [37m-->[39m [37mPOST[39m [37m/wd/hub/session/7c5d475c-3200-44b2-ad28-9796f8b9c0a4/timeouts[39m
[35m[HTTP][39m [90m{"implicit":30000}[39m
[35m[HTTP][39m [37m<-- POST /wd/hub/session/7c5d475c-3200-44b2-ad28-9796f8b9c0a4/timeouts [39m[32m200[39m [90m4 ms - 14[39m
[35m[HTTP][39m [90m[39m
[35m[HTTP][39m [37m-->[39m [37mGET[39m [37m/wd/hub/session/7c5d475c-3200-44b2-ad28-9796f8b9c0a4/screenshot[39m
[35m[HTTP][39m [90m{}[39m
[35m[HTTP][39m [37m<-- GET /wd/hub/session/7c5d475c-3200-44b2-ad28-9796f8b9c0a4/screenshot [39m[32m200[39m [90m520 ms - 217798[39m
[35m[HTTP][39m [90m[39m
[35m[HTTP][39m [37m-->[39m [37mGET[39m [37m/wd/hub/session/7c5d475c-3200-44b2-ad28-9796f8b9c0a4/window/rect[39m
[35m[HTTP][39m [90m{}[39m
[35m[HTTP][39m [37m<-- GET /wd/hub/session/7c5d475c-3200-44b2-ad28-9796f8b9c0a4/window/rect [39m[32m200[39m [90m24 ms - 50[39m
[35m[HTTP][39m [90m[39m
[35m[HTTP][39m [37m-->[39m [37mGET[39m [37m/wd/hub/session/7c5d475c-3200-44b2-ad28-9796f8b9c0a4/appium/device/system_bars[39m
[35m[HTTP][39m [90m{}[39m
[35m[HTTP][39m [37m<-- GET /wd/hub/session/7c5d475c-3200-44b2-ad28-9796f8b9c0a4/appium/device/system_bars [39m[32m200[39m [90m113 ms - 148[39m
[35m[HTTP][39m [90m[39m
[35m[HTTP][39m [37m-->[39m [37mPOST[39m [37m/wd/hub/session/7c5d475c-3200-44b2-ad28-9796f8b9c0a4/appium/device/activate_app[39m
[35m[HTTP][39m [90m{"bundleId":"com.vq.mbrochuregp.client.android"}[39m
[35m[HTTP][39m [37m<-- POST /wd/hub/session/7c5d475c-3200-44b2-ad28-9796f8b9c0a4/appium/device/activate_app [39m[32m200[39m [90m537 ms - 14[39m
[35m[HTTP][39m [90m[39m
[35m[HTTP][39m [37m-->[39m [37mGET[39m [37m/wd/hub/session/7c5d475c-3200-44b2-ad28-9796f8b9c0a4/window/rect[39m
[35m[HTTP][39m [90m{}[39m
[35m[HTTP][39m [37m<-- GET /wd/hub/session/7c5d475c-3200-44b2-ad28-9796f8b9c0a4/window/rect [39m[32m200[39m [90m14 ms - 50[39m
[35m[HTTP][39m [90m[39m
[35m[HTTP][39m [37m-->[39m [37mPOST[39m [37m/wd/hub/session/7c5d475c-3200-44b2-ad28-9796f8b9c0a4/elements[39m
[35m[HTTP][39m [90m{"using":"xpath","value":"//*[@resource-id = 'com.vq.mbrochuregp.client.android:id/iv_home_profil_icon' and @package = 'com.vq.mbrochuregp.client.android']"}[39m
[35m[HTTP][39m [37m<-- POST /wd/hub/session/7c5d475c-3200-44b2-ad28-9796f8b9c0a4/elements [39m[32m200[39m [90m511 ms - 139[39m
[35m[HTTP][39m [90m[39m
[35m[HTTP][39m [37m-->[39m [37mGET[39m [37m/wd/hub/session/7c5d475c-3200-44b2-ad28-9796f8b9c0a4/element/00000000-0000-0999-ffff-ffff0000068d/location[39m
[35m[HTTP][39m [90m{}[39m
[35m[W3C (7c5d475c)][39m Driver proxy active, passing request on via HTTP proxy
[35m[WD Proxy][39m Replacing sessionId 58caeb08-b885-4f9d-9abf-bb074058d94f with 7c5d475c-3200-44b2-ad28-9796f8b9c0a4
[35m[HTTP][39m [37m<-- GET /wd/hub/session/7c5d475c-3200-44b2-ad28-9796f8b9c0a4/element/00000000-0000-0999-ffff-ffff0000068d/location [39m[32m200[39m [90m15 ms - 79[39m
[35m[HTTP][39m [90m[39m
[35m[HTTP][39m [37m-->[39m [37mPOST[39m [37m/wd/hub/session/7c5d475c-3200-44b2-ad28-9796f8b9c0a4/element/00000000-0000-0999-ffff-ffff0000068d/click[39m
[35m[HTTP][39m [90m{"id":"00000000-0000-0999-ffff-ffff0000068d"}[39m
[35m[HTTP][39m [37m<-- POST /wd/hub/session/7c5d475c-3200-44b2-ad28-9796f8b9c0a4/element/00000000-0000-0999-ffff-ffff0000068d/click [39m[32m200[39m [90m547 ms - 14[39m
[35m[HTTP][39m [90m[39m
[35m[HTTP][39m [37m-->[39m [37mPOST[39m [37m/wd/hub/session/7c5d475c-3200-44b2-ad28-9796f8b9c0a4/timeouts[39m
[35m[HTTP][39m [90m{"implicit":50}[39m
[35m[HTTP][39m [37m<-- POST /wd/hub/session/7c5d475c-3200-44b2-ad28-9796f8b9c0a4/timeouts [39m[32m200[39m [90m6 ms - 14[39m
[35m[HTTP][39m [90m[39m
[35m[HTTP][39m [37m-->[39m [37mGET[39m [37m/wd/hub/session/7c5d475c-3200-44b2-ad28-9796f8b9c0a4/window/rect[39m
[35m[HTTP][39m [90m{}[39m
[35m[HTTP][39m [37m<-- GET /wd/hub/session/7c5d475c-3200-44b2-ad28-9796f8b9c0a4/window/rect [39m[32m200[39m [90m18 ms - 50[39m
[35m[HTTP][39m [90m[39m
[35m[HTTP][39m [37m-->[39m [37mPOST[39m [37m/wd/hub/session/7c5d475c-3200-44b2-ad28-9796f8b9c0a4/elements[39m
[35m[HTTP][39m [90m{"using":"xpath","value":"//hierarchy/android.widget.FrameLayout[1]/android.widget.LinearLayout[1]/android.widget.FrameLayout[1]/android.widget.LinearLayout[1]/android.widget.FrameLayout[1]/android.view.ViewGroup[1]/android.widget.ScrollView[1]/android.widget.LinearLayout[1]/android.view.ViewGroup[1]/android.widget.LinearLayout[1]/android.widget.FrameLayout[1]/android.widget.EditText[1]"}[39m
[35m[HTTP][39m [37m<-- POST /wd/hub/session/7c5d475c-3200-44b2-ad28-9796f8b9c0a4/elements [39m[32m200[39m [90m77 ms - 139[39m
[35m[HTTP][39m [90m[39m
[35m[HTTP][39m [37m-->[39m [37mGET[39m [37m/wd/hub/session/7c5d475c-3200-44b2-ad28-9796f8b9c0a4/element/00000000-0000-09b6-ffff-ffff00000707/location[39m
[35m[HTTP][39m [90m{}[39m
[35m[W3C (7c5d475c)][39m Driver proxy active, passing request on via HTTP proxy
[35m[WD Proxy][39m Replacing sessionId 58caeb08-b885-4f9d-9abf-bb074058d94f with 7c5d475c-3200-44b2-ad28-9796f8b9c0a4
[35m[HTTP][39m [37m<-- GET /wd/hub/session/7c5d475c-3200-44b2-ad28-9796f8b9c0a4/element/00000000-0000-09b6-ffff-ffff00000707/location [39m[32m200[39m [90m19 ms - 77[39m
[35m[HTTP][39m [90m[39m
[35m[HTTP][39m [37m-->[39m [37mPOST[39m [37m/wd/hub/session/7c5d475c-3200-44b2-ad28-9796f8b9c0a4/timeouts[39m
[35m[HTTP][39m [90m{"implicit":30000}[39m
[35m[HTTP][39m [37m<-- POST /wd/hub/session/7c5d475c-3200-44b2-ad28-9796f8b9c0a4/timeouts [39m[32m200[39m [90m2 ms - 14[39m
[35m[HTTP][39m [90m[39m
[35m[HTTP][39m [37m-->[39m [37mPOST[39m [37m/wd/hub/session/7c5d475c-3200-44b2-ad28-9796f8b9c0a4/element/00000000-0000-09b6-ffff-ffff00000707/clear[39m
[35m[HTTP][39m [90m{"id":"00000000-0000-09b6-ffff-ffff00000707"}[39m
[35m[HTTP][39m [37m<-- POST /wd/hub/session/7c5d475c-3200-44b2-ad28-9796f8b9c0a4/element/00000000-0000-09b6-ffff-ffff00000707/clear [39m[32m200[39m [90m18 ms - 14[39m
[35m[HTTP][39m [90m[39m
[35m[HTTP][39m [37m-->[39m [37mPOST[39m [37m/wd/hub/session/7c5d475c-3200-44b2-ad28-9796f8b9c0a4/element/00000000-0000-09b6-ffff-ffff00000707/value[39m
[35m[HTTP][39m [90m{"id":"00000000-0000-09b6-ffff-ffff00000707","text":"luknul@mailinator.com","value":["l","u","k","n","u","l","@","m","a","i","l","i","n","a","t","o","r",".","c","o","m"]}[39m
[35m[HTTP][39m [37m<-- POST /wd/hub/session/7c5d475c-3200-44b2-ad28-9796f8b9c0a4/element/00000000-0000-09b6-ffff-ffff00000707/value [39m[32m200[39m [90m1026 ms - 14[39m
[35m[HTTP][39m [90m[39m
[35m[HTTP][39m [37m-->[39m [37mPOST[39m [37m/wd/hub/session/7c5d475c-3200-44b2-ad28-9796f8b9c0a4/timeouts[39m
[35m[HTTP][39m [90m{"implicit":50}[39m
[35m[HTTP][39m [37m<-- POST /wd/hub/session/7c5d475c-3200-44b2-ad28-9796f8b9c0a4/timeouts [39m[32m200[39m [90m2 ms - 14[39m
[35m[HTTP][39m [90m[39m
[35m[HTTP][39m [37m-->[39m [37mGET[39m [37m/wd/hub/session/7c5d475c-3200-44b2-ad28-9796f8b9c0a4/window/rect[39m
[35m[HTTP][39m [90m{}[39m
[35m[HTTP][39m [37m<-- GET /wd/hub/session/7c5d475c-3200-44b2-ad28-9796f8b9c0a4/window/rect [39m[32m200[39m [90m29 ms - 50[39m
[35m[HTTP][39m [90m[39m
[35m[HTTP][39m [37m-->[39m [37mPOST[39m [37m/wd/hub/session/7c5d475c-3200-44b2-ad28-9796f8b9c0a4/elements[39m
[35m[HTTP][39m [90m{"using":"xpath","value":"//hierarchy/android.widget.FrameLayout[1]/android.widget.LinearLayout[1]/android.widget.FrameLayout[1]/android.widget.LinearLayout[1]/android.widget.FrameLayout[1]/android.view.ViewGroup[1]/android.widget.ScrollView[1]/android.widget.LinearLayout[1]/android.view.ViewGroup[1]/android.widget.LinearLayout[2]/android.widget.FrameLayout[1]/android.widget.EditText[1]"}[39m
[35m[HTTP][39m [37m<-- POST /wd/hub/session/7c5d475c-3200-44b2-ad28-9796f8b9c0a4/elements [39m[32m200[39m [90m433 ms - 139[39m
[35m[HTTP][39m [90m[39m
[35m[HTTP][39m [37m-->[39m [37mGET[39m [37m/wd/hub/session/7c5d475c-3200-44b2-ad28-9796f8b9c0a4/element/00000000-0000-09b6-ffff-ffff0000070b/location[39m
[35m[HTTP][39m [90m{}[39m
[35m[W3C (7c5d475c)][39m Driver proxy active, passing request on via HTTP proxy
[35m[WD Proxy][39m Replacing sessionId 58caeb08-b885-4f9d-9abf-bb074058d94f with 7c5d475c-3200-44b2-ad28-9796f8b9c0a4
[35m[HTTP][39m [37m<-- GET /wd/hub/session/7c5d475c-3200-44b2-ad28-9796f8b9c0a4/element/00000000-0000-09b6-ffff-ffff0000070b/location [39m[32m200[39m [90m30 ms - 78[39m
[35m[HTTP][39m [90m[39m
[35m[HTTP][39m [37m-->[39m [37mPOST[39m [37m/wd/hub/session/7c5d475c-3200-44b2-ad28-9796f8b9c0a4/timeouts[39m
[35m[HTTP][39m [90m{"implicit":30000}[39m
[35m[HTTP][39m [37m<-- POST /wd/hub/session/7c5d475c-3200-44b2-ad28-9796f8b9c0a4/timeouts [39m[32m200[39m [90m1 ms - 14[39m
[35m[HTTP][39m [90m[39m
[35m[HTTP][39m [37m-->[39m [37mPOST[39m [37m/wd/hub/session/7c5d475c-3200-44b2-ad28-9796f8b9c0a4/element/00000000-0000-09b6-ffff-ffff0000070b/clear[39m
[35m[HTTP][39m [90m{"id":"00000000-0000-09b6-ffff-ffff0000070b"}[39m
[35m[HTTP][39m [37m<-- POST /wd/hub/session/7c5d475c-3200-44b2-ad28-9796f8b9c0a4/element/00000000-0000-09b6-ffff-ffff0000070b/clear [39m[32m200[39m [90m33 ms - 14[39m
[35m[HTTP][39m [90m[39m
[35m[HTTP][39m [37m-->[39m [37mPOST[39m [37m/wd/hub/session/7c5d475c-3200-44b2-ad28-9796f8b9c0a4/element/00000000-0000-09b6-ffff-ffff0000070b/value[39m
[35m[HTTP][39m [90m{"id":"00000000-0000-09b6-ffff-ffff0000070b","text":"123abc","value":["1","2","3","a","b","c"]}[39m
[35m[HTTP][39m [37m<-- POST /wd/hub/session/7c5d475c-3200-44b2-ad28-9796f8b9c0a4/element/00000000-0000-09b6-ffff-ffff0000070b/value [39m[32m200[39m [90m1008 ms - 14[39m
[35m[HTTP][39m [90m[39m
[35m[HTTP][39m [37m-->[39m [37mGET[39m [37m/wd/hub/session/7c5d475c-3200-44b2-ad28-9796f8b9c0a4/context[39m
[35m[HTTP][39m [90m{}[39m
[35m[HTTP][39m [37m<-- GET /wd/hub/session/7c5d475c-3200-44b2-ad28-9796f8b9c0a4/context [39m[32m200[39m [90m1 ms - 22[39m
[35m[HTTP][39m [90m[39m
[35m[HTTP][39m [37m-->[39m [37mGET[39m [37m/wd/hub/session/7c5d475c-3200-44b2-ad28-9796f8b9c0a4/contexts[39m
[35m[HTTP][39m [90m{}[39m
[35m[HTTP][39m [37m<-- GET /wd/hub/session/7c5d475c-3200-44b2-ad28-9796f8b9c0a4/contexts [39m[32m200[39m [90m83 ms - 24[39m
[35m[HTTP][39m [90m[39m
[35m[HTTP][39m [37m-->[39m [37mPOST[39m [37m/wd/hub/session/7c5d475c-3200-44b2-ad28-9796f8b9c0a4/context[39m
[35m[HTTP][39m [90m{"name":"NATIVE_APP"}[39m
[35m[HTTP][39m [37m<-- POST /wd/hub/session/7c5d475c-3200-44b2-ad28-9796f8b9c0a4/context [39m[32m200[39m [90m2 ms - 14[39m
[35m[HTTP][39m [90m[39m
[35m[HTTP][39m [37m-->[39m [37mGET[39m [37m/wd/hub/session/7c5d475c-3200-44b2-ad28-9796f8b9c0a4/window/rect[39m
[35m[HTTP][39m [90m{}[39m
[35m[HTTP][39m [37m<-- GET /wd/hub/session/7c5d475c-3200-44b2-ad28-9796f8b9c0a4/window/rect [39m[32m200[39m [90m26 ms - 50[39m
[35m[HTTP][39m [90m[39m
[35m[HTTP][39m [37m-->[39m [37mPOST[39m [37m/wd/hub/session/7c5d475c-3200-44b2-ad28-9796f8b9c0a4/execute/sync[39m
[35m[HTTP][39m [90m{"script":"mobile: viewportScreenshot","args":[]}[39m
[35m[AndroidDriver][39m Executing native command 'mobile: viewportScreenshot'
[35m[HTTP][39m [37m<-- POST /wd/hub/session/7c5d475c-3200-44b2-ad28-9796f8b9c0a4/execute/sync [39m[32m200[39m [90m1340 ms - 153136[39m
[35m[HTTP][39m [90m[39m
[35m[HTTP][39m [37m-->[39m [37mPOST[39m [37m/wd/hub/session/7c5d475c-3200-44b2-ad28-9796f8b9c0a4/context[39m
[35m[HTTP][39m [90m{"name":"NATIVE_APP"}[39m
[35m[HTTP][39m [37m<-- POST /wd/hub/session/7c5d475c-3200-44b2-ad28-9796f8b9c0a4/context [39m[32m200[39m [90m1 ms - 14[39m
[35m[HTTP][39m [90m[39m
[35m[HTTP][39m [37m-->[39m [37mPOST[39m [37m/wd/hub/session/7c5d475c-3200-44b2-ad28-9796f8b9c0a4/timeouts[39m
[35m[HTTP][39m [90m{"implicit":50}[39m
[35m[HTTP][39m [37m<-- POST /wd/hub/session/7c5d475c-3200-44b2-ad28-9796f8b9c0a4/timeouts [39m[32m200[39m [90m1 ms - 14[39m
[35m[HTTP][39m [90m[39m
[35m[HTTP][39m [37m-->[39m [37mGET[39m [37m/wd/hub/session/7c5d475c-3200-44b2-ad28-9796f8b9c0a4/window/rect[39m
[35m[HTTP][39m [90m{}[39m
[35m[HTTP][39m [37m<-- GET /wd/hub/session/7c5d475c-3200-44b2-ad28-9796f8b9c0a4/window/rect [39m[32m200[39m [90m30 ms - 50[39m
[35m[HTTP][39m [90m[39m
[35m[HTTP][39m [37m-->[39m [37mPOST[39m [37m/wd/hub/session/7c5d475c-3200-44b2-ad28-9796f8b9c0a4/elements[39m
[35m[HTTP][39m [90m{"using":"xpath","value":"//hierarchy/android.widget.FrameLayout[1]/android.widget.LinearLayout[1]/android.widget.FrameLayout[1]/android.widget.LinearLayout[1]/android.widget.FrameLayout[1]/android.view.ViewGroup[1]/android.widget.ScrollView[1]/android.widget.LinearLayout[1]/android.view.ViewGroup[1]/android.widget.Button[1]"}[39m
[35m[HTTP][39m [37m<-- POST /wd/hub/session/7c5d475c-3200-44b2-ad28-9796f8b9c0a4/elements [39m[32m200[39m [90m192 ms - 139[39m
[35m[HTTP][39m [90m[39m
[35m[HTTP][39m [37m-->[39m [37mGET[39m [37m/wd/hub/session/7c5d475c-3200-44b2-ad28-9796f8b9c0a4/element/00000000-0000-09b6-ffff-ffff0000070e/location[39m
[35m[HTTP][39m [90m{}[39m
[35m[W3C (7c5d475c)][39m Driver proxy active, passing request on via HTTP proxy
[35m[WD Proxy][39m Replacing sessionId 58caeb08-b885-4f9d-9abf-bb074058d94f with 7c5d475c-3200-44b2-ad28-9796f8b9c0a4
[35m[HTTP][39m [37m<-- GET /wd/hub/session/7c5d475c-3200-44b2-ad28-9796f8b9c0a4/element/00000000-0000-09b6-ffff-ffff0000070e/location [39m[32m200[39m [90m28 ms - 78[39m
[35m[HTTP][39m [90m[39m
[35m[HTTP][39m [37m-->[39m [37mPOST[39m [37m/wd/hub/session/7c5d475c-3200-44b2-ad28-9796f8b9c0a4/timeouts[39m
[35m[HTTP][39m [90m{"implicit":30000}[39m
[35m[HTTP][39m [37m<-- POST /wd/hub/session/7c5d475c-3200-44b2-ad28-9796f8b9c0a4/timeouts [39m[32m200[39m [90m1 ms - 14[39m
[35m[HTTP][39m [90m[39m
[35m[HTTP][39m [37m-->[39m [37mPOST[39m [37m/wd/hub/session/7c5d475c-3200-44b2-ad28-9796f8b9c0a4/touch/perform[39m
[35m[HTTP][39m [90m{"actions":[{"action":"tap","options":{"x":1,"y":1,"element":"00000000-0000-09b6-ffff-ffff0000070e"}},{"action":"release","options":{}}]}[39m
[35m[UiAutomator2][39m calling get location: 00000000-0000-09b6-ffff-ffff0000070e
[35m[HTTP][39m [37m<-- POST /wd/hub/session/7c5d475c-3200-44b2-ad28-9796f8b9c0a4/touch/perform [39m[32m200[39m [90m215 ms - 14[39m
[35m[HTTP][39m [90m[39m
[35m[HTTP][39m [37m-->[39m [37mGET[39m [37m/wd/hub/session/7c5d475c-3200-44b2-ad28-9796f8b9c0a4/context[39m
[35m[HTTP][39m [90m{}[39m
[35m[HTTP][39m [37m<-- GET /wd/hub/session/7c5d475c-3200-44b2-ad28-9796f8b9c0a4/context [39m[32m200[39m [90m1 ms - 22[39m
[35m[HTTP][39m [90m[39m
[35m[HTTP][39m [37m-->[39m [37mGET[39m [37m/wd/hub/session/7c5d475c-3200-44b2-ad28-9796f8b9c0a4/contexts[39m
[35m[HTTP][39m [90m{}[39m
[35m[HTTP][39m [37m<-- GET /wd/hub/session/7c5d475c-3200-44b2-ad28-9796f8b9c0a4/contexts [39m[32m200[39m [90m92 ms - 24[39m
[35m[HTTP][39m [90m[39m
[35m[HTTP][39m [37m-->[39m [37mPOST[39m [37m/wd/hub/session/7c5d475c-3200-44b2-ad28-9796f8b9c0a4/context[39m
[35m[HTTP][39m [90m{"name":"NATIVE_APP"}[39m
[35m[HTTP][39m [37m<-- POST /wd/hub/session/7c5d475c-3200-44b2-ad28-9796f8b9c0a4/context [39m[32m200[39m [90m1 ms - 14[39m
[35m[HTTP][39m [90m[39m
[35m[HTTP][39m [37m-->[39m [37mPOST[39m [37m/wd/hub/session/7c5d475c-3200-44b2-ad28-9796f8b9c0a4/element[39m
[35m[HTTP][39m [90m{"using":"-android uiautomator","value":"new UiScrollable(new UiSelector().scrollable(true).instance(0)).scrollIntoView(new UiSelector().textContains(\"Suku Bunga\"))"}[39m
[35m[HTTP][39m [37m<-- POST /wd/hub/session/7c5d475c-3200-44b2-ad28-9796f8b9c0a4/element [39m[32m200[39m [90m9010 ms - 137[39m
[35m[HTTP][39m [90m[39m
[35m[HTTP][39m [37m-->[39m [37mPOST[39m [37m/wd/hub/session/7c5d475c-3200-44b2-ad28-9796f8b9c0a4/context[39m
[35m[HTTP][39m [90m{"name":"NATIVE_APP"}[39m
[35m[HTTP][39m [37m<-- POST /wd/hub/session/7c5d475c-3200-44b2-ad28-9796f8b9c0a4/context [39m[32m200[39m [90m1 ms - 14[39m
[35m[HTTP][39m [90m[39m
[35m[HTTP][39m [37m-->[39m [37mGET[39m [37m/wd/hub/session/7c5d475c-3200-44b2-ad28-9796f8b9c0a4/window/rect[39m
[35m[HTTP][39m [90m{}[39m
[35m[HTTP][39m [37m<-- GET /wd/hub/session/7c5d475c-3200-44b2-ad28-9796f8b9c0a4/window/rect [39m[32m200[39m [90m28 ms - 50[39m
[35m[HTTP][39m [90m[39m
[35m[HTTP][39m [37m-->[39m [37mPOST[39m [37m/wd/hub/session/7c5d475c-3200-44b2-ad28-9796f8b9c0a4/elements[39m
[35m[HTTP][39m [90m{"using":"xpath","value":"//*[@resource-id = 'com.vq.mbrochuregp.client.android:id/iv_home_profil_icon' and @package = 'com.vq.mbrochuregp.client.android']"}[39m
[35m[HTTP][39m [37m<-- POST /wd/hub/session/7c5d475c-3200-44b2-ad28-9796f8b9c0a4/elements [39m[32m200[39m [90m1572 ms - 139[39m
[35m[HTTP][39m [90m[39m
[35m[HTTP][39m [37m-->[39m [37mGET[39m [37m/wd/hub/session/7c5d475c-3200-44b2-ad28-9796f8b9c0a4/element/00000000-0000-09b8-ffff-ffff00000768/location[39m
[35m[HTTP][39m [90m{}[39m
[35m[W3C (7c5d475c)][39m Driver proxy active, passing request on via HTTP proxy
[35m[WD Proxy][39m Replacing sessionId 58caeb08-b885-4f9d-9abf-bb074058d94f with 7c5d475c-3200-44b2-ad28-9796f8b9c0a4
[35m[HTTP][39m [37m<-- GET /wd/hub/session/7c5d475c-3200-44b2-ad28-9796f8b9c0a4/element/00000000-0000-09b8-ffff-ffff00000768/location [39m[32m200[39m [90m26 ms - 79[39m
[35m[HTTP][39m [90m[39m
[35m[HTTP][39m [37m-->[39m [37mPOST[39m [37m/wd/hub/session/7c5d475c-3200-44b2-ad28-9796f8b9c0a4/element/00000000-0000-09b8-ffff-ffff00000768/click[39m
[35m[HTTP][39m [90m{"id":"00000000-0000-09b8-ffff-ffff00000768"}[39m
[35m[HTTP][39m [37m<-- POST /wd/hub/session/7c5d475c-3200-44b2-ad28-9796f8b9c0a4/element/00000000-0000-09b8-ffff-ffff00000768/click [39m[32m200[39m [90m55 ms - 14[39m
[35m[HTTP][39m [90m[39m
[35m[HTTP][39m [37m-->[39m [37mGET[39m [37m/wd/hub/session/7c5d475c-3200-44b2-ad28-9796f8b9c0a4/context[39m
[35m[HTTP][39m [90m{}[39m
[35m[HTTP][39m [37m<-- GET /wd/hub/session/7c5d475c-3200-44b2-ad28-9796f8b9c0a4/context [39m[32m200[39m [90m2 ms - 22[39m
[35m[HTTP][39m [90m[39m
[35m[HTTP][39m [37m-->[39m [37mGET[39m [37m/wd/hub/session/7c5d475c-3200-44b2-ad28-9796f8b9c0a4/contexts[39m
[35m[HTTP][39m [90m{}[39m
[35m[HTTP][39m [37m<-- GET /wd/hub/session/7c5d475c-3200-44b2-ad28-9796f8b9c0a4/contexts [39m[32m200[39m [90m87 ms - 24[39m
[35m[HTTP][39m [90m[39m
[35m[HTTP][39m [37m-->[39m [37mPOST[39m [37m/wd/hub/session/7c5d475c-3200-44b2-ad28-9796f8b9c0a4/context[39m
[35m[HTTP][39m [90m{"name":"NATIVE_APP"}[39m
[35m[HTTP][39m [37m<-- POST /wd/hub/session/7c5d475c-3200-44b2-ad28-9796f8b9c0a4/context [39m[32m200[39m [90m1 ms - 14[39m
[35m[HTTP][39m [90m[39m
[35m[HTTP][39m [37m-->[39m [37mGET[39m [37m/wd/hub/session/7c5d475c-3200-44b2-ad28-9796f8b9c0a4/window/rect[39m
[35m[HTTP][39m [90m{}[39m
[35m[HTTP][39m [37m<-- GET /wd/hub/session/7c5d475c-3200-44b2-ad28-9796f8b9c0a4/window/rect [39m[32m200[39m [90m28 ms - 50[39m
[35m[HTTP][39m [90m[39m
[35m[HTTP][39m [37m-->[39m [37mPOST[39m [37m/wd/hub/session/7c5d475c-3200-44b2-ad28-9796f8b9c0a4/execute/sync[39m
[35m[HTTP][39m [90m{"script":"mobile: viewportScreenshot","args":[]}[39m
[35m[AndroidDriver][39m Executing native command 'mobile: viewportScreenshot'
[35m[HTTP][39m [37m<-- POST /wd/hub/session/7c5d475c-3200-44b2-ad28-9796f8b9c0a4/execute/sync [39m[32m200[39m [90m1201 ms - 264400[39m
[35m[HTTP][39m [90m[39m
[35m[HTTP][39m [37m-->[39m [37mPOST[39m [37m/wd/hub/session/7c5d475c-3200-44b2-ad28-9796f8b9c0a4/context[39m
[35m[HTTP][39m [90m{"name":"NATIVE_APP"}[39m
[35m[HTTP][39m [37m<-- POST /wd/hub/session/7c5d475c-3200-44b2-ad28-9796f8b9c0a4/context [39m[32m200[39m [90m2 ms - 14[39m
[35m[HTTP][39m [90m[39m
[35m[HTTP][39m [37m-->[39m [37mGET[39m [37m/wd/hub/session/7c5d475c-3200-44b2-ad28-9796f8b9c0a4/window/rect[39m
[35m[HTTP][39m [90m{}[39m
[35m[HTTP][39m [37m<-- GET /wd/hub/session/7c5d475c-3200-44b2-ad28-9796f8b9c0a4/window/rect [39m[32m200[39m [90m27 ms - 50[39m
[35m[HTTP][39m [90m[39m
[35m[HTTP][39m [37m-->[39m [37mPOST[39m [37m/wd/hub/session/7c5d475c-3200-44b2-ad28-9796f8b9c0a4/elements[39m
[35m[HTTP][39m [90m{"using":"xpath","value":"//*[@class = 'android.widget.ImageView' and @resource-id = 'com.vq.mbrochuregp.client.android:id/iv_home_icon' and (@text = '' or . = '')]"}[39m
[35m[HTTP][39m [37m<-- POST /wd/hub/session/7c5d475c-3200-44b2-ad28-9796f8b9c0a4/elements [39m[32m200[39m [90m346 ms - 139[39m
[35m[HTTP][39m [90m[39m
[35m[HTTP][39m [37m-->[39m [37mGET[39m [37m/wd/hub/session/7c5d475c-3200-44b2-ad28-9796f8b9c0a4/element/00000000-0000-09ba-ffff-ffff000007dc/location[39m
[35m[HTTP][39m [90m{}[39m
[35m[W3C (7c5d475c)][39m Driver proxy active, passing request on via HTTP proxy
[35m[WD Proxy][39m Replacing sessionId 58caeb08-b885-4f9d-9abf-bb074058d94f with 7c5d475c-3200-44b2-ad28-9796f8b9c0a4
[35m[HTTP][39m [37m<-- GET /wd/hub/session/7c5d475c-3200-44b2-ad28-9796f8b9c0a4/element/00000000-0000-09ba-ffff-ffff000007dc/location [39m[32m200[39m [90m23 ms - 78[39m
[35m[HTTP][39m [90m[39m
[35m[HTTP][39m [37m-->[39m [37mPOST[39m [37m/wd/hub/session/7c5d475c-3200-44b2-ad28-9796f8b9c0a4/element/00000000-0000-09ba-ffff-ffff000007dc/click[39m
[35m[HTTP][39m [90m{"id":"00000000-0000-09ba-ffff-ffff000007dc"}[39m
[35m[HTTP][39m [37m<-- POST /wd/hub/session/7c5d475c-3200-44b2-ad28-9796f8b9c0a4/element/00000000-0000-09ba-ffff-ffff000007dc/click [39m[32m200[39m [90m58 ms - 14[39m
[35m[HTTP][39m [90m[39m
[35m[HTTP][39m [37m-->[39m [37mGET[39m [37m/wd/hub/status[39m
[35m[HTTP][39m [90m{}[39m
[35m[HTTP][39m [37m<-- GET /wd/hub/status [39m[32m200[39m [90m1 ms - 68[39m
[35m[HTTP][39m [90m[39m
[35m[HTTP][39m [37m-->[39m [37mPOST[39m [37m/wd/hub/session[39m
[35m[HTTP][39m [90m{"desiredCapabilities":{"appActivity":".Settings","appPackage":"com.android.settings","newCommandTimeout":1800,"platformVersion":"11","automationName":"uiautomator2","autoGrantPermissions":true,"platformName":"Android","udid":"RR8N605F11Y","deviceName":"samsung SM-M315F (Android 11)","platform":"ANDROID","systemPort":8235},"capabilities":{"firstMatch":[{"appium:appActivity":".Settings","appium:appPackage":"com.android.settings","appium:autoGrantPermissions":true,"appium:automationName":"uiautomator2","appium:deviceName":"samsung SM-M315F (Android 11)","appium:newCommandTimeout":1800,"platform":"ANDROID","platformName":"android","appium:platformVersion":"11","appium:systemPort":8235,"appium:udid":"RR8N605F11Y"}]}}[39m
[35m[BaseDriver][39m The following capabilities are not standard capabilities and should have an extension prefix:
[35m[BaseDriver][39m   platform
[35m[BaseDriver][39m   chromedriverPort
[35m[Appium][39m Appium v1.22.2 creating new AndroidUiautomator2Driver (v1.70.1) session
[35m[BaseDriver][39m The following capabilities were provided, but are not recognized by Appium:
[35m[BaseDriver][39m   platform
[35m[BaseDriver][39m Session created with session id: 64b9b41f-3dc9-4352-af4e-3b4dca2ff748
[35m[UiAutomator2][39m Starting 'com.android.settings' directly on the device
[35m[ADB][39m Using 'adb.exe' from 'C:\Users\Nia Yusniati\.katalon\tools\android_sdk\platform-tools\adb.exe'
[35m[AndroidDriver][39m Retrieving device list
[35m[AndroidDriver][39m Using device: RR8N605F11Y
[35m[ADB][39m Using 'adb.exe' from 'C:\Users\Nia Yusniati\.katalon\tools\android_sdk\platform-tools\adb.exe'
[35m[ADB][39m Getting device platform version
[35m[UiAutomator2][39m Relaxing hidden api policy
[35m[AndroidDriver][39m No app sent in, not parsing package/activity
[35m[UiAutomator2][39m Server packages are not going to be (re)installed
[35m[ADB][39m Adding packages ["io.appium.settings","io.appium.uiautomator2.server","io.appium.uiautomator2.server.test"] to Doze whitelist
[35m[UiAutomator2][39m Starting UIAutomator2 server 4.27.0
[35m[UiAutomator2][39m Using UIAutomator2 server from 'C:\Users\Nia Yusniati\AppData\Roaming\npm\node_modules\appium\node_modules\appium-uiautomator2-server\apks\appium-uiautomator2-server-v4.27.0.apk' and test from 'C:\Users\Nia Yusniati\AppData\Roaming\npm\node_modules\appium\node_modules\appium-uiautomator2-server\apks\appium-uiautomator2-server-debug-androidTest.apk'
[35m[UiAutomator2][39m Waiting up to 30000ms for UiAutomator2 to be online...
[35m[WD Proxy][39m socket hang up
[35m[WD Proxy][39m socket hang up
[35m[WD Proxy][39m socket hang up
[35m[WD Proxy][39m Determined the downstream protocol as 'W3C'
[35m[AndroidDriver][39m Screen already unlocked, doing nothing
[35m[UiAutomator2][39m Starting 'com.android.settings/.Settings and waiting for 'com.android.settings/.Settings'
[35m[Appium][39m New AndroidUiautomator2Driver session created successfully, session 64b9b41f-3dc9-4352-af4e-3b4dca2ff748 added to master session list
[35m[HTTP][39m [37m<-- POST /wd/hub/session [39m[32m200[39m [90m8629 ms - 1158[39m
[35m[HTTP][39m [90m[39m
[35m[HTTP][39m [37m-->[39m [37mGET[39m [37m/wd/hub/session/64b9b41f-3dc9-4352-af4e-3b4dca2ff748[39m
[35m[HTTP][39m [90m{}[39m
[35m[HTTP][39m [37m<-- GET /wd/hub/session/64b9b41f-3dc9-4352-af4e-3b4dca2ff748 [39m[32m200[39m [90m13 ms - 1112[39m
[35m[HTTP][39m [90m[39m
[35m[HTTP][39m [37m-->[39m [37mGET[39m [37m/wd/hub/session/64b9b41f-3dc9-4352-af4e-3b4dca2ff748[39m
[35m[HTTP][39m [90m{}[39m
[35m[HTTP][39m [37m<-- GET /wd/hub/session/64b9b41f-3dc9-4352-af4e-3b4dca2ff748 [39m[32m200[39m [90m21 ms - 1112[39m
[35m[HTTP][39m [90m[39m
[35m[HTTP][39m [37m-->[39m [37mGET[39m [37m/wd/hub/status[39m
[35m[HTTP][39m [90m{}[39m
[35m[HTTP][39m [37m<-- GET /wd/hub/status [39m[32m200[39m [90m1 ms - 68[39m
[35m[HTTP][39m [90m[39m
[35m[HTTP][39m [37m-->[39m [37mPOST[39m [37m/wd/hub/session/64b9b41f-3dc9-4352-af4e-3b4dca2ff748/timeouts[39m
[35m[HTTP][39m [90m{"implicit":30000}[39m
[35m[HTTP][39m [37m<-- POST /wd/hub/session/64b9b41f-3dc9-4352-af4e-3b4dca2ff748/timeouts [39m[32m200[39m [90m1 ms - 14[39m
[35m[HTTP][39m [90m[39m
[35m[HTTP][39m [37m-->[39m [37mGET[39m [37m/wd/hub/session/64b9b41f-3dc9-4352-af4e-3b4dca2ff748/screenshot[39m
[35m[HTTP][39m [90m{}[39m
[35m[HTTP][39m [37m<-- GET /wd/hub/session/64b9b41f-3dc9-4352-af4e-3b4dca2ff748/screenshot [39m[32m200[39m [90m550 ms - 225342[39m
[35m[HTTP][39m [90m[39m
[35m[HTTP][39m [37m-->[39m [37mGET[39m [37m/wd/hub/session/64b9b41f-3dc9-4352-af4e-3b4dca2ff748/window/rect[39m
[35m[HTTP][39m [90m{}[39m
[35m[HTTP][39m [37m<-- GET /wd/hub/session/64b9b41f-3dc9-4352-af4e-3b4dca2ff748/window/rect [39m[32m200[39m [90m9 ms - 50[39m
[35m[HTTP][39m [90m[39m
[35m[HTTP][39m [37m-->[39m [37mGET[39m [37m/wd/hub/session/64b9b41f-3dc9-4352-af4e-3b4dca2ff748/appium/device/system_bars[39m
[35m[HTTP][39m [90m{}[39m
[35m[HTTP][39m [37m<-- GET /wd/hub/session/64b9b41f-3dc9-4352-af4e-3b4dca2ff748/appium/device/system_bars [39m[32m200[39m [90m89 ms - 148[39m
[35m[HTTP][39m [90m[39m
[35m[HTTP][39m [37m-->[39m [37mPOST[39m [37m/wd/hub/session/64b9b41f-3dc9-4352-af4e-3b4dca2ff748/appium/device/activate_app[39m
[35m[HTTP][39m [90m{"bundleId":"com.vq.mbrochuregp.client.android"}[39m
[35m[HTTP][39m [37m<-- POST /wd/hub/session/64b9b41f-3dc9-4352-af4e-3b4dca2ff748/appium/device/activate_app [39m[32m200[39m [90m554 ms - 14[39m
[35m[HTTP][39m [90m[39m
[35m[HTTP][39m [37m-->[39m [37mGET[39m [37m/wd/hub/session/64b9b41f-3dc9-4352-af4e-3b4dca2ff748/context[39m
[35m[HTTP][39m [90m{}[39m
[35m[HTTP][39m [37m<-- GET /wd/hub/session/64b9b41f-3dc9-4352-af4e-3b4dca2ff748/context [39m[32m200[39m [90m1 ms - 22[39m
[35m[HTTP][39m [90m[39m
[35m[HTTP][39m [37m-->[39m [37mGET[39m [37m/wd/hub/session/64b9b41f-3dc9-4352-af4e-3b4dca2ff748/contexts[39m
[35m[HTTP][39m [90m{}[39m
[35m[HTTP][39m [37m<-- GET /wd/hub/session/64b9b41f-3dc9-4352-af4e-3b4dca2ff748/contexts [39m[32m200[39m [90m105 ms - 24[39m
[35m[HTTP][39m [90m[39m
[35m[HTTP][39m [37m-->[39m [37mPOST[39m [37m/wd/hub/session/64b9b41f-3dc9-4352-af4e-3b4dca2ff748/context[39m
[35m[HTTP][39m [90m{"name":"NATIVE_APP"}[39m
[35m[HTTP][39m [37m<-- POST /wd/hub/session/64b9b41f-3dc9-4352-af4e-3b4dca2ff748/context [39m[32m200[39m [90m1 ms - 14[39m
[35m[HTTP][39m [90m[39m
[35m[HTTP][39m [37m-->[39m [37mPOST[39m [37m/wd/hub/session/64b9b41f-3dc9-4352-af4e-3b4dca2ff748/appium/device/press_keycode[39m
[35m[HTTP][39m [90m{"keycode":4}[39m
[35m[HTTP][39m [37m<-- POST /wd/hub/session/64b9b41f-3dc9-4352-af4e-3b4dca2ff748/appium/device/press_keycode [39m[32m200[39m [90m498 ms - 14[39m
[35m[HTTP][39m [90m[39m
[35m[HTTP][39m [37m-->[39m [37mPOST[39m [37m/wd/hub/session/64b9b41f-3dc9-4352-af4e-3b4dca2ff748/context[39m
[35m[HTTP][39m [90m{"name":"NATIVE_APP"}[39m
[35m[HTTP][39m [37m<-- POST /wd/hub/session/64b9b41f-3dc9-4352-af4e-3b4dca2ff748/context [39m[32m200[39m [90m1 ms - 14[39m
[35m[HTTP][39m [90m[39m
[35m[HTTP][39m [37m-->[39m [37mPOST[39m [37m/wd/hub/session/64b9b41f-3dc9-4352-af4e-3b4dca2ff748/timeouts[39m
[35m[HTTP][39m [90m{"implicit":50}[39m
[35m[HTTP][39m [37m<-- POST /wd/hub/session/64b9b41f-3dc9-4352-af4e-3b4dca2ff748/timeouts [39m[32m200[39m [90m1 ms - 14[39m
[35m[HTTP][39m [90m[39m
[35m[HTTP][39m [37m-->[39m [37mGET[39m [37m/wd/hub/session/64b9b41f-3dc9-4352-af4e-3b4dca2ff748/window/rect[39m
[35m[HTTP][39m [90m{}[39m
[35m[HTTP][39m [37m<-- GET /wd/hub/session/64b9b41f-3dc9-4352-af4e-3b4dca2ff748/window/rect [39m[32m200[39m [90m25 ms - 50[39m
[35m[HTTP][39m [90m[39m
[35m[HTTP][39m [37m-->[39m [37mPOST[39m [37m/wd/hub/session/64b9b41f-3dc9-4352-af4e-3b4dca2ff748/elements[39m
[35m[HTTP][39m [90m{"using":"xpath","value":"//*[@class = 'android.widget.Button' and (@text = 'TIDAK' or . = 'TIDAK') and @resource-id = 'android:id/button2']"}[39m
[35m[HTTP][39m [37m<-- POST /wd/hub/session/64b9b41f-3dc9-4352-af4e-3b4dca2ff748/elements [39m[32m200[39m [90m1344 ms - 139[39m
[35m[HTTP][39m [90m[39m
[35m[HTTP][39m [37m-->[39m [37mGET[39m [37m/wd/hub/session/64b9b41f-3dc9-4352-af4e-3b4dca2ff748/element/00000000-0000-09df-ffff-ffff000008ba/location[39m
[35m[HTTP][39m [90m{}[39m
[35m[W3C (64b9b41f)][39m Driver proxy active, passing request on via HTTP proxy
[35m[WD Proxy][39m Replacing sessionId e65f3e1d-1e40-487b-a881-462cd433f44a with 64b9b41f-3dc9-4352-af4e-3b4dca2ff748
[35m[HTTP][39m [37m<-- GET /wd/hub/session/64b9b41f-3dc9-4352-af4e-3b4dca2ff748/element/00000000-0000-09df-ffff-ffff000008ba/location [39m[32m200[39m [90m785 ms - 79[39m
[35m[HTTP][39m [90m[39m
[35m[HTTP][39m [37m-->[39m [37mPOST[39m [37m/wd/hub/session/64b9b41f-3dc9-4352-af4e-3b4dca2ff748/timeouts[39m
[35m[HTTP][39m [90m{"implicit":30000}[39m
[35m[HTTP][39m [37m<-- POST /wd/hub/session/64b9b41f-3dc9-4352-af4e-3b4dca2ff748/timeouts [39m[32m200[39m [90m2 ms - 14[39m
[35m[HTTP][39m [90m[39m
[35m[HTTP][39m [37m-->[39m [37mPOST[39m [37m/wd/hub/session/64b9b41f-3dc9-4352-af4e-3b4dca2ff748/touch/perform[39m
[35m[HTTP][39m [90m{"actions":[{"action":"tap","options":{"x":1,"y":1,"element":"00000000-0000-09df-ffff-ffff000008ba"}},{"action":"release","options":{}}]}[39m
[35m[UiAutomator2][39m calling get location: 00000000-0000-09df-ffff-ffff000008ba
[35m[HTTP][39m [37m<-- POST /wd/hub/session/64b9b41f-3dc9-4352-af4e-3b4dca2ff748/touch/perform [39m[32m200[39m [90m198 ms - 14[39m
[35m[HTTP][39m [90m[39m
[35m[HTTP][39m [37m-->[39m [37mPOST[39m [37m/wd/hub/session/64b9b41f-3dc9-4352-af4e-3b4dca2ff748/timeouts[39m
[35m[HTTP][39m [90m{"implicit":50}[39m
[35m[HTTP][39m [37m<-- POST /wd/hub/session/64b9b41f-3dc9-4352-af4e-3b4dca2ff748/timeouts [39m[32m200[39m [90m2 ms - 14[39m
[35m[HTTP][39m [90m[39m
[35m[HTTP][39m [37m-->[39m [37mGET[39m [37m/wd/hub/session/64b9b41f-3dc9-4352-af4e-3b4dca2ff748/window/rect[39m
[35m[HTTP][39m [90m{}[39m
[35m[HTTP][39m [37m<-- GET /wd/hub/session/64b9b41f-3dc9-4352-af4e-3b4dca2ff748/window/rect [39m[32m200[39m [90m32 ms - 50[39m
[35m[HTTP][39m [90m[39m
[35m[HTTP][39m [37m-->[39m [37mPOST[39m [37m/wd/hub/session/64b9b41f-3dc9-4352-af4e-3b4dca2ff748/elements[39m
[35m[HTTP][39m [90m{"using":"xpath","value":"//*[@class = 'android.widget.ImageView' and @resource-id = 'com.vq.mbrochuregp.client.android:id/iv_home_billing_icon' and (@text = '' or . = '')]"}[39m
[35m[HTTP][39m [37m<-- POST /wd/hub/session/64b9b41f-3dc9-4352-af4e-3b4dca2ff748/elements [39m[32m200[39m [90m1978 ms - 139[39m
[35m[HTTP][39m [90m[39m
[35m[HTTP][39m [37m-->[39m [37mGET[39m [37m/wd/hub/session/64b9b41f-3dc9-4352-af4e-3b4dca2ff748/element/00000000-0000-09c3-ffff-ffff00000841/location[39m
[35m[HTTP][39m [90m{}[39m
[35m[W3C (64b9b41f)][39m Driver proxy active, passing request on via HTTP proxy
[35m[WD Proxy][39m Replacing sessionId e65f3e1d-1e40-487b-a881-462cd433f44a with 64b9b41f-3dc9-4352-af4e-3b4dca2ff748
[35m[HTTP][39m [37m<-- GET /wd/hub/session/64b9b41f-3dc9-4352-af4e-3b4dca2ff748/element/00000000-0000-09c3-ffff-ffff00000841/location [39m[32m200[39m [90m45 ms - 79[39m
[35m[HTTP][39m [90m[39m
[35m[HTTP][39m [37m-->[39m [37mPOST[39m [37m/wd/hub/session/64b9b41f-3dc9-4352-af4e-3b4dca2ff748/timeouts[39m
[35m[HTTP][39m [90m{"implicit":30000}[39m
[35m[HTTP][39m [37m<-- POST /wd/hub/session/64b9b41f-3dc9-4352-af4e-3b4dca2ff748/timeouts [39m[32m200[39m [90m3 ms - 14[39m
[35m[HTTP][39m [90m[39m
[35m[HTTP][39m [37m-->[39m [37mPOST[39m [37m/wd/hub/session/64b9b41f-3dc9-4352-af4e-3b4dca2ff748/touch/perform[39m
[35m[HTTP][39m [90m{"actions":[{"action":"tap","options":{"x":1,"y":1,"element":"00000000-0000-09c3-ffff-ffff00000841"}},{"action":"release","options":{}}]}[39m
[35m[UiAutomator2][39m calling get location: 00000000-0000-09c3-ffff-ffff00000841
[35m[HTTP][39m [37m<-- POST /wd/hub/session/64b9b41f-3dc9-4352-af4e-3b4dca2ff748/touch/perform [39m[32m200[39m [90m244 ms - 14[39m
[35m[HTTP][39m [90m[39m
[35m[HTTP][39m [37m-->[39m [37mGET[39m [37m/wd/hub/session/64b9b41f-3dc9-4352-af4e-3b4dca2ff748/context[39m
[35m[HTTP][39m [90m{}[39m
[35m[HTTP][39m [37m<-- GET /wd/hub/session/64b9b41f-3dc9-4352-af4e-3b4dca2ff748/context [39m[32m200[39m [90m2 ms - 22[39m
[35m[HTTP][39m [90m[39m
[35m[HTTP][39m [37m-->[39m [37mGET[39m [37m/wd/hub/session/64b9b41f-3dc9-4352-af4e-3b4dca2ff748/contexts[39m
[35m[HTTP][39m [90m{}[39m
[35m[HTTP][39m [37m<-- GET /wd/hub/session/64b9b41f-3dc9-4352-af4e-3b4dca2ff748/contexts [39m[32m200[39m [90m105 ms - 24[39m
[35m[HTTP][39m [90m[39m
[35m[HTTP][39m [37m-->[39m [37mPOST[39m [37m/wd/hub/session/64b9b41f-3dc9-4352-af4e-3b4dca2ff748/context[39m
[35m[HTTP][39m [90m{"name":"NATIVE_APP"}[39m
[35m[HTTP][39m [37m<-- POST /wd/hub/session/64b9b41f-3dc9-4352-af4e-3b4dca2ff748/context [39m[32m200[39m [90m1 ms - 14[39m
[35m[HTTP][39m [90m[39m
[35m[HTTP][39m [37m-->[39m [37mGET[39m [37m/wd/hub/session/64b9b41f-3dc9-4352-af4e-3b4dca2ff748/window/rect[39m
[35m[HTTP][39m [90m{}[39m
[35m[HTTP][39m [37m<-- GET /wd/hub/session/64b9b41f-3dc9-4352-af4e-3b4dca2ff748/window/rect [39m[32m200[39m [90m29 ms - 50[39m
[35m[HTTP][39m [90m[39m
[35m[HTTP][39m [37m-->[39m [37mPOST[39m [37m/wd/hub/session/64b9b41f-3dc9-4352-af4e-3b4dca2ff748/execute/sync[39m
[35m[HTTP][39m [90m{"script":"mobile: viewportScreenshot","args":[]}[39m
[35m[AndroidDriver][39m Executing native command 'mobile: viewportScreenshot'
[35m[HTTP][39m [37m<-- POST /wd/hub/session/64b9b41f-3dc9-4352-af4e-3b4dca2ff748/execute/sync [39m[32m200[39m [90m1304 ms - 137608[39m
[35m[HTTP][39m [90m[39m
[35m[HTTP][39m [37m-->[39m [37mPOST[39m [37m/wd/hub/session/64b9b41f-3dc9-4352-af4e-3b4dca2ff748/context[39m
[35m[HTTP][39m [90m{"name":"NATIVE_APP"}[39m
[35m[HTTP][39m [37m<-- POST /wd/hub/session/64b9b41f-3dc9-4352-af4e-3b4dca2ff748/context [39m[32m200[39m [90m1 ms - 14[39m
[35m[HTTP][39m [90m[39m
[35m[HTTP][39m [37m-->[39m [37mPOST[39m [37m/wd/hub/session/64b9b41f-3dc9-4352-af4e-3b4dca2ff748/timeouts[39m
[35m[HTTP][39m [90m{"implicit":50}[39m
[35m[HTTP][39m [37m<-- POST /wd/hub/session/64b9b41f-3dc9-4352-af4e-3b4dca2ff748/timeouts [39m[32m200[39m [90m2 ms - 14[39m
[35m[HTTP][39m [90m[39m
[35m[HTTP][39m [37m-->[39m [37mGET[39m [37m/wd/hub/session/64b9b41f-3dc9-4352-af4e-3b4dca2ff748/window/rect[39m
[35m[HTTP][39m [90m{}[39m
[35m[HTTP][39m [37m<-- GET /wd/hub/session/64b9b41f-3dc9-4352-af4e-3b4dca2ff748/window/rect [39m[32m200[39m [90m27 ms - 50[39m
[35m[HTTP][39m [90m[39m
[35m[HTTP][39m [37m-->[39m [37mPOST[39m [37m/wd/hub/session/64b9b41f-3dc9-4352-af4e-3b4dca2ff748/elements[39m
[35m[HTTP][39m [90m{"using":"xpath","value":"//*[@class = 'android.widget.TextView' and (@text = 'Sudah Dibayar' or . = 'Sudah Dibayar')]"}[39m
[35m[HTTP][39m [37m<-- POST /wd/hub/session/64b9b41f-3dc9-4352-af4e-3b4dca2ff748/elements [39m[32m200[39m [90m838 ms - 139[39m
[35m[HTTP][39m [90m[39m
[35m[HTTP][39m [37m-->[39m [37mGET[39m [37m/wd/hub/session/64b9b41f-3dc9-4352-af4e-3b4dca2ff748/element/00000000-0000-09e1-ffff-ffff000008d7/location[39m
[35m[HTTP][39m [90m{}[39m
[35m[W3C (64b9b41f)][39m Driver proxy active, passing request on via HTTP proxy
[35m[WD Proxy][39m Replacing sessionId e65f3e1d-1e40-487b-a881-462cd433f44a with 64b9b41f-3dc9-4352-af4e-3b4dca2ff748
[35m[HTTP][39m [37m<-- GET /wd/hub/session/64b9b41f-3dc9-4352-af4e-3b4dca2ff748/element/00000000-0000-09e1-ffff-ffff000008d7/location [39m[32m200[39m [90m553 ms - 78[39m
[35m[HTTP][39m [90m[39m
[35m[HTTP][39m [37m-->[39m [37mPOST[39m [37m/wd/hub/session/64b9b41f-3dc9-4352-af4e-3b4dca2ff748/timeouts[39m
[35m[HTTP][39m [90m{"implicit":30000}[39m
[35m[HTTP][39m [37m<-- POST /wd/hub/session/64b9b41f-3dc9-4352-af4e-3b4dca2ff748/timeouts [39m[32m200[39m [90m1 ms - 14[39m
[35m[HTTP][39m [90m[39m
[35m[HTTP][39m [37m-->[39m [37mPOST[39m [37m/wd/hub/session/64b9b41f-3dc9-4352-af4e-3b4dca2ff748/touch/perform[39m
[35m[HTTP][39m [90m{"actions":[{"action":"tap","options":{"x":1,"y":1,"element":"00000000-0000-09e1-ffff-ffff000008d7"}},{"action":"release","options":{}}]}[39m
[35m[UiAutomator2][39m calling get location: 00000000-0000-09e1-ffff-ffff000008d7
[35m[HTTP][39m [37m<-- POST /wd/hub/session/64b9b41f-3dc9-4352-af4e-3b4dca2ff748/touch/perform [39m[32m200[39m [90m203 ms - 14[39m
[35m[HTTP][39m [90m[39m
[35m[HTTP][39m [37m-->[39m [37mGET[39m [37m/wd/hub/session/64b9b41f-3dc9-4352-af4e-3b4dca2ff748/context[39m
[35m[HTTP][39m [90m{}[39m
[35m[HTTP][39m [37m<-- GET /wd/hub/session/64b9b41f-3dc9-4352-af4e-3b4dca2ff748/context [39m[32m200[39m [90m2 ms - 22[39m
[35m[HTTP][39m [90m[39m
[35m[HTTP][39m [37m-->[39m [37mGET[39m [37m/wd/hub/session/64b9b41f-3dc9-4352-af4e-3b4dca2ff748/contexts[39m
[35m[HTTP][39m [90m{}[39m
[35m[HTTP][39m [37m<-- GET /wd/hub/session/64b9b41f-3dc9-4352-af4e-3b4dca2ff748/contexts [39m[32m200[39m [90m91 ms - 24[39m
[35m[HTTP][39m [90m[39m
[35m[HTTP][39m [37m-->[39m [37mPOST[39m [37m/wd/hub/session/64b9b41f-3dc9-4352-af4e-3b4dca2ff748/context[39m
[35m[HTTP][39m [90m{"name":"NATIVE_APP"}[39m
[35m[HTTP][39m [37m<-- POST /wd/hub/session/64b9b41f-3dc9-4352-af4e-3b4dca2ff748/context [39m[32m200[39m [90m1 ms - 14[39m
[35m[HTTP][39m [90m[39m
[35m[HTTP][39m [37m-->[39m [37mGET[39m [37m/wd/hub/session/64b9b41f-3dc9-4352-af4e-3b4dca2ff748/window/rect[39m
[35m[HTTP][39m [90m{}[39m
[35m[HTTP][39m [37m<-- GET /wd/hub/session/64b9b41f-3dc9-4352-af4e-3b4dca2ff748/window/rect [39m[32m200[39m [90m22 ms - 50[39m
[35m[HTTP][39m [90m[39m
[35m[HTTP][39m [37m-->[39m [37mPOST[39m [37m/wd/hub/session/64b9b41f-3dc9-4352-af4e-3b4dca2ff748/execute/sync[39m
[35m[HTTP][39m [90m{"script":"mobile: viewportScreenshot","args":[]}[39m
[35m[AndroidDriver][39m Executing native command 'mobile: viewportScreenshot'
[35m[HTTP][39m [37m<-- POST /wd/hub/session/64b9b41f-3dc9-4352-af4e-3b4dca2ff748/execute/sync [39m[32m200[39m [90m1224 ms - 168444[39m
[35m[HTTP][39m [90m[39m
[35m[HTTP][39m [37m-->[39m [37mPOST[39m [37m/wd/hub/session/64b9b41f-3dc9-4352-af4e-3b4dca2ff748/context[39m
[35m[HTTP][39m [90m{"name":"NATIVE_APP"}[39m
[35m[HTTP][39m [37m<-- POST /wd/hub/session/64b9b41f-3dc9-4352-af4e-3b4dca2ff748/context [39m[32m200[39m [90m1 ms - 14[39m
[35m[HTTP][39m [90m[39m
[35m[HTTP][39m [37m-->[39m [37mPOST[39m [37m/wd/hub/session/64b9b41f-3dc9-4352-af4e-3b4dca2ff748/timeouts[39m
[35m[HTTP][39m [90m{"implicit":50}[39m
[35m[HTTP][39m [37m<-- POST /wd/hub/session/64b9b41f-3dc9-4352-af4e-3b4dca2ff748/timeouts [39m[32m200[39m [90m2 ms - 14[39m
[35m[HTTP][39m [90m[39m
[35m[HTTP][39m [37m-->[39m [37mGET[39m [37m/wd/hub/session/64b9b41f-3dc9-4352-af4e-3b4dca2ff748/window/rect[39m
[35m[HTTP][39m [90m{}[39m
[35m[HTTP][39m [37m<-- GET /wd/hub/session/64b9b41f-3dc9-4352-af4e-3b4dca2ff748/window/rect [39m[32m200[39m [90m32 ms - 50[39m
[35m[HTTP][39m [90m[39m
[35m[HTTP][39m [37m-->[39m [37mPOST[39m [37m/wd/hub/session/64b9b41f-3dc9-4352-af4e-3b4dca2ff748/elements[39m
[35m[HTTP][39m [90m{"using":"xpath","value":"//*[@class = 'android.widget.TextView' and (@text = 'Belum Dibayar' or . = 'Belum Dibayar')]"}[39m
[35m[HTTP][39m [37m<-- POST /wd/hub/session/64b9b41f-3dc9-4352-af4e-3b4dca2ff748/elements [39m[32m200[39m [90m285 ms - 139[39m
[35m[HTTP][39m [90m[39m
[35m[HTTP][39m [37m-->[39m [37mGET[39m [37m/wd/hub/session/64b9b41f-3dc9-4352-af4e-3b4dca2ff748/element/00000000-0000-09e1-ffff-ffff000008d4/location[39m
[35m[HTTP][39m [90m{}[39m
[35m[W3C (64b9b41f)][39m Driver proxy active, passing request on via HTTP proxy
[35m[WD Proxy][39m Replacing sessionId e65f3e1d-1e40-487b-a881-462cd433f44a with 64b9b41f-3dc9-4352-af4e-3b4dca2ff748
[35m[HTTP][39m [37m<-- GET /wd/hub/session/64b9b41f-3dc9-4352-af4e-3b4dca2ff748/element/00000000-0000-09e1-ffff-ffff000008d4/location [39m[32m200[39m [90m540 ms - 78[39m
[35m[HTTP][39m [90m[39m
[35m[HTTP][39m [37m-->[39m [37mPOST[39m [37m/wd/hub/session/64b9b41f-3dc9-4352-af4e-3b4dca2ff748/timeouts[39m
[35m[HTTP][39m [90m{"implicit":30000}[39m
[35m[HTTP][39m [37m<-- POST /wd/hub/session/64b9b41f-3dc9-4352-af4e-3b4dca2ff748/timeouts [39m[32m200[39m [90m1 ms - 14[39m
[35m[HTTP][39m [90m[39m
[35m[HTTP][39m [37m-->[39m [37mPOST[39m [37m/wd/hub/session/64b9b41f-3dc9-4352-af4e-3b4dca2ff748/touch/perform[39m
[35m[HTTP][39m [90m{"actions":[{"action":"tap","options":{"x":1,"y":1,"element":"00000000-0000-09e1-ffff-ffff000008d4"}},{"action":"release","options":{}}]}[39m
[35m[UiAutomator2][39m calling get location: 00000000-0000-09e1-ffff-ffff000008d4
[35m[HTTP][39m [37m<-- POST /wd/hub/session/64b9b41f-3dc9-4352-af4e-3b4dca2ff748/touch/perform [39m[32m200[39m [90m901 ms - 14[39m
[35m[HTTP][39m [90m[39m
[35m[HTTP][39m [37m-->[39m [37mPOST[39m [37m/wd/hub/session/64b9b41f-3dc9-4352-af4e-3b4dca2ff748/timeouts[39m
[35m[HTTP][39m [90m{"implicit":50}[39m
[35m[HTTP][39m [37m<-- POST /wd/hub/session/64b9b41f-3dc9-4352-af4e-3b4dca2ff748/timeouts [39m[32m200[39m [90m2 ms - 14[39m
[35m[HTTP][39m [90m[39m
[35m[HTTP][39m [37m-->[39m [37mGET[39m [37m/wd/hub/session/64b9b41f-3dc9-4352-af4e-3b4dca2ff748/window/rect[39m
[35m[HTTP][39m [90m{}[39m
[35m[HTTP][39m [37m<-- GET /wd/hub/session/64b9b41f-3dc9-4352-af4e-3b4dca2ff748/window/rect [39m[32m200[39m [90m25 ms - 50[39m
[35m[HTTP][39m [90m[39m
[35m[HTTP][39m [37m-->[39m [37mPOST[39m [37m/wd/hub/session/64b9b41f-3dc9-4352-af4e-3b4dca2ff748/elements[39m
[35m[HTTP][39m [90m{"using":"xpath","value":"//hierarchy/android.widget.FrameLayout[1]/android.widget.LinearLayout[1]/android.widget.FrameLayout[1]/android.widget.LinearLayout[1]/android.widget.FrameLayout[1]/android.view.ViewGroup[1]/androidx.viewpager.widget.ViewPager[1]/android.widget.FrameLayout[1]/android.view.ViewGroup[1]/android.widget.ScrollView[1]/android.widget.LinearLayout[1]/androidx.recyclerview.widget.RecyclerView[1]/android.widget.LinearLayout[1]/android.widget.RelativeLayout[1]"}[39m
[35m[HTTP][39m [37m<-- POST /wd/hub/session/64b9b41f-3dc9-4352-af4e-3b4dca2ff748/elements [39m[32m200[39m [90m263 ms - 139[39m
[35m[HTTP][39m [90m[39m
[35m[HTTP][39m [37m-->[39m [37mGET[39m [37m/wd/hub/session/64b9b41f-3dc9-4352-af4e-3b4dca2ff748/element/00000000-0000-09e1-ffff-ffff00000915/location[39m
[35m[HTTP][39m [90m{}[39m
[35m[W3C (64b9b41f)][39m Driver proxy active, passing request on via HTTP proxy
[35m[WD Proxy][39m Replacing sessionId e65f3e1d-1e40-487b-a881-462cd433f44a with 64b9b41f-3dc9-4352-af4e-3b4dca2ff748
[35m[HTTP][39m [37m<-- GET /wd/hub/session/64b9b41f-3dc9-4352-af4e-3b4dca2ff748/element/00000000-0000-09e1-ffff-ffff00000915/location [39m[32m200[39m [90m631 ms - 77[39m
[35m[HTTP][39m [90m[39m
[35m[HTTP][39m [37m-->[39m [37mPOST[39m [37m/wd/hub/session/64b9b41f-3dc9-4352-af4e-3b4dca2ff748/timeouts[39m
[35m[HTTP][39m [90m{"implicit":30000}[39m
[35m[HTTP][39m [37m<-- POST /wd/hub/session/64b9b41f-3dc9-4352-af4e-3b4dca2ff748/timeouts [39m[32m200[39m [90m2 ms - 14[39m
[35m[HTTP][39m [90m[39m
[35m[HTTP][39m [37m-->[39m [37mPOST[39m [37m/wd/hub/session/64b9b41f-3dc9-4352-af4e-3b4dca2ff748/touch/perform[39m
[35m[HTTP][39m [90m{"actions":[{"action":"tap","options":{"x":1,"y":1,"element":"00000000-0000-09e1-ffff-ffff00000915"}},{"action":"release","options":{}}]}[39m
[35m[UiAutomator2][39m calling get location: 00000000-0000-09e1-ffff-ffff00000915
[35m[HTTP][39m [37m<-- POST /wd/hub/session/64b9b41f-3dc9-4352-af4e-3b4dca2ff748/touch/perform [39m[32m200[39m [90m195 ms - 14[39m
[35m[HTTP][39m [90m[39m
[35m[HTTP][39m [37m-->[39m [37mGET[39m [37m/wd/hub/session/64b9b41f-3dc9-4352-af4e-3b4dca2ff748/context[39m
[35m[HTTP][39m [90m{}[39m
[35m[HTTP][39m [37m<-- GET /wd/hub/session/64b9b41f-3dc9-4352-af4e-3b4dca2ff748/context [39m[32m200[39m [90m1 ms - 22[39m
[35m[HTTP][39m [90m[39m
[35m[HTTP][39m [37m-->[39m [37mGET[39m [37m/wd/hub/session/64b9b41f-3dc9-4352-af4e-3b4dca2ff748/contexts[39m
[35m[HTTP][39m [90m{}[39m
[35m[HTTP][39m [37m<-- GET /wd/hub/session/64b9b41f-3dc9-4352-af4e-3b4dca2ff748/contexts [39m[32m200[39m [90m92 ms - 24[39m
[35m[HTTP][39m [90m[39m
[35m[HTTP][39m [37m-->[39m [37mPOST[39m [37m/wd/hub/session/64b9b41f-3dc9-4352-af4e-3b4dca2ff748/context[39m
[35m[HTTP][39m [90m{"name":"NATIVE_APP"}[39m
[35m[HTTP][39m [37m<-- POST /wd/hub/session/64b9b41f-3dc9-4352-af4e-3b4dca2ff748/context [39m[32m200[39m [90m1 ms - 14[39m
[35m[HTTP][39m [90m[39m
[35m[HTTP][39m [37m-->[39m [37mGET[39m [37m/wd/hub/session/64b9b41f-3dc9-4352-af4e-3b4dca2ff748/window/rect[39m
[35m[HTTP][39m [90m{}[39m
[35m[HTTP][39m [37m<-- GET /wd/hub/session/64b9b41f-3dc9-4352-af4e-3b4dca2ff748/window/rect [39m[32m200[39m [90m29 ms - 50[39m
[35m[HTTP][39m [90m[39m
[35m[HTTP][39m [37m-->[39m [37mPOST[39m [37m/wd/hub/session/64b9b41f-3dc9-4352-af4e-3b4dca2ff748/execute/sync[39m
[35m[HTTP][39m [90m{"script":"mobile: viewportScreenshot","args":[]}[39m
[35m[AndroidDriver][39m Executing native command 'mobile: viewportScreenshot'
[35m[HTTP][39m [37m<-- POST /wd/hub/session/64b9b41f-3dc9-4352-af4e-3b4dca2ff748/execute/sync [39m[32m200[39m [90m1172 ms - 197892[39m
[35m[HTTP][39m [90m[39m
[35m[HTTP][39m [37m-->[39m [37mPOST[39m [37m/wd/hub/session/64b9b41f-3dc9-4352-af4e-3b4dca2ff748/context[39m
[35m[HTTP][39m [90m{"name":"NATIVE_APP"}[39m
[35m[HTTP][39m [37m<-- POST /wd/hub/session/64b9b41f-3dc9-4352-af4e-3b4dca2ff748/context [39m[32m200[39m [90m2 ms - 14[39m
[35m[HTTP][39m [90m[39m
[35m[HTTP][39m [37m-->[39m [37mPOST[39m [37m/wd/hub/session/64b9b41f-3dc9-4352-af4e-3b4dca2ff748/timeouts[39m
[35m[HTTP][39m [90m{"implicit":50}[39m
[35m[HTTP][39m [37m<-- POST /wd/hub/session/64b9b41f-3dc9-4352-af4e-3b4dca2ff748/timeouts [39m[32m200[39m [90m1 ms - 14[39m
[35m[HTTP][39m [90m[39m
[35m[HTTP][39m [37m-->[39m [37mGET[39m [37m/wd/hub/session/64b9b41f-3dc9-4352-af4e-3b4dca2ff748/window/rect[39m
[35m[HTTP][39m [90m{}[39m
[35m[HTTP][39m [37m<-- GET /wd/hub/session/64b9b41f-3dc9-4352-af4e-3b4dca2ff748/window/rect [39m[32m200[39m [90m25 ms - 50[39m
[35m[HTTP][39m [90m[39m
[35m[HTTP][39m [37m-->[39m [37mPOST[39m [37m/wd/hub/session/64b9b41f-3dc9-4352-af4e-3b4dca2ff748/elements[39m
[35m[HTTP][39m [90m{"using":"xpath","value":"//*[@class = 'android.widget.Button' and (@text = 'Email' or . = 'Email') and @resource-id = 'com.vq.mbrochuregp.client.android:id/btn_billing_detail_email']"}[39m
[35m[HTTP][39m [37m<-- POST /wd/hub/session/64b9b41f-3dc9-4352-af4e-3b4dca2ff748/elements [39m[32m200[39m [90m593 ms - 139[39m
[35m[HTTP][39m [90m[39m
[35m[HTTP][39m [37m-->[39m [37mGET[39m [37m/wd/hub/session/64b9b41f-3dc9-4352-af4e-3b4dca2ff748/element/00000000-0000-09e2-ffff-ffff0000096f/location[39m
[35m[HTTP][39m [90m{}[39m
[35m[W3C (64b9b41f)][39m Driver proxy active, passing request on via HTTP proxy
[35m[WD Proxy][39m Replacing sessionId e65f3e1d-1e40-487b-a881-462cd433f44a with 64b9b41f-3dc9-4352-af4e-3b4dca2ff748
[35m[HTTP][39m [37m<-- GET /wd/hub/session/64b9b41f-3dc9-4352-af4e-3b4dca2ff748/element/00000000-0000-09e2-ffff-ffff0000096f/location [39m[32m200[39m [90m23 ms - 79[39m
[35m[HTTP][39m [90m[39m
[35m[HTTP][39m [37m-->[39m [37mPOST[39m [37m/wd/hub/session/64b9b41f-3dc9-4352-af4e-3b4dca2ff748/timeouts[39m
[35m[HTTP][39m [90m{"implicit":30000}[39m
[35m[HTTP][39m [37m<-- POST /wd/hub/session/64b9b41f-3dc9-4352-af4e-3b4dca2ff748/timeouts [39m[32m200[39m [90m1 ms - 14[39m
[35m[HTTP][39m [90m[39m
[35m[HTTP][39m [37m-->[39m [37mPOST[39m [37m/wd/hub/session/64b9b41f-3dc9-4352-af4e-3b4dca2ff748/touch/perform[39m
[35m[HTTP][39m [90m{"actions":[{"action":"tap","options":{"x":1,"y":1,"element":"00000000-0000-09e2-ffff-ffff0000096f"}},{"action":"release","options":{}}]}[39m
[35m[UiAutomator2][39m calling get location: 00000000-0000-09e2-ffff-ffff0000096f
[35m[HTTP][39m [37m<-- POST /wd/hub/session/64b9b41f-3dc9-4352-af4e-3b4dca2ff748/touch/perform [39m[32m200[39m [90m930 ms - 14[39m
[35m[HTTP][39m [90m[39m
[35m[HTTP][39m [37m-->[39m [37mGET[39m [37m/wd/hub/session/64b9b41f-3dc9-4352-af4e-3b4dca2ff748/context[39m
[35m[HTTP][39m [90m{}[39m
[35m[HTTP][39m [37m<-- GET /wd/hub/session/64b9b41f-3dc9-4352-af4e-3b4dca2ff748/context [39m[32m200[39m [90m1 ms - 22[39m
[35m[HTTP][39m [90m[39m
[35m[HTTP][39m [37m-->[39m [37mGET[39m [37m/wd/hub/session/64b9b41f-3dc9-4352-af4e-3b4dca2ff748/contexts[39m
[35m[HTTP][39m [90m{}[39m
[35m[HTTP][39m [37m<-- GET /wd/hub/session/64b9b41f-3dc9-4352-af4e-3b4dca2ff748/contexts [39m[32m200[39m [90m85 ms - 24[39m
[35m[HTTP][39m [90m[39m
[35m[HTTP][39m [37m-->[39m [37mPOST[39m [37m/wd/hub/session/64b9b41f-3dc9-4352-af4e-3b4dca2ff748/context[39m
[35m[HTTP][39m [90m{"name":"NATIVE_APP"}[39m
[35m[HTTP][39m [37m<-- POST /wd/hub/session/64b9b41f-3dc9-4352-af4e-3b4dca2ff748/context [39m[32m200[39m [90m1 ms - 14[39m
[35m[HTTP][39m [90m[39m
[35m[HTTP][39m [37m-->[39m [37mGET[39m [37m/wd/hub/session/64b9b41f-3dc9-4352-af4e-3b4dca2ff748/window/rect[39m
[35m[HTTP][39m [90m{}[39m
[35m[HTTP][39m [37m<-- GET /wd/hub/session/64b9b41f-3dc9-4352-af4e-3b4dca2ff748/window/rect [39m[32m200[39m [90m22 ms - 50[39m
[35m[HTTP][39m [90m[39m
[35m[HTTP][39m [37m-->[39m [37mPOST[39m [37m/wd/hub/session/64b9b41f-3dc9-4352-af4e-3b4dca2ff748/execute/sync[39m
[35m[HTTP][39m [90m{"script":"mobile: viewportScreenshot","args":[]}[39m
[35m[AndroidDriver][39m Executing native command 'mobile: viewportScreenshot'
[35m[HTTP][39m [37m<-- POST /wd/hub/session/64b9b41f-3dc9-4352-af4e-3b4dca2ff748/execute/sync [39m[32m200[39m [90m1081 ms - 193952[39m
[35m[HTTP][39m [90m[39m
[35m[HTTP][39m [37m-->[39m [37mPOST[39m [37m/wd/hub/session/64b9b41f-3dc9-4352-af4e-3b4dca2ff748/context[39m
[35m[HTTP][39m [90m{"name":"NATIVE_APP"}[39m
[35m[HTTP][39m [37m<-- POST /wd/hub/session/64b9b41f-3dc9-4352-af4e-3b4dca2ff748/context [39m[32m200[39m [90m1 ms - 14[39m
[35m[HTTP][39m [90m[39m
[35m[HTTP][39m [37m-->[39m [37mPOST[39m [37m/wd/hub/session/64b9b41f-3dc9-4352-af4e-3b4dca2ff748/timeouts[39m
[35m[HTTP][39m [90m{"implicit":50}[39m
[35m[HTTP][39m [37m<-- POST /wd/hub/session/64b9b41f-3dc9-4352-af4e-3b4dca2ff748/timeouts [39m[32m200[39m [90m1 ms - 14[39m
[35m[HTTP][39m [90m[39m
[35m[HTTP][39m [37m-->[39m [37mGET[39m [37m/wd/hub/session/64b9b41f-3dc9-4352-af4e-3b4dca2ff748/window/rect[39m
[35m[HTTP][39m [90m{}[39m
[35m[HTTP][39m [37m<-- GET /wd/hub/session/64b9b41f-3dc9-4352-af4e-3b4dca2ff748/window/rect [39m[32m200[39m [90m24 ms - 50[39m
[35m[HTTP][39m [90m[39m
[35m[HTTP][39m [37m-->[39m [37mPOST[39m [37m/wd/hub/session/64b9b41f-3dc9-4352-af4e-3b4dca2ff748/elements[39m
[35m[HTTP][39m [90m{"using":"xpath","value":"//*[@class = 'android.widget.Button' and (@text = 'Kirim' or . = 'Kirim') and @resource-id = 'com.vq.mbrochuregp.client.android:id/btn_stnk_send_email_send_email']"}[39m
[35m[HTTP][39m [37m<-- POST /wd/hub/session/64b9b41f-3dc9-4352-af4e-3b4dca2ff748/elements [39m[32m200[39m [90m168 ms - 139[39m
[35m[HTTP][39m [90m[39m
[35m[HTTP][39m [37m-->[39m [37mGET[39m [37m/wd/hub/session/64b9b41f-3dc9-4352-af4e-3b4dca2ff748/element/00000000-0000-09e3-ffff-ffff0000098a/location[39m
[35m[HTTP][39m [90m{}[39m
[35m[W3C (64b9b41f)][39m Driver proxy active, passing request on via HTTP proxy
[35m[WD Proxy][39m Replacing sessionId e65f3e1d-1e40-487b-a881-462cd433f44a with 64b9b41f-3dc9-4352-af4e-3b4dca2ff748
[35m[HTTP][39m [37m<-- GET /wd/hub/session/64b9b41f-3dc9-4352-af4e-3b4dca2ff748/element/00000000-0000-09e3-ffff-ffff0000098a/location [39m[32m200[39m [90m24 ms - 78[39m
[35m[HTTP][39m [90m[39m
[35m[HTTP][39m [37m-->[39m [37mPOST[39m [37m/wd/hub/session/64b9b41f-3dc9-4352-af4e-3b4dca2ff748/timeouts[39m
[35m[HTTP][39m [90m{"implicit":30000}[39m
[35m[HTTP][39m [37m<-- POST /wd/hub/session/64b9b41f-3dc9-4352-af4e-3b4dca2ff748/timeouts [39m[32m200[39m [90m1 ms - 14[39m
[35m[HTTP][39m [90m[39m
[35m[HTTP][39m [37m-->[39m [37mPOST[39m [37m/wd/hub/session/64b9b41f-3dc9-4352-af4e-3b4dca2ff748/touch/perform[39m
[35m[HTTP][39m [90m{"actions":[{"action":"tap","options":{"x":1,"y":1,"element":"00000000-0000-09e3-ffff-ffff0000098a"}},{"action":"release","options":{}}]}[39m
[35m[UiAutomator2][39m calling get location: 00000000-0000-09e3-ffff-ffff0000098a
[35m[HTTP][39m [37m<-- POST /wd/hub/session/64b9b41f-3dc9-4352-af4e-3b4dca2ff748/touch/perform [39m[32m200[39m [90m212 ms - 14[39m
[35m[HTTP][39m [90m[39m
[35m[HTTP][39m [37m-->[39m [37mGET[39m [37m/wd/hub/session/64b9b41f-3dc9-4352-af4e-3b4dca2ff748/context[39m
[35m[HTTP][39m [90m{}[39m
[35m[HTTP][39m [37m<-- GET /wd/hub/session/64b9b41f-3dc9-4352-af4e-3b4dca2ff748/context [39m[32m200[39m [90m1 ms - 22[39m
[35m[HTTP][39m [90m[39m
[35m[HTTP][39m [37m-->[39m [37mGET[39m [37m/wd/hub/session/64b9b41f-3dc9-4352-af4e-3b4dca2ff748/contexts[39m
[35m[HTTP][39m [90m{}[39m
[35m[HTTP][39m [37m<-- GET /wd/hub/session/64b9b41f-3dc9-4352-af4e-3b4dca2ff748/contexts [39m[32m200[39m [90m97 ms - 24[39m
[35m[HTTP][39m [90m[39m
[35m[HTTP][39m [37m-->[39m [37mPOST[39m [37m/wd/hub/session/64b9b41f-3dc9-4352-af4e-3b4dca2ff748/context[39m
[35m[HTTP][39m [90m{"name":"NATIVE_APP"}[39m
[35m[HTTP][39m [37m<-- POST /wd/hub/session/64b9b41f-3dc9-4352-af4e-3b4dca2ff748/context [39m[32m200[39m [90m1 ms - 14[39m
[35m[HTTP][39m [90m[39m
[35m[HTTP][39m [37m-->[39m [37mGET[39m [37m/wd/hub/session/64b9b41f-3dc9-4352-af4e-3b4dca2ff748/window/rect[39m
[35m[HTTP][39m [90m{}[39m
[35m[HTTP][39m [37m<-- GET /wd/hub/session/64b9b41f-3dc9-4352-af4e-3b4dca2ff748/window/rect [39m[32m200[39m [90m21 ms - 50[39m
[35m[HTTP][39m [90m[39m
[35m[HTTP][39m [37m-->[39m [37mPOST[39m [37m/wd/hub/session/64b9b41f-3dc9-4352-af4e-3b4dca2ff748/execute/sync[39m
[35m[HTTP][39m [90m{"script":"mobile: viewportScreenshot","args":[]}[39m
[35m[AndroidDriver][39m Executing native command 'mobile: viewportScreenshot'
[35m[HTTP][39m [37m<-- POST /wd/hub/session/64b9b41f-3dc9-4352-af4e-3b4dca2ff748/execute/sync [39m[32m200[39m [90m1138 ms - 287956[39m
[35m[HTTP][39m [90m[39m
[35m[HTTP][39m [37m-->[39m [37mPOST[39m [37m/wd/hub/session/64b9b41f-3dc9-4352-af4e-3b4dca2ff748/context[39m
[35m[HTTP][39m [90m{"name":"NATIVE_APP"}[39m
[35m[HTTP][39m [37m<-- POST /wd/hub/session/64b9b41f-3dc9-4352-af4e-3b4dca2ff748/context [39m[32m200[39m [90m2 ms - 14[39m
[35m[HTTP][39m [90m[39m
[35m[HTTP][39m [37m-->[39m [37mGET[39m [37m/wd/hub/session/64b9b41f-3dc9-4352-af4e-3b4dca2ff748/context[39m
[35m[HTTP][39m [90m{}[39m
[35m[HTTP][39m [37m<-- GET /wd/hub/session/64b9b41f-3dc9-4352-af4e-3b4dca2ff748/context [39m[32m200[39m [90m1 ms - 22[39m
[35m[HTTP][39m [90m[39m
[35m[HTTP][39m [37m-->[39m [37mGET[39m [37m/wd/hub/session/64b9b41f-3dc9-4352-af4e-3b4dca2ff748/contexts[39m
[35m[HTTP][39m [90m{}[39m
[35m[HTTP][39m [37m<-- GET /wd/hub/session/64b9b41f-3dc9-4352-af4e-3b4dca2ff748/contexts [39m[32m200[39m [90m105 ms - 24[39m
[35m[HTTP][39m [90m[39m
[35m[HTTP][39m [37m-->[39m [37mPOST[39m [37m/wd/hub/session/64b9b41f-3dc9-4352-af4e-3b4dca2ff748/context[39m
[35m[HTTP][39m [90m{"name":"NATIVE_APP"}[39m
[35m[HTTP][39m [37m<-- POST /wd/hub/session/64b9b41f-3dc9-4352-af4e-3b4dca2ff748/context [39m[32m200[39m [90m3 ms - 14[39m
[35m[HTTP][39m [90m[39m
[35m[HTTP][39m [37m-->[39m [37mPOST[39m [37m/wd/hub/session/64b9b41f-3dc9-4352-af4e-3b4dca2ff748/appium/device/press_keycode[39m
[35m[HTTP][39m [90m{"keycode":4}[39m
[35m[HTTP][39m [37m<-- POST /wd/hub/session/64b9b41f-3dc9-4352-af4e-3b4dca2ff748/appium/device/press_keycode [39m[32m200[39m [90m692 ms - 14[39m
[35m[HTTP][39m [90m[39m
[35m[HTTP][39m [37m-->[39m [37mPOST[39m [37m/wd/hub/session/64b9b41f-3dc9-4352-af4e-3b4dca2ff748/context[39m
[35m[HTTP][39m [90m{"name":"NATIVE_APP"}[39m
[35m[HTTP][39m [37m<-- POST /wd/hub/session/64b9b41f-3dc9-4352-af4e-3b4dca2ff748/context [39m[32m200[39m [90m2 ms - 14[39m
[35m[HTTP][39m [90m[39m
[35m[HTTP][39m [37m-->[39m [37mGET[39m [37m/wd/hub/session/64b9b41f-3dc9-4352-af4e-3b4dca2ff748/context[39m
[35m[HTTP][39m [90m{}[39m
[35m[HTTP][39m [37m<-- GET /wd/hub/session/64b9b41f-3dc9-4352-af4e-3b4dca2ff748/context [39m[32m200[39m [90m1 ms - 22[39m
[35m[HTTP][39m [90m[39m
[35m[HTTP][39m [37m-->[39m [37mGET[39m [37m/wd/hub/session/64b9b41f-3dc9-4352-af4e-3b4dca2ff748/contexts[39m
[35m[HTTP][39m [90m{}[39m
[35m[HTTP][39m [37m<-- GET /wd/hub/session/64b9b41f-3dc9-4352-af4e-3b4dca2ff748/contexts [39m[32m200[39m [90m89 ms - 24[39m
[35m[HTTP][39m [90m[39m
[35m[HTTP][39m [37m-->[39m [37mPOST[39m [37m/wd/hub/session/64b9b41f-3dc9-4352-af4e-3b4dca2ff748/context[39m
[35m[HTTP][39m [90m{"name":"NATIVE_APP"}[39m
[35m[HTTP][39m [37m<-- POST /wd/hub/session/64b9b41f-3dc9-4352-af4e-3b4dca2ff748/context [39m[32m200[39m [90m1 ms - 14[39m
[35m[HTTP][39m [90m[39m
[35m[HTTP][39m [37m-->[39m [37mPOST[39m [37m/wd/hub/session/64b9b41f-3dc9-4352-af4e-3b4dca2ff748/appium/device/press_keycode[39m
[35m[HTTP][39m [90m{"keycode":4}[39m
[35m[HTTP][39m [37m<-- POST /wd/hub/session/64b9b41f-3dc9-4352-af4e-3b4dca2ff748/appium/device/press_keycode [39m[32m200[39m [90m606 ms - 14[39m
[35m[HTTP][39m [90m[39m
[35m[HTTP][39m [37m-->[39m [37mPOST[39m [37m/wd/hub/session/64b9b41f-3dc9-4352-af4e-3b4dca2ff748/context[39m
[35m[HTTP][39m [90m{"name":"NATIVE_APP"}[39m
[35m[HTTP][39m [37m<-- POST /wd/hub/session/64b9b41f-3dc9-4352-af4e-3b4dca2ff748/context [39m[32m200[39m [90m1 ms - 14[39m
[35m[HTTP][39m [90m[39m
[35m[HTTP][39m [37m-->[39m [37mGET[39m [37m/wd/hub/session/64b9b41f-3dc9-4352-af4e-3b4dca2ff748/window/rect[39m
[35m[HTTP][39m [90m{}[39m
[35m[HTTP][39m [37m<-- GET /wd/hub/session/64b9b41f-3dc9-4352-af4e-3b4dca2ff748/window/rect [39m[32m200[39m [90m23 ms - 50[39m
[35m[HTTP][39m [90m[39m
[35m[HTTP][39m [37m-->[39m [37mPOST[39m [37m/wd/hub/session/64b9b41f-3dc9-4352-af4e-3b4dca2ff748/elements[39m
[35m[HTTP][39m [90m{"using":"xpath","value":"//*[@resource-id = 'com.vq.mbrochuregp.client.android:id/iv_home_profil_icon' and @package = 'com.vq.mbrochuregp.client.android']"}[39m
[35m[HTTP][39m [37m<-- POST /wd/hub/session/64b9b41f-3dc9-4352-af4e-3b4dca2ff748/elements [39m[32m200[39m [90m3018 ms - 139[39m
[35m[HTTP][39m [90m[39m
[35m[HTTP][39m [37m-->[39m [37mGET[39m [37m/wd/hub/session/64b9b41f-3dc9-4352-af4e-3b4dca2ff748/element/00000000-0000-09e1-ffff-ffff000008e5/location[39m
[35m[HTTP][39m [90m{}[39m
[35m[W3C (64b9b41f)][39m Driver proxy active, passing request on via HTTP proxy
[35m[WD Proxy][39m Replacing sessionId e65f3e1d-1e40-487b-a881-462cd433f44a with 64b9b41f-3dc9-4352-af4e-3b4dca2ff748
[35m[HTTP][39m [37m<-- GET /wd/hub/session/64b9b41f-3dc9-4352-af4e-3b4dca2ff748/element/00000000-0000-09e1-ffff-ffff000008e5/location [39m[32m200[39m [90m22 ms - 79[39m
[35m[HTTP][39m [90m[39m
[35m[HTTP][39m [37m-->[39m [37mPOST[39m [37m/wd/hub/session/64b9b41f-3dc9-4352-af4e-3b4dca2ff748/element/00000000-0000-09e1-ffff-ffff000008e5/click[39m
[35m[HTTP][39m [90m{"id":"00000000-0000-09e1-ffff-ffff000008e5"}[39m
[35m[HTTP][39m [37m<-- POST /wd/hub/session/64b9b41f-3dc9-4352-af4e-3b4dca2ff748/element/00000000-0000-09e1-ffff-ffff000008e5/click [39m[32m200[39m [90m54 ms - 14[39m
[35m[HTTP][39m [90m[39m
[35m[HTTP][39m [37m-->[39m [37mDELETE[39m [37m/wd/hub/session/64b9b41f-3dc9-4352-af4e-3b4dca2ff748[39m
[35m[HTTP][39m [90m{}[39m
[35m[Appium][39m Removing session 64b9b41f-3dc9-4352-af4e-3b4dca2ff748 from our master session list
[35m[UiAutomator2][39m Restoring hidden api policy to the device default configuration
[35m[HTTP][39m [37m<-- DELETE /wd/hub/session/64b9b41f-3dc9-4352-af4e-3b4dca2ff748 [39m[32m200[39m [90m402 ms - 14[39m
[35m[HTTP][39m [90m[39m
