[35m[Appium][39m Welcome to Appium v1.22.2
[35m[Appium][39m Non-default server args:
[35m[Appium][39m   port: 49745
[35m[Appium][39m   loglevel: info
[35m[Appium][39m   tmpDir: C:\Users\NIAYUS~1\AppData\Local\Temp\\Katalon\Appium\Temp1656150354373
[35m[Appium][39m   chromedriverPort: 49746
[35m[Appium][39m Deprecated server args:
[35m[Appium][39m   [31m--chromedriver-port[39m => --default-capabilities
[35m[Appium][39m Default capabilities, which will be added to each request unless overridden by desired capabilities:
[35m[Appium][39m   chromedriverPort: 49746
[35m[Appium][39m Appium REST http interface listener started on 0.0.0.0:49745
[35m[HTTP][39m [37m-->[39m [37mGET[39m [37m/wd/hub/status[39m
[35m[HTTP][39m [90m{}[39m
[35m[HTTP][39m [37m<-- GET /wd/hub/status [39m[32m200[39m [90m18 ms - 68[39m
[35m[HTTP][39m [90m[39m
[35m[HTTP][39m [37m-->[39m [37mPOST[39m [37m/wd/hub/session[39m
[35m[HTTP][39m [90m{"desiredCapabilities":{"appActivity":".Settings","appPackage":"com.android.settings","newCommandTimeout":1800,"platformVersion":"11","automationName":"uiautomator2","autoGrantPermissions":true,"platformName":"Android","udid":"RR8N605F11Y","deviceName":"samsung SM-M315F (Android 11)","platform":"ANDROID","systemPort":8287},"capabilities":{"firstMatch":[{"appium:appActivity":".Settings","appium:appPackage":"com.android.settings","appium:autoGrantPermissions":true,"appium:automationName":"uiautomator2","appium:deviceName":"samsung SM-M315F (Android 11)","appium:newCommandTimeout":1800,"platform":"ANDROID","platformName":"android","appium:platformVersion":"11","appium:systemPort":8287,"appium:udid":"RR8N605F11Y"}]}}[39m
[35m[BaseDriver][39m The following capabilities are not standard capabilities and should have an extension prefix:
[35m[BaseDriver][39m   platform
[35m[BaseDriver][39m   chromedriverPort
[35m[Appium][39m Appium v1.22.2 creating new AndroidUiautomator2Driver (v1.70.1) session
[35m[BaseDriver][39m The following capabilities were provided, but are not recognized by Appium:
[35m[BaseDriver][39m   platform
[35m[BaseDriver][39m Session created with session id: 639cff09-92c3-4268-ad1a-540c6df2f97e
[35m[UiAutomator2][39m Starting 'com.android.settings' directly on the device
[35m[ADB][39m Cannot sort build-tools folders ["29.0.3","android-8.1.0"] by semantic version names.
[35m[ADB][39m Falling back to sorting by modification date. Original error: Invalid Version: android-8.1.0
[35m[ADB][39m Found 2 'build-tools' folders under 'C:\Users\Nia Yusniati\.katalon\tools\android_sdk' (newest first):
[35m[ADB][39m     C:/Users/Nia Yusniati/.katalon/tools/android_sdk/build-tools/29.0.3
[35m[ADB][39m     C:/Users/Nia Yusniati/.katalon/tools/android_sdk/build-tools/android-8.1.0
[35m[ADB][39m Using 'adb.exe' from 'C:\Users\Nia Yusniati\.katalon\tools\android_sdk\platform-tools\adb.exe'
[35m[AndroidDriver][39m Retrieving device list
[35m[AndroidDriver][39m Using device: RR8N605F11Y
[35m[ADB][39m Using 'adb.exe' from 'C:\Users\Nia Yusniati\.katalon\tools\android_sdk\platform-tools\adb.exe'
[35m[ADB][39m Getting device platform version
[35m[UiAutomator2][39m Relaxing hidden api policy
[35m[AndroidDriver][39m No app sent in, not parsing package/activity
[35m[ADB][39m Using 'apksigner.jar' from 'C:\Users\Nia Yusniati\.katalon\tools\android_sdk\build-tools\29.0.3\lib\apksigner.jar'
[35m[ADB][39m 'C:\Users\Nia Yusniati\AppData\Roaming\npm\node_modules\appium\node_modules\appium-uiautomator2-server\apks\appium-uiautomator2-server-v4.27.0.apk' is signed with the default certificate
[35m[ADB][39m 'C:\Users\Nia Yusniati\AppData\Roaming\npm\node_modules\appium\node_modules\appium-uiautomator2-server\apks\appium-uiautomator2-server-debug-androidTest.apk' is signed with the default certificate
[35m[UiAutomator2][39m Server packages are not going to be (re)installed
[35m[ADB][39m Adding packages ["io.appium.settings","io.appium.uiautomator2.server","io.appium.uiautomator2.server.test"] to Doze whitelist
[35m[UiAutomator2][39m Starting UIAutomator2 server 4.27.0
[35m[UiAutomator2][39m Using UIAutomator2 server from 'C:\Users\Nia Yusniati\AppData\Roaming\npm\node_modules\appium\node_modules\appium-uiautomator2-server\apks\appium-uiautomator2-server-v4.27.0.apk' and test from 'C:\Users\Nia Yusniati\AppData\Roaming\npm\node_modules\appium\node_modules\appium-uiautomator2-server\apks\appium-uiautomator2-server-debug-androidTest.apk'
[35m[UiAutomator2][39m Waiting up to 30000ms for UiAutomator2 to be online...
[35m[WD Proxy][39m socket hang up
[35m[WD Proxy][39m socket hang up
[35m[WD Proxy][39m socket hang up
[35m[WD Proxy][39m socket hang up
[35m[WD Proxy][39m Determined the downstream protocol as 'W3C'
[35m[AndroidDriver][39m Screen already unlocked, doing nothing
[35m[UiAutomator2][39m Starting 'com.android.settings/.Settings and waiting for 'com.android.settings/.Settings'
[35m[Appium][39m New AndroidUiautomator2Driver session created successfully, session 639cff09-92c3-4268-ad1a-540c6df2f97e added to master session list
[35m[HTTP][39m [37m<-- POST /wd/hub/session [39m[32m200[39m [90m16461 ms - 1158[39m
[35m[HTTP][39m [90m[39m
[35m[HTTP][39m [37m-->[39m [37mGET[39m [37m/wd/hub/session/639cff09-92c3-4268-ad1a-540c6df2f97e[39m
[35m[HTTP][39m [90m{}[39m
[35m[HTTP][39m [37m<-- GET /wd/hub/session/639cff09-92c3-4268-ad1a-540c6df2f97e [39m[32m200[39m [90m18 ms - 1112[39m
[35m[HTTP][39m [90m[39m
[35m[HTTP][39m [37m-->[39m [37mGET[39m [37m/wd/hub/session/639cff09-92c3-4268-ad1a-540c6df2f97e[39m
[35m[HTTP][39m [90m{}[39m
[35m[HTTP][39m [37m<-- GET /wd/hub/session/639cff09-92c3-4268-ad1a-540c6df2f97e [39m[32m200[39m [90m16 ms - 1112[39m
[35m[HTTP][39m [90m[39m
[35m[HTTP][39m [37m-->[39m [37mGET[39m [37m/wd/hub/status[39m
[35m[HTTP][39m [90m{}[39m
[35m[HTTP][39m [37m<-- GET /wd/hub/status [39m[32m200[39m [90m2 ms - 68[39m
[35m[HTTP][39m [90m[39m
[35m[HTTP][39m [37m-->[39m [37mPOST[39m [37m/wd/hub/session/639cff09-92c3-4268-ad1a-540c6df2f97e/timeouts[39m
[35m[HTTP][39m [90m{"implicit":30000}[39m
[35m[HTTP][39m [37m<-- POST /wd/hub/session/639cff09-92c3-4268-ad1a-540c6df2f97e/timeouts [39m[32m200[39m [90m9 ms - 14[39m
[35m[HTTP][39m [90m[39m
[35m[HTTP][39m [37m-->[39m [37mGET[39m [37m/wd/hub/session/639cff09-92c3-4268-ad1a-540c6df2f97e/screenshot[39m
[35m[HTTP][39m [90m{}[39m
[35m[HTTP][39m [37m<-- GET /wd/hub/session/639cff09-92c3-4268-ad1a-540c6df2f97e/screenshot [39m[32m200[39m [90m712 ms - 215358[39m
[35m[HTTP][39m [90m[39m
[35m[HTTP][39m [37m-->[39m [37mGET[39m [37m/wd/hub/session/639cff09-92c3-4268-ad1a-540c6df2f97e/window/rect[39m
[35m[HTTP][39m [90m{}[39m
[35m[HTTP][39m [37m<-- GET /wd/hub/session/639cff09-92c3-4268-ad1a-540c6df2f97e/window/rect [39m[32m200[39m [90m35 ms - 50[39m
[35m[HTTP][39m [90m[39m
[35m[HTTP][39m [37m-->[39m [37mGET[39m [37m/wd/hub/session/639cff09-92c3-4268-ad1a-540c6df2f97e/appium/device/system_bars[39m
[35m[HTTP][39m [90m{}[39m
[35m[HTTP][39m [37m<-- GET /wd/hub/session/639cff09-92c3-4268-ad1a-540c6df2f97e/appium/device/system_bars [39m[32m200[39m [90m207 ms - 148[39m
[35m[HTTP][39m [90m[39m
[35m[HTTP][39m [37m-->[39m [37mPOST[39m [37m/wd/hub/session/639cff09-92c3-4268-ad1a-540c6df2f97e/appium/device/activate_app[39m
[35m[HTTP][39m [90m{"bundleId":"com.vq.mbrochuregp.client.android"}[39m
[35m[HTTP][39m [37m<-- POST /wd/hub/session/639cff09-92c3-4268-ad1a-540c6df2f97e/appium/device/activate_app [39m[32m200[39m [90m749 ms - 14[39m
[35m[HTTP][39m [90m[39m
[35m[HTTP][39m [37m-->[39m [37mPOST[39m [37m/wd/hub/session/639cff09-92c3-4268-ad1a-540c6df2f97e/timeouts[39m
[35m[HTTP][39m [90m{"implicit":50}[39m
[35m[HTTP][39m [37m<-- POST /wd/hub/session/639cff09-92c3-4268-ad1a-540c6df2f97e/timeouts [39m[32m200[39m [90m9 ms - 14[39m
[35m[HTTP][39m [90m[39m
[35m[HTTP][39m [37m-->[39m [37mGET[39m [37m/wd/hub/session/639cff09-92c3-4268-ad1a-540c6df2f97e/window/rect[39m
[35m[HTTP][39m [90m{}[39m
[35m[HTTP][39m [37m<-- GET /wd/hub/session/639cff09-92c3-4268-ad1a-540c6df2f97e/window/rect [39m[32m200[39m [90m37 ms - 50[39m
[35m[HTTP][39m [90m[39m
[35m[HTTP][39m [37m-->[39m [37mPOST[39m [37m/wd/hub/session/639cff09-92c3-4268-ad1a-540c6df2f97e/elements[39m
[35m[HTTP][39m [90m{"using":"xpath","value":"//*[@class = 'android.widget.EditText' and (@text = 'Email' or . = 'Email') and @resource-id = 'com.vq.mbrochuregp.client.android:id/et_login_email']"}[39m
[35m[HTTP][39m [37m<-- POST /wd/hub/session/639cff09-92c3-4268-ad1a-540c6df2f97e/elements [39m[32m200[39m [90m4434 ms - 139[39m
[35m[HTTP][39m [90m[39m
[35m[HTTP][39m [37m-->[39m [37mGET[39m [37m/wd/hub/session/639cff09-92c3-4268-ad1a-540c6df2f97e/element/00000000-0000-000f-ffff-ffff000001f9/location[39m
[35m[HTTP][39m [90m{}[39m
[35m[W3C (639cff09)][39m Driver proxy active, passing request on via HTTP proxy
[35m[WD Proxy][39m Replacing sessionId 42bbcbe0-0f64-406a-a7e8-9d4062306305 with 639cff09-92c3-4268-ad1a-540c6df2f97e
[35m[HTTP][39m [37m<-- GET /wd/hub/session/639cff09-92c3-4268-ad1a-540c6df2f97e/element/00000000-0000-000f-ffff-ffff000001f9/location [39m[32m200[39m [90m87 ms - 77[39m
[35m[HTTP][39m [90m[39m
[35m[HTTP][39m [37m-->[39m [37mPOST[39m [37m/wd/hub/session/639cff09-92c3-4268-ad1a-540c6df2f97e/timeouts[39m
[35m[HTTP][39m [90m{"implicit":30000}[39m
[35m[HTTP][39m [37m<-- POST /wd/hub/session/639cff09-92c3-4268-ad1a-540c6df2f97e/timeouts [39m[32m200[39m [90m3 ms - 14[39m
[35m[HTTP][39m [90m[39m
[35m[HTTP][39m [37m-->[39m [37mPOST[39m [37m/wd/hub/session/639cff09-92c3-4268-ad1a-540c6df2f97e/element/00000000-0000-000f-ffff-ffff000001f9/clear[39m
[35m[HTTP][39m [90m{"id":"00000000-0000-000f-ffff-ffff000001f9"}[39m
[35m[HTTP][39m [37m<-- POST /wd/hub/session/639cff09-92c3-4268-ad1a-540c6df2f97e/element/00000000-0000-000f-ffff-ffff000001f9/clear [39m[32m200[39m [90m46 ms - 14[39m
[35m[HTTP][39m [90m[39m
[35m[HTTP][39m [37m-->[39m [37mPOST[39m [37m/wd/hub/session/639cff09-92c3-4268-ad1a-540c6df2f97e/element/00000000-0000-000f-ffff-ffff000001f9/value[39m
[35m[HTTP][39m [90m{"id":"00000000-0000-000f-ffff-ffff000001f9","text":"lisharyani@mailinator.com","value":["l","i","s","h","a","r","y","a","n","i","@","m","a","i","l","i","n","a","t","o","r",".","c","o","m"]}[39m
[35m[HTTP][39m [37m<-- POST /wd/hub/session/639cff09-92c3-4268-ad1a-540c6df2f97e/element/00000000-0000-000f-ffff-ffff000001f9/value [39m[32m200[39m [90m583 ms - 14[39m
[35m[HTTP][39m [90m[39m
[35m[HTTP][39m [37m-->[39m [37mPOST[39m [37m/wd/hub/session/639cff09-92c3-4268-ad1a-540c6df2f97e/timeouts[39m
[35m[HTTP][39m [90m{"implicit":50}[39m
[35m[HTTP][39m [37m<-- POST /wd/hub/session/639cff09-92c3-4268-ad1a-540c6df2f97e/timeouts [39m[32m200[39m [90m4 ms - 14[39m
[35m[HTTP][39m [90m[39m
[35m[HTTP][39m [37m-->[39m [37mGET[39m [37m/wd/hub/session/639cff09-92c3-4268-ad1a-540c6df2f97e/window/rect[39m
[35m[HTTP][39m [90m{}[39m
[35m[HTTP][39m [37m<-- GET /wd/hub/session/639cff09-92c3-4268-ad1a-540c6df2f97e/window/rect [39m[32m200[39m [90m31 ms - 50[39m
[35m[HTTP][39m [90m[39m
[35m[HTTP][39m [37m-->[39m [37mPOST[39m [37m/wd/hub/session/639cff09-92c3-4268-ad1a-540c6df2f97e/elements[39m
[35m[HTTP][39m [90m{"using":"xpath","value":"//*[@class = 'android.widget.EditText' and (@text = 'Password' or . = 'Password') and @resource-id = 'com.vq.mbrochuregp.client.android:id/et_login_password']"}[39m
[35m[HTTP][39m [37m<-- POST /wd/hub/session/639cff09-92c3-4268-ad1a-540c6df2f97e/elements [39m[32m200[39m [90m383 ms - 139[39m
[35m[HTTP][39m [90m[39m
[35m[HTTP][39m [37m-->[39m [37mGET[39m [37m/wd/hub/session/639cff09-92c3-4268-ad1a-540c6df2f97e/element/00000000-0000-000f-ffff-ffff000001fd/location[39m
[35m[HTTP][39m [90m{}[39m
[35m[W3C (639cff09)][39m Driver proxy active, passing request on via HTTP proxy
[35m[WD Proxy][39m Replacing sessionId 42bbcbe0-0f64-406a-a7e8-9d4062306305 with 639cff09-92c3-4268-ad1a-540c6df2f97e
[35m[HTTP][39m [37m<-- GET /wd/hub/session/639cff09-92c3-4268-ad1a-540c6df2f97e/element/00000000-0000-000f-ffff-ffff000001fd/location [39m[32m200[39m [90m32 ms - 78[39m
[35m[HTTP][39m [90m[39m
[35m[HTTP][39m [37m-->[39m [37mPOST[39m [37m/wd/hub/session/639cff09-92c3-4268-ad1a-540c6df2f97e/timeouts[39m
[35m[HTTP][39m [90m{"implicit":30000}[39m
[35m[HTTP][39m [37m<-- POST /wd/hub/session/639cff09-92c3-4268-ad1a-540c6df2f97e/timeouts [39m[32m200[39m [90m3 ms - 14[39m
[35m[HTTP][39m [90m[39m
[35m[HTTP][39m [37m-->[39m [37mPOST[39m [37m/wd/hub/session/639cff09-92c3-4268-ad1a-540c6df2f97e/element/00000000-0000-000f-ffff-ffff000001fd/clear[39m
[35m[HTTP][39m [90m{"id":"00000000-0000-000f-ffff-ffff000001fd"}[39m
[35m[HTTP][39m [37m<-- POST /wd/hub/session/639cff09-92c3-4268-ad1a-540c6df2f97e/element/00000000-0000-000f-ffff-ffff000001fd/clear [39m[32m200[39m [90m37 ms - 14[39m
[35m[HTTP][39m [90m[39m
[35m[HTTP][39m [37m-->[39m [37mPOST[39m [37m/wd/hub/session/639cff09-92c3-4268-ad1a-540c6df2f97e/element/00000000-0000-000f-ffff-ffff000001fd/value[39m
[35m[HTTP][39m [90m{"id":"00000000-0000-000f-ffff-ffff000001fd","text":"123abc","value":["1","2","3","a","b","c"]}[39m
[35m[HTTP][39m [37m<-- POST /wd/hub/session/639cff09-92c3-4268-ad1a-540c6df2f97e/element/00000000-0000-000f-ffff-ffff000001fd/value [39m[32m200[39m [90m560 ms - 14[39m
[35m[HTTP][39m [90m[39m
[35m[HTTP][39m [37m-->[39m [37mGET[39m [37m/wd/hub/session/639cff09-92c3-4268-ad1a-540c6df2f97e/context[39m
[35m[HTTP][39m [90m{}[39m
[35m[HTTP][39m [37m<-- GET /wd/hub/session/639cff09-92c3-4268-ad1a-540c6df2f97e/context [39m[32m200[39m [90m3 ms - 22[39m
[35m[HTTP][39m [90m[39m
[35m[HTTP][39m [37m-->[39m [37mGET[39m [37m/wd/hub/session/639cff09-92c3-4268-ad1a-540c6df2f97e/contexts[39m
[35m[HTTP][39m [90m{}[39m
[35m[HTTP][39m [37m<-- GET /wd/hub/session/639cff09-92c3-4268-ad1a-540c6df2f97e/contexts [39m[32m200[39m [90m168 ms - 24[39m
[35m[HTTP][39m [90m[39m
[35m[HTTP][39m [37m-->[39m [37mPOST[39m [37m/wd/hub/session/639cff09-92c3-4268-ad1a-540c6df2f97e/context[39m
[35m[HTTP][39m [90m{"name":"NATIVE_APP"}[39m
[35m[HTTP][39m [37m<-- POST /wd/hub/session/639cff09-92c3-4268-ad1a-540c6df2f97e/context [39m[32m200[39m [90m2 ms - 14[39m
[35m[HTTP][39m [90m[39m
[35m[HTTP][39m [37m-->[39m [37mGET[39m [37m/wd/hub/session/639cff09-92c3-4268-ad1a-540c6df2f97e/window/rect[39m
[35m[HTTP][39m [90m{}[39m
[35m[HTTP][39m [37m<-- GET /wd/hub/session/639cff09-92c3-4268-ad1a-540c6df2f97e/window/rect [39m[32m200[39m [90m23 ms - 50[39m
[35m[HTTP][39m [90m[39m
[35m[HTTP][39m [37m-->[39m [37mPOST[39m [37m/wd/hub/session/639cff09-92c3-4268-ad1a-540c6df2f97e/execute/sync[39m
[35m[HTTP][39m [90m{"script":"mobile: viewportScreenshot","args":[]}[39m
[35m[AndroidDriver][39m Executing native command 'mobile: viewportScreenshot'
[35m[HTTP][39m [37m<-- POST /wd/hub/session/639cff09-92c3-4268-ad1a-540c6df2f97e/execute/sync [39m[32m200[39m [90m1985 ms - 156492[39m
[35m[HTTP][39m [90m[39m
[35m[HTTP][39m [37m-->[39m [37mPOST[39m [37m/wd/hub/session/639cff09-92c3-4268-ad1a-540c6df2f97e/context[39m
[35m[HTTP][39m [90m{"name":"NATIVE_APP"}[39m
[35m[HTTP][39m [37m<-- POST /wd/hub/session/639cff09-92c3-4268-ad1a-540c6df2f97e/context [39m[32m200[39m [90m2 ms - 14[39m
[35m[HTTP][39m [90m[39m
[35m[HTTP][39m [37m-->[39m [37mPOST[39m [37m/wd/hub/session/639cff09-92c3-4268-ad1a-540c6df2f97e/timeouts[39m
[35m[HTTP][39m [90m{"implicit":50}[39m
[35m[HTTP][39m [37m<-- POST /wd/hub/session/639cff09-92c3-4268-ad1a-540c6df2f97e/timeouts [39m[32m200[39m [90m2 ms - 14[39m
[35m[HTTP][39m [90m[39m
[35m[HTTP][39m [37m-->[39m [37mGET[39m [37m/wd/hub/session/639cff09-92c3-4268-ad1a-540c6df2f97e/window/rect[39m
[35m[HTTP][39m [90m{}[39m
[35m[HTTP][39m [37m<-- GET /wd/hub/session/639cff09-92c3-4268-ad1a-540c6df2f97e/window/rect [39m[32m200[39m [90m36 ms - 50[39m
[35m[HTTP][39m [90m[39m
[35m[HTTP][39m [37m-->[39m [37mPOST[39m [37m/wd/hub/session/639cff09-92c3-4268-ad1a-540c6df2f97e/elements[39m
[35m[HTTP][39m [90m{"using":"xpath","value":"//hierarchy/android.widget.FrameLayout[1]/android.widget.LinearLayout[1]/android.widget.FrameLayout[1]/android.widget.LinearLayout[1]/android.widget.FrameLayout[1]/android.view.ViewGroup[1]/android.widget.ScrollView[1]/android.widget.LinearLayout[1]/android.view.ViewGroup[1]/android.widget.Button[1]"}[39m
[35m[HTTP][39m [37m<-- POST /wd/hub/session/639cff09-92c3-4268-ad1a-540c6df2f97e/elements [39m[32m200[39m [90m283 ms - 139[39m
[35m[HTTP][39m [90m[39m
[35m[HTTP][39m [37m-->[39m [37mGET[39m [37m/wd/hub/session/639cff09-92c3-4268-ad1a-540c6df2f97e/element/00000000-0000-000f-ffff-ffff00000200/location[39m
[35m[HTTP][39m [90m{}[39m
[35m[W3C (639cff09)][39m Driver proxy active, passing request on via HTTP proxy
[35m[WD Proxy][39m Replacing sessionId 42bbcbe0-0f64-406a-a7e8-9d4062306305 with 639cff09-92c3-4268-ad1a-540c6df2f97e
[35m[HTTP][39m [37m<-- GET /wd/hub/session/639cff09-92c3-4268-ad1a-540c6df2f97e/element/00000000-0000-000f-ffff-ffff00000200/location [39m[32m200[39m [90m53 ms - 78[39m
[35m[HTTP][39m [90m[39m
[35m[HTTP][39m [37m-->[39m [37mPOST[39m [37m/wd/hub/session/639cff09-92c3-4268-ad1a-540c6df2f97e/timeouts[39m
[35m[HTTP][39m [90m{"implicit":30000}[39m
[35m[HTTP][39m [37m<-- POST /wd/hub/session/639cff09-92c3-4268-ad1a-540c6df2f97e/timeouts [39m[32m200[39m [90m3 ms - 14[39m
[35m[HTTP][39m [90m[39m
[35m[HTTP][39m [37m-->[39m [37mPOST[39m [37m/wd/hub/session/639cff09-92c3-4268-ad1a-540c6df2f97e/touch/perform[39m
[35m[HTTP][39m [90m{"actions":[{"action":"tap","options":{"x":1,"y":1,"element":"00000000-0000-000f-ffff-ffff00000200"}},{"action":"release","options":{}}]}[39m
[35m[UiAutomator2][39m calling get location: 00000000-0000-000f-ffff-ffff00000200
[35m[HTTP][39m [37m<-- POST /wd/hub/session/639cff09-92c3-4268-ad1a-540c6df2f97e/touch/perform [39m[32m200[39m [90m270 ms - 14[39m
[35m[HTTP][39m [90m[39m
