[35m[Appium][39m Welcome to Appium v1.22.2
[35m[Appium][39m Non-default server args:
[35m[Appium][39m   port: 59128
[35m[Appium][39m   loglevel: info
[35m[Appium][39m   tmpDir: C:\Users\NIAYUS~1\AppData\Local\Temp\\Katalon\Appium\Temp1656301938914
[35m[Appium][39m   chromedriverPort: 59129
[35m[Appium][39m Deprecated server args:
[35m[Appium][39m   [31m--chromedriver-port[39m => --default-capabilities
[35m[Appium][39m Default capabilities, which will be added to each request unless overridden by desired capabilities:
[35m[Appium][39m   chromedriverPort: 59129
[35m[Appium][39m Appium REST http interface listener started on 0.0.0.0:59128
[35m[HTTP][39m [37m-->[39m [37mGET[39m [37m/wd/hub/status[39m
[35m[HTTP][39m [90m{}[39m
[35m[HTTP][39m [37m<-- GET /wd/hub/status [39m[32m200[39m [90m11 ms - 68[39m
[35m[HTTP][39m [90m[39m
[35m[HTTP][39m [37m-->[39m [37mPOST[39m [37m/wd/hub/session[39m
[35m[HTTP][39m [90m{"desiredCapabilities":{"appActivity":".Settings","appPackage":"com.android.settings","newCommandTimeout":1800,"platformVersion":"11","automationName":"uiautomator2","autoGrantPermissions":true,"platformName":"Android","udid":"RR8N605F11Y","deviceName":"samsung SM-M315F (Android 11)","platform":"ANDROID","systemPort":8220},"capabilities":{"firstMatch":[{"appium:appActivity":".Settings","appium:appPackage":"com.android.settings","appium:autoGrantPermissions":true,"appium:automationName":"uiautomator2","appium:deviceName":"samsung SM-M315F (Android 11)","appium:newCommandTimeout":1800,"platform":"ANDROID","platformName":"android","appium:platformVersion":"11","appium:systemPort":8220,"appium:udid":"RR8N605F11Y"}]}}[39m
[35m[BaseDriver][39m The following capabilities are not standard capabilities and should have an extension prefix:
[35m[BaseDriver][39m   platform
[35m[BaseDriver][39m   chromedriverPort
[35m[Appium][39m Appium v1.22.2 creating new AndroidUiautomator2Driver (v1.70.1) session
[35m[BaseDriver][39m The following capabilities were provided, but are not recognized by Appium:
[35m[BaseDriver][39m   platform
[35m[BaseDriver][39m Session created with session id: 1854b2ba-0dcf-48cb-823b-d31fcad0f356
[35m[UiAutomator2][39m Starting 'com.android.settings' directly on the device
[35m[ADB][39m Cannot sort build-tools folders ["29.0.3","android-8.1.0"] by semantic version names.
[35m[ADB][39m Falling back to sorting by modification date. Original error: Invalid Version: android-8.1.0
[35m[ADB][39m Found 2 'build-tools' folders under 'C:\Users\Nia Yusniati\.katalon\tools\android_sdk' (newest first):
[35m[ADB][39m     C:/Users/Nia Yusniati/.katalon/tools/android_sdk/build-tools/29.0.3
[35m[ADB][39m     C:/Users/Nia Yusniati/.katalon/tools/android_sdk/build-tools/android-8.1.0
[35m[ADB][39m Using 'adb.exe' from 'C:\Users\Nia Yusniati\.katalon\tools\android_sdk\platform-tools\adb.exe'
[35m[AndroidDriver][39m Retrieving device list
[35m[AndroidDriver][39m Using device: RR8N605F11Y
[35m[ADB][39m Using 'adb.exe' from 'C:\Users\Nia Yusniati\.katalon\tools\android_sdk\platform-tools\adb.exe'
[35m[ADB][39m Getting device platform version
[35m[UiAutomator2][39m Relaxing hidden api policy
[35m[AndroidDriver][39m No app sent in, not parsing package/activity
[35m[ADB][39m Using 'apksigner.jar' from 'C:\Users\Nia Yusniati\.katalon\tools\android_sdk\build-tools\29.0.3\lib\apksigner.jar'
[35m[ADB][39m 'C:\Users\Nia Yusniati\AppData\Roaming\npm\node_modules\appium\node_modules\appium-uiautomator2-server\apks\appium-uiautomator2-server-v4.27.0.apk' is signed with the default certificate
[35m[ADB][39m 'C:\Users\Nia Yusniati\AppData\Roaming\npm\node_modules\appium\node_modules\appium-uiautomator2-server\apks\appium-uiautomator2-server-debug-androidTest.apk' is signed with the default certificate
[35m[UiAutomator2][39m Server packages are not going to be (re)installed
[35m[ADB][39m Adding packages ["io.appium.settings","io.appium.uiautomator2.server","io.appium.uiautomator2.server.test"] to Doze whitelist
[35m[UiAutomator2][39m Starting UIAutomator2 server 4.27.0
[35m[UiAutomator2][39m Using UIAutomator2 server from 'C:\Users\Nia Yusniati\AppData\Roaming\npm\node_modules\appium\node_modules\appium-uiautomator2-server\apks\appium-uiautomator2-server-v4.27.0.apk' and test from 'C:\Users\Nia Yusniati\AppData\Roaming\npm\node_modules\appium\node_modules\appium-uiautomator2-server\apks\appium-uiautomator2-server-debug-androidTest.apk'
[35m[UiAutomator2][39m Waiting up to 30000ms for UiAutomator2 to be online...
[35m[WD Proxy][39m socket hang up
[35m[WD Proxy][39m socket hang up
[35m[WD Proxy][39m socket hang up
[35m[WD Proxy][39m Determined the downstream protocol as 'W3C'
[35m[AndroidDriver][39m Screen already unlocked, doing nothing
[35m[UiAutomator2][39m Starting 'com.android.settings/.Settings and waiting for 'com.android.settings/.Settings'
[35m[Appium][39m New AndroidUiautomator2Driver session created successfully, session 1854b2ba-0dcf-48cb-823b-d31fcad0f356 added to master session list
[35m[HTTP][39m [37m<-- POST /wd/hub/session [39m[32m200[39m [90m11949 ms - 1158[39m
[35m[HTTP][39m [90m[39m
[35m[HTTP][39m [37m-->[39m [37mGET[39m [37m/wd/hub/session/1854b2ba-0dcf-48cb-823b-d31fcad0f356[39m
[35m[HTTP][39m [90m{}[39m
[35m[HTTP][39m [37m<-- GET /wd/hub/session/1854b2ba-0dcf-48cb-823b-d31fcad0f356 [39m[32m200[39m [90m13 ms - 1112[39m
[35m[HTTP][39m [90m[39m
[35m[HTTP][39m [37m-->[39m [37mGET[39m [37m/wd/hub/session/1854b2ba-0dcf-48cb-823b-d31fcad0f356[39m
[35m[HTTP][39m [90m{}[39m
[35m[HTTP][39m [37m<-- GET /wd/hub/session/1854b2ba-0dcf-48cb-823b-d31fcad0f356 [39m[32m200[39m [90m12 ms - 1112[39m
[35m[HTTP][39m [90m[39m
[35m[HTTP][39m [37m-->[39m [37mGET[39m [37m/wd/hub/status[39m
[35m[HTTP][39m [90m{}[39m
[35m[HTTP][39m [37m<-- GET /wd/hub/status [39m[32m200[39m [90m1 ms - 68[39m
[35m[HTTP][39m [90m[39m
[35m[HTTP][39m [37m-->[39m [37mPOST[39m [37m/wd/hub/session/1854b2ba-0dcf-48cb-823b-d31fcad0f356/timeouts[39m
[35m[HTTP][39m [90m{"implicit":30000}[39m
[35m[HTTP][39m [37m<-- POST /wd/hub/session/1854b2ba-0dcf-48cb-823b-d31fcad0f356/timeouts [39m[32m200[39m [90m4 ms - 14[39m
[35m[HTTP][39m [90m[39m
[35m[HTTP][39m [37m-->[39m [37mGET[39m [37m/wd/hub/session/1854b2ba-0dcf-48cb-823b-d31fcad0f356/screenshot[39m
[35m[HTTP][39m [90m{}[39m
[35m[HTTP][39m [37m<-- GET /wd/hub/session/1854b2ba-0dcf-48cb-823b-d31fcad0f356/screenshot [39m[32m200[39m [90m546 ms - 221212[39m
[35m[HTTP][39m [90m[39m
[35m[HTTP][39m [37m-->[39m [37mGET[39m [37m/wd/hub/session/1854b2ba-0dcf-48cb-823b-d31fcad0f356/window/rect[39m
[35m[HTTP][39m [90m{}[39m
[35m[HTTP][39m [37m<-- GET /wd/hub/session/1854b2ba-0dcf-48cb-823b-d31fcad0f356/window/rect [39m[32m200[39m [90m30 ms - 50[39m
[35m[HTTP][39m [90m[39m
[35m[HTTP][39m [37m-->[39m [37mGET[39m [37m/wd/hub/session/1854b2ba-0dcf-48cb-823b-d31fcad0f356/appium/device/system_bars[39m
[35m[HTTP][39m [90m{}[39m
[35m[HTTP][39m [37m<-- GET /wd/hub/session/1854b2ba-0dcf-48cb-823b-d31fcad0f356/appium/device/system_bars [39m[32m200[39m [90m187 ms - 148[39m
[35m[HTTP][39m [90m[39m
[35m[HTTP][39m [37m-->[39m [37mPOST[39m [37m/wd/hub/session/1854b2ba-0dcf-48cb-823b-d31fcad0f356/appium/device/activate_app[39m
[35m[HTTP][39m [90m{"bundleId":"com.vq.mbrochuregp.client.android"}[39m
[35m[HTTP][39m [37m<-- POST /wd/hub/session/1854b2ba-0dcf-48cb-823b-d31fcad0f356/appium/device/activate_app [39m[32m200[39m [90m637 ms - 14[39m
[35m[HTTP][39m [90m[39m
[35m[HTTP][39m [37m-->[39m [37mGET[39m [37m/wd/hub/session/1854b2ba-0dcf-48cb-823b-d31fcad0f356/window/rect[39m
[35m[HTTP][39m [90m{}[39m
[35m[HTTP][39m [37m<-- GET /wd/hub/session/1854b2ba-0dcf-48cb-823b-d31fcad0f356/window/rect [39m[32m200[39m [90m34 ms - 50[39m
[35m[HTTP][39m [90m[39m
[35m[HTTP][39m [37m-->[39m [37mPOST[39m [37m/wd/hub/session/1854b2ba-0dcf-48cb-823b-d31fcad0f356/elements[39m
[35m[HTTP][39m [90m{"using":"xpath","value":"//*[@resource-id = 'com.vq.mbrochuregp.client.android:id/iv_home_profil_icon' and @package = 'com.vq.mbrochuregp.client.android']"}[39m
[35m[HTTP][39m [37m<-- POST /wd/hub/session/1854b2ba-0dcf-48cb-823b-d31fcad0f356/elements [39m[32m200[39m [90m566 ms - 139[39m
[35m[HTTP][39m [90m[39m
[35m[HTTP][39m [37m-->[39m [37mGET[39m [37m/wd/hub/session/1854b2ba-0dcf-48cb-823b-d31fcad0f356/element/00000000-0000-0260-ffff-ffff00006475/location[39m
[35m[HTTP][39m [90m{}[39m
[35m[W3C (1854b2ba)][39m Driver proxy active, passing request on via HTTP proxy
[35m[WD Proxy][39m Replacing sessionId b01c7dbc-9dfa-46ca-a67a-990ea2f29788 with 1854b2ba-0dcf-48cb-823b-d31fcad0f356
[35m[HTTP][39m [37m<-- GET /wd/hub/session/1854b2ba-0dcf-48cb-823b-d31fcad0f356/element/00000000-0000-0260-ffff-ffff00006475/location [39m[32m200[39m [90m43 ms - 79[39m
[35m[HTTP][39m [90m[39m
[35m[HTTP][39m [37m-->[39m [37mPOST[39m [37m/wd/hub/session/1854b2ba-0dcf-48cb-823b-d31fcad0f356/element/00000000-0000-0260-ffff-ffff00006475/click[39m
[35m[HTTP][39m [90m{"id":"00000000-0000-0260-ffff-ffff00006475"}[39m
[35m[HTTP][39m [37m<-- POST /wd/hub/session/1854b2ba-0dcf-48cb-823b-d31fcad0f356/element/00000000-0000-0260-ffff-ffff00006475/click [39m[32m200[39m [90m82 ms - 14[39m
[35m[HTTP][39m [90m[39m
[35m[HTTP][39m [37m-->[39m [37mPOST[39m [37m/wd/hub/session/1854b2ba-0dcf-48cb-823b-d31fcad0f356/timeouts[39m
[35m[HTTP][39m [90m{"implicit":50}[39m
[35m[HTTP][39m [37m<-- POST /wd/hub/session/1854b2ba-0dcf-48cb-823b-d31fcad0f356/timeouts [39m[32m200[39m [90m2 ms - 14[39m
[35m[HTTP][39m [90m[39m
[35m[HTTP][39m [37m-->[39m [37mGET[39m [37m/wd/hub/session/1854b2ba-0dcf-48cb-823b-d31fcad0f356/window/rect[39m
[35m[HTTP][39m [90m{}[39m
[35m[HTTP][39m [37m<-- GET /wd/hub/session/1854b2ba-0dcf-48cb-823b-d31fcad0f356/window/rect [39m[32m200[39m [90m32 ms - 50[39m
[35m[HTTP][39m [90m[39m
[35m[HTTP][39m [37m-->[39m [37mPOST[39m [37m/wd/hub/session/1854b2ba-0dcf-48cb-823b-d31fcad0f356/elements[39m
[35m[HTTP][39m [90m{"using":"xpath","value":"//hierarchy/android.widget.FrameLayout[1]/android.widget.LinearLayout[1]/android.widget.FrameLayout[1]/android.widget.LinearLayout[1]/android.widget.FrameLayout[1]/android.view.ViewGroup[1]/android.widget.ScrollView[1]/android.widget.LinearLayout[1]/android.view.ViewGroup[1]/android.widget.LinearLayout[1]/android.widget.FrameLayout[1]/android.widget.EditText[1]"}[39m
[35m[HTTP][39m [37m<-- POST /wd/hub/session/1854b2ba-0dcf-48cb-823b-d31fcad0f356/elements [39m[32m200[39m [90m154 ms - 139[39m
[35m[HTTP][39m [90m[39m
[35m[HTTP][39m [37m-->[39m [37mGET[39m [37m/wd/hub/session/1854b2ba-0dcf-48cb-823b-d31fcad0f356/element/00000000-0000-0270-ffff-ffff000064a5/location[39m
[35m[HTTP][39m [90m{}[39m
[35m[W3C (1854b2ba)][39m Driver proxy active, passing request on via HTTP proxy
[35m[WD Proxy][39m Replacing sessionId b01c7dbc-9dfa-46ca-a67a-990ea2f29788 with 1854b2ba-0dcf-48cb-823b-d31fcad0f356
[35m[HTTP][39m [37m<-- GET /wd/hub/session/1854b2ba-0dcf-48cb-823b-d31fcad0f356/element/00000000-0000-0270-ffff-ffff000064a5/location [39m[32m200[39m [90m70 ms - 77[39m
[35m[HTTP][39m [90m[39m
[35m[HTTP][39m [37m-->[39m [37mPOST[39m [37m/wd/hub/session/1854b2ba-0dcf-48cb-823b-d31fcad0f356/timeouts[39m
[35m[HTTP][39m [90m{"implicit":30000}[39m
[35m[HTTP][39m [37m<-- POST /wd/hub/session/1854b2ba-0dcf-48cb-823b-d31fcad0f356/timeouts [39m[32m200[39m [90m3 ms - 14[39m
[35m[HTTP][39m [90m[39m
[35m[HTTP][39m [37m-->[39m [37mPOST[39m [37m/wd/hub/session/1854b2ba-0dcf-48cb-823b-d31fcad0f356/element/00000000-0000-0270-ffff-ffff000064a5/clear[39m
[35m[HTTP][39m [90m{"id":"00000000-0000-0270-ffff-ffff000064a5"}[39m
[35m[HTTP][39m [37m<-- POST /wd/hub/session/1854b2ba-0dcf-48cb-823b-d31fcad0f356/element/00000000-0000-0270-ffff-ffff000064a5/clear [39m[32m200[39m [90m46 ms - 14[39m
[35m[HTTP][39m [90m[39m
[35m[HTTP][39m [37m-->[39m [37mPOST[39m [37m/wd/hub/session/1854b2ba-0dcf-48cb-823b-d31fcad0f356/element/00000000-0000-0270-ffff-ffff000064a5/value[39m
[35m[HTTP][39m [90m{"id":"00000000-0000-0270-ffff-ffff000064a5","text":"todoroki@mailinator.com","value":["t","o","d","o","r","o","k","i","@","m","a","i","l","i","n","a","t","o","r",".","c","o","m"]}[39m
[35m[HTTP][39m [37m<-- POST /wd/hub/session/1854b2ba-0dcf-48cb-823b-d31fcad0f356/element/00000000-0000-0270-ffff-ffff000064a5/value [39m[32m200[39m [90m575 ms - 14[39m
[35m[HTTP][39m [90m[39m
[35m[HTTP][39m [37m-->[39m [37mPOST[39m [37m/wd/hub/session/1854b2ba-0dcf-48cb-823b-d31fcad0f356/timeouts[39m
[35m[HTTP][39m [90m{"implicit":50}[39m
[35m[HTTP][39m [37m<-- POST /wd/hub/session/1854b2ba-0dcf-48cb-823b-d31fcad0f356/timeouts [39m[32m200[39m [90m2 ms - 14[39m
[35m[HTTP][39m [90m[39m
[35m[HTTP][39m [37m-->[39m [37mGET[39m [37m/wd/hub/session/1854b2ba-0dcf-48cb-823b-d31fcad0f356/window/rect[39m
[35m[HTTP][39m [90m{}[39m
[35m[HTTP][39m [37m<-- GET /wd/hub/session/1854b2ba-0dcf-48cb-823b-d31fcad0f356/window/rect [39m[32m200[39m [90m44 ms - 50[39m
[35m[HTTP][39m [90m[39m
[35m[HTTP][39m [37m-->[39m [37mPOST[39m [37m/wd/hub/session/1854b2ba-0dcf-48cb-823b-d31fcad0f356/elements[39m
[35m[HTTP][39m [90m{"using":"xpath","value":"//hierarchy/android.widget.FrameLayout[1]/android.widget.LinearLayout[1]/android.widget.FrameLayout[1]/android.widget.LinearLayout[1]/android.widget.FrameLayout[1]/android.view.ViewGroup[1]/android.widget.ScrollView[1]/android.widget.LinearLayout[1]/android.view.ViewGroup[1]/android.widget.LinearLayout[2]/android.widget.FrameLayout[1]/android.widget.EditText[1]"}[39m
[35m[HTTP][39m [37m<-- POST /wd/hub/session/1854b2ba-0dcf-48cb-823b-d31fcad0f356/elements [39m[32m200[39m [90m386 ms - 139[39m
[35m[HTTP][39m [90m[39m
[35m[HTTP][39m [37m-->[39m [37mGET[39m [37m/wd/hub/session/1854b2ba-0dcf-48cb-823b-d31fcad0f356/element/00000000-0000-0270-ffff-ffff000064a9/location[39m
[35m[HTTP][39m [90m{}[39m
[35m[W3C (1854b2ba)][39m Driver proxy active, passing request on via HTTP proxy
[35m[WD Proxy][39m Replacing sessionId b01c7dbc-9dfa-46ca-a67a-990ea2f29788 with 1854b2ba-0dcf-48cb-823b-d31fcad0f356
[35m[HTTP][39m [37m<-- GET /wd/hub/session/1854b2ba-0dcf-48cb-823b-d31fcad0f356/element/00000000-0000-0270-ffff-ffff000064a9/location [39m[32m200[39m [90m44 ms - 78[39m
[35m[HTTP][39m [90m[39m
[35m[HTTP][39m [37m-->[39m [37mPOST[39m [37m/wd/hub/session/1854b2ba-0dcf-48cb-823b-d31fcad0f356/timeouts[39m
[35m[HTTP][39m [90m{"implicit":30000}[39m
[35m[HTTP][39m [37m<-- POST /wd/hub/session/1854b2ba-0dcf-48cb-823b-d31fcad0f356/timeouts [39m[32m200[39m [90m2 ms - 14[39m
[35m[HTTP][39m [90m[39m
[35m[HTTP][39m [37m-->[39m [37mPOST[39m [37m/wd/hub/session/1854b2ba-0dcf-48cb-823b-d31fcad0f356/element/00000000-0000-0270-ffff-ffff000064a9/clear[39m
[35m[HTTP][39m [90m{"id":"00000000-0000-0270-ffff-ffff000064a9"}[39m
[35m[HTTP][39m [37m<-- POST /wd/hub/session/1854b2ba-0dcf-48cb-823b-d31fcad0f356/element/00000000-0000-0270-ffff-ffff000064a9/clear [39m[32m200[39m [90m56 ms - 14[39m
[35m[HTTP][39m [90m[39m
[35m[HTTP][39m [37m-->[39m [37mPOST[39m [37m/wd/hub/session/1854b2ba-0dcf-48cb-823b-d31fcad0f356/element/00000000-0000-0270-ffff-ffff000064a9/value[39m
[35m[HTTP][39m [90m{"id":"00000000-0000-0270-ffff-ffff000064a9","text":"123abc","value":["1","2","3","a","b","c"]}[39m
[35m[HTTP][39m [37m<-- POST /wd/hub/session/1854b2ba-0dcf-48cb-823b-d31fcad0f356/element/00000000-0000-0270-ffff-ffff000064a9/value [39m[32m200[39m [90m541 ms - 14[39m
[35m[HTTP][39m [90m[39m
[35m[HTTP][39m [37m-->[39m [37mGET[39m [37m/wd/hub/session/1854b2ba-0dcf-48cb-823b-d31fcad0f356/context[39m
[35m[HTTP][39m [90m{}[39m
[35m[HTTP][39m [37m<-- GET /wd/hub/session/1854b2ba-0dcf-48cb-823b-d31fcad0f356/context [39m[32m200[39m [90m2 ms - 22[39m
[35m[HTTP][39m [90m[39m
[35m[HTTP][39m [37m-->[39m [37mGET[39m [37m/wd/hub/session/1854b2ba-0dcf-48cb-823b-d31fcad0f356/contexts[39m
[35m[HTTP][39m [90m{}[39m
[35m[HTTP][39m [37m<-- GET /wd/hub/session/1854b2ba-0dcf-48cb-823b-d31fcad0f356/contexts [39m[32m200[39m [90m123 ms - 24[39m
[35m[HTTP][39m [90m[39m
[35m[HTTP][39m [37m-->[39m [37mPOST[39m [37m/wd/hub/session/1854b2ba-0dcf-48cb-823b-d31fcad0f356/context[39m
[35m[HTTP][39m [90m{"name":"NATIVE_APP"}[39m
[35m[HTTP][39m [37m<-- POST /wd/hub/session/1854b2ba-0dcf-48cb-823b-d31fcad0f356/context [39m[32m200[39m [90m2 ms - 14[39m
[35m[HTTP][39m [90m[39m
[35m[HTTP][39m [37m-->[39m [37mGET[39m [37m/wd/hub/session/1854b2ba-0dcf-48cb-823b-d31fcad0f356/window/rect[39m
[35m[HTTP][39m [90m{}[39m
[35m[HTTP][39m [37m<-- GET /wd/hub/session/1854b2ba-0dcf-48cb-823b-d31fcad0f356/window/rect [39m[32m200[39m [90m44 ms - 50[39m
[35m[HTTP][39m [90m[39m
[35m[HTTP][39m [37m-->[39m [37mPOST[39m [37m/wd/hub/session/1854b2ba-0dcf-48cb-823b-d31fcad0f356/execute/sync[39m
[35m[HTTP][39m [90m{"script":"mobile: viewportScreenshot","args":[]}[39m
[35m[AndroidDriver][39m Executing native command 'mobile: viewportScreenshot'
[35m[HTTP][39m [37m<-- POST /wd/hub/session/1854b2ba-0dcf-48cb-823b-d31fcad0f356/execute/sync [39m[32m200[39m [90m1654 ms - 156760[39m
[35m[HTTP][39m [90m[39m
[35m[HTTP][39m [37m-->[39m [37mPOST[39m [37m/wd/hub/session/1854b2ba-0dcf-48cb-823b-d31fcad0f356/context[39m
[35m[HTTP][39m [90m{"name":"NATIVE_APP"}[39m
[35m[HTTP][39m [37m<-- POST /wd/hub/session/1854b2ba-0dcf-48cb-823b-d31fcad0f356/context [39m[32m200[39m [90m2 ms - 14[39m
[35m[HTTP][39m [90m[39m
[35m[HTTP][39m [37m-->[39m [37mPOST[39m [37m/wd/hub/session/1854b2ba-0dcf-48cb-823b-d31fcad0f356/timeouts[39m
[35m[HTTP][39m [90m{"implicit":50}[39m
[35m[HTTP][39m [37m<-- POST /wd/hub/session/1854b2ba-0dcf-48cb-823b-d31fcad0f356/timeouts [39m[32m200[39m [90m2 ms - 14[39m
[35m[HTTP][39m [90m[39m
[35m[HTTP][39m [37m-->[39m [37mGET[39m [37m/wd/hub/session/1854b2ba-0dcf-48cb-823b-d31fcad0f356/window/rect[39m
[35m[HTTP][39m [90m{}[39m
[35m[HTTP][39m [37m<-- GET /wd/hub/session/1854b2ba-0dcf-48cb-823b-d31fcad0f356/window/rect [39m[32m200[39m [90m57 ms - 50[39m
[35m[HTTP][39m [90m[39m
[35m[HTTP][39m [37m-->[39m [37mPOST[39m [37m/wd/hub/session/1854b2ba-0dcf-48cb-823b-d31fcad0f356/elements[39m
[35m[HTTP][39m [90m{"using":"xpath","value":"//hierarchy/android.widget.FrameLayout[1]/android.widget.LinearLayout[1]/android.widget.FrameLayout[1]/android.widget.LinearLayout[1]/android.widget.FrameLayout[1]/android.view.ViewGroup[1]/android.widget.ScrollView[1]/android.widget.LinearLayout[1]/android.view.ViewGroup[1]/android.widget.Button[1]"}[39m
[35m[HTTP][39m [37m<-- POST /wd/hub/session/1854b2ba-0dcf-48cb-823b-d31fcad0f356/elements [39m[32m200[39m [90m249 ms - 139[39m
[35m[HTTP][39m [90m[39m
[35m[HTTP][39m [37m-->[39m [37mGET[39m [37m/wd/hub/session/1854b2ba-0dcf-48cb-823b-d31fcad0f356/element/00000000-0000-0270-ffff-ffff000064ac/location[39m
[35m[HTTP][39m [90m{}[39m
[35m[W3C (1854b2ba)][39m Driver proxy active, passing request on via HTTP proxy
[35m[WD Proxy][39m Replacing sessionId b01c7dbc-9dfa-46ca-a67a-990ea2f29788 with 1854b2ba-0dcf-48cb-823b-d31fcad0f356
[35m[HTTP][39m [37m<-- GET /wd/hub/session/1854b2ba-0dcf-48cb-823b-d31fcad0f356/element/00000000-0000-0270-ffff-ffff000064ac/location [39m[32m200[39m [90m46 ms - 78[39m
[35m[HTTP][39m [90m[39m
[35m[HTTP][39m [37m-->[39m [37mPOST[39m [37m/wd/hub/session/1854b2ba-0dcf-48cb-823b-d31fcad0f356/timeouts[39m
[35m[HTTP][39m [90m{"implicit":30000}[39m
[35m[HTTP][39m [37m<-- POST /wd/hub/session/1854b2ba-0dcf-48cb-823b-d31fcad0f356/timeouts [39m[32m200[39m [90m2 ms - 14[39m
[35m[HTTP][39m [90m[39m
[35m[HTTP][39m [37m-->[39m [37mPOST[39m [37m/wd/hub/session/1854b2ba-0dcf-48cb-823b-d31fcad0f356/touch/perform[39m
[35m[HTTP][39m [90m{"actions":[{"action":"tap","options":{"x":1,"y":1,"element":"00000000-0000-0270-ffff-ffff000064ac"}},{"action":"release","options":{}}]}[39m
[35m[UiAutomator2][39m calling get location: 00000000-0000-0270-ffff-ffff000064ac
[35m[HTTP][39m [37m<-- POST /wd/hub/session/1854b2ba-0dcf-48cb-823b-d31fcad0f356/touch/perform [39m[32m200[39m [90m277 ms - 14[39m
[35m[HTTP][39m [90m[39m
[35m[HTTP][39m [37m-->[39m [37mGET[39m [37m/wd/hub/session/1854b2ba-0dcf-48cb-823b-d31fcad0f356/context[39m
[35m[HTTP][39m [90m{}[39m
[35m[HTTP][39m [37m<-- GET /wd/hub/session/1854b2ba-0dcf-48cb-823b-d31fcad0f356/context [39m[32m200[39m [90m1 ms - 22[39m
[35m[HTTP][39m [90m[39m
[35m[HTTP][39m [37m-->[39m [37mGET[39m [37m/wd/hub/session/1854b2ba-0dcf-48cb-823b-d31fcad0f356/contexts[39m
[35m[HTTP][39m [90m{}[39m
[35m[HTTP][39m [37m<-- GET /wd/hub/session/1854b2ba-0dcf-48cb-823b-d31fcad0f356/contexts [39m[32m200[39m [90m119 ms - 24[39m
[35m[HTTP][39m [90m[39m
[35m[HTTP][39m [37m-->[39m [37mPOST[39m [37m/wd/hub/session/1854b2ba-0dcf-48cb-823b-d31fcad0f356/context[39m
[35m[HTTP][39m [90m{"name":"NATIVE_APP"}[39m
[35m[HTTP][39m [37m<-- POST /wd/hub/session/1854b2ba-0dcf-48cb-823b-d31fcad0f356/context [39m[32m200[39m [90m2 ms - 14[39m
[35m[HTTP][39m [90m[39m
[35m[HTTP][39m [37m-->[39m [37mPOST[39m [37m/wd/hub/session/1854b2ba-0dcf-48cb-823b-d31fcad0f356/element[39m
[35m[HTTP][39m [90m{"using":"-android uiautomator","value":"new UiScrollable(new UiSelector().scrollable(true).instance(0)).scrollIntoView(new UiSelector().textContains(\"Suku Bunga\"))"}[39m
[35m[HTTP][39m [37m<-- POST /wd/hub/session/1854b2ba-0dcf-48cb-823b-d31fcad0f356/element [39m[32m200[39m [90m7813 ms - 137[39m
[35m[HTTP][39m [90m[39m
[35m[HTTP][39m [37m-->[39m [37mPOST[39m [37m/wd/hub/session/1854b2ba-0dcf-48cb-823b-d31fcad0f356/context[39m
[35m[HTTP][39m [90m{"name":"NATIVE_APP"}[39m
[35m[HTTP][39m [37m<-- POST /wd/hub/session/1854b2ba-0dcf-48cb-823b-d31fcad0f356/context [39m[32m200[39m [90m3 ms - 14[39m
[35m[HTTP][39m [90m[39m
[35m[HTTP][39m [37m-->[39m [37mGET[39m [37m/wd/hub/session/1854b2ba-0dcf-48cb-823b-d31fcad0f356/window/rect[39m
[35m[HTTP][39m [90m{}[39m
[35m[HTTP][39m [37m<-- GET /wd/hub/session/1854b2ba-0dcf-48cb-823b-d31fcad0f356/window/rect [39m[32m200[39m [90m29 ms - 50[39m
[35m[HTTP][39m [90m[39m
[35m[HTTP][39m [37m-->[39m [37mPOST[39m [37m/wd/hub/session/1854b2ba-0dcf-48cb-823b-d31fcad0f356/elements[39m
[35m[HTTP][39m [90m{"using":"xpath","value":"//*[@resource-id = 'com.vq.mbrochuregp.client.android:id/iv_home_profil_icon' and @package = 'com.vq.mbrochuregp.client.android']"}[39m
[35m[HTTP][39m [37m<-- POST /wd/hub/session/1854b2ba-0dcf-48cb-823b-d31fcad0f356/elements [39m[32m200[39m [90m547 ms - 139[39m
[35m[HTTP][39m [90m[39m
[35m[HTTP][39m [37m-->[39m [37mGET[39m [37m/wd/hub/session/1854b2ba-0dcf-48cb-823b-d31fcad0f356/element/00000000-0000-0272-ffff-ffff000064fc/location[39m
[35m[HTTP][39m [90m{}[39m
[35m[W3C (1854b2ba)][39m Driver proxy active, passing request on via HTTP proxy
[35m[WD Proxy][39m Replacing sessionId b01c7dbc-9dfa-46ca-a67a-990ea2f29788 with 1854b2ba-0dcf-48cb-823b-d31fcad0f356
[35m[HTTP][39m [37m<-- GET /wd/hub/session/1854b2ba-0dcf-48cb-823b-d31fcad0f356/element/00000000-0000-0272-ffff-ffff000064fc/location [39m[32m200[39m [90m40 ms - 79[39m
[35m[HTTP][39m [90m[39m
[35m[HTTP][39m [37m-->[39m [37mPOST[39m [37m/wd/hub/session/1854b2ba-0dcf-48cb-823b-d31fcad0f356/element/00000000-0000-0272-ffff-ffff000064fc/click[39m
[35m[HTTP][39m [90m{"id":"00000000-0000-0272-ffff-ffff000064fc"}[39m
[35m[HTTP][39m [37m<-- POST /wd/hub/session/1854b2ba-0dcf-48cb-823b-d31fcad0f356/element/00000000-0000-0272-ffff-ffff000064fc/click [39m[32m200[39m [90m105 ms - 14[39m
[35m[HTTP][39m [90m[39m
[35m[HTTP][39m [37m-->[39m [37mGET[39m [37m/wd/hub/session/1854b2ba-0dcf-48cb-823b-d31fcad0f356/context[39m
[35m[HTTP][39m [90m{}[39m
[35m[HTTP][39m [37m<-- GET /wd/hub/session/1854b2ba-0dcf-48cb-823b-d31fcad0f356/context [39m[32m200[39m [90m2 ms - 22[39m
[35m[HTTP][39m [90m[39m
[35m[HTTP][39m [37m-->[39m [37mGET[39m [37m/wd/hub/session/1854b2ba-0dcf-48cb-823b-d31fcad0f356/contexts[39m
[35m[HTTP][39m [90m{}[39m
[35m[HTTP][39m [37m<-- GET /wd/hub/session/1854b2ba-0dcf-48cb-823b-d31fcad0f356/contexts [39m[32m200[39m [90m110 ms - 24[39m
[35m[HTTP][39m [90m[39m
[35m[HTTP][39m [37m-->[39m [37mPOST[39m [37m/wd/hub/session/1854b2ba-0dcf-48cb-823b-d31fcad0f356/context[39m
[35m[HTTP][39m [90m{"name":"NATIVE_APP"}[39m
[35m[HTTP][39m [37m<-- POST /wd/hub/session/1854b2ba-0dcf-48cb-823b-d31fcad0f356/context [39m[32m200[39m [90m2 ms - 14[39m
[35m[HTTP][39m [90m[39m
[35m[HTTP][39m [37m-->[39m [37mGET[39m [37m/wd/hub/session/1854b2ba-0dcf-48cb-823b-d31fcad0f356/window/rect[39m
[35m[HTTP][39m [90m{}[39m
[35m[HTTP][39m [37m<-- GET /wd/hub/session/1854b2ba-0dcf-48cb-823b-d31fcad0f356/window/rect [39m[32m200[39m [90m31 ms - 50[39m
[35m[HTTP][39m [90m[39m
[35m[HTTP][39m [37m-->[39m [37mPOST[39m [37m/wd/hub/session/1854b2ba-0dcf-48cb-823b-d31fcad0f356/execute/sync[39m
[35m[HTTP][39m [90m{"script":"mobile: viewportScreenshot","args":[]}[39m
[35m[AndroidDriver][39m Executing native command 'mobile: viewportScreenshot'
[35m[HTTP][39m [37m<-- POST /wd/hub/session/1854b2ba-0dcf-48cb-823b-d31fcad0f356/execute/sync [39m[32m200[39m [90m1551 ms - 266812[39m
[35m[HTTP][39m [90m[39m
[35m[HTTP][39m [37m-->[39m [37mPOST[39m [37m/wd/hub/session/1854b2ba-0dcf-48cb-823b-d31fcad0f356/context[39m
[35m[HTTP][39m [90m{"name":"NATIVE_APP"}[39m
[35m[HTTP][39m [37m<-- POST /wd/hub/session/1854b2ba-0dcf-48cb-823b-d31fcad0f356/context [39m[32m200[39m [90m1 ms - 14[39m
[35m[HTTP][39m [90m[39m
[35m[HTTP][39m [37m-->[39m [37mGET[39m [37m/wd/hub/session/1854b2ba-0dcf-48cb-823b-d31fcad0f356/window/rect[39m
[35m[HTTP][39m [90m{}[39m
[35m[HTTP][39m [37m<-- GET /wd/hub/session/1854b2ba-0dcf-48cb-823b-d31fcad0f356/window/rect [39m[32m200[39m [90m41 ms - 50[39m
[35m[HTTP][39m [90m[39m
[35m[HTTP][39m [37m-->[39m [37mPOST[39m [37m/wd/hub/session/1854b2ba-0dcf-48cb-823b-d31fcad0f356/elements[39m
[35m[HTTP][39m [90m{"using":"xpath","value":"//*[@class = 'android.widget.ImageView' and @resource-id = 'com.vq.mbrochuregp.client.android:id/iv_home_icon' and (@text = '' or . = '')]"}[39m
[35m[HTTP][39m [37m<-- POST /wd/hub/session/1854b2ba-0dcf-48cb-823b-d31fcad0f356/elements [39m[32m200[39m [90m404 ms - 139[39m
[35m[HTTP][39m [90m[39m
[35m[HTTP][39m [37m-->[39m [37mGET[39m [37m/wd/hub/session/1854b2ba-0dcf-48cb-823b-d31fcad0f356/element/00000000-0000-0274-ffff-ffff00006544/location[39m
[35m[HTTP][39m [90m{}[39m
[35m[W3C (1854b2ba)][39m Driver proxy active, passing request on via HTTP proxy
[35m[WD Proxy][39m Replacing sessionId b01c7dbc-9dfa-46ca-a67a-990ea2f29788 with 1854b2ba-0dcf-48cb-823b-d31fcad0f356
[35m[HTTP][39m [37m<-- GET /wd/hub/session/1854b2ba-0dcf-48cb-823b-d31fcad0f356/element/00000000-0000-0274-ffff-ffff00006544/location [39m[32m200[39m [90m33 ms - 78[39m
[35m[HTTP][39m [90m[39m
[35m[HTTP][39m [37m-->[39m [37mPOST[39m [37m/wd/hub/session/1854b2ba-0dcf-48cb-823b-d31fcad0f356/element/00000000-0000-0274-ffff-ffff00006544/click[39m
[35m[HTTP][39m [90m{"id":"00000000-0000-0274-ffff-ffff00006544"}[39m
[35m[HTTP][39m [37m<-- POST /wd/hub/session/1854b2ba-0dcf-48cb-823b-d31fcad0f356/element/00000000-0000-0274-ffff-ffff00006544/click [39m[32m200[39m [90m69 ms - 14[39m
[35m[HTTP][39m [90m[39m
[35m[HTTP][39m [37m-->[39m [37mGET[39m [37m/wd/hub/status[39m
[35m[HTTP][39m [90m{}[39m
[35m[HTTP][39m [37m<-- GET /wd/hub/status [39m[32m200[39m [90m1 ms - 68[39m
[35m[HTTP][39m [90m[39m
[35m[HTTP][39m [37m-->[39m [37mPOST[39m [37m/wd/hub/session[39m
[35m[HTTP][39m [90m{"desiredCapabilities":{"appActivity":".Settings","appPackage":"com.android.settings","newCommandTimeout":1800,"platformVersion":"11","automationName":"uiautomator2","autoGrantPermissions":true,"platformName":"Android","udid":"RR8N605F11Y","deviceName":"samsung SM-M315F (Android 11)","platform":"ANDROID","systemPort":8244},"capabilities":{"firstMatch":[{"appium:appActivity":".Settings","appium:appPackage":"com.android.settings","appium:autoGrantPermissions":true,"appium:automationName":"uiautomator2","appium:deviceName":"samsung SM-M315F (Android 11)","appium:newCommandTimeout":1800,"platform":"ANDROID","platformName":"android","appium:platformVersion":"11","appium:systemPort":8244,"appium:udid":"RR8N605F11Y"}]}}[39m
[35m[BaseDriver][39m The following capabilities are not standard capabilities and should have an extension prefix:
[35m[BaseDriver][39m   platform
[35m[BaseDriver][39m   chromedriverPort
[35m[Appium][39m Appium v1.22.2 creating new AndroidUiautomator2Driver (v1.70.1) session
[35m[BaseDriver][39m The following capabilities were provided, but are not recognized by Appium:
[35m[BaseDriver][39m   platform
[35m[BaseDriver][39m Session created with session id: fccb39cd-43b4-416c-ab58-ce9502f0ba05
[35m[UiAutomator2][39m Starting 'com.android.settings' directly on the device
[35m[ADB][39m Using 'adb.exe' from 'C:\Users\Nia Yusniati\.katalon\tools\android_sdk\platform-tools\adb.exe'
[35m[AndroidDriver][39m Retrieving device list
[35m[AndroidDriver][39m Using device: RR8N605F11Y
[35m[ADB][39m Using 'adb.exe' from 'C:\Users\Nia Yusniati\.katalon\tools\android_sdk\platform-tools\adb.exe'
[35m[ADB][39m Getting device platform version
[35m[UiAutomator2][39m Relaxing hidden api policy
[35m[AndroidDriver][39m No app sent in, not parsing package/activity
[35m[UiAutomator2][39m Server packages are not going to be (re)installed
[35m[ADB][39m Adding packages ["io.appium.settings","io.appium.uiautomator2.server","io.appium.uiautomator2.server.test"] to Doze whitelist
[35m[UiAutomator2][39m Starting UIAutomator2 server 4.27.0
[35m[UiAutomator2][39m Using UIAutomator2 server from 'C:\Users\Nia Yusniati\AppData\Roaming\npm\node_modules\appium\node_modules\appium-uiautomator2-server\apks\appium-uiautomator2-server-v4.27.0.apk' and test from 'C:\Users\Nia Yusniati\AppData\Roaming\npm\node_modules\appium\node_modules\appium-uiautomator2-server\apks\appium-uiautomator2-server-debug-androidTest.apk'
[35m[UiAutomator2][39m Waiting up to 30000ms for UiAutomator2 to be online...
[35m[WD Proxy][39m socket hang up
[35m[WD Proxy][39m socket hang up
[35m[WD Proxy][39m socket hang up
[35m[WD Proxy][39m Determined the downstream protocol as 'W3C'
[35m[AndroidDriver][39m Screen already unlocked, doing nothing
[35m[UiAutomator2][39m Starting 'com.android.settings/.Settings and waiting for 'com.android.settings/.Settings'
[35m[Appium][39m New AndroidUiautomator2Driver session created successfully, session fccb39cd-43b4-416c-ab58-ce9502f0ba05 added to master session list
[35m[HTTP][39m [37m<-- POST /wd/hub/session [39m[32m200[39m [90m9695 ms - 1158[39m
[35m[HTTP][39m [90m[39m
[35m[HTTP][39m [37m-->[39m [37mGET[39m [37m/wd/hub/session/fccb39cd-43b4-416c-ab58-ce9502f0ba05[39m
[35m[HTTP][39m [90m{}[39m
[35m[HTTP][39m [37m<-- GET /wd/hub/session/fccb39cd-43b4-416c-ab58-ce9502f0ba05 [39m[32m200[39m [90m16 ms - 1112[39m
[35m[HTTP][39m [90m[39m
[35m[HTTP][39m [37m-->[39m [37mGET[39m [37m/wd/hub/session/fccb39cd-43b4-416c-ab58-ce9502f0ba05[39m
[35m[HTTP][39m [90m{}[39m
[35m[HTTP][39m [37m<-- GET /wd/hub/session/fccb39cd-43b4-416c-ab58-ce9502f0ba05 [39m[32m200[39m [90m14 ms - 1112[39m
[35m[HTTP][39m [90m[39m
[35m[HTTP][39m [37m-->[39m [37mGET[39m [37m/wd/hub/status[39m
[35m[HTTP][39m [90m{}[39m
[35m[HTTP][39m [37m<-- GET /wd/hub/status [39m[32m200[39m [90m1 ms - 68[39m
[35m[HTTP][39m [90m[39m
[35m[HTTP][39m [37m-->[39m [37mPOST[39m [37m/wd/hub/session/fccb39cd-43b4-416c-ab58-ce9502f0ba05/timeouts[39m
[35m[HTTP][39m [90m{"implicit":30000}[39m
[35m[HTTP][39m [37m<-- POST /wd/hub/session/fccb39cd-43b4-416c-ab58-ce9502f0ba05/timeouts [39m[32m200[39m [90m1 ms - 14[39m
[35m[HTTP][39m [90m[39m
[35m[HTTP][39m [37m-->[39m [37mGET[39m [37m/wd/hub/session/fccb39cd-43b4-416c-ab58-ce9502f0ba05/screenshot[39m
[35m[HTTP][39m [90m{}[39m
[35m[HTTP][39m [37m<-- GET /wd/hub/session/fccb39cd-43b4-416c-ab58-ce9502f0ba05/screenshot [39m[32m200[39m [90m551 ms - 230430[39m
[35m[HTTP][39m [90m[39m
[35m[HTTP][39m [37m-->[39m [37mGET[39m [37m/wd/hub/session/fccb39cd-43b4-416c-ab58-ce9502f0ba05/window/rect[39m
[35m[HTTP][39m [90m{}[39m
[35m[HTTP][39m [37m<-- GET /wd/hub/session/fccb39cd-43b4-416c-ab58-ce9502f0ba05/window/rect [39m[32m200[39m [90m10 ms - 50[39m
[35m[HTTP][39m [90m[39m
[35m[HTTP][39m [37m-->[39m [37mGET[39m [37m/wd/hub/session/fccb39cd-43b4-416c-ab58-ce9502f0ba05/appium/device/system_bars[39m
[35m[HTTP][39m [90m{}[39m
[35m[HTTP][39m [37m<-- GET /wd/hub/session/fccb39cd-43b4-416c-ab58-ce9502f0ba05/appium/device/system_bars [39m[32m200[39m [90m113 ms - 148[39m
[35m[HTTP][39m [90m[39m
[35m[HTTP][39m [37m-->[39m [37mPOST[39m [37m/wd/hub/session/fccb39cd-43b4-416c-ab58-ce9502f0ba05/appium/device/activate_app[39m
[35m[HTTP][39m [90m{"bundleId":"com.vq.mbrochuregp.client.android"}[39m
[35m[HTTP][39m [37m<-- POST /wd/hub/session/fccb39cd-43b4-416c-ab58-ce9502f0ba05/appium/device/activate_app [39m[32m200[39m [90m613 ms - 14[39m
[35m[HTTP][39m [90m[39m
[35m[HTTP][39m [37m-->[39m [37mGET[39m [37m/wd/hub/session/fccb39cd-43b4-416c-ab58-ce9502f0ba05/context[39m
[35m[HTTP][39m [90m{}[39m
[35m[HTTP][39m [37m<-- GET /wd/hub/session/fccb39cd-43b4-416c-ab58-ce9502f0ba05/context [39m[32m200[39m [90m2 ms - 22[39m
[35m[HTTP][39m [90m[39m
[35m[HTTP][39m [37m-->[39m [37mGET[39m [37m/wd/hub/session/fccb39cd-43b4-416c-ab58-ce9502f0ba05/contexts[39m
[35m[HTTP][39m [90m{}[39m
[35m[HTTP][39m [37m<-- GET /wd/hub/session/fccb39cd-43b4-416c-ab58-ce9502f0ba05/contexts [39m[32m200[39m [90m121 ms - 24[39m
[35m[HTTP][39m [90m[39m
[35m[HTTP][39m [37m-->[39m [37mPOST[39m [37m/wd/hub/session/fccb39cd-43b4-416c-ab58-ce9502f0ba05/context[39m
[35m[HTTP][39m [90m{"name":"NATIVE_APP"}[39m
[35m[HTTP][39m [37m<-- POST /wd/hub/session/fccb39cd-43b4-416c-ab58-ce9502f0ba05/context [39m[32m200[39m [90m2 ms - 14[39m
[35m[HTTP][39m [90m[39m
[35m[HTTP][39m [37m-->[39m [37mPOST[39m [37m/wd/hub/session/fccb39cd-43b4-416c-ab58-ce9502f0ba05/appium/device/press_keycode[39m
[35m[HTTP][39m [90m{"keycode":4}[39m
[35m[HTTP][39m [37m<-- POST /wd/hub/session/fccb39cd-43b4-416c-ab58-ce9502f0ba05/appium/device/press_keycode [39m[32m200[39m [90m140 ms - 14[39m
[35m[HTTP][39m [90m[39m
[35m[HTTP][39m [37m-->[39m [37mPOST[39m [37m/wd/hub/session/fccb39cd-43b4-416c-ab58-ce9502f0ba05/context[39m
[35m[HTTP][39m [90m{"name":"NATIVE_APP"}[39m
[35m[HTTP][39m [37m<-- POST /wd/hub/session/fccb39cd-43b4-416c-ab58-ce9502f0ba05/context [39m[32m200[39m [90m3 ms - 14[39m
[35m[HTTP][39m [90m[39m
[35m[HTTP][39m [37m-->[39m [37mPOST[39m [37m/wd/hub/session/fccb39cd-43b4-416c-ab58-ce9502f0ba05/timeouts[39m
[35m[HTTP][39m [90m{"implicit":50}[39m
[35m[HTTP][39m [37m<-- POST /wd/hub/session/fccb39cd-43b4-416c-ab58-ce9502f0ba05/timeouts [39m[32m200[39m [90m1 ms - 14[39m
[35m[HTTP][39m [90m[39m
[35m[HTTP][39m [37m-->[39m [37mGET[39m [37m/wd/hub/session/fccb39cd-43b4-416c-ab58-ce9502f0ba05/window/rect[39m
[35m[HTTP][39m [90m{}[39m
[35m[HTTP][39m [37m<-- GET /wd/hub/session/fccb39cd-43b4-416c-ab58-ce9502f0ba05/window/rect [39m[32m200[39m [90m40 ms - 50[39m
[35m[HTTP][39m [90m[39m
[35m[HTTP][39m [37m-->[39m [37mPOST[39m [37m/wd/hub/session/fccb39cd-43b4-416c-ab58-ce9502f0ba05/elements[39m
[35m[HTTP][39m [90m{"using":"xpath","value":"//*[@class = 'android.widget.Button' and (@text = 'TIDAK' or . = 'TIDAK') and @resource-id = 'android:id/button2']"}[39m
[35m[HTTP][39m [37m<-- POST /wd/hub/session/fccb39cd-43b4-416c-ab58-ce9502f0ba05/elements [39m[32m200[39m [90m1417 ms - 139[39m
[35m[HTTP][39m [90m[39m
[35m[HTTP][39m [37m-->[39m [37mGET[39m [37m/wd/hub/session/fccb39cd-43b4-416c-ab58-ce9502f0ba05/element/00000000-0000-028b-ffff-ffff000065f1/location[39m
[35m[HTTP][39m [90m{}[39m
[35m[W3C (fccb39cd)][39m Driver proxy active, passing request on via HTTP proxy
[35m[WD Proxy][39m Replacing sessionId 15046089-361b-4f5d-b9ab-2f4465eca7fa with fccb39cd-43b4-416c-ab58-ce9502f0ba05
[35m[HTTP][39m [37m<-- GET /wd/hub/session/fccb39cd-43b4-416c-ab58-ce9502f0ba05/element/00000000-0000-028b-ffff-ffff000065f1/location [39m[32m200[39m [90m64 ms - 79[39m
[35m[HTTP][39m [90m[39m
[35m[HTTP][39m [37m-->[39m [37mPOST[39m [37m/wd/hub/session/fccb39cd-43b4-416c-ab58-ce9502f0ba05/timeouts[39m
[35m[HTTP][39m [90m{"implicit":30000}[39m
[35m[HTTP][39m [37m<-- POST /wd/hub/session/fccb39cd-43b4-416c-ab58-ce9502f0ba05/timeouts [39m[32m200[39m [90m2 ms - 14[39m
[35m[HTTP][39m [90m[39m
[35m[HTTP][39m [37m-->[39m [37mPOST[39m [37m/wd/hub/session/fccb39cd-43b4-416c-ab58-ce9502f0ba05/touch/perform[39m
[35m[HTTP][39m [90m{"actions":[{"action":"tap","options":{"x":1,"y":1,"element":"00000000-0000-028b-ffff-ffff000065f1"}},{"action":"release","options":{}}]}[39m
[35m[UiAutomator2][39m calling get location: 00000000-0000-028b-ffff-ffff000065f1
[35m[HTTP][39m [37m<-- POST /wd/hub/session/fccb39cd-43b4-416c-ab58-ce9502f0ba05/touch/perform [39m[32m200[39m [90m790 ms - 14[39m
[35m[HTTP][39m [90m[39m
[35m[HTTP][39m [37m-->[39m [37mPOST[39m [37m/wd/hub/session/fccb39cd-43b4-416c-ab58-ce9502f0ba05/timeouts[39m
[35m[HTTP][39m [90m{"implicit":50}[39m
[35m[HTTP][39m [37m<-- POST /wd/hub/session/fccb39cd-43b4-416c-ab58-ce9502f0ba05/timeouts [39m[32m200[39m [90m2 ms - 14[39m
[35m[HTTP][39m [90m[39m
[35m[HTTP][39m [37m-->[39m [37mGET[39m [37m/wd/hub/session/fccb39cd-43b4-416c-ab58-ce9502f0ba05/window/rect[39m
[35m[HTTP][39m [90m{}[39m
[35m[HTTP][39m [37m<-- GET /wd/hub/session/fccb39cd-43b4-416c-ab58-ce9502f0ba05/window/rect [39m[32m200[39m [90m30 ms - 50[39m
[35m[HTTP][39m [90m[39m
[35m[HTTP][39m [37m-->[39m [37mPOST[39m [37m/wd/hub/session/fccb39cd-43b4-416c-ab58-ce9502f0ba05/elements[39m
[35m[HTTP][39m [90m{"using":"xpath","value":"//*[@class = 'android.widget.ImageView' and @resource-id = 'com.vq.mbrochuregp.client.android:id/iv_home_billing_icon' and (@text = '' or . = '')]"}[39m
[35m[HTTP][39m [37m<-- POST /wd/hub/session/fccb39cd-43b4-416c-ab58-ce9502f0ba05/elements [39m[32m200[39m [90m788 ms - 139[39m
[35m[HTTP][39m [90m[39m
[35m[HTTP][39m [37m-->[39m [37mGET[39m [37m/wd/hub/session/fccb39cd-43b4-416c-ab58-ce9502f0ba05/element/00000000-0000-027c-ffff-ffff000065a9/location[39m
[35m[HTTP][39m [90m{}[39m
[35m[W3C (fccb39cd)][39m Driver proxy active, passing request on via HTTP proxy
[35m[WD Proxy][39m Replacing sessionId 15046089-361b-4f5d-b9ab-2f4465eca7fa with fccb39cd-43b4-416c-ab58-ce9502f0ba05
[35m[HTTP][39m [37m<-- GET /wd/hub/session/fccb39cd-43b4-416c-ab58-ce9502f0ba05/element/00000000-0000-027c-ffff-ffff000065a9/location [39m[32m200[39m [90m32 ms - 79[39m
[35m[HTTP][39m [90m[39m
[35m[HTTP][39m [37m-->[39m [37mPOST[39m [37m/wd/hub/session/fccb39cd-43b4-416c-ab58-ce9502f0ba05/timeouts[39m
[35m[HTTP][39m [90m{"implicit":30000}[39m
[35m[HTTP][39m [37m<-- POST /wd/hub/session/fccb39cd-43b4-416c-ab58-ce9502f0ba05/timeouts [39m[32m200[39m [90m3 ms - 14[39m
[35m[HTTP][39m [90m[39m
[35m[HTTP][39m [37m-->[39m [37mPOST[39m [37m/wd/hub/session/fccb39cd-43b4-416c-ab58-ce9502f0ba05/touch/perform[39m
[35m[HTTP][39m [90m{"actions":[{"action":"tap","options":{"x":1,"y":1,"element":"00000000-0000-027c-ffff-ffff000065a9"}},{"action":"release","options":{}}]}[39m
[35m[UiAutomator2][39m calling get location: 00000000-0000-027c-ffff-ffff000065a9
[35m[HTTP][39m [37m<-- POST /wd/hub/session/fccb39cd-43b4-416c-ab58-ce9502f0ba05/touch/perform [39m[32m200[39m [90m214 ms - 14[39m
[35m[HTTP][39m [90m[39m
[35m[HTTP][39m [37m-->[39m [37mGET[39m [37m/wd/hub/session/fccb39cd-43b4-416c-ab58-ce9502f0ba05/context[39m
[35m[HTTP][39m [90m{}[39m
[35m[HTTP][39m [37m<-- GET /wd/hub/session/fccb39cd-43b4-416c-ab58-ce9502f0ba05/context [39m[32m200[39m [90m3 ms - 22[39m
[35m[HTTP][39m [90m[39m
[35m[HTTP][39m [37m-->[39m [37mGET[39m [37m/wd/hub/session/fccb39cd-43b4-416c-ab58-ce9502f0ba05/contexts[39m
[35m[HTTP][39m [90m{}[39m
[35m[HTTP][39m [37m<-- GET /wd/hub/session/fccb39cd-43b4-416c-ab58-ce9502f0ba05/contexts [39m[32m200[39m [90m118 ms - 24[39m
[35m[HTTP][39m [90m[39m
[35m[HTTP][39m [37m-->[39m [37mPOST[39m [37m/wd/hub/session/fccb39cd-43b4-416c-ab58-ce9502f0ba05/context[39m
[35m[HTTP][39m [90m{"name":"NATIVE_APP"}[39m
[35m[HTTP][39m [37m<-- POST /wd/hub/session/fccb39cd-43b4-416c-ab58-ce9502f0ba05/context [39m[32m200[39m [90m1 ms - 14[39m
[35m[HTTP][39m [90m[39m
[35m[HTTP][39m [37m-->[39m [37mGET[39m [37m/wd/hub/session/fccb39cd-43b4-416c-ab58-ce9502f0ba05/window/rect[39m
[35m[HTTP][39m [90m{}[39m
[35m[HTTP][39m [37m<-- GET /wd/hub/session/fccb39cd-43b4-416c-ab58-ce9502f0ba05/window/rect [39m[32m200[39m [90m51 ms - 50[39m
[35m[HTTP][39m [90m[39m
[35m[HTTP][39m [37m-->[39m [37mPOST[39m [37m/wd/hub/session/fccb39cd-43b4-416c-ab58-ce9502f0ba05/execute/sync[39m
[35m[HTTP][39m [90m{"script":"mobile: viewportScreenshot","args":[]}[39m
[35m[AndroidDriver][39m Executing native command 'mobile: viewportScreenshot'
[35m[HTTP][39m [37m<-- POST /wd/hub/session/fccb39cd-43b4-416c-ab58-ce9502f0ba05/execute/sync [39m[32m200[39m [90m1600 ms - 142384[39m
[35m[HTTP][39m [90m[39m
[35m[HTTP][39m [37m-->[39m [37mPOST[39m [37m/wd/hub/session/fccb39cd-43b4-416c-ab58-ce9502f0ba05/context[39m
[35m[HTTP][39m [90m{"name":"NATIVE_APP"}[39m
[35m[HTTP][39m [37m<-- POST /wd/hub/session/fccb39cd-43b4-416c-ab58-ce9502f0ba05/context [39m[32m200[39m [90m2 ms - 14[39m
[35m[HTTP][39m [90m[39m
[35m[HTTP][39m [37m-->[39m [37mPOST[39m [37m/wd/hub/session/fccb39cd-43b4-416c-ab58-ce9502f0ba05/timeouts[39m
[35m[HTTP][39m [90m{"implicit":50}[39m
[35m[HTTP][39m [37m<-- POST /wd/hub/session/fccb39cd-43b4-416c-ab58-ce9502f0ba05/timeouts [39m[32m200[39m [90m2 ms - 14[39m
[35m[HTTP][39m [90m[39m
[35m[HTTP][39m [37m-->[39m [37mGET[39m [37m/wd/hub/session/fccb39cd-43b4-416c-ab58-ce9502f0ba05/window/rect[39m
[35m[HTTP][39m [90m{}[39m
[35m[HTTP][39m [37m<-- GET /wd/hub/session/fccb39cd-43b4-416c-ab58-ce9502f0ba05/window/rect [39m[32m200[39m [90m50 ms - 50[39m
[35m[HTTP][39m [90m[39m
[35m[HTTP][39m [37m-->[39m [37mPOST[39m [37m/wd/hub/session/fccb39cd-43b4-416c-ab58-ce9502f0ba05/elements[39m
[35m[HTTP][39m [90m{"using":"xpath","value":"//*[@class = 'android.widget.TextView' and (@text = 'Sudah Dibayar' or . = 'Sudah Dibayar')]"}[39m
[35m[HTTP][39m [37m<-- POST /wd/hub/session/fccb39cd-43b4-416c-ab58-ce9502f0ba05/elements [39m[32m200[39m [90m531 ms - 139[39m
[35m[HTTP][39m [90m[39m
[35m[HTTP][39m [37m-->[39m [37mGET[39m [37m/wd/hub/session/fccb39cd-43b4-416c-ab58-ce9502f0ba05/element/00000000-0000-028d-ffff-ffff00006609/location[39m
[35m[HTTP][39m [90m{}[39m
[35m[W3C (fccb39cd)][39m Driver proxy active, passing request on via HTTP proxy
[35m[WD Proxy][39m Replacing sessionId 15046089-361b-4f5d-b9ab-2f4465eca7fa with fccb39cd-43b4-416c-ab58-ce9502f0ba05
[35m[HTTP][39m [37m<-- GET /wd/hub/session/fccb39cd-43b4-416c-ab58-ce9502f0ba05/element/00000000-0000-028d-ffff-ffff00006609/location [39m[32m200[39m [90m470 ms - 78[39m
[35m[HTTP][39m [90m[39m
[35m[HTTP][39m [37m-->[39m [37mPOST[39m [37m/wd/hub/session/fccb39cd-43b4-416c-ab58-ce9502f0ba05/timeouts[39m
[35m[HTTP][39m [90m{"implicit":30000}[39m
[35m[HTTP][39m [37m<-- POST /wd/hub/session/fccb39cd-43b4-416c-ab58-ce9502f0ba05/timeouts [39m[32m200[39m [90m2 ms - 14[39m
[35m[HTTP][39m [90m[39m
[35m[HTTP][39m [37m-->[39m [37mPOST[39m [37m/wd/hub/session/fccb39cd-43b4-416c-ab58-ce9502f0ba05/touch/perform[39m
[35m[HTTP][39m [90m{"actions":[{"action":"tap","options":{"x":1,"y":1,"element":"00000000-0000-028d-ffff-ffff00006609"}},{"action":"release","options":{}}]}[39m
[35m[UiAutomator2][39m calling get location: 00000000-0000-028d-ffff-ffff00006609
[35m[HTTP][39m [37m<-- POST /wd/hub/session/fccb39cd-43b4-416c-ab58-ce9502f0ba05/touch/perform [39m[32m200[39m [90m1929 ms - 14[39m
[35m[HTTP][39m [90m[39m
[35m[HTTP][39m [37m-->[39m [37mGET[39m [37m/wd/hub/session/fccb39cd-43b4-416c-ab58-ce9502f0ba05/context[39m
[35m[HTTP][39m [90m{}[39m
[35m[HTTP][39m [37m<-- GET /wd/hub/session/fccb39cd-43b4-416c-ab58-ce9502f0ba05/context [39m[32m200[39m [90m3 ms - 22[39m
[35m[HTTP][39m [90m[39m
[35m[HTTP][39m [37m-->[39m [37mGET[39m [37m/wd/hub/session/fccb39cd-43b4-416c-ab58-ce9502f0ba05/contexts[39m
[35m[HTTP][39m [90m{}[39m
[35m[HTTP][39m [37m<-- GET /wd/hub/session/fccb39cd-43b4-416c-ab58-ce9502f0ba05/contexts [39m[32m200[39m [90m129 ms - 24[39m
[35m[HTTP][39m [90m[39m
[35m[HTTP][39m [37m-->[39m [37mPOST[39m [37m/wd/hub/session/fccb39cd-43b4-416c-ab58-ce9502f0ba05/context[39m
[35m[HTTP][39m [90m{"name":"NATIVE_APP"}[39m
[35m[HTTP][39m [37m<-- POST /wd/hub/session/fccb39cd-43b4-416c-ab58-ce9502f0ba05/context [39m[32m200[39m [90m2 ms - 14[39m
[35m[HTTP][39m [90m[39m
[35m[HTTP][39m [37m-->[39m [37mGET[39m [37m/wd/hub/session/fccb39cd-43b4-416c-ab58-ce9502f0ba05/window/rect[39m
[35m[HTTP][39m [90m{}[39m
[35m[HTTP][39m [37m<-- GET /wd/hub/session/fccb39cd-43b4-416c-ab58-ce9502f0ba05/window/rect [39m[32m200[39m [90m31 ms - 50[39m
[35m[HTTP][39m [90m[39m
[35m[HTTP][39m [37m-->[39m [37mPOST[39m [37m/wd/hub/session/fccb39cd-43b4-416c-ab58-ce9502f0ba05/execute/sync[39m
[35m[HTTP][39m [90m{"script":"mobile: viewportScreenshot","args":[]}[39m
[35m[AndroidDriver][39m Executing native command 'mobile: viewportScreenshot'
[35m[HTTP][39m [37m<-- POST /wd/hub/session/fccb39cd-43b4-416c-ab58-ce9502f0ba05/execute/sync [39m[32m200[39m [90m1538 ms - 168432[39m
[35m[HTTP][39m [90m[39m
[35m[HTTP][39m [37m-->[39m [37mPOST[39m [37m/wd/hub/session/fccb39cd-43b4-416c-ab58-ce9502f0ba05/context[39m
[35m[HTTP][39m [90m{"name":"NATIVE_APP"}[39m
[35m[HTTP][39m [37m<-- POST /wd/hub/session/fccb39cd-43b4-416c-ab58-ce9502f0ba05/context [39m[32m200[39m [90m1 ms - 14[39m
[35m[HTTP][39m [90m[39m
[35m[HTTP][39m [37m-->[39m [37mPOST[39m [37m/wd/hub/session/fccb39cd-43b4-416c-ab58-ce9502f0ba05/timeouts[39m
[35m[HTTP][39m [90m{"implicit":50}[39m
[35m[HTTP][39m [37m<-- POST /wd/hub/session/fccb39cd-43b4-416c-ab58-ce9502f0ba05/timeouts [39m[32m200[39m [90m2 ms - 14[39m
[35m[HTTP][39m [90m[39m
[35m[HTTP][39m [37m-->[39m [37mGET[39m [37m/wd/hub/session/fccb39cd-43b4-416c-ab58-ce9502f0ba05/window/rect[39m
[35m[HTTP][39m [90m{}[39m
[35m[HTTP][39m [37m<-- GET /wd/hub/session/fccb39cd-43b4-416c-ab58-ce9502f0ba05/window/rect [39m[32m200[39m [90m63 ms - 50[39m
[35m[HTTP][39m [90m[39m
[35m[HTTP][39m [37m-->[39m [37mPOST[39m [37m/wd/hub/session/fccb39cd-43b4-416c-ab58-ce9502f0ba05/elements[39m
[35m[HTTP][39m [90m{"using":"xpath","value":"//*[@class = 'android.widget.TextView' and (@text = 'Belum Dibayar' or . = 'Belum Dibayar')]"}[39m
[35m[HTTP][39m [37m<-- POST /wd/hub/session/fccb39cd-43b4-416c-ab58-ce9502f0ba05/elements [39m[32m200[39m [90m786 ms - 139[39m
[35m[HTTP][39m [90m[39m
[35m[HTTP][39m [37m-->[39m [37mGET[39m [37m/wd/hub/session/fccb39cd-43b4-416c-ab58-ce9502f0ba05/element/00000000-0000-028d-ffff-ffff00006606/location[39m
[35m[HTTP][39m [90m{}[39m
[35m[W3C (fccb39cd)][39m Driver proxy active, passing request on via HTTP proxy
[35m[WD Proxy][39m Replacing sessionId 15046089-361b-4f5d-b9ab-2f4465eca7fa with fccb39cd-43b4-416c-ab58-ce9502f0ba05
[35m[HTTP][39m [37m<-- GET /wd/hub/session/fccb39cd-43b4-416c-ab58-ce9502f0ba05/element/00000000-0000-028d-ffff-ffff00006606/location [39m[32m200[39m [90m562 ms - 78[39m
[35m[HTTP][39m [90m[39m
[35m[HTTP][39m [37m-->[39m [37mPOST[39m [37m/wd/hub/session/fccb39cd-43b4-416c-ab58-ce9502f0ba05/timeouts[39m
[35m[HTTP][39m [90m{"implicit":30000}[39m
[35m[HTTP][39m [37m<-- POST /wd/hub/session/fccb39cd-43b4-416c-ab58-ce9502f0ba05/timeouts [39m[32m200[39m [90m2 ms - 14[39m
[35m[HTTP][39m [90m[39m
[35m[HTTP][39m [37m-->[39m [37mPOST[39m [37m/wd/hub/session/fccb39cd-43b4-416c-ab58-ce9502f0ba05/touch/perform[39m
[35m[HTTP][39m [90m{"actions":[{"action":"tap","options":{"x":1,"y":1,"element":"00000000-0000-028d-ffff-ffff00006606"}},{"action":"release","options":{}}]}[39m
[35m[UiAutomator2][39m calling get location: 00000000-0000-028d-ffff-ffff00006606
[35m[HTTP][39m [37m<-- POST /wd/hub/session/fccb39cd-43b4-416c-ab58-ce9502f0ba05/touch/perform [39m[32m200[39m [90m1019 ms - 14[39m
[35m[HTTP][39m [90m[39m
[35m[HTTP][39m [37m-->[39m [37mPOST[39m [37m/wd/hub/session/fccb39cd-43b4-416c-ab58-ce9502f0ba05/timeouts[39m
[35m[HTTP][39m [90m{"implicit":50}[39m
[35m[HTTP][39m [37m<-- POST /wd/hub/session/fccb39cd-43b4-416c-ab58-ce9502f0ba05/timeouts [39m[32m200[39m [90m2 ms - 14[39m
[35m[HTTP][39m [90m[39m
[35m[HTTP][39m [37m-->[39m [37mGET[39m [37m/wd/hub/session/fccb39cd-43b4-416c-ab58-ce9502f0ba05/window/rect[39m
[35m[HTTP][39m [90m{}[39m
[35m[HTTP][39m [37m<-- GET /wd/hub/session/fccb39cd-43b4-416c-ab58-ce9502f0ba05/window/rect [39m[32m200[39m [90m21 ms - 50[39m
[35m[HTTP][39m [90m[39m
[35m[HTTP][39m [37m-->[39m [37mPOST[39m [37m/wd/hub/session/fccb39cd-43b4-416c-ab58-ce9502f0ba05/elements[39m
[35m[HTTP][39m [90m{"using":"xpath","value":"//hierarchy/android.widget.FrameLayout[1]/android.widget.LinearLayout[1]/android.widget.FrameLayout[1]/android.widget.LinearLayout[1]/android.widget.FrameLayout[1]/android.view.ViewGroup[1]/androidx.viewpager.widget.ViewPager[1]/android.widget.FrameLayout[1]/android.view.ViewGroup[1]/android.widget.ScrollView[1]/android.widget.LinearLayout[1]/androidx.recyclerview.widget.RecyclerView[1]/android.widget.LinearLayout[1]/android.widget.RelativeLayout[1]"}[39m
[35m[HTTP][39m [37m<-- POST /wd/hub/session/fccb39cd-43b4-416c-ab58-ce9502f0ba05/elements [39m[32m200[39m [90m402 ms - 139[39m
[35m[HTTP][39m [90m[39m
[35m[HTTP][39m [37m-->[39m [37mGET[39m [37m/wd/hub/session/fccb39cd-43b4-416c-ab58-ce9502f0ba05/element/00000000-0000-028d-ffff-ffff00006647/location[39m
[35m[HTTP][39m [90m{}[39m
[35m[W3C (fccb39cd)][39m Driver proxy active, passing request on via HTTP proxy
[35m[WD Proxy][39m Replacing sessionId 15046089-361b-4f5d-b9ab-2f4465eca7fa with fccb39cd-43b4-416c-ab58-ce9502f0ba05
[35m[HTTP][39m [37m<-- GET /wd/hub/session/fccb39cd-43b4-416c-ab58-ce9502f0ba05/element/00000000-0000-028d-ffff-ffff00006647/location [39m[32m200[39m [90m408 ms - 77[39m
[35m[HTTP][39m [90m[39m
[35m[HTTP][39m [37m-->[39m [37mPOST[39m [37m/wd/hub/session/fccb39cd-43b4-416c-ab58-ce9502f0ba05/timeouts[39m
[35m[HTTP][39m [90m{"implicit":30000}[39m
[35m[HTTP][39m [37m<-- POST /wd/hub/session/fccb39cd-43b4-416c-ab58-ce9502f0ba05/timeouts [39m[32m200[39m [90m4 ms - 14[39m
[35m[HTTP][39m [90m[39m
[35m[HTTP][39m [37m-->[39m [37mPOST[39m [37m/wd/hub/session/fccb39cd-43b4-416c-ab58-ce9502f0ba05/touch/perform[39m
[35m[HTTP][39m [90m{"actions":[{"action":"tap","options":{"x":1,"y":1,"element":"00000000-0000-028d-ffff-ffff00006647"}},{"action":"release","options":{}}]}[39m
[35m[UiAutomator2][39m calling get location: 00000000-0000-028d-ffff-ffff00006647
[35m[HTTP][39m [37m<-- POST /wd/hub/session/fccb39cd-43b4-416c-ab58-ce9502f0ba05/touch/perform [39m[32m200[39m [90m1171 ms - 14[39m
[35m[HTTP][39m [90m[39m
[35m[HTTP][39m [37m-->[39m [37mGET[39m [37m/wd/hub/session/fccb39cd-43b4-416c-ab58-ce9502f0ba05/context[39m
[35m[HTTP][39m [90m{}[39m
[35m[HTTP][39m [37m<-- GET /wd/hub/session/fccb39cd-43b4-416c-ab58-ce9502f0ba05/context [39m[32m200[39m [90m3 ms - 22[39m
[35m[HTTP][39m [90m[39m
[35m[HTTP][39m [37m-->[39m [37mGET[39m [37m/wd/hub/session/fccb39cd-43b4-416c-ab58-ce9502f0ba05/contexts[39m
[35m[HTTP][39m [90m{}[39m
[35m[HTTP][39m [37m<-- GET /wd/hub/session/fccb39cd-43b4-416c-ab58-ce9502f0ba05/contexts [39m[32m200[39m [90m135 ms - 24[39m
[35m[HTTP][39m [90m[39m
[35m[HTTP][39m [37m-->[39m [37mPOST[39m [37m/wd/hub/session/fccb39cd-43b4-416c-ab58-ce9502f0ba05/context[39m
[35m[HTTP][39m [90m{"name":"NATIVE_APP"}[39m
[35m[HTTP][39m [37m<-- POST /wd/hub/session/fccb39cd-43b4-416c-ab58-ce9502f0ba05/context [39m[32m200[39m [90m1 ms - 14[39m
[35m[HTTP][39m [90m[39m
[35m[HTTP][39m [37m-->[39m [37mGET[39m [37m/wd/hub/session/fccb39cd-43b4-416c-ab58-ce9502f0ba05/window/rect[39m
[35m[HTTP][39m [90m{}[39m
[35m[HTTP][39m [37m<-- GET /wd/hub/session/fccb39cd-43b4-416c-ab58-ce9502f0ba05/window/rect [39m[32m200[39m [90m49 ms - 50[39m
[35m[HTTP][39m [90m[39m
[35m[HTTP][39m [37m-->[39m [37mPOST[39m [37m/wd/hub/session/fccb39cd-43b4-416c-ab58-ce9502f0ba05/execute/sync[39m
[35m[HTTP][39m [90m{"script":"mobile: viewportScreenshot","args":[]}[39m
[35m[AndroidDriver][39m Executing native command 'mobile: viewportScreenshot'
[35m[HTTP][39m [37m<-- POST /wd/hub/session/fccb39cd-43b4-416c-ab58-ce9502f0ba05/execute/sync [39m[32m200[39m [90m1496 ms - 199732[39m
[35m[HTTP][39m [90m[39m
[35m[HTTP][39m [37m-->[39m [37mPOST[39m [37m/wd/hub/session/fccb39cd-43b4-416c-ab58-ce9502f0ba05/context[39m
[35m[HTTP][39m [90m{"name":"NATIVE_APP"}[39m
[35m[HTTP][39m [37m<-- POST /wd/hub/session/fccb39cd-43b4-416c-ab58-ce9502f0ba05/context [39m[32m200[39m [90m1 ms - 14[39m
[35m[HTTP][39m [90m[39m
[35m[HTTP][39m [37m-->[39m [37mPOST[39m [37m/wd/hub/session/fccb39cd-43b4-416c-ab58-ce9502f0ba05/timeouts[39m
[35m[HTTP][39m [90m{"implicit":50}[39m
[35m[HTTP][39m [37m<-- POST /wd/hub/session/fccb39cd-43b4-416c-ab58-ce9502f0ba05/timeouts [39m[32m200[39m [90m2 ms - 14[39m
[35m[HTTP][39m [90m[39m
[35m[HTTP][39m [37m-->[39m [37mGET[39m [37m/wd/hub/session/fccb39cd-43b4-416c-ab58-ce9502f0ba05/window/rect[39m
[35m[HTTP][39m [90m{}[39m
[35m[HTTP][39m [37m<-- GET /wd/hub/session/fccb39cd-43b4-416c-ab58-ce9502f0ba05/window/rect [39m[32m200[39m [90m33 ms - 50[39m
[35m[HTTP][39m [90m[39m
[35m[HTTP][39m [37m-->[39m [37mPOST[39m [37m/wd/hub/session/fccb39cd-43b4-416c-ab58-ce9502f0ba05/elements[39m
[35m[HTTP][39m [90m{"using":"xpath","value":"//*[@class = 'android.widget.Button' and (@text = 'Email' or . = 'Email') and @resource-id = 'com.vq.mbrochuregp.client.android:id/btn_billing_detail_email']"}[39m
[35m[HTTP][39m [37m<-- POST /wd/hub/session/fccb39cd-43b4-416c-ab58-ce9502f0ba05/elements [39m[32m200[39m [90m494 ms - 139[39m
[35m[HTTP][39m [90m[39m
[35m[HTTP][39m [37m-->[39m [37mGET[39m [37m/wd/hub/session/fccb39cd-43b4-416c-ab58-ce9502f0ba05/element/00000000-0000-028e-ffff-ffff000066a1/location[39m
[35m[HTTP][39m [90m{}[39m
[35m[W3C (fccb39cd)][39m Driver proxy active, passing request on via HTTP proxy
[35m[WD Proxy][39m Replacing sessionId 15046089-361b-4f5d-b9ab-2f4465eca7fa with fccb39cd-43b4-416c-ab58-ce9502f0ba05
[35m[HTTP][39m [37m<-- GET /wd/hub/session/fccb39cd-43b4-416c-ab58-ce9502f0ba05/element/00000000-0000-028e-ffff-ffff000066a1/location [39m[32m200[39m [90m637 ms - 79[39m
[35m[HTTP][39m [90m[39m
[35m[HTTP][39m [37m-->[39m [37mPOST[39m [37m/wd/hub/session/fccb39cd-43b4-416c-ab58-ce9502f0ba05/timeouts[39m
[35m[HTTP][39m [90m{"implicit":30000}[39m
[35m[HTTP][39m [37m<-- POST /wd/hub/session/fccb39cd-43b4-416c-ab58-ce9502f0ba05/timeouts [39m[32m200[39m [90m2 ms - 14[39m
[35m[HTTP][39m [90m[39m
[35m[HTTP][39m [37m-->[39m [37mPOST[39m [37m/wd/hub/session/fccb39cd-43b4-416c-ab58-ce9502f0ba05/touch/perform[39m
[35m[HTTP][39m [90m{"actions":[{"action":"tap","options":{"x":1,"y":1,"element":"00000000-0000-028e-ffff-ffff000066a1"}},{"action":"release","options":{}}]}[39m
[35m[UiAutomator2][39m calling get location: 00000000-0000-028e-ffff-ffff000066a1
[35m[HTTP][39m [37m<-- POST /wd/hub/session/fccb39cd-43b4-416c-ab58-ce9502f0ba05/touch/perform [39m[32m200[39m [90m2703 ms - 14[39m
[35m[HTTP][39m [90m[39m
[35m[HTTP][39m [37m-->[39m [37mGET[39m [37m/wd/hub/session/fccb39cd-43b4-416c-ab58-ce9502f0ba05/context[39m
[35m[HTTP][39m [90m{}[39m
[35m[HTTP][39m [37m<-- GET /wd/hub/session/fccb39cd-43b4-416c-ab58-ce9502f0ba05/context [39m[32m200[39m [90m2 ms - 22[39m
[35m[HTTP][39m [90m[39m
[35m[HTTP][39m [37m-->[39m [37mGET[39m [37m/wd/hub/session/fccb39cd-43b4-416c-ab58-ce9502f0ba05/contexts[39m
[35m[HTTP][39m [90m{}[39m
[35m[HTTP][39m [37m<-- GET /wd/hub/session/fccb39cd-43b4-416c-ab58-ce9502f0ba05/contexts [39m[32m200[39m [90m132 ms - 24[39m
[35m[HTTP][39m [90m[39m
[35m[HTTP][39m [37m-->[39m [37mPOST[39m [37m/wd/hub/session/fccb39cd-43b4-416c-ab58-ce9502f0ba05/context[39m
[35m[HTTP][39m [90m{"name":"NATIVE_APP"}[39m
[35m[HTTP][39m [37m<-- POST /wd/hub/session/fccb39cd-43b4-416c-ab58-ce9502f0ba05/context [39m[32m200[39m [90m2 ms - 14[39m
[35m[HTTP][39m [90m[39m
[35m[HTTP][39m [37m-->[39m [37mGET[39m [37m/wd/hub/session/fccb39cd-43b4-416c-ab58-ce9502f0ba05/window/rect[39m
[35m[HTTP][39m [90m{}[39m
[35m[HTTP][39m [37m<-- GET /wd/hub/session/fccb39cd-43b4-416c-ab58-ce9502f0ba05/window/rect [39m[32m200[39m [90m46 ms - 50[39m
[35m[HTTP][39m [90m[39m
[35m[HTTP][39m [37m-->[39m [37mPOST[39m [37m/wd/hub/session/fccb39cd-43b4-416c-ab58-ce9502f0ba05/execute/sync[39m
[35m[HTTP][39m [90m{"script":"mobile: viewportScreenshot","args":[]}[39m
[35m[AndroidDriver][39m Executing native command 'mobile: viewportScreenshot'
[35m[HTTP][39m [37m<-- POST /wd/hub/session/fccb39cd-43b4-416c-ab58-ce9502f0ba05/execute/sync [39m[32m200[39m [90m1509 ms - 233260[39m
[35m[HTTP][39m [90m[39m
[35m[HTTP][39m [37m-->[39m [37mPOST[39m [37m/wd/hub/session/fccb39cd-43b4-416c-ab58-ce9502f0ba05/context[39m
[35m[HTTP][39m [90m{"name":"NATIVE_APP"}[39m
[35m[HTTP][39m [37m<-- POST /wd/hub/session/fccb39cd-43b4-416c-ab58-ce9502f0ba05/context [39m[32m200[39m [90m2 ms - 14[39m
[35m[HTTP][39m [90m[39m
[35m[HTTP][39m [37m-->[39m [37mPOST[39m [37m/wd/hub/session/fccb39cd-43b4-416c-ab58-ce9502f0ba05/timeouts[39m
[35m[HTTP][39m [90m{"implicit":50}[39m
[35m[HTTP][39m [37m<-- POST /wd/hub/session/fccb39cd-43b4-416c-ab58-ce9502f0ba05/timeouts [39m[32m200[39m [90m1 ms - 14[39m
[35m[HTTP][39m [90m[39m
[35m[HTTP][39m [37m-->[39m [37mGET[39m [37m/wd/hub/session/fccb39cd-43b4-416c-ab58-ce9502f0ba05/window/rect[39m
[35m[HTTP][39m [90m{}[39m
[35m[HTTP][39m [37m<-- GET /wd/hub/session/fccb39cd-43b4-416c-ab58-ce9502f0ba05/window/rect [39m[32m200[39m [90m25 ms - 50[39m
[35m[HTTP][39m [90m[39m
[35m[HTTP][39m [37m-->[39m [37mPOST[39m [37m/wd/hub/session/fccb39cd-43b4-416c-ab58-ce9502f0ba05/elements[39m
[35m[HTTP][39m [90m{"using":"xpath","value":"//*[@class = 'android.widget.Button' and (@text = 'Kirim' or . = 'Kirim') and @resource-id = 'com.vq.mbrochuregp.client.android:id/btn_stnk_send_email_send_email']"}[39m
[35m[HTTP][39m [37m<-- POST /wd/hub/session/fccb39cd-43b4-416c-ab58-ce9502f0ba05/elements [39m[32m200[39m [90m226 ms - 139[39m
[35m[HTTP][39m [90m[39m
[35m[HTTP][39m [37m-->[39m [37mGET[39m [37m/wd/hub/session/fccb39cd-43b4-416c-ab58-ce9502f0ba05/element/00000000-0000-0291-ffff-ffff000066bc/location[39m
[35m[HTTP][39m [90m{}[39m
[35m[W3C (fccb39cd)][39m Driver proxy active, passing request on via HTTP proxy
[35m[WD Proxy][39m Replacing sessionId 15046089-361b-4f5d-b9ab-2f4465eca7fa with fccb39cd-43b4-416c-ab58-ce9502f0ba05
[35m[HTTP][39m [37m<-- GET /wd/hub/session/fccb39cd-43b4-416c-ab58-ce9502f0ba05/element/00000000-0000-0291-ffff-ffff000066bc/location [39m[32m200[39m [90m42 ms - 78[39m
[35m[HTTP][39m [90m[39m
[35m[HTTP][39m [37m-->[39m [37mPOST[39m [37m/wd/hub/session/fccb39cd-43b4-416c-ab58-ce9502f0ba05/timeouts[39m
[35m[HTTP][39m [90m{"implicit":30000}[39m
[35m[HTTP][39m [37m<-- POST /wd/hub/session/fccb39cd-43b4-416c-ab58-ce9502f0ba05/timeouts [39m[32m200[39m [90m2 ms - 14[39m
[35m[HTTP][39m [90m[39m
[35m[HTTP][39m [37m-->[39m [37mPOST[39m [37m/wd/hub/session/fccb39cd-43b4-416c-ab58-ce9502f0ba05/touch/perform[39m
[35m[HTTP][39m [90m{"actions":[{"action":"tap","options":{"x":1,"y":1,"element":"00000000-0000-0291-ffff-ffff000066bc"}},{"action":"release","options":{}}]}[39m
[35m[UiAutomator2][39m calling get location: 00000000-0000-0291-ffff-ffff000066bc
[35m[HTTP][39m [37m<-- POST /wd/hub/session/fccb39cd-43b4-416c-ab58-ce9502f0ba05/touch/perform [39m[32m200[39m [90m1063 ms - 14[39m
[35m[HTTP][39m [90m[39m
[35m[HTTP][39m [37m-->[39m [37mGET[39m [37m/wd/hub/session/fccb39cd-43b4-416c-ab58-ce9502f0ba05/context[39m
[35m[HTTP][39m [90m{}[39m
[35m[HTTP][39m [37m<-- GET /wd/hub/session/fccb39cd-43b4-416c-ab58-ce9502f0ba05/context [39m[32m200[39m [90m2 ms - 22[39m
[35m[HTTP][39m [90m[39m
[35m[HTTP][39m [37m-->[39m [37mGET[39m [37m/wd/hub/session/fccb39cd-43b4-416c-ab58-ce9502f0ba05/contexts[39m
[35m[HTTP][39m [90m{}[39m
[35m[HTTP][39m [37m<-- GET /wd/hub/session/fccb39cd-43b4-416c-ab58-ce9502f0ba05/contexts [39m[32m200[39m [90m150 ms - 24[39m
[35m[HTTP][39m [90m[39m
[35m[HTTP][39m [37m-->[39m [37mPOST[39m [37m/wd/hub/session/fccb39cd-43b4-416c-ab58-ce9502f0ba05/context[39m
[35m[HTTP][39m [90m{"name":"NATIVE_APP"}[39m
[35m[HTTP][39m [37m<-- POST /wd/hub/session/fccb39cd-43b4-416c-ab58-ce9502f0ba05/context [39m[32m200[39m [90m2 ms - 14[39m
[35m[HTTP][39m [90m[39m
[35m[HTTP][39m [37m-->[39m [37mGET[39m [37m/wd/hub/session/fccb39cd-43b4-416c-ab58-ce9502f0ba05/window/rect[39m
[35m[HTTP][39m [90m{}[39m
[35m[HTTP][39m [37m<-- GET /wd/hub/session/fccb39cd-43b4-416c-ab58-ce9502f0ba05/window/rect [39m[32m200[39m [90m35 ms - 50[39m
[35m[HTTP][39m [90m[39m
[35m[HTTP][39m [37m-->[39m [37mPOST[39m [37m/wd/hub/session/fccb39cd-43b4-416c-ab58-ce9502f0ba05/execute/sync[39m
[35m[HTTP][39m [90m{"script":"mobile: viewportScreenshot","args":[]}[39m
[35m[AndroidDriver][39m Executing native command 'mobile: viewportScreenshot'
[35m[HTTP][39m [37m<-- POST /wd/hub/session/fccb39cd-43b4-416c-ab58-ce9502f0ba05/execute/sync [39m[32m200[39m [90m1520 ms - 293484[39m
[35m[HTTP][39m [90m[39m
[35m[HTTP][39m [37m-->[39m [37mPOST[39m [37m/wd/hub/session/fccb39cd-43b4-416c-ab58-ce9502f0ba05/context[39m
[35m[HTTP][39m [90m{"name":"NATIVE_APP"}[39m
[35m[HTTP][39m [37m<-- POST /wd/hub/session/fccb39cd-43b4-416c-ab58-ce9502f0ba05/context [39m[32m200[39m [90m2 ms - 14[39m
[35m[HTTP][39m [90m[39m
[35m[HTTP][39m [37m-->[39m [37mGET[39m [37m/wd/hub/session/fccb39cd-43b4-416c-ab58-ce9502f0ba05/context[39m
[35m[HTTP][39m [90m{}[39m
[35m[HTTP][39m [37m<-- GET /wd/hub/session/fccb39cd-43b4-416c-ab58-ce9502f0ba05/context [39m[32m200[39m [90m1 ms - 22[39m
[35m[HTTP][39m [90m[39m
[35m[HTTP][39m [37m-->[39m [37mGET[39m [37m/wd/hub/session/fccb39cd-43b4-416c-ab58-ce9502f0ba05/contexts[39m
[35m[HTTP][39m [90m{}[39m
[35m[HTTP][39m [37m<-- GET /wd/hub/session/fccb39cd-43b4-416c-ab58-ce9502f0ba05/contexts [39m[32m200[39m [90m117 ms - 24[39m
[35m[HTTP][39m [90m[39m
[35m[HTTP][39m [37m-->[39m [37mPOST[39m [37m/wd/hub/session/fccb39cd-43b4-416c-ab58-ce9502f0ba05/context[39m
[35m[HTTP][39m [90m{"name":"NATIVE_APP"}[39m
[35m[HTTP][39m [37m<-- POST /wd/hub/session/fccb39cd-43b4-416c-ab58-ce9502f0ba05/context [39m[32m200[39m [90m1 ms - 14[39m
[35m[HTTP][39m [90m[39m
[35m[HTTP][39m [37m-->[39m [37mPOST[39m [37m/wd/hub/session/fccb39cd-43b4-416c-ab58-ce9502f0ba05/appium/device/press_keycode[39m
[35m[HTTP][39m [90m{"keycode":4}[39m
[35m[HTTP][39m [37m<-- POST /wd/hub/session/fccb39cd-43b4-416c-ab58-ce9502f0ba05/appium/device/press_keycode [39m[32m200[39m [90m1199 ms - 14[39m
[35m[HTTP][39m [90m[39m
[35m[HTTP][39m [37m-->[39m [37mPOST[39m [37m/wd/hub/session/fccb39cd-43b4-416c-ab58-ce9502f0ba05/context[39m
[35m[HTTP][39m [90m{"name":"NATIVE_APP"}[39m
[35m[HTTP][39m [37m<-- POST /wd/hub/session/fccb39cd-43b4-416c-ab58-ce9502f0ba05/context [39m[32m200[39m [90m2 ms - 14[39m
[35m[HTTP][39m [90m[39m
[35m[HTTP][39m [37m-->[39m [37mGET[39m [37m/wd/hub/session/fccb39cd-43b4-416c-ab58-ce9502f0ba05/context[39m
[35m[HTTP][39m [90m{}[39m
[35m[HTTP][39m [37m<-- GET /wd/hub/session/fccb39cd-43b4-416c-ab58-ce9502f0ba05/context [39m[32m200[39m [90m3 ms - 22[39m
[35m[HTTP][39m [90m[39m
[35m[HTTP][39m [37m-->[39m [37mGET[39m [37m/wd/hub/session/fccb39cd-43b4-416c-ab58-ce9502f0ba05/contexts[39m
[35m[HTTP][39m [90m{}[39m
[35m[HTTP][39m [37m<-- GET /wd/hub/session/fccb39cd-43b4-416c-ab58-ce9502f0ba05/contexts [39m[32m200[39m [90m125 ms - 24[39m
[35m[HTTP][39m [90m[39m
[35m[HTTP][39m [37m-->[39m [37mPOST[39m [37m/wd/hub/session/fccb39cd-43b4-416c-ab58-ce9502f0ba05/context[39m
[35m[HTTP][39m [90m{"name":"NATIVE_APP"}[39m
[35m[HTTP][39m [37m<-- POST /wd/hub/session/fccb39cd-43b4-416c-ab58-ce9502f0ba05/context [39m[32m200[39m [90m2 ms - 14[39m
[35m[HTTP][39m [90m[39m
[35m[HTTP][39m [37m-->[39m [37mPOST[39m [37m/wd/hub/session/fccb39cd-43b4-416c-ab58-ce9502f0ba05/appium/device/press_keycode[39m
[35m[HTTP][39m [90m{"keycode":4}[39m
[35m[HTTP][39m [37m<-- POST /wd/hub/session/fccb39cd-43b4-416c-ab58-ce9502f0ba05/appium/device/press_keycode [39m[32m200[39m [90m1055 ms - 14[39m
[35m[HTTP][39m [90m[39m
[35m[HTTP][39m [37m-->[39m [37mPOST[39m [37m/wd/hub/session/fccb39cd-43b4-416c-ab58-ce9502f0ba05/context[39m
[35m[HTTP][39m [90m{"name":"NATIVE_APP"}[39m
[35m[HTTP][39m [37m<-- POST /wd/hub/session/fccb39cd-43b4-416c-ab58-ce9502f0ba05/context [39m[32m200[39m [90m3 ms - 14[39m
[35m[HTTP][39m [90m[39m
[35m[HTTP][39m [37m-->[39m [37mGET[39m [37m/wd/hub/session/fccb39cd-43b4-416c-ab58-ce9502f0ba05/window/rect[39m
[35m[HTTP][39m [90m{}[39m
[35m[HTTP][39m [37m<-- GET /wd/hub/session/fccb39cd-43b4-416c-ab58-ce9502f0ba05/window/rect [39m[32m200[39m [90m68 ms - 50[39m
[35m[HTTP][39m [90m[39m
[35m[HTTP][39m [37m-->[39m [37mPOST[39m [37m/wd/hub/session/fccb39cd-43b4-416c-ab58-ce9502f0ba05/elements[39m
[35m[HTTP][39m [90m{"using":"xpath","value":"//*[@resource-id = 'com.vq.mbrochuregp.client.android:id/iv_home_profil_icon' and @package = 'com.vq.mbrochuregp.client.android']"}[39m
[35m[HTTP][39m [37m<-- POST /wd/hub/session/fccb39cd-43b4-416c-ab58-ce9502f0ba05/elements [39m[32m200[39m [90m2605 ms - 139[39m
[35m[HTTP][39m [90m[39m
[35m[HTTP][39m [37m-->[39m [37mGET[39m [37m/wd/hub/session/fccb39cd-43b4-416c-ab58-ce9502f0ba05/element/00000000-0000-028d-ffff-ffff00006617/location[39m
[35m[HTTP][39m [90m{}[39m
[35m[W3C (fccb39cd)][39m Driver proxy active, passing request on via HTTP proxy
[35m[WD Proxy][39m Replacing sessionId 15046089-361b-4f5d-b9ab-2f4465eca7fa with fccb39cd-43b4-416c-ab58-ce9502f0ba05
[35m[HTTP][39m [37m<-- GET /wd/hub/session/fccb39cd-43b4-416c-ab58-ce9502f0ba05/element/00000000-0000-028d-ffff-ffff00006617/location [39m[32m200[39m [90m362 ms - 79[39m
[35m[HTTP][39m [90m[39m
[35m[HTTP][39m [37m-->[39m [37mPOST[39m [37m/wd/hub/session/fccb39cd-43b4-416c-ab58-ce9502f0ba05/element/00000000-0000-028d-ffff-ffff00006617/click[39m
[35m[HTTP][39m [90m{"id":"00000000-0000-028d-ffff-ffff00006617"}[39m
[35m[HTTP][39m [37m<-- POST /wd/hub/session/fccb39cd-43b4-416c-ab58-ce9502f0ba05/element/00000000-0000-028d-ffff-ffff00006617/click [39m[32m200[39m [90m1730 ms - 14[39m
[35m[HTTP][39m [90m[39m
[35m[HTTP][39m [37m-->[39m [37mDELETE[39m [37m/wd/hub/session/fccb39cd-43b4-416c-ab58-ce9502f0ba05[39m
[35m[HTTP][39m [90m{}[39m
[35m[Appium][39m Removing session fccb39cd-43b4-416c-ab58-ce9502f0ba05 from our master session list
[35m[UiAutomator2][39m Restoring hidden api policy to the device default configuration
[35m[HTTP][39m [37m<-- DELETE /wd/hub/session/fccb39cd-43b4-416c-ab58-ce9502f0ba05 [39m[32m200[39m [90m603 ms - 14[39m
[35m[HTTP][39m [90m[39m
