[35m[Appium][39m Welcome to Appium v1.22.2
[35m[Appium][39m Non-default server args:
[35m[Appium][39m   port: 59683
[35m[Appium][39m   loglevel: info
[35m[Appium][39m   tmpDir: C:\Users\NIAYUS~1\AppData\Local\Temp\\Katalon\Appium\Temp1656387022228
[35m[Appium][39m   chromedriverPort: 59684
[35m[Appium][39m Deprecated server args:
[35m[Appium][39m   [31m--chromedriver-port[39m => --default-capabilities
[35m[Appium][39m Default capabilities, which will be added to each request unless overridden by desired capabilities:
[35m[Appium][39m   chromedriverPort: 59684
[35m[Appium][39m Appium REST http interface listener started on 0.0.0.0:59683
[35m[HTTP][39m [37m-->[39m [37mGET[39m [37m/wd/hub/status[39m
[35m[HTTP][39m [90m{}[39m
[35m[HTTP][39m [37m<-- GET /wd/hub/status [39m[32m200[39m [90m9 ms - 68[39m
[35m[HTTP][39m [90m[39m
[35m[HTTP][39m [37m-->[39m [37mPOST[39m [37m/wd/hub/session[39m
[35m[HTTP][39m [90m{"desiredCapabilities":{"appActivity":".Settings","appPackage":"com.android.settings","newCommandTimeout":1800,"platformVersion":"11","automationName":"uiautomator2","autoGrantPermissions":true,"platformName":"Android","udid":"RR8N605F11Y","deviceName":"samsung SM-M315F (Android 11)","platform":"ANDROID","systemPort":8287},"capabilities":{"firstMatch":[{"appium:appActivity":".Settings","appium:appPackage":"com.android.settings","appium:autoGrantPermissions":true,"appium:automationName":"uiautomator2","appium:deviceName":"samsung SM-M315F (Android 11)","appium:newCommandTimeout":1800,"platform":"ANDROID","platformName":"android","appium:platformVersion":"11","appium:systemPort":8287,"appium:udid":"RR8N605F11Y"}]}}[39m
[35m[BaseDriver][39m The following capabilities are not standard capabilities and should have an extension prefix:
[35m[BaseDriver][39m   platform
[35m[BaseDriver][39m   chromedriverPort
[35m[Appium][39m Appium v1.22.2 creating new AndroidUiautomator2Driver (v1.70.1) session
[35m[BaseDriver][39m The following capabilities were provided, but are not recognized by Appium:
[35m[BaseDriver][39m   platform
[35m[BaseDriver][39m Session created with session id: 57cb3aa1-2cbb-4ff2-85e3-6618cae6dd0c
[35m[UiAutomator2][39m Starting 'com.android.settings' directly on the device
[35m[ADB][39m Cannot sort build-tools folders ["29.0.3","android-8.1.0"] by semantic version names.
[35m[ADB][39m Falling back to sorting by modification date. Original error: Invalid Version: android-8.1.0
[35m[ADB][39m Found 2 'build-tools' folders under 'C:\Users\Nia Yusniati\.katalon\tools\android_sdk' (newest first):
[35m[ADB][39m     C:/Users/Nia Yusniati/.katalon/tools/android_sdk/build-tools/29.0.3
[35m[ADB][39m     C:/Users/Nia Yusniati/.katalon/tools/android_sdk/build-tools/android-8.1.0
[35m[ADB][39m Using 'adb.exe' from 'C:\Users\Nia Yusniati\.katalon\tools\android_sdk\platform-tools\adb.exe'
[35m[AndroidDriver][39m Retrieving device list
[35m[AndroidDriver][39m Using device: RR8N605F11Y
[35m[ADB][39m Using 'adb.exe' from 'C:\Users\Nia Yusniati\.katalon\tools\android_sdk\platform-tools\adb.exe'
[35m[ADB][39m Getting device platform version
[35m[UiAutomator2][39m Relaxing hidden api policy
[35m[AndroidDriver][39m No app sent in, not parsing package/activity
[35m[ADB][39m Using 'apksigner.jar' from 'C:\Users\Nia Yusniati\.katalon\tools\android_sdk\build-tools\29.0.3\lib\apksigner.jar'
[35m[ADB][39m 'C:\Users\Nia Yusniati\AppData\Roaming\npm\node_modules\appium\node_modules\appium-uiautomator2-server\apks\appium-uiautomator2-server-v4.27.0.apk' is signed with the default certificate
[35m[ADB][39m 'C:\Users\Nia Yusniati\AppData\Roaming\npm\node_modules\appium\node_modules\appium-uiautomator2-server\apks\appium-uiautomator2-server-debug-androidTest.apk' is signed with the default certificate
[35m[UiAutomator2][39m Server packages are not going to be (re)installed
[35m[ADB][39m Adding packages ["io.appium.settings","io.appium.uiautomator2.server","io.appium.uiautomator2.server.test"] to Doze whitelist
[35m[UiAutomator2][39m Starting UIAutomator2 server 4.27.0
[35m[UiAutomator2][39m Using UIAutomator2 server from 'C:\Users\Nia Yusniati\AppData\Roaming\npm\node_modules\appium\node_modules\appium-uiautomator2-server\apks\appium-uiautomator2-server-v4.27.0.apk' and test from 'C:\Users\Nia Yusniati\AppData\Roaming\npm\node_modules\appium\node_modules\appium-uiautomator2-server\apks\appium-uiautomator2-server-debug-androidTest.apk'
[35m[UiAutomator2][39m Waiting up to 30000ms for UiAutomator2 to be online...
[35m[WD Proxy][39m socket hang up
[35m[WD Proxy][39m socket hang up
[35m[WD Proxy][39m socket hang up
[35m[WD Proxy][39m Determined the downstream protocol as 'W3C'
[35m[AndroidDriver][39m Screen already unlocked, doing nothing
[35m[UiAutomator2][39m Starting 'com.android.settings/.Settings and waiting for 'com.android.settings/.Settings'
[35m[Appium][39m New AndroidUiautomator2Driver session created successfully, session 57cb3aa1-2cbb-4ff2-85e3-6618cae6dd0c added to master session list
[35m[HTTP][39m [37m<-- POST /wd/hub/session [39m[32m200[39m [90m10395 ms - 1158[39m
[35m[HTTP][39m [90m[39m
[35m[HTTP][39m [37m-->[39m [37mGET[39m [37m/wd/hub/session/57cb3aa1-2cbb-4ff2-85e3-6618cae6dd0c[39m
[35m[HTTP][39m [90m{}[39m
[35m[HTTP][39m [37m<-- GET /wd/hub/session/57cb3aa1-2cbb-4ff2-85e3-6618cae6dd0c [39m[32m200[39m [90m14 ms - 1112[39m
[35m[HTTP][39m [90m[39m
[35m[HTTP][39m [37m-->[39m [37mGET[39m [37m/wd/hub/session/57cb3aa1-2cbb-4ff2-85e3-6618cae6dd0c[39m
[35m[HTTP][39m [90m{}[39m
[35m[HTTP][39m [37m<-- GET /wd/hub/session/57cb3aa1-2cbb-4ff2-85e3-6618cae6dd0c [39m[32m200[39m [90m13 ms - 1112[39m
[35m[HTTP][39m [90m[39m
[35m[HTTP][39m [37m-->[39m [37mGET[39m [37m/wd/hub/status[39m
[35m[HTTP][39m [90m{}[39m
[35m[HTTP][39m [37m<-- GET /wd/hub/status [39m[32m200[39m [90m1 ms - 68[39m
[35m[HTTP][39m [90m[39m
[35m[HTTP][39m [37m-->[39m [37mPOST[39m [37m/wd/hub/session/57cb3aa1-2cbb-4ff2-85e3-6618cae6dd0c/timeouts[39m
[35m[HTTP][39m [90m{"implicit":30000}[39m
[35m[HTTP][39m [37m<-- POST /wd/hub/session/57cb3aa1-2cbb-4ff2-85e3-6618cae6dd0c/timeouts [39m[32m200[39m [90m4 ms - 14[39m
[35m[HTTP][39m [90m[39m
[35m[HTTP][39m [37m-->[39m [37mGET[39m [37m/wd/hub/session/57cb3aa1-2cbb-4ff2-85e3-6618cae6dd0c/screenshot[39m
[35m[HTTP][39m [90m{}[39m
[35m[HTTP][39m [37m<-- GET /wd/hub/session/57cb3aa1-2cbb-4ff2-85e3-6618cae6dd0c/screenshot [39m[32m200[39m [90m522 ms - 220038[39m
[35m[HTTP][39m [90m[39m
[35m[HTTP][39m [37m-->[39m [37mGET[39m [37m/wd/hub/session/57cb3aa1-2cbb-4ff2-85e3-6618cae6dd0c/window/rect[39m
[35m[HTTP][39m [90m{}[39m
[35m[HTTP][39m [37m<-- GET /wd/hub/session/57cb3aa1-2cbb-4ff2-85e3-6618cae6dd0c/window/rect [39m[32m200[39m [90m26 ms - 50[39m
[35m[HTTP][39m [90m[39m
[35m[HTTP][39m [37m-->[39m [37mGET[39m [37m/wd/hub/session/57cb3aa1-2cbb-4ff2-85e3-6618cae6dd0c/appium/device/system_bars[39m
[35m[HTTP][39m [90m{}[39m
[35m[HTTP][39m [37m<-- GET /wd/hub/session/57cb3aa1-2cbb-4ff2-85e3-6618cae6dd0c/appium/device/system_bars [39m[32m200[39m [90m148 ms - 148[39m
[35m[HTTP][39m [90m[39m
[35m[HTTP][39m [37m-->[39m [37mPOST[39m [37m/wd/hub/session/57cb3aa1-2cbb-4ff2-85e3-6618cae6dd0c/appium/device/activate_app[39m
[35m[HTTP][39m [90m{"bundleId":"com.vq.mbrochuregp.client.android"}[39m
[35m[HTTP][39m [37m<-- POST /wd/hub/session/57cb3aa1-2cbb-4ff2-85e3-6618cae6dd0c/appium/device/activate_app [39m[32m200[39m [90m673 ms - 14[39m
[35m[HTTP][39m [90m[39m
[35m[HTTP][39m [37m-->[39m [37mGET[39m [37m/wd/hub/session/57cb3aa1-2cbb-4ff2-85e3-6618cae6dd0c/window/rect[39m
[35m[HTTP][39m [90m{}[39m
[35m[HTTP][39m [37m<-- GET /wd/hub/session/57cb3aa1-2cbb-4ff2-85e3-6618cae6dd0c/window/rect [39m[32m200[39m [90m18 ms - 50[39m
[35m[HTTP][39m [90m[39m
[35m[HTTP][39m [37m-->[39m [37mPOST[39m [37m/wd/hub/session/57cb3aa1-2cbb-4ff2-85e3-6618cae6dd0c/elements[39m
[35m[HTTP][39m [90m{"using":"xpath","value":"//*[@resource-id = 'com.vq.mbrochuregp.client.android:id/iv_home_profil_icon' and @package = 'com.vq.mbrochuregp.client.android']"}[39m
[35m[HTTP][39m [37m<-- POST /wd/hub/session/57cb3aa1-2cbb-4ff2-85e3-6618cae6dd0c/elements [39m[32m200[39m [90m1459 ms - 139[39m
[35m[HTTP][39m [90m[39m
[35m[HTTP][39m [37m-->[39m [37mGET[39m [37m/wd/hub/session/57cb3aa1-2cbb-4ff2-85e3-6618cae6dd0c/element/00000000-0000-0581-ffff-ffff00002d1d/location[39m
[35m[HTTP][39m [90m{}[39m
[35m[W3C (57cb3aa1)][39m Driver proxy active, passing request on via HTTP proxy
[35m[WD Proxy][39m Replacing sessionId ad031373-0aea-42e0-94d9-e4252148c92b with 57cb3aa1-2cbb-4ff2-85e3-6618cae6dd0c
[35m[HTTP][39m [37m<-- GET /wd/hub/session/57cb3aa1-2cbb-4ff2-85e3-6618cae6dd0c/element/00000000-0000-0581-ffff-ffff00002d1d/location [39m[32m200[39m [90m32 ms - 79[39m
[35m[HTTP][39m [90m[39m
[35m[HTTP][39m [37m-->[39m [37mPOST[39m [37m/wd/hub/session/57cb3aa1-2cbb-4ff2-85e3-6618cae6dd0c/element/00000000-0000-0581-ffff-ffff00002d1d/click[39m
[35m[HTTP][39m [90m{"id":"00000000-0000-0581-ffff-ffff00002d1d"}[39m
[35m[HTTP][39m [37m<-- POST /wd/hub/session/57cb3aa1-2cbb-4ff2-85e3-6618cae6dd0c/element/00000000-0000-0581-ffff-ffff00002d1d/click [39m[32m200[39m [90m97 ms - 14[39m
[35m[HTTP][39m [90m[39m
[35m[HTTP][39m [37m-->[39m [37mPOST[39m [37m/wd/hub/session/57cb3aa1-2cbb-4ff2-85e3-6618cae6dd0c/timeouts[39m
[35m[HTTP][39m [90m{"implicit":50}[39m
[35m[HTTP][39m [37m<-- POST /wd/hub/session/57cb3aa1-2cbb-4ff2-85e3-6618cae6dd0c/timeouts [39m[32m200[39m [90m4 ms - 14[39m
[35m[HTTP][39m [90m[39m
[35m[HTTP][39m [37m-->[39m [37mGET[39m [37m/wd/hub/session/57cb3aa1-2cbb-4ff2-85e3-6618cae6dd0c/window/rect[39m
[35m[HTTP][39m [90m{}[39m
[35m[HTTP][39m [37m<-- GET /wd/hub/session/57cb3aa1-2cbb-4ff2-85e3-6618cae6dd0c/window/rect [39m[32m200[39m [90m25 ms - 50[39m
[35m[HTTP][39m [90m[39m
[35m[HTTP][39m [37m-->[39m [37mPOST[39m [37m/wd/hub/session/57cb3aa1-2cbb-4ff2-85e3-6618cae6dd0c/elements[39m
[35m[HTTP][39m [90m{"using":"xpath","value":"//hierarchy/android.widget.FrameLayout[1]/android.widget.LinearLayout[1]/android.widget.FrameLayout[1]/android.widget.LinearLayout[1]/android.widget.FrameLayout[1]/android.view.ViewGroup[1]/android.widget.ScrollView[1]/android.widget.LinearLayout[1]/android.view.ViewGroup[1]/android.widget.LinearLayout[1]/android.widget.FrameLayout[1]/android.widget.EditText[1]"}[39m
[35m[HTTP][39m [37m<-- POST /wd/hub/session/57cb3aa1-2cbb-4ff2-85e3-6618cae6dd0c/elements [39m[32m200[39m [90m1762 ms - 139[39m
[35m[HTTP][39m [90m[39m
[35m[HTTP][39m [37m-->[39m [37mGET[39m [37m/wd/hub/session/57cb3aa1-2cbb-4ff2-85e3-6618cae6dd0c/element/00000000-0000-058d-ffff-ffff00002d4d/location[39m
[35m[HTTP][39m [90m{}[39m
[35m[W3C (57cb3aa1)][39m Driver proxy active, passing request on via HTTP proxy
[35m[WD Proxy][39m Replacing sessionId ad031373-0aea-42e0-94d9-e4252148c92b with 57cb3aa1-2cbb-4ff2-85e3-6618cae6dd0c
[35m[HTTP][39m [37m<-- GET /wd/hub/session/57cb3aa1-2cbb-4ff2-85e3-6618cae6dd0c/element/00000000-0000-058d-ffff-ffff00002d4d/location [39m[32m200[39m [90m47 ms - 77[39m
[35m[HTTP][39m [90m[39m
[35m[HTTP][39m [37m-->[39m [37mPOST[39m [37m/wd/hub/session/57cb3aa1-2cbb-4ff2-85e3-6618cae6dd0c/timeouts[39m
[35m[HTTP][39m [90m{"implicit":30000}[39m
[35m[HTTP][39m [37m<-- POST /wd/hub/session/57cb3aa1-2cbb-4ff2-85e3-6618cae6dd0c/timeouts [39m[32m200[39m [90m1 ms - 14[39m
[35m[HTTP][39m [90m[39m
[35m[HTTP][39m [37m-->[39m [37mPOST[39m [37m/wd/hub/session/57cb3aa1-2cbb-4ff2-85e3-6618cae6dd0c/element/00000000-0000-058d-ffff-ffff00002d4d/clear[39m
[35m[HTTP][39m [90m{"id":"00000000-0000-058d-ffff-ffff00002d4d"}[39m
[35m[HTTP][39m [37m<-- POST /wd/hub/session/57cb3aa1-2cbb-4ff2-85e3-6618cae6dd0c/element/00000000-0000-058d-ffff-ffff00002d4d/clear [39m[32m200[39m [90m71 ms - 14[39m
[35m[HTTP][39m [90m[39m
[35m[HTTP][39m [37m-->[39m [37mPOST[39m [37m/wd/hub/session/57cb3aa1-2cbb-4ff2-85e3-6618cae6dd0c/element/00000000-0000-058d-ffff-ffff00002d4d/value[39m
[35m[HTTP][39m [90m{"id":"00000000-0000-058d-ffff-ffff00002d4d","text":"fikar@mailinator.com","value":["f","i","k","a","r","@","m","a","i","l","i","n","a","t","o","r",".","c","o","m"]}[39m
[35m[HTTP][39m [37m<-- POST /wd/hub/session/57cb3aa1-2cbb-4ff2-85e3-6618cae6dd0c/element/00000000-0000-058d-ffff-ffff00002d4d/value [39m[32m200[39m [90m574 ms - 14[39m
[35m[HTTP][39m [90m[39m
[35m[HTTP][39m [37m-->[39m [37mPOST[39m [37m/wd/hub/session/57cb3aa1-2cbb-4ff2-85e3-6618cae6dd0c/timeouts[39m
[35m[HTTP][39m [90m{"implicit":50}[39m
[35m[HTTP][39m [37m<-- POST /wd/hub/session/57cb3aa1-2cbb-4ff2-85e3-6618cae6dd0c/timeouts [39m[32m200[39m [90m2 ms - 14[39m
[35m[HTTP][39m [90m[39m
[35m[HTTP][39m [37m-->[39m [37mGET[39m [37m/wd/hub/session/57cb3aa1-2cbb-4ff2-85e3-6618cae6dd0c/window/rect[39m
[35m[HTTP][39m [90m{}[39m
[35m[HTTP][39m [37m<-- GET /wd/hub/session/57cb3aa1-2cbb-4ff2-85e3-6618cae6dd0c/window/rect [39m[32m200[39m [90m43 ms - 50[39m
[35m[HTTP][39m [90m[39m
[35m[HTTP][39m [37m-->[39m [37mPOST[39m [37m/wd/hub/session/57cb3aa1-2cbb-4ff2-85e3-6618cae6dd0c/elements[39m
[35m[HTTP][39m [90m{"using":"xpath","value":"//hierarchy/android.widget.FrameLayout[1]/android.widget.LinearLayout[1]/android.widget.FrameLayout[1]/android.widget.LinearLayout[1]/android.widget.FrameLayout[1]/android.view.ViewGroup[1]/android.widget.ScrollView[1]/android.widget.LinearLayout[1]/android.view.ViewGroup[1]/android.widget.LinearLayout[2]/android.widget.FrameLayout[1]/android.widget.EditText[1]"}[39m
[35m[HTTP][39m [37m<-- POST /wd/hub/session/57cb3aa1-2cbb-4ff2-85e3-6618cae6dd0c/elements [39m[32m200[39m [90m458 ms - 139[39m
[35m[HTTP][39m [90m[39m
[35m[HTTP][39m [37m-->[39m [37mGET[39m [37m/wd/hub/session/57cb3aa1-2cbb-4ff2-85e3-6618cae6dd0c/element/00000000-0000-058d-ffff-ffff00002d51/location[39m
[35m[HTTP][39m [90m{}[39m
[35m[W3C (57cb3aa1)][39m Driver proxy active, passing request on via HTTP proxy
[35m[WD Proxy][39m Replacing sessionId ad031373-0aea-42e0-94d9-e4252148c92b with 57cb3aa1-2cbb-4ff2-85e3-6618cae6dd0c
[35m[HTTP][39m [37m<-- GET /wd/hub/session/57cb3aa1-2cbb-4ff2-85e3-6618cae6dd0c/element/00000000-0000-058d-ffff-ffff00002d51/location [39m[32m200[39m [90m37 ms - 78[39m
[35m[HTTP][39m [90m[39m
[35m[HTTP][39m [37m-->[39m [37mPOST[39m [37m/wd/hub/session/57cb3aa1-2cbb-4ff2-85e3-6618cae6dd0c/timeouts[39m
[35m[HTTP][39m [90m{"implicit":30000}[39m
[35m[HTTP][39m [37m<-- POST /wd/hub/session/57cb3aa1-2cbb-4ff2-85e3-6618cae6dd0c/timeouts [39m[32m200[39m [90m1 ms - 14[39m
[35m[HTTP][39m [90m[39m
[35m[HTTP][39m [37m-->[39m [37mPOST[39m [37m/wd/hub/session/57cb3aa1-2cbb-4ff2-85e3-6618cae6dd0c/element/00000000-0000-058d-ffff-ffff00002d51/clear[39m
[35m[HTTP][39m [90m{"id":"00000000-0000-058d-ffff-ffff00002d51"}[39m
[35m[HTTP][39m [37m<-- POST /wd/hub/session/57cb3aa1-2cbb-4ff2-85e3-6618cae6dd0c/element/00000000-0000-058d-ffff-ffff00002d51/clear [39m[32m200[39m [90m53 ms - 14[39m
[35m[HTTP][39m [90m[39m
[35m[HTTP][39m [37m-->[39m [37mPOST[39m [37m/wd/hub/session/57cb3aa1-2cbb-4ff2-85e3-6618cae6dd0c/element/00000000-0000-058d-ffff-ffff00002d51/value[39m
[35m[HTTP][39m [90m{"id":"00000000-0000-058d-ffff-ffff00002d51","text":"123abc","value":["1","2","3","a","b","c"]}[39m
[35m[HTTP][39m [37m<-- POST /wd/hub/session/57cb3aa1-2cbb-4ff2-85e3-6618cae6dd0c/element/00000000-0000-058d-ffff-ffff00002d51/value [39m[32m200[39m [90m600 ms - 14[39m
[35m[HTTP][39m [90m[39m
[35m[HTTP][39m [37m-->[39m [37mGET[39m [37m/wd/hub/session/57cb3aa1-2cbb-4ff2-85e3-6618cae6dd0c/context[39m
[35m[HTTP][39m [90m{}[39m
[35m[HTTP][39m [37m<-- GET /wd/hub/session/57cb3aa1-2cbb-4ff2-85e3-6618cae6dd0c/context [39m[32m200[39m [90m1 ms - 22[39m
[35m[HTTP][39m [90m[39m
[35m[HTTP][39m [37m-->[39m [37mGET[39m [37m/wd/hub/session/57cb3aa1-2cbb-4ff2-85e3-6618cae6dd0c/contexts[39m
[35m[HTTP][39m [90m{}[39m
[35m[HTTP][39m [37m<-- GET /wd/hub/session/57cb3aa1-2cbb-4ff2-85e3-6618cae6dd0c/contexts [39m[32m200[39m [90m112 ms - 24[39m
[35m[HTTP][39m [90m[39m
[35m[HTTP][39m [37m-->[39m [37mPOST[39m [37m/wd/hub/session/57cb3aa1-2cbb-4ff2-85e3-6618cae6dd0c/context[39m
[35m[HTTP][39m [90m{"name":"NATIVE_APP"}[39m
[35m[HTTP][39m [37m<-- POST /wd/hub/session/57cb3aa1-2cbb-4ff2-85e3-6618cae6dd0c/context [39m[32m200[39m [90m2 ms - 14[39m
[35m[HTTP][39m [90m[39m
[35m[HTTP][39m [37m-->[39m [37mGET[39m [37m/wd/hub/session/57cb3aa1-2cbb-4ff2-85e3-6618cae6dd0c/window/rect[39m
[35m[HTTP][39m [90m{}[39m
[35m[HTTP][39m [37m<-- GET /wd/hub/session/57cb3aa1-2cbb-4ff2-85e3-6618cae6dd0c/window/rect [39m[32m200[39m [90m46 ms - 50[39m
[35m[HTTP][39m [90m[39m
[35m[HTTP][39m [37m-->[39m [37mPOST[39m [37m/wd/hub/session/57cb3aa1-2cbb-4ff2-85e3-6618cae6dd0c/execute/sync[39m
[35m[HTTP][39m [90m{"script":"mobile: viewportScreenshot","args":[]}[39m
[35m[AndroidDriver][39m Executing native command 'mobile: viewportScreenshot'
[35m[HTTP][39m [37m<-- POST /wd/hub/session/57cb3aa1-2cbb-4ff2-85e3-6618cae6dd0c/execute/sync [39m[32m200[39m [90m1337 ms - 153432[39m
[35m[HTTP][39m [90m[39m
[35m[HTTP][39m [37m-->[39m [37mPOST[39m [37m/wd/hub/session/57cb3aa1-2cbb-4ff2-85e3-6618cae6dd0c/context[39m
[35m[HTTP][39m [90m{"name":"NATIVE_APP"}[39m
[35m[HTTP][39m [37m<-- POST /wd/hub/session/57cb3aa1-2cbb-4ff2-85e3-6618cae6dd0c/context [39m[32m200[39m [90m2 ms - 14[39m
[35m[HTTP][39m [90m[39m
[35m[HTTP][39m [37m-->[39m [37mPOST[39m [37m/wd/hub/session/57cb3aa1-2cbb-4ff2-85e3-6618cae6dd0c/timeouts[39m
[35m[HTTP][39m [90m{"implicit":50}[39m
[35m[HTTP][39m [37m<-- POST /wd/hub/session/57cb3aa1-2cbb-4ff2-85e3-6618cae6dd0c/timeouts [39m[32m200[39m [90m1 ms - 14[39m
[35m[HTTP][39m [90m[39m
[35m[HTTP][39m [37m-->[39m [37mGET[39m [37m/wd/hub/session/57cb3aa1-2cbb-4ff2-85e3-6618cae6dd0c/window/rect[39m
[35m[HTTP][39m [90m{}[39m
[35m[HTTP][39m [37m<-- GET /wd/hub/session/57cb3aa1-2cbb-4ff2-85e3-6618cae6dd0c/window/rect [39m[32m200[39m [90m50 ms - 50[39m
[35m[HTTP][39m [90m[39m
[35m[HTTP][39m [37m-->[39m [37mPOST[39m [37m/wd/hub/session/57cb3aa1-2cbb-4ff2-85e3-6618cae6dd0c/elements[39m
[35m[HTTP][39m [90m{"using":"xpath","value":"//hierarchy/android.widget.FrameLayout[1]/android.widget.LinearLayout[1]/android.widget.FrameLayout[1]/android.widget.LinearLayout[1]/android.widget.FrameLayout[1]/android.view.ViewGroup[1]/android.widget.ScrollView[1]/android.widget.LinearLayout[1]/android.view.ViewGroup[1]/android.widget.Button[1]"}[39m
[35m[HTTP][39m [37m<-- POST /wd/hub/session/57cb3aa1-2cbb-4ff2-85e3-6618cae6dd0c/elements [39m[32m200[39m [90m236 ms - 139[39m
[35m[HTTP][39m [90m[39m
[35m[HTTP][39m [37m-->[39m [37mGET[39m [37m/wd/hub/session/57cb3aa1-2cbb-4ff2-85e3-6618cae6dd0c/element/00000000-0000-058d-ffff-ffff00002d54/location[39m
[35m[HTTP][39m [90m{}[39m
[35m[W3C (57cb3aa1)][39m Driver proxy active, passing request on via HTTP proxy
[35m[WD Proxy][39m Replacing sessionId ad031373-0aea-42e0-94d9-e4252148c92b with 57cb3aa1-2cbb-4ff2-85e3-6618cae6dd0c
[35m[HTTP][39m [37m<-- GET /wd/hub/session/57cb3aa1-2cbb-4ff2-85e3-6618cae6dd0c/element/00000000-0000-058d-ffff-ffff00002d54/location [39m[32m200[39m [90m45 ms - 78[39m
[35m[HTTP][39m [90m[39m
[35m[HTTP][39m [37m-->[39m [37mPOST[39m [37m/wd/hub/session/57cb3aa1-2cbb-4ff2-85e3-6618cae6dd0c/timeouts[39m
[35m[HTTP][39m [90m{"implicit":30000}[39m
[35m[HTTP][39m [37m<-- POST /wd/hub/session/57cb3aa1-2cbb-4ff2-85e3-6618cae6dd0c/timeouts [39m[32m200[39m [90m1 ms - 14[39m
[35m[HTTP][39m [90m[39m
[35m[HTTP][39m [37m-->[39m [37mPOST[39m [37m/wd/hub/session/57cb3aa1-2cbb-4ff2-85e3-6618cae6dd0c/touch/perform[39m
[35m[HTTP][39m [90m{"actions":[{"action":"tap","options":{"x":1,"y":1,"element":"00000000-0000-058d-ffff-ffff00002d54"}},{"action":"release","options":{}}]}[39m
[35m[UiAutomator2][39m calling get location: 00000000-0000-058d-ffff-ffff00002d54
[35m[HTTP][39m [37m<-- POST /wd/hub/session/57cb3aa1-2cbb-4ff2-85e3-6618cae6dd0c/touch/perform [39m[32m200[39m [90m285 ms - 14[39m
[35m[HTTP][39m [90m[39m
[35m[HTTP][39m [37m-->[39m [37mGET[39m [37m/wd/hub/session/57cb3aa1-2cbb-4ff2-85e3-6618cae6dd0c/window/rect[39m
[35m[HTTP][39m [90m{}[39m
[35m[HTTP][39m [37m<-- GET /wd/hub/session/57cb3aa1-2cbb-4ff2-85e3-6618cae6dd0c/window/rect [39m[32m200[39m [90m24 ms - 50[39m
[35m[HTTP][39m [90m[39m
[35m[HTTP][39m [37m-->[39m [37mPOST[39m [37m/wd/hub/session/57cb3aa1-2cbb-4ff2-85e3-6618cae6dd0c/elements[39m
[35m[HTTP][39m [90m{"using":"xpath","value":"//*[@resource-id = 'com.vq.mbrochuregp.client.android:id/iv_home_profil_icon' and @package = 'com.vq.mbrochuregp.client.android']"}[39m
[35m[HTTP][39m [37m<-- POST /wd/hub/session/57cb3aa1-2cbb-4ff2-85e3-6618cae6dd0c/elements [39m[32m200[39m [90m1113 ms - 139[39m
[35m[HTTP][39m [90m[39m
[35m[HTTP][39m [37m-->[39m [37mGET[39m [37m/wd/hub/session/57cb3aa1-2cbb-4ff2-85e3-6618cae6dd0c/element/00000000-0000-058f-ffff-ffff00002da4/location[39m
[35m[HTTP][39m [90m{}[39m
[35m[W3C (57cb3aa1)][39m Driver proxy active, passing request on via HTTP proxy
[35m[WD Proxy][39m Replacing sessionId ad031373-0aea-42e0-94d9-e4252148c92b with 57cb3aa1-2cbb-4ff2-85e3-6618cae6dd0c
[35m[HTTP][39m [37m<-- GET /wd/hub/session/57cb3aa1-2cbb-4ff2-85e3-6618cae6dd0c/element/00000000-0000-058f-ffff-ffff00002da4/location [39m[32m200[39m [90m32 ms - 79[39m
[35m[HTTP][39m [90m[39m
[35m[HTTP][39m [37m-->[39m [37mPOST[39m [37m/wd/hub/session/57cb3aa1-2cbb-4ff2-85e3-6618cae6dd0c/element/00000000-0000-058f-ffff-ffff00002da4/click[39m
[35m[HTTP][39m [90m{"id":"00000000-0000-058f-ffff-ffff00002da4"}[39m
[35m[HTTP][39m [37m<-- POST /wd/hub/session/57cb3aa1-2cbb-4ff2-85e3-6618cae6dd0c/element/00000000-0000-058f-ffff-ffff00002da4/click [39m[32m200[39m [90m104 ms - 14[39m
[35m[HTTP][39m [90m[39m
[35m[HTTP][39m [37m-->[39m [37mGET[39m [37m/wd/hub/session/57cb3aa1-2cbb-4ff2-85e3-6618cae6dd0c/context[39m
[35m[HTTP][39m [90m{}[39m
[35m[HTTP][39m [37m<-- GET /wd/hub/session/57cb3aa1-2cbb-4ff2-85e3-6618cae6dd0c/context [39m[32m200[39m [90m2 ms - 22[39m
[35m[HTTP][39m [90m[39m
[35m[HTTP][39m [37m-->[39m [37mGET[39m [37m/wd/hub/session/57cb3aa1-2cbb-4ff2-85e3-6618cae6dd0c/contexts[39m
[35m[HTTP][39m [90m{}[39m
[35m[HTTP][39m [37m<-- GET /wd/hub/session/57cb3aa1-2cbb-4ff2-85e3-6618cae6dd0c/contexts [39m[32m200[39m [90m111 ms - 24[39m
[35m[HTTP][39m [90m[39m
[35m[HTTP][39m [37m-->[39m [37mPOST[39m [37m/wd/hub/session/57cb3aa1-2cbb-4ff2-85e3-6618cae6dd0c/context[39m
[35m[HTTP][39m [90m{"name":"NATIVE_APP"}[39m
[35m[HTTP][39m [37m<-- POST /wd/hub/session/57cb3aa1-2cbb-4ff2-85e3-6618cae6dd0c/context [39m[32m200[39m [90m1 ms - 14[39m
[35m[HTTP][39m [90m[39m
[35m[HTTP][39m [37m-->[39m [37mGET[39m [37m/wd/hub/session/57cb3aa1-2cbb-4ff2-85e3-6618cae6dd0c/window/rect[39m
[35m[HTTP][39m [90m{}[39m
[35m[HTTP][39m [37m<-- GET /wd/hub/session/57cb3aa1-2cbb-4ff2-85e3-6618cae6dd0c/window/rect [39m[32m200[39m [90m35 ms - 50[39m
[35m[HTTP][39m [90m[39m
[35m[HTTP][39m [37m-->[39m [37mPOST[39m [37m/wd/hub/session/57cb3aa1-2cbb-4ff2-85e3-6618cae6dd0c/execute/sync[39m
[35m[HTTP][39m [90m{"script":"mobile: viewportScreenshot","args":[]}[39m
[35m[AndroidDriver][39m Executing native command 'mobile: viewportScreenshot'
[35m[HTTP][39m [37m<-- POST /wd/hub/session/57cb3aa1-2cbb-4ff2-85e3-6618cae6dd0c/execute/sync [39m[32m200[39m [90m1309 ms - 259316[39m
[35m[HTTP][39m [90m[39m
[35m[HTTP][39m [37m-->[39m [37mPOST[39m [37m/wd/hub/session/57cb3aa1-2cbb-4ff2-85e3-6618cae6dd0c/context[39m
[35m[HTTP][39m [90m{"name":"NATIVE_APP"}[39m
[35m[HTTP][39m [37m<-- POST /wd/hub/session/57cb3aa1-2cbb-4ff2-85e3-6618cae6dd0c/context [39m[32m200[39m [90m1 ms - 14[39m
[35m[HTTP][39m [90m[39m
[35m[HTTP][39m [37m-->[39m [37mGET[39m [37m/wd/hub/session/57cb3aa1-2cbb-4ff2-85e3-6618cae6dd0c/window/rect[39m
[35m[HTTP][39m [90m{}[39m
[35m[HTTP][39m [37m<-- GET /wd/hub/session/57cb3aa1-2cbb-4ff2-85e3-6618cae6dd0c/window/rect [39m[32m200[39m [90m46 ms - 50[39m
[35m[HTTP][39m [90m[39m
[35m[HTTP][39m [37m-->[39m [37mPOST[39m [37m/wd/hub/session/57cb3aa1-2cbb-4ff2-85e3-6618cae6dd0c/elements[39m
[35m[HTTP][39m [90m{"using":"xpath","value":"//*[@class = 'android.widget.ImageView' and @resource-id = 'com.vq.mbrochuregp.client.android:id/iv_home_icon' and (@text = '' or . = '')]"}[39m
[35m[HTTP][39m [37m<-- POST /wd/hub/session/57cb3aa1-2cbb-4ff2-85e3-6618cae6dd0c/elements [39m[32m200[39m [90m486 ms - 139[39m
[35m[HTTP][39m [90m[39m
[35m[HTTP][39m [37m-->[39m [37mGET[39m [37m/wd/hub/session/57cb3aa1-2cbb-4ff2-85e3-6618cae6dd0c/element/00000000-0000-0591-ffff-ffff00002dec/location[39m
[35m[HTTP][39m [90m{}[39m
[35m[W3C (57cb3aa1)][39m Driver proxy active, passing request on via HTTP proxy
[35m[WD Proxy][39m Replacing sessionId ad031373-0aea-42e0-94d9-e4252148c92b with 57cb3aa1-2cbb-4ff2-85e3-6618cae6dd0c
[35m[HTTP][39m [37m<-- GET /wd/hub/session/57cb3aa1-2cbb-4ff2-85e3-6618cae6dd0c/element/00000000-0000-0591-ffff-ffff00002dec/location [39m[32m200[39m [90m37 ms - 78[39m
[35m[HTTP][39m [90m[39m
[35m[HTTP][39m [37m-->[39m [37mPOST[39m [37m/wd/hub/session/57cb3aa1-2cbb-4ff2-85e3-6618cae6dd0c/element/00000000-0000-0591-ffff-ffff00002dec/click[39m
[35m[HTTP][39m [90m{"id":"00000000-0000-0591-ffff-ffff00002dec"}[39m
[35m[HTTP][39m [37m<-- POST /wd/hub/session/57cb3aa1-2cbb-4ff2-85e3-6618cae6dd0c/element/00000000-0000-0591-ffff-ffff00002dec/click [39m[32m200[39m [90m93 ms - 14[39m
[35m[HTTP][39m [90m[39m
[35m[HTTP][39m [37m-->[39m [37mGET[39m [37m/wd/hub/status[39m
[35m[HTTP][39m [90m{}[39m
[35m[HTTP][39m [37m<-- GET /wd/hub/status [39m[32m200[39m [90m1 ms - 68[39m
[35m[HTTP][39m [90m[39m
[35m[HTTP][39m [37m-->[39m [37mPOST[39m [37m/wd/hub/session[39m
[35m[HTTP][39m [90m{"desiredCapabilities":{"appActivity":".Settings","appPackage":"com.android.settings","newCommandTimeout":1800,"platformVersion":"11","automationName":"uiautomator2","autoGrantPermissions":true,"platformName":"Android","udid":"RR8N605F11Y","deviceName":"samsung SM-M315F (Android 11)","platform":"ANDROID","systemPort":8218},"capabilities":{"firstMatch":[{"appium:appActivity":".Settings","appium:appPackage":"com.android.settings","appium:autoGrantPermissions":true,"appium:automationName":"uiautomator2","appium:deviceName":"samsung SM-M315F (Android 11)","appium:newCommandTimeout":1800,"platform":"ANDROID","platformName":"android","appium:platformVersion":"11","appium:systemPort":8218,"appium:udid":"RR8N605F11Y"}]}}[39m
[35m[BaseDriver][39m The following capabilities are not standard capabilities and should have an extension prefix:
[35m[BaseDriver][39m   platform
[35m[BaseDriver][39m   chromedriverPort
[35m[Appium][39m Appium v1.22.2 creating new AndroidUiautomator2Driver (v1.70.1) session
[35m[BaseDriver][39m The following capabilities were provided, but are not recognized by Appium:
[35m[BaseDriver][39m   platform
[35m[BaseDriver][39m Session created with session id: 2aec28ce-ffab-47f6-9344-8cd6f3a41058
[35m[UiAutomator2][39m Starting 'com.android.settings' directly on the device
[35m[ADB][39m Using 'adb.exe' from 'C:\Users\Nia Yusniati\.katalon\tools\android_sdk\platform-tools\adb.exe'
[35m[AndroidDriver][39m Retrieving device list
[35m[AndroidDriver][39m Using device: RR8N605F11Y
[35m[ADB][39m Using 'adb.exe' from 'C:\Users\Nia Yusniati\.katalon\tools\android_sdk\platform-tools\adb.exe'
[35m[ADB][39m Getting device platform version
[35m[UiAutomator2][39m Relaxing hidden api policy
[35m[AndroidDriver][39m No app sent in, not parsing package/activity
[35m[UiAutomator2][39m Server packages are not going to be (re)installed
[35m[ADB][39m Adding packages ["io.appium.settings","io.appium.uiautomator2.server","io.appium.uiautomator2.server.test"] to Doze whitelist
[35m[UiAutomator2][39m Starting UIAutomator2 server 4.27.0
[35m[UiAutomator2][39m Using UIAutomator2 server from 'C:\Users\Nia Yusniati\AppData\Roaming\npm\node_modules\appium\node_modules\appium-uiautomator2-server\apks\appium-uiautomator2-server-v4.27.0.apk' and test from 'C:\Users\Nia Yusniati\AppData\Roaming\npm\node_modules\appium\node_modules\appium-uiautomator2-server\apks\appium-uiautomator2-server-debug-androidTest.apk'
[35m[UiAutomator2][39m Waiting up to 30000ms for UiAutomator2 to be online...
[35m[WD Proxy][39m socket hang up
[35m[WD Proxy][39m socket hang up
[35m[WD Proxy][39m socket hang up
[35m[WD Proxy][39m Determined the downstream protocol as 'W3C'
[35m[AndroidDriver][39m Screen already unlocked, doing nothing
[35m[UiAutomator2][39m Starting 'com.android.settings/.Settings and waiting for 'com.android.settings/.Settings'
[35m[Appium][39m New AndroidUiautomator2Driver session created successfully, session 2aec28ce-ffab-47f6-9344-8cd6f3a41058 added to master session list
[35m[HTTP][39m [37m<-- POST /wd/hub/session [39m[32m200[39m [90m8811 ms - 1158[39m
[35m[HTTP][39m [90m[39m
[35m[HTTP][39m [37m-->[39m [37mGET[39m [37m/wd/hub/session/2aec28ce-ffab-47f6-9344-8cd6f3a41058[39m
[35m[HTTP][39m [90m{}[39m
[35m[HTTP][39m [37m<-- GET /wd/hub/session/2aec28ce-ffab-47f6-9344-8cd6f3a41058 [39m[32m200[39m [90m18 ms - 1112[39m
[35m[HTTP][39m [90m[39m
[35m[HTTP][39m [37m-->[39m [37mGET[39m [37m/wd/hub/session/2aec28ce-ffab-47f6-9344-8cd6f3a41058[39m
[35m[HTTP][39m [90m{}[39m
[35m[HTTP][39m [37m<-- GET /wd/hub/session/2aec28ce-ffab-47f6-9344-8cd6f3a41058 [39m[32m200[39m [90m9 ms - 1112[39m
[35m[HTTP][39m [90m[39m
[35m[HTTP][39m [37m-->[39m [37mGET[39m [37m/wd/hub/status[39m
[35m[HTTP][39m [90m{}[39m
[35m[HTTP][39m [37m<-- GET /wd/hub/status [39m[32m200[39m [90m1 ms - 68[39m
[35m[HTTP][39m [90m[39m
[35m[HTTP][39m [37m-->[39m [37mPOST[39m [37m/wd/hub/session/2aec28ce-ffab-47f6-9344-8cd6f3a41058/timeouts[39m
[35m[HTTP][39m [90m{"implicit":30000}[39m
[35m[HTTP][39m [37m<-- POST /wd/hub/session/2aec28ce-ffab-47f6-9344-8cd6f3a41058/timeouts [39m[32m200[39m [90m1 ms - 14[39m
[35m[HTTP][39m [90m[39m
[35m[HTTP][39m [37m-->[39m [37mGET[39m [37m/wd/hub/session/2aec28ce-ffab-47f6-9344-8cd6f3a41058/screenshot[39m
[35m[HTTP][39m [90m{}[39m
[35m[HTTP][39m [37m<-- GET /wd/hub/session/2aec28ce-ffab-47f6-9344-8cd6f3a41058/screenshot [39m[32m200[39m [90m543 ms - 228388[39m
[35m[HTTP][39m [90m[39m
[35m[HTTP][39m [37m-->[39m [37mGET[39m [37m/wd/hub/session/2aec28ce-ffab-47f6-9344-8cd6f3a41058/window/rect[39m
[35m[HTTP][39m [90m{}[39m
[35m[HTTP][39m [37m<-- GET /wd/hub/session/2aec28ce-ffab-47f6-9344-8cd6f3a41058/window/rect [39m[32m200[39m [90m13 ms - 50[39m
[35m[HTTP][39m [90m[39m
[35m[HTTP][39m [37m-->[39m [37mGET[39m [37m/wd/hub/session/2aec28ce-ffab-47f6-9344-8cd6f3a41058/appium/device/system_bars[39m
[35m[HTTP][39m [90m{}[39m
[35m[HTTP][39m [37m<-- GET /wd/hub/session/2aec28ce-ffab-47f6-9344-8cd6f3a41058/appium/device/system_bars [39m[32m200[39m [90m94 ms - 148[39m
[35m[HTTP][39m [90m[39m
[35m[HTTP][39m [37m-->[39m [37mPOST[39m [37m/wd/hub/session/2aec28ce-ffab-47f6-9344-8cd6f3a41058/appium/device/activate_app[39m
[35m[HTTP][39m [90m{"bundleId":"com.vq.mbrochuregp.client.android"}[39m
[35m[HTTP][39m [37m<-- POST /wd/hub/session/2aec28ce-ffab-47f6-9344-8cd6f3a41058/appium/device/activate_app [39m[32m200[39m [90m543 ms - 14[39m
[35m[HTTP][39m [90m[39m
[35m[HTTP][39m [37m-->[39m [37mGET[39m [37m/wd/hub/session/2aec28ce-ffab-47f6-9344-8cd6f3a41058/context[39m
[35m[HTTP][39m [90m{}[39m
[35m[HTTP][39m [37m<-- GET /wd/hub/session/2aec28ce-ffab-47f6-9344-8cd6f3a41058/context [39m[32m200[39m [90m3 ms - 22[39m
[35m[HTTP][39m [90m[39m
[35m[HTTP][39m [37m-->[39m [37mGET[39m [37m/wd/hub/session/2aec28ce-ffab-47f6-9344-8cd6f3a41058/contexts[39m
[35m[HTTP][39m [90m{}[39m
[35m[HTTP][39m [37m<-- GET /wd/hub/session/2aec28ce-ffab-47f6-9344-8cd6f3a41058/contexts [39m[32m200[39m [90m112 ms - 24[39m
[35m[HTTP][39m [90m[39m
[35m[HTTP][39m [37m-->[39m [37mPOST[39m [37m/wd/hub/session/2aec28ce-ffab-47f6-9344-8cd6f3a41058/context[39m
[35m[HTTP][39m [90m{"name":"NATIVE_APP"}[39m
[35m[HTTP][39m [37m<-- POST /wd/hub/session/2aec28ce-ffab-47f6-9344-8cd6f3a41058/context [39m[32m200[39m [90m2 ms - 14[39m
[35m[HTTP][39m [90m[39m
[35m[HTTP][39m [37m-->[39m [37mPOST[39m [37m/wd/hub/session/2aec28ce-ffab-47f6-9344-8cd6f3a41058/appium/device/press_keycode[39m
[35m[HTTP][39m [90m{"keycode":4}[39m
[35m[HTTP][39m [37m<-- POST /wd/hub/session/2aec28ce-ffab-47f6-9344-8cd6f3a41058/appium/device/press_keycode [39m[32m200[39m [90m176 ms - 14[39m
[35m[HTTP][39m [90m[39m
[35m[HTTP][39m [37m-->[39m [37mPOST[39m [37m/wd/hub/session/2aec28ce-ffab-47f6-9344-8cd6f3a41058/context[39m
[35m[HTTP][39m [90m{"name":"NATIVE_APP"}[39m
[35m[HTTP][39m [37m<-- POST /wd/hub/session/2aec28ce-ffab-47f6-9344-8cd6f3a41058/context [39m[32m200[39m [90m2 ms - 14[39m
[35m[HTTP][39m [90m[39m
[35m[HTTP][39m [37m-->[39m [37mPOST[39m [37m/wd/hub/session/2aec28ce-ffab-47f6-9344-8cd6f3a41058/timeouts[39m
[35m[HTTP][39m [90m{"implicit":50}[39m
[35m[HTTP][39m [37m<-- POST /wd/hub/session/2aec28ce-ffab-47f6-9344-8cd6f3a41058/timeouts [39m[32m200[39m [90m2 ms - 14[39m
[35m[HTTP][39m [90m[39m
[35m[HTTP][39m [37m-->[39m [37mGET[39m [37m/wd/hub/session/2aec28ce-ffab-47f6-9344-8cd6f3a41058/window/rect[39m
[35m[HTTP][39m [90m{}[39m
[35m[HTTP][39m [37m<-- GET /wd/hub/session/2aec28ce-ffab-47f6-9344-8cd6f3a41058/window/rect [39m[32m200[39m [90m25 ms - 50[39m
[35m[HTTP][39m [90m[39m
[35m[HTTP][39m [37m-->[39m [37mPOST[39m [37m/wd/hub/session/2aec28ce-ffab-47f6-9344-8cd6f3a41058/elements[39m
[35m[HTTP][39m [90m{"using":"xpath","value":"//*[@class = 'android.widget.Button' and (@text = 'TIDAK' or . = 'TIDAK') and @resource-id = 'android:id/button2']"}[39m
[35m[HTTP][39m [37m<-- POST /wd/hub/session/2aec28ce-ffab-47f6-9344-8cd6f3a41058/elements [39m[32m200[39m [90m791 ms - 139[39m
[35m[HTTP][39m [90m[39m
[35m[HTTP][39m [37m-->[39m [37mGET[39m [37m/wd/hub/session/2aec28ce-ffab-47f6-9344-8cd6f3a41058/element/00000000-0000-05a1-ffff-ffff00002e99/location[39m
[35m[HTTP][39m [90m{}[39m
[35m[W3C (2aec28ce)][39m Driver proxy active, passing request on via HTTP proxy
[35m[WD Proxy][39m Replacing sessionId cf39f428-0755-4216-92b9-c2f1fd074619 with 2aec28ce-ffab-47f6-9344-8cd6f3a41058
[35m[HTTP][39m [37m<-- GET /wd/hub/session/2aec28ce-ffab-47f6-9344-8cd6f3a41058/element/00000000-0000-05a1-ffff-ffff00002e99/location [39m[32m200[39m [90m35 ms - 79[39m
[35m[HTTP][39m [90m[39m
[35m[HTTP][39m [37m-->[39m [37mPOST[39m [37m/wd/hub/session/2aec28ce-ffab-47f6-9344-8cd6f3a41058/timeouts[39m
[35m[HTTP][39m [90m{"implicit":30000}[39m
[35m[HTTP][39m [37m<-- POST /wd/hub/session/2aec28ce-ffab-47f6-9344-8cd6f3a41058/timeouts [39m[32m200[39m [90m2 ms - 14[39m
[35m[HTTP][39m [90m[39m
[35m[HTTP][39m [37m-->[39m [37mPOST[39m [37m/wd/hub/session/2aec28ce-ffab-47f6-9344-8cd6f3a41058/touch/perform[39m
[35m[HTTP][39m [90m{"actions":[{"action":"tap","options":{"x":1,"y":1,"element":"00000000-0000-05a1-ffff-ffff00002e99"}},{"action":"release","options":{}}]}[39m
[35m[UiAutomator2][39m calling get location: 00000000-0000-05a1-ffff-ffff00002e99
[35m[HTTP][39m [37m<-- POST /wd/hub/session/2aec28ce-ffab-47f6-9344-8cd6f3a41058/touch/perform [39m[32m200[39m [90m765 ms - 14[39m
[35m[HTTP][39m [90m[39m
[35m[HTTP][39m [37m-->[39m [37mPOST[39m [37m/wd/hub/session/2aec28ce-ffab-47f6-9344-8cd6f3a41058/timeouts[39m
[35m[HTTP][39m [90m{"implicit":50}[39m
[35m[HTTP][39m [37m<-- POST /wd/hub/session/2aec28ce-ffab-47f6-9344-8cd6f3a41058/timeouts [39m[32m200[39m [90m1 ms - 14[39m
[35m[HTTP][39m [90m[39m
[35m[HTTP][39m [37m-->[39m [37mGET[39m [37m/wd/hub/session/2aec28ce-ffab-47f6-9344-8cd6f3a41058/window/rect[39m
[35m[HTTP][39m [90m{}[39m
[35m[HTTP][39m [37m<-- GET /wd/hub/session/2aec28ce-ffab-47f6-9344-8cd6f3a41058/window/rect [39m[32m200[39m [90m43 ms - 50[39m
[35m[HTTP][39m [90m[39m
[35m[HTTP][39m [37m-->[39m [37mPOST[39m [37m/wd/hub/session/2aec28ce-ffab-47f6-9344-8cd6f3a41058/elements[39m
[35m[HTTP][39m [90m{"using":"xpath","value":"//hierarchy/android.widget.FrameLayout[1]/android.widget.LinearLayout[1]/android.widget.FrameLayout[1]/android.widget.LinearLayout[1]/android.widget.FrameLayout[1]/android.view.ViewGroup[1]/android.widget.ScrollView[1]/android.widget.LinearLayout[1]/android.view.ViewGroup[2]/android.widget.LinearLayout[1]/androidx.recyclerview.widget.RecyclerView[1]/android.widget.LinearLayout[8]/android.widget.ImageView[1]"}[39m
[35m[HTTP][39m [37m<-- POST /wd/hub/session/2aec28ce-ffab-47f6-9344-8cd6f3a41058/elements [39m[32m200[39m [90m491 ms - 139[39m
[35m[HTTP][39m [90m[39m
[35m[HTTP][39m [37m-->[39m [37mGET[39m [37m/wd/hub/session/2aec28ce-ffab-47f6-9344-8cd6f3a41058/element/00000000-0000-0595-ffff-ffff00002e7b/location[39m
[35m[HTTP][39m [90m{}[39m
[35m[W3C (2aec28ce)][39m Driver proxy active, passing request on via HTTP proxy
[35m[WD Proxy][39m Replacing sessionId cf39f428-0755-4216-92b9-c2f1fd074619 with 2aec28ce-ffab-47f6-9344-8cd6f3a41058
[35m[HTTP][39m [37m<-- GET /wd/hub/session/2aec28ce-ffab-47f6-9344-8cd6f3a41058/element/00000000-0000-0595-ffff-ffff00002e7b/location [39m[32m200[39m [90m40 ms - 79[39m
[35m[HTTP][39m [90m[39m
[35m[HTTP][39m [37m-->[39m [37mPOST[39m [37m/wd/hub/session/2aec28ce-ffab-47f6-9344-8cd6f3a41058/timeouts[39m
[35m[HTTP][39m [90m{"implicit":30000}[39m
[35m[HTTP][39m [37m<-- POST /wd/hub/session/2aec28ce-ffab-47f6-9344-8cd6f3a41058/timeouts [39m[32m200[39m [90m1 ms - 14[39m
[35m[HTTP][39m [90m[39m
[35m[HTTP][39m [37m-->[39m [37mPOST[39m [37m/wd/hub/session/2aec28ce-ffab-47f6-9344-8cd6f3a41058/touch/perform[39m
[35m[HTTP][39m [90m{"actions":[{"action":"tap","options":{"x":1,"y":1,"element":"00000000-0000-0595-ffff-ffff00002e7b"}},{"action":"release","options":{}}]}[39m
[35m[UiAutomator2][39m calling get location: 00000000-0000-0595-ffff-ffff00002e7b
[35m[HTTP][39m [37m<-- POST /wd/hub/session/2aec28ce-ffab-47f6-9344-8cd6f3a41058/touch/perform [39m[32m200[39m [90m252 ms - 14[39m
[35m[HTTP][39m [90m[39m
[35m[HTTP][39m [37m-->[39m [37mPOST[39m [37m/wd/hub/session/2aec28ce-ffab-47f6-9344-8cd6f3a41058/timeouts[39m
[35m[HTTP][39m [90m{"implicit":50}[39m
[35m[HTTP][39m [37m<-- POST /wd/hub/session/2aec28ce-ffab-47f6-9344-8cd6f3a41058/timeouts [39m[32m200[39m [90m1 ms - 14[39m
[35m[HTTP][39m [90m[39m
[35m[HTTP][39m [37m-->[39m [37mGET[39m [37m/wd/hub/session/2aec28ce-ffab-47f6-9344-8cd6f3a41058/window/rect[39m
[35m[HTTP][39m [90m{}[39m
[35m[HTTP][39m [37m<-- GET /wd/hub/session/2aec28ce-ffab-47f6-9344-8cd6f3a41058/window/rect [39m[32m200[39m [90m22 ms - 50[39m
[35m[HTTP][39m [90m[39m
[35m[HTTP][39m [37m-->[39m [37mPOST[39m [37m/wd/hub/session/2aec28ce-ffab-47f6-9344-8cd6f3a41058/elements[39m
[35m[HTTP][39m [90m{"using":"xpath","value":"//hierarchy/android.widget.FrameLayout[1]/android.widget.LinearLayout[1]/android.widget.FrameLayout[1]/android.widget.LinearLayout[1]/android.widget.FrameLayout[1]/android.view.ViewGroup[1]/android.widget.ScrollView[1]/android.widget.LinearLayout[1]/android.widget.LinearLayout[1]/androidx.recyclerview.widget.RecyclerView[1]/android.widget.LinearLayout[2]/android.widget.ImageView[1]"}[39m
[35m[HTTP][39m [37m<-- POST /wd/hub/session/2aec28ce-ffab-47f6-9344-8cd6f3a41058/elements [39m[32m200[39m [90m1143 ms - 139[39m
[35m[HTTP][39m [90m[39m
[35m[HTTP][39m [37m-->[39m [37mGET[39m [37m/wd/hub/session/2aec28ce-ffab-47f6-9344-8cd6f3a41058/element/00000000-0000-05a2-ffff-ffff00002eca/location[39m
[35m[HTTP][39m [90m{}[39m
[35m[W3C (2aec28ce)][39m Driver proxy active, passing request on via HTTP proxy
[35m[WD Proxy][39m Replacing sessionId cf39f428-0755-4216-92b9-c2f1fd074619 with 2aec28ce-ffab-47f6-9344-8cd6f3a41058
[35m[HTTP][39m [37m<-- GET /wd/hub/session/2aec28ce-ffab-47f6-9344-8cd6f3a41058/element/00000000-0000-05a2-ffff-ffff00002eca/location [39m[32m200[39m [90m35 ms - 78[39m
[35m[HTTP][39m [90m[39m
[35m[HTTP][39m [37m-->[39m [37mPOST[39m [37m/wd/hub/session/2aec28ce-ffab-47f6-9344-8cd6f3a41058/timeouts[39m
[35m[HTTP][39m [90m{"implicit":30000}[39m
[35m[HTTP][39m [37m<-- POST /wd/hub/session/2aec28ce-ffab-47f6-9344-8cd6f3a41058/timeouts [39m[32m200[39m [90m1 ms - 14[39m
[35m[HTTP][39m [90m[39m
[35m[HTTP][39m [37m-->[39m [37mPOST[39m [37m/wd/hub/session/2aec28ce-ffab-47f6-9344-8cd6f3a41058/touch/perform[39m
[35m[HTTP][39m [90m{"actions":[{"action":"tap","options":{"x":1,"y":1,"element":"00000000-0000-05a2-ffff-ffff00002eca"}},{"action":"release","options":{}}]}[39m
[35m[UiAutomator2][39m calling get location: 00000000-0000-05a2-ffff-ffff00002eca
[35m[HTTP][39m [37m<-- POST /wd/hub/session/2aec28ce-ffab-47f6-9344-8cd6f3a41058/touch/perform [39m[32m200[39m [90m248 ms - 14[39m
[35m[HTTP][39m [90m[39m
[35m[HTTP][39m [37m-->[39m [37mPOST[39m [37m/wd/hub/session/2aec28ce-ffab-47f6-9344-8cd6f3a41058/timeouts[39m
[35m[HTTP][39m [90m{"implicit":50}[39m
[35m[HTTP][39m [37m<-- POST /wd/hub/session/2aec28ce-ffab-47f6-9344-8cd6f3a41058/timeouts [39m[32m200[39m [90m1 ms - 14[39m
[35m[HTTP][39m [90m[39m
[35m[HTTP][39m [37m-->[39m [37mGET[39m [37m/wd/hub/session/2aec28ce-ffab-47f6-9344-8cd6f3a41058/window/rect[39m
[35m[HTTP][39m [90m{}[39m
[35m[HTTP][39m [37m<-- GET /wd/hub/session/2aec28ce-ffab-47f6-9344-8cd6f3a41058/window/rect [39m[32m200[39m [90m42 ms - 50[39m
[35m[HTTP][39m [90m[39m
[35m[HTTP][39m [37m-->[39m [37mPOST[39m [37m/wd/hub/session/2aec28ce-ffab-47f6-9344-8cd6f3a41058/elements[39m
[35m[HTTP][39m [90m{"using":"xpath","value":"//hierarchy/android.widget.FrameLayout[1]/android.widget.LinearLayout[1]/android.widget.FrameLayout[1]/android.widget.LinearLayout[1]/android.widget.FrameLayout[1]/android.view.ViewGroup[1]/androidx.viewpager.widget.ViewPager[1]/android.widget.FrameLayout[1]/android.view.ViewGroup[1]/androidx.recyclerview.widget.RecyclerView[1]/android.widget.LinearLayout[1]/android.widget.RelativeLayout[1]"}[39m
[35m[HTTP][39m [37m<-- POST /wd/hub/session/2aec28ce-ffab-47f6-9344-8cd6f3a41058/elements [39m[32m200[39m [90m283 ms - 139[39m
[35m[HTTP][39m [90m[39m
[35m[HTTP][39m [37m-->[39m [37mGET[39m [37m/wd/hub/session/2aec28ce-ffab-47f6-9344-8cd6f3a41058/element/00000000-0000-05a3-ffff-ffff00002f13/location[39m
[35m[HTTP][39m [90m{}[39m
[35m[W3C (2aec28ce)][39m Driver proxy active, passing request on via HTTP proxy
[35m[WD Proxy][39m Replacing sessionId cf39f428-0755-4216-92b9-c2f1fd074619 with 2aec28ce-ffab-47f6-9344-8cd6f3a41058
[35m[HTTP][39m [37m<-- GET /wd/hub/session/2aec28ce-ffab-47f6-9344-8cd6f3a41058/element/00000000-0000-05a3-ffff-ffff00002f13/location [39m[32m200[39m [90m33 ms - 77[39m
[35m[HTTP][39m [90m[39m
[35m[HTTP][39m [37m-->[39m [37mPOST[39m [37m/wd/hub/session/2aec28ce-ffab-47f6-9344-8cd6f3a41058/timeouts[39m
[35m[HTTP][39m [90m{"implicit":30000}[39m
[35m[HTTP][39m [37m<-- POST /wd/hub/session/2aec28ce-ffab-47f6-9344-8cd6f3a41058/timeouts [39m[32m200[39m [90m2 ms - 14[39m
[35m[HTTP][39m [90m[39m
[35m[HTTP][39m [37m-->[39m [37mPOST[39m [37m/wd/hub/session/2aec28ce-ffab-47f6-9344-8cd6f3a41058/touch/perform[39m
[35m[HTTP][39m [90m{"actions":[{"action":"tap","options":{"x":1,"y":1,"element":"00000000-0000-05a3-ffff-ffff00002f13"}},{"action":"release","options":{}}]}[39m
[35m[UiAutomator2][39m calling get location: 00000000-0000-05a3-ffff-ffff00002f13
[35m[HTTP][39m [37m<-- POST /wd/hub/session/2aec28ce-ffab-47f6-9344-8cd6f3a41058/touch/perform [39m[32m200[39m [90m222 ms - 14[39m
[35m[HTTP][39m [90m[39m
[35m[HTTP][39m [37m-->[39m [37mGET[39m [37m/wd/hub/session/2aec28ce-ffab-47f6-9344-8cd6f3a41058/context[39m
[35m[HTTP][39m [90m{}[39m
[35m[HTTP][39m [37m<-- GET /wd/hub/session/2aec28ce-ffab-47f6-9344-8cd6f3a41058/context [39m[32m200[39m [90m1 ms - 22[39m
[35m[HTTP][39m [90m[39m
[35m[HTTP][39m [37m-->[39m [37mGET[39m [37m/wd/hub/session/2aec28ce-ffab-47f6-9344-8cd6f3a41058/contexts[39m
[35m[HTTP][39m [90m{}[39m
[35m[HTTP][39m [37m<-- GET /wd/hub/session/2aec28ce-ffab-47f6-9344-8cd6f3a41058/contexts [39m[32m200[39m [90m109 ms - 24[39m
[35m[HTTP][39m [90m[39m
[35m[HTTP][39m [37m-->[39m [37mPOST[39m [37m/wd/hub/session/2aec28ce-ffab-47f6-9344-8cd6f3a41058/context[39m
[35m[HTTP][39m [90m{"name":"NATIVE_APP"}[39m
[35m[HTTP][39m [37m<-- POST /wd/hub/session/2aec28ce-ffab-47f6-9344-8cd6f3a41058/context [39m[32m200[39m [90m1 ms - 14[39m
[35m[HTTP][39m [90m[39m
[35m[HTTP][39m [37m-->[39m [37mGET[39m [37m/wd/hub/session/2aec28ce-ffab-47f6-9344-8cd6f3a41058/window/rect[39m
[35m[HTTP][39m [90m{}[39m
[35m[HTTP][39m [37m<-- GET /wd/hub/session/2aec28ce-ffab-47f6-9344-8cd6f3a41058/window/rect [39m[32m200[39m [90m25 ms - 50[39m
[35m[HTTP][39m [90m[39m
[35m[HTTP][39m [37m-->[39m [37mPOST[39m [37m/wd/hub/session/2aec28ce-ffab-47f6-9344-8cd6f3a41058/execute/sync[39m
[35m[HTTP][39m [90m{"script":"mobile: viewportScreenshot","args":[]}[39m
[35m[AndroidDriver][39m Executing native command 'mobile: viewportScreenshot'
[35m[HTTP][39m [37m<-- POST /wd/hub/session/2aec28ce-ffab-47f6-9344-8cd6f3a41058/execute/sync [39m[32m200[39m [90m1268 ms - 112708[39m
[35m[HTTP][39m [90m[39m
[35m[HTTP][39m [37m-->[39m [37mPOST[39m [37m/wd/hub/session/2aec28ce-ffab-47f6-9344-8cd6f3a41058/context[39m
[35m[HTTP][39m [90m{"name":"NATIVE_APP"}[39m
[35m[HTTP][39m [37m<-- POST /wd/hub/session/2aec28ce-ffab-47f6-9344-8cd6f3a41058/context [39m[32m200[39m [90m1 ms - 14[39m
[35m[HTTP][39m [90m[39m
[35m[HTTP][39m [37m-->[39m [37mPOST[39m [37m/wd/hub/session/2aec28ce-ffab-47f6-9344-8cd6f3a41058/timeouts[39m
[35m[HTTP][39m [90m{"implicit":50}[39m
[35m[HTTP][39m [37m<-- POST /wd/hub/session/2aec28ce-ffab-47f6-9344-8cd6f3a41058/timeouts [39m[32m200[39m [90m2 ms - 14[39m
[35m[HTTP][39m [90m[39m
[35m[HTTP][39m [37m-->[39m [37mGET[39m [37m/wd/hub/session/2aec28ce-ffab-47f6-9344-8cd6f3a41058/window/rect[39m
[35m[HTTP][39m [90m{}[39m
[35m[HTTP][39m [37m<-- GET /wd/hub/session/2aec28ce-ffab-47f6-9344-8cd6f3a41058/window/rect [39m[32m200[39m [90m40 ms - 50[39m
[35m[HTTP][39m [90m[39m
[35m[HTTP][39m [37m-->[39m [37mPOST[39m [37m/wd/hub/session/2aec28ce-ffab-47f6-9344-8cd6f3a41058/elements[39m
[35m[HTTP][39m [90m{"using":"xpath","value":"//hierarchy/android.widget.FrameLayout[1]/android.widget.LinearLayout[1]/android.widget.FrameLayout[1]/android.widget.LinearLayout[1]/android.widget.FrameLayout[1]/android.view.ViewGroup[1]/android.widget.ScrollView[1]/android.view.ViewGroup[1]/android.widget.LinearLayout[2]/androidx.recyclerview.widget.RecyclerView[1]/android.widget.LinearLayout[3]/android.widget.RelativeLayout[1]/android.widget.LinearLayout[1]/android.widget.CheckBox[1]"}[39m
[35m[HTTP][39m [37m<-- POST /wd/hub/session/2aec28ce-ffab-47f6-9344-8cd6f3a41058/elements [39m[32m200[39m [90m426 ms - 139[39m
[35m[HTTP][39m [90m[39m
[35m[HTTP][39m [37m-->[39m [37mGET[39m [37m/wd/hub/session/2aec28ce-ffab-47f6-9344-8cd6f3a41058/element/00000000-0000-05a4-ffff-ffff00002f6b/location[39m
[35m[HTTP][39m [90m{}[39m
[35m[W3C (2aec28ce)][39m Driver proxy active, passing request on via HTTP proxy
[35m[WD Proxy][39m Replacing sessionId cf39f428-0755-4216-92b9-c2f1fd074619 with 2aec28ce-ffab-47f6-9344-8cd6f3a41058
[35m[HTTP][39m [37m<-- GET /wd/hub/session/2aec28ce-ffab-47f6-9344-8cd6f3a41058/element/00000000-0000-05a4-ffff-ffff00002f6b/location [39m[32m200[39m [90m45 ms - 78[39m
[35m[HTTP][39m [90m[39m
[35m[HTTP][39m [37m-->[39m [37mPOST[39m [37m/wd/hub/session/2aec28ce-ffab-47f6-9344-8cd6f3a41058/timeouts[39m
[35m[HTTP][39m [90m{"implicit":30000}[39m
[35m[HTTP][39m [37m<-- POST /wd/hub/session/2aec28ce-ffab-47f6-9344-8cd6f3a41058/timeouts [39m[32m200[39m [90m1 ms - 14[39m
[35m[HTTP][39m [90m[39m
[35m[HTTP][39m [37m-->[39m [37mPOST[39m [37m/wd/hub/session/2aec28ce-ffab-47f6-9344-8cd6f3a41058/touch/perform[39m
[35m[HTTP][39m [90m{"actions":[{"action":"tap","options":{"x":1,"y":1,"element":"00000000-0000-05a4-ffff-ffff00002f6b"}},{"action":"release","options":{}}]}[39m
[35m[UiAutomator2][39m calling get location: 00000000-0000-05a4-ffff-ffff00002f6b
[35m[HTTP][39m [37m<-- POST /wd/hub/session/2aec28ce-ffab-47f6-9344-8cd6f3a41058/touch/perform [39m[32m200[39m [90m273 ms - 14[39m
[35m[HTTP][39m [90m[39m
[35m[HTTP][39m [37m-->[39m [37mPOST[39m [37m/wd/hub/session/2aec28ce-ffab-47f6-9344-8cd6f3a41058/timeouts[39m
[35m[HTTP][39m [90m{"implicit":50}[39m
[35m[HTTP][39m [37m<-- POST /wd/hub/session/2aec28ce-ffab-47f6-9344-8cd6f3a41058/timeouts [39m[32m200[39m [90m1 ms - 14[39m
[35m[HTTP][39m [90m[39m
[35m[HTTP][39m [37m-->[39m [37mGET[39m [37m/wd/hub/session/2aec28ce-ffab-47f6-9344-8cd6f3a41058/window/rect[39m
[35m[HTTP][39m [90m{}[39m
[35m[HTTP][39m [37m<-- GET /wd/hub/session/2aec28ce-ffab-47f6-9344-8cd6f3a41058/window/rect [39m[32m200[39m [90m48 ms - 50[39m
[35m[HTTP][39m [90m[39m
[35m[HTTP][39m [37m-->[39m [37mPOST[39m [37m/wd/hub/session/2aec28ce-ffab-47f6-9344-8cd6f3a41058/elements[39m
[35m[HTTP][39m [90m{"using":"xpath","value":"//hierarchy/android.widget.FrameLayout[1]/android.widget.LinearLayout[1]/android.widget.FrameLayout[1]/android.widget.LinearLayout[1]/android.widget.FrameLayout[1]/android.view.ViewGroup[1]/android.widget.ScrollView[1]/android.view.ViewGroup[1]/android.widget.LinearLayout[2]/androidx.recyclerview.widget.RecyclerView[1]/android.widget.LinearLayout[4]/android.widget.RelativeLayout[1]/android.widget.LinearLayout[1]/android.widget.CheckBox[1]"}[39m
[35m[HTTP][39m [37m<-- POST /wd/hub/session/2aec28ce-ffab-47f6-9344-8cd6f3a41058/elements [39m[32m200[39m [90m753 ms - 139[39m
[35m[HTTP][39m [90m[39m
[35m[HTTP][39m [37m-->[39m [37mGET[39m [37m/wd/hub/session/2aec28ce-ffab-47f6-9344-8cd6f3a41058/element/00000000-0000-05a4-ffff-ffff00002f76/location[39m
[35m[HTTP][39m [90m{}[39m
[35m[W3C (2aec28ce)][39m Driver proxy active, passing request on via HTTP proxy
[35m[WD Proxy][39m Replacing sessionId cf39f428-0755-4216-92b9-c2f1fd074619 with 2aec28ce-ffab-47f6-9344-8cd6f3a41058
[35m[HTTP][39m [37m<-- GET /wd/hub/session/2aec28ce-ffab-47f6-9344-8cd6f3a41058/element/00000000-0000-05a4-ffff-ffff00002f76/location [39m[32m200[39m [90m36 ms - 78[39m
[35m[HTTP][39m [90m[39m
[35m[HTTP][39m [37m-->[39m [37mPOST[39m [37m/wd/hub/session/2aec28ce-ffab-47f6-9344-8cd6f3a41058/timeouts[39m
[35m[HTTP][39m [90m{"implicit":30000}[39m
[35m[HTTP][39m [37m<-- POST /wd/hub/session/2aec28ce-ffab-47f6-9344-8cd6f3a41058/timeouts [39m[32m200[39m [90m2 ms - 14[39m
[35m[HTTP][39m [90m[39m
[35m[HTTP][39m [37m-->[39m [37mPOST[39m [37m/wd/hub/session/2aec28ce-ffab-47f6-9344-8cd6f3a41058/touch/perform[39m
[35m[HTTP][39m [90m{"actions":[{"action":"tap","options":{"x":1,"y":1,"element":"00000000-0000-05a4-ffff-ffff00002f76"}},{"action":"release","options":{}}]}[39m
[35m[UiAutomator2][39m calling get location: 00000000-0000-05a4-ffff-ffff00002f76
[35m[HTTP][39m [37m<-- POST /wd/hub/session/2aec28ce-ffab-47f6-9344-8cd6f3a41058/touch/perform [39m[32m200[39m [90m263 ms - 14[39m
[35m[HTTP][39m [90m[39m
[35m[HTTP][39m [37m-->[39m [37mGET[39m [37m/wd/hub/session/2aec28ce-ffab-47f6-9344-8cd6f3a41058/context[39m
[35m[HTTP][39m [90m{}[39m
[35m[HTTP][39m [37m<-- GET /wd/hub/session/2aec28ce-ffab-47f6-9344-8cd6f3a41058/context [39m[32m200[39m [90m3 ms - 22[39m
[35m[HTTP][39m [90m[39m
[35m[HTTP][39m [37m-->[39m [37mGET[39m [37m/wd/hub/session/2aec28ce-ffab-47f6-9344-8cd6f3a41058/contexts[39m
[35m[HTTP][39m [90m{}[39m
[35m[HTTP][39m [37m<-- GET /wd/hub/session/2aec28ce-ffab-47f6-9344-8cd6f3a41058/contexts [39m[32m200[39m [90m111 ms - 24[39m
[35m[HTTP][39m [90m[39m
[35m[HTTP][39m [37m-->[39m [37mPOST[39m [37m/wd/hub/session/2aec28ce-ffab-47f6-9344-8cd6f3a41058/context[39m
[35m[HTTP][39m [90m{"name":"NATIVE_APP"}[39m
[35m[HTTP][39m [37m<-- POST /wd/hub/session/2aec28ce-ffab-47f6-9344-8cd6f3a41058/context [39m[32m200[39m [90m2 ms - 14[39m
[35m[HTTP][39m [90m[39m
[35m[HTTP][39m [37m-->[39m [37mGET[39m [37m/wd/hub/session/2aec28ce-ffab-47f6-9344-8cd6f3a41058/window/rect[39m
[35m[HTTP][39m [90m{}[39m
[35m[HTTP][39m [37m<-- GET /wd/hub/session/2aec28ce-ffab-47f6-9344-8cd6f3a41058/window/rect [39m[32m200[39m [90m39 ms - 50[39m
[35m[HTTP][39m [90m[39m
[35m[HTTP][39m [37m-->[39m [37mPOST[39m [37m/wd/hub/session/2aec28ce-ffab-47f6-9344-8cd6f3a41058/execute/sync[39m
[35m[HTTP][39m [90m{"script":"mobile: viewportScreenshot","args":[]}[39m
[35m[AndroidDriver][39m Executing native command 'mobile: viewportScreenshot'
[35m[HTTP][39m [37m<-- POST /wd/hub/session/2aec28ce-ffab-47f6-9344-8cd6f3a41058/execute/sync [39m[32m200[39m [90m1343 ms - 219420[39m
[35m[HTTP][39m [90m[39m
[35m[HTTP][39m [37m-->[39m [37mPOST[39m [37m/wd/hub/session/2aec28ce-ffab-47f6-9344-8cd6f3a41058/context[39m
[35m[HTTP][39m [90m{"name":"NATIVE_APP"}[39m
[35m[HTTP][39m [37m<-- POST /wd/hub/session/2aec28ce-ffab-47f6-9344-8cd6f3a41058/context [39m[32m200[39m [90m1 ms - 14[39m
[35m[HTTP][39m [90m[39m
[35m[HTTP][39m [37m-->[39m [37mGET[39m [37m/wd/hub/session/2aec28ce-ffab-47f6-9344-8cd6f3a41058/window/rect[39m
[35m[HTTP][39m [90m{}[39m
[35m[HTTP][39m [37m<-- GET /wd/hub/session/2aec28ce-ffab-47f6-9344-8cd6f3a41058/window/rect [39m[32m200[39m [90m43 ms - 50[39m
[35m[HTTP][39m [90m[39m
[35m[HTTP][39m [37m-->[39m [37mPOST[39m [37m/wd/hub/session/2aec28ce-ffab-47f6-9344-8cd6f3a41058/elements[39m
[35m[HTTP][39m [90m{"using":"xpath","value":"//*[@class = 'android.widget.Button' and (@text = 'Lanjutkan >' or . = 'Lanjutkan >') and @resource-id = 'com.vq.mbrochuregp.client.android:id/btn_upgrade_asuransi_list_detail_next']"}[39m
[35m[HTTP][39m [37m<-- POST /wd/hub/session/2aec28ce-ffab-47f6-9344-8cd6f3a41058/elements [39m[32m200[39m [90m728 ms - 139[39m
[35m[HTTP][39m [90m[39m
[35m[HTTP][39m [37m-->[39m [37mGET[39m [37m/wd/hub/session/2aec28ce-ffab-47f6-9344-8cd6f3a41058/element/00000000-0000-05a4-ffff-ffff00002f4b/location[39m
[35m[HTTP][39m [90m{}[39m
[35m[W3C (2aec28ce)][39m Driver proxy active, passing request on via HTTP proxy
[35m[WD Proxy][39m Replacing sessionId cf39f428-0755-4216-92b9-c2f1fd074619 with 2aec28ce-ffab-47f6-9344-8cd6f3a41058
[35m[HTTP][39m [37m<-- GET /wd/hub/session/2aec28ce-ffab-47f6-9344-8cd6f3a41058/element/00000000-0000-05a4-ffff-ffff00002f4b/location [39m[32m200[39m [90m36 ms - 78[39m
[35m[HTTP][39m [90m[39m
[35m[HTTP][39m [37m-->[39m [37mPOST[39m [37m/wd/hub/session/2aec28ce-ffab-47f6-9344-8cd6f3a41058/element/00000000-0000-05a4-ffff-ffff00002f4b/click[39m
[35m[HTTP][39m [90m{"id":"00000000-0000-05a4-ffff-ffff00002f4b"}[39m
[35m[HTTP][39m [37m<-- POST /wd/hub/session/2aec28ce-ffab-47f6-9344-8cd6f3a41058/element/00000000-0000-05a4-ffff-ffff00002f4b/click [39m[32m200[39m [90m875 ms - 14[39m
[35m[HTTP][39m [90m[39m
[35m[HTTP][39m [37m-->[39m [37mPOST[39m [37m/wd/hub/session/2aec28ce-ffab-47f6-9344-8cd6f3a41058/timeouts[39m
[35m[HTTP][39m [90m{"implicit":50}[39m
[35m[HTTP][39m [37m<-- POST /wd/hub/session/2aec28ce-ffab-47f6-9344-8cd6f3a41058/timeouts [39m[32m200[39m [90m1 ms - 14[39m
[35m[HTTP][39m [90m[39m
[35m[HTTP][39m [37m-->[39m [37mGET[39m [37m/wd/hub/session/2aec28ce-ffab-47f6-9344-8cd6f3a41058/window/rect[39m
[35m[HTTP][39m [90m{}[39m
[35m[HTTP][39m [37m<-- GET /wd/hub/session/2aec28ce-ffab-47f6-9344-8cd6f3a41058/window/rect [39m[32m200[39m [90m21 ms - 50[39m
[35m[HTTP][39m [90m[39m
[35m[HTTP][39m [37m-->[39m [37mPOST[39m [37m/wd/hub/session/2aec28ce-ffab-47f6-9344-8cd6f3a41058/elements[39m
[35m[HTTP][39m [90m{"using":"xpath","value":"//*[@class = 'android.widget.CheckBox' and @resource-id = 'com.vq.mbrochuregp.client.android:id/cb_asuransi_perluasan_checkbox_asuransi' and (@text = '' or . = '')]"}[39m
[35m[HTTP][39m [37m<-- POST /wd/hub/session/2aec28ce-ffab-47f6-9344-8cd6f3a41058/elements [39m[32m200[39m [90m637 ms - 267[39m
[35m[HTTP][39m [90m[39m
[35m[HTTP][39m [37m-->[39m [37mGET[39m [37m/wd/hub/session/2aec28ce-ffab-47f6-9344-8cd6f3a41058/element/00000000-0000-05a5-ffff-ffff00002fc2/location[39m
[35m[HTTP][39m [90m{}[39m
[35m[W3C (2aec28ce)][39m Driver proxy active, passing request on via HTTP proxy
[35m[WD Proxy][39m Replacing sessionId cf39f428-0755-4216-92b9-c2f1fd074619 with 2aec28ce-ffab-47f6-9344-8cd6f3a41058
[35m[HTTP][39m [37m<-- GET /wd/hub/session/2aec28ce-ffab-47f6-9344-8cd6f3a41058/element/00000000-0000-05a5-ffff-ffff00002fc2/location [39m[32m200[39m [90m29 ms - 77[39m
[35m[HTTP][39m [90m[39m
[35m[HTTP][39m [37m-->[39m [37mPOST[39m [37m/wd/hub/session/2aec28ce-ffab-47f6-9344-8cd6f3a41058/timeouts[39m
[35m[HTTP][39m [90m{"implicit":30000}[39m
[35m[HTTP][39m [37m<-- POST /wd/hub/session/2aec28ce-ffab-47f6-9344-8cd6f3a41058/timeouts [39m[32m200[39m [90m2 ms - 14[39m
[35m[HTTP][39m [90m[39m
[35m[HTTP][39m [37m-->[39m [37mPOST[39m [37m/wd/hub/session/2aec28ce-ffab-47f6-9344-8cd6f3a41058/touch/perform[39m
[35m[HTTP][39m [90m{"actions":[{"action":"tap","options":{"x":1,"y":1,"element":"00000000-0000-05a5-ffff-ffff00002fc2"}},{"action":"release","options":{}}]}[39m
[35m[UiAutomator2][39m calling get location: 00000000-0000-05a5-ffff-ffff00002fc2
[35m[HTTP][39m [37m<-- POST /wd/hub/session/2aec28ce-ffab-47f6-9344-8cd6f3a41058/touch/perform [39m[32m200[39m [90m284 ms - 14[39m
[35m[HTTP][39m [90m[39m
[35m[HTTP][39m [37m-->[39m [37mGET[39m [37m/wd/hub/session/2aec28ce-ffab-47f6-9344-8cd6f3a41058/context[39m
[35m[HTTP][39m [90m{}[39m
[35m[HTTP][39m [37m<-- GET /wd/hub/session/2aec28ce-ffab-47f6-9344-8cd6f3a41058/context [39m[32m200[39m [90m2 ms - 22[39m
[35m[HTTP][39m [90m[39m
[35m[HTTP][39m [37m-->[39m [37mGET[39m [37m/wd/hub/session/2aec28ce-ffab-47f6-9344-8cd6f3a41058/contexts[39m
[35m[HTTP][39m [90m{}[39m
[35m[HTTP][39m [37m<-- GET /wd/hub/session/2aec28ce-ffab-47f6-9344-8cd6f3a41058/contexts [39m[32m200[39m [90m105 ms - 24[39m
[35m[HTTP][39m [90m[39m
[35m[HTTP][39m [37m-->[39m [37mPOST[39m [37m/wd/hub/session/2aec28ce-ffab-47f6-9344-8cd6f3a41058/context[39m
[35m[HTTP][39m [90m{"name":"NATIVE_APP"}[39m
[35m[HTTP][39m [37m<-- POST /wd/hub/session/2aec28ce-ffab-47f6-9344-8cd6f3a41058/context [39m[32m200[39m [90m1 ms - 14[39m
[35m[HTTP][39m [90m[39m
[35m[HTTP][39m [37m-->[39m [37mGET[39m [37m/wd/hub/session/2aec28ce-ffab-47f6-9344-8cd6f3a41058/window/rect[39m
[35m[HTTP][39m [90m{}[39m
[35m[HTTP][39m [37m<-- GET /wd/hub/session/2aec28ce-ffab-47f6-9344-8cd6f3a41058/window/rect [39m[32m200[39m [90m39 ms - 50[39m
[35m[HTTP][39m [90m[39m
[35m[HTTP][39m [37m-->[39m [37mPOST[39m [37m/wd/hub/session/2aec28ce-ffab-47f6-9344-8cd6f3a41058/execute/sync[39m
[35m[HTTP][39m [90m{"script":"mobile: viewportScreenshot","args":[]}[39m
[35m[AndroidDriver][39m Executing native command 'mobile: viewportScreenshot'
[35m[HTTP][39m [37m<-- POST /wd/hub/session/2aec28ce-ffab-47f6-9344-8cd6f3a41058/execute/sync [39m[32m200[39m [90m1232 ms - 166528[39m
[35m[HTTP][39m [90m[39m
[35m[HTTP][39m [37m-->[39m [37mPOST[39m [37m/wd/hub/session/2aec28ce-ffab-47f6-9344-8cd6f3a41058/context[39m
[35m[HTTP][39m [90m{"name":"NATIVE_APP"}[39m
[35m[HTTP][39m [37m<-- POST /wd/hub/session/2aec28ce-ffab-47f6-9344-8cd6f3a41058/context [39m[32m200[39m [90m1 ms - 14[39m
[35m[HTTP][39m [90m[39m
[35m[HTTP][39m [37m-->[39m [37mGET[39m [37m/wd/hub/session/2aec28ce-ffab-47f6-9344-8cd6f3a41058/window/rect[39m
[35m[HTTP][39m [90m{}[39m
[35m[HTTP][39m [37m<-- GET /wd/hub/session/2aec28ce-ffab-47f6-9344-8cd6f3a41058/window/rect [39m[32m200[39m [90m39 ms - 50[39m
[35m[HTTP][39m [90m[39m
[35m[HTTP][39m [37m-->[39m [37mPOST[39m [37m/wd/hub/session/2aec28ce-ffab-47f6-9344-8cd6f3a41058/elements[39m
[35m[HTTP][39m [90m{"using":"xpath","value":"//*[@class = 'android.widget.Button' and (@text = 'Lanjutkan >' or . = 'Lanjutkan >') and @resource-id = 'com.vq.mbrochuregp.client.android:id/btn_asuransi_perluasan_next']"}[39m
[35m[HTTP][39m [37m<-- POST /wd/hub/session/2aec28ce-ffab-47f6-9344-8cd6f3a41058/elements [39m[32m200[39m [90m583 ms - 139[39m
[35m[HTTP][39m [90m[39m
[35m[HTTP][39m [37m-->[39m [37mGET[39m [37m/wd/hub/session/2aec28ce-ffab-47f6-9344-8cd6f3a41058/element/00000000-0000-05a5-ffff-ffff00002fb3/location[39m
[35m[HTTP][39m [90m{}[39m
[35m[W3C (2aec28ce)][39m Driver proxy active, passing request on via HTTP proxy
[35m[WD Proxy][39m Replacing sessionId cf39f428-0755-4216-92b9-c2f1fd074619 with 2aec28ce-ffab-47f6-9344-8cd6f3a41058
[35m[HTTP][39m [37m<-- GET /wd/hub/session/2aec28ce-ffab-47f6-9344-8cd6f3a41058/element/00000000-0000-05a5-ffff-ffff00002fb3/location [39m[32m200[39m [90m38 ms - 78[39m
[35m[HTTP][39m [90m[39m
[35m[HTTP][39m [37m-->[39m [37mPOST[39m [37m/wd/hub/session/2aec28ce-ffab-47f6-9344-8cd6f3a41058/element/00000000-0000-05a5-ffff-ffff00002fb3/click[39m
[35m[HTTP][39m [90m{"id":"00000000-0000-05a5-ffff-ffff00002fb3"}[39m
[35m[HTTP][39m [37m<-- POST /wd/hub/session/2aec28ce-ffab-47f6-9344-8cd6f3a41058/element/00000000-0000-05a5-ffff-ffff00002fb3/click [39m[32m200[39m [90m840 ms - 14[39m
[35m[HTTP][39m [90m[39m
[35m[HTTP][39m [37m-->[39m [37mPOST[39m [37m/wd/hub/session/2aec28ce-ffab-47f6-9344-8cd6f3a41058/timeouts[39m
[35m[HTTP][39m [90m{"implicit":50}[39m
[35m[HTTP][39m [37m<-- POST /wd/hub/session/2aec28ce-ffab-47f6-9344-8cd6f3a41058/timeouts [39m[32m200[39m [90m1 ms - 14[39m
[35m[HTTP][39m [90m[39m
[35m[HTTP][39m [37m-->[39m [37mGET[39m [37m/wd/hub/session/2aec28ce-ffab-47f6-9344-8cd6f3a41058/window/rect[39m
[35m[HTTP][39m [90m{}[39m
[35m[HTTP][39m [37m<-- GET /wd/hub/session/2aec28ce-ffab-47f6-9344-8cd6f3a41058/window/rect [39m[32m200[39m [90m16 ms - 50[39m
[35m[HTTP][39m [90m[39m
[35m[HTTP][39m [37m-->[39m [37mPOST[39m [37m/wd/hub/session/2aec28ce-ffab-47f6-9344-8cd6f3a41058/elements[39m
[35m[HTTP][39m [90m{"using":"id","value":"com.vq.mbrochuregp.client.android:id/et_upgrade_asuransi_result_telefon"}[39m
[35m[HTTP][39m [37m<-- POST /wd/hub/session/2aec28ce-ffab-47f6-9344-8cd6f3a41058/elements [39m[32m200[39m [90m118 ms - 139[39m
[35m[HTTP][39m [90m[39m
[35m[HTTP][39m [37m-->[39m [37mGET[39m [37m/wd/hub/session/2aec28ce-ffab-47f6-9344-8cd6f3a41058/element/00000000-0000-05a6-ffff-ffff0000305f/location[39m
[35m[HTTP][39m [90m{}[39m
[35m[W3C (2aec28ce)][39m Driver proxy active, passing request on via HTTP proxy
[35m[WD Proxy][39m Replacing sessionId cf39f428-0755-4216-92b9-c2f1fd074619 with 2aec28ce-ffab-47f6-9344-8cd6f3a41058
[35m[HTTP][39m [37m<-- GET /wd/hub/session/2aec28ce-ffab-47f6-9344-8cd6f3a41058/element/00000000-0000-05a6-ffff-ffff0000305f/location [39m[32m200[39m [90m34 ms - 78[39m
[35m[HTTP][39m [90m[39m
[35m[HTTP][39m [37m-->[39m [37mPOST[39m [37m/wd/hub/session/2aec28ce-ffab-47f6-9344-8cd6f3a41058/timeouts[39m
[35m[HTTP][39m [90m{"implicit":30000}[39m
[35m[HTTP][39m [37m<-- POST /wd/hub/session/2aec28ce-ffab-47f6-9344-8cd6f3a41058/timeouts [39m[32m200[39m [90m1 ms - 14[39m
[35m[HTTP][39m [90m[39m
[35m[HTTP][39m [37m-->[39m [37mPOST[39m [37m/wd/hub/session/2aec28ce-ffab-47f6-9344-8cd6f3a41058/element/00000000-0000-05a6-ffff-ffff0000305f/clear[39m
[35m[HTTP][39m [90m{"id":"00000000-0000-05a6-ffff-ffff0000305f"}[39m
[35m[HTTP][39m [37m<-- POST /wd/hub/session/2aec28ce-ffab-47f6-9344-8cd6f3a41058/element/00000000-0000-05a6-ffff-ffff0000305f/clear [39m[32m200[39m [90m56 ms - 14[39m
[35m[HTTP][39m [90m[39m
[35m[HTTP][39m [37m-->[39m [37mPOST[39m [37m/wd/hub/session/2aec28ce-ffab-47f6-9344-8cd6f3a41058/element/00000000-0000-05a6-ffff-ffff0000305f/value[39m
[35m[HTTP][39m [90m{"id":"00000000-0000-05a6-ffff-ffff0000305f","text":"085710222990","value":["0","8","5","7","1","0","2","2","2","9","9","0"]}[39m
[35m[HTTP][39m [37m<-- POST /wd/hub/session/2aec28ce-ffab-47f6-9344-8cd6f3a41058/element/00000000-0000-05a6-ffff-ffff0000305f/value [39m[32m200[39m [90m625 ms - 14[39m
[35m[HTTP][39m [90m[39m
[35m[HTTP][39m [37m-->[39m [37mGET[39m [37m/wd/hub/session/2aec28ce-ffab-47f6-9344-8cd6f3a41058/context[39m
[35m[HTTP][39m [90m{}[39m
[35m[HTTP][39m [37m<-- GET /wd/hub/session/2aec28ce-ffab-47f6-9344-8cd6f3a41058/context [39m[32m200[39m [90m2 ms - 22[39m
[35m[HTTP][39m [90m[39m
[35m[HTTP][39m [37m-->[39m [37mGET[39m [37m/wd/hub/session/2aec28ce-ffab-47f6-9344-8cd6f3a41058/contexts[39m
[35m[HTTP][39m [90m{}[39m
[35m[HTTP][39m [37m<-- GET /wd/hub/session/2aec28ce-ffab-47f6-9344-8cd6f3a41058/contexts [39m[32m200[39m [90m115 ms - 24[39m
[35m[HTTP][39m [90m[39m
[35m[HTTP][39m [37m-->[39m [37mPOST[39m [37m/wd/hub/session/2aec28ce-ffab-47f6-9344-8cd6f3a41058/context[39m
[35m[HTTP][39m [90m{"name":"NATIVE_APP"}[39m
[35m[HTTP][39m [37m<-- POST /wd/hub/session/2aec28ce-ffab-47f6-9344-8cd6f3a41058/context [39m[32m200[39m [90m1 ms - 14[39m
[35m[HTTP][39m [90m[39m
[35m[HTTP][39m [37m-->[39m [37mGET[39m [37m/wd/hub/session/2aec28ce-ffab-47f6-9344-8cd6f3a41058/window/rect[39m
[35m[HTTP][39m [90m{}[39m
[35m[HTTP][39m [37m<-- GET /wd/hub/session/2aec28ce-ffab-47f6-9344-8cd6f3a41058/window/rect [39m[32m200[39m [90m42 ms - 50[39m
[35m[HTTP][39m [90m[39m
[35m[HTTP][39m [37m-->[39m [37mPOST[39m [37m/wd/hub/session/2aec28ce-ffab-47f6-9344-8cd6f3a41058/execute/sync[39m
[35m[HTTP][39m [90m{"script":"mobile: viewportScreenshot","args":[]}[39m
[35m[AndroidDriver][39m Executing native command 'mobile: viewportScreenshot'
[35m[HTTP][39m [37m<-- POST /wd/hub/session/2aec28ce-ffab-47f6-9344-8cd6f3a41058/execute/sync [39m[32m200[39m [90m1236 ms - 330304[39m
[35m[HTTP][39m [90m[39m
[35m[HTTP][39m [37m-->[39m [37mPOST[39m [37m/wd/hub/session/2aec28ce-ffab-47f6-9344-8cd6f3a41058/context[39m
[35m[HTTP][39m [90m{"name":"NATIVE_APP"}[39m
[35m[HTTP][39m [37m<-- POST /wd/hub/session/2aec28ce-ffab-47f6-9344-8cd6f3a41058/context [39m[32m200[39m [90m1 ms - 14[39m
[35m[HTTP][39m [90m[39m
[35m[HTTP][39m [37m-->[39m [37mGET[39m [37m/wd/hub/session/2aec28ce-ffab-47f6-9344-8cd6f3a41058/window/rect[39m
[35m[HTTP][39m [90m{}[39m
[35m[HTTP][39m [37m<-- GET /wd/hub/session/2aec28ce-ffab-47f6-9344-8cd6f3a41058/window/rect [39m[32m200[39m [90m47 ms - 50[39m
[35m[HTTP][39m [90m[39m
[35m[HTTP][39m [37m-->[39m [37mPOST[39m [37m/wd/hub/session/2aec28ce-ffab-47f6-9344-8cd6f3a41058/elements[39m
[35m[HTTP][39m [90m{"using":"xpath","value":"//*[@class = 'android.widget.Button' and (@text = 'Submit' or . = 'Submit') and @resource-id = 'com.vq.mbrochuregp.client.android:id/btn_upgrade_asuransi_result_submit']"}[39m
[35m[HTTP][39m [37m<-- POST /wd/hub/session/2aec28ce-ffab-47f6-9344-8cd6f3a41058/elements [39m[32m200[39m [90m446 ms - 139[39m
[35m[HTTP][39m [90m[39m
[35m[HTTP][39m [37m-->[39m [37mGET[39m [37m/wd/hub/session/2aec28ce-ffab-47f6-9344-8cd6f3a41058/element/00000000-0000-05a6-ffff-ffff00003069/location[39m
[35m[HTTP][39m [90m{}[39m
[35m[W3C (2aec28ce)][39m Driver proxy active, passing request on via HTTP proxy
[35m[WD Proxy][39m Replacing sessionId cf39f428-0755-4216-92b9-c2f1fd074619 with 2aec28ce-ffab-47f6-9344-8cd6f3a41058
[35m[HTTP][39m [37m<-- GET /wd/hub/session/2aec28ce-ffab-47f6-9344-8cd6f3a41058/element/00000000-0000-05a6-ffff-ffff00003069/location [39m[32m200[39m [90m39 ms - 78[39m
[35m[HTTP][39m [90m[39m
[35m[HTTP][39m [37m-->[39m [37mPOST[39m [37m/wd/hub/session/2aec28ce-ffab-47f6-9344-8cd6f3a41058/element/00000000-0000-05a6-ffff-ffff00003069/click[39m
[35m[HTTP][39m [90m{"id":"00000000-0000-05a6-ffff-ffff00003069"}[39m
[35m[HTTP][39m [37m<-- POST /wd/hub/session/2aec28ce-ffab-47f6-9344-8cd6f3a41058/element/00000000-0000-05a6-ffff-ffff00003069/click [39m[32m200[39m [90m144 ms - 14[39m
[35m[HTTP][39m [90m[39m
[35m[HTTP][39m [37m-->[39m [37mPOST[39m [37m/wd/hub/session/2aec28ce-ffab-47f6-9344-8cd6f3a41058/timeouts[39m
[35m[HTTP][39m [90m{"implicit":50}[39m
[35m[HTTP][39m [37m<-- POST /wd/hub/session/2aec28ce-ffab-47f6-9344-8cd6f3a41058/timeouts [39m[32m200[39m [90m2 ms - 14[39m
[35m[HTTP][39m [90m[39m
[35m[HTTP][39m [37m-->[39m [37mGET[39m [37m/wd/hub/session/2aec28ce-ffab-47f6-9344-8cd6f3a41058/window/rect[39m
[35m[HTTP][39m [90m{}[39m
[35m[HTTP][39m [37m<-- GET /wd/hub/session/2aec28ce-ffab-47f6-9344-8cd6f3a41058/window/rect [39m[32m200[39m [90m24 ms - 50[39m
[35m[HTTP][39m [90m[39m
[35m[HTTP][39m [37m-->[39m [37mPOST[39m [37m/wd/hub/session/2aec28ce-ffab-47f6-9344-8cd6f3a41058/elements[39m
[35m[HTTP][39m [90m{"using":"xpath","value":"//*[@class = 'android.widget.Button' and (@text = 'YA' or . = 'YA') and @resource-id = 'android:id/button1']"}[39m
[35m[HTTP][39m [37m<-- POST /wd/hub/session/2aec28ce-ffab-47f6-9344-8cd6f3a41058/elements [39m[32m200[39m [90m717 ms - 139[39m
[35m[HTTP][39m [90m[39m
[35m[HTTP][39m [37m-->[39m [37mGET[39m [37m/wd/hub/session/2aec28ce-ffab-47f6-9344-8cd6f3a41058/element/00000000-0000-05a7-ffff-ffff000030a9/location[39m
[35m[HTTP][39m [90m{}[39m
[35m[W3C (2aec28ce)][39m Driver proxy active, passing request on via HTTP proxy
[35m[WD Proxy][39m Replacing sessionId cf39f428-0755-4216-92b9-c2f1fd074619 with 2aec28ce-ffab-47f6-9344-8cd6f3a41058
[35m[HTTP][39m [37m<-- GET /wd/hub/session/2aec28ce-ffab-47f6-9344-8cd6f3a41058/element/00000000-0000-05a7-ffff-ffff000030a9/location [39m[32m200[39m [90m36 ms - 79[39m
[35m[HTTP][39m [90m[39m
[35m[HTTP][39m [37m-->[39m [37mPOST[39m [37m/wd/hub/session/2aec28ce-ffab-47f6-9344-8cd6f3a41058/timeouts[39m
[35m[HTTP][39m [90m{"implicit":30000}[39m
[35m[HTTP][39m [37m<-- POST /wd/hub/session/2aec28ce-ffab-47f6-9344-8cd6f3a41058/timeouts [39m[32m200[39m [90m1 ms - 14[39m
[35m[HTTP][39m [90m[39m
[35m[HTTP][39m [37m-->[39m [37mPOST[39m [37m/wd/hub/session/2aec28ce-ffab-47f6-9344-8cd6f3a41058/touch/perform[39m
[35m[HTTP][39m [90m{"actions":[{"action":"tap","options":{"x":1,"y":1,"element":"00000000-0000-05a7-ffff-ffff000030a9"}},{"action":"release","options":{}}]}[39m
[35m[UiAutomator2][39m calling get location: 00000000-0000-05a7-ffff-ffff000030a9
[35m[HTTP][39m [37m<-- POST /wd/hub/session/2aec28ce-ffab-47f6-9344-8cd6f3a41058/touch/perform [39m[32m200[39m [90m1313 ms - 14[39m
[35m[HTTP][39m [90m[39m
[35m[HTTP][39m [37m-->[39m [37mGET[39m [37m/wd/hub/session/2aec28ce-ffab-47f6-9344-8cd6f3a41058/context[39m
[35m[HTTP][39m [90m{}[39m
[35m[HTTP][39m [37m<-- GET /wd/hub/session/2aec28ce-ffab-47f6-9344-8cd6f3a41058/context [39m[32m200[39m [90m2 ms - 22[39m
[35m[HTTP][39m [90m[39m
[35m[HTTP][39m [37m-->[39m [37mGET[39m [37m/wd/hub/session/2aec28ce-ffab-47f6-9344-8cd6f3a41058/contexts[39m
[35m[HTTP][39m [90m{}[39m
[35m[HTTP][39m [37m<-- GET /wd/hub/session/2aec28ce-ffab-47f6-9344-8cd6f3a41058/contexts [39m[32m200[39m [90m136 ms - 24[39m
[35m[HTTP][39m [90m[39m
[35m[HTTP][39m [37m-->[39m [37mPOST[39m [37m/wd/hub/session/2aec28ce-ffab-47f6-9344-8cd6f3a41058/context[39m
[35m[HTTP][39m [90m{"name":"NATIVE_APP"}[39m
[35m[HTTP][39m [37m<-- POST /wd/hub/session/2aec28ce-ffab-47f6-9344-8cd6f3a41058/context [39m[32m200[39m [90m1 ms - 14[39m
[35m[HTTP][39m [90m[39m
[35m[HTTP][39m [37m-->[39m [37mGET[39m [37m/wd/hub/session/2aec28ce-ffab-47f6-9344-8cd6f3a41058/window/rect[39m
[35m[HTTP][39m [90m{}[39m
[35m[HTTP][39m [37m<-- GET /wd/hub/session/2aec28ce-ffab-47f6-9344-8cd6f3a41058/window/rect [39m[32m200[39m [90m37 ms - 50[39m
[35m[HTTP][39m [90m[39m
[35m[HTTP][39m [37m-->[39m [37mPOST[39m [37m/wd/hub/session/2aec28ce-ffab-47f6-9344-8cd6f3a41058/execute/sync[39m
[35m[HTTP][39m [90m{"script":"mobile: viewportScreenshot","args":[]}[39m
[35m[AndroidDriver][39m Executing native command 'mobile: viewportScreenshot'
[35m[HTTP][39m [37m<-- POST /wd/hub/session/2aec28ce-ffab-47f6-9344-8cd6f3a41058/execute/sync [39m[32m200[39m [90m1235 ms - 142572[39m
[35m[HTTP][39m [90m[39m
[35m[HTTP][39m [37m-->[39m [37mPOST[39m [37m/wd/hub/session/2aec28ce-ffab-47f6-9344-8cd6f3a41058/context[39m
[35m[HTTP][39m [90m{"name":"NATIVE_APP"}[39m
[35m[HTTP][39m [37m<-- POST /wd/hub/session/2aec28ce-ffab-47f6-9344-8cd6f3a41058/context [39m[32m200[39m [90m2 ms - 14[39m
[35m[HTTP][39m [90m[39m
[35m[HTTP][39m [37m-->[39m [37mPOST[39m [37m/wd/hub/session/2aec28ce-ffab-47f6-9344-8cd6f3a41058/timeouts[39m
[35m[HTTP][39m [90m{"implicit":50}[39m
[35m[HTTP][39m [37m<-- POST /wd/hub/session/2aec28ce-ffab-47f6-9344-8cd6f3a41058/timeouts [39m[32m200[39m [90m1 ms - 14[39m
[35m[HTTP][39m [90m[39m
[35m[HTTP][39m [37m-->[39m [37mGET[39m [37m/wd/hub/session/2aec28ce-ffab-47f6-9344-8cd6f3a41058/window/rect[39m
[35m[HTTP][39m [90m{}[39m
[35m[HTTP][39m [37m<-- GET /wd/hub/session/2aec28ce-ffab-47f6-9344-8cd6f3a41058/window/rect [39m[32m200[39m [90m48 ms - 50[39m
[35m[HTTP][39m [90m[39m
[35m[HTTP][39m [37m-->[39m [37mPOST[39m [37m/wd/hub/session/2aec28ce-ffab-47f6-9344-8cd6f3a41058/elements[39m
[35m[HTTP][39m [90m{"using":"xpath","value":"//*[@class = 'android.widget.Button' and (@text = 'Kembali' or . = 'Kembali') and @resource-id = 'com.vq.mbrochuregp.client.android:id/btn_asuransi_save_back']"}[39m
[35m[HTTP][39m [37m<-- POST /wd/hub/session/2aec28ce-ffab-47f6-9344-8cd6f3a41058/elements [39m[32m200[39m [90m205 ms - 139[39m
[35m[HTTP][39m [90m[39m
[35m[HTTP][39m [37m-->[39m [37mGET[39m [37m/wd/hub/session/2aec28ce-ffab-47f6-9344-8cd6f3a41058/element/00000000-0000-05a8-ffff-ffff000030be/location[39m
[35m[HTTP][39m [90m{}[39m
[35m[W3C (2aec28ce)][39m Driver proxy active, passing request on via HTTP proxy
[35m[WD Proxy][39m Replacing sessionId cf39f428-0755-4216-92b9-c2f1fd074619 with 2aec28ce-ffab-47f6-9344-8cd6f3a41058
[35m[HTTP][39m [37m<-- GET /wd/hub/session/2aec28ce-ffab-47f6-9344-8cd6f3a41058/element/00000000-0000-05a8-ffff-ffff000030be/location [39m[32m200[39m [90m37 ms - 79[39m
[35m[HTTP][39m [90m[39m
[35m[HTTP][39m [37m-->[39m [37mPOST[39m [37m/wd/hub/session/2aec28ce-ffab-47f6-9344-8cd6f3a41058/timeouts[39m
[35m[HTTP][39m [90m{"implicit":30000}[39m
[35m[HTTP][39m [37m<-- POST /wd/hub/session/2aec28ce-ffab-47f6-9344-8cd6f3a41058/timeouts [39m[32m200[39m [90m1 ms - 14[39m
[35m[HTTP][39m [90m[39m
[35m[HTTP][39m [37m-->[39m [37mPOST[39m [37m/wd/hub/session/2aec28ce-ffab-47f6-9344-8cd6f3a41058/touch/perform[39m
[35m[HTTP][39m [90m{"actions":[{"action":"tap","options":{"x":1,"y":1,"element":"00000000-0000-05a8-ffff-ffff000030be"}},{"action":"release","options":{}}]}[39m
[35m[UiAutomator2][39m calling get location: 00000000-0000-05a8-ffff-ffff000030be
[35m[HTTP][39m [37m<-- POST /wd/hub/session/2aec28ce-ffab-47f6-9344-8cd6f3a41058/touch/perform [39m[32m200[39m [90m250 ms - 14[39m
[35m[HTTP][39m [90m[39m
[35m[HTTP][39m [37m-->[39m [37mGET[39m [37m/wd/hub/session/2aec28ce-ffab-47f6-9344-8cd6f3a41058/context[39m
[35m[HTTP][39m [90m{}[39m
[35m[HTTP][39m [37m<-- GET /wd/hub/session/2aec28ce-ffab-47f6-9344-8cd6f3a41058/context [39m[32m200[39m [90m1 ms - 22[39m
[35m[HTTP][39m [90m[39m
[35m[HTTP][39m [37m-->[39m [37mGET[39m [37m/wd/hub/session/2aec28ce-ffab-47f6-9344-8cd6f3a41058/contexts[39m
[35m[HTTP][39m [90m{}[39m
[35m[HTTP][39m [37m<-- GET /wd/hub/session/2aec28ce-ffab-47f6-9344-8cd6f3a41058/contexts [39m[32m200[39m [90m109 ms - 24[39m
[35m[HTTP][39m [90m[39m
[35m[HTTP][39m [37m-->[39m [37mPOST[39m [37m/wd/hub/session/2aec28ce-ffab-47f6-9344-8cd6f3a41058/context[39m
[35m[HTTP][39m [90m{"name":"NATIVE_APP"}[39m
[35m[HTTP][39m [37m<-- POST /wd/hub/session/2aec28ce-ffab-47f6-9344-8cd6f3a41058/context [39m[32m200[39m [90m1 ms - 14[39m
[35m[HTTP][39m [90m[39m
[35m[HTTP][39m [37m-->[39m [37mPOST[39m [37m/wd/hub/session/2aec28ce-ffab-47f6-9344-8cd6f3a41058/appium/device/press_keycode[39m
[35m[HTTP][39m [90m{"keycode":4}[39m
[35m[HTTP][39m [37m<-- POST /wd/hub/session/2aec28ce-ffab-47f6-9344-8cd6f3a41058/appium/device/press_keycode [39m[32m200[39m [90m1213 ms - 14[39m
[35m[HTTP][39m [90m[39m
[35m[HTTP][39m [37m-->[39m [37mPOST[39m [37m/wd/hub/session/2aec28ce-ffab-47f6-9344-8cd6f3a41058/context[39m
[35m[HTTP][39m [90m{"name":"NATIVE_APP"}[39m
[35m[HTTP][39m [37m<-- POST /wd/hub/session/2aec28ce-ffab-47f6-9344-8cd6f3a41058/context [39m[32m200[39m [90m1 ms - 14[39m
[35m[HTTP][39m [90m[39m
[35m[HTTP][39m [37m-->[39m [37mGET[39m [37m/wd/hub/session/2aec28ce-ffab-47f6-9344-8cd6f3a41058/context[39m
[35m[HTTP][39m [90m{}[39m
[35m[HTTP][39m [37m<-- GET /wd/hub/session/2aec28ce-ffab-47f6-9344-8cd6f3a41058/context [39m[32m200[39m [90m2 ms - 22[39m
[35m[HTTP][39m [90m[39m
[35m[HTTP][39m [37m-->[39m [37mGET[39m [37m/wd/hub/session/2aec28ce-ffab-47f6-9344-8cd6f3a41058/contexts[39m
[35m[HTTP][39m [90m{}[39m
[35m[HTTP][39m [37m<-- GET /wd/hub/session/2aec28ce-ffab-47f6-9344-8cd6f3a41058/contexts [39m[32m200[39m [90m85 ms - 24[39m
[35m[HTTP][39m [90m[39m
[35m[HTTP][39m [37m-->[39m [37mPOST[39m [37m/wd/hub/session/2aec28ce-ffab-47f6-9344-8cd6f3a41058/context[39m
[35m[HTTP][39m [90m{"name":"NATIVE_APP"}[39m
[35m[HTTP][39m [37m<-- POST /wd/hub/session/2aec28ce-ffab-47f6-9344-8cd6f3a41058/context [39m[32m200[39m [90m1 ms - 14[39m
[35m[HTTP][39m [90m[39m
[35m[HTTP][39m [37m-->[39m [37mPOST[39m [37m/wd/hub/session/2aec28ce-ffab-47f6-9344-8cd6f3a41058/appium/device/press_keycode[39m
[35m[HTTP][39m [90m{"keycode":4}[39m
[35m[HTTP][39m [37m<-- POST /wd/hub/session/2aec28ce-ffab-47f6-9344-8cd6f3a41058/appium/device/press_keycode [39m[32m200[39m [90m2024 ms - 14[39m
[35m[HTTP][39m [90m[39m
[35m[HTTP][39m [37m-->[39m [37mPOST[39m [37m/wd/hub/session/2aec28ce-ffab-47f6-9344-8cd6f3a41058/context[39m
[35m[HTTP][39m [90m{"name":"NATIVE_APP"}[39m
[35m[HTTP][39m [37m<-- POST /wd/hub/session/2aec28ce-ffab-47f6-9344-8cd6f3a41058/context [39m[32m200[39m [90m1 ms - 14[39m
[35m[HTTP][39m [90m[39m
[35m[HTTP][39m [37m-->[39m [37mGET[39m [37m/wd/hub/session/2aec28ce-ffab-47f6-9344-8cd6f3a41058/window/rect[39m
[35m[HTTP][39m [90m{}[39m
[35m[HTTP][39m [37m<-- GET /wd/hub/session/2aec28ce-ffab-47f6-9344-8cd6f3a41058/window/rect [39m[32m200[39m [90m15 ms - 50[39m
[35m[HTTP][39m [90m[39m
[35m[HTTP][39m [37m-->[39m [37mPOST[39m [37m/wd/hub/session/2aec28ce-ffab-47f6-9344-8cd6f3a41058/elements[39m
[35m[HTTP][39m [90m{"using":"xpath","value":"//*[@resource-id = 'com.vq.mbrochuregp.client.android:id/iv_home_profil_icon' and @package = 'com.vq.mbrochuregp.client.android']"}[39m
[35m[HTTP][39m [37m<-- POST /wd/hub/session/2aec28ce-ffab-47f6-9344-8cd6f3a41058/elements [39m[32m200[39m [90m846 ms - 139[39m
[35m[HTTP][39m [90m[39m
[35m[HTTP][39m [37m-->[39m [37mGET[39m [37m/wd/hub/session/2aec28ce-ffab-47f6-9344-8cd6f3a41058/element/00000000-0000-05ad-ffff-ffff00003165/location[39m
[35m[HTTP][39m [90m{}[39m
[35m[W3C (2aec28ce)][39m Driver proxy active, passing request on via HTTP proxy
[35m[WD Proxy][39m Replacing sessionId cf39f428-0755-4216-92b9-c2f1fd074619 with 2aec28ce-ffab-47f6-9344-8cd6f3a41058
[35m[HTTP][39m [37m<-- GET /wd/hub/session/2aec28ce-ffab-47f6-9344-8cd6f3a41058/element/00000000-0000-05ad-ffff-ffff00003165/location [39m[32m200[39m [90m45 ms - 79[39m
[35m[HTTP][39m [90m[39m
[35m[HTTP][39m [37m-->[39m [37mPOST[39m [37m/wd/hub/session/2aec28ce-ffab-47f6-9344-8cd6f3a41058/element/00000000-0000-05ad-ffff-ffff00003165/click[39m
[35m[HTTP][39m [90m{"id":"00000000-0000-05ad-ffff-ffff00003165"}[39m
[35m[HTTP][39m [37m<-- POST /wd/hub/session/2aec28ce-ffab-47f6-9344-8cd6f3a41058/element/00000000-0000-05ad-ffff-ffff00003165/click [39m[32m200[39m [90m81 ms - 14[39m
[35m[HTTP][39m [90m[39m
[35m[HTTP][39m [37m-->[39m [37mDELETE[39m [37m/wd/hub/session/2aec28ce-ffab-47f6-9344-8cd6f3a41058[39m
[35m[HTTP][39m [90m{}[39m
[35m[Appium][39m Removing session 2aec28ce-ffab-47f6-9344-8cd6f3a41058 from our master session list
[35m[UiAutomator2][39m Restoring hidden api policy to the device default configuration
[35m[HTTP][39m [37m<-- DELETE /wd/hub/session/2aec28ce-ffab-47f6-9344-8cd6f3a41058 [39m[32m200[39m [90m532 ms - 14[39m
[35m[HTTP][39m [90m[39m
