[35m[Appium][39m Welcome to Appium v1.22.2
[35m[Appium][39m Non-default server args:
[35m[Appium][39m   port: 61379
[35m[Appium][39m   loglevel: info
[35m[Appium][39m   tmpDir: C:\Users\NIAYUS~1\AppData\Local\Temp\\Katalon\Appium\Temp1655435262673
[35m[Appium][39m   chromedriverPort: 61380
[35m[Appium][39m Deprecated server args:
[35m[Appium][39m   [31m--chromedriver-port[39m => --default-capabilities
[35m[Appium][39m Default capabilities, which will be added to each request unless overridden by desired capabilities:
[35m[Appium][39m   chromedriverPort: 61380
[35m[Appium][39m Appium REST http interface listener started on 0.0.0.0:61379
[35m[HTTP][39m [37m-->[39m [37mGET[39m [37m/wd/hub/status[39m
[35m[HTTP][39m [90m{}[39m
[35m[HTTP][39m [37m<-- GET /wd/hub/status [39m[32m200[39m [90m17 ms - 68[39m
[35m[HTTP][39m [90m[39m
[35m[HTTP][39m [37m-->[39m [37mPOST[39m [37m/wd/hub/session[39m
[35m[HTTP][39m [90m{"desiredCapabilities":{"appActivity":".Settings","appPackage":"com.android.settings","newCommandTimeout":1800,"platformVersion":"11","automationName":"uiautomator2","autoGrantPermissions":true,"platformName":"Android","udid":"RR8N605F11Y","deviceName":"samsung SM-M315F (Android 11)","platform":"ANDROID","systemPort":8241},"capabilities":{"firstMatch":[{"appium:appActivity":".Settings","appium:appPackage":"com.android.settings","appium:autoGrantPermissions":true,"appium:automationName":"uiautomator2","appium:deviceName":"samsung SM-M315F (Android 11)","appium:newCommandTimeout":1800,"platform":"ANDROID","platformName":"android","appium:platformVersion":"11","appium:systemPort":8241,"appium:udid":"RR8N605F11Y"}]}}[39m
[35m[BaseDriver][39m The following capabilities are not standard capabilities and should have an extension prefix:
[35m[BaseDriver][39m   platform
[35m[BaseDriver][39m   chromedriverPort
[35m[Appium][39m Appium v1.22.2 creating new AndroidUiautomator2Driver (v1.70.1) session
[35m[BaseDriver][39m The following capabilities were provided, but are not recognized by Appium:
[35m[BaseDriver][39m   platform
[35m[BaseDriver][39m Session created with session id: 38d7e5b5-063d-4b7d-b873-f874bcef5028
[35m[UiAutomator2][39m Starting 'com.android.settings' directly on the device
[35m[ADB][39m Cannot sort build-tools folders ["29.0.3","android-8.1.0"] by semantic version names.
[35m[ADB][39m Falling back to sorting by modification date. Original error: Invalid Version: android-8.1.0
[35m[ADB][39m Found 2 'build-tools' folders under 'C:\Users\Nia Yusniati\.katalon\tools\android_sdk' (newest first):
[35m[ADB][39m     C:/Users/Nia Yusniati/.katalon/tools/android_sdk/build-tools/29.0.3
[35m[ADB][39m     C:/Users/Nia Yusniati/.katalon/tools/android_sdk/build-tools/android-8.1.0
[35m[ADB][39m Using 'adb.exe' from 'C:\Users\Nia Yusniati\.katalon\tools\android_sdk\platform-tools\adb.exe'
[35m[AndroidDriver][39m Retrieving device list
[35m[AndroidDriver][39m Using device: RR8N605F11Y
[35m[ADB][39m Using 'adb.exe' from 'C:\Users\Nia Yusniati\.katalon\tools\android_sdk\platform-tools\adb.exe'
[35m[ADB][39m Getting device platform version
[35m[UiAutomator2][39m Relaxing hidden api policy
[35m[AndroidDriver][39m No app sent in, not parsing package/activity
[35m[ADB][39m Using 'apksigner.jar' from 'C:\Users\Nia Yusniati\.katalon\tools\android_sdk\build-tools\29.0.3\lib\apksigner.jar'
[35m[ADB][39m 'C:\Users\Nia Yusniati\AppData\Roaming\npm\node_modules\appium\node_modules\appium-uiautomator2-server\apks\appium-uiautomator2-server-v4.27.0.apk' is signed with the default certificate
[35m[ADB][39m 'C:\Users\Nia Yusniati\AppData\Roaming\npm\node_modules\appium\node_modules\appium-uiautomator2-server\apks\appium-uiautomator2-server-debug-androidTest.apk' is signed with the default certificate
[35m[UiAutomator2][39m Server packages are not going to be (re)installed
[35m[ADB][39m Adding packages ["io.appium.settings","io.appium.uiautomator2.server","io.appium.uiautomator2.server.test"] to Doze whitelist
[35m[UiAutomator2][39m Starting UIAutomator2 server 4.27.0
[35m[UiAutomator2][39m Using UIAutomator2 server from 'C:\Users\Nia Yusniati\AppData\Roaming\npm\node_modules\appium\node_modules\appium-uiautomator2-server\apks\appium-uiautomator2-server-v4.27.0.apk' and test from 'C:\Users\Nia Yusniati\AppData\Roaming\npm\node_modules\appium\node_modules\appium-uiautomator2-server\apks\appium-uiautomator2-server-debug-androidTest.apk'
[35m[UiAutomator2][39m Waiting up to 30000ms for UiAutomator2 to be online...
[35m[WD Proxy][39m socket hang up
[35m[WD Proxy][39m socket hang up
[35m[WD Proxy][39m socket hang up
[35m[WD Proxy][39m Determined the downstream protocol as 'W3C'
[35m[AndroidDriver][39m Screen already unlocked, doing nothing
[35m[UiAutomator2][39m Starting 'com.android.settings/.Settings and waiting for 'com.android.settings/.Settings'
[35m[Appium][39m New AndroidUiautomator2Driver session created successfully, session 38d7e5b5-063d-4b7d-b873-f874bcef5028 added to master session list
[35m[HTTP][39m [37m<-- POST /wd/hub/session [39m[32m200[39m [90m10310 ms - 1158[39m
[35m[HTTP][39m [90m[39m
[35m[HTTP][39m [37m-->[39m [37mGET[39m [37m/wd/hub/session/38d7e5b5-063d-4b7d-b873-f874bcef5028[39m
[35m[HTTP][39m [90m{}[39m
[35m[HTTP][39m [37m<-- GET /wd/hub/session/38d7e5b5-063d-4b7d-b873-f874bcef5028 [39m[32m200[39m [90m12 ms - 1112[39m
[35m[HTTP][39m [90m[39m
[35m[HTTP][39m [37m-->[39m [37mGET[39m [37m/wd/hub/session/38d7e5b5-063d-4b7d-b873-f874bcef5028[39m
[35m[HTTP][39m [90m{}[39m
[35m[HTTP][39m [37m<-- GET /wd/hub/session/38d7e5b5-063d-4b7d-b873-f874bcef5028 [39m[32m200[39m [90m10 ms - 1112[39m
[35m[HTTP][39m [90m[39m
[35m[HTTP][39m [37m-->[39m [37mGET[39m [37m/wd/hub/status[39m
[35m[HTTP][39m [90m{}[39m
[35m[HTTP][39m [37m<-- GET /wd/hub/status [39m[32m200[39m [90m1 ms - 68[39m
[35m[HTTP][39m [90m[39m
[35m[HTTP][39m [37m-->[39m [37mPOST[39m [37m/wd/hub/session/38d7e5b5-063d-4b7d-b873-f874bcef5028/timeouts[39m
[35m[HTTP][39m [90m{"implicit":30000}[39m
[35m[HTTP][39m [37m<-- POST /wd/hub/session/38d7e5b5-063d-4b7d-b873-f874bcef5028/timeouts [39m[32m200[39m [90m4 ms - 14[39m
[35m[HTTP][39m [90m[39m
[35m[HTTP][39m [37m-->[39m [37mGET[39m [37m/wd/hub/session/38d7e5b5-063d-4b7d-b873-f874bcef5028/screenshot[39m
[35m[HTTP][39m [90m{}[39m
[35m[HTTP][39m [37m<-- GET /wd/hub/session/38d7e5b5-063d-4b7d-b873-f874bcef5028/screenshot [39m[32m200[39m [90m528 ms - 219382[39m
[35m[HTTP][39m [90m[39m
[35m[HTTP][39m [37m-->[39m [37mGET[39m [37m/wd/hub/session/38d7e5b5-063d-4b7d-b873-f874bcef5028/window/rect[39m
[35m[HTTP][39m [90m{}[39m
[35m[HTTP][39m [37m<-- GET /wd/hub/session/38d7e5b5-063d-4b7d-b873-f874bcef5028/window/rect [39m[32m200[39m [90m21 ms - 50[39m
[35m[HTTP][39m [90m[39m
[35m[HTTP][39m [37m-->[39m [37mGET[39m [37m/wd/hub/session/38d7e5b5-063d-4b7d-b873-f874bcef5028/appium/device/system_bars[39m
[35m[HTTP][39m [90m{}[39m
[35m[HTTP][39m [37m<-- GET /wd/hub/session/38d7e5b5-063d-4b7d-b873-f874bcef5028/appium/device/system_bars [39m[32m200[39m [90m119 ms - 148[39m
[35m[HTTP][39m [90m[39m
[35m[HTTP][39m [37m-->[39m [37mPOST[39m [37m/wd/hub/session/38d7e5b5-063d-4b7d-b873-f874bcef5028/appium/device/activate_app[39m
[35m[HTTP][39m [90m{"bundleId":"com.vq.mbrochuregp.client.android"}[39m
[35m[HTTP][39m [37m<-- POST /wd/hub/session/38d7e5b5-063d-4b7d-b873-f874bcef5028/appium/device/activate_app [39m[32m200[39m [90m573 ms - 14[39m
[35m[HTTP][39m [90m[39m
[35m[HTTP][39m [37m-->[39m [37mGET[39m [37m/wd/hub/session/38d7e5b5-063d-4b7d-b873-f874bcef5028/window/rect[39m
[35m[HTTP][39m [90m{}[39m
[35m[HTTP][39m [37m<-- GET /wd/hub/session/38d7e5b5-063d-4b7d-b873-f874bcef5028/window/rect [39m[32m200[39m [90m37 ms - 50[39m
[35m[HTTP][39m [90m[39m
[35m[HTTP][39m [37m-->[39m [37mPOST[39m [37m/wd/hub/session/38d7e5b5-063d-4b7d-b873-f874bcef5028/elements[39m
[35m[HTTP][39m [90m{"using":"xpath","value":"//*[@resource-id = 'com.vq.mbrochuregp.client.android:id/iv_home_profil_icon' and @package = 'com.vq.mbrochuregp.client.android']"}[39m
[35m[HTTP][39m [37m<-- POST /wd/hub/session/38d7e5b5-063d-4b7d-b873-f874bcef5028/elements [39m[32m200[39m [90m1474 ms - 139[39m
[35m[HTTP][39m [90m[39m
[35m[HTTP][39m [37m-->[39m [37mGET[39m [37m/wd/hub/session/38d7e5b5-063d-4b7d-b873-f874bcef5028/element/00000000-0000-0aa4-ffff-ffff00004a77/location[39m
[35m[HTTP][39m [90m{}[39m
[35m[W3C (38d7e5b5)][39m Driver proxy active, passing request on via HTTP proxy
[35m[WD Proxy][39m Replacing sessionId f8b1b7eb-3f7d-4115-b42e-11a5783b8a1a with 38d7e5b5-063d-4b7d-b873-f874bcef5028
[35m[HTTP][39m [37m<-- GET /wd/hub/session/38d7e5b5-063d-4b7d-b873-f874bcef5028/element/00000000-0000-0aa4-ffff-ffff00004a77/location [39m[32m200[39m [90m54 ms - 79[39m
[35m[HTTP][39m [90m[39m
[35m[HTTP][39m [37m-->[39m [37mPOST[39m [37m/wd/hub/session/38d7e5b5-063d-4b7d-b873-f874bcef5028/element/00000000-0000-0aa4-ffff-ffff00004a77/click[39m
[35m[HTTP][39m [90m{"id":"00000000-0000-0aa4-ffff-ffff00004a77"}[39m
[35m[HTTP][39m [37m<-- POST /wd/hub/session/38d7e5b5-063d-4b7d-b873-f874bcef5028/element/00000000-0000-0aa4-ffff-ffff00004a77/click [39m[32m200[39m [90m90 ms - 14[39m
[35m[HTTP][39m [90m[39m
[35m[HTTP][39m [37m-->[39m [37mPOST[39m [37m/wd/hub/session/38d7e5b5-063d-4b7d-b873-f874bcef5028/timeouts[39m
[35m[HTTP][39m [90m{"implicit":50}[39m
[35m[HTTP][39m [37m<-- POST /wd/hub/session/38d7e5b5-063d-4b7d-b873-f874bcef5028/timeouts [39m[32m200[39m [90m2 ms - 14[39m
[35m[HTTP][39m [90m[39m
[35m[HTTP][39m [37m-->[39m [37mGET[39m [37m/wd/hub/session/38d7e5b5-063d-4b7d-b873-f874bcef5028/window/rect[39m
[35m[HTTP][39m [90m{}[39m
[35m[HTTP][39m [37m<-- GET /wd/hub/session/38d7e5b5-063d-4b7d-b873-f874bcef5028/window/rect [39m[32m200[39m [90m26 ms - 50[39m
[35m[HTTP][39m [90m[39m
[35m[HTTP][39m [37m-->[39m [37mPOST[39m [37m/wd/hub/session/38d7e5b5-063d-4b7d-b873-f874bcef5028/elements[39m
[35m[HTTP][39m [90m{"using":"xpath","value":"//hierarchy/android.widget.FrameLayout[1]/android.widget.LinearLayout[1]/android.widget.FrameLayout[1]/android.widget.LinearLayout[1]/android.widget.FrameLayout[1]/android.view.ViewGroup[1]/android.widget.ScrollView[1]/android.widget.LinearLayout[1]/android.view.ViewGroup[1]/android.widget.LinearLayout[1]/android.widget.FrameLayout[1]/android.widget.EditText[1]"}[39m
[35m[HTTP][39m [37m<-- POST /wd/hub/session/38d7e5b5-063d-4b7d-b873-f874bcef5028/elements [39m[32m200[39m [90m203 ms - 139[39m
[35m[HTTP][39m [90m[39m
[35m[HTTP][39m [37m-->[39m [37mGET[39m [37m/wd/hub/session/38d7e5b5-063d-4b7d-b873-f874bcef5028/element/00000000-0000-0ac8-ffff-ffff00004af1/location[39m
[35m[HTTP][39m [90m{}[39m
[35m[W3C (38d7e5b5)][39m Driver proxy active, passing request on via HTTP proxy
[35m[WD Proxy][39m Replacing sessionId f8b1b7eb-3f7d-4115-b42e-11a5783b8a1a with 38d7e5b5-063d-4b7d-b873-f874bcef5028
[35m[HTTP][39m [37m<-- GET /wd/hub/session/38d7e5b5-063d-4b7d-b873-f874bcef5028/element/00000000-0000-0ac8-ffff-ffff00004af1/location [39m[32m200[39m [90m50 ms - 77[39m
[35m[HTTP][39m [90m[39m
[35m[HTTP][39m [37m-->[39m [37mPOST[39m [37m/wd/hub/session/38d7e5b5-063d-4b7d-b873-f874bcef5028/timeouts[39m
[35m[HTTP][39m [90m{"implicit":30000}[39m
[35m[HTTP][39m [37m<-- POST /wd/hub/session/38d7e5b5-063d-4b7d-b873-f874bcef5028/timeouts [39m[32m200[39m [90m3 ms - 14[39m
[35m[HTTP][39m [90m[39m
[35m[HTTP][39m [37m-->[39m [37mPOST[39m [37m/wd/hub/session/38d7e5b5-063d-4b7d-b873-f874bcef5028/element/00000000-0000-0ac8-ffff-ffff00004af1/clear[39m
[35m[HTTP][39m [90m{"id":"00000000-0000-0ac8-ffff-ffff00004af1"}[39m
[35m[HTTP][39m [37m<-- POST /wd/hub/session/38d7e5b5-063d-4b7d-b873-f874bcef5028/element/00000000-0000-0ac8-ffff-ffff00004af1/clear [39m[32m200[39m [90m79 ms - 14[39m
[35m[HTTP][39m [90m[39m
[35m[HTTP][39m [37m-->[39m [37mPOST[39m [37m/wd/hub/session/38d7e5b5-063d-4b7d-b873-f874bcef5028/element/00000000-0000-0ac8-ffff-ffff00004af1/value[39m
[35m[HTTP][39m [90m{"id":"00000000-0000-0ac8-ffff-ffff00004af1","text":"rizal@mailinator.com","value":["r","i","z","a","l","@","m","a","i","l","i","n","a","t","o","r",".","c","o","m"]}[39m
[35m[HTTP][39m [37m<-- POST /wd/hub/session/38d7e5b5-063d-4b7d-b873-f874bcef5028/element/00000000-0000-0ac8-ffff-ffff00004af1/value [39m[32m200[39m [90m1015 ms - 14[39m
[35m[HTTP][39m [90m[39m
[35m[HTTP][39m [37m-->[39m [37mPOST[39m [37m/wd/hub/session/38d7e5b5-063d-4b7d-b873-f874bcef5028/timeouts[39m
[35m[HTTP][39m [90m{"implicit":50}[39m
[35m[HTTP][39m [37m<-- POST /wd/hub/session/38d7e5b5-063d-4b7d-b873-f874bcef5028/timeouts [39m[32m200[39m [90m2 ms - 14[39m
[35m[HTTP][39m [90m[39m
[35m[HTTP][39m [37m-->[39m [37mGET[39m [37m/wd/hub/session/38d7e5b5-063d-4b7d-b873-f874bcef5028/window/rect[39m
[35m[HTTP][39m [90m{}[39m
[35m[HTTP][39m [37m<-- GET /wd/hub/session/38d7e5b5-063d-4b7d-b873-f874bcef5028/window/rect [39m[32m200[39m [90m24 ms - 50[39m
[35m[HTTP][39m [90m[39m
[35m[HTTP][39m [37m-->[39m [37mPOST[39m [37m/wd/hub/session/38d7e5b5-063d-4b7d-b873-f874bcef5028/elements[39m
[35m[HTTP][39m [90m{"using":"xpath","value":"//hierarchy/android.widget.FrameLayout[1]/android.widget.LinearLayout[1]/android.widget.FrameLayout[1]/android.widget.LinearLayout[1]/android.widget.FrameLayout[1]/android.view.ViewGroup[1]/android.widget.ScrollView[1]/android.widget.LinearLayout[1]/android.view.ViewGroup[1]/android.widget.LinearLayout[2]/android.widget.FrameLayout[1]/android.widget.EditText[1]"}[39m
[35m[HTTP][39m [37m<-- POST /wd/hub/session/38d7e5b5-063d-4b7d-b873-f874bcef5028/elements [39m[32m200[39m [90m368 ms - 139[39m
[35m[HTTP][39m [90m[39m
[35m[HTTP][39m [37m-->[39m [37mGET[39m [37m/wd/hub/session/38d7e5b5-063d-4b7d-b873-f874bcef5028/element/00000000-0000-0ac8-ffff-ffff00004af5/location[39m
[35m[HTTP][39m [90m{}[39m
[35m[W3C (38d7e5b5)][39m Driver proxy active, passing request on via HTTP proxy
[35m[WD Proxy][39m Replacing sessionId f8b1b7eb-3f7d-4115-b42e-11a5783b8a1a with 38d7e5b5-063d-4b7d-b873-f874bcef5028
[35m[HTTP][39m [37m<-- GET /wd/hub/session/38d7e5b5-063d-4b7d-b873-f874bcef5028/element/00000000-0000-0ac8-ffff-ffff00004af5/location [39m[32m200[39m [90m35 ms - 78[39m
[35m[HTTP][39m [90m[39m
[35m[HTTP][39m [37m-->[39m [37mPOST[39m [37m/wd/hub/session/38d7e5b5-063d-4b7d-b873-f874bcef5028/timeouts[39m
[35m[HTTP][39m [90m{"implicit":30000}[39m
[35m[HTTP][39m [37m<-- POST /wd/hub/session/38d7e5b5-063d-4b7d-b873-f874bcef5028/timeouts [39m[32m200[39m [90m3 ms - 14[39m
[35m[HTTP][39m [90m[39m
[35m[HTTP][39m [37m-->[39m [37mPOST[39m [37m/wd/hub/session/38d7e5b5-063d-4b7d-b873-f874bcef5028/element/00000000-0000-0ac8-ffff-ffff00004af5/clear[39m
[35m[HTTP][39m [90m{"id":"00000000-0000-0ac8-ffff-ffff00004af5"}[39m
[35m[HTTP][39m [37m<-- POST /wd/hub/session/38d7e5b5-063d-4b7d-b873-f874bcef5028/element/00000000-0000-0ac8-ffff-ffff00004af5/clear [39m[32m200[39m [90m36 ms - 14[39m
[35m[HTTP][39m [90m[39m
[35m[HTTP][39m [37m-->[39m [37mPOST[39m [37m/wd/hub/session/38d7e5b5-063d-4b7d-b873-f874bcef5028/element/00000000-0000-0ac8-ffff-ffff00004af5/value[39m
[35m[HTTP][39m [90m{"id":"00000000-0000-0ac8-ffff-ffff00004af5","text":"123abc","value":["1","2","3","a","b","c"]}[39m
[35m[HTTP][39m [37m<-- POST /wd/hub/session/38d7e5b5-063d-4b7d-b873-f874bcef5028/element/00000000-0000-0ac8-ffff-ffff00004af5/value [39m[32m200[39m [90m1009 ms - 14[39m
[35m[HTTP][39m [90m[39m
[35m[HTTP][39m [37m-->[39m [37mGET[39m [37m/wd/hub/session/38d7e5b5-063d-4b7d-b873-f874bcef5028/context[39m
[35m[HTTP][39m [90m{}[39m
[35m[HTTP][39m [37m<-- GET /wd/hub/session/38d7e5b5-063d-4b7d-b873-f874bcef5028/context [39m[32m200[39m [90m1 ms - 22[39m
[35m[HTTP][39m [90m[39m
[35m[HTTP][39m [37m-->[39m [37mGET[39m [37m/wd/hub/session/38d7e5b5-063d-4b7d-b873-f874bcef5028/contexts[39m
[35m[HTTP][39m [90m{}[39m
[35m[HTTP][39m [37m<-- GET /wd/hub/session/38d7e5b5-063d-4b7d-b873-f874bcef5028/contexts [39m[32m200[39m [90m92 ms - 24[39m
[35m[HTTP][39m [90m[39m
[35m[HTTP][39m [37m-->[39m [37mPOST[39m [37m/wd/hub/session/38d7e5b5-063d-4b7d-b873-f874bcef5028/context[39m
[35m[HTTP][39m [90m{"name":"NATIVE_APP"}[39m
[35m[HTTP][39m [37m<-- POST /wd/hub/session/38d7e5b5-063d-4b7d-b873-f874bcef5028/context [39m[32m200[39m [90m3 ms - 14[39m
[35m[HTTP][39m [90m[39m
[35m[HTTP][39m [37m-->[39m [37mGET[39m [37m/wd/hub/session/38d7e5b5-063d-4b7d-b873-f874bcef5028/window/rect[39m
[35m[HTTP][39m [90m{}[39m
[35m[HTTP][39m [37m<-- GET /wd/hub/session/38d7e5b5-063d-4b7d-b873-f874bcef5028/window/rect [39m[32m200[39m [90m18 ms - 50[39m
[35m[HTTP][39m [90m[39m
[35m[HTTP][39m [37m-->[39m [37mPOST[39m [37m/wd/hub/session/38d7e5b5-063d-4b7d-b873-f874bcef5028/execute/sync[39m
[35m[HTTP][39m [90m{"script":"mobile: viewportScreenshot","args":[]}[39m
[35m[AndroidDriver][39m Executing native command 'mobile: viewportScreenshot'
[35m[HTTP][39m [37m<-- POST /wd/hub/session/38d7e5b5-063d-4b7d-b873-f874bcef5028/execute/sync [39m[32m200[39m [90m1406 ms - 153016[39m
[35m[HTTP][39m [90m[39m
[35m[HTTP][39m [37m-->[39m [37mPOST[39m [37m/wd/hub/session/38d7e5b5-063d-4b7d-b873-f874bcef5028/context[39m
[35m[HTTP][39m [90m{"name":"NATIVE_APP"}[39m
[35m[HTTP][39m [37m<-- POST /wd/hub/session/38d7e5b5-063d-4b7d-b873-f874bcef5028/context [39m[32m200[39m [90m2 ms - 14[39m
[35m[HTTP][39m [90m[39m
[35m[HTTP][39m [37m-->[39m [37mPOST[39m [37m/wd/hub/session/38d7e5b5-063d-4b7d-b873-f874bcef5028/timeouts[39m
[35m[HTTP][39m [90m{"implicit":50}[39m
[35m[HTTP][39m [37m<-- POST /wd/hub/session/38d7e5b5-063d-4b7d-b873-f874bcef5028/timeouts [39m[32m200[39m [90m2 ms - 14[39m
[35m[HTTP][39m [90m[39m
[35m[HTTP][39m [37m-->[39m [37mGET[39m [37m/wd/hub/session/38d7e5b5-063d-4b7d-b873-f874bcef5028/window/rect[39m
[35m[HTTP][39m [90m{}[39m
[35m[HTTP][39m [37m<-- GET /wd/hub/session/38d7e5b5-063d-4b7d-b873-f874bcef5028/window/rect [39m[32m200[39m [90m30 ms - 50[39m
[35m[HTTP][39m [90m[39m
[35m[HTTP][39m [37m-->[39m [37mPOST[39m [37m/wd/hub/session/38d7e5b5-063d-4b7d-b873-f874bcef5028/elements[39m
[35m[HTTP][39m [90m{"using":"xpath","value":"//hierarchy/android.widget.FrameLayout[1]/android.widget.LinearLayout[1]/android.widget.FrameLayout[1]/android.widget.LinearLayout[1]/android.widget.FrameLayout[1]/android.view.ViewGroup[1]/android.widget.ScrollView[1]/android.widget.LinearLayout[1]/android.view.ViewGroup[1]/android.widget.Button[1]"}[39m
[35m[HTTP][39m [37m<-- POST /wd/hub/session/38d7e5b5-063d-4b7d-b873-f874bcef5028/elements [39m[32m200[39m [90m183 ms - 139[39m
[35m[HTTP][39m [90m[39m
[35m[HTTP][39m [37m-->[39m [37mGET[39m [37m/wd/hub/session/38d7e5b5-063d-4b7d-b873-f874bcef5028/element/00000000-0000-0ac8-ffff-ffff00004af8/location[39m
[35m[HTTP][39m [90m{}[39m
[35m[W3C (38d7e5b5)][39m Driver proxy active, passing request on via HTTP proxy
[35m[WD Proxy][39m Replacing sessionId f8b1b7eb-3f7d-4115-b42e-11a5783b8a1a with 38d7e5b5-063d-4b7d-b873-f874bcef5028
[35m[HTTP][39m [37m<-- GET /wd/hub/session/38d7e5b5-063d-4b7d-b873-f874bcef5028/element/00000000-0000-0ac8-ffff-ffff00004af8/location [39m[32m200[39m [90m34 ms - 78[39m
[35m[HTTP][39m [90m[39m
[35m[HTTP][39m [37m-->[39m [37mPOST[39m [37m/wd/hub/session/38d7e5b5-063d-4b7d-b873-f874bcef5028/timeouts[39m
[35m[HTTP][39m [90m{"implicit":30000}[39m
[35m[HTTP][39m [37m<-- POST /wd/hub/session/38d7e5b5-063d-4b7d-b873-f874bcef5028/timeouts [39m[32m200[39m [90m3 ms - 14[39m
[35m[HTTP][39m [90m[39m
[35m[HTTP][39m [37m-->[39m [37mPOST[39m [37m/wd/hub/session/38d7e5b5-063d-4b7d-b873-f874bcef5028/touch/perform[39m
[35m[HTTP][39m [90m{"actions":[{"action":"tap","options":{"x":1,"y":1,"element":"00000000-0000-0ac8-ffff-ffff00004af8"}},{"action":"release","options":{}}]}[39m
[35m[UiAutomator2][39m calling get location: 00000000-0000-0ac8-ffff-ffff00004af8
[35m[HTTP][39m [37m<-- POST /wd/hub/session/38d7e5b5-063d-4b7d-b873-f874bcef5028/touch/perform [39m[32m200[39m [90m243 ms - 14[39m
[35m[HTTP][39m [90m[39m
[35m[HTTP][39m [37m-->[39m [37mGET[39m [37m/wd/hub/session/38d7e5b5-063d-4b7d-b873-f874bcef5028/window/rect[39m
[35m[HTTP][39m [90m{}[39m
[35m[HTTP][39m [37m<-- GET /wd/hub/session/38d7e5b5-063d-4b7d-b873-f874bcef5028/window/rect [39m[32m200[39m [90m25 ms - 50[39m
[35m[HTTP][39m [90m[39m
[35m[HTTP][39m [37m-->[39m [37mPOST[39m [37m/wd/hub/session/38d7e5b5-063d-4b7d-b873-f874bcef5028/elements[39m
[35m[HTTP][39m [90m{"using":"xpath","value":"//*[@resource-id = 'com.vq.mbrochuregp.client.android:id/iv_home_profil_icon' and @package = 'com.vq.mbrochuregp.client.android']"}[39m
[35m[HTTP][39m [37m<-- POST /wd/hub/session/38d7e5b5-063d-4b7d-b873-f874bcef5028/elements [39m[32m200[39m [90m3568 ms - 139[39m
[35m[HTTP][39m [90m[39m
[35m[HTTP][39m [37m-->[39m [37mGET[39m [37m/wd/hub/session/38d7e5b5-063d-4b7d-b873-f874bcef5028/element/00000000-0000-0aca-ffff-ffff00004b52/location[39m
[35m[HTTP][39m [90m{}[39m
[35m[W3C (38d7e5b5)][39m Driver proxy active, passing request on via HTTP proxy
[35m[WD Proxy][39m Replacing sessionId f8b1b7eb-3f7d-4115-b42e-11a5783b8a1a with 38d7e5b5-063d-4b7d-b873-f874bcef5028
[35m[HTTP][39m [37m<-- GET /wd/hub/session/38d7e5b5-063d-4b7d-b873-f874bcef5028/element/00000000-0000-0aca-ffff-ffff00004b52/location [39m[32m200[39m [90m99 ms - 79[39m
[35m[HTTP][39m [90m[39m
[35m[HTTP][39m [37m-->[39m [37mPOST[39m [37m/wd/hub/session/38d7e5b5-063d-4b7d-b873-f874bcef5028/element/00000000-0000-0aca-ffff-ffff00004b52/click[39m
[35m[HTTP][39m [90m{"id":"00000000-0000-0aca-ffff-ffff00004b52"}[39m
[35m[HTTP][39m [37m<-- POST /wd/hub/session/38d7e5b5-063d-4b7d-b873-f874bcef5028/element/00000000-0000-0aca-ffff-ffff00004b52/click [39m[32m200[39m [90m72 ms - 14[39m
[35m[HTTP][39m [90m[39m
[35m[HTTP][39m [37m-->[39m [37mGET[39m [37m/wd/hub/session/38d7e5b5-063d-4b7d-b873-f874bcef5028/context[39m
[35m[HTTP][39m [90m{}[39m
[35m[HTTP][39m [37m<-- GET /wd/hub/session/38d7e5b5-063d-4b7d-b873-f874bcef5028/context [39m[32m200[39m [90m2 ms - 22[39m
[35m[HTTP][39m [90m[39m
[35m[HTTP][39m [37m-->[39m [37mGET[39m [37m/wd/hub/session/38d7e5b5-063d-4b7d-b873-f874bcef5028/contexts[39m
[35m[HTTP][39m [90m{}[39m
[35m[HTTP][39m [37m<-- GET /wd/hub/session/38d7e5b5-063d-4b7d-b873-f874bcef5028/contexts [39m[32m200[39m [90m96 ms - 24[39m
[35m[HTTP][39m [90m[39m
[35m[HTTP][39m [37m-->[39m [37mPOST[39m [37m/wd/hub/session/38d7e5b5-063d-4b7d-b873-f874bcef5028/context[39m
[35m[HTTP][39m [90m{"name":"NATIVE_APP"}[39m
[35m[HTTP][39m [37m<-- POST /wd/hub/session/38d7e5b5-063d-4b7d-b873-f874bcef5028/context [39m[32m200[39m [90m1 ms - 14[39m
[35m[HTTP][39m [90m[39m
[35m[HTTP][39m [37m-->[39m [37mGET[39m [37m/wd/hub/session/38d7e5b5-063d-4b7d-b873-f874bcef5028/window/rect[39m
[35m[HTTP][39m [90m{}[39m
[35m[HTTP][39m [37m<-- GET /wd/hub/session/38d7e5b5-063d-4b7d-b873-f874bcef5028/window/rect [39m[32m200[39m [90m17 ms - 50[39m
[35m[HTTP][39m [90m[39m
[35m[HTTP][39m [37m-->[39m [37mPOST[39m [37m/wd/hub/session/38d7e5b5-063d-4b7d-b873-f874bcef5028/execute/sync[39m
[35m[HTTP][39m [90m{"script":"mobile: viewportScreenshot","args":[]}[39m
[35m[AndroidDriver][39m Executing native command 'mobile: viewportScreenshot'
[35m[HTTP][39m [37m<-- POST /wd/hub/session/38d7e5b5-063d-4b7d-b873-f874bcef5028/execute/sync [39m[32m200[39m [90m2228 ms - 1326812[39m
[35m[HTTP][39m [90m[39m
[35m[HTTP][39m [37m-->[39m [37mPOST[39m [37m/wd/hub/session/38d7e5b5-063d-4b7d-b873-f874bcef5028/context[39m
[35m[HTTP][39m [90m{"name":"NATIVE_APP"}[39m
[35m[HTTP][39m [37m<-- POST /wd/hub/session/38d7e5b5-063d-4b7d-b873-f874bcef5028/context [39m[32m200[39m [90m2 ms - 14[39m
[35m[HTTP][39m [90m[39m
[35m[HTTP][39m [37m-->[39m [37mGET[39m [37m/wd/hub/session/38d7e5b5-063d-4b7d-b873-f874bcef5028/window/rect[39m
[35m[HTTP][39m [90m{}[39m
[35m[HTTP][39m [37m<-- GET /wd/hub/session/38d7e5b5-063d-4b7d-b873-f874bcef5028/window/rect [39m[32m200[39m [90m27 ms - 50[39m
[35m[HTTP][39m [90m[39m
[35m[HTTP][39m [37m-->[39m [37mPOST[39m [37m/wd/hub/session/38d7e5b5-063d-4b7d-b873-f874bcef5028/elements[39m
[35m[HTTP][39m [90m{"using":"xpath","value":"//*[@class = 'android.widget.ImageView' and @resource-id = 'com.vq.mbrochuregp.client.android:id/iv_home_icon' and (@text = '' or . = '')]"}[39m
[35m[HTTP][39m [37m<-- POST /wd/hub/session/38d7e5b5-063d-4b7d-b873-f874bcef5028/elements [39m[32m200[39m [90m344 ms - 139[39m
[35m[HTTP][39m [90m[39m
[35m[HTTP][39m [37m-->[39m [37mGET[39m [37m/wd/hub/session/38d7e5b5-063d-4b7d-b873-f874bcef5028/element/00000000-0000-0acc-ffff-ffff00004bc1/location[39m
[35m[HTTP][39m [90m{}[39m
[35m[W3C (38d7e5b5)][39m Driver proxy active, passing request on via HTTP proxy
[35m[WD Proxy][39m Replacing sessionId f8b1b7eb-3f7d-4115-b42e-11a5783b8a1a with 38d7e5b5-063d-4b7d-b873-f874bcef5028
[35m[HTTP][39m [37m<-- GET /wd/hub/session/38d7e5b5-063d-4b7d-b873-f874bcef5028/element/00000000-0000-0acc-ffff-ffff00004bc1/location [39m[32m200[39m [90m30 ms - 78[39m
[35m[HTTP][39m [90m[39m
[35m[HTTP][39m [37m-->[39m [37mPOST[39m [37m/wd/hub/session/38d7e5b5-063d-4b7d-b873-f874bcef5028/element/00000000-0000-0acc-ffff-ffff00004bc1/click[39m
[35m[HTTP][39m [90m{"id":"00000000-0000-0acc-ffff-ffff00004bc1"}[39m
[35m[HTTP][39m [37m<-- POST /wd/hub/session/38d7e5b5-063d-4b7d-b873-f874bcef5028/element/00000000-0000-0acc-ffff-ffff00004bc1/click [39m[32m200[39m [90m59 ms - 14[39m
[35m[HTTP][39m [90m[39m
[35m[HTTP][39m [37m-->[39m [37mGET[39m [37m/wd/hub/status[39m
[35m[HTTP][39m [90m{}[39m
[35m[HTTP][39m [37m<-- GET /wd/hub/status [39m[32m200[39m [90m1 ms - 68[39m
[35m[HTTP][39m [90m[39m
[35m[HTTP][39m [37m-->[39m [37mPOST[39m [37m/wd/hub/session[39m
[35m[HTTP][39m [90m{"desiredCapabilities":{"appActivity":".Settings","appPackage":"com.android.settings","newCommandTimeout":1800,"platformVersion":"11","automationName":"uiautomator2","autoGrantPermissions":true,"platformName":"Android","udid":"RR8N605F11Y","deviceName":"samsung SM-M315F (Android 11)","platform":"ANDROID","systemPort":8284},"capabilities":{"firstMatch":[{"appium:appActivity":".Settings","appium:appPackage":"com.android.settings","appium:autoGrantPermissions":true,"appium:automationName":"uiautomator2","appium:deviceName":"samsung SM-M315F (Android 11)","appium:newCommandTimeout":1800,"platform":"ANDROID","platformName":"android","appium:platformVersion":"11","appium:systemPort":8284,"appium:udid":"RR8N605F11Y"}]}}[39m
[35m[BaseDriver][39m The following capabilities are not standard capabilities and should have an extension prefix:
[35m[BaseDriver][39m   platform
[35m[BaseDriver][39m   chromedriverPort
[35m[Appium][39m Appium v1.22.2 creating new AndroidUiautomator2Driver (v1.70.1) session
[35m[BaseDriver][39m The following capabilities were provided, but are not recognized by Appium:
[35m[BaseDriver][39m   platform
[35m[BaseDriver][39m Session created with session id: 38ded647-7101-4906-8339-98f4d26326e3
[35m[UiAutomator2][39m Starting 'com.android.settings' directly on the device
[35m[ADB][39m Using 'adb.exe' from 'C:\Users\Nia Yusniati\.katalon\tools\android_sdk\platform-tools\adb.exe'
[35m[AndroidDriver][39m Retrieving device list
[35m[AndroidDriver][39m Using device: RR8N605F11Y
[35m[ADB][39m Using 'adb.exe' from 'C:\Users\Nia Yusniati\.katalon\tools\android_sdk\platform-tools\adb.exe'
[35m[ADB][39m Getting device platform version
[35m[UiAutomator2][39m Relaxing hidden api policy
[35m[AndroidDriver][39m No app sent in, not parsing package/activity
[35m[UiAutomator2][39m Server packages are not going to be (re)installed
[35m[ADB][39m Adding packages ["io.appium.settings","io.appium.uiautomator2.server","io.appium.uiautomator2.server.test"] to Doze whitelist
[35m[UiAutomator2][39m Starting UIAutomator2 server 4.27.0
[35m[UiAutomator2][39m Using UIAutomator2 server from 'C:\Users\Nia Yusniati\AppData\Roaming\npm\node_modules\appium\node_modules\appium-uiautomator2-server\apks\appium-uiautomator2-server-v4.27.0.apk' and test from 'C:\Users\Nia Yusniati\AppData\Roaming\npm\node_modules\appium\node_modules\appium-uiautomator2-server\apks\appium-uiautomator2-server-debug-androidTest.apk'
[35m[UiAutomator2][39m Waiting up to 30000ms for UiAutomator2 to be online...
[35m[WD Proxy][39m socket hang up
[35m[WD Proxy][39m socket hang up
[35m[WD Proxy][39m socket hang up
[35m[WD Proxy][39m Determined the downstream protocol as 'W3C'
[35m[AndroidDriver][39m Screen already unlocked, doing nothing
[35m[UiAutomator2][39m Starting 'com.android.settings/.Settings and waiting for 'com.android.settings/.Settings'
[35m[Appium][39m New AndroidUiautomator2Driver session created successfully, session 38ded647-7101-4906-8339-98f4d26326e3 added to master session list
[35m[HTTP][39m [37m<-- POST /wd/hub/session [39m[32m200[39m [90m8986 ms - 1158[39m
[35m[HTTP][39m [90m[39m
[35m[HTTP][39m [37m-->[39m [37mGET[39m [37m/wd/hub/session/38ded647-7101-4906-8339-98f4d26326e3[39m
[35m[HTTP][39m [90m{}[39m
[35m[HTTP][39m [37m<-- GET /wd/hub/session/38ded647-7101-4906-8339-98f4d26326e3 [39m[32m200[39m [90m27 ms - 1112[39m
[35m[HTTP][39m [90m[39m
[35m[HTTP][39m [37m-->[39m [37mGET[39m [37m/wd/hub/session/38ded647-7101-4906-8339-98f4d26326e3[39m
[35m[HTTP][39m [90m{}[39m
[35m[HTTP][39m [37m<-- GET /wd/hub/session/38ded647-7101-4906-8339-98f4d26326e3 [39m[32m200[39m [90m9 ms - 1112[39m
[35m[HTTP][39m [90m[39m
[35m[HTTP][39m [37m-->[39m [37mGET[39m [37m/wd/hub/status[39m
[35m[HTTP][39m [90m{}[39m
[35m[HTTP][39m [37m<-- GET /wd/hub/status [39m[32m200[39m [90m1 ms - 68[39m
[35m[HTTP][39m [90m[39m
[35m[HTTP][39m [37m-->[39m [37mPOST[39m [37m/wd/hub/session/38ded647-7101-4906-8339-98f4d26326e3/timeouts[39m
[35m[HTTP][39m [90m{"implicit":30000}[39m
[35m[HTTP][39m [37m<-- POST /wd/hub/session/38ded647-7101-4906-8339-98f4d26326e3/timeouts [39m[32m200[39m [90m2 ms - 14[39m
[35m[HTTP][39m [90m[39m
[35m[HTTP][39m [37m-->[39m [37mGET[39m [37m/wd/hub/session/38ded647-7101-4906-8339-98f4d26326e3/screenshot[39m
[35m[HTTP][39m [90m{}[39m
[35m[HTTP][39m [37m<-- GET /wd/hub/session/38ded647-7101-4906-8339-98f4d26326e3/screenshot [39m[32m200[39m [90m542 ms - 227736[39m
[35m[HTTP][39m [90m[39m
[35m[HTTP][39m [37m-->[39m [37mGET[39m [37m/wd/hub/session/38ded647-7101-4906-8339-98f4d26326e3/window/rect[39m
[35m[HTTP][39m [90m{}[39m
[35m[HTTP][39m [37m<-- GET /wd/hub/session/38ded647-7101-4906-8339-98f4d26326e3/window/rect [39m[32m200[39m [90m8 ms - 50[39m
[35m[HTTP][39m [90m[39m
[35m[HTTP][39m [37m-->[39m [37mGET[39m [37m/wd/hub/session/38ded647-7101-4906-8339-98f4d26326e3/appium/device/system_bars[39m
[35m[HTTP][39m [90m{}[39m
[35m[HTTP][39m [37m<-- GET /wd/hub/session/38ded647-7101-4906-8339-98f4d26326e3/appium/device/system_bars [39m[32m200[39m [90m91 ms - 148[39m
[35m[HTTP][39m [90m[39m
[35m[HTTP][39m [37m-->[39m [37mPOST[39m [37m/wd/hub/session/38ded647-7101-4906-8339-98f4d26326e3/appium/device/activate_app[39m
[35m[HTTP][39m [90m{"bundleId":"com.vq.mbrochuregp.client.android"}[39m
[35m[HTTP][39m [37m<-- POST /wd/hub/session/38ded647-7101-4906-8339-98f4d26326e3/appium/device/activate_app [39m[32m200[39m [90m616 ms - 14[39m
[35m[HTTP][39m [90m[39m
[35m[HTTP][39m [37m-->[39m [37mGET[39m [37m/wd/hub/session/38ded647-7101-4906-8339-98f4d26326e3/context[39m
[35m[HTTP][39m [90m{}[39m
[35m[HTTP][39m [37m<-- GET /wd/hub/session/38ded647-7101-4906-8339-98f4d26326e3/context [39m[32m200[39m [90m2 ms - 22[39m
[35m[HTTP][39m [90m[39m
[35m[HTTP][39m [37m-->[39m [37mGET[39m [37m/wd/hub/session/38ded647-7101-4906-8339-98f4d26326e3/contexts[39m
[35m[HTTP][39m [90m{}[39m
[35m[HTTP][39m [37m<-- GET /wd/hub/session/38ded647-7101-4906-8339-98f4d26326e3/contexts [39m[32m200[39m [90m112 ms - 24[39m
[35m[HTTP][39m [90m[39m
[35m[HTTP][39m [37m-->[39m [37mPOST[39m [37m/wd/hub/session/38ded647-7101-4906-8339-98f4d26326e3/context[39m
[35m[HTTP][39m [90m{"name":"NATIVE_APP"}[39m
[35m[HTTP][39m [37m<-- POST /wd/hub/session/38ded647-7101-4906-8339-98f4d26326e3/context [39m[32m200[39m [90m2 ms - 14[39m
[35m[HTTP][39m [90m[39m
[35m[HTTP][39m [37m-->[39m [37mPOST[39m [37m/wd/hub/session/38ded647-7101-4906-8339-98f4d26326e3/appium/device/press_keycode[39m
[35m[HTTP][39m [90m{"keycode":4}[39m
[35m[HTTP][39m [37m<-- POST /wd/hub/session/38ded647-7101-4906-8339-98f4d26326e3/appium/device/press_keycode [39m[32m200[39m [90m697 ms - 14[39m
[35m[HTTP][39m [90m[39m
[35m[HTTP][39m [37m-->[39m [37mPOST[39m [37m/wd/hub/session/38ded647-7101-4906-8339-98f4d26326e3/context[39m
[35m[HTTP][39m [90m{"name":"NATIVE_APP"}[39m
[35m[HTTP][39m [37m<-- POST /wd/hub/session/38ded647-7101-4906-8339-98f4d26326e3/context [39m[32m200[39m [90m2 ms - 14[39m
[35m[HTTP][39m [90m[39m
[35m[HTTP][39m [37m-->[39m [37mPOST[39m [37m/wd/hub/session/38ded647-7101-4906-8339-98f4d26326e3/timeouts[39m
[35m[HTTP][39m [90m{"implicit":50}[39m
[35m[HTTP][39m [37m<-- POST /wd/hub/session/38ded647-7101-4906-8339-98f4d26326e3/timeouts [39m[32m200[39m [90m1 ms - 14[39m
[35m[HTTP][39m [90m[39m
[35m[HTTP][39m [37m-->[39m [37mGET[39m [37m/wd/hub/session/38ded647-7101-4906-8339-98f4d26326e3/window/rect[39m
[35m[HTTP][39m [90m{}[39m
[35m[HTTP][39m [37m<-- GET /wd/hub/session/38ded647-7101-4906-8339-98f4d26326e3/window/rect [39m[32m200[39m [90m11 ms - 50[39m
[35m[HTTP][39m [90m[39m
[35m[HTTP][39m [37m-->[39m [37mPOST[39m [37m/wd/hub/session/38ded647-7101-4906-8339-98f4d26326e3/elements[39m
[35m[HTTP][39m [90m{"using":"xpath","value":"//*[@class = 'android.widget.Button' and (@text = 'TIDAK' or . = 'TIDAK') and @resource-id = 'android:id/button2']"}[39m
[35m[HTTP][39m [37m<-- POST /wd/hub/session/38ded647-7101-4906-8339-98f4d26326e3/elements [39m[32m200[39m [90m436 ms - 139[39m
[35m[HTTP][39m [90m[39m
[35m[HTTP][39m [37m-->[39m [37mGET[39m [37m/wd/hub/session/38ded647-7101-4906-8339-98f4d26326e3/element/00000000-0000-0af4-ffff-ffff00004c9f/location[39m
[35m[HTTP][39m [90m{}[39m
[35m[W3C (38ded647)][39m Driver proxy active, passing request on via HTTP proxy
[35m[WD Proxy][39m Replacing sessionId 77133c66-a714-4ad7-92ff-2c2d1a10d1c3 with 38ded647-7101-4906-8339-98f4d26326e3
[35m[HTTP][39m [37m<-- GET /wd/hub/session/38ded647-7101-4906-8339-98f4d26326e3/element/00000000-0000-0af4-ffff-ffff00004c9f/location [39m[32m200[39m [90m24 ms - 79[39m
[35m[HTTP][39m [90m[39m
[35m[HTTP][39m [37m-->[39m [37mPOST[39m [37m/wd/hub/session/38ded647-7101-4906-8339-98f4d26326e3/timeouts[39m
[35m[HTTP][39m [90m{"implicit":30000}[39m
[35m[HTTP][39m [37m<-- POST /wd/hub/session/38ded647-7101-4906-8339-98f4d26326e3/timeouts [39m[32m200[39m [90m3 ms - 14[39m
[35m[HTTP][39m [90m[39m
[35m[HTTP][39m [37m-->[39m [37mPOST[39m [37m/wd/hub/session/38ded647-7101-4906-8339-98f4d26326e3/touch/perform[39m
[35m[HTTP][39m [90m{"actions":[{"action":"tap","options":{"x":1,"y":1,"element":"00000000-0000-0af4-ffff-ffff00004c9f"}},{"action":"release","options":{}}]}[39m
[35m[UiAutomator2][39m calling get location: 00000000-0000-0af4-ffff-ffff00004c9f
[35m[HTTP][39m [37m<-- POST /wd/hub/session/38ded647-7101-4906-8339-98f4d26326e3/touch/perform [39m[32m200[39m [90m176 ms - 14[39m
[35m[HTTP][39m [90m[39m
[35m[HTTP][39m [37m-->[39m [37mPOST[39m [37m/wd/hub/session/38ded647-7101-4906-8339-98f4d26326e3/timeouts[39m
[35m[HTTP][39m [90m{"implicit":50}[39m
[35m[HTTP][39m [37m<-- POST /wd/hub/session/38ded647-7101-4906-8339-98f4d26326e3/timeouts [39m[32m200[39m [90m1 ms - 14[39m
[35m[HTTP][39m [90m[39m
[35m[HTTP][39m [37m-->[39m [37mGET[39m [37m/wd/hub/session/38ded647-7101-4906-8339-98f4d26326e3/window/rect[39m
[35m[HTTP][39m [90m{}[39m
[35m[HTTP][39m [37m<-- GET /wd/hub/session/38ded647-7101-4906-8339-98f4d26326e3/window/rect [39m[32m200[39m [90m11 ms - 50[39m
[35m[HTTP][39m [90m[39m
[35m[HTTP][39m [37m-->[39m [37mPOST[39m [37m/wd/hub/session/38ded647-7101-4906-8339-98f4d26326e3/elements[39m
[35m[HTTP][39m [90m{"using":"xpath","value":"//hierarchy/android.widget.FrameLayout[1]/android.widget.LinearLayout[1]/android.widget.FrameLayout[1]/android.widget.LinearLayout[1]/android.widget.FrameLayout[1]/android.view.ViewGroup[1]/android.widget.ScrollView[1]/android.widget.LinearLayout[1]/android.view.ViewGroup[2]/android.widget.LinearLayout[1]/androidx.recyclerview.widget.RecyclerView[1]/android.widget.LinearLayout[8]/android.widget.ImageView[1]"}[39m
[35m[HTTP][39m [37m<-- POST /wd/hub/session/38ded647-7101-4906-8339-98f4d26326e3/elements [39m[32m200[39m [90m454 ms - 139[39m
[35m[HTTP][39m [90m[39m
[35m[HTTP][39m [37m-->[39m [37mGET[39m [37m/wd/hub/session/38ded647-7101-4906-8339-98f4d26326e3/element/00000000-0000-0ada-ffff-ffff00004c50/location[39m
[35m[HTTP][39m [90m{}[39m
[35m[W3C (38ded647)][39m Driver proxy active, passing request on via HTTP proxy
[35m[WD Proxy][39m Replacing sessionId 77133c66-a714-4ad7-92ff-2c2d1a10d1c3 with 38ded647-7101-4906-8339-98f4d26326e3
[35m[HTTP][39m [37m<-- GET /wd/hub/session/38ded647-7101-4906-8339-98f4d26326e3/element/00000000-0000-0ada-ffff-ffff00004c50/location [39m[32m200[39m [90m12 ms - 79[39m
[35m[HTTP][39m [90m[39m
[35m[HTTP][39m [37m-->[39m [37mPOST[39m [37m/wd/hub/session/38ded647-7101-4906-8339-98f4d26326e3/timeouts[39m
[35m[HTTP][39m [90m{"implicit":30000}[39m
[35m[HTTP][39m [37m<-- POST /wd/hub/session/38ded647-7101-4906-8339-98f4d26326e3/timeouts [39m[32m200[39m [90m1 ms - 14[39m
[35m[HTTP][39m [90m[39m
[35m[HTTP][39m [37m-->[39m [37mPOST[39m [37m/wd/hub/session/38ded647-7101-4906-8339-98f4d26326e3/touch/perform[39m
[35m[HTTP][39m [90m{"actions":[{"action":"tap","options":{"x":1,"y":1,"element":"00000000-0000-0ada-ffff-ffff00004c50"}},{"action":"release","options":{}}]}[39m
[35m[UiAutomator2][39m calling get location: 00000000-0000-0ada-ffff-ffff00004c50
[35m[HTTP][39m [37m<-- POST /wd/hub/session/38ded647-7101-4906-8339-98f4d26326e3/touch/perform [39m[32m200[39m [90m155 ms - 14[39m
[35m[HTTP][39m [90m[39m
[35m[HTTP][39m [37m-->[39m [37mPOST[39m [37m/wd/hub/session/38ded647-7101-4906-8339-98f4d26326e3/timeouts[39m
[35m[HTTP][39m [90m{"implicit":50}[39m
[35m[HTTP][39m [37m<-- POST /wd/hub/session/38ded647-7101-4906-8339-98f4d26326e3/timeouts [39m[32m200[39m [90m1 ms - 14[39m
[35m[HTTP][39m [90m[39m
[35m[HTTP][39m [37m-->[39m [37mGET[39m [37m/wd/hub/session/38ded647-7101-4906-8339-98f4d26326e3/window/rect[39m
[35m[HTTP][39m [90m{}[39m
[35m[HTTP][39m [37m<-- GET /wd/hub/session/38ded647-7101-4906-8339-98f4d26326e3/window/rect [39m[32m200[39m [90m11 ms - 50[39m
[35m[HTTP][39m [90m[39m
[35m[HTTP][39m [37m-->[39m [37mPOST[39m [37m/wd/hub/session/38ded647-7101-4906-8339-98f4d26326e3/elements[39m
[35m[HTTP][39m [90m{"using":"xpath","value":"//hierarchy/android.widget.FrameLayout[1]/android.widget.LinearLayout[1]/android.widget.FrameLayout[1]/android.widget.LinearLayout[1]/android.widget.FrameLayout[1]/android.view.ViewGroup[1]/android.widget.ScrollView[1]/android.widget.LinearLayout[1]/android.widget.LinearLayout[1]/androidx.recyclerview.widget.RecyclerView[1]/android.widget.LinearLayout[2]/android.widget.ImageView[1]"}[39m
[35m[HTTP][39m [37m<-- POST /wd/hub/session/38ded647-7101-4906-8339-98f4d26326e3/elements [39m[32m200[39m [90m725 ms - 139[39m
[35m[HTTP][39m [90m[39m
[35m[HTTP][39m [37m-->[39m [37mGET[39m [37m/wd/hub/session/38ded647-7101-4906-8339-98f4d26326e3/element/00000000-0000-0af5-ffff-ffff00004cd0/location[39m
[35m[HTTP][39m [90m{}[39m
[35m[W3C (38ded647)][39m Driver proxy active, passing request on via HTTP proxy
[35m[WD Proxy][39m Replacing sessionId 77133c66-a714-4ad7-92ff-2c2d1a10d1c3 with 38ded647-7101-4906-8339-98f4d26326e3
[35m[HTTP][39m [37m<-- GET /wd/hub/session/38ded647-7101-4906-8339-98f4d26326e3/element/00000000-0000-0af5-ffff-ffff00004cd0/location [39m[32m200[39m [90m18 ms - 78[39m
[35m[HTTP][39m [90m[39m
[35m[HTTP][39m [37m-->[39m [37mPOST[39m [37m/wd/hub/session/38ded647-7101-4906-8339-98f4d26326e3/timeouts[39m
[35m[HTTP][39m [90m{"implicit":30000}[39m
[35m[HTTP][39m [37m<-- POST /wd/hub/session/38ded647-7101-4906-8339-98f4d26326e3/timeouts [39m[32m200[39m [90m2 ms - 14[39m
[35m[HTTP][39m [90m[39m
[35m[HTTP][39m [37m-->[39m [37mPOST[39m [37m/wd/hub/session/38ded647-7101-4906-8339-98f4d26326e3/touch/perform[39m
[35m[HTTP][39m [90m{"actions":[{"action":"tap","options":{"x":1,"y":1,"element":"00000000-0000-0af5-ffff-ffff00004cd0"}},{"action":"release","options":{}}]}[39m
[35m[UiAutomator2][39m calling get location: 00000000-0000-0af5-ffff-ffff00004cd0
[35m[HTTP][39m [37m<-- POST /wd/hub/session/38ded647-7101-4906-8339-98f4d26326e3/touch/perform [39m[32m200[39m [90m170 ms - 14[39m
[35m[HTTP][39m [90m[39m
[35m[HTTP][39m [37m-->[39m [37mPOST[39m [37m/wd/hub/session/38ded647-7101-4906-8339-98f4d26326e3/timeouts[39m
[35m[HTTP][39m [90m{"implicit":50}[39m
[35m[HTTP][39m [37m<-- POST /wd/hub/session/38ded647-7101-4906-8339-98f4d26326e3/timeouts [39m[32m200[39m [90m2 ms - 14[39m
[35m[HTTP][39m [90m[39m
[35m[HTTP][39m [37m-->[39m [37mGET[39m [37m/wd/hub/session/38ded647-7101-4906-8339-98f4d26326e3/window/rect[39m
[35m[HTTP][39m [90m{}[39m
[35m[HTTP][39m [37m<-- GET /wd/hub/session/38ded647-7101-4906-8339-98f4d26326e3/window/rect [39m[32m200[39m [90m30 ms - 50[39m
[35m[HTTP][39m [90m[39m
[35m[HTTP][39m [37m-->[39m [37mPOST[39m [37m/wd/hub/session/38ded647-7101-4906-8339-98f4d26326e3/elements[39m
[35m[HTTP][39m [90m{"using":"xpath","value":"//hierarchy/android.widget.FrameLayout[1]/android.widget.LinearLayout[1]/android.widget.FrameLayout[1]/android.widget.LinearLayout[1]/android.widget.FrameLayout[1]/android.view.ViewGroup[1]/androidx.viewpager.widget.ViewPager[1]/android.widget.FrameLayout[1]/android.view.ViewGroup[1]/androidx.recyclerview.widget.RecyclerView[1]/android.widget.LinearLayout[1]/android.widget.RelativeLayout[1]"}[39m
[35m[HTTP][39m [37m<-- POST /wd/hub/session/38ded647-7101-4906-8339-98f4d26326e3/elements [39m[32m200[39m [90m226 ms - 139[39m
[35m[HTTP][39m [90m[39m
[35m[HTTP][39m [37m-->[39m [37mGET[39m [37m/wd/hub/session/38ded647-7101-4906-8339-98f4d26326e3/element/00000000-0000-0af6-ffff-ffff00004d28/location[39m
[35m[HTTP][39m [90m{}[39m
[35m[W3C (38ded647)][39m Driver proxy active, passing request on via HTTP proxy
[35m[WD Proxy][39m Replacing sessionId 77133c66-a714-4ad7-92ff-2c2d1a10d1c3 with 38ded647-7101-4906-8339-98f4d26326e3
[35m[HTTP][39m [37m<-- GET /wd/hub/session/38ded647-7101-4906-8339-98f4d26326e3/element/00000000-0000-0af6-ffff-ffff00004d28/location [39m[32m200[39m [90m34 ms - 77[39m
[35m[HTTP][39m [90m[39m
[35m[HTTP][39m [37m-->[39m [37mPOST[39m [37m/wd/hub/session/38ded647-7101-4906-8339-98f4d26326e3/timeouts[39m
[35m[HTTP][39m [90m{"implicit":30000}[39m
[35m[HTTP][39m [37m<-- POST /wd/hub/session/38ded647-7101-4906-8339-98f4d26326e3/timeouts [39m[32m200[39m [90m2 ms - 14[39m
[35m[HTTP][39m [90m[39m
[35m[HTTP][39m [37m-->[39m [37mPOST[39m [37m/wd/hub/session/38ded647-7101-4906-8339-98f4d26326e3/touch/perform[39m
[35m[HTTP][39m [90m{"actions":[{"action":"tap","options":{"x":1,"y":1,"element":"00000000-0000-0af6-ffff-ffff00004d28"}},{"action":"release","options":{}}]}[39m
[35m[UiAutomator2][39m calling get location: 00000000-0000-0af6-ffff-ffff00004d28
[35m[HTTP][39m [37m<-- POST /wd/hub/session/38ded647-7101-4906-8339-98f4d26326e3/touch/perform [39m[32m200[39m [90m222 ms - 14[39m
[35m[HTTP][39m [90m[39m
[35m[HTTP][39m [37m-->[39m [37mGET[39m [37m/wd/hub/session/38ded647-7101-4906-8339-98f4d26326e3/context[39m
[35m[HTTP][39m [90m{}[39m
[35m[HTTP][39m [37m<-- GET /wd/hub/session/38ded647-7101-4906-8339-98f4d26326e3/context [39m[32m200[39m [90m2 ms - 22[39m
[35m[HTTP][39m [90m[39m
[35m[HTTP][39m [37m-->[39m [37mGET[39m [37m/wd/hub/session/38ded647-7101-4906-8339-98f4d26326e3/contexts[39m
[35m[HTTP][39m [90m{}[39m
[35m[HTTP][39m [37m<-- GET /wd/hub/session/38ded647-7101-4906-8339-98f4d26326e3/contexts [39m[32m200[39m [90m143 ms - 24[39m
[35m[HTTP][39m [90m[39m
[35m[HTTP][39m [37m-->[39m [37mPOST[39m [37m/wd/hub/session/38ded647-7101-4906-8339-98f4d26326e3/context[39m
[35m[HTTP][39m [90m{"name":"NATIVE_APP"}[39m
[35m[HTTP][39m [37m<-- POST /wd/hub/session/38ded647-7101-4906-8339-98f4d26326e3/context [39m[32m200[39m [90m2 ms - 14[39m
[35m[HTTP][39m [90m[39m
[35m[HTTP][39m [37m-->[39m [37mGET[39m [37m/wd/hub/session/38ded647-7101-4906-8339-98f4d26326e3/window/rect[39m
[35m[HTTP][39m [90m{}[39m
[35m[HTTP][39m [37m<-- GET /wd/hub/session/38ded647-7101-4906-8339-98f4d26326e3/window/rect [39m[32m200[39m [90m27 ms - 50[39m
[35m[HTTP][39m [90m[39m
[35m[HTTP][39m [37m-->[39m [37mPOST[39m [37m/wd/hub/session/38ded647-7101-4906-8339-98f4d26326e3/execute/sync[39m
[35m[HTTP][39m [90m{"script":"mobile: viewportScreenshot","args":[]}[39m
[35m[AndroidDriver][39m Executing native command 'mobile: viewportScreenshot'
[35m[HTTP][39m [37m<-- POST /wd/hub/session/38ded647-7101-4906-8339-98f4d26326e3/execute/sync [39m[32m200[39m [90m1539 ms - 253380[39m
[35m[HTTP][39m [90m[39m
[35m[HTTP][39m [37m-->[39m [37mPOST[39m [37m/wd/hub/session/38ded647-7101-4906-8339-98f4d26326e3/context[39m
[35m[HTTP][39m [90m{"name":"NATIVE_APP"}[39m
[35m[HTTP][39m [37m<-- POST /wd/hub/session/38ded647-7101-4906-8339-98f4d26326e3/context [39m[32m200[39m [90m3 ms - 14[39m
[35m[HTTP][39m [90m[39m
[35m[HTTP][39m [37m-->[39m [37mPOST[39m [37m/wd/hub/session/38ded647-7101-4906-8339-98f4d26326e3/timeouts[39m
[35m[HTTP][39m [90m{"implicit":50}[39m
[35m[HTTP][39m [37m<-- POST /wd/hub/session/38ded647-7101-4906-8339-98f4d26326e3/timeouts [39m[32m200[39m [90m1 ms - 14[39m
[35m[HTTP][39m [90m[39m
[35m[HTTP][39m [37m-->[39m [37mGET[39m [37m/wd/hub/session/38ded647-7101-4906-8339-98f4d26326e3/window/rect[39m
[35m[HTTP][39m [90m{}[39m
[35m[HTTP][39m [37m<-- GET /wd/hub/session/38ded647-7101-4906-8339-98f4d26326e3/window/rect [39m[32m200[39m [90m26 ms - 50[39m
[35m[HTTP][39m [90m[39m
[35m[HTTP][39m [37m-->[39m [37mPOST[39m [37m/wd/hub/session/38ded647-7101-4906-8339-98f4d26326e3/elements[39m
[35m[HTTP][39m [90m{"using":"xpath","value":"//hierarchy/android.widget.FrameLayout[1]/android.widget.LinearLayout[1]/android.widget.FrameLayout[1]/android.widget.LinearLayout[1]/android.widget.FrameLayout[1]/android.view.ViewGroup[1]/android.widget.ScrollView[1]/android.view.ViewGroup[1]/android.widget.LinearLayout[2]/androidx.recyclerview.widget.RecyclerView[1]/android.widget.LinearLayout[4]/android.widget.RelativeLayout[1]/android.widget.LinearLayout[1]/android.widget.CheckBox[1]"}[39m
[35m[HTTP][39m [37m<-- POST /wd/hub/session/38ded647-7101-4906-8339-98f4d26326e3/elements [39m[32m200[39m [90m343 ms - 139[39m
[35m[HTTP][39m [90m[39m
[35m[HTTP][39m [37m-->[39m [37mGET[39m [37m/wd/hub/session/38ded647-7101-4906-8339-98f4d26326e3/element/00000000-0000-0af7-ffff-ffff00004da9/location[39m
[35m[HTTP][39m [90m{}[39m
[35m[W3C (38ded647)][39m Driver proxy active, passing request on via HTTP proxy
[35m[WD Proxy][39m Replacing sessionId 77133c66-a714-4ad7-92ff-2c2d1a10d1c3 with 38ded647-7101-4906-8339-98f4d26326e3
[35m[HTTP][39m [37m<-- GET /wd/hub/session/38ded647-7101-4906-8339-98f4d26326e3/element/00000000-0000-0af7-ffff-ffff00004da9/location [39m[32m200[39m [90m36 ms - 78[39m
[35m[HTTP][39m [90m[39m
[35m[HTTP][39m [37m-->[39m [37mPOST[39m [37m/wd/hub/session/38ded647-7101-4906-8339-98f4d26326e3/timeouts[39m
[35m[HTTP][39m [90m{"implicit":30000}[39m
[35m[HTTP][39m [37m<-- POST /wd/hub/session/38ded647-7101-4906-8339-98f4d26326e3/timeouts [39m[32m200[39m [90m2 ms - 14[39m
[35m[HTTP][39m [90m[39m
[35m[HTTP][39m [37m-->[39m [37mPOST[39m [37m/wd/hub/session/38ded647-7101-4906-8339-98f4d26326e3/touch/perform[39m
[35m[HTTP][39m [90m{"actions":[{"action":"tap","options":{"x":1,"y":1,"element":"00000000-0000-0af7-ffff-ffff00004da9"}},{"action":"release","options":{}}]}[39m
[35m[UiAutomator2][39m calling get location: 00000000-0000-0af7-ffff-ffff00004da9
[35m[HTTP][39m [37m<-- POST /wd/hub/session/38ded647-7101-4906-8339-98f4d26326e3/touch/perform [39m[32m200[39m [90m233 ms - 14[39m
[35m[HTTP][39m [90m[39m
[35m[HTTP][39m [37m-->[39m [37mGET[39m [37m/wd/hub/session/38ded647-7101-4906-8339-98f4d26326e3/context[39m
[35m[HTTP][39m [90m{}[39m
[35m[HTTP][39m [37m<-- GET /wd/hub/session/38ded647-7101-4906-8339-98f4d26326e3/context [39m[32m200[39m [90m5 ms - 22[39m
[35m[HTTP][39m [90m[39m
[35m[HTTP][39m [37m-->[39m [37mGET[39m [37m/wd/hub/session/38ded647-7101-4906-8339-98f4d26326e3/contexts[39m
[35m[HTTP][39m [90m{}[39m
[35m[HTTP][39m [37m<-- GET /wd/hub/session/38ded647-7101-4906-8339-98f4d26326e3/contexts [39m[32m200[39m [90m97 ms - 24[39m
[35m[HTTP][39m [90m[39m
[35m[HTTP][39m [37m-->[39m [37mPOST[39m [37m/wd/hub/session/38ded647-7101-4906-8339-98f4d26326e3/context[39m
[35m[HTTP][39m [90m{"name":"NATIVE_APP"}[39m
[35m[HTTP][39m [37m<-- POST /wd/hub/session/38ded647-7101-4906-8339-98f4d26326e3/context [39m[32m200[39m [90m1 ms - 14[39m
[35m[HTTP][39m [90m[39m
[35m[HTTP][39m [37m-->[39m [37mGET[39m [37m/wd/hub/session/38ded647-7101-4906-8339-98f4d26326e3/window/rect[39m
[35m[HTTP][39m [90m{}[39m
[35m[HTTP][39m [37m<-- GET /wd/hub/session/38ded647-7101-4906-8339-98f4d26326e3/window/rect [39m[32m200[39m [90m28 ms - 50[39m
[35m[HTTP][39m [90m[39m
[35m[HTTP][39m [37m-->[39m [37mPOST[39m [37m/wd/hub/session/38ded647-7101-4906-8339-98f4d26326e3/execute/sync[39m
[35m[HTTP][39m [90m{"script":"mobile: viewportScreenshot","args":[]}[39m
[35m[AndroidDriver][39m Executing native command 'mobile: viewportScreenshot'
[35m[HTTP][39m [37m<-- POST /wd/hub/session/38ded647-7101-4906-8339-98f4d26326e3/execute/sync [39m[32m200[39m [90m1432 ms - 250192[39m
[35m[HTTP][39m [90m[39m
[35m[HTTP][39m [37m-->[39m [37mPOST[39m [37m/wd/hub/session/38ded647-7101-4906-8339-98f4d26326e3/context[39m
[35m[HTTP][39m [90m{"name":"NATIVE_APP"}[39m
[35m[HTTP][39m [37m<-- POST /wd/hub/session/38ded647-7101-4906-8339-98f4d26326e3/context [39m[32m200[39m [90m1 ms - 14[39m
[35m[HTTP][39m [90m[39m
[35m[HTTP][39m [37m-->[39m [37mGET[39m [37m/wd/hub/session/38ded647-7101-4906-8339-98f4d26326e3/window/rect[39m
[35m[HTTP][39m [90m{}[39m
[35m[HTTP][39m [37m<-- GET /wd/hub/session/38ded647-7101-4906-8339-98f4d26326e3/window/rect [39m[32m200[39m [90m29 ms - 50[39m
[35m[HTTP][39m [90m[39m
[35m[HTTP][39m [37m-->[39m [37mPOST[39m [37m/wd/hub/session/38ded647-7101-4906-8339-98f4d26326e3/elements[39m
[35m[HTTP][39m [90m{"using":"xpath","value":"//*[@class = 'android.widget.Button' and (@text = 'Lanjutkan >' or . = 'Lanjutkan >') and @resource-id = 'com.vq.mbrochuregp.client.android:id/btn_upgrade_asuransi_list_detail_next']"}[39m
[35m[HTTP][39m [37m<-- POST /wd/hub/session/38ded647-7101-4906-8339-98f4d26326e3/elements [39m[32m200[39m [90m617 ms - 139[39m
[35m[HTTP][39m [90m[39m
[35m[HTTP][39m [37m-->[39m [37mGET[39m [37m/wd/hub/session/38ded647-7101-4906-8339-98f4d26326e3/element/00000000-0000-0af7-ffff-ffff00004d7e/location[39m
[35m[HTTP][39m [90m{}[39m
[35m[W3C (38ded647)][39m Driver proxy active, passing request on via HTTP proxy
[35m[WD Proxy][39m Replacing sessionId 77133c66-a714-4ad7-92ff-2c2d1a10d1c3 with 38ded647-7101-4906-8339-98f4d26326e3
[35m[HTTP][39m [37m<-- GET /wd/hub/session/38ded647-7101-4906-8339-98f4d26326e3/element/00000000-0000-0af7-ffff-ffff00004d7e/location [39m[32m200[39m [90m31 ms - 78[39m
[35m[HTTP][39m [90m[39m
[35m[HTTP][39m [37m-->[39m [37mPOST[39m [37m/wd/hub/session/38ded647-7101-4906-8339-98f4d26326e3/element/00000000-0000-0af7-ffff-ffff00004d7e/click[39m
[35m[HTTP][39m [90m{"id":"00000000-0000-0af7-ffff-ffff00004d7e"}[39m
[35m[HTTP][39m [37m<-- POST /wd/hub/session/38ded647-7101-4906-8339-98f4d26326e3/element/00000000-0000-0af7-ffff-ffff00004d7e/click [39m[32m200[39m [90m65 ms - 14[39m
[35m[HTTP][39m [90m[39m
[35m[HTTP][39m [37m-->[39m [37mGET[39m [37m/wd/hub/session/38ded647-7101-4906-8339-98f4d26326e3/context[39m
[35m[HTTP][39m [90m{}[39m
[35m[HTTP][39m [37m<-- GET /wd/hub/session/38ded647-7101-4906-8339-98f4d26326e3/context [39m[32m200[39m [90m2 ms - 22[39m
[35m[HTTP][39m [90m[39m
[35m[HTTP][39m [37m-->[39m [37mGET[39m [37m/wd/hub/session/38ded647-7101-4906-8339-98f4d26326e3/contexts[39m
[35m[HTTP][39m [90m{}[39m
[35m[HTTP][39m [37m<-- GET /wd/hub/session/38ded647-7101-4906-8339-98f4d26326e3/contexts [39m[32m200[39m [90m108 ms - 24[39m
[35m[HTTP][39m [90m[39m
[35m[HTTP][39m [37m-->[39m [37mPOST[39m [37m/wd/hub/session/38ded647-7101-4906-8339-98f4d26326e3/context[39m
[35m[HTTP][39m [90m{"name":"NATIVE_APP"}[39m
[35m[HTTP][39m [37m<-- POST /wd/hub/session/38ded647-7101-4906-8339-98f4d26326e3/context [39m[32m200[39m [90m1 ms - 14[39m
[35m[HTTP][39m [90m[39m
[35m[HTTP][39m [37m-->[39m [37mGET[39m [37m/wd/hub/session/38ded647-7101-4906-8339-98f4d26326e3/window/rect[39m
[35m[HTTP][39m [90m{}[39m
[35m[HTTP][39m [37m<-- GET /wd/hub/session/38ded647-7101-4906-8339-98f4d26326e3/window/rect [39m[32m200[39m [90m21 ms - 50[39m
[35m[HTTP][39m [90m[39m
[35m[HTTP][39m [37m-->[39m [37mPOST[39m [37m/wd/hub/session/38ded647-7101-4906-8339-98f4d26326e3/execute/sync[39m
[35m[HTTP][39m [90m{"script":"mobile: viewportScreenshot","args":[]}[39m
[35m[AndroidDriver][39m Executing native command 'mobile: viewportScreenshot'
[35m[HTTP][39m [37m<-- POST /wd/hub/session/38ded647-7101-4906-8339-98f4d26326e3/execute/sync [39m[32m200[39m [90m1254 ms - 165528[39m
[35m[HTTP][39m [90m[39m
[35m[HTTP][39m [37m-->[39m [37mPOST[39m [37m/wd/hub/session/38ded647-7101-4906-8339-98f4d26326e3/context[39m
[35m[HTTP][39m [90m{"name":"NATIVE_APP"}[39m
[35m[HTTP][39m [37m<-- POST /wd/hub/session/38ded647-7101-4906-8339-98f4d26326e3/context [39m[32m200[39m [90m1 ms - 14[39m
[35m[HTTP][39m [90m[39m
[35m[HTTP][39m [37m-->[39m [37mGET[39m [37m/wd/hub/session/38ded647-7101-4906-8339-98f4d26326e3/window/rect[39m
[35m[HTTP][39m [90m{}[39m
[35m[HTTP][39m [37m<-- GET /wd/hub/session/38ded647-7101-4906-8339-98f4d26326e3/window/rect [39m[32m200[39m [90m32 ms - 50[39m
[35m[HTTP][39m [90m[39m
[35m[HTTP][39m [37m-->[39m [37mPOST[39m [37m/wd/hub/session/38ded647-7101-4906-8339-98f4d26326e3/elements[39m
[35m[HTTP][39m [90m{"using":"xpath","value":"//*[@class = 'android.widget.Button' and (@text = 'Lanjutkan >' or . = 'Lanjutkan >') and @resource-id = 'com.vq.mbrochuregp.client.android:id/btn_asuransi_perluasan_next']"}[39m
[35m[HTTP][39m [37m<-- POST /wd/hub/session/38ded647-7101-4906-8339-98f4d26326e3/elements [39m[32m200[39m [90m459 ms - 139[39m
[35m[HTTP][39m [90m[39m
[35m[HTTP][39m [37m-->[39m [37mGET[39m [37m/wd/hub/session/38ded647-7101-4906-8339-98f4d26326e3/element/00000000-0000-0af8-ffff-ffff00004e10/location[39m
[35m[HTTP][39m [90m{}[39m
[35m[W3C (38ded647)][39m Driver proxy active, passing request on via HTTP proxy
[35m[WD Proxy][39m Replacing sessionId 77133c66-a714-4ad7-92ff-2c2d1a10d1c3 with 38ded647-7101-4906-8339-98f4d26326e3
[35m[HTTP][39m [37m<-- GET /wd/hub/session/38ded647-7101-4906-8339-98f4d26326e3/element/00000000-0000-0af8-ffff-ffff00004e10/location [39m[32m200[39m [90m29 ms - 78[39m
[35m[HTTP][39m [90m[39m
[35m[HTTP][39m [37m-->[39m [37mPOST[39m [37m/wd/hub/session/38ded647-7101-4906-8339-98f4d26326e3/element/00000000-0000-0af8-ffff-ffff00004e10/click[39m
[35m[HTTP][39m [90m{"id":"00000000-0000-0af8-ffff-ffff00004e10"}[39m
[35m[HTTP][39m [37m<-- POST /wd/hub/session/38ded647-7101-4906-8339-98f4d26326e3/element/00000000-0000-0af8-ffff-ffff00004e10/click [39m[32m200[39m [90m59 ms - 14[39m
[35m[HTTP][39m [90m[39m
[35m[HTTP][39m [37m-->[39m [37mGET[39m [37m/wd/hub/session/38ded647-7101-4906-8339-98f4d26326e3/context[39m
[35m[HTTP][39m [90m{}[39m
[35m[HTTP][39m [37m<-- GET /wd/hub/session/38ded647-7101-4906-8339-98f4d26326e3/context [39m[32m200[39m [90m2 ms - 22[39m
[35m[HTTP][39m [90m[39m
[35m[HTTP][39m [37m-->[39m [37mGET[39m [37m/wd/hub/session/38ded647-7101-4906-8339-98f4d26326e3/contexts[39m
[35m[HTTP][39m [90m{}[39m
[35m[HTTP][39m [37m<-- GET /wd/hub/session/38ded647-7101-4906-8339-98f4d26326e3/contexts [39m[32m200[39m [90m143 ms - 24[39m
[35m[HTTP][39m [90m[39m
[35m[HTTP][39m [37m-->[39m [37mPOST[39m [37m/wd/hub/session/38ded647-7101-4906-8339-98f4d26326e3/context[39m
[35m[HTTP][39m [90m{"name":"NATIVE_APP"}[39m
[35m[HTTP][39m [37m<-- POST /wd/hub/session/38ded647-7101-4906-8339-98f4d26326e3/context [39m[32m200[39m [90m2 ms - 14[39m
[35m[HTTP][39m [90m[39m
[35m[HTTP][39m [37m-->[39m [37mGET[39m [37m/wd/hub/session/38ded647-7101-4906-8339-98f4d26326e3/window/rect[39m
[35m[HTTP][39m [90m{}[39m
[35m[HTTP][39m [37m<-- GET /wd/hub/session/38ded647-7101-4906-8339-98f4d26326e3/window/rect [39m[32m200[39m [90m25 ms - 50[39m
[35m[HTTP][39m [90m[39m
[35m[HTTP][39m [37m-->[39m [37mPOST[39m [37m/wd/hub/session/38ded647-7101-4906-8339-98f4d26326e3/execute/sync[39m
[35m[HTTP][39m [90m{"script":"mobile: viewportScreenshot","args":[]}[39m
[35m[AndroidDriver][39m Executing native command 'mobile: viewportScreenshot'
[35m[HTTP][39m [37m<-- POST /wd/hub/session/38ded647-7101-4906-8339-98f4d26326e3/execute/sync [39m[32m200[39m [90m1229 ms - 265752[39m
[35m[HTTP][39m [90m[39m
[35m[HTTP][39m [37m-->[39m [37mPOST[39m [37m/wd/hub/session/38ded647-7101-4906-8339-98f4d26326e3/context[39m
[35m[HTTP][39m [90m{"name":"NATIVE_APP"}[39m
[35m[HTTP][39m [37m<-- POST /wd/hub/session/38ded647-7101-4906-8339-98f4d26326e3/context [39m[32m200[39m [90m1 ms - 14[39m
[35m[HTTP][39m [90m[39m
[35m[HTTP][39m [37m-->[39m [37mGET[39m [37m/wd/hub/session/38ded647-7101-4906-8339-98f4d26326e3/window/rect[39m
[35m[HTTP][39m [90m{}[39m
[35m[HTTP][39m [37m<-- GET /wd/hub/session/38ded647-7101-4906-8339-98f4d26326e3/window/rect [39m[32m200[39m [90m26 ms - 50[39m
[35m[HTTP][39m [90m[39m
[35m[HTTP][39m [37m-->[39m [37mPOST[39m [37m/wd/hub/session/38ded647-7101-4906-8339-98f4d26326e3/elements[39m
[35m[HTTP][39m [90m{"using":"xpath","value":"//*[@class = 'android.widget.Button' and (@text = 'Submit' or . = 'Submit') and @resource-id = 'com.vq.mbrochuregp.client.android:id/btn_upgrade_asuransi_result_submit']"}[39m
[35m[HTTP][39m [37m<-- POST /wd/hub/session/38ded647-7101-4906-8339-98f4d26326e3/elements [39m[32m200[39m [90m350 ms - 139[39m
[35m[HTTP][39m [90m[39m
[35m[HTTP][39m [37m-->[39m [37mGET[39m [37m/wd/hub/session/38ded647-7101-4906-8339-98f4d26326e3/element/00000000-0000-0af9-ffff-ffff00004ec5/location[39m
[35m[HTTP][39m [90m{}[39m
[35m[W3C (38ded647)][39m Driver proxy active, passing request on via HTTP proxy
[35m[WD Proxy][39m Replacing sessionId 77133c66-a714-4ad7-92ff-2c2d1a10d1c3 with 38ded647-7101-4906-8339-98f4d26326e3
[35m[HTTP][39m [37m<-- GET /wd/hub/session/38ded647-7101-4906-8339-98f4d26326e3/element/00000000-0000-0af9-ffff-ffff00004ec5/location [39m[32m200[39m [90m31 ms - 78[39m
[35m[HTTP][39m [90m[39m
[35m[HTTP][39m [37m-->[39m [37mPOST[39m [37m/wd/hub/session/38ded647-7101-4906-8339-98f4d26326e3/element/00000000-0000-0af9-ffff-ffff00004ec5/click[39m
[35m[HTTP][39m [90m{"id":"00000000-0000-0af9-ffff-ffff00004ec5"}[39m
[35m[HTTP][39m [37m<-- POST /wd/hub/session/38ded647-7101-4906-8339-98f4d26326e3/element/00000000-0000-0af9-ffff-ffff00004ec5/click [39m[32m200[39m [90m61 ms - 14[39m
[35m[HTTP][39m [90m[39m
[35m[HTTP][39m [37m-->[39m [37mPOST[39m [37m/wd/hub/session/38ded647-7101-4906-8339-98f4d26326e3/timeouts[39m
[35m[HTTP][39m [90m{"implicit":50}[39m
[35m[HTTP][39m [37m<-- POST /wd/hub/session/38ded647-7101-4906-8339-98f4d26326e3/timeouts [39m[32m200[39m [90m2 ms - 14[39m
[35m[HTTP][39m [90m[39m
[35m[HTTP][39m [37m-->[39m [37mGET[39m [37m/wd/hub/session/38ded647-7101-4906-8339-98f4d26326e3/window/rect[39m
[35m[HTTP][39m [90m{}[39m
[35m[HTTP][39m [37m<-- GET /wd/hub/session/38ded647-7101-4906-8339-98f4d26326e3/window/rect [39m[32m200[39m [90m22 ms - 50[39m
[35m[HTTP][39m [90m[39m
[35m[HTTP][39m [37m-->[39m [37mPOST[39m [37m/wd/hub/session/38ded647-7101-4906-8339-98f4d26326e3/elements[39m
[35m[HTTP][39m [90m{"using":"xpath","value":"//*[@class = 'android.widget.Button' and (@text = 'YA' or . = 'YA') and @resource-id = 'android:id/button1']"}[39m
[35m[HTTP][39m [37m<-- POST /wd/hub/session/38ded647-7101-4906-8339-98f4d26326e3/elements [39m[32m200[39m [90m498 ms - 139[39m
[35m[HTTP][39m [90m[39m
[35m[HTTP][39m [37m-->[39m [37mGET[39m [37m/wd/hub/session/38ded647-7101-4906-8339-98f4d26326e3/element/00000000-0000-0afa-ffff-ffff00004f10/location[39m
[35m[HTTP][39m [90m{}[39m
[35m[W3C (38ded647)][39m Driver proxy active, passing request on via HTTP proxy
[35m[WD Proxy][39m Replacing sessionId 77133c66-a714-4ad7-92ff-2c2d1a10d1c3 with 38ded647-7101-4906-8339-98f4d26326e3
[35m[HTTP][39m [37m<-- GET /wd/hub/session/38ded647-7101-4906-8339-98f4d26326e3/element/00000000-0000-0afa-ffff-ffff00004f10/location [39m[32m200[39m [90m24 ms - 79[39m
[35m[HTTP][39m [90m[39m
[35m[HTTP][39m [37m-->[39m [37mPOST[39m [37m/wd/hub/session/38ded647-7101-4906-8339-98f4d26326e3/timeouts[39m
[35m[HTTP][39m [90m{"implicit":30000}[39m
[35m[HTTP][39m [37m<-- POST /wd/hub/session/38ded647-7101-4906-8339-98f4d26326e3/timeouts [39m[32m200[39m [90m2 ms - 14[39m
[35m[HTTP][39m [90m[39m
[35m[HTTP][39m [37m-->[39m [37mPOST[39m [37m/wd/hub/session/38ded647-7101-4906-8339-98f4d26326e3/touch/perform[39m
[35m[HTTP][39m [90m{"actions":[{"action":"tap","options":{"x":1,"y":1,"element":"00000000-0000-0afa-ffff-ffff00004f10"}},{"action":"release","options":{}}]}[39m
[35m[UiAutomator2][39m calling get location: 00000000-0000-0afa-ffff-ffff00004f10
[35m[HTTP][39m [37m<-- POST /wd/hub/session/38ded647-7101-4906-8339-98f4d26326e3/touch/perform [39m[32m200[39m [90m236 ms - 14[39m
[35m[HTTP][39m [90m[39m
[35m[HTTP][39m [37m-->[39m [37mGET[39m [37m/wd/hub/session/38ded647-7101-4906-8339-98f4d26326e3/context[39m
[35m[HTTP][39m [90m{}[39m
[35m[HTTP][39m [37m<-- GET /wd/hub/session/38ded647-7101-4906-8339-98f4d26326e3/context [39m[32m200[39m [90m2 ms - 22[39m
[35m[HTTP][39m [90m[39m
[35m[HTTP][39m [37m-->[39m [37mGET[39m [37m/wd/hub/session/38ded647-7101-4906-8339-98f4d26326e3/contexts[39m
[35m[HTTP][39m [90m{}[39m
[35m[HTTP][39m [37m<-- GET /wd/hub/session/38ded647-7101-4906-8339-98f4d26326e3/contexts [39m[32m200[39m [90m118 ms - 24[39m
[35m[HTTP][39m [90m[39m
[35m[HTTP][39m [37m-->[39m [37mPOST[39m [37m/wd/hub/session/38ded647-7101-4906-8339-98f4d26326e3/context[39m
[35m[HTTP][39m [90m{"name":"NATIVE_APP"}[39m
[35m[HTTP][39m [37m<-- POST /wd/hub/session/38ded647-7101-4906-8339-98f4d26326e3/context [39m[32m200[39m [90m2 ms - 14[39m
[35m[HTTP][39m [90m[39m
[35m[HTTP][39m [37m-->[39m [37mGET[39m [37m/wd/hub/session/38ded647-7101-4906-8339-98f4d26326e3/window/rect[39m
[35m[HTTP][39m [90m{}[39m
[35m[HTTP][39m [37m<-- GET /wd/hub/session/38ded647-7101-4906-8339-98f4d26326e3/window/rect [39m[32m200[39m [90m22 ms - 50[39m
[35m[HTTP][39m [90m[39m
[35m[HTTP][39m [37m-->[39m [37mPOST[39m [37m/wd/hub/session/38ded647-7101-4906-8339-98f4d26326e3/execute/sync[39m
[35m[HTTP][39m [90m{"script":"mobile: viewportScreenshot","args":[]}[39m
[35m[AndroidDriver][39m Executing native command 'mobile: viewportScreenshot'
[35m[HTTP][39m [37m<-- POST /wd/hub/session/38ded647-7101-4906-8339-98f4d26326e3/execute/sync [39m[32m200[39m [90m1261 ms - 142576[39m
[35m[HTTP][39m [90m[39m
[35m[HTTP][39m [37m-->[39m [37mPOST[39m [37m/wd/hub/session/38ded647-7101-4906-8339-98f4d26326e3/context[39m
[35m[HTTP][39m [90m{"name":"NATIVE_APP"}[39m
[35m[HTTP][39m [37m<-- POST /wd/hub/session/38ded647-7101-4906-8339-98f4d26326e3/context [39m[32m200[39m [90m1 ms - 14[39m
[35m[HTTP][39m [90m[39m
[35m[HTTP][39m [37m-->[39m [37mPOST[39m [37m/wd/hub/session/38ded647-7101-4906-8339-98f4d26326e3/timeouts[39m
[35m[HTTP][39m [90m{"implicit":50}[39m
[35m[HTTP][39m [37m<-- POST /wd/hub/session/38ded647-7101-4906-8339-98f4d26326e3/timeouts [39m[32m200[39m [90m1 ms - 14[39m
[35m[HTTP][39m [90m[39m
[35m[HTTP][39m [37m-->[39m [37mGET[39m [37m/wd/hub/session/38ded647-7101-4906-8339-98f4d26326e3/window/rect[39m
[35m[HTTP][39m [90m{}[39m
[35m[HTTP][39m [37m<-- GET /wd/hub/session/38ded647-7101-4906-8339-98f4d26326e3/window/rect [39m[32m200[39m [90m24 ms - 50[39m
[35m[HTTP][39m [90m[39m
[35m[HTTP][39m [37m-->[39m [37mPOST[39m [37m/wd/hub/session/38ded647-7101-4906-8339-98f4d26326e3/elements[39m
[35m[HTTP][39m [90m{"using":"xpath","value":"//*[@class = 'android.widget.Button' and (@text = 'Kembali' or . = 'Kembali') and @resource-id = 'com.vq.mbrochuregp.client.android:id/btn_asuransi_save_back']"}[39m
[35m[HTTP][39m [37m<-- POST /wd/hub/session/38ded647-7101-4906-8339-98f4d26326e3/elements [39m[32m200[39m [90m175 ms - 139[39m
[35m[HTTP][39m [90m[39m
[35m[HTTP][39m [37m-->[39m [37mGET[39m [37m/wd/hub/session/38ded647-7101-4906-8339-98f4d26326e3/element/00000000-0000-0afb-ffff-ffff00004f25/location[39m
[35m[HTTP][39m [90m{}[39m
[35m[W3C (38ded647)][39m Driver proxy active, passing request on via HTTP proxy
[35m[WD Proxy][39m Replacing sessionId 77133c66-a714-4ad7-92ff-2c2d1a10d1c3 with 38ded647-7101-4906-8339-98f4d26326e3
[35m[HTTP][39m [37m<-- GET /wd/hub/session/38ded647-7101-4906-8339-98f4d26326e3/element/00000000-0000-0afb-ffff-ffff00004f25/location [39m[32m200[39m [90m38 ms - 79[39m
[35m[HTTP][39m [90m[39m
[35m[HTTP][39m [37m-->[39m [37mPOST[39m [37m/wd/hub/session/38ded647-7101-4906-8339-98f4d26326e3/timeouts[39m
[35m[HTTP][39m [90m{"implicit":30000}[39m
[35m[HTTP][39m [37m<-- POST /wd/hub/session/38ded647-7101-4906-8339-98f4d26326e3/timeouts [39m[32m200[39m [90m2 ms - 14[39m
[35m[HTTP][39m [90m[39m
[35m[HTTP][39m [37m-->[39m [37mPOST[39m [37m/wd/hub/session/38ded647-7101-4906-8339-98f4d26326e3/touch/perform[39m
[35m[HTTP][39m [90m{"actions":[{"action":"tap","options":{"x":1,"y":1,"element":"00000000-0000-0afb-ffff-ffff00004f25"}},{"action":"release","options":{}}]}[39m
[35m[UiAutomator2][39m calling get location: 00000000-0000-0afb-ffff-ffff00004f25
[35m[HTTP][39m [37m<-- POST /wd/hub/session/38ded647-7101-4906-8339-98f4d26326e3/touch/perform [39m[32m200[39m [90m245 ms - 14[39m
[35m[HTTP][39m [90m[39m
[35m[HTTP][39m [37m-->[39m [37mGET[39m [37m/wd/hub/session/38ded647-7101-4906-8339-98f4d26326e3/context[39m
[35m[HTTP][39m [90m{}[39m
[35m[HTTP][39m [37m<-- GET /wd/hub/session/38ded647-7101-4906-8339-98f4d26326e3/context [39m[32m200[39m [90m2 ms - 22[39m
[35m[HTTP][39m [90m[39m
[35m[HTTP][39m [37m-->[39m [37mGET[39m [37m/wd/hub/session/38ded647-7101-4906-8339-98f4d26326e3/contexts[39m
[35m[HTTP][39m [90m{}[39m
[35m[HTTP][39m [37m<-- GET /wd/hub/session/38ded647-7101-4906-8339-98f4d26326e3/contexts [39m[32m200[39m [90m123 ms - 24[39m
[35m[HTTP][39m [90m[39m
[35m[HTTP][39m [37m-->[39m [37mPOST[39m [37m/wd/hub/session/38ded647-7101-4906-8339-98f4d26326e3/context[39m
[35m[HTTP][39m [90m{"name":"NATIVE_APP"}[39m
[35m[HTTP][39m [37m<-- POST /wd/hub/session/38ded647-7101-4906-8339-98f4d26326e3/context [39m[32m200[39m [90m1 ms - 14[39m
[35m[HTTP][39m [90m[39m
[35m[HTTP][39m [37m-->[39m [37mPOST[39m [37m/wd/hub/session/38ded647-7101-4906-8339-98f4d26326e3/appium/device/press_keycode[39m
[35m[HTTP][39m [90m{"keycode":4}[39m
[35m[HTTP][39m [37m<-- POST /wd/hub/session/38ded647-7101-4906-8339-98f4d26326e3/appium/device/press_keycode [39m[32m200[39m [90m1620 ms - 14[39m
[35m[HTTP][39m [90m[39m
[35m[HTTP][39m [37m-->[39m [37mPOST[39m [37m/wd/hub/session/38ded647-7101-4906-8339-98f4d26326e3/context[39m
[35m[HTTP][39m [90m{"name":"NATIVE_APP"}[39m
[35m[HTTP][39m [37m<-- POST /wd/hub/session/38ded647-7101-4906-8339-98f4d26326e3/context [39m[32m200[39m [90m2 ms - 14[39m
[35m[HTTP][39m [90m[39m
[35m[HTTP][39m [37m-->[39m [37mGET[39m [37m/wd/hub/session/38ded647-7101-4906-8339-98f4d26326e3/context[39m
[35m[HTTP][39m [90m{}[39m
[35m[HTTP][39m [37m<-- GET /wd/hub/session/38ded647-7101-4906-8339-98f4d26326e3/context [39m[32m200[39m [90m2 ms - 22[39m
[35m[HTTP][39m [90m[39m
[35m[HTTP][39m [37m-->[39m [37mGET[39m [37m/wd/hub/session/38ded647-7101-4906-8339-98f4d26326e3/contexts[39m
[35m[HTTP][39m [90m{}[39m
[35m[HTTP][39m [37m<-- GET /wd/hub/session/38ded647-7101-4906-8339-98f4d26326e3/contexts [39m[32m200[39m [90m99 ms - 24[39m
[35m[HTTP][39m [90m[39m
[35m[HTTP][39m [37m-->[39m [37mPOST[39m [37m/wd/hub/session/38ded647-7101-4906-8339-98f4d26326e3/context[39m
[35m[HTTP][39m [90m{"name":"NATIVE_APP"}[39m
[35m[HTTP][39m [37m<-- POST /wd/hub/session/38ded647-7101-4906-8339-98f4d26326e3/context [39m[32m200[39m [90m1 ms - 14[39m
[35m[HTTP][39m [90m[39m
[35m[HTTP][39m [37m-->[39m [37mPOST[39m [37m/wd/hub/session/38ded647-7101-4906-8339-98f4d26326e3/appium/device/press_keycode[39m
[35m[HTTP][39m [90m{"keycode":4}[39m
[35m[HTTP][39m [37m<-- POST /wd/hub/session/38ded647-7101-4906-8339-98f4d26326e3/appium/device/press_keycode [39m[32m200[39m [90m1689 ms - 14[39m
[35m[HTTP][39m [90m[39m
[35m[HTTP][39m [37m-->[39m [37mPOST[39m [37m/wd/hub/session/38ded647-7101-4906-8339-98f4d26326e3/context[39m
[35m[HTTP][39m [90m{"name":"NATIVE_APP"}[39m
[35m[HTTP][39m [37m<-- POST /wd/hub/session/38ded647-7101-4906-8339-98f4d26326e3/context [39m[32m200[39m [90m3 ms - 14[39m
[35m[HTTP][39m [90m[39m
[35m[HTTP][39m [37m-->[39m [37mGET[39m [37m/wd/hub/session/38ded647-7101-4906-8339-98f4d26326e3/window/rect[39m
[35m[HTTP][39m [90m{}[39m
[35m[HTTP][39m [37m<-- GET /wd/hub/session/38ded647-7101-4906-8339-98f4d26326e3/window/rect [39m[32m200[39m [90m17 ms - 50[39m
[35m[HTTP][39m [90m[39m
[35m[HTTP][39m [37m-->[39m [37mPOST[39m [37m/wd/hub/session/38ded647-7101-4906-8339-98f4d26326e3/elements[39m
[35m[HTTP][39m [90m{"using":"xpath","value":"//*[@resource-id = 'com.vq.mbrochuregp.client.android:id/iv_home_profil_icon' and @package = 'com.vq.mbrochuregp.client.android']"}[39m
[35m[HTTP][39m [37m<-- POST /wd/hub/session/38ded647-7101-4906-8339-98f4d26326e3/elements [39m[32m200[39m [90m680 ms - 139[39m
[35m[HTTP][39m [90m[39m
[35m[HTTP][39m [37m-->[39m [37mGET[39m [37m/wd/hub/session/38ded647-7101-4906-8339-98f4d26326e3/element/00000000-0000-0b00-ffff-ffff00004fdb/location[39m
[35m[HTTP][39m [90m{}[39m
[35m[W3C (38ded647)][39m Driver proxy active, passing request on via HTTP proxy
[35m[WD Proxy][39m Replacing sessionId 77133c66-a714-4ad7-92ff-2c2d1a10d1c3 with 38ded647-7101-4906-8339-98f4d26326e3
[35m[HTTP][39m [37m<-- GET /wd/hub/session/38ded647-7101-4906-8339-98f4d26326e3/element/00000000-0000-0b00-ffff-ffff00004fdb/location [39m[32m200[39m [90m403 ms - 79[39m
[35m[HTTP][39m [90m[39m
[35m[HTTP][39m [37m-->[39m [37mPOST[39m [37m/wd/hub/session/38ded647-7101-4906-8339-98f4d26326e3/element/00000000-0000-0b00-ffff-ffff00004fdb/click[39m
[35m[HTTP][39m [90m{"id":"00000000-0000-0b00-ffff-ffff00004fdb"}[39m
[35m[HTTP][39m [37m<-- POST /wd/hub/session/38ded647-7101-4906-8339-98f4d26326e3/element/00000000-0000-0b00-ffff-ffff00004fdb/click [39m[32m200[39m [90m66 ms - 14[39m
[35m[HTTP][39m [90m[39m
[35m[HTTP][39m [37m-->[39m [37mDELETE[39m [37m/wd/hub/session/38ded647-7101-4906-8339-98f4d26326e3[39m
[35m[HTTP][39m [90m{}[39m
[35m[Appium][39m Removing session 38ded647-7101-4906-8339-98f4d26326e3 from our master session list
[35m[UiAutomator2][39m Restoring hidden api policy to the device default configuration
[35m[HTTP][39m [37m<-- DELETE /wd/hub/session/38ded647-7101-4906-8339-98f4d26326e3 [39m[32m200[39m [90m435 ms - 14[39m
[35m[HTTP][39m [90m[39m
