[35m[Appium][39m Welcome to Appium v1.22.2
[35m[Appium][39m Non-default server args:
[35m[Appium][39m   port: 55943
[35m[Appium][39m   loglevel: info
[35m[Appium][39m   tmpDir: C:\Users\NIAYUS~1\AppData\Local\Temp\\Katalon\Appium\Temp1655348476117
[35m[Appium][39m   chromedriverPort: 55944
[35m[Appium][39m Deprecated server args:
[35m[Appium][39m   [31m--chromedriver-port[39m => --default-capabilities
[35m[Appium][39m Default capabilities, which will be added to each request unless overridden by desired capabilities:
[35m[Appium][39m   chromedriverPort: 55944
[35m[Appium][39m Appium REST http interface listener started on 0.0.0.0:55943
[35m[HTTP][39m [37m-->[39m [37mGET[39m [37m/wd/hub/status[39m
[35m[HTTP][39m [90m{}[39m
[35m[HTTP][39m [37m<-- GET /wd/hub/status [39m[32m200[39m [90m14 ms - 68[39m
[35m[HTTP][39m [90m[39m
[35m[HTTP][39m [37m-->[39m [37mPOST[39m [37m/wd/hub/session[39m
[35m[HTTP][39m [90m{"desiredCapabilities":{"appActivity":".Settings","appPackage":"com.android.settings","newCommandTimeout":1800,"platformVersion":"11","automationName":"uiautomator2","autoGrantPermissions":true,"platformName":"Android","udid":"RR8N605F11Y","deviceName":"samsung SM-M315F (Android 11)","platform":"ANDROID","systemPort":8242},"capabilities":{"firstMatch":[{"appium:appActivity":".Settings","appium:appPackage":"com.android.settings","appium:autoGrantPermissions":true,"appium:automationName":"uiautomator2","appium:deviceName":"samsung SM-M315F (Android 11)","appium:newCommandTimeout":1800,"platform":"ANDROID","platformName":"android","appium:platformVersion":"11","appium:systemPort":8242,"appium:udid":"RR8N605F11Y"}]}}[39m
[35m[BaseDriver][39m The following capabilities are not standard capabilities and should have an extension prefix:
[35m[BaseDriver][39m   platform
[35m[BaseDriver][39m   chromedriverPort
[35m[Appium][39m Appium v1.22.2 creating new AndroidUiautomator2Driver (v1.70.1) session
[35m[BaseDriver][39m The following capabilities were provided, but are not recognized by Appium:
[35m[BaseDriver][39m   platform
[35m[BaseDriver][39m Session created with session id: 723c7c6a-d0de-4311-855a-ad9c1fdb04b5
[35m[UiAutomator2][39m Starting 'com.android.settings' directly on the device
[35m[ADB][39m Cannot sort build-tools folders ["29.0.3","android-8.1.0"] by semantic version names.
[35m[ADB][39m Falling back to sorting by modification date. Original error: Invalid Version: android-8.1.0
[35m[ADB][39m Found 2 'build-tools' folders under 'C:\Users\Nia Yusniati\.katalon\tools\android_sdk' (newest first):
[35m[ADB][39m     C:/Users/Nia Yusniati/.katalon/tools/android_sdk/build-tools/29.0.3
[35m[ADB][39m     C:/Users/Nia Yusniati/.katalon/tools/android_sdk/build-tools/android-8.1.0
[35m[ADB][39m Using 'adb.exe' from 'C:\Users\Nia Yusniati\.katalon\tools\android_sdk\platform-tools\adb.exe'
[35m[AndroidDriver][39m Retrieving device list
[35m[AndroidDriver][39m Using device: RR8N605F11Y
[35m[ADB][39m Using 'adb.exe' from 'C:\Users\Nia Yusniati\.katalon\tools\android_sdk\platform-tools\adb.exe'
[35m[ADB][39m Getting device platform version
[35m[UiAutomator2][39m Relaxing hidden api policy
[35m[AndroidDriver][39m No app sent in, not parsing package/activity
[35m[ADB][39m Using 'apksigner.jar' from 'C:\Users\Nia Yusniati\.katalon\tools\android_sdk\build-tools\29.0.3\lib\apksigner.jar'
[35m[ADB][39m 'C:\Users\Nia Yusniati\AppData\Roaming\npm\node_modules\appium\node_modules\appium-uiautomator2-server\apks\appium-uiautomator2-server-v4.27.0.apk' is signed with the default certificate
[35m[ADB][39m 'C:\Users\Nia Yusniati\AppData\Roaming\npm\node_modules\appium\node_modules\appium-uiautomator2-server\apks\appium-uiautomator2-server-debug-androidTest.apk' is signed with the default certificate
[35m[UiAutomator2][39m Server packages are not going to be (re)installed
[35m[ADB][39m Adding packages ["io.appium.settings","io.appium.uiautomator2.server","io.appium.uiautomator2.server.test"] to Doze whitelist
[35m[UiAutomator2][39m Starting UIAutomator2 server 4.27.0
[35m[UiAutomator2][39m Using UIAutomator2 server from 'C:\Users\Nia Yusniati\AppData\Roaming\npm\node_modules\appium\node_modules\appium-uiautomator2-server\apks\appium-uiautomator2-server-v4.27.0.apk' and test from 'C:\Users\Nia Yusniati\AppData\Roaming\npm\node_modules\appium\node_modules\appium-uiautomator2-server\apks\appium-uiautomator2-server-debug-androidTest.apk'
[35m[UiAutomator2][39m Waiting up to 30000ms for UiAutomator2 to be online...
[35m[WD Proxy][39m socket hang up
[35m[WD Proxy][39m socket hang up
[35m[WD Proxy][39m socket hang up
[35m[WD Proxy][39m Determined the downstream protocol as 'W3C'
[35m[AndroidDriver][39m Screen already unlocked, doing nothing
[35m[UiAutomator2][39m Starting 'com.android.settings/.Settings and waiting for 'com.android.settings/.Settings'
[35m[Appium][39m New AndroidUiautomator2Driver session created successfully, session 723c7c6a-d0de-4311-855a-ad9c1fdb04b5 added to master session list
[35m[HTTP][39m [37m<-- POST /wd/hub/session [39m[32m200[39m [90m10620 ms - 1158[39m
[35m[HTTP][39m [90m[39m
[35m[HTTP][39m [37m-->[39m [37mGET[39m [37m/wd/hub/session/723c7c6a-d0de-4311-855a-ad9c1fdb04b5[39m
[35m[HTTP][39m [90m{}[39m
[35m[HTTP][39m [37m<-- GET /wd/hub/session/723c7c6a-d0de-4311-855a-ad9c1fdb04b5 [39m[32m200[39m [90m13 ms - 1112[39m
[35m[HTTP][39m [90m[39m
[35m[HTTP][39m [37m-->[39m [37mGET[39m [37m/wd/hub/session/723c7c6a-d0de-4311-855a-ad9c1fdb04b5[39m
[35m[HTTP][39m [90m{}[39m
[35m[HTTP][39m [37m<-- GET /wd/hub/session/723c7c6a-d0de-4311-855a-ad9c1fdb04b5 [39m[32m200[39m [90m10 ms - 1112[39m
[35m[HTTP][39m [90m[39m
[35m[HTTP][39m [37m-->[39m [37mGET[39m [37m/wd/hub/status[39m
[35m[HTTP][39m [90m{}[39m
[35m[HTTP][39m [37m<-- GET /wd/hub/status [39m[32m200[39m [90m1 ms - 68[39m
[35m[HTTP][39m [90m[39m
[35m[HTTP][39m [37m-->[39m [37mPOST[39m [37m/wd/hub/session/723c7c6a-d0de-4311-855a-ad9c1fdb04b5/timeouts[39m
[35m[HTTP][39m [90m{"implicit":30000}[39m
[35m[HTTP][39m [37m<-- POST /wd/hub/session/723c7c6a-d0de-4311-855a-ad9c1fdb04b5/timeouts [39m[32m200[39m [90m3 ms - 14[39m
[35m[HTTP][39m [90m[39m
[35m[HTTP][39m [37m-->[39m [37mGET[39m [37m/wd/hub/session/723c7c6a-d0de-4311-855a-ad9c1fdb04b5/screenshot[39m
[35m[HTTP][39m [90m{}[39m
[35m[HTTP][39m [37m<-- GET /wd/hub/session/723c7c6a-d0de-4311-855a-ad9c1fdb04b5/screenshot [39m[32m200[39m [90m595 ms - 248336[39m
[35m[HTTP][39m [90m[39m
[35m[HTTP][39m [37m-->[39m [37mGET[39m [37m/wd/hub/session/723c7c6a-d0de-4311-855a-ad9c1fdb04b5/window/rect[39m
[35m[HTTP][39m [90m{}[39m
[35m[HTTP][39m [37m<-- GET /wd/hub/session/723c7c6a-d0de-4311-855a-ad9c1fdb04b5/window/rect [39m[32m200[39m [90m23 ms - 50[39m
[35m[HTTP][39m [90m[39m
[35m[HTTP][39m [37m-->[39m [37mGET[39m [37m/wd/hub/session/723c7c6a-d0de-4311-855a-ad9c1fdb04b5/appium/device/system_bars[39m
[35m[HTTP][39m [90m{}[39m
[35m[HTTP][39m [37m<-- GET /wd/hub/session/723c7c6a-d0de-4311-855a-ad9c1fdb04b5/appium/device/system_bars [39m[32m200[39m [90m133 ms - 148[39m
[35m[HTTP][39m [90m[39m
[35m[HTTP][39m [37m-->[39m [37mPOST[39m [37m/wd/hub/session/723c7c6a-d0de-4311-855a-ad9c1fdb04b5/appium/device/activate_app[39m
[35m[HTTP][39m [90m{"bundleId":"com.vq.mbrochuregp.client.android"}[39m
[35m[HTTP][39m [37m<-- POST /wd/hub/session/723c7c6a-d0de-4311-855a-ad9c1fdb04b5/appium/device/activate_app [39m[32m200[39m [90m668 ms - 14[39m
[35m[HTTP][39m [90m[39m
[35m[HTTP][39m [37m-->[39m [37mGET[39m [37m/wd/hub/session/723c7c6a-d0de-4311-855a-ad9c1fdb04b5/window/rect[39m
[35m[HTTP][39m [90m{}[39m
[35m[HTTP][39m [37m<-- GET /wd/hub/session/723c7c6a-d0de-4311-855a-ad9c1fdb04b5/window/rect [39m[32m200[39m [90m23 ms - 50[39m
[35m[HTTP][39m [90m[39m
[35m[HTTP][39m [37m-->[39m [37mPOST[39m [37m/wd/hub/session/723c7c6a-d0de-4311-855a-ad9c1fdb04b5/elements[39m
[35m[HTTP][39m [90m{"using":"xpath","value":"//*[@resource-id = 'com.vq.mbrochuregp.client.android:id/iv_home_profil_icon' and @package = 'com.vq.mbrochuregp.client.android']"}[39m
[35m[HTTP][39m [37m<-- POST /wd/hub/session/723c7c6a-d0de-4311-855a-ad9c1fdb04b5/elements [39m[32m200[39m [90m2399 ms - 139[39m
[35m[HTTP][39m [90m[39m
[35m[HTTP][39m [37m-->[39m [37mGET[39m [37m/wd/hub/session/723c7c6a-d0de-4311-855a-ad9c1fdb04b5/element/00000000-0000-082d-ffff-ffff00004a11/location[39m
[35m[HTTP][39m [90m{}[39m
[35m[W3C (723c7c6a)][39m Driver proxy active, passing request on via HTTP proxy
[35m[WD Proxy][39m Replacing sessionId bb84223b-d725-40a7-9e0a-643d3e758537 with 723c7c6a-d0de-4311-855a-ad9c1fdb04b5
[35m[HTTP][39m [37m<-- GET /wd/hub/session/723c7c6a-d0de-4311-855a-ad9c1fdb04b5/element/00000000-0000-082d-ffff-ffff00004a11/location [39m[32m200[39m [90m47 ms - 79[39m
[35m[HTTP][39m [90m[39m
[35m[HTTP][39m [37m-->[39m [37mPOST[39m [37m/wd/hub/session/723c7c6a-d0de-4311-855a-ad9c1fdb04b5/element/00000000-0000-082d-ffff-ffff00004a11/click[39m
[35m[HTTP][39m [90m{"id":"00000000-0000-082d-ffff-ffff00004a11"}[39m
[35m[HTTP][39m [37m<-- POST /wd/hub/session/723c7c6a-d0de-4311-855a-ad9c1fdb04b5/element/00000000-0000-082d-ffff-ffff00004a11/click [39m[32m200[39m [90m96 ms - 14[39m
[35m[HTTP][39m [90m[39m
[35m[HTTP][39m [37m-->[39m [37mPOST[39m [37m/wd/hub/session/723c7c6a-d0de-4311-855a-ad9c1fdb04b5/timeouts[39m
[35m[HTTP][39m [90m{"implicit":50}[39m
[35m[HTTP][39m [37m<-- POST /wd/hub/session/723c7c6a-d0de-4311-855a-ad9c1fdb04b5/timeouts [39m[32m200[39m [90m3 ms - 14[39m
[35m[HTTP][39m [90m[39m
[35m[HTTP][39m [37m-->[39m [37mGET[39m [37m/wd/hub/session/723c7c6a-d0de-4311-855a-ad9c1fdb04b5/window/rect[39m
[35m[HTTP][39m [90m{}[39m
[35m[HTTP][39m [37m<-- GET /wd/hub/session/723c7c6a-d0de-4311-855a-ad9c1fdb04b5/window/rect [39m[32m200[39m [90m24 ms - 50[39m
[35m[HTTP][39m [90m[39m
[35m[HTTP][39m [37m-->[39m [37mPOST[39m [37m/wd/hub/session/723c7c6a-d0de-4311-855a-ad9c1fdb04b5/elements[39m
[35m[HTTP][39m [90m{"using":"xpath","value":"//hierarchy/android.widget.FrameLayout[1]/android.widget.LinearLayout[1]/android.widget.FrameLayout[1]/android.widget.LinearLayout[1]/android.widget.FrameLayout[1]/android.view.ViewGroup[1]/android.widget.ScrollView[1]/android.widget.LinearLayout[1]/android.view.ViewGroup[1]/android.widget.LinearLayout[1]/android.widget.FrameLayout[1]/android.widget.EditText[1]"}[39m
[35m[HTTP][39m [37m<-- POST /wd/hub/session/723c7c6a-d0de-4311-855a-ad9c1fdb04b5/elements [39m[32m200[39m [90m290 ms - 139[39m
[35m[HTTP][39m [90m[39m
[35m[HTTP][39m [37m-->[39m [37mGET[39m [37m/wd/hub/session/723c7c6a-d0de-4311-855a-ad9c1fdb04b5/element/00000000-0000-0852-ffff-ffff00004ab3/location[39m
[35m[HTTP][39m [90m{}[39m
[35m[W3C (723c7c6a)][39m Driver proxy active, passing request on via HTTP proxy
[35m[WD Proxy][39m Replacing sessionId bb84223b-d725-40a7-9e0a-643d3e758537 with 723c7c6a-d0de-4311-855a-ad9c1fdb04b5
[35m[HTTP][39m [37m<-- GET /wd/hub/session/723c7c6a-d0de-4311-855a-ad9c1fdb04b5/element/00000000-0000-0852-ffff-ffff00004ab3/location [39m[32m200[39m [90m52 ms - 77[39m
[35m[HTTP][39m [90m[39m
[35m[HTTP][39m [37m-->[39m [37mPOST[39m [37m/wd/hub/session/723c7c6a-d0de-4311-855a-ad9c1fdb04b5/timeouts[39m
[35m[HTTP][39m [90m{"implicit":30000}[39m
[35m[HTTP][39m [37m<-- POST /wd/hub/session/723c7c6a-d0de-4311-855a-ad9c1fdb04b5/timeouts [39m[32m200[39m [90m5 ms - 14[39m
[35m[HTTP][39m [90m[39m
[35m[HTTP][39m [37m-->[39m [37mPOST[39m [37m/wd/hub/session/723c7c6a-d0de-4311-855a-ad9c1fdb04b5/element/00000000-0000-0852-ffff-ffff00004ab3/clear[39m
[35m[HTTP][39m [90m{"id":"00000000-0000-0852-ffff-ffff00004ab3"}[39m
[35m[HTTP][39m [37m<-- POST /wd/hub/session/723c7c6a-d0de-4311-855a-ad9c1fdb04b5/element/00000000-0000-0852-ffff-ffff00004ab3/clear [39m[32m200[39m [90m69 ms - 14[39m
[35m[HTTP][39m [90m[39m
[35m[HTTP][39m [37m-->[39m [37mPOST[39m [37m/wd/hub/session/723c7c6a-d0de-4311-855a-ad9c1fdb04b5/element/00000000-0000-0852-ffff-ffff00004ab3/value[39m
[35m[HTTP][39m [90m{"id":"00000000-0000-0852-ffff-ffff00004ab3","text":"luknul@mailinator.com","value":["l","u","k","n","u","l","@","m","a","i","l","i","n","a","t","o","r",".","c","o","m"]}[39m
[35m[HTTP][39m [37m<-- POST /wd/hub/session/723c7c6a-d0de-4311-855a-ad9c1fdb04b5/element/00000000-0000-0852-ffff-ffff00004ab3/value [39m[32m200[39m [90m527 ms - 14[39m
[35m[HTTP][39m [90m[39m
[35m[HTTP][39m [37m-->[39m [37mPOST[39m [37m/wd/hub/session/723c7c6a-d0de-4311-855a-ad9c1fdb04b5/timeouts[39m
[35m[HTTP][39m [90m{"implicit":50}[39m
[35m[HTTP][39m [37m<-- POST /wd/hub/session/723c7c6a-d0de-4311-855a-ad9c1fdb04b5/timeouts [39m[32m200[39m [90m3 ms - 14[39m
[35m[HTTP][39m [90m[39m
[35m[HTTP][39m [37m-->[39m [37mGET[39m [37m/wd/hub/session/723c7c6a-d0de-4311-855a-ad9c1fdb04b5/window/rect[39m
[35m[HTTP][39m [90m{}[39m
[35m[HTTP][39m [37m<-- GET /wd/hub/session/723c7c6a-d0de-4311-855a-ad9c1fdb04b5/window/rect [39m[32m200[39m [90m19 ms - 50[39m
[35m[HTTP][39m [90m[39m
[35m[HTTP][39m [37m-->[39m [37mPOST[39m [37m/wd/hub/session/723c7c6a-d0de-4311-855a-ad9c1fdb04b5/elements[39m
[35m[HTTP][39m [90m{"using":"xpath","value":"//hierarchy/android.widget.FrameLayout[1]/android.widget.LinearLayout[1]/android.widget.FrameLayout[1]/android.widget.LinearLayout[1]/android.widget.FrameLayout[1]/android.view.ViewGroup[1]/android.widget.ScrollView[1]/android.widget.LinearLayout[1]/android.view.ViewGroup[1]/android.widget.LinearLayout[2]/android.widget.FrameLayout[1]/android.widget.EditText[1]"}[39m
[35m[HTTP][39m [37m<-- POST /wd/hub/session/723c7c6a-d0de-4311-855a-ad9c1fdb04b5/elements [39m[32m200[39m [90m321 ms - 139[39m
[35m[HTTP][39m [90m[39m
[35m[HTTP][39m [37m-->[39m [37mGET[39m [37m/wd/hub/session/723c7c6a-d0de-4311-855a-ad9c1fdb04b5/element/00000000-0000-0852-ffff-ffff00004ab7/location[39m
[35m[HTTP][39m [90m{}[39m
[35m[W3C (723c7c6a)][39m Driver proxy active, passing request on via HTTP proxy
[35m[WD Proxy][39m Replacing sessionId bb84223b-d725-40a7-9e0a-643d3e758537 with 723c7c6a-d0de-4311-855a-ad9c1fdb04b5
[35m[HTTP][39m [37m<-- GET /wd/hub/session/723c7c6a-d0de-4311-855a-ad9c1fdb04b5/element/00000000-0000-0852-ffff-ffff00004ab7/location [39m[32m200[39m [90m28 ms - 78[39m
[35m[HTTP][39m [90m[39m
[35m[HTTP][39m [37m-->[39m [37mPOST[39m [37m/wd/hub/session/723c7c6a-d0de-4311-855a-ad9c1fdb04b5/timeouts[39m
[35m[HTTP][39m [90m{"implicit":30000}[39m
[35m[HTTP][39m [37m<-- POST /wd/hub/session/723c7c6a-d0de-4311-855a-ad9c1fdb04b5/timeouts [39m[32m200[39m [90m1 ms - 14[39m
[35m[HTTP][39m [90m[39m
[35m[HTTP][39m [37m-->[39m [37mPOST[39m [37m/wd/hub/session/723c7c6a-d0de-4311-855a-ad9c1fdb04b5/element/00000000-0000-0852-ffff-ffff00004ab7/clear[39m
[35m[HTTP][39m [90m{"id":"00000000-0000-0852-ffff-ffff00004ab7"}[39m
[35m[HTTP][39m [37m<-- POST /wd/hub/session/723c7c6a-d0de-4311-855a-ad9c1fdb04b5/element/00000000-0000-0852-ffff-ffff00004ab7/clear [39m[32m200[39m [90m26 ms - 14[39m
[35m[HTTP][39m [90m[39m
[35m[HTTP][39m [37m-->[39m [37mPOST[39m [37m/wd/hub/session/723c7c6a-d0de-4311-855a-ad9c1fdb04b5/element/00000000-0000-0852-ffff-ffff00004ab7/value[39m
[35m[HTTP][39m [90m{"id":"00000000-0000-0852-ffff-ffff00004ab7","text":"123abc","value":["1","2","3","a","b","c"]}[39m
[35m[HTTP][39m [37m<-- POST /wd/hub/session/723c7c6a-d0de-4311-855a-ad9c1fdb04b5/element/00000000-0000-0852-ffff-ffff00004ab7/value [39m[32m200[39m [90m508 ms - 14[39m
[35m[HTTP][39m [90m[39m
[35m[HTTP][39m [37m-->[39m [37mGET[39m [37m/wd/hub/session/723c7c6a-d0de-4311-855a-ad9c1fdb04b5/context[39m
[35m[HTTP][39m [90m{}[39m
[35m[HTTP][39m [37m<-- GET /wd/hub/session/723c7c6a-d0de-4311-855a-ad9c1fdb04b5/context [39m[32m200[39m [90m1 ms - 22[39m
[35m[HTTP][39m [90m[39m
[35m[HTTP][39m [37m-->[39m [37mGET[39m [37m/wd/hub/session/723c7c6a-d0de-4311-855a-ad9c1fdb04b5/contexts[39m
[35m[HTTP][39m [90m{}[39m
[35m[HTTP][39m [37m<-- GET /wd/hub/session/723c7c6a-d0de-4311-855a-ad9c1fdb04b5/contexts [39m[32m200[39m [90m84 ms - 24[39m
[35m[HTTP][39m [90m[39m
[35m[HTTP][39m [37m-->[39m [37mPOST[39m [37m/wd/hub/session/723c7c6a-d0de-4311-855a-ad9c1fdb04b5/context[39m
[35m[HTTP][39m [90m{"name":"NATIVE_APP"}[39m
[35m[HTTP][39m [37m<-- POST /wd/hub/session/723c7c6a-d0de-4311-855a-ad9c1fdb04b5/context [39m[32m200[39m [90m3 ms - 14[39m
[35m[HTTP][39m [90m[39m
[35m[HTTP][39m [37m-->[39m [37mGET[39m [37m/wd/hub/session/723c7c6a-d0de-4311-855a-ad9c1fdb04b5/window/rect[39m
[35m[HTTP][39m [90m{}[39m
[35m[HTTP][39m [37m<-- GET /wd/hub/session/723c7c6a-d0de-4311-855a-ad9c1fdb04b5/window/rect [39m[32m200[39m [90m21 ms - 50[39m
[35m[HTTP][39m [90m[39m
[35m[HTTP][39m [37m-->[39m [37mPOST[39m [37m/wd/hub/session/723c7c6a-d0de-4311-855a-ad9c1fdb04b5/execute/sync[39m
[35m[HTTP][39m [90m{"script":"mobile: viewportScreenshot","args":[]}[39m
[35m[AndroidDriver][39m Executing native command 'mobile: viewportScreenshot'
[35m[HTTP][39m [37m<-- POST /wd/hub/session/723c7c6a-d0de-4311-855a-ad9c1fdb04b5/execute/sync [39m[32m200[39m [90m1337 ms - 153136[39m
[35m[HTTP][39m [90m[39m
[35m[HTTP][39m [37m-->[39m [37mPOST[39m [37m/wd/hub/session/723c7c6a-d0de-4311-855a-ad9c1fdb04b5/context[39m
[35m[HTTP][39m [90m{"name":"NATIVE_APP"}[39m
[35m[HTTP][39m [37m<-- POST /wd/hub/session/723c7c6a-d0de-4311-855a-ad9c1fdb04b5/context [39m[32m200[39m [90m2 ms - 14[39m
[35m[HTTP][39m [90m[39m
[35m[HTTP][39m [37m-->[39m [37mPOST[39m [37m/wd/hub/session/723c7c6a-d0de-4311-855a-ad9c1fdb04b5/timeouts[39m
[35m[HTTP][39m [90m{"implicit":50}[39m
[35m[HTTP][39m [37m<-- POST /wd/hub/session/723c7c6a-d0de-4311-855a-ad9c1fdb04b5/timeouts [39m[32m200[39m [90m2 ms - 14[39m
[35m[HTTP][39m [90m[39m
[35m[HTTP][39m [37m-->[39m [37mGET[39m [37m/wd/hub/session/723c7c6a-d0de-4311-855a-ad9c1fdb04b5/window/rect[39m
[35m[HTTP][39m [90m{}[39m
[35m[HTTP][39m [37m<-- GET /wd/hub/session/723c7c6a-d0de-4311-855a-ad9c1fdb04b5/window/rect [39m[32m200[39m [90m24 ms - 50[39m
[35m[HTTP][39m [90m[39m
[35m[HTTP][39m [37m-->[39m [37mPOST[39m [37m/wd/hub/session/723c7c6a-d0de-4311-855a-ad9c1fdb04b5/elements[39m
[35m[HTTP][39m [90m{"using":"xpath","value":"//hierarchy/android.widget.FrameLayout[1]/android.widget.LinearLayout[1]/android.widget.FrameLayout[1]/android.widget.LinearLayout[1]/android.widget.FrameLayout[1]/android.view.ViewGroup[1]/android.widget.ScrollView[1]/android.widget.LinearLayout[1]/android.view.ViewGroup[1]/android.widget.Button[1]"}[39m
[35m[HTTP][39m [37m<-- POST /wd/hub/session/723c7c6a-d0de-4311-855a-ad9c1fdb04b5/elements [39m[32m200[39m [90m209 ms - 139[39m
[35m[HTTP][39m [90m[39m
[35m[HTTP][39m [37m-->[39m [37mGET[39m [37m/wd/hub/session/723c7c6a-d0de-4311-855a-ad9c1fdb04b5/element/00000000-0000-0852-ffff-ffff00004aba/location[39m
[35m[HTTP][39m [90m{}[39m
[35m[W3C (723c7c6a)][39m Driver proxy active, passing request on via HTTP proxy
[35m[WD Proxy][39m Replacing sessionId bb84223b-d725-40a7-9e0a-643d3e758537 with 723c7c6a-d0de-4311-855a-ad9c1fdb04b5
[35m[HTTP][39m [37m<-- GET /wd/hub/session/723c7c6a-d0de-4311-855a-ad9c1fdb04b5/element/00000000-0000-0852-ffff-ffff00004aba/location [39m[32m200[39m [90m32 ms - 78[39m
[35m[HTTP][39m [90m[39m
[35m[HTTP][39m [37m-->[39m [37mPOST[39m [37m/wd/hub/session/723c7c6a-d0de-4311-855a-ad9c1fdb04b5/timeouts[39m
[35m[HTTP][39m [90m{"implicit":30000}[39m
[35m[HTTP][39m [37m<-- POST /wd/hub/session/723c7c6a-d0de-4311-855a-ad9c1fdb04b5/timeouts [39m[32m200[39m [90m2 ms - 14[39m
[35m[HTTP][39m [90m[39m
[35m[HTTP][39m [37m-->[39m [37mPOST[39m [37m/wd/hub/session/723c7c6a-d0de-4311-855a-ad9c1fdb04b5/touch/perform[39m
[35m[HTTP][39m [90m{"actions":[{"action":"tap","options":{"x":1,"y":1,"element":"00000000-0000-0852-ffff-ffff00004aba"}},{"action":"release","options":{}}]}[39m
[35m[UiAutomator2][39m calling get location: 00000000-0000-0852-ffff-ffff00004aba
[35m[HTTP][39m [37m<-- POST /wd/hub/session/723c7c6a-d0de-4311-855a-ad9c1fdb04b5/touch/perform [39m[32m200[39m [90m219 ms - 14[39m
[35m[HTTP][39m [90m[39m
[35m[HTTP][39m [37m-->[39m [37mGET[39m [37m/wd/hub/session/723c7c6a-d0de-4311-855a-ad9c1fdb04b5/context[39m
[35m[HTTP][39m [90m{}[39m
[35m[HTTP][39m [37m<-- GET /wd/hub/session/723c7c6a-d0de-4311-855a-ad9c1fdb04b5/context [39m[32m200[39m [90m1 ms - 22[39m
[35m[HTTP][39m [90m[39m
[35m[HTTP][39m [37m-->[39m [37mGET[39m [37m/wd/hub/session/723c7c6a-d0de-4311-855a-ad9c1fdb04b5/contexts[39m
[35m[HTTP][39m [90m{}[39m
[35m[HTTP][39m [37m<-- GET /wd/hub/session/723c7c6a-d0de-4311-855a-ad9c1fdb04b5/contexts [39m[32m200[39m [90m129 ms - 24[39m
[35m[HTTP][39m [90m[39m
[35m[HTTP][39m [37m-->[39m [37mPOST[39m [37m/wd/hub/session/723c7c6a-d0de-4311-855a-ad9c1fdb04b5/context[39m
[35m[HTTP][39m [90m{"name":"NATIVE_APP"}[39m
[35m[HTTP][39m [37m<-- POST /wd/hub/session/723c7c6a-d0de-4311-855a-ad9c1fdb04b5/context [39m[32m200[39m [90m2 ms - 14[39m
[35m[HTTP][39m [90m[39m
[35m[HTTP][39m [37m-->[39m [37mPOST[39m [37m/wd/hub/session/723c7c6a-d0de-4311-855a-ad9c1fdb04b5/element[39m
[35m[HTTP][39m [90m{"using":"-android uiautomator","value":"new UiScrollable(new UiSelector().scrollable(true).instance(0)).scrollIntoView(new UiSelector().textContains(\"Suku Bunga\"))"}[39m
[35m[HTTP][39m [37m<-- POST /wd/hub/session/723c7c6a-d0de-4311-855a-ad9c1fdb04b5/element [39m[32m200[39m [90m8423 ms - 137[39m
[35m[HTTP][39m [90m[39m
[35m[HTTP][39m [37m-->[39m [37mPOST[39m [37m/wd/hub/session/723c7c6a-d0de-4311-855a-ad9c1fdb04b5/context[39m
[35m[HTTP][39m [90m{"name":"NATIVE_APP"}[39m
[35m[HTTP][39m [37m<-- POST /wd/hub/session/723c7c6a-d0de-4311-855a-ad9c1fdb04b5/context [39m[32m200[39m [90m2 ms - 14[39m
[35m[HTTP][39m [90m[39m
[35m[HTTP][39m [37m-->[39m [37mGET[39m [37m/wd/hub/session/723c7c6a-d0de-4311-855a-ad9c1fdb04b5/window/rect[39m
[35m[HTTP][39m [90m{}[39m
[35m[HTTP][39m [37m<-- GET /wd/hub/session/723c7c6a-d0de-4311-855a-ad9c1fdb04b5/window/rect [39m[32m200[39m [90m18 ms - 50[39m
[35m[HTTP][39m [90m[39m
[35m[HTTP][39m [37m-->[39m [37mPOST[39m [37m/wd/hub/session/723c7c6a-d0de-4311-855a-ad9c1fdb04b5/elements[39m
[35m[HTTP][39m [90m{"using":"xpath","value":"//*[@resource-id = 'com.vq.mbrochuregp.client.android:id/iv_home_profil_icon' and @package = 'com.vq.mbrochuregp.client.android']"}[39m
[35m[HTTP][39m [37m<-- POST /wd/hub/session/723c7c6a-d0de-4311-855a-ad9c1fdb04b5/elements [39m[32m200[39m [90m590 ms - 139[39m
[35m[HTTP][39m [90m[39m
[35m[HTTP][39m [37m-->[39m [37mGET[39m [37m/wd/hub/session/723c7c6a-d0de-4311-855a-ad9c1fdb04b5/element/00000000-0000-0854-ffff-ffff00004b0f/location[39m
[35m[HTTP][39m [90m{}[39m
[35m[W3C (723c7c6a)][39m Driver proxy active, passing request on via HTTP proxy
[35m[WD Proxy][39m Replacing sessionId bb84223b-d725-40a7-9e0a-643d3e758537 with 723c7c6a-d0de-4311-855a-ad9c1fdb04b5
[35m[HTTP][39m [37m<-- GET /wd/hub/session/723c7c6a-d0de-4311-855a-ad9c1fdb04b5/element/00000000-0000-0854-ffff-ffff00004b0f/location [39m[32m200[39m [90m27 ms - 79[39m
[35m[HTTP][39m [90m[39m
[35m[HTTP][39m [37m-->[39m [37mPOST[39m [37m/wd/hub/session/723c7c6a-d0de-4311-855a-ad9c1fdb04b5/element/00000000-0000-0854-ffff-ffff00004b0f/click[39m
[35m[HTTP][39m [90m{"id":"00000000-0000-0854-ffff-ffff00004b0f"}[39m
[35m[HTTP][39m [37m<-- POST /wd/hub/session/723c7c6a-d0de-4311-855a-ad9c1fdb04b5/element/00000000-0000-0854-ffff-ffff00004b0f/click [39m[32m200[39m [90m60 ms - 14[39m
[35m[HTTP][39m [90m[39m
[35m[HTTP][39m [37m-->[39m [37mGET[39m [37m/wd/hub/session/723c7c6a-d0de-4311-855a-ad9c1fdb04b5/context[39m
[35m[HTTP][39m [90m{}[39m
[35m[HTTP][39m [37m<-- GET /wd/hub/session/723c7c6a-d0de-4311-855a-ad9c1fdb04b5/context [39m[32m200[39m [90m3 ms - 22[39m
[35m[HTTP][39m [90m[39m
[35m[HTTP][39m [37m-->[39m [37mGET[39m [37m/wd/hub/session/723c7c6a-d0de-4311-855a-ad9c1fdb04b5/contexts[39m
[35m[HTTP][39m [90m{}[39m
[35m[HTTP][39m [37m<-- GET /wd/hub/session/723c7c6a-d0de-4311-855a-ad9c1fdb04b5/contexts [39m[32m200[39m [90m112 ms - 24[39m
[35m[HTTP][39m [90m[39m
[35m[HTTP][39m [37m-->[39m [37mPOST[39m [37m/wd/hub/session/723c7c6a-d0de-4311-855a-ad9c1fdb04b5/context[39m
[35m[HTTP][39m [90m{"name":"NATIVE_APP"}[39m
[35m[HTTP][39m [37m<-- POST /wd/hub/session/723c7c6a-d0de-4311-855a-ad9c1fdb04b5/context [39m[32m200[39m [90m2 ms - 14[39m
[35m[HTTP][39m [90m[39m
[35m[HTTP][39m [37m-->[39m [37mGET[39m [37m/wd/hub/session/723c7c6a-d0de-4311-855a-ad9c1fdb04b5/window/rect[39m
[35m[HTTP][39m [90m{}[39m
[35m[HTTP][39m [37m<-- GET /wd/hub/session/723c7c6a-d0de-4311-855a-ad9c1fdb04b5/window/rect [39m[32m200[39m [90m21 ms - 50[39m
[35m[HTTP][39m [90m[39m
[35m[HTTP][39m [37m-->[39m [37mPOST[39m [37m/wd/hub/session/723c7c6a-d0de-4311-855a-ad9c1fdb04b5/execute/sync[39m
[35m[HTTP][39m [90m{"script":"mobile: viewportScreenshot","args":[]}[39m
[35m[AndroidDriver][39m Executing native command 'mobile: viewportScreenshot'
[35m[HTTP][39m [37m<-- POST /wd/hub/session/723c7c6a-d0de-4311-855a-ad9c1fdb04b5/execute/sync [39m[32m200[39m [90m1291 ms - 264400[39m
[35m[HTTP][39m [90m[39m
[35m[HTTP][39m [37m-->[39m [37mPOST[39m [37m/wd/hub/session/723c7c6a-d0de-4311-855a-ad9c1fdb04b5/context[39m
[35m[HTTP][39m [90m{"name":"NATIVE_APP"}[39m
[35m[HTTP][39m [37m<-- POST /wd/hub/session/723c7c6a-d0de-4311-855a-ad9c1fdb04b5/context [39m[32m200[39m [90m1 ms - 14[39m
[35m[HTTP][39m [90m[39m
[35m[HTTP][39m [37m-->[39m [37mGET[39m [37m/wd/hub/session/723c7c6a-d0de-4311-855a-ad9c1fdb04b5/window/rect[39m
[35m[HTTP][39m [90m{}[39m
[35m[HTTP][39m [37m<-- GET /wd/hub/session/723c7c6a-d0de-4311-855a-ad9c1fdb04b5/window/rect [39m[32m200[39m [90m19 ms - 50[39m
[35m[HTTP][39m [90m[39m
[35m[HTTP][39m [37m-->[39m [37mPOST[39m [37m/wd/hub/session/723c7c6a-d0de-4311-855a-ad9c1fdb04b5/elements[39m
[35m[HTTP][39m [90m{"using":"xpath","value":"//*[@class = 'android.widget.ImageView' and @resource-id = 'com.vq.mbrochuregp.client.android:id/iv_home_icon' and (@text = '' or . = '')]"}[39m
[35m[HTTP][39m [37m<-- POST /wd/hub/session/723c7c6a-d0de-4311-855a-ad9c1fdb04b5/elements [39m[32m200[39m [90m643 ms - 139[39m
[35m[HTTP][39m [90m[39m
[35m[HTTP][39m [37m-->[39m [37mGET[39m [37m/wd/hub/session/723c7c6a-d0de-4311-855a-ad9c1fdb04b5/element/00000000-0000-0856-ffff-ffff00004b83/location[39m
[35m[HTTP][39m [90m{}[39m
[35m[W3C (723c7c6a)][39m Driver proxy active, passing request on via HTTP proxy
[35m[WD Proxy][39m Replacing sessionId bb84223b-d725-40a7-9e0a-643d3e758537 with 723c7c6a-d0de-4311-855a-ad9c1fdb04b5
[35m[HTTP][39m [37m<-- GET /wd/hub/session/723c7c6a-d0de-4311-855a-ad9c1fdb04b5/element/00000000-0000-0856-ffff-ffff00004b83/location [39m[32m200[39m [90m33 ms - 78[39m
[35m[HTTP][39m [90m[39m
[35m[HTTP][39m [37m-->[39m [37mPOST[39m [37m/wd/hub/session/723c7c6a-d0de-4311-855a-ad9c1fdb04b5/element/00000000-0000-0856-ffff-ffff00004b83/click[39m
[35m[HTTP][39m [90m{"id":"00000000-0000-0856-ffff-ffff00004b83"}[39m
[35m[HTTP][39m [37m<-- POST /wd/hub/session/723c7c6a-d0de-4311-855a-ad9c1fdb04b5/element/00000000-0000-0856-ffff-ffff00004b83/click [39m[32m200[39m [90m66 ms - 14[39m
[35m[HTTP][39m [90m[39m
[35m[HTTP][39m [37m-->[39m [37mGET[39m [37m/wd/hub/status[39m
[35m[HTTP][39m [90m{}[39m
[35m[HTTP][39m [37m<-- GET /wd/hub/status [39m[32m200[39m [90m1 ms - 68[39m
[35m[HTTP][39m [90m[39m
[35m[HTTP][39m [37m-->[39m [37mPOST[39m [37m/wd/hub/session[39m
[35m[HTTP][39m [90m{"desiredCapabilities":{"appActivity":".Settings","appPackage":"com.android.settings","newCommandTimeout":1800,"platformVersion":"11","automationName":"uiautomator2","autoGrantPermissions":true,"platformName":"Android","udid":"RR8N605F11Y","deviceName":"samsung SM-M315F (Android 11)","platform":"ANDROID","systemPort":8254},"capabilities":{"firstMatch":[{"appium:appActivity":".Settings","appium:appPackage":"com.android.settings","appium:autoGrantPermissions":true,"appium:automationName":"uiautomator2","appium:deviceName":"samsung SM-M315F (Android 11)","appium:newCommandTimeout":1800,"platform":"ANDROID","platformName":"android","appium:platformVersion":"11","appium:systemPort":8254,"appium:udid":"RR8N605F11Y"}]}}[39m
[35m[BaseDriver][39m The following capabilities are not standard capabilities and should have an extension prefix:
[35m[BaseDriver][39m   platform
[35m[BaseDriver][39m   chromedriverPort
[35m[Appium][39m Appium v1.22.2 creating new AndroidUiautomator2Driver (v1.70.1) session
[35m[BaseDriver][39m The following capabilities were provided, but are not recognized by Appium:
[35m[BaseDriver][39m   platform
[35m[BaseDriver][39m Session created with session id: eb43f581-d102-4293-bb1a-e6e59f959913
[35m[UiAutomator2][39m Starting 'com.android.settings' directly on the device
[35m[ADB][39m Using 'adb.exe' from 'C:\Users\Nia Yusniati\.katalon\tools\android_sdk\platform-tools\adb.exe'
[35m[AndroidDriver][39m Retrieving device list
[35m[AndroidDriver][39m Using device: RR8N605F11Y
[35m[ADB][39m Using 'adb.exe' from 'C:\Users\Nia Yusniati\.katalon\tools\android_sdk\platform-tools\adb.exe'
[35m[ADB][39m Getting device platform version
[35m[UiAutomator2][39m Relaxing hidden api policy
[35m[AndroidDriver][39m No app sent in, not parsing package/activity
[35m[UiAutomator2][39m Server packages are not going to be (re)installed
[35m[ADB][39m Adding packages ["io.appium.settings","io.appium.uiautomator2.server","io.appium.uiautomator2.server.test"] to Doze whitelist
[35m[UiAutomator2][39m Starting UIAutomator2 server 4.27.0
[35m[UiAutomator2][39m Using UIAutomator2 server from 'C:\Users\Nia Yusniati\AppData\Roaming\npm\node_modules\appium\node_modules\appium-uiautomator2-server\apks\appium-uiautomator2-server-v4.27.0.apk' and test from 'C:\Users\Nia Yusniati\AppData\Roaming\npm\node_modules\appium\node_modules\appium-uiautomator2-server\apks\appium-uiautomator2-server-debug-androidTest.apk'
[35m[UiAutomator2][39m Waiting up to 30000ms for UiAutomator2 to be online...
[35m[WD Proxy][39m socket hang up
[35m[WD Proxy][39m socket hang up
[35m[WD Proxy][39m socket hang up
[35m[WD Proxy][39m Determined the downstream protocol as 'W3C'
[35m[AndroidDriver][39m Screen already unlocked, doing nothing
[35m[UiAutomator2][39m Starting 'com.android.settings/.Settings and waiting for 'com.android.settings/.Settings'
[35m[Appium][39m New AndroidUiautomator2Driver session created successfully, session eb43f581-d102-4293-bb1a-e6e59f959913 added to master session list
[35m[HTTP][39m [37m<-- POST /wd/hub/session [39m[32m200[39m [90m9411 ms - 1158[39m
[35m[HTTP][39m [90m[39m
[35m[HTTP][39m [37m-->[39m [37mGET[39m [37m/wd/hub/session/eb43f581-d102-4293-bb1a-e6e59f959913[39m
[35m[HTTP][39m [90m{}[39m
[35m[HTTP][39m [37m<-- GET /wd/hub/session/eb43f581-d102-4293-bb1a-e6e59f959913 [39m[32m200[39m [90m17 ms - 1112[39m
[35m[HTTP][39m [90m[39m
[35m[HTTP][39m [37m-->[39m [37mGET[39m [37m/wd/hub/session/eb43f581-d102-4293-bb1a-e6e59f959913[39m
[35m[HTTP][39m [90m{}[39m
[35m[HTTP][39m [37m<-- GET /wd/hub/session/eb43f581-d102-4293-bb1a-e6e59f959913 [39m[32m200[39m [90m12 ms - 1112[39m
[35m[HTTP][39m [90m[39m
[35m[HTTP][39m [37m-->[39m [37mGET[39m [37m/wd/hub/status[39m
[35m[HTTP][39m [90m{}[39m
[35m[HTTP][39m [37m<-- GET /wd/hub/status [39m[32m200[39m [90m1 ms - 68[39m
[35m[HTTP][39m [90m[39m
[35m[HTTP][39m [37m-->[39m [37mPOST[39m [37m/wd/hub/session/eb43f581-d102-4293-bb1a-e6e59f959913/timeouts[39m
[35m[HTTP][39m [90m{"implicit":30000}[39m
[35m[HTTP][39m [37m<-- POST /wd/hub/session/eb43f581-d102-4293-bb1a-e6e59f959913/timeouts [39m[32m200[39m [90m3 ms - 14[39m
[35m[HTTP][39m [90m[39m
[35m[HTTP][39m [37m-->[39m [37mGET[39m [37m/wd/hub/session/eb43f581-d102-4293-bb1a-e6e59f959913/screenshot[39m
[35m[HTTP][39m [90m{}[39m
[35m[HTTP][39m [37m<-- GET /wd/hub/session/eb43f581-d102-4293-bb1a-e6e59f959913/screenshot [39m[32m200[39m [90m574 ms - 226172[39m
[35m[HTTP][39m [90m[39m
[35m[HTTP][39m [37m-->[39m [37mGET[39m [37m/wd/hub/session/eb43f581-d102-4293-bb1a-e6e59f959913/window/rect[39m
[35m[HTTP][39m [90m{}[39m
[35m[HTTP][39m [37m<-- GET /wd/hub/session/eb43f581-d102-4293-bb1a-e6e59f959913/window/rect [39m[32m200[39m [90m11 ms - 50[39m
[35m[HTTP][39m [90m[39m
[35m[HTTP][39m [37m-->[39m [37mGET[39m [37m/wd/hub/session/eb43f581-d102-4293-bb1a-e6e59f959913/appium/device/system_bars[39m
[35m[HTTP][39m [90m{}[39m
[35m[HTTP][39m [37m<-- GET /wd/hub/session/eb43f581-d102-4293-bb1a-e6e59f959913/appium/device/system_bars [39m[32m200[39m [90m149 ms - 148[39m
[35m[HTTP][39m [90m[39m
[35m[HTTP][39m [37m-->[39m [37mPOST[39m [37m/wd/hub/session/eb43f581-d102-4293-bb1a-e6e59f959913/appium/device/activate_app[39m
[35m[HTTP][39m [90m{"bundleId":"com.vq.mbrochuregp.client.android"}[39m
[35m[HTTP][39m [37m<-- POST /wd/hub/session/eb43f581-d102-4293-bb1a-e6e59f959913/appium/device/activate_app [39m[32m200[39m [90m638 ms - 14[39m
[35m[HTTP][39m [90m[39m
[35m[HTTP][39m [37m-->[39m [37mGET[39m [37m/wd/hub/session/eb43f581-d102-4293-bb1a-e6e59f959913/context[39m
[35m[HTTP][39m [90m{}[39m
[35m[HTTP][39m [37m<-- GET /wd/hub/session/eb43f581-d102-4293-bb1a-e6e59f959913/context [39m[32m200[39m [90m2 ms - 22[39m
[35m[HTTP][39m [90m[39m
[35m[HTTP][39m [37m-->[39m [37mGET[39m [37m/wd/hub/session/eb43f581-d102-4293-bb1a-e6e59f959913/contexts[39m
[35m[HTTP][39m [90m{}[39m
[35m[HTTP][39m [37m<-- GET /wd/hub/session/eb43f581-d102-4293-bb1a-e6e59f959913/contexts [39m[32m200[39m [90m91 ms - 24[39m
[35m[HTTP][39m [90m[39m
[35m[HTTP][39m [37m-->[39m [37mPOST[39m [37m/wd/hub/session/eb43f581-d102-4293-bb1a-e6e59f959913/context[39m
[35m[HTTP][39m [90m{"name":"NATIVE_APP"}[39m
[35m[HTTP][39m [37m<-- POST /wd/hub/session/eb43f581-d102-4293-bb1a-e6e59f959913/context [39m[32m200[39m [90m1 ms - 14[39m
[35m[HTTP][39m [90m[39m
[35m[HTTP][39m [37m-->[39m [37mPOST[39m [37m/wd/hub/session/eb43f581-d102-4293-bb1a-e6e59f959913/appium/device/press_keycode[39m
[35m[HTTP][39m [90m{"keycode":4}[39m
[35m[HTTP][39m [37m<-- POST /wd/hub/session/eb43f581-d102-4293-bb1a-e6e59f959913/appium/device/press_keycode [39m[32m200[39m [90m126 ms - 14[39m
[35m[HTTP][39m [90m[39m
[35m[HTTP][39m [37m-->[39m [37mPOST[39m [37m/wd/hub/session/eb43f581-d102-4293-bb1a-e6e59f959913/context[39m
[35m[HTTP][39m [90m{"name":"NATIVE_APP"}[39m
[35m[HTTP][39m [37m<-- POST /wd/hub/session/eb43f581-d102-4293-bb1a-e6e59f959913/context [39m[32m200[39m [90m3 ms - 14[39m
[35m[HTTP][39m [90m[39m
[35m[HTTP][39m [37m-->[39m [37mPOST[39m [37m/wd/hub/session/eb43f581-d102-4293-bb1a-e6e59f959913/timeouts[39m
[35m[HTTP][39m [90m{"implicit":50}[39m
[35m[HTTP][39m [37m<-- POST /wd/hub/session/eb43f581-d102-4293-bb1a-e6e59f959913/timeouts [39m[32m200[39m [90m1 ms - 14[39m
[35m[HTTP][39m [90m[39m
[35m[HTTP][39m [37m-->[39m [37mGET[39m [37m/wd/hub/session/eb43f581-d102-4293-bb1a-e6e59f959913/window/rect[39m
[35m[HTTP][39m [90m{}[39m
[35m[HTTP][39m [37m<-- GET /wd/hub/session/eb43f581-d102-4293-bb1a-e6e59f959913/window/rect [39m[32m200[39m [90m27 ms - 50[39m
[35m[HTTP][39m [90m[39m
[35m[HTTP][39m [37m-->[39m [37mPOST[39m [37m/wd/hub/session/eb43f581-d102-4293-bb1a-e6e59f959913/elements[39m
[35m[HTTP][39m [90m{"using":"xpath","value":"//*[@class = 'android.widget.Button' and (@text = 'TIDAK' or . = 'TIDAK') and @resource-id = 'android:id/button2']"}[39m
[35m[HTTP][39m [37m<-- POST /wd/hub/session/eb43f581-d102-4293-bb1a-e6e59f959913/elements [39m[32m200[39m [90m1575 ms - 139[39m
[35m[HTTP][39m [90m[39m
[35m[HTTP][39m [37m-->[39m [37mGET[39m [37m/wd/hub/session/eb43f581-d102-4293-bb1a-e6e59f959913/element/00000000-0000-087c-ffff-ffff00004c61/location[39m
[35m[HTTP][39m [90m{}[39m
[35m[W3C (eb43f581)][39m Driver proxy active, passing request on via HTTP proxy
[35m[WD Proxy][39m Replacing sessionId 35634834-4c71-4328-b78f-4733d5e86ee5 with eb43f581-d102-4293-bb1a-e6e59f959913
[35m[HTTP][39m [37m<-- GET /wd/hub/session/eb43f581-d102-4293-bb1a-e6e59f959913/element/00000000-0000-087c-ffff-ffff00004c61/location [39m[32m200[39m [90m52 ms - 79[39m
[35m[HTTP][39m [90m[39m
[35m[HTTP][39m [37m-->[39m [37mPOST[39m [37m/wd/hub/session/eb43f581-d102-4293-bb1a-e6e59f959913/timeouts[39m
[35m[HTTP][39m [90m{"implicit":30000}[39m
[35m[HTTP][39m [37m<-- POST /wd/hub/session/eb43f581-d102-4293-bb1a-e6e59f959913/timeouts [39m[32m200[39m [90m2 ms - 14[39m
[35m[HTTP][39m [90m[39m
[35m[HTTP][39m [37m-->[39m [37mPOST[39m [37m/wd/hub/session/eb43f581-d102-4293-bb1a-e6e59f959913/touch/perform[39m
[35m[HTTP][39m [90m{"actions":[{"action":"tap","options":{"x":1,"y":1,"element":"00000000-0000-087c-ffff-ffff00004c61"}},{"action":"release","options":{}}]}[39m
[35m[UiAutomator2][39m calling get location: 00000000-0000-087c-ffff-ffff00004c61
[35m[HTTP][39m [37m<-- POST /wd/hub/session/eb43f581-d102-4293-bb1a-e6e59f959913/touch/perform [39m[32m200[39m [90m187 ms - 14[39m
[35m[HTTP][39m [90m[39m
[35m[HTTP][39m [37m-->[39m [37mPOST[39m [37m/wd/hub/session/eb43f581-d102-4293-bb1a-e6e59f959913/timeouts[39m
[35m[HTTP][39m [90m{"implicit":50}[39m
[35m[HTTP][39m [37m<-- POST /wd/hub/session/eb43f581-d102-4293-bb1a-e6e59f959913/timeouts [39m[32m200[39m [90m2 ms - 14[39m
[35m[HTTP][39m [90m[39m
[35m[HTTP][39m [37m-->[39m [37mGET[39m [37m/wd/hub/session/eb43f581-d102-4293-bb1a-e6e59f959913/window/rect[39m
[35m[HTTP][39m [90m{}[39m
[35m[HTTP][39m [37m<-- GET /wd/hub/session/eb43f581-d102-4293-bb1a-e6e59f959913/window/rect [39m[32m200[39m [90m27 ms - 50[39m
[35m[HTTP][39m [90m[39m
[35m[HTTP][39m [37m-->[39m [37mPOST[39m [37m/wd/hub/session/eb43f581-d102-4293-bb1a-e6e59f959913/elements[39m
[35m[HTTP][39m [90m{"using":"xpath","value":"//hierarchy/android.widget.FrameLayout[1]/android.widget.LinearLayout[1]/android.widget.FrameLayout[1]/android.widget.LinearLayout[1]/android.widget.FrameLayout[1]/android.view.ViewGroup[1]/android.widget.ScrollView[1]/android.widget.LinearLayout[1]/android.view.ViewGroup[2]/android.widget.LinearLayout[1]/androidx.recyclerview.widget.RecyclerView[1]/android.widget.LinearLayout[8]/android.widget.ImageView[1]"}[39m
[35m[HTTP][39m [37m<-- POST /wd/hub/session/eb43f581-d102-4293-bb1a-e6e59f959913/elements [39m[32m200[39m [90m829 ms - 139[39m
[35m[HTTP][39m [90m[39m
[35m[HTTP][39m [37m-->[39m [37mGET[39m [37m/wd/hub/session/eb43f581-d102-4293-bb1a-e6e59f959913/element/00000000-0000-085d-ffff-ffff00004c12/location[39m
[35m[HTTP][39m [90m{}[39m
[35m[W3C (eb43f581)][39m Driver proxy active, passing request on via HTTP proxy
[35m[WD Proxy][39m Replacing sessionId 35634834-4c71-4328-b78f-4733d5e86ee5 with eb43f581-d102-4293-bb1a-e6e59f959913
[35m[HTTP][39m [37m<-- GET /wd/hub/session/eb43f581-d102-4293-bb1a-e6e59f959913/element/00000000-0000-085d-ffff-ffff00004c12/location [39m[32m200[39m [90m26 ms - 79[39m
[35m[HTTP][39m [90m[39m
[35m[HTTP][39m [37m-->[39m [37mPOST[39m [37m/wd/hub/session/eb43f581-d102-4293-bb1a-e6e59f959913/timeouts[39m
[35m[HTTP][39m [90m{"implicit":30000}[39m
[35m[HTTP][39m [37m<-- POST /wd/hub/session/eb43f581-d102-4293-bb1a-e6e59f959913/timeouts [39m[32m200[39m [90m2 ms - 14[39m
[35m[HTTP][39m [90m[39m
[35m[HTTP][39m [37m-->[39m [37mPOST[39m [37m/wd/hub/session/eb43f581-d102-4293-bb1a-e6e59f959913/touch/perform[39m
[35m[HTTP][39m [90m{"actions":[{"action":"tap","options":{"x":1,"y":1,"element":"00000000-0000-085d-ffff-ffff00004c12"}},{"action":"release","options":{}}]}[39m
[35m[UiAutomator2][39m calling get location: 00000000-0000-085d-ffff-ffff00004c12
[35m[HTTP][39m [37m<-- POST /wd/hub/session/eb43f581-d102-4293-bb1a-e6e59f959913/touch/perform [39m[32m200[39m [90m210 ms - 14[39m
[35m[HTTP][39m [90m[39m
[35m[HTTP][39m [37m-->[39m [37mPOST[39m [37m/wd/hub/session/eb43f581-d102-4293-bb1a-e6e59f959913/timeouts[39m
[35m[HTTP][39m [90m{"implicit":50}[39m
[35m[HTTP][39m [37m<-- POST /wd/hub/session/eb43f581-d102-4293-bb1a-e6e59f959913/timeouts [39m[32m200[39m [90m2 ms - 14[39m
[35m[HTTP][39m [90m[39m
[35m[HTTP][39m [37m-->[39m [37mGET[39m [37m/wd/hub/session/eb43f581-d102-4293-bb1a-e6e59f959913/window/rect[39m
[35m[HTTP][39m [90m{}[39m
[35m[HTTP][39m [37m<-- GET /wd/hub/session/eb43f581-d102-4293-bb1a-e6e59f959913/window/rect [39m[32m200[39m [90m25 ms - 50[39m
[35m[HTTP][39m [90m[39m
[35m[HTTP][39m [37m-->[39m [37mPOST[39m [37m/wd/hub/session/eb43f581-d102-4293-bb1a-e6e59f959913/elements[39m
[35m[HTTP][39m [90m{"using":"xpath","value":"//hierarchy/android.widget.FrameLayout[1]/android.widget.LinearLayout[1]/android.widget.FrameLayout[1]/android.widget.LinearLayout[1]/android.widget.FrameLayout[1]/android.view.ViewGroup[1]/android.widget.ScrollView[1]/android.widget.LinearLayout[1]/android.widget.LinearLayout[1]/androidx.recyclerview.widget.RecyclerView[1]/android.widget.LinearLayout[1]/android.widget.ImageView[1]"}[39m
[35m[HTTP][39m [37m<-- POST /wd/hub/session/eb43f581-d102-4293-bb1a-e6e59f959913/elements [39m[32m200[39m [90m962 ms - 139[39m
[35m[HTTP][39m [90m[39m
[35m[HTTP][39m [37m-->[39m [37mGET[39m [37m/wd/hub/session/eb43f581-d102-4293-bb1a-e6e59f959913/element/00000000-0000-087d-ffff-ffff00004c94/location[39m
[35m[HTTP][39m [90m{}[39m
[35m[W3C (eb43f581)][39m Driver proxy active, passing request on via HTTP proxy
[35m[WD Proxy][39m Replacing sessionId 35634834-4c71-4328-b78f-4733d5e86ee5 with eb43f581-d102-4293-bb1a-e6e59f959913
[35m[HTTP][39m [37m<-- GET /wd/hub/session/eb43f581-d102-4293-bb1a-e6e59f959913/element/00000000-0000-087d-ffff-ffff00004c94/location [39m[32m200[39m [90m40 ms - 77[39m
[35m[HTTP][39m [90m[39m
[35m[HTTP][39m [37m-->[39m [37mPOST[39m [37m/wd/hub/session/eb43f581-d102-4293-bb1a-e6e59f959913/timeouts[39m
[35m[HTTP][39m [90m{"implicit":30000}[39m
[35m[HTTP][39m [37m<-- POST /wd/hub/session/eb43f581-d102-4293-bb1a-e6e59f959913/timeouts [39m[32m200[39m [90m4 ms - 14[39m
[35m[HTTP][39m [90m[39m
[35m[HTTP][39m [37m-->[39m [37mPOST[39m [37m/wd/hub/session/eb43f581-d102-4293-bb1a-e6e59f959913/touch/perform[39m
[35m[HTTP][39m [90m{"actions":[{"action":"tap","options":{"x":1,"y":1,"element":"00000000-0000-087d-ffff-ffff00004c94"}},{"action":"release","options":{}}]}[39m
[35m[UiAutomator2][39m calling get location: 00000000-0000-087d-ffff-ffff00004c94
[35m[HTTP][39m [37m<-- POST /wd/hub/session/eb43f581-d102-4293-bb1a-e6e59f959913/touch/perform [39m[32m200[39m [90m236 ms - 14[39m
[35m[HTTP][39m [90m[39m
[35m[HTTP][39m [37m-->[39m [37mGET[39m [37m/wd/hub/session/eb43f581-d102-4293-bb1a-e6e59f959913/context[39m
[35m[HTTP][39m [90m{}[39m
[35m[HTTP][39m [37m<-- GET /wd/hub/session/eb43f581-d102-4293-bb1a-e6e59f959913/context [39m[32m200[39m [90m3 ms - 22[39m
[35m[HTTP][39m [90m[39m
[35m[HTTP][39m [37m-->[39m [37mGET[39m [37m/wd/hub/session/eb43f581-d102-4293-bb1a-e6e59f959913/contexts[39m
[35m[HTTP][39m [90m{}[39m
[35m[HTTP][39m [37m<-- GET /wd/hub/session/eb43f581-d102-4293-bb1a-e6e59f959913/contexts [39m[32m200[39m [90m132 ms - 24[39m
[35m[HTTP][39m [90m[39m
[35m[HTTP][39m [37m-->[39m [37mPOST[39m [37m/wd/hub/session/eb43f581-d102-4293-bb1a-e6e59f959913/context[39m
[35m[HTTP][39m [90m{"name":"NATIVE_APP"}[39m
[35m[HTTP][39m [37m<-- POST /wd/hub/session/eb43f581-d102-4293-bb1a-e6e59f959913/context [39m[32m200[39m [90m3 ms - 14[39m
[35m[HTTP][39m [90m[39m
[35m[HTTP][39m [37m-->[39m [37mGET[39m [37m/wd/hub/session/eb43f581-d102-4293-bb1a-e6e59f959913/window/rect[39m
[35m[HTTP][39m [90m{}[39m
[35m[HTTP][39m [37m<-- GET /wd/hub/session/eb43f581-d102-4293-bb1a-e6e59f959913/window/rect [39m[32m200[39m [90m34 ms - 50[39m
[35m[HTTP][39m [90m[39m
[35m[HTTP][39m [37m-->[39m [37mPOST[39m [37m/wd/hub/session/eb43f581-d102-4293-bb1a-e6e59f959913/execute/sync[39m
[35m[HTTP][39m [90m{"script":"mobile: viewportScreenshot","args":[]}[39m
[35m[AndroidDriver][39m Executing native command 'mobile: viewportScreenshot'
[35m[HTTP][39m [37m<-- POST /wd/hub/session/eb43f581-d102-4293-bb1a-e6e59f959913/execute/sync [39m[32m200[39m [90m1404 ms - 102436[39m
[35m[HTTP][39m [90m[39m
[35m[HTTP][39m [37m-->[39m [37mPOST[39m [37m/wd/hub/session/eb43f581-d102-4293-bb1a-e6e59f959913/context[39m
[35m[HTTP][39m [90m{"name":"NATIVE_APP"}[39m
[35m[HTTP][39m [37m<-- POST /wd/hub/session/eb43f581-d102-4293-bb1a-e6e59f959913/context [39m[32m200[39m [90m1 ms - 14[39m
[35m[HTTP][39m [90m[39m
[35m[HTTP][39m [37m-->[39m [37mPOST[39m [37m/wd/hub/session/eb43f581-d102-4293-bb1a-e6e59f959913/timeouts[39m
[35m[HTTP][39m [90m{"implicit":50}[39m
[35m[HTTP][39m [37m<-- POST /wd/hub/session/eb43f581-d102-4293-bb1a-e6e59f959913/timeouts [39m[32m200[39m [90m2 ms - 14[39m
[35m[HTTP][39m [90m[39m
[35m[HTTP][39m [37m-->[39m [37mGET[39m [37m/wd/hub/session/eb43f581-d102-4293-bb1a-e6e59f959913/window/rect[39m
[35m[HTTP][39m [90m{}[39m
[35m[HTTP][39m [37m<-- GET /wd/hub/session/eb43f581-d102-4293-bb1a-e6e59f959913/window/rect [39m[32m200[39m [90m28 ms - 50[39m
[35m[HTTP][39m [90m[39m
[35m[HTTP][39m [37m-->[39m [37mPOST[39m [37m/wd/hub/session/eb43f581-d102-4293-bb1a-e6e59f959913/elements[39m
[35m[HTTP][39m [90m{"using":"xpath","value":"//hierarchy/android.widget.FrameLayout[1]/android.widget.LinearLayout[1]/android.widget.FrameLayout[1]/android.widget.LinearLayout[1]/android.widget.FrameLayout[1]/android.view.ViewGroup[1]/androidx.viewpager.widget.ViewPager[1]/android.widget.FrameLayout[1]/android.view.ViewGroup[1]/androidx.recyclerview.widget.RecyclerView[1]/android.widget.LinearLayout[1]/android.widget.RelativeLayout[1]"}[39m
[35m[HTTP][39m [37m<-- POST /wd/hub/session/eb43f581-d102-4293-bb1a-e6e59f959913/elements [39m[32m200[39m [90m249 ms - 139[39m
[35m[HTTP][39m [90m[39m
[35m[HTTP][39m [37m-->[39m [37mGET[39m [37m/wd/hub/session/eb43f581-d102-4293-bb1a-e6e59f959913/element/00000000-0000-087e-ffff-ffff00004ce5/location[39m
[35m[HTTP][39m [90m{}[39m
[35m[W3C (eb43f581)][39m Driver proxy active, passing request on via HTTP proxy
[35m[WD Proxy][39m Replacing sessionId 35634834-4c71-4328-b78f-4733d5e86ee5 with eb43f581-d102-4293-bb1a-e6e59f959913
[35m[HTTP][39m [37m<-- GET /wd/hub/session/eb43f581-d102-4293-bb1a-e6e59f959913/element/00000000-0000-087e-ffff-ffff00004ce5/location [39m[32m200[39m [90m28 ms - 77[39m
[35m[HTTP][39m [90m[39m
[35m[HTTP][39m [37m-->[39m [37mPOST[39m [37m/wd/hub/session/eb43f581-d102-4293-bb1a-e6e59f959913/timeouts[39m
[35m[HTTP][39m [90m{"implicit":30000}[39m
[35m[HTTP][39m [37m<-- POST /wd/hub/session/eb43f581-d102-4293-bb1a-e6e59f959913/timeouts [39m[32m200[39m [90m3 ms - 14[39m
[35m[HTTP][39m [90m[39m
[35m[HTTP][39m [37m-->[39m [37mPOST[39m [37m/wd/hub/session/eb43f581-d102-4293-bb1a-e6e59f959913/touch/perform[39m
[35m[HTTP][39m [90m{"actions":[{"action":"tap","options":{"x":1,"y":1,"element":"00000000-0000-087e-ffff-ffff00004ce5"}},{"action":"release","options":{}}]}[39m
[35m[UiAutomator2][39m calling get location: 00000000-0000-087e-ffff-ffff00004ce5
[35m[HTTP][39m [37m<-- POST /wd/hub/session/eb43f581-d102-4293-bb1a-e6e59f959913/touch/perform [39m[32m200[39m [90m223 ms - 14[39m
[35m[HTTP][39m [90m[39m
[35m[HTTP][39m [37m-->[39m [37mGET[39m [37m/wd/hub/session/eb43f581-d102-4293-bb1a-e6e59f959913/context[39m
[35m[HTTP][39m [90m{}[39m
[35m[HTTP][39m [37m<-- GET /wd/hub/session/eb43f581-d102-4293-bb1a-e6e59f959913/context [39m[32m200[39m [90m3 ms - 22[39m
[35m[HTTP][39m [90m[39m
[35m[HTTP][39m [37m-->[39m [37mGET[39m [37m/wd/hub/session/eb43f581-d102-4293-bb1a-e6e59f959913/contexts[39m
[35m[HTTP][39m [90m{}[39m
[35m[HTTP][39m [37m<-- GET /wd/hub/session/eb43f581-d102-4293-bb1a-e6e59f959913/contexts [39m[32m200[39m [90m98 ms - 24[39m
[35m[HTTP][39m [90m[39m
[35m[HTTP][39m [37m-->[39m [37mPOST[39m [37m/wd/hub/session/eb43f581-d102-4293-bb1a-e6e59f959913/context[39m
[35m[HTTP][39m [90m{"name":"NATIVE_APP"}[39m
[35m[HTTP][39m [37m<-- POST /wd/hub/session/eb43f581-d102-4293-bb1a-e6e59f959913/context [39m[32m200[39m [90m3 ms - 14[39m
[35m[HTTP][39m [90m[39m
[35m[HTTP][39m [37m-->[39m [37mGET[39m [37m/wd/hub/session/eb43f581-d102-4293-bb1a-e6e59f959913/window/rect[39m
[35m[HTTP][39m [90m{}[39m
[35m[HTTP][39m [37m<-- GET /wd/hub/session/eb43f581-d102-4293-bb1a-e6e59f959913/window/rect [39m[32m200[39m [90m31 ms - 50[39m
[35m[HTTP][39m [90m[39m
[35m[HTTP][39m [37m-->[39m [37mPOST[39m [37m/wd/hub/session/eb43f581-d102-4293-bb1a-e6e59f959913/context[39m
[35m[HTTP][39m [90m{"name":"NATIVE_APP"}[39m
[35m[HTTP][39m [37m<-- POST /wd/hub/session/eb43f581-d102-4293-bb1a-e6e59f959913/context [39m[32m200[39m [90m3 ms - 14[39m
[35m[HTTP][39m [90m[39m
[35m[HTTP][39m [37m-->[39m [37mGET[39m [37m/wd/hub/session/eb43f581-d102-4293-bb1a-e6e59f959913/context[39m
[35m[HTTP][39m [90m{}[39m
[35m[HTTP][39m [37m<-- GET /wd/hub/session/eb43f581-d102-4293-bb1a-e6e59f959913/context [39m[32m200[39m [90m2 ms - 22[39m
[35m[HTTP][39m [90m[39m
[35m[HTTP][39m [37m-->[39m [37mGET[39m [37m/wd/hub/session/eb43f581-d102-4293-bb1a-e6e59f959913/contexts[39m
[35m[HTTP][39m [90m{}[39m
[35m[HTTP][39m [37m<-- GET /wd/hub/session/eb43f581-d102-4293-bb1a-e6e59f959913/contexts [39m[32m200[39m [90m112 ms - 24[39m
[35m[HTTP][39m [90m[39m
[35m[HTTP][39m [37m-->[39m [37mPOST[39m [37m/wd/hub/session/eb43f581-d102-4293-bb1a-e6e59f959913/context[39m
[35m[HTTP][39m [90m{"name":"NATIVE_APP"}[39m
[35m[HTTP][39m [37m<-- POST /wd/hub/session/eb43f581-d102-4293-bb1a-e6e59f959913/context [39m[32m200[39m [90m1 ms - 14[39m
[35m[HTTP][39m [90m[39m
[35m[HTTP][39m [37m-->[39m [37mGET[39m [37m/wd/hub/session/eb43f581-d102-4293-bb1a-e6e59f959913/window/rect[39m
[35m[HTTP][39m [90m{}[39m
[35m[HTTP][39m [37m<-- GET /wd/hub/session/eb43f581-d102-4293-bb1a-e6e59f959913/window/rect [39m[32m200[39m [90m25 ms - 50[39m
[35m[HTTP][39m [90m[39m
[35m[HTTP][39m [37m-->[39m [37mPOST[39m [37m/wd/hub/session/eb43f581-d102-4293-bb1a-e6e59f959913/context[39m
[35m[HTTP][39m [90m{"name":"NATIVE_APP"}[39m
[35m[HTTP][39m [37m<-- POST /wd/hub/session/eb43f581-d102-4293-bb1a-e6e59f959913/context [39m[32m200[39m [90m1 ms - 14[39m
[35m[HTTP][39m [90m[39m
[35m[HTTP][39m [37m-->[39m [37mGET[39m [37m/wd/hub/session/eb43f581-d102-4293-bb1a-e6e59f959913/context[39m
[35m[HTTP][39m [90m{}[39m
[35m[HTTP][39m [37m<-- GET /wd/hub/session/eb43f581-d102-4293-bb1a-e6e59f959913/context [39m[32m200[39m [90m2 ms - 22[39m
[35m[HTTP][39m [90m[39m
[35m[HTTP][39m [37m-->[39m [37mGET[39m [37m/wd/hub/session/eb43f581-d102-4293-bb1a-e6e59f959913/contexts[39m
[35m[HTTP][39m [90m{}[39m
[35m[HTTP][39m [37m<-- GET /wd/hub/session/eb43f581-d102-4293-bb1a-e6e59f959913/contexts [39m[32m200[39m [90m98 ms - 24[39m
[35m[HTTP][39m [90m[39m
[35m[HTTP][39m [37m-->[39m [37mPOST[39m [37m/wd/hub/session/eb43f581-d102-4293-bb1a-e6e59f959913/context[39m
[35m[HTTP][39m [90m{"name":"NATIVE_APP"}[39m
[35m[HTTP][39m [37m<-- POST /wd/hub/session/eb43f581-d102-4293-bb1a-e6e59f959913/context [39m[32m200[39m [90m3 ms - 14[39m
[35m[HTTP][39m [90m[39m
[35m[HTTP][39m [37m-->[39m [37mPOST[39m [37m/wd/hub/session/eb43f581-d102-4293-bb1a-e6e59f959913/touch/perform[39m
[35m[HTTP][39m [90m{"actions":[{"action":"press","options":{"x":540,"y":1491}},{"action":"wait","options":{"ms":500}},{"action":"moveTo","options":{"x":540,"y":639}},{"action":"release","options":{}}]}[39m
[35m[HTTP][39m [37m<-- POST /wd/hub/session/eb43f581-d102-4293-bb1a-e6e59f959913/touch/perform [39m[32m200[39m [90m1048 ms - 14[39m
[35m[HTTP][39m [90m[39m
[35m[HTTP][39m [37m-->[39m [37mPOST[39m [37m/wd/hub/session/eb43f581-d102-4293-bb1a-e6e59f959913/context[39m
[35m[HTTP][39m [90m{"name":"NATIVE_APP"}[39m
[35m[HTTP][39m [37m<-- POST /wd/hub/session/eb43f581-d102-4293-bb1a-e6e59f959913/context [39m[32m200[39m [90m1 ms - 14[39m
[35m[HTTP][39m [90m[39m
[35m[HTTP][39m [37m-->[39m [37mPOST[39m [37m/wd/hub/session/eb43f581-d102-4293-bb1a-e6e59f959913/timeouts[39m
[35m[HTTP][39m [90m{"implicit":50}[39m
[35m[HTTP][39m [37m<-- POST /wd/hub/session/eb43f581-d102-4293-bb1a-e6e59f959913/timeouts [39m[32m200[39m [90m1 ms - 14[39m
[35m[HTTP][39m [90m[39m
[35m[HTTP][39m [37m-->[39m [37mGET[39m [37m/wd/hub/session/eb43f581-d102-4293-bb1a-e6e59f959913/window/rect[39m
[35m[HTTP][39m [90m{}[39m
[35m[HTTP][39m [37m<-- GET /wd/hub/session/eb43f581-d102-4293-bb1a-e6e59f959913/window/rect [39m[32m200[39m [90m19 ms - 50[39m
[35m[HTTP][39m [90m[39m
[35m[HTTP][39m [37m-->[39m [37mPOST[39m [37m/wd/hub/session/eb43f581-d102-4293-bb1a-e6e59f959913/elements[39m
[35m[HTTP][39m [90m{"using":"xpath","value":"//*[@class = 'android.widget.RadioButton' and (@text = '3 Tahun' or . = '3 Tahun') and @resource-id = 'com.vq.mbrochuregp.client.android:id/rb_3']"}[39m
[35m[HTTP][39m [37m<-- POST /wd/hub/session/eb43f581-d102-4293-bb1a-e6e59f959913/elements [39m[32m200[39m [90m526 ms - 139[39m
[35m[HTTP][39m [90m[39m
[35m[HTTP][39m [37m-->[39m [37mGET[39m [37m/wd/hub/session/eb43f581-d102-4293-bb1a-e6e59f959913/element/00000000-0000-087f-ffff-ffff00004d35/location[39m
[35m[HTTP][39m [90m{}[39m
[35m[W3C (eb43f581)][39m Driver proxy active, passing request on via HTTP proxy
[35m[WD Proxy][39m Replacing sessionId 35634834-4c71-4328-b78f-4733d5e86ee5 with eb43f581-d102-4293-bb1a-e6e59f959913
[35m[HTTP][39m [37m<-- GET /wd/hub/session/eb43f581-d102-4293-bb1a-e6e59f959913/element/00000000-0000-087f-ffff-ffff00004d35/location [39m[32m200[39m [90m24 ms - 78[39m
[35m[HTTP][39m [90m[39m
[35m[HTTP][39m [37m-->[39m [37mPOST[39m [37m/wd/hub/session/eb43f581-d102-4293-bb1a-e6e59f959913/timeouts[39m
[35m[HTTP][39m [90m{"implicit":30000}[39m
[35m[HTTP][39m [37m<-- POST /wd/hub/session/eb43f581-d102-4293-bb1a-e6e59f959913/timeouts [39m[32m200[39m [90m2 ms - 14[39m
[35m[HTTP][39m [90m[39m
[35m[HTTP][39m [37m-->[39m [37mPOST[39m [37m/wd/hub/session/eb43f581-d102-4293-bb1a-e6e59f959913/touch/perform[39m
[35m[HTTP][39m [90m{"actions":[{"action":"tap","options":{"x":1,"y":1,"element":"00000000-0000-087f-ffff-ffff00004d35"}},{"action":"release","options":{}}]}[39m
[35m[UiAutomator2][39m calling get location: 00000000-0000-087f-ffff-ffff00004d35
[35m[HTTP][39m [37m<-- POST /wd/hub/session/eb43f581-d102-4293-bb1a-e6e59f959913/touch/perform [39m[32m200[39m [90m203 ms - 14[39m
[35m[HTTP][39m [90m[39m
[35m[HTTP][39m [37m-->[39m [37mGET[39m [37m/wd/hub/session/eb43f581-d102-4293-bb1a-e6e59f959913/context[39m
[35m[HTTP][39m [90m{}[39m
[35m[HTTP][39m [37m<-- GET /wd/hub/session/eb43f581-d102-4293-bb1a-e6e59f959913/context [39m[32m200[39m [90m2 ms - 22[39m
[35m[HTTP][39m [90m[39m
[35m[HTTP][39m [37m-->[39m [37mGET[39m [37m/wd/hub/session/eb43f581-d102-4293-bb1a-e6e59f959913/contexts[39m
[35m[HTTP][39m [90m{}[39m
[35m[HTTP][39m [37m<-- GET /wd/hub/session/eb43f581-d102-4293-bb1a-e6e59f959913/contexts [39m[32m200[39m [90m104 ms - 24[39m
[35m[HTTP][39m [90m[39m
[35m[HTTP][39m [37m-->[39m [37mPOST[39m [37m/wd/hub/session/eb43f581-d102-4293-bb1a-e6e59f959913/context[39m
[35m[HTTP][39m [90m{"name":"NATIVE_APP"}[39m
[35m[HTTP][39m [37m<-- POST /wd/hub/session/eb43f581-d102-4293-bb1a-e6e59f959913/context [39m[32m200[39m [90m1 ms - 14[39m
[35m[HTTP][39m [90m[39m
[35m[HTTP][39m [37m-->[39m [37mGET[39m [37m/wd/hub/session/eb43f581-d102-4293-bb1a-e6e59f959913/window/rect[39m
[35m[HTTP][39m [90m{}[39m
[35m[HTTP][39m [37m<-- GET /wd/hub/session/eb43f581-d102-4293-bb1a-e6e59f959913/window/rect [39m[32m200[39m [90m25 ms - 50[39m
[35m[HTTP][39m [90m[39m
[35m[HTTP][39m [37m-->[39m [37mPOST[39m [37m/wd/hub/session/eb43f581-d102-4293-bb1a-e6e59f959913/execute/sync[39m
[35m[HTTP][39m [90m{"script":"mobile: viewportScreenshot","args":[]}[39m
[35m[AndroidDriver][39m Executing native command 'mobile: viewportScreenshot'
[35m[HTTP][39m [37m<-- POST /wd/hub/session/eb43f581-d102-4293-bb1a-e6e59f959913/execute/sync [39m[32m200[39m [90m1305 ms - 254484[39m
[35m[HTTP][39m [90m[39m
[35m[HTTP][39m [37m-->[39m [37mPOST[39m [37m/wd/hub/session/eb43f581-d102-4293-bb1a-e6e59f959913/context[39m
[35m[HTTP][39m [90m{"name":"NATIVE_APP"}[39m
[35m[HTTP][39m [37m<-- POST /wd/hub/session/eb43f581-d102-4293-bb1a-e6e59f959913/context [39m[32m200[39m [90m1 ms - 14[39m
[35m[HTTP][39m [90m[39m
[35m[HTTP][39m [37m-->[39m [37mGET[39m [37m/wd/hub/session/eb43f581-d102-4293-bb1a-e6e59f959913/window/rect[39m
[35m[HTTP][39m [90m{}[39m
[35m[HTTP][39m [37m<-- GET /wd/hub/session/eb43f581-d102-4293-bb1a-e6e59f959913/window/rect [39m[32m200[39m [90m27 ms - 50[39m
[35m[HTTP][39m [90m[39m
[35m[HTTP][39m [37m-->[39m [37mPOST[39m [37m/wd/hub/session/eb43f581-d102-4293-bb1a-e6e59f959913/elements[39m
[35m[HTTP][39m [90m{"using":"xpath","value":"//*[@class = 'android.widget.Button' and (@text = 'Lanjutkan >' or . = 'Lanjutkan >') and @resource-id = 'com.vq.mbrochuregp.client.android:id/btn_renewal_asuransi_list_detail_next']"}[39m
[35m[HTTP][39m [37m<-- POST /wd/hub/session/eb43f581-d102-4293-bb1a-e6e59f959913/elements [39m[32m200[39m [90m519 ms - 139[39m
[35m[HTTP][39m [90m[39m
[35m[HTTP][39m [37m-->[39m [37mGET[39m [37m/wd/hub/session/eb43f581-d102-4293-bb1a-e6e59f959913/element/00000000-0000-087f-ffff-ffff00004d46/location[39m
[35m[HTTP][39m [90m{}[39m
[35m[W3C (eb43f581)][39m Driver proxy active, passing request on via HTTP proxy
[35m[WD Proxy][39m Replacing sessionId 35634834-4c71-4328-b78f-4733d5e86ee5 with eb43f581-d102-4293-bb1a-e6e59f959913
[35m[HTTP][39m [37m<-- GET /wd/hub/session/eb43f581-d102-4293-bb1a-e6e59f959913/element/00000000-0000-087f-ffff-ffff00004d46/location [39m[32m200[39m [90m33 ms - 78[39m
[35m[HTTP][39m [90m[39m
[35m[HTTP][39m [37m-->[39m [37mPOST[39m [37m/wd/hub/session/eb43f581-d102-4293-bb1a-e6e59f959913/element/00000000-0000-087f-ffff-ffff00004d46/click[39m
[35m[HTTP][39m [90m{"id":"00000000-0000-087f-ffff-ffff00004d46"}[39m
[35m[HTTP][39m [37m<-- POST /wd/hub/session/eb43f581-d102-4293-bb1a-e6e59f959913/element/00000000-0000-087f-ffff-ffff00004d46/click [39m[32m200[39m [90m67 ms - 14[39m
[35m[HTTP][39m [90m[39m
[35m[HTTP][39m [37m-->[39m [37mGET[39m [37m/wd/hub/session/eb43f581-d102-4293-bb1a-e6e59f959913/context[39m
[35m[HTTP][39m [90m{}[39m
[35m[HTTP][39m [37m<-- GET /wd/hub/session/eb43f581-d102-4293-bb1a-e6e59f959913/context [39m[32m200[39m [90m2 ms - 22[39m
[35m[HTTP][39m [90m[39m
[35m[HTTP][39m [37m-->[39m [37mGET[39m [37m/wd/hub/session/eb43f581-d102-4293-bb1a-e6e59f959913/contexts[39m
[35m[HTTP][39m [90m{}[39m
[35m[HTTP][39m [37m<-- GET /wd/hub/session/eb43f581-d102-4293-bb1a-e6e59f959913/contexts [39m[32m200[39m [90m117 ms - 24[39m
[35m[HTTP][39m [90m[39m
[35m[HTTP][39m [37m-->[39m [37mPOST[39m [37m/wd/hub/session/eb43f581-d102-4293-bb1a-e6e59f959913/context[39m
[35m[HTTP][39m [90m{"name":"NATIVE_APP"}[39m
[35m[HTTP][39m [37m<-- POST /wd/hub/session/eb43f581-d102-4293-bb1a-e6e59f959913/context [39m[32m200[39m [90m2 ms - 14[39m
[35m[HTTP][39m [90m[39m
[35m[HTTP][39m [37m-->[39m [37mGET[39m [37m/wd/hub/session/eb43f581-d102-4293-bb1a-e6e59f959913/window/rect[39m
[35m[HTTP][39m [90m{}[39m
[35m[HTTP][39m [37m<-- GET /wd/hub/session/eb43f581-d102-4293-bb1a-e6e59f959913/window/rect [39m[32m200[39m [90m30 ms - 50[39m
[35m[HTTP][39m [90m[39m
[35m[HTTP][39m [37m-->[39m [37mPOST[39m [37m/wd/hub/session/eb43f581-d102-4293-bb1a-e6e59f959913/execute/sync[39m
[35m[HTTP][39m [90m{"script":"mobile: viewportScreenshot","args":[]}[39m
[35m[AndroidDriver][39m Executing native command 'mobile: viewportScreenshot'
[35m[HTTP][39m [37m<-- POST /wd/hub/session/eb43f581-d102-4293-bb1a-e6e59f959913/execute/sync [39m[32m200[39m [90m1364 ms - 221864[39m
[35m[HTTP][39m [90m[39m
[35m[HTTP][39m [37m-->[39m [37mPOST[39m [37m/wd/hub/session/eb43f581-d102-4293-bb1a-e6e59f959913/context[39m
[35m[HTTP][39m [90m{"name":"NATIVE_APP"}[39m
[35m[HTTP][39m [37m<-- POST /wd/hub/session/eb43f581-d102-4293-bb1a-e6e59f959913/context [39m[32m200[39m [90m2 ms - 14[39m
[35m[HTTP][39m [90m[39m
[35m[HTTP][39m [37m-->[39m [37mGET[39m [37m/wd/hub/session/eb43f581-d102-4293-bb1a-e6e59f959913/window/rect[39m
[35m[HTTP][39m [90m{}[39m
[35m[HTTP][39m [37m<-- GET /wd/hub/session/eb43f581-d102-4293-bb1a-e6e59f959913/window/rect [39m[32m200[39m [90m27 ms - 50[39m
[35m[HTTP][39m [90m[39m
[35m[HTTP][39m [37m-->[39m [37mPOST[39m [37m/wd/hub/session/eb43f581-d102-4293-bb1a-e6e59f959913/elements[39m
[35m[HTTP][39m [90m{"using":"xpath","value":"//*[@class = 'android.widget.Button' and (@text = 'Submit' or . = 'Submit') and @resource-id = 'com.vq.mbrochuregp.client.android:id/btn_renewal_asuransi_result_submit']"}[39m
[35m[HTTP][39m [37m<-- POST /wd/hub/session/eb43f581-d102-4293-bb1a-e6e59f959913/elements [39m[32m200[39m [90m387 ms - 139[39m
[35m[HTTP][39m [90m[39m
[35m[HTTP][39m [37m-->[39m [37mGET[39m [37m/wd/hub/session/eb43f581-d102-4293-bb1a-e6e59f959913/element/00000000-0000-0880-ffff-ffff00004daf/location[39m
[35m[HTTP][39m [90m{}[39m
[35m[W3C (eb43f581)][39m Driver proxy active, passing request on via HTTP proxy
[35m[WD Proxy][39m Replacing sessionId 35634834-4c71-4328-b78f-4733d5e86ee5 with eb43f581-d102-4293-bb1a-e6e59f959913
[35m[HTTP][39m [37m<-- GET /wd/hub/session/eb43f581-d102-4293-bb1a-e6e59f959913/element/00000000-0000-0880-ffff-ffff00004daf/location [39m[32m200[39m [90m30 ms - 78[39m
[35m[HTTP][39m [90m[39m
[35m[HTTP][39m [37m-->[39m [37mPOST[39m [37m/wd/hub/session/eb43f581-d102-4293-bb1a-e6e59f959913/element/00000000-0000-0880-ffff-ffff00004daf/click[39m
[35m[HTTP][39m [90m{"id":"00000000-0000-0880-ffff-ffff00004daf"}[39m
[35m[HTTP][39m [37m<-- POST /wd/hub/session/eb43f581-d102-4293-bb1a-e6e59f959913/element/00000000-0000-0880-ffff-ffff00004daf/click [39m[32m200[39m [90m60 ms - 14[39m
[35m[HTTP][39m [90m[39m
[35m[HTTP][39m [37m-->[39m [37mPOST[39m [37m/wd/hub/session/eb43f581-d102-4293-bb1a-e6e59f959913/timeouts[39m
[35m[HTTP][39m [90m{"implicit":50}[39m
[35m[HTTP][39m [37m<-- POST /wd/hub/session/eb43f581-d102-4293-bb1a-e6e59f959913/timeouts [39m[32m200[39m [90m2 ms - 14[39m
[35m[HTTP][39m [90m[39m
[35m[HTTP][39m [37m-->[39m [37mGET[39m [37m/wd/hub/session/eb43f581-d102-4293-bb1a-e6e59f959913/window/rect[39m
[35m[HTTP][39m [90m{}[39m
[35m[HTTP][39m [37m<-- GET /wd/hub/session/eb43f581-d102-4293-bb1a-e6e59f959913/window/rect [39m[32m200[39m [90m20 ms - 50[39m
[35m[HTTP][39m [90m[39m
[35m[HTTP][39m [37m-->[39m [37mPOST[39m [37m/wd/hub/session/eb43f581-d102-4293-bb1a-e6e59f959913/elements[39m
[35m[HTTP][39m [90m{"using":"xpath","value":"//*[@class = 'android.widget.Button' and (@text = 'YA' or . = 'YA') and @resource-id = 'android:id/button1']"}[39m
[35m[HTTP][39m [37m<-- POST /wd/hub/session/eb43f581-d102-4293-bb1a-e6e59f959913/elements [39m[32m200[39m [90m561 ms - 139[39m
[35m[HTTP][39m [90m[39m
[35m[HTTP][39m [37m-->[39m [37mGET[39m [37m/wd/hub/session/eb43f581-d102-4293-bb1a-e6e59f959913/element/00000000-0000-0881-ffff-ffff00004dd0/location[39m
[35m[HTTP][39m [90m{}[39m
[35m[W3C (eb43f581)][39m Driver proxy active, passing request on via HTTP proxy
[35m[WD Proxy][39m Replacing sessionId 35634834-4c71-4328-b78f-4733d5e86ee5 with eb43f581-d102-4293-bb1a-e6e59f959913
[35m[HTTP][39m [37m<-- GET /wd/hub/session/eb43f581-d102-4293-bb1a-e6e59f959913/element/00000000-0000-0881-ffff-ffff00004dd0/location [39m[32m200[39m [90m26 ms - 79[39m
[35m[HTTP][39m [90m[39m
[35m[HTTP][39m [37m-->[39m [37mPOST[39m [37m/wd/hub/session/eb43f581-d102-4293-bb1a-e6e59f959913/timeouts[39m
[35m[HTTP][39m [90m{"implicit":30000}[39m
[35m[HTTP][39m [37m<-- POST /wd/hub/session/eb43f581-d102-4293-bb1a-e6e59f959913/timeouts [39m[32m200[39m [90m2 ms - 14[39m
[35m[HTTP][39m [90m[39m
[35m[HTTP][39m [37m-->[39m [37mPOST[39m [37m/wd/hub/session/eb43f581-d102-4293-bb1a-e6e59f959913/touch/perform[39m
[35m[HTTP][39m [90m{"actions":[{"action":"tap","options":{"x":1,"y":1,"element":"00000000-0000-0881-ffff-ffff00004dd0"}},{"action":"release","options":{}}]}[39m
[35m[UiAutomator2][39m calling get location: 00000000-0000-0881-ffff-ffff00004dd0
[35m[HTTP][39m [37m<-- POST /wd/hub/session/eb43f581-d102-4293-bb1a-e6e59f959913/touch/perform [39m[32m200[39m [90m1445 ms - 14[39m
[35m[HTTP][39m [90m[39m
[35m[HTTP][39m [37m-->[39m [37mGET[39m [37m/wd/hub/session/eb43f581-d102-4293-bb1a-e6e59f959913/context[39m
[35m[HTTP][39m [90m{}[39m
[35m[HTTP][39m [37m<-- GET /wd/hub/session/eb43f581-d102-4293-bb1a-e6e59f959913/context [39m[32m200[39m [90m3 ms - 22[39m
[35m[HTTP][39m [90m[39m
[35m[HTTP][39m [37m-->[39m [37mGET[39m [37m/wd/hub/session/eb43f581-d102-4293-bb1a-e6e59f959913/contexts[39m
[35m[HTTP][39m [90m{}[39m
[35m[HTTP][39m [37m<-- GET /wd/hub/session/eb43f581-d102-4293-bb1a-e6e59f959913/contexts [39m[32m200[39m [90m133 ms - 24[39m
[35m[HTTP][39m [90m[39m
[35m[HTTP][39m [37m-->[39m [37mPOST[39m [37m/wd/hub/session/eb43f581-d102-4293-bb1a-e6e59f959913/context[39m
[35m[HTTP][39m [90m{"name":"NATIVE_APP"}[39m
[35m[HTTP][39m [37m<-- POST /wd/hub/session/eb43f581-d102-4293-bb1a-e6e59f959913/context [39m[32m200[39m [90m1 ms - 14[39m
[35m[HTTP][39m [90m[39m
[35m[HTTP][39m [37m-->[39m [37mGET[39m [37m/wd/hub/session/eb43f581-d102-4293-bb1a-e6e59f959913/window/rect[39m
[35m[HTTP][39m [90m{}[39m
[35m[HTTP][39m [37m<-- GET /wd/hub/session/eb43f581-d102-4293-bb1a-e6e59f959913/window/rect [39m[32m200[39m [90m23 ms - 50[39m
[35m[HTTP][39m [90m[39m
[35m[HTTP][39m [37m-->[39m [37mPOST[39m [37m/wd/hub/session/eb43f581-d102-4293-bb1a-e6e59f959913/execute/sync[39m
[35m[HTTP][39m [90m{"script":"mobile: viewportScreenshot","args":[]}[39m
[35m[AndroidDriver][39m Executing native command 'mobile: viewportScreenshot'
[35m[HTTP][39m [37m<-- POST /wd/hub/session/eb43f581-d102-4293-bb1a-e6e59f959913/execute/sync [39m[32m200[39m [90m1208 ms - 142668[39m
[35m[HTTP][39m [90m[39m
[35m[HTTP][39m [37m-->[39m [37mPOST[39m [37m/wd/hub/session/eb43f581-d102-4293-bb1a-e6e59f959913/context[39m
[35m[HTTP][39m [90m{"name":"NATIVE_APP"}[39m
[35m[HTTP][39m [37m<-- POST /wd/hub/session/eb43f581-d102-4293-bb1a-e6e59f959913/context [39m[32m200[39m [90m2 ms - 14[39m
[35m[HTTP][39m [90m[39m
[35m[HTTP][39m [37m-->[39m [37mPOST[39m [37m/wd/hub/session/eb43f581-d102-4293-bb1a-e6e59f959913/timeouts[39m
[35m[HTTP][39m [90m{"implicit":50}[39m
[35m[HTTP][39m [37m<-- POST /wd/hub/session/eb43f581-d102-4293-bb1a-e6e59f959913/timeouts [39m[32m200[39m [90m2 ms - 14[39m
[35m[HTTP][39m [90m[39m
[35m[HTTP][39m [37m-->[39m [37mGET[39m [37m/wd/hub/session/eb43f581-d102-4293-bb1a-e6e59f959913/window/rect[39m
[35m[HTTP][39m [90m{}[39m
[35m[HTTP][39m [37m<-- GET /wd/hub/session/eb43f581-d102-4293-bb1a-e6e59f959913/window/rect [39m[32m200[39m [90m22 ms - 50[39m
[35m[HTTP][39m [90m[39m
[35m[HTTP][39m [37m-->[39m [37mPOST[39m [37m/wd/hub/session/eb43f581-d102-4293-bb1a-e6e59f959913/elements[39m
[35m[HTTP][39m [90m{"using":"xpath","value":"//*[@class = 'android.widget.Button' and (@text = 'Kembali' or . = 'Kembali') and @resource-id = 'com.vq.mbrochuregp.client.android:id/btn_renewal_asuransi_save_kembali']"}[39m
[35m[HTTP][39m [37m<-- POST /wd/hub/session/eb43f581-d102-4293-bb1a-e6e59f959913/elements [39m[32m200[39m [90m162 ms - 139[39m
[35m[HTTP][39m [90m[39m
[35m[HTTP][39m [37m-->[39m [37mGET[39m [37m/wd/hub/session/eb43f581-d102-4293-bb1a-e6e59f959913/element/00000000-0000-0882-ffff-ffff00004dea/location[39m
[35m[HTTP][39m [90m{}[39m
[35m[W3C (eb43f581)][39m Driver proxy active, passing request on via HTTP proxy
[35m[WD Proxy][39m Replacing sessionId 35634834-4c71-4328-b78f-4733d5e86ee5 with eb43f581-d102-4293-bb1a-e6e59f959913
[35m[HTTP][39m [37m<-- GET /wd/hub/session/eb43f581-d102-4293-bb1a-e6e59f959913/element/00000000-0000-0882-ffff-ffff00004dea/location [39m[32m200[39m [90m31 ms - 79[39m
[35m[HTTP][39m [90m[39m
[35m[HTTP][39m [37m-->[39m [37mPOST[39m [37m/wd/hub/session/eb43f581-d102-4293-bb1a-e6e59f959913/timeouts[39m
[35m[HTTP][39m [90m{"implicit":30000}[39m
[35m[HTTP][39m [37m<-- POST /wd/hub/session/eb43f581-d102-4293-bb1a-e6e59f959913/timeouts [39m[32m200[39m [90m2 ms - 14[39m
[35m[HTTP][39m [90m[39m
[35m[HTTP][39m [37m-->[39m [37mPOST[39m [37m/wd/hub/session/eb43f581-d102-4293-bb1a-e6e59f959913/touch/perform[39m
[35m[HTTP][39m [90m{"actions":[{"action":"tap","options":{"x":1,"y":1,"element":"00000000-0000-0882-ffff-ffff00004dea"}},{"action":"release","options":{}}]}[39m
[35m[UiAutomator2][39m calling get location: 00000000-0000-0882-ffff-ffff00004dea
[35m[HTTP][39m [37m<-- POST /wd/hub/session/eb43f581-d102-4293-bb1a-e6e59f959913/touch/perform [39m[32m200[39m [90m209 ms - 14[39m
[35m[HTTP][39m [90m[39m
[35m[HTTP][39m [37m-->[39m [37mGET[39m [37m/wd/hub/session/eb43f581-d102-4293-bb1a-e6e59f959913/context[39m
[35m[HTTP][39m [90m{}[39m
[35m[HTTP][39m [37m<-- GET /wd/hub/session/eb43f581-d102-4293-bb1a-e6e59f959913/context [39m[32m200[39m [90m2 ms - 22[39m
[35m[HTTP][39m [90m[39m
[35m[HTTP][39m [37m-->[39m [37mGET[39m [37m/wd/hub/session/eb43f581-d102-4293-bb1a-e6e59f959913/contexts[39m
[35m[HTTP][39m [90m{}[39m
[35m[HTTP][39m [37m<-- GET /wd/hub/session/eb43f581-d102-4293-bb1a-e6e59f959913/contexts [39m[32m200[39m [90m149 ms - 24[39m
[35m[HTTP][39m [90m[39m
[35m[HTTP][39m [37m-->[39m [37mPOST[39m [37m/wd/hub/session/eb43f581-d102-4293-bb1a-e6e59f959913/context[39m
[35m[HTTP][39m [90m{"name":"NATIVE_APP"}[39m
[35m[HTTP][39m [37m<-- POST /wd/hub/session/eb43f581-d102-4293-bb1a-e6e59f959913/context [39m[32m200[39m [90m1 ms - 14[39m
[35m[HTTP][39m [90m[39m
[35m[HTTP][39m [37m-->[39m [37mPOST[39m [37m/wd/hub/session/eb43f581-d102-4293-bb1a-e6e59f959913/appium/device/press_keycode[39m
[35m[HTTP][39m [90m{"keycode":4}[39m
[35m[HTTP][39m [37m<-- POST /wd/hub/session/eb43f581-d102-4293-bb1a-e6e59f959913/appium/device/press_keycode [39m[32m200[39m [90m1171 ms - 14[39m
[35m[HTTP][39m [90m[39m
[35m[HTTP][39m [37m-->[39m [37mPOST[39m [37m/wd/hub/session/eb43f581-d102-4293-bb1a-e6e59f959913/context[39m
[35m[HTTP][39m [90m{"name":"NATIVE_APP"}[39m
[35m[HTTP][39m [37m<-- POST /wd/hub/session/eb43f581-d102-4293-bb1a-e6e59f959913/context [39m[32m200[39m [90m2 ms - 14[39m
[35m[HTTP][39m [90m[39m
[35m[HTTP][39m [37m-->[39m [37mGET[39m [37m/wd/hub/session/eb43f581-d102-4293-bb1a-e6e59f959913/context[39m
[35m[HTTP][39m [90m{}[39m
[35m[HTTP][39m [37m<-- GET /wd/hub/session/eb43f581-d102-4293-bb1a-e6e59f959913/context [39m[32m200[39m [90m2 ms - 22[39m
[35m[HTTP][39m [90m[39m
[35m[HTTP][39m [37m-->[39m [37mGET[39m [37m/wd/hub/session/eb43f581-d102-4293-bb1a-e6e59f959913/contexts[39m
[35m[HTTP][39m [90m{}[39m
[35m[HTTP][39m [37m<-- GET /wd/hub/session/eb43f581-d102-4293-bb1a-e6e59f959913/contexts [39m[32m200[39m [90m93 ms - 24[39m
[35m[HTTP][39m [90m[39m
[35m[HTTP][39m [37m-->[39m [37mPOST[39m [37m/wd/hub/session/eb43f581-d102-4293-bb1a-e6e59f959913/context[39m
[35m[HTTP][39m [90m{"name":"NATIVE_APP"}[39m
[35m[HTTP][39m [37m<-- POST /wd/hub/session/eb43f581-d102-4293-bb1a-e6e59f959913/context [39m[32m200[39m [90m1 ms - 14[39m
[35m[HTTP][39m [90m[39m
[35m[HTTP][39m [37m-->[39m [37mPOST[39m [37m/wd/hub/session/eb43f581-d102-4293-bb1a-e6e59f959913/appium/device/press_keycode[39m
[35m[HTTP][39m [90m{"keycode":4}[39m
[35m[HTTP][39m [37m<-- POST /wd/hub/session/eb43f581-d102-4293-bb1a-e6e59f959913/appium/device/press_keycode [39m[32m200[39m [90m1734 ms - 14[39m
[35m[HTTP][39m [90m[39m
[35m[HTTP][39m [37m-->[39m [37mPOST[39m [37m/wd/hub/session/eb43f581-d102-4293-bb1a-e6e59f959913/context[39m
[35m[HTTP][39m [90m{"name":"NATIVE_APP"}[39m
[35m[HTTP][39m [37m<-- POST /wd/hub/session/eb43f581-d102-4293-bb1a-e6e59f959913/context [39m[32m200[39m [90m2 ms - 14[39m
[35m[HTTP][39m [90m[39m
[35m[HTTP][39m [37m-->[39m [37mGET[39m [37m/wd/hub/session/eb43f581-d102-4293-bb1a-e6e59f959913/window/rect[39m
[35m[HTTP][39m [90m{}[39m
[35m[HTTP][39m [37m<-- GET /wd/hub/session/eb43f581-d102-4293-bb1a-e6e59f959913/window/rect [39m[32m200[39m [90m14 ms - 50[39m
[35m[HTTP][39m [90m[39m
[35m[HTTP][39m [37m-->[39m [37mPOST[39m [37m/wd/hub/session/eb43f581-d102-4293-bb1a-e6e59f959913/elements[39m
[35m[HTTP][39m [90m{"using":"xpath","value":"//*[@resource-id = 'com.vq.mbrochuregp.client.android:id/iv_home_profil_icon' and @package = 'com.vq.mbrochuregp.client.android']"}[39m
[35m[HTTP][39m [37m<-- POST /wd/hub/session/eb43f581-d102-4293-bb1a-e6e59f959913/elements [39m[32m200[39m [90m803 ms - 139[39m
[35m[HTTP][39m [90m[39m
[35m[HTTP][39m [37m-->[39m [37mGET[39m [37m/wd/hub/session/eb43f581-d102-4293-bb1a-e6e59f959913/element/00000000-0000-0887-ffff-ffff00004e96/location[39m
[35m[HTTP][39m [90m{}[39m
[35m[W3C (eb43f581)][39m Driver proxy active, passing request on via HTTP proxy
[35m[WD Proxy][39m Replacing sessionId 35634834-4c71-4328-b78f-4733d5e86ee5 with eb43f581-d102-4293-bb1a-e6e59f959913
[35m[HTTP][39m [37m<-- GET /wd/hub/session/eb43f581-d102-4293-bb1a-e6e59f959913/element/00000000-0000-0887-ffff-ffff00004e96/location [39m[32m200[39m [90m619 ms - 79[39m
[35m[HTTP][39m [90m[39m
[35m[HTTP][39m [37m-->[39m [37mPOST[39m [37m/wd/hub/session/eb43f581-d102-4293-bb1a-e6e59f959913/element/00000000-0000-0887-ffff-ffff00004e96/click[39m
[35m[HTTP][39m [90m{"id":"00000000-0000-0887-ffff-ffff00004e96"}[39m
[35m[HTTP][39m [37m<-- POST /wd/hub/session/eb43f581-d102-4293-bb1a-e6e59f959913/element/00000000-0000-0887-ffff-ffff00004e96/click [39m[32m200[39m [90m74 ms - 14[39m
[35m[HTTP][39m [90m[39m
[35m[HTTP][39m [37m-->[39m [37mDELETE[39m [37m/wd/hub/session/eb43f581-d102-4293-bb1a-e6e59f959913[39m
[35m[HTTP][39m [90m{}[39m
[35m[Appium][39m Removing session eb43f581-d102-4293-bb1a-e6e59f959913 from our master session list
[35m[UiAutomator2][39m Restoring hidden api policy to the device default configuration
[35m[HTTP][39m [37m<-- DELETE /wd/hub/session/eb43f581-d102-4293-bb1a-e6e59f959913 [39m[32m200[39m [90m452 ms - 14[39m
[35m[HTTP][39m [90m[39m
