[35m[Appium][39m Welcome to Appium v1.22.2
[35m[Appium][39m Non-default server args:
[35m[Appium][39m   port: 60844
[35m[Appium][39m   loglevel: info
[35m[Appium][39m   tmpDir: C:\Users\NIAYUS~1\AppData\Local\Temp\\Katalon\Appium\Temp1656303119711
[35m[Appium][39m   chromedriverPort: 60845
[35m[Appium][39m Deprecated server args:
[35m[Appium][39m   [31m--chromedriver-port[39m => --default-capabilities
[35m[Appium][39m Default capabilities, which will be added to each request unless overridden by desired capabilities:
[35m[Appium][39m   chromedriverPort: 60845
[35m[Appium][39m Appium REST http interface listener started on 0.0.0.0:60844
[35m[HTTP][39m [37m-->[39m [37mGET[39m [37m/wd/hub/status[39m
[35m[HTTP][39m [90m{}[39m
[35m[HTTP][39m [37m<-- GET /wd/hub/status [39m[32m200[39m [90m10 ms - 68[39m
[35m[HTTP][39m [90m[39m
[35m[HTTP][39m [37m-->[39m [37mPOST[39m [37m/wd/hub/session[39m
[35m[HTTP][39m [90m{"desiredCapabilities":{"appActivity":".Settings","appPackage":"com.android.settings","newCommandTimeout":1800,"platformVersion":"11","automationName":"uiautomator2","autoGrantPermissions":true,"platformName":"Android","udid":"RR8N605F11Y","deviceName":"samsung SM-M315F (Android 11)","platform":"ANDROID","systemPort":8286},"capabilities":{"firstMatch":[{"appium:appActivity":".Settings","appium:appPackage":"com.android.settings","appium:autoGrantPermissions":true,"appium:automationName":"uiautomator2","appium:deviceName":"samsung SM-M315F (Android 11)","appium:newCommandTimeout":1800,"platform":"ANDROID","platformName":"android","appium:platformVersion":"11","appium:systemPort":8286,"appium:udid":"RR8N605F11Y"}]}}[39m
[35m[BaseDriver][39m The following capabilities are not standard capabilities and should have an extension prefix:
[35m[BaseDriver][39m   platform
[35m[BaseDriver][39m   chromedriverPort
[35m[Appium][39m Appium v1.22.2 creating new AndroidUiautomator2Driver (v1.70.1) session
[35m[BaseDriver][39m The following capabilities were provided, but are not recognized by Appium:
[35m[BaseDriver][39m   platform
[35m[BaseDriver][39m Session created with session id: 375c7a31-489a-43d5-8bc2-6ef63df5f743
[35m[UiAutomator2][39m Starting 'com.android.settings' directly on the device
[35m[ADB][39m Cannot sort build-tools folders ["29.0.3","android-8.1.0"] by semantic version names.
[35m[ADB][39m Falling back to sorting by modification date. Original error: Invalid Version: android-8.1.0
[35m[ADB][39m Found 2 'build-tools' folders under 'C:\Users\Nia Yusniati\.katalon\tools\android_sdk' (newest first):
[35m[ADB][39m     C:/Users/Nia Yusniati/.katalon/tools/android_sdk/build-tools/29.0.3
[35m[ADB][39m     C:/Users/Nia Yusniati/.katalon/tools/android_sdk/build-tools/android-8.1.0
[35m[ADB][39m Using 'adb.exe' from 'C:\Users\Nia Yusniati\.katalon\tools\android_sdk\platform-tools\adb.exe'
[35m[AndroidDriver][39m Retrieving device list
[35m[AndroidDriver][39m Using device: RR8N605F11Y
[35m[ADB][39m Using 'adb.exe' from 'C:\Users\Nia Yusniati\.katalon\tools\android_sdk\platform-tools\adb.exe'
[35m[ADB][39m Getting device platform version
[35m[UiAutomator2][39m Relaxing hidden api policy
[35m[AndroidDriver][39m No app sent in, not parsing package/activity
[35m[ADB][39m Using 'apksigner.jar' from 'C:\Users\Nia Yusniati\.katalon\tools\android_sdk\build-tools\29.0.3\lib\apksigner.jar'
[35m[ADB][39m 'C:\Users\Nia Yusniati\AppData\Roaming\npm\node_modules\appium\node_modules\appium-uiautomator2-server\apks\appium-uiautomator2-server-v4.27.0.apk' is signed with the default certificate
[35m[ADB][39m 'C:\Users\Nia Yusniati\AppData\Roaming\npm\node_modules\appium\node_modules\appium-uiautomator2-server\apks\appium-uiautomator2-server-debug-androidTest.apk' is signed with the default certificate
[35m[UiAutomator2][39m Server packages are not going to be (re)installed
[35m[ADB][39m Adding packages ["io.appium.settings","io.appium.uiautomator2.server","io.appium.uiautomator2.server.test"] to Doze whitelist
[35m[UiAutomator2][39m Starting UIAutomator2 server 4.27.0
[35m[UiAutomator2][39m Using UIAutomator2 server from 'C:\Users\Nia Yusniati\AppData\Roaming\npm\node_modules\appium\node_modules\appium-uiautomator2-server\apks\appium-uiautomator2-server-v4.27.0.apk' and test from 'C:\Users\Nia Yusniati\AppData\Roaming\npm\node_modules\appium\node_modules\appium-uiautomator2-server\apks\appium-uiautomator2-server-debug-androidTest.apk'
[35m[UiAutomator2][39m Waiting up to 30000ms for UiAutomator2 to be online...
[35m[WD Proxy][39m socket hang up
[35m[WD Proxy][39m socket hang up
[35m[WD Proxy][39m socket hang up
[35m[WD Proxy][39m socket hang up
[35m[WD Proxy][39m Determined the downstream protocol as 'W3C'
[35m[AndroidDriver][39m Screen already unlocked, doing nothing
[35m[UiAutomator2][39m Starting 'com.android.settings/.Settings and waiting for 'com.android.settings/.Settings'
[35m[Appium][39m New AndroidUiautomator2Driver session created successfully, session 375c7a31-489a-43d5-8bc2-6ef63df5f743 added to master session list
[35m[HTTP][39m [37m<-- POST /wd/hub/session [39m[32m200[39m [90m14232 ms - 1158[39m
[35m[HTTP][39m [90m[39m
[35m[HTTP][39m [37m-->[39m [37mGET[39m [37m/wd/hub/session/375c7a31-489a-43d5-8bc2-6ef63df5f743[39m
[35m[HTTP][39m [90m{}[39m
[35m[HTTP][39m [37m<-- GET /wd/hub/session/375c7a31-489a-43d5-8bc2-6ef63df5f743 [39m[32m200[39m [90m13 ms - 1112[39m
[35m[HTTP][39m [90m[39m
[35m[HTTP][39m [37m-->[39m [37mGET[39m [37m/wd/hub/session/375c7a31-489a-43d5-8bc2-6ef63df5f743[39m
[35m[HTTP][39m [90m{}[39m
[35m[HTTP][39m [37m<-- GET /wd/hub/session/375c7a31-489a-43d5-8bc2-6ef63df5f743 [39m[32m200[39m [90m23 ms - 1112[39m
[35m[HTTP][39m [90m[39m
[35m[HTTP][39m [37m-->[39m [37mGET[39m [37m/wd/hub/status[39m
[35m[HTTP][39m [90m{}[39m
[35m[HTTP][39m [37m<-- GET /wd/hub/status [39m[32m200[39m [90m1 ms - 68[39m
[35m[HTTP][39m [90m[39m
[35m[HTTP][39m [37m-->[39m [37mPOST[39m [37m/wd/hub/session/375c7a31-489a-43d5-8bc2-6ef63df5f743/timeouts[39m
[35m[HTTP][39m [90m{"implicit":30000}[39m
[35m[HTTP][39m [37m<-- POST /wd/hub/session/375c7a31-489a-43d5-8bc2-6ef63df5f743/timeouts [39m[32m200[39m [90m5 ms - 14[39m
[35m[HTTP][39m [90m[39m
[35m[HTTP][39m [37m-->[39m [37mGET[39m [37m/wd/hub/session/375c7a31-489a-43d5-8bc2-6ef63df5f743/screenshot[39m
[35m[HTTP][39m [90m{}[39m
[35m[HTTP][39m [37m<-- GET /wd/hub/session/375c7a31-489a-43d5-8bc2-6ef63df5f743/screenshot [39m[32m200[39m [90m582 ms - 215268[39m
[35m[HTTP][39m [90m[39m
[35m[HTTP][39m [37m-->[39m [37mGET[39m [37m/wd/hub/session/375c7a31-489a-43d5-8bc2-6ef63df5f743/window/rect[39m
[35m[HTTP][39m [90m{}[39m
[35m[HTTP][39m [37m<-- GET /wd/hub/session/375c7a31-489a-43d5-8bc2-6ef63df5f743/window/rect [39m[32m200[39m [90m41 ms - 50[39m
[35m[HTTP][39m [90m[39m
[35m[HTTP][39m [37m-->[39m [37mGET[39m [37m/wd/hub/session/375c7a31-489a-43d5-8bc2-6ef63df5f743/appium/device/system_bars[39m
[35m[HTTP][39m [90m{}[39m
[35m[HTTP][39m [37m<-- GET /wd/hub/session/375c7a31-489a-43d5-8bc2-6ef63df5f743/appium/device/system_bars [39m[32m200[39m [90m145 ms - 148[39m
[35m[HTTP][39m [90m[39m
[35m[HTTP][39m [37m-->[39m [37mPOST[39m [37m/wd/hub/session/375c7a31-489a-43d5-8bc2-6ef63df5f743/appium/device/activate_app[39m
[35m[HTTP][39m [90m{"bundleId":"com.vq.mbrochuregp.client.android"}[39m
[35m[HTTP][39m [37m<-- POST /wd/hub/session/375c7a31-489a-43d5-8bc2-6ef63df5f743/appium/device/activate_app [39m[32m200[39m [90m713 ms - 14[39m
[35m[HTTP][39m [90m[39m
[35m[HTTP][39m [37m-->[39m [37mGET[39m [37m/wd/hub/session/375c7a31-489a-43d5-8bc2-6ef63df5f743/window/rect[39m
[35m[HTTP][39m [90m{}[39m
[35m[HTTP][39m [37m<-- GET /wd/hub/session/375c7a31-489a-43d5-8bc2-6ef63df5f743/window/rect [39m[32m200[39m [90m26 ms - 50[39m
[35m[HTTP][39m [90m[39m
[35m[HTTP][39m [37m-->[39m [37mPOST[39m [37m/wd/hub/session/375c7a31-489a-43d5-8bc2-6ef63df5f743/elements[39m
[35m[HTTP][39m [90m{"using":"xpath","value":"//*[@resource-id = 'com.vq.mbrochuregp.client.android:id/iv_home_profil_icon' and @package = 'com.vq.mbrochuregp.client.android']"}[39m
[35m[HTTP][39m [37m<-- POST /wd/hub/session/375c7a31-489a-43d5-8bc2-6ef63df5f743/elements [39m[32m200[39m [90m2687 ms - 139[39m
[35m[HTTP][39m [90m[39m
[35m[HTTP][39m [37m-->[39m [37mGET[39m [37m/wd/hub/session/375c7a31-489a-43d5-8bc2-6ef63df5f743/element/00000000-0000-002d-ffff-ffff00000339/location[39m
[35m[HTTP][39m [90m{}[39m
[35m[W3C (375c7a31)][39m Driver proxy active, passing request on via HTTP proxy
[35m[WD Proxy][39m Replacing sessionId fdec9377-81f2-4485-b9a0-29083445705e with 375c7a31-489a-43d5-8bc2-6ef63df5f743
[35m[HTTP][39m [37m<-- GET /wd/hub/session/375c7a31-489a-43d5-8bc2-6ef63df5f743/element/00000000-0000-002d-ffff-ffff00000339/location [39m[32m200[39m [90m42 ms - 79[39m
[35m[HTTP][39m [90m[39m
[35m[HTTP][39m [37m-->[39m [37mPOST[39m [37m/wd/hub/session/375c7a31-489a-43d5-8bc2-6ef63df5f743/element/00000000-0000-002d-ffff-ffff00000339/click[39m
[35m[HTTP][39m [90m{"id":"00000000-0000-002d-ffff-ffff00000339"}[39m
[35m[HTTP][39m [37m<-- POST /wd/hub/session/375c7a31-489a-43d5-8bc2-6ef63df5f743/element/00000000-0000-002d-ffff-ffff00000339/click [39m[32m200[39m [90m91 ms - 14[39m
[35m[HTTP][39m [90m[39m
[35m[HTTP][39m [37m-->[39m [37mPOST[39m [37m/wd/hub/session/375c7a31-489a-43d5-8bc2-6ef63df5f743/timeouts[39m
[35m[HTTP][39m [90m{"implicit":50}[39m
[35m[HTTP][39m [37m<-- POST /wd/hub/session/375c7a31-489a-43d5-8bc2-6ef63df5f743/timeouts [39m[32m200[39m [90m2 ms - 14[39m
[35m[HTTP][39m [90m[39m
[35m[HTTP][39m [37m-->[39m [37mGET[39m [37m/wd/hub/session/375c7a31-489a-43d5-8bc2-6ef63df5f743/window/rect[39m
[35m[HTTP][39m [90m{}[39m
[35m[HTTP][39m [37m<-- GET /wd/hub/session/375c7a31-489a-43d5-8bc2-6ef63df5f743/window/rect [39m[32m200[39m [90m23 ms - 50[39m
[35m[HTTP][39m [90m[39m
[35m[HTTP][39m [37m-->[39m [37mPOST[39m [37m/wd/hub/session/375c7a31-489a-43d5-8bc2-6ef63df5f743/elements[39m
[35m[HTTP][39m [90m{"using":"xpath","value":"//hierarchy/android.widget.FrameLayout[1]/android.widget.LinearLayout[1]/android.widget.FrameLayout[1]/android.widget.LinearLayout[1]/android.widget.FrameLayout[1]/android.view.ViewGroup[1]/android.widget.ScrollView[1]/android.widget.LinearLayout[1]/android.view.ViewGroup[1]/android.widget.LinearLayout[1]/android.widget.FrameLayout[1]/android.widget.EditText[1]"}[39m
[35m[HTTP][39m [37m<-- POST /wd/hub/session/375c7a31-489a-43d5-8bc2-6ef63df5f743/elements [39m[32m200[39m [90m422 ms - 139[39m
[35m[HTTP][39m [90m[39m
[35m[HTTP][39m [37m-->[39m [37mGET[39m [37m/wd/hub/session/375c7a31-489a-43d5-8bc2-6ef63df5f743/element/00000000-0000-003c-ffff-ffff00000369/location[39m
[35m[HTTP][39m [90m{}[39m
[35m[W3C (375c7a31)][39m Driver proxy active, passing request on via HTTP proxy
[35m[WD Proxy][39m Replacing sessionId fdec9377-81f2-4485-b9a0-29083445705e with 375c7a31-489a-43d5-8bc2-6ef63df5f743
[35m[HTTP][39m [37m<-- GET /wd/hub/session/375c7a31-489a-43d5-8bc2-6ef63df5f743/element/00000000-0000-003c-ffff-ffff00000369/location [39m[32m200[39m [90m50 ms - 77[39m
[35m[HTTP][39m [90m[39m
[35m[HTTP][39m [37m-->[39m [37mPOST[39m [37m/wd/hub/session/375c7a31-489a-43d5-8bc2-6ef63df5f743/timeouts[39m
[35m[HTTP][39m [90m{"implicit":30000}[39m
[35m[HTTP][39m [37m<-- POST /wd/hub/session/375c7a31-489a-43d5-8bc2-6ef63df5f743/timeouts [39m[32m200[39m [90m2 ms - 14[39m
[35m[HTTP][39m [90m[39m
[35m[HTTP][39m [37m-->[39m [37mPOST[39m [37m/wd/hub/session/375c7a31-489a-43d5-8bc2-6ef63df5f743/element/00000000-0000-003c-ffff-ffff00000369/clear[39m
[35m[HTTP][39m [90m{"id":"00000000-0000-003c-ffff-ffff00000369"}[39m
[35m[HTTP][39m [37m<-- POST /wd/hub/session/375c7a31-489a-43d5-8bc2-6ef63df5f743/element/00000000-0000-003c-ffff-ffff00000369/clear [39m[32m200[39m [90m50 ms - 14[39m
[35m[HTTP][39m [90m[39m
[35m[HTTP][39m [37m-->[39m [37mPOST[39m [37m/wd/hub/session/375c7a31-489a-43d5-8bc2-6ef63df5f743/element/00000000-0000-003c-ffff-ffff00000369/value[39m
[35m[HTTP][39m [90m{"id":"00000000-0000-003c-ffff-ffff00000369","text":"ibrahim@mailinator.com","value":["i","b","r","a","h","i","m","@","m","a","i","l","i","n","a","t","o","r",".","c","o","m"]}[39m
[35m[HTTP][39m [37m<-- POST /wd/hub/session/375c7a31-489a-43d5-8bc2-6ef63df5f743/element/00000000-0000-003c-ffff-ffff00000369/value [39m[32m200[39m [90m547 ms - 14[39m
[35m[HTTP][39m [90m[39m
[35m[HTTP][39m [37m-->[39m [37mPOST[39m [37m/wd/hub/session/375c7a31-489a-43d5-8bc2-6ef63df5f743/timeouts[39m
[35m[HTTP][39m [90m{"implicit":50}[39m
[35m[HTTP][39m [37m<-- POST /wd/hub/session/375c7a31-489a-43d5-8bc2-6ef63df5f743/timeouts [39m[32m200[39m [90m2 ms - 14[39m
[35m[HTTP][39m [90m[39m
[35m[HTTP][39m [37m-->[39m [37mGET[39m [37m/wd/hub/session/375c7a31-489a-43d5-8bc2-6ef63df5f743/window/rect[39m
[35m[HTTP][39m [90m{}[39m
[35m[HTTP][39m [37m<-- GET /wd/hub/session/375c7a31-489a-43d5-8bc2-6ef63df5f743/window/rect [39m[32m200[39m [90m33 ms - 50[39m
[35m[HTTP][39m [90m[39m
[35m[HTTP][39m [37m-->[39m [37mPOST[39m [37m/wd/hub/session/375c7a31-489a-43d5-8bc2-6ef63df5f743/elements[39m
[35m[HTTP][39m [90m{"using":"xpath","value":"//hierarchy/android.widget.FrameLayout[1]/android.widget.LinearLayout[1]/android.widget.FrameLayout[1]/android.widget.LinearLayout[1]/android.widget.FrameLayout[1]/android.view.ViewGroup[1]/android.widget.ScrollView[1]/android.widget.LinearLayout[1]/android.view.ViewGroup[1]/android.widget.LinearLayout[2]/android.widget.FrameLayout[1]/android.widget.EditText[1]"}[39m
[35m[HTTP][39m [37m<-- POST /wd/hub/session/375c7a31-489a-43d5-8bc2-6ef63df5f743/elements [39m[32m200[39m [90m512 ms - 139[39m
[35m[HTTP][39m [90m[39m
[35m[HTTP][39m [37m-->[39m [37mGET[39m [37m/wd/hub/session/375c7a31-489a-43d5-8bc2-6ef63df5f743/element/00000000-0000-003c-ffff-ffff0000036d/location[39m
[35m[HTTP][39m [90m{}[39m
[35m[W3C (375c7a31)][39m Driver proxy active, passing request on via HTTP proxy
[35m[WD Proxy][39m Replacing sessionId fdec9377-81f2-4485-b9a0-29083445705e with 375c7a31-489a-43d5-8bc2-6ef63df5f743
[35m[HTTP][39m [37m<-- GET /wd/hub/session/375c7a31-489a-43d5-8bc2-6ef63df5f743/element/00000000-0000-003c-ffff-ffff0000036d/location [39m[32m200[39m [90m49 ms - 78[39m
[35m[HTTP][39m [90m[39m
[35m[HTTP][39m [37m-->[39m [37mPOST[39m [37m/wd/hub/session/375c7a31-489a-43d5-8bc2-6ef63df5f743/timeouts[39m
[35m[HTTP][39m [90m{"implicit":30000}[39m
[35m[HTTP][39m [37m<-- POST /wd/hub/session/375c7a31-489a-43d5-8bc2-6ef63df5f743/timeouts [39m[32m200[39m [90m3 ms - 14[39m
[35m[HTTP][39m [90m[39m
[35m[HTTP][39m [37m-->[39m [37mPOST[39m [37m/wd/hub/session/375c7a31-489a-43d5-8bc2-6ef63df5f743/element/00000000-0000-003c-ffff-ffff0000036d/clear[39m
[35m[HTTP][39m [90m{"id":"00000000-0000-003c-ffff-ffff0000036d"}[39m
[35m[HTTP][39m [37m<-- POST /wd/hub/session/375c7a31-489a-43d5-8bc2-6ef63df5f743/element/00000000-0000-003c-ffff-ffff0000036d/clear [39m[32m200[39m [90m50 ms - 14[39m
[35m[HTTP][39m [90m[39m
[35m[HTTP][39m [37m-->[39m [37mPOST[39m [37m/wd/hub/session/375c7a31-489a-43d5-8bc2-6ef63df5f743/element/00000000-0000-003c-ffff-ffff0000036d/value[39m
[35m[HTTP][39m [90m{"id":"00000000-0000-003c-ffff-ffff0000036d","text":"123abc","value":["1","2","3","a","b","c"]}[39m
[35m[HTTP][39m [37m<-- POST /wd/hub/session/375c7a31-489a-43d5-8bc2-6ef63df5f743/element/00000000-0000-003c-ffff-ffff0000036d/value [39m[32m200[39m [90m577 ms - 14[39m
[35m[HTTP][39m [90m[39m
[35m[HTTP][39m [37m-->[39m [37mGET[39m [37m/wd/hub/session/375c7a31-489a-43d5-8bc2-6ef63df5f743/context[39m
[35m[HTTP][39m [90m{}[39m
[35m[HTTP][39m [37m<-- GET /wd/hub/session/375c7a31-489a-43d5-8bc2-6ef63df5f743/context [39m[32m200[39m [90m2 ms - 22[39m
[35m[HTTP][39m [90m[39m
[35m[HTTP][39m [37m-->[39m [37mGET[39m [37m/wd/hub/session/375c7a31-489a-43d5-8bc2-6ef63df5f743/contexts[39m
[35m[HTTP][39m [90m{}[39m
[35m[HTTP][39m [37m<-- GET /wd/hub/session/375c7a31-489a-43d5-8bc2-6ef63df5f743/contexts [39m[32m200[39m [90m117 ms - 24[39m
[35m[HTTP][39m [90m[39m
[35m[HTTP][39m [37m-->[39m [37mPOST[39m [37m/wd/hub/session/375c7a31-489a-43d5-8bc2-6ef63df5f743/context[39m
[35m[HTTP][39m [90m{"name":"NATIVE_APP"}[39m
[35m[HTTP][39m [37m<-- POST /wd/hub/session/375c7a31-489a-43d5-8bc2-6ef63df5f743/context [39m[32m200[39m [90m3 ms - 14[39m
[35m[HTTP][39m [90m[39m
[35m[HTTP][39m [37m-->[39m [37mGET[39m [37m/wd/hub/session/375c7a31-489a-43d5-8bc2-6ef63df5f743/window/rect[39m
[35m[HTTP][39m [90m{}[39m
[35m[HTTP][39m [37m<-- GET /wd/hub/session/375c7a31-489a-43d5-8bc2-6ef63df5f743/window/rect [39m[32m200[39m [90m30 ms - 50[39m
[35m[HTTP][39m [90m[39m
[35m[HTTP][39m [37m-->[39m [37mPOST[39m [37m/wd/hub/session/375c7a31-489a-43d5-8bc2-6ef63df5f743/execute/sync[39m
[35m[HTTP][39m [90m{"script":"mobile: viewportScreenshot","args":[]}[39m
[35m[AndroidDriver][39m Executing native command 'mobile: viewportScreenshot'
[35m[HTTP][39m [37m<-- POST /wd/hub/session/375c7a31-489a-43d5-8bc2-6ef63df5f743/execute/sync [39m[32m200[39m [90m1632 ms - 154448[39m
[35m[HTTP][39m [90m[39m
[35m[HTTP][39m [37m-->[39m [37mPOST[39m [37m/wd/hub/session/375c7a31-489a-43d5-8bc2-6ef63df5f743/context[39m
[35m[HTTP][39m [90m{"name":"NATIVE_APP"}[39m
[35m[HTTP][39m [37m<-- POST /wd/hub/session/375c7a31-489a-43d5-8bc2-6ef63df5f743/context [39m[32m200[39m [90m2 ms - 14[39m
[35m[HTTP][39m [90m[39m
[35m[HTTP][39m [37m-->[39m [37mPOST[39m [37m/wd/hub/session/375c7a31-489a-43d5-8bc2-6ef63df5f743/timeouts[39m
[35m[HTTP][39m [90m{"implicit":50}[39m
[35m[HTTP][39m [37m<-- POST /wd/hub/session/375c7a31-489a-43d5-8bc2-6ef63df5f743/timeouts [39m[32m200[39m [90m2 ms - 14[39m
[35m[HTTP][39m [90m[39m
[35m[HTTP][39m [37m-->[39m [37mGET[39m [37m/wd/hub/session/375c7a31-489a-43d5-8bc2-6ef63df5f743/window/rect[39m
[35m[HTTP][39m [90m{}[39m
[35m[HTTP][39m [37m<-- GET /wd/hub/session/375c7a31-489a-43d5-8bc2-6ef63df5f743/window/rect [39m[32m200[39m [90m33 ms - 50[39m
[35m[HTTP][39m [90m[39m
[35m[HTTP][39m [37m-->[39m [37mPOST[39m [37m/wd/hub/session/375c7a31-489a-43d5-8bc2-6ef63df5f743/elements[39m
[35m[HTTP][39m [90m{"using":"xpath","value":"//hierarchy/android.widget.FrameLayout[1]/android.widget.LinearLayout[1]/android.widget.FrameLayout[1]/android.widget.LinearLayout[1]/android.widget.FrameLayout[1]/android.view.ViewGroup[1]/android.widget.ScrollView[1]/android.widget.LinearLayout[1]/android.view.ViewGroup[1]/android.widget.Button[1]"}[39m
[35m[HTTP][39m [37m<-- POST /wd/hub/session/375c7a31-489a-43d5-8bc2-6ef63df5f743/elements [39m[32m200[39m [90m321 ms - 139[39m
[35m[HTTP][39m [90m[39m
[35m[HTTP][39m [37m-->[39m [37mGET[39m [37m/wd/hub/session/375c7a31-489a-43d5-8bc2-6ef63df5f743/element/00000000-0000-003c-ffff-ffff00000370/location[39m
[35m[HTTP][39m [90m{}[39m
[35m[W3C (375c7a31)][39m Driver proxy active, passing request on via HTTP proxy
[35m[WD Proxy][39m Replacing sessionId fdec9377-81f2-4485-b9a0-29083445705e with 375c7a31-489a-43d5-8bc2-6ef63df5f743
[35m[HTTP][39m [37m<-- GET /wd/hub/session/375c7a31-489a-43d5-8bc2-6ef63df5f743/element/00000000-0000-003c-ffff-ffff00000370/location [39m[32m200[39m [90m1969 ms - 78[39m
[35m[HTTP][39m [90m[39m
[35m[HTTP][39m [37m-->[39m [37mPOST[39m [37m/wd/hub/session/375c7a31-489a-43d5-8bc2-6ef63df5f743/timeouts[39m
[35m[HTTP][39m [90m{"implicit":30000}[39m
[35m[HTTP][39m [37m<-- POST /wd/hub/session/375c7a31-489a-43d5-8bc2-6ef63df5f743/timeouts [39m[32m200[39m [90m2 ms - 14[39m
[35m[HTTP][39m [90m[39m
[35m[HTTP][39m [37m-->[39m [37mPOST[39m [37m/wd/hub/session/375c7a31-489a-43d5-8bc2-6ef63df5f743/touch/perform[39m
[35m[HTTP][39m [90m{"actions":[{"action":"tap","options":{"x":1,"y":1,"element":"00000000-0000-003c-ffff-ffff00000370"}},{"action":"release","options":{}}]}[39m
[35m[UiAutomator2][39m calling get location: 00000000-0000-003c-ffff-ffff00000370
[35m[HTTP][39m [37m<-- POST /wd/hub/session/375c7a31-489a-43d5-8bc2-6ef63df5f743/touch/perform [39m[32m200[39m [90m266 ms - 14[39m
[35m[HTTP][39m [90m[39m
[35m[HTTP][39m [37m-->[39m [37mGET[39m [37m/wd/hub/session/375c7a31-489a-43d5-8bc2-6ef63df5f743/context[39m
[35m[HTTP][39m [90m{}[39m
[35m[HTTP][39m [37m<-- GET /wd/hub/session/375c7a31-489a-43d5-8bc2-6ef63df5f743/context [39m[32m200[39m [90m1 ms - 22[39m
[35m[HTTP][39m [90m[39m
[35m[HTTP][39m [37m-->[39m [37mGET[39m [37m/wd/hub/session/375c7a31-489a-43d5-8bc2-6ef63df5f743/contexts[39m
[35m[HTTP][39m [90m{}[39m
[35m[HTTP][39m [37m<-- GET /wd/hub/session/375c7a31-489a-43d5-8bc2-6ef63df5f743/contexts [39m[32m200[39m [90m112 ms - 24[39m
[35m[HTTP][39m [90m[39m
[35m[HTTP][39m [37m-->[39m [37mPOST[39m [37m/wd/hub/session/375c7a31-489a-43d5-8bc2-6ef63df5f743/context[39m
[35m[HTTP][39m [90m{"name":"NATIVE_APP"}[39m
[35m[HTTP][39m [37m<-- POST /wd/hub/session/375c7a31-489a-43d5-8bc2-6ef63df5f743/context [39m[32m200[39m [90m3 ms - 14[39m
[35m[HTTP][39m [90m[39m
[35m[HTTP][39m [37m-->[39m [37mPOST[39m [37m/wd/hub/session/375c7a31-489a-43d5-8bc2-6ef63df5f743/element[39m
[35m[HTTP][39m [90m{"using":"-android uiautomator","value":"new UiScrollable(new UiSelector().scrollable(true).instance(0)).scrollIntoView(new UiSelector().textContains(\"Suku Bunga\"))"}[39m
[35m[HTTP][39m [37m<-- POST /wd/hub/session/375c7a31-489a-43d5-8bc2-6ef63df5f743/element [39m[32m200[39m [90m9093 ms - 137[39m
[35m[HTTP][39m [90m[39m
[35m[HTTP][39m [37m-->[39m [37mPOST[39m [37m/wd/hub/session/375c7a31-489a-43d5-8bc2-6ef63df5f743/context[39m
[35m[HTTP][39m [90m{"name":"NATIVE_APP"}[39m
[35m[HTTP][39m [37m<-- POST /wd/hub/session/375c7a31-489a-43d5-8bc2-6ef63df5f743/context [39m[32m200[39m [90m2 ms - 14[39m
[35m[HTTP][39m [90m[39m
[35m[HTTP][39m [37m-->[39m [37mGET[39m [37m/wd/hub/session/375c7a31-489a-43d5-8bc2-6ef63df5f743/window/rect[39m
[35m[HTTP][39m [90m{}[39m
[35m[HTTP][39m [37m<-- GET /wd/hub/session/375c7a31-489a-43d5-8bc2-6ef63df5f743/window/rect [39m[32m200[39m [90m42 ms - 50[39m
[35m[HTTP][39m [90m[39m
[35m[HTTP][39m [37m-->[39m [37mPOST[39m [37m/wd/hub/session/375c7a31-489a-43d5-8bc2-6ef63df5f743/elements[39m
[35m[HTTP][39m [90m{"using":"xpath","value":"//*[@resource-id = 'com.vq.mbrochuregp.client.android:id/iv_home_profil_icon' and @package = 'com.vq.mbrochuregp.client.android']"}[39m
[35m[HTTP][39m [37m<-- POST /wd/hub/session/375c7a31-489a-43d5-8bc2-6ef63df5f743/elements [39m[32m200[39m [90m720 ms - 139[39m
[35m[HTTP][39m [90m[39m
[35m[HTTP][39m [37m-->[39m [37mGET[39m [37m/wd/hub/session/375c7a31-489a-43d5-8bc2-6ef63df5f743/element/00000000-0000-003f-ffff-ffff000003c0/location[39m
[35m[HTTP][39m [90m{}[39m
[35m[W3C (375c7a31)][39m Driver proxy active, passing request on via HTTP proxy
[35m[WD Proxy][39m Replacing sessionId fdec9377-81f2-4485-b9a0-29083445705e with 375c7a31-489a-43d5-8bc2-6ef63df5f743
[35m[HTTP][39m [37m<-- GET /wd/hub/session/375c7a31-489a-43d5-8bc2-6ef63df5f743/element/00000000-0000-003f-ffff-ffff000003c0/location [39m[32m200[39m [90m39 ms - 79[39m
[35m[HTTP][39m [90m[39m
[35m[HTTP][39m [37m-->[39m [37mPOST[39m [37m/wd/hub/session/375c7a31-489a-43d5-8bc2-6ef63df5f743/element/00000000-0000-003f-ffff-ffff000003c0/click[39m
[35m[HTTP][39m [90m{"id":"00000000-0000-003f-ffff-ffff000003c0"}[39m
[35m[HTTP][39m [37m<-- POST /wd/hub/session/375c7a31-489a-43d5-8bc2-6ef63df5f743/element/00000000-0000-003f-ffff-ffff000003c0/click [39m[32m200[39m [90m96 ms - 14[39m
[35m[HTTP][39m [90m[39m
[35m[HTTP][39m [37m-->[39m [37mGET[39m [37m/wd/hub/session/375c7a31-489a-43d5-8bc2-6ef63df5f743/context[39m
[35m[HTTP][39m [90m{}[39m
[35m[HTTP][39m [37m<-- GET /wd/hub/session/375c7a31-489a-43d5-8bc2-6ef63df5f743/context [39m[32m200[39m [90m3 ms - 22[39m
[35m[HTTP][39m [90m[39m
[35m[HTTP][39m [37m-->[39m [37mGET[39m [37m/wd/hub/session/375c7a31-489a-43d5-8bc2-6ef63df5f743/contexts[39m
[35m[HTTP][39m [90m{}[39m
[35m[HTTP][39m [37m<-- GET /wd/hub/session/375c7a31-489a-43d5-8bc2-6ef63df5f743/contexts [39m[32m200[39m [90m109 ms - 24[39m
[35m[HTTP][39m [90m[39m
[35m[HTTP][39m [37m-->[39m [37mPOST[39m [37m/wd/hub/session/375c7a31-489a-43d5-8bc2-6ef63df5f743/context[39m
[35m[HTTP][39m [90m{"name":"NATIVE_APP"}[39m
[35m[HTTP][39m [37m<-- POST /wd/hub/session/375c7a31-489a-43d5-8bc2-6ef63df5f743/context [39m[32m200[39m [90m1 ms - 14[39m
[35m[HTTP][39m [90m[39m
[35m[HTTP][39m [37m-->[39m [37mGET[39m [37m/wd/hub/session/375c7a31-489a-43d5-8bc2-6ef63df5f743/window/rect[39m
[35m[HTTP][39m [90m{}[39m
[35m[HTTP][39m [37m<-- GET /wd/hub/session/375c7a31-489a-43d5-8bc2-6ef63df5f743/window/rect [39m[32m200[39m [90m25 ms - 50[39m
[35m[HTTP][39m [90m[39m
[35m[HTTP][39m [37m-->[39m [37mPOST[39m [37m/wd/hub/session/375c7a31-489a-43d5-8bc2-6ef63df5f743/execute/sync[39m
[35m[HTTP][39m [90m{"script":"mobile: viewportScreenshot","args":[]}[39m
[35m[AndroidDriver][39m Executing native command 'mobile: viewportScreenshot'
[35m[HTTP][39m [37m<-- POST /wd/hub/session/375c7a31-489a-43d5-8bc2-6ef63df5f743/execute/sync [39m[32m200[39m [90m1620 ms - 261304[39m
[35m[HTTP][39m [90m[39m
[35m[HTTP][39m [37m-->[39m [37mPOST[39m [37m/wd/hub/session/375c7a31-489a-43d5-8bc2-6ef63df5f743/context[39m
[35m[HTTP][39m [90m{"name":"NATIVE_APP"}[39m
[35m[HTTP][39m [37m<-- POST /wd/hub/session/375c7a31-489a-43d5-8bc2-6ef63df5f743/context [39m[32m200[39m [90m1 ms - 14[39m
[35m[HTTP][39m [90m[39m
[35m[HTTP][39m [37m-->[39m [37mGET[39m [37m/wd/hub/session/375c7a31-489a-43d5-8bc2-6ef63df5f743/window/rect[39m
[35m[HTTP][39m [90m{}[39m
[35m[HTTP][39m [37m<-- GET /wd/hub/session/375c7a31-489a-43d5-8bc2-6ef63df5f743/window/rect [39m[32m200[39m [90m31 ms - 50[39m
[35m[HTTP][39m [90m[39m
[35m[HTTP][39m [37m-->[39m [37mPOST[39m [37m/wd/hub/session/375c7a31-489a-43d5-8bc2-6ef63df5f743/elements[39m
[35m[HTTP][39m [90m{"using":"xpath","value":"//*[@class = 'android.widget.ImageView' and @resource-id = 'com.vq.mbrochuregp.client.android:id/iv_home_icon' and (@text = '' or . = '')]"}[39m
[35m[HTTP][39m [37m<-- POST /wd/hub/session/375c7a31-489a-43d5-8bc2-6ef63df5f743/elements [39m[32m200[39m [90m533 ms - 139[39m
[35m[HTTP][39m [90m[39m
[35m[HTTP][39m [37m-->[39m [37mGET[39m [37m/wd/hub/session/375c7a31-489a-43d5-8bc2-6ef63df5f743/element/00000000-0000-0041-ffff-ffff00000408/location[39m
[35m[HTTP][39m [90m{}[39m
[35m[W3C (375c7a31)][39m Driver proxy active, passing request on via HTTP proxy
[35m[WD Proxy][39m Replacing sessionId fdec9377-81f2-4485-b9a0-29083445705e with 375c7a31-489a-43d5-8bc2-6ef63df5f743
[35m[HTTP][39m [37m<-- GET /wd/hub/session/375c7a31-489a-43d5-8bc2-6ef63df5f743/element/00000000-0000-0041-ffff-ffff00000408/location [39m[32m200[39m [90m40 ms - 78[39m
[35m[HTTP][39m [90m[39m
[35m[HTTP][39m [37m-->[39m [37mPOST[39m [37m/wd/hub/session/375c7a31-489a-43d5-8bc2-6ef63df5f743/element/00000000-0000-0041-ffff-ffff00000408/click[39m
[35m[HTTP][39m [90m{"id":"00000000-0000-0041-ffff-ffff00000408"}[39m
[35m[HTTP][39m [37m<-- POST /wd/hub/session/375c7a31-489a-43d5-8bc2-6ef63df5f743/element/00000000-0000-0041-ffff-ffff00000408/click [39m[32m200[39m [90m104 ms - 14[39m
[35m[HTTP][39m [90m[39m
[35m[HTTP][39m [37m-->[39m [37mGET[39m [37m/wd/hub/status[39m
[35m[HTTP][39m [90m{}[39m
[35m[HTTP][39m [37m<-- GET /wd/hub/status [39m[32m200[39m [90m1 ms - 68[39m
[35m[HTTP][39m [90m[39m
[35m[HTTP][39m [37m-->[39m [37mPOST[39m [37m/wd/hub/session[39m
[35m[HTTP][39m [90m{"desiredCapabilities":{"appActivity":".Settings","appPackage":"com.android.settings","newCommandTimeout":1800,"platformVersion":"11","automationName":"uiautomator2","autoGrantPermissions":true,"platformName":"Android","udid":"RR8N605F11Y","deviceName":"samsung SM-M315F (Android 11)","platform":"ANDROID","systemPort":8260},"capabilities":{"firstMatch":[{"appium:appActivity":".Settings","appium:appPackage":"com.android.settings","appium:autoGrantPermissions":true,"appium:automationName":"uiautomator2","appium:deviceName":"samsung SM-M315F (Android 11)","appium:newCommandTimeout":1800,"platform":"ANDROID","platformName":"android","appium:platformVersion":"11","appium:systemPort":8260,"appium:udid":"RR8N605F11Y"}]}}[39m
[35m[BaseDriver][39m The following capabilities are not standard capabilities and should have an extension prefix:
[35m[BaseDriver][39m   platform
[35m[BaseDriver][39m   chromedriverPort
[35m[Appium][39m Appium v1.22.2 creating new AndroidUiautomator2Driver (v1.70.1) session
[35m[BaseDriver][39m The following capabilities were provided, but are not recognized by Appium:
[35m[BaseDriver][39m   platform
[35m[BaseDriver][39m Session created with session id: aaaeb067-a856-4160-a5fd-5d9aab3b8198
[35m[UiAutomator2][39m Starting 'com.android.settings' directly on the device
[35m[ADB][39m Using 'adb.exe' from 'C:\Users\Nia Yusniati\.katalon\tools\android_sdk\platform-tools\adb.exe'
[35m[AndroidDriver][39m Retrieving device list
[35m[AndroidDriver][39m Using device: RR8N605F11Y
[35m[ADB][39m Using 'adb.exe' from 'C:\Users\Nia Yusniati\.katalon\tools\android_sdk\platform-tools\adb.exe'
[35m[ADB][39m Getting device platform version
[35m[UiAutomator2][39m Relaxing hidden api policy
[35m[AndroidDriver][39m No app sent in, not parsing package/activity
[35m[UiAutomator2][39m Server packages are not going to be (re)installed
[35m[ADB][39m Adding packages ["io.appium.settings","io.appium.uiautomator2.server","io.appium.uiautomator2.server.test"] to Doze whitelist
[35m[UiAutomator2][39m Starting UIAutomator2 server 4.27.0
[35m[UiAutomator2][39m Using UIAutomator2 server from 'C:\Users\Nia Yusniati\AppData\Roaming\npm\node_modules\appium\node_modules\appium-uiautomator2-server\apks\appium-uiautomator2-server-v4.27.0.apk' and test from 'C:\Users\Nia Yusniati\AppData\Roaming\npm\node_modules\appium\node_modules\appium-uiautomator2-server\apks\appium-uiautomator2-server-debug-androidTest.apk'
[35m[UiAutomator2][39m Waiting up to 30000ms for UiAutomator2 to be online...
[35m[WD Proxy][39m socket hang up
[35m[WD Proxy][39m socket hang up
[35m[WD Proxy][39m socket hang up
[35m[WD Proxy][39m Determined the downstream protocol as 'W3C'
[35m[AndroidDriver][39m Screen already unlocked, doing nothing
[35m[UiAutomator2][39m Starting 'com.android.settings/.Settings and waiting for 'com.android.settings/.Settings'
[35m[Appium][39m New AndroidUiautomator2Driver session created successfully, session aaaeb067-a856-4160-a5fd-5d9aab3b8198 added to master session list
[35m[HTTP][39m [37m<-- POST /wd/hub/session [39m[32m200[39m [90m9968 ms - 1158[39m
[35m[HTTP][39m [90m[39m
[35m[HTTP][39m [37m-->[39m [37mGET[39m [37m/wd/hub/session/aaaeb067-a856-4160-a5fd-5d9aab3b8198[39m
[35m[HTTP][39m [90m{}[39m
[35m[HTTP][39m [37m<-- GET /wd/hub/session/aaaeb067-a856-4160-a5fd-5d9aab3b8198 [39m[32m200[39m [90m14 ms - 1112[39m
[35m[HTTP][39m [90m[39m
[35m[HTTP][39m [37m-->[39m [37mGET[39m [37m/wd/hub/session/aaaeb067-a856-4160-a5fd-5d9aab3b8198[39m
[35m[HTTP][39m [90m{}[39m
[35m[HTTP][39m [37m<-- GET /wd/hub/session/aaaeb067-a856-4160-a5fd-5d9aab3b8198 [39m[32m200[39m [90m15 ms - 1112[39m
[35m[HTTP][39m [90m[39m
[35m[HTTP][39m [37m-->[39m [37mGET[39m [37m/wd/hub/status[39m
[35m[HTTP][39m [90m{}[39m
[35m[HTTP][39m [37m<-- GET /wd/hub/status [39m[32m200[39m [90m1 ms - 68[39m
[35m[HTTP][39m [90m[39m
[35m[HTTP][39m [37m-->[39m [37mPOST[39m [37m/wd/hub/session/aaaeb067-a856-4160-a5fd-5d9aab3b8198/timeouts[39m
[35m[HTTP][39m [90m{"implicit":30000}[39m
[35m[HTTP][39m [37m<-- POST /wd/hub/session/aaaeb067-a856-4160-a5fd-5d9aab3b8198/timeouts [39m[32m200[39m [90m3 ms - 14[39m
[35m[HTTP][39m [90m[39m
[35m[HTTP][39m [37m-->[39m [37mGET[39m [37m/wd/hub/session/aaaeb067-a856-4160-a5fd-5d9aab3b8198/screenshot[39m
[35m[HTTP][39m [90m{}[39m
[35m[HTTP][39m [37m<-- GET /wd/hub/session/aaaeb067-a856-4160-a5fd-5d9aab3b8198/screenshot [39m[32m200[39m [90m606 ms - 223778[39m
[35m[HTTP][39m [90m[39m
[35m[HTTP][39m [37m-->[39m [37mGET[39m [37m/wd/hub/session/aaaeb067-a856-4160-a5fd-5d9aab3b8198/window/rect[39m
[35m[HTTP][39m [90m{}[39m
[35m[HTTP][39m [37m<-- GET /wd/hub/session/aaaeb067-a856-4160-a5fd-5d9aab3b8198/window/rect [39m[32m200[39m [90m14 ms - 50[39m
[35m[HTTP][39m [90m[39m
[35m[HTTP][39m [37m-->[39m [37mGET[39m [37m/wd/hub/session/aaaeb067-a856-4160-a5fd-5d9aab3b8198/appium/device/system_bars[39m
[35m[HTTP][39m [90m{}[39m
[35m[HTTP][39m [37m<-- GET /wd/hub/session/aaaeb067-a856-4160-a5fd-5d9aab3b8198/appium/device/system_bars [39m[32m200[39m [90m106 ms - 148[39m
[35m[HTTP][39m [90m[39m
[35m[HTTP][39m [37m-->[39m [37mPOST[39m [37m/wd/hub/session/aaaeb067-a856-4160-a5fd-5d9aab3b8198/appium/device/activate_app[39m
[35m[HTTP][39m [90m{"bundleId":"com.vq.mbrochuregp.client.android"}[39m
[35m[HTTP][39m [37m<-- POST /wd/hub/session/aaaeb067-a856-4160-a5fd-5d9aab3b8198/appium/device/activate_app [39m[32m200[39m [90m625 ms - 14[39m
[35m[HTTP][39m [90m[39m
[35m[HTTP][39m [37m-->[39m [37mGET[39m [37m/wd/hub/session/aaaeb067-a856-4160-a5fd-5d9aab3b8198/context[39m
[35m[HTTP][39m [90m{}[39m
[35m[HTTP][39m [37m<-- GET /wd/hub/session/aaaeb067-a856-4160-a5fd-5d9aab3b8198/context [39m[32m200[39m [90m2 ms - 22[39m
[35m[HTTP][39m [90m[39m
[35m[HTTP][39m [37m-->[39m [37mGET[39m [37m/wd/hub/session/aaaeb067-a856-4160-a5fd-5d9aab3b8198/contexts[39m
[35m[HTTP][39m [90m{}[39m
[35m[HTTP][39m [37m<-- GET /wd/hub/session/aaaeb067-a856-4160-a5fd-5d9aab3b8198/contexts [39m[32m200[39m [90m121 ms - 24[39m
[35m[HTTP][39m [90m[39m
[35m[HTTP][39m [37m-->[39m [37mPOST[39m [37m/wd/hub/session/aaaeb067-a856-4160-a5fd-5d9aab3b8198/context[39m
[35m[HTTP][39m [90m{"name":"NATIVE_APP"}[39m
[35m[HTTP][39m [37m<-- POST /wd/hub/session/aaaeb067-a856-4160-a5fd-5d9aab3b8198/context [39m[32m200[39m [90m2 ms - 14[39m
[35m[HTTP][39m [90m[39m
[35m[HTTP][39m [37m-->[39m [37mPOST[39m [37m/wd/hub/session/aaaeb067-a856-4160-a5fd-5d9aab3b8198/appium/device/press_keycode[39m
[35m[HTTP][39m [90m{"keycode":4}[39m
[35m[HTTP][39m [37m<-- POST /wd/hub/session/aaaeb067-a856-4160-a5fd-5d9aab3b8198/appium/device/press_keycode [39m[32m200[39m [90m182 ms - 14[39m
[35m[HTTP][39m [90m[39m
[35m[HTTP][39m [37m-->[39m [37mPOST[39m [37m/wd/hub/session/aaaeb067-a856-4160-a5fd-5d9aab3b8198/context[39m
[35m[HTTP][39m [90m{"name":"NATIVE_APP"}[39m
[35m[HTTP][39m [37m<-- POST /wd/hub/session/aaaeb067-a856-4160-a5fd-5d9aab3b8198/context [39m[32m200[39m [90m3 ms - 14[39m
[35m[HTTP][39m [90m[39m
[35m[HTTP][39m [37m-->[39m [37mPOST[39m [37m/wd/hub/session/aaaeb067-a856-4160-a5fd-5d9aab3b8198/timeouts[39m
[35m[HTTP][39m [90m{"implicit":50}[39m
[35m[HTTP][39m [37m<-- POST /wd/hub/session/aaaeb067-a856-4160-a5fd-5d9aab3b8198/timeouts [39m[32m200[39m [90m1 ms - 14[39m
[35m[HTTP][39m [90m[39m
[35m[HTTP][39m [37m-->[39m [37mGET[39m [37m/wd/hub/session/aaaeb067-a856-4160-a5fd-5d9aab3b8198/window/rect[39m
[35m[HTTP][39m [90m{}[39m
[35m[HTTP][39m [37m<-- GET /wd/hub/session/aaaeb067-a856-4160-a5fd-5d9aab3b8198/window/rect [39m[32m200[39m [90m31 ms - 50[39m
[35m[HTTP][39m [90m[39m
[35m[HTTP][39m [37m-->[39m [37mPOST[39m [37m/wd/hub/session/aaaeb067-a856-4160-a5fd-5d9aab3b8198/elements[39m
[35m[HTTP][39m [90m{"using":"xpath","value":"//*[@class = 'android.widget.Button' and (@text = 'TIDAK' or . = 'TIDAK') and @resource-id = 'android:id/button2']"}[39m
[35m[HTTP][39m [37m<-- POST /wd/hub/session/aaaeb067-a856-4160-a5fd-5d9aab3b8198/elements [39m[32m200[39m [90m839 ms - 139[39m
[35m[HTTP][39m [90m[39m
[35m[HTTP][39m [37m-->[39m [37mGET[39m [37m/wd/hub/session/aaaeb067-a856-4160-a5fd-5d9aab3b8198/element/00000000-0000-0052-ffff-ffff000004b5/location[39m
[35m[HTTP][39m [90m{}[39m
[35m[W3C (aaaeb067)][39m Driver proxy active, passing request on via HTTP proxy
[35m[WD Proxy][39m Replacing sessionId 385ff863-d913-4519-89e5-01651a37ae47 with aaaeb067-a856-4160-a5fd-5d9aab3b8198
[35m[HTTP][39m [37m<-- GET /wd/hub/session/aaaeb067-a856-4160-a5fd-5d9aab3b8198/element/00000000-0000-0052-ffff-ffff000004b5/location [39m[32m200[39m [90m29 ms - 79[39m
[35m[HTTP][39m [90m[39m
[35m[HTTP][39m [37m-->[39m [37mPOST[39m [37m/wd/hub/session/aaaeb067-a856-4160-a5fd-5d9aab3b8198/timeouts[39m
[35m[HTTP][39m [90m{"implicit":30000}[39m
[35m[HTTP][39m [37m<-- POST /wd/hub/session/aaaeb067-a856-4160-a5fd-5d9aab3b8198/timeouts [39m[32m200[39m [90m2 ms - 14[39m
[35m[HTTP][39m [90m[39m
[35m[HTTP][39m [37m-->[39m [37mPOST[39m [37m/wd/hub/session/aaaeb067-a856-4160-a5fd-5d9aab3b8198/touch/perform[39m
[35m[HTTP][39m [90m{"actions":[{"action":"tap","options":{"x":1,"y":1,"element":"00000000-0000-0052-ffff-ffff000004b5"}},{"action":"release","options":{}}]}[39m
[35m[UiAutomator2][39m calling get location: 00000000-0000-0052-ffff-ffff000004b5
[35m[HTTP][39m [37m<-- POST /wd/hub/session/aaaeb067-a856-4160-a5fd-5d9aab3b8198/touch/perform [39m[32m200[39m [90m264 ms - 14[39m
[35m[HTTP][39m [90m[39m
[35m[HTTP][39m [37m-->[39m [37mPOST[39m [37m/wd/hub/session/aaaeb067-a856-4160-a5fd-5d9aab3b8198/timeouts[39m
[35m[HTTP][39m [90m{"implicit":50}[39m
[35m[HTTP][39m [37m<-- POST /wd/hub/session/aaaeb067-a856-4160-a5fd-5d9aab3b8198/timeouts [39m[32m200[39m [90m2 ms - 14[39m
[35m[HTTP][39m [90m[39m
[35m[HTTP][39m [37m-->[39m [37mGET[39m [37m/wd/hub/session/aaaeb067-a856-4160-a5fd-5d9aab3b8198/window/rect[39m
[35m[HTTP][39m [90m{}[39m
[35m[HTTP][39m [37m<-- GET /wd/hub/session/aaaeb067-a856-4160-a5fd-5d9aab3b8198/window/rect [39m[32m200[39m [90m23 ms - 50[39m
[35m[HTTP][39m [90m[39m
[35m[HTTP][39m [37m-->[39m [37mPOST[39m [37m/wd/hub/session/aaaeb067-a856-4160-a5fd-5d9aab3b8198/elements[39m
[35m[HTTP][39m [90m{"using":"xpath","value":"//*[@class = 'android.widget.ImageView' and @resource-id = 'com.vq.mbrochuregp.client.android:id/iv_home_billing_icon' and (@text = '' or . = '')]"}[39m
[35m[HTTP][39m [37m<-- POST /wd/hub/session/aaaeb067-a856-4160-a5fd-5d9aab3b8198/elements [39m[32m200[39m [90m744 ms - 139[39m
[35m[HTTP][39m [90m[39m
[35m[HTTP][39m [37m-->[39m [37mGET[39m [37m/wd/hub/session/aaaeb067-a856-4160-a5fd-5d9aab3b8198/element/00000000-0000-0046-ffff-ffff0000046d/location[39m
[35m[HTTP][39m [90m{}[39m
[35m[W3C (aaaeb067)][39m Driver proxy active, passing request on via HTTP proxy
[35m[WD Proxy][39m Replacing sessionId 385ff863-d913-4519-89e5-01651a37ae47 with aaaeb067-a856-4160-a5fd-5d9aab3b8198
[35m[HTTP][39m [37m<-- GET /wd/hub/session/aaaeb067-a856-4160-a5fd-5d9aab3b8198/element/00000000-0000-0046-ffff-ffff0000046d/location [39m[32m200[39m [90m27 ms - 79[39m
[35m[HTTP][39m [90m[39m
[35m[HTTP][39m [37m-->[39m [37mPOST[39m [37m/wd/hub/session/aaaeb067-a856-4160-a5fd-5d9aab3b8198/timeouts[39m
[35m[HTTP][39m [90m{"implicit":30000}[39m
[35m[HTTP][39m [37m<-- POST /wd/hub/session/aaaeb067-a856-4160-a5fd-5d9aab3b8198/timeouts [39m[32m200[39m [90m2 ms - 14[39m
[35m[HTTP][39m [90m[39m
[35m[HTTP][39m [37m-->[39m [37mPOST[39m [37m/wd/hub/session/aaaeb067-a856-4160-a5fd-5d9aab3b8198/touch/perform[39m
[35m[HTTP][39m [90m{"actions":[{"action":"tap","options":{"x":1,"y":1,"element":"00000000-0000-0046-ffff-ffff0000046d"}},{"action":"release","options":{}}]}[39m
[35m[UiAutomator2][39m calling get location: 00000000-0000-0046-ffff-ffff0000046d
[35m[HTTP][39m [37m<-- POST /wd/hub/session/aaaeb067-a856-4160-a5fd-5d9aab3b8198/touch/perform [39m[32m200[39m [90m223 ms - 14[39m
[35m[HTTP][39m [90m[39m
[35m[HTTP][39m [37m-->[39m [37mGET[39m [37m/wd/hub/session/aaaeb067-a856-4160-a5fd-5d9aab3b8198/context[39m
[35m[HTTP][39m [90m{}[39m
[35m[HTTP][39m [37m<-- GET /wd/hub/session/aaaeb067-a856-4160-a5fd-5d9aab3b8198/context [39m[32m200[39m [90m5 ms - 22[39m
[35m[HTTP][39m [90m[39m
[35m[HTTP][39m [37m-->[39m [37mGET[39m [37m/wd/hub/session/aaaeb067-a856-4160-a5fd-5d9aab3b8198/contexts[39m
[35m[HTTP][39m [90m{}[39m
[35m[HTTP][39m [37m<-- GET /wd/hub/session/aaaeb067-a856-4160-a5fd-5d9aab3b8198/contexts [39m[32m200[39m [90m153 ms - 24[39m
[35m[HTTP][39m [90m[39m
[35m[HTTP][39m [37m-->[39m [37mPOST[39m [37m/wd/hub/session/aaaeb067-a856-4160-a5fd-5d9aab3b8198/context[39m
[35m[HTTP][39m [90m{"name":"NATIVE_APP"}[39m
[35m[HTTP][39m [37m<-- POST /wd/hub/session/aaaeb067-a856-4160-a5fd-5d9aab3b8198/context [39m[32m200[39m [90m2 ms - 14[39m
[35m[HTTP][39m [90m[39m
[35m[HTTP][39m [37m-->[39m [37mGET[39m [37m/wd/hub/session/aaaeb067-a856-4160-a5fd-5d9aab3b8198/window/rect[39m
[35m[HTTP][39m [90m{}[39m
[35m[HTTP][39m [37m<-- GET /wd/hub/session/aaaeb067-a856-4160-a5fd-5d9aab3b8198/window/rect [39m[32m200[39m [90m52 ms - 50[39m
[35m[HTTP][39m [90m[39m
[35m[HTTP][39m [37m-->[39m [37mPOST[39m [37m/wd/hub/session/aaaeb067-a856-4160-a5fd-5d9aab3b8198/execute/sync[39m
[35m[HTTP][39m [90m{"script":"mobile: viewportScreenshot","args":[]}[39m
[35m[AndroidDriver][39m Executing native command 'mobile: viewportScreenshot'
[35m[HTTP][39m [37m<-- POST /wd/hub/session/aaaeb067-a856-4160-a5fd-5d9aab3b8198/execute/sync [39m[32m200[39m [90m1719 ms - 146448[39m
[35m[HTTP][39m [90m[39m
[35m[HTTP][39m [37m-->[39m [37mPOST[39m [37m/wd/hub/session/aaaeb067-a856-4160-a5fd-5d9aab3b8198/context[39m
[35m[HTTP][39m [90m{"name":"NATIVE_APP"}[39m
[35m[HTTP][39m [37m<-- POST /wd/hub/session/aaaeb067-a856-4160-a5fd-5d9aab3b8198/context [39m[32m200[39m [90m1 ms - 14[39m
[35m[HTTP][39m [90m[39m
[35m[HTTP][39m [37m-->[39m [37mPOST[39m [37m/wd/hub/session/aaaeb067-a856-4160-a5fd-5d9aab3b8198/timeouts[39m
[35m[HTTP][39m [90m{"implicit":50}[39m
[35m[HTTP][39m [37m<-- POST /wd/hub/session/aaaeb067-a856-4160-a5fd-5d9aab3b8198/timeouts [39m[32m200[39m [90m2 ms - 14[39m
[35m[HTTP][39m [90m[39m
[35m[HTTP][39m [37m-->[39m [37mGET[39m [37m/wd/hub/session/aaaeb067-a856-4160-a5fd-5d9aab3b8198/window/rect[39m
[35m[HTTP][39m [90m{}[39m
[35m[HTTP][39m [37m<-- GET /wd/hub/session/aaaeb067-a856-4160-a5fd-5d9aab3b8198/window/rect [39m[32m200[39m [90m48 ms - 50[39m
[35m[HTTP][39m [90m[39m
[35m[HTTP][39m [37m-->[39m [37mPOST[39m [37m/wd/hub/session/aaaeb067-a856-4160-a5fd-5d9aab3b8198/elements[39m
[35m[HTTP][39m [90m{"using":"xpath","value":"//*[@class = 'android.widget.TextView' and (@text = 'Sudah Dibayar' or . = 'Sudah Dibayar')]"}[39m
[35m[HTTP][39m [37m<-- POST /wd/hub/session/aaaeb067-a856-4160-a5fd-5d9aab3b8198/elements [39m[32m200[39m [90m911 ms - 139[39m
[35m[HTTP][39m [90m[39m
[35m[HTTP][39m [37m-->[39m [37mGET[39m [37m/wd/hub/session/aaaeb067-a856-4160-a5fd-5d9aab3b8198/element/00000000-0000-0054-ffff-ffff000004cd/location[39m
[35m[HTTP][39m [90m{}[39m
[35m[W3C (aaaeb067)][39m Driver proxy active, passing request on via HTTP proxy
[35m[WD Proxy][39m Replacing sessionId 385ff863-d913-4519-89e5-01651a37ae47 with aaaeb067-a856-4160-a5fd-5d9aab3b8198
[35m[HTTP][39m [37m<-- GET /wd/hub/session/aaaeb067-a856-4160-a5fd-5d9aab3b8198/element/00000000-0000-0054-ffff-ffff000004cd/location [39m[32m200[39m [90m185 ms - 78[39m
[35m[HTTP][39m [90m[39m
[35m[HTTP][39m [37m-->[39m [37mPOST[39m [37m/wd/hub/session/aaaeb067-a856-4160-a5fd-5d9aab3b8198/timeouts[39m
[35m[HTTP][39m [90m{"implicit":30000}[39m
[35m[HTTP][39m [37m<-- POST /wd/hub/session/aaaeb067-a856-4160-a5fd-5d9aab3b8198/timeouts [39m[32m200[39m [90m2 ms - 14[39m
[35m[HTTP][39m [90m[39m
[35m[HTTP][39m [37m-->[39m [37mPOST[39m [37m/wd/hub/session/aaaeb067-a856-4160-a5fd-5d9aab3b8198/touch/perform[39m
[35m[HTTP][39m [90m{"actions":[{"action":"tap","options":{"x":1,"y":1,"element":"00000000-0000-0054-ffff-ffff000004cd"}},{"action":"release","options":{}}]}[39m
[35m[UiAutomator2][39m calling get location: 00000000-0000-0054-ffff-ffff000004cd
[35m[HTTP][39m [37m<-- POST /wd/hub/session/aaaeb067-a856-4160-a5fd-5d9aab3b8198/touch/perform [39m[32m200[39m [90m228 ms - 14[39m
[35m[HTTP][39m [90m[39m
[35m[HTTP][39m [37m-->[39m [37mGET[39m [37m/wd/hub/session/aaaeb067-a856-4160-a5fd-5d9aab3b8198/context[39m
[35m[HTTP][39m [90m{}[39m
[35m[HTTP][39m [37m<-- GET /wd/hub/session/aaaeb067-a856-4160-a5fd-5d9aab3b8198/context [39m[32m200[39m [90m2 ms - 22[39m
[35m[HTTP][39m [90m[39m
[35m[HTTP][39m [37m-->[39m [37mGET[39m [37m/wd/hub/session/aaaeb067-a856-4160-a5fd-5d9aab3b8198/contexts[39m
[35m[HTTP][39m [90m{}[39m
[35m[HTTP][39m [37m<-- GET /wd/hub/session/aaaeb067-a856-4160-a5fd-5d9aab3b8198/contexts [39m[32m200[39m [90m149 ms - 24[39m
[35m[HTTP][39m [90m[39m
[35m[HTTP][39m [37m-->[39m [37mPOST[39m [37m/wd/hub/session/aaaeb067-a856-4160-a5fd-5d9aab3b8198/context[39m
[35m[HTTP][39m [90m{"name":"NATIVE_APP"}[39m
[35m[HTTP][39m [37m<-- POST /wd/hub/session/aaaeb067-a856-4160-a5fd-5d9aab3b8198/context [39m[32m200[39m [90m1 ms - 14[39m
[35m[HTTP][39m [90m[39m
[35m[HTTP][39m [37m-->[39m [37mGET[39m [37m/wd/hub/session/aaaeb067-a856-4160-a5fd-5d9aab3b8198/window/rect[39m
[35m[HTTP][39m [90m{}[39m
[35m[HTTP][39m [37m<-- GET /wd/hub/session/aaaeb067-a856-4160-a5fd-5d9aab3b8198/window/rect [39m[32m200[39m [90m37 ms - 50[39m
[35m[HTTP][39m [90m[39m
[35m[HTTP][39m [37m-->[39m [37mPOST[39m [37m/wd/hub/session/aaaeb067-a856-4160-a5fd-5d9aab3b8198/execute/sync[39m
[35m[HTTP][39m [90m{"script":"mobile: viewportScreenshot","args":[]}[39m
[35m[AndroidDriver][39m Executing native command 'mobile: viewportScreenshot'
[35m[HTTP][39m [37m<-- POST /wd/hub/session/aaaeb067-a856-4160-a5fd-5d9aab3b8198/execute/sync [39m[32m200[39m [90m1577 ms - 168432[39m
[35m[HTTP][39m [90m[39m
[35m[HTTP][39m [37m-->[39m [37mPOST[39m [37m/wd/hub/session/aaaeb067-a856-4160-a5fd-5d9aab3b8198/context[39m
[35m[HTTP][39m [90m{"name":"NATIVE_APP"}[39m
[35m[HTTP][39m [37m<-- POST /wd/hub/session/aaaeb067-a856-4160-a5fd-5d9aab3b8198/context [39m[32m200[39m [90m1 ms - 14[39m
[35m[HTTP][39m [90m[39m
[35m[HTTP][39m [37m-->[39m [37mPOST[39m [37m/wd/hub/session/aaaeb067-a856-4160-a5fd-5d9aab3b8198/timeouts[39m
[35m[HTTP][39m [90m{"implicit":50}[39m
[35m[HTTP][39m [37m<-- POST /wd/hub/session/aaaeb067-a856-4160-a5fd-5d9aab3b8198/timeouts [39m[32m200[39m [90m2 ms - 14[39m
[35m[HTTP][39m [90m[39m
[35m[HTTP][39m [37m-->[39m [37mGET[39m [37m/wd/hub/session/aaaeb067-a856-4160-a5fd-5d9aab3b8198/window/rect[39m
[35m[HTTP][39m [90m{}[39m
[35m[HTTP][39m [37m<-- GET /wd/hub/session/aaaeb067-a856-4160-a5fd-5d9aab3b8198/window/rect [39m[32m200[39m [90m40 ms - 50[39m
[35m[HTTP][39m [90m[39m
[35m[HTTP][39m [37m-->[39m [37mPOST[39m [37m/wd/hub/session/aaaeb067-a856-4160-a5fd-5d9aab3b8198/elements[39m
[35m[HTTP][39m [90m{"using":"xpath","value":"//*[@class = 'android.widget.TextView' and (@text = 'Belum Dibayar' or . = 'Belum Dibayar')]"}[39m
[35m[HTTP][39m [37m<-- POST /wd/hub/session/aaaeb067-a856-4160-a5fd-5d9aab3b8198/elements [39m[32m200[39m [90m607 ms - 139[39m
[35m[HTTP][39m [90m[39m
[35m[HTTP][39m [37m-->[39m [37mGET[39m [37m/wd/hub/session/aaaeb067-a856-4160-a5fd-5d9aab3b8198/element/00000000-0000-0054-ffff-ffff000004ca/location[39m
[35m[HTTP][39m [90m{}[39m
[35m[W3C (aaaeb067)][39m Driver proxy active, passing request on via HTTP proxy
[35m[WD Proxy][39m Replacing sessionId 385ff863-d913-4519-89e5-01651a37ae47 with aaaeb067-a856-4160-a5fd-5d9aab3b8198
[35m[HTTP][39m [37m<-- GET /wd/hub/session/aaaeb067-a856-4160-a5fd-5d9aab3b8198/element/00000000-0000-0054-ffff-ffff000004ca/location [39m[32m200[39m [90m40 ms - 78[39m
[35m[HTTP][39m [90m[39m
[35m[HTTP][39m [37m-->[39m [37mPOST[39m [37m/wd/hub/session/aaaeb067-a856-4160-a5fd-5d9aab3b8198/timeouts[39m
[35m[HTTP][39m [90m{"implicit":30000}[39m
[35m[HTTP][39m [37m<-- POST /wd/hub/session/aaaeb067-a856-4160-a5fd-5d9aab3b8198/timeouts [39m[32m200[39m [90m6 ms - 14[39m
[35m[HTTP][39m [90m[39m
[35m[HTTP][39m [37m-->[39m [37mPOST[39m [37m/wd/hub/session/aaaeb067-a856-4160-a5fd-5d9aab3b8198/touch/perform[39m
[35m[HTTP][39m [90m{"actions":[{"action":"tap","options":{"x":1,"y":1,"element":"00000000-0000-0054-ffff-ffff000004ca"}},{"action":"release","options":{}}]}[39m
[35m[UiAutomator2][39m calling get location: 00000000-0000-0054-ffff-ffff000004ca
[35m[HTTP][39m [37m<-- POST /wd/hub/session/aaaeb067-a856-4160-a5fd-5d9aab3b8198/touch/perform [39m[32m200[39m [90m1597 ms - 14[39m
[35m[HTTP][39m [90m[39m
[35m[HTTP][39m [37m-->[39m [37mPOST[39m [37m/wd/hub/session/aaaeb067-a856-4160-a5fd-5d9aab3b8198/timeouts[39m
[35m[HTTP][39m [90m{"implicit":50}[39m
[35m[HTTP][39m [37m<-- POST /wd/hub/session/aaaeb067-a856-4160-a5fd-5d9aab3b8198/timeouts [39m[32m200[39m [90m2 ms - 14[39m
[35m[HTTP][39m [90m[39m
[35m[HTTP][39m [37m-->[39m [37mGET[39m [37m/wd/hub/session/aaaeb067-a856-4160-a5fd-5d9aab3b8198/window/rect[39m
[35m[HTTP][39m [90m{}[39m
[35m[HTTP][39m [37m<-- GET /wd/hub/session/aaaeb067-a856-4160-a5fd-5d9aab3b8198/window/rect [39m[32m200[39m [90m38 ms - 50[39m
[35m[HTTP][39m [90m[39m
[35m[HTTP][39m [37m-->[39m [37mPOST[39m [37m/wd/hub/session/aaaeb067-a856-4160-a5fd-5d9aab3b8198/elements[39m
[35m[HTTP][39m [90m{"using":"xpath","value":"//hierarchy/android.widget.FrameLayout[1]/android.widget.LinearLayout[1]/android.widget.FrameLayout[1]/android.widget.LinearLayout[1]/android.widget.FrameLayout[1]/android.view.ViewGroup[1]/androidx.viewpager.widget.ViewPager[1]/android.widget.FrameLayout[1]/android.view.ViewGroup[1]/android.widget.ScrollView[1]/android.widget.LinearLayout[1]/androidx.recyclerview.widget.RecyclerView[1]/android.widget.LinearLayout[1]/android.widget.RelativeLayout[1]"}[39m
[35m[HTTP][39m [37m<-- POST /wd/hub/session/aaaeb067-a856-4160-a5fd-5d9aab3b8198/elements [39m[32m200[39m [90m304 ms - 139[39m
[35m[HTTP][39m [90m[39m
[35m[HTTP][39m [37m-->[39m [37mGET[39m [37m/wd/hub/session/aaaeb067-a856-4160-a5fd-5d9aab3b8198/element/00000000-0000-0054-ffff-ffff0000050b/location[39m
[35m[HTTP][39m [90m{}[39m
[35m[W3C (aaaeb067)][39m Driver proxy active, passing request on via HTTP proxy
[35m[WD Proxy][39m Replacing sessionId 385ff863-d913-4519-89e5-01651a37ae47 with aaaeb067-a856-4160-a5fd-5d9aab3b8198
[35m[HTTP][39m [37m<-- GET /wd/hub/session/aaaeb067-a856-4160-a5fd-5d9aab3b8198/element/00000000-0000-0054-ffff-ffff0000050b/location [39m[32m200[39m [90m581 ms - 77[39m
[35m[HTTP][39m [90m[39m
[35m[HTTP][39m [37m-->[39m [37mPOST[39m [37m/wd/hub/session/aaaeb067-a856-4160-a5fd-5d9aab3b8198/timeouts[39m
[35m[HTTP][39m [90m{"implicit":30000}[39m
[35m[HTTP][39m [37m<-- POST /wd/hub/session/aaaeb067-a856-4160-a5fd-5d9aab3b8198/timeouts [39m[32m200[39m [90m2 ms - 14[39m
[35m[HTTP][39m [90m[39m
[35m[HTTP][39m [37m-->[39m [37mPOST[39m [37m/wd/hub/session/aaaeb067-a856-4160-a5fd-5d9aab3b8198/touch/perform[39m
[35m[HTTP][39m [90m{"actions":[{"action":"tap","options":{"x":1,"y":1,"element":"00000000-0000-0054-ffff-ffff0000050b"}},{"action":"release","options":{}}]}[39m
[35m[UiAutomator2][39m calling get location: 00000000-0000-0054-ffff-ffff0000050b
[35m[HTTP][39m [37m<-- POST /wd/hub/session/aaaeb067-a856-4160-a5fd-5d9aab3b8198/touch/perform [39m[32m200[39m [90m240 ms - 14[39m
[35m[HTTP][39m [90m[39m
[35m[HTTP][39m [37m-->[39m [37mGET[39m [37m/wd/hub/session/aaaeb067-a856-4160-a5fd-5d9aab3b8198/context[39m
[35m[HTTP][39m [90m{}[39m
[35m[HTTP][39m [37m<-- GET /wd/hub/session/aaaeb067-a856-4160-a5fd-5d9aab3b8198/context [39m[32m200[39m [90m2 ms - 22[39m
[35m[HTTP][39m [90m[39m
[35m[HTTP][39m [37m-->[39m [37mGET[39m [37m/wd/hub/session/aaaeb067-a856-4160-a5fd-5d9aab3b8198/contexts[39m
[35m[HTTP][39m [90m{}[39m
[35m[HTTP][39m [37m<-- GET /wd/hub/session/aaaeb067-a856-4160-a5fd-5d9aab3b8198/contexts [39m[32m200[39m [90m127 ms - 24[39m
[35m[HTTP][39m [90m[39m
[35m[HTTP][39m [37m-->[39m [37mPOST[39m [37m/wd/hub/session/aaaeb067-a856-4160-a5fd-5d9aab3b8198/context[39m
[35m[HTTP][39m [90m{"name":"NATIVE_APP"}[39m
[35m[HTTP][39m [37m<-- POST /wd/hub/session/aaaeb067-a856-4160-a5fd-5d9aab3b8198/context [39m[32m200[39m [90m2 ms - 14[39m
[35m[HTTP][39m [90m[39m
[35m[HTTP][39m [37m-->[39m [37mGET[39m [37m/wd/hub/session/aaaeb067-a856-4160-a5fd-5d9aab3b8198/window/rect[39m
[35m[HTTP][39m [90m{}[39m
[35m[HTTP][39m [37m<-- GET /wd/hub/session/aaaeb067-a856-4160-a5fd-5d9aab3b8198/window/rect [39m[32m200[39m [90m42 ms - 50[39m
[35m[HTTP][39m [90m[39m
[35m[HTTP][39m [37m-->[39m [37mPOST[39m [37m/wd/hub/session/aaaeb067-a856-4160-a5fd-5d9aab3b8198/execute/sync[39m
[35m[HTTP][39m [90m{"script":"mobile: viewportScreenshot","args":[]}[39m
[35m[AndroidDriver][39m Executing native command 'mobile: viewportScreenshot'
[35m[HTTP][39m [37m<-- POST /wd/hub/session/aaaeb067-a856-4160-a5fd-5d9aab3b8198/execute/sync [39m[32m200[39m [90m1468 ms - 213560[39m
[35m[HTTP][39m [90m[39m
[35m[HTTP][39m [37m-->[39m [37mPOST[39m [37m/wd/hub/session/aaaeb067-a856-4160-a5fd-5d9aab3b8198/context[39m
[35m[HTTP][39m [90m{"name":"NATIVE_APP"}[39m
[35m[HTTP][39m [37m<-- POST /wd/hub/session/aaaeb067-a856-4160-a5fd-5d9aab3b8198/context [39m[32m200[39m [90m2 ms - 14[39m
[35m[HTTP][39m [90m[39m
[35m[HTTP][39m [37m-->[39m [37mPOST[39m [37m/wd/hub/session/aaaeb067-a856-4160-a5fd-5d9aab3b8198/timeouts[39m
[35m[HTTP][39m [90m{"implicit":50}[39m
[35m[HTTP][39m [37m<-- POST /wd/hub/session/aaaeb067-a856-4160-a5fd-5d9aab3b8198/timeouts [39m[32m200[39m [90m2 ms - 14[39m
[35m[HTTP][39m [90m[39m
[35m[HTTP][39m [37m-->[39m [37mGET[39m [37m/wd/hub/session/aaaeb067-a856-4160-a5fd-5d9aab3b8198/window/rect[39m
[35m[HTTP][39m [90m{}[39m
[35m[HTTP][39m [37m<-- GET /wd/hub/session/aaaeb067-a856-4160-a5fd-5d9aab3b8198/window/rect [39m[32m200[39m [90m52 ms - 50[39m
[35m[HTTP][39m [90m[39m
[35m[HTTP][39m [37m-->[39m [37mPOST[39m [37m/wd/hub/session/aaaeb067-a856-4160-a5fd-5d9aab3b8198/elements[39m
[35m[HTTP][39m [90m{"using":"xpath","value":"//*[@class = 'android.widget.Button' and (@text = 'Email' or . = 'Email') and @resource-id = 'com.vq.mbrochuregp.client.android:id/btn_billing_detail_email']"}[39m
[35m[HTTP][39m [37m<-- POST /wd/hub/session/aaaeb067-a856-4160-a5fd-5d9aab3b8198/elements [39m[32m200[39m [90m500 ms - 139[39m
[35m[HTTP][39m [90m[39m
[35m[HTTP][39m [37m-->[39m [37mGET[39m [37m/wd/hub/session/aaaeb067-a856-4160-a5fd-5d9aab3b8198/element/00000000-0000-0055-ffff-ffff00000565/location[39m
[35m[HTTP][39m [90m{}[39m
[35m[W3C (aaaeb067)][39m Driver proxy active, passing request on via HTTP proxy
[35m[WD Proxy][39m Replacing sessionId 385ff863-d913-4519-89e5-01651a37ae47 with aaaeb067-a856-4160-a5fd-5d9aab3b8198
[35m[HTTP][39m [37m<-- GET /wd/hub/session/aaaeb067-a856-4160-a5fd-5d9aab3b8198/element/00000000-0000-0055-ffff-ffff00000565/location [39m[32m200[39m [90m205 ms - 79[39m
[35m[HTTP][39m [90m[39m
[35m[HTTP][39m [37m-->[39m [37mPOST[39m [37m/wd/hub/session/aaaeb067-a856-4160-a5fd-5d9aab3b8198/timeouts[39m
[35m[HTTP][39m [90m{"implicit":30000}[39m
[35m[HTTP][39m [37m<-- POST /wd/hub/session/aaaeb067-a856-4160-a5fd-5d9aab3b8198/timeouts [39m[32m200[39m [90m2 ms - 14[39m
[35m[HTTP][39m [90m[39m
[35m[HTTP][39m [37m-->[39m [37mPOST[39m [37m/wd/hub/session/aaaeb067-a856-4160-a5fd-5d9aab3b8198/touch/perform[39m
[35m[HTTP][39m [90m{"actions":[{"action":"tap","options":{"x":1,"y":1,"element":"00000000-0000-0055-ffff-ffff00000565"}},{"action":"release","options":{}}]}[39m
[35m[UiAutomator2][39m calling get location: 00000000-0000-0055-ffff-ffff00000565
[35m[HTTP][39m [37m<-- POST /wd/hub/session/aaaeb067-a856-4160-a5fd-5d9aab3b8198/touch/perform [39m[32m200[39m [90m1090 ms - 14[39m
[35m[HTTP][39m [90m[39m
[35m[HTTP][39m [37m-->[39m [37mGET[39m [37m/wd/hub/session/aaaeb067-a856-4160-a5fd-5d9aab3b8198/context[39m
[35m[HTTP][39m [90m{}[39m
[35m[HTTP][39m [37m<-- GET /wd/hub/session/aaaeb067-a856-4160-a5fd-5d9aab3b8198/context [39m[32m200[39m [90m3 ms - 22[39m
[35m[HTTP][39m [90m[39m
[35m[HTTP][39m [37m-->[39m [37mGET[39m [37m/wd/hub/session/aaaeb067-a856-4160-a5fd-5d9aab3b8198/contexts[39m
[35m[HTTP][39m [90m{}[39m
[35m[HTTP][39m [37m<-- GET /wd/hub/session/aaaeb067-a856-4160-a5fd-5d9aab3b8198/contexts [39m[32m200[39m [90m127 ms - 24[39m
[35m[HTTP][39m [90m[39m
[35m[HTTP][39m [37m-->[39m [37mPOST[39m [37m/wd/hub/session/aaaeb067-a856-4160-a5fd-5d9aab3b8198/context[39m
[35m[HTTP][39m [90m{"name":"NATIVE_APP"}[39m
[35m[HTTP][39m [37m<-- POST /wd/hub/session/aaaeb067-a856-4160-a5fd-5d9aab3b8198/context [39m[32m200[39m [90m2 ms - 14[39m
[35m[HTTP][39m [90m[39m
[35m[HTTP][39m [37m-->[39m [37mGET[39m [37m/wd/hub/session/aaaeb067-a856-4160-a5fd-5d9aab3b8198/window/rect[39m
[35m[HTTP][39m [90m{}[39m
[35m[HTTP][39m [37m<-- GET /wd/hub/session/aaaeb067-a856-4160-a5fd-5d9aab3b8198/window/rect [39m[32m200[39m [90m38 ms - 50[39m
[35m[HTTP][39m [90m[39m
[35m[HTTP][39m [37m-->[39m [37mPOST[39m [37m/wd/hub/session/aaaeb067-a856-4160-a5fd-5d9aab3b8198/execute/sync[39m
[35m[HTTP][39m [90m{"script":"mobile: viewportScreenshot","args":[]}[39m
[35m[AndroidDriver][39m Executing native command 'mobile: viewportScreenshot'
[35m[HTTP][39m [37m<-- POST /wd/hub/session/aaaeb067-a856-4160-a5fd-5d9aab3b8198/execute/sync [39m[32m200[39m [90m1582 ms - 207896[39m
[35m[HTTP][39m [90m[39m
[35m[HTTP][39m [37m-->[39m [37mPOST[39m [37m/wd/hub/session/aaaeb067-a856-4160-a5fd-5d9aab3b8198/context[39m
[35m[HTTP][39m [90m{"name":"NATIVE_APP"}[39m
[35m[HTTP][39m [37m<-- POST /wd/hub/session/aaaeb067-a856-4160-a5fd-5d9aab3b8198/context [39m[32m200[39m [90m1 ms - 14[39m
[35m[HTTP][39m [90m[39m
[35m[HTTP][39m [37m-->[39m [37mPOST[39m [37m/wd/hub/session/aaaeb067-a856-4160-a5fd-5d9aab3b8198/timeouts[39m
[35m[HTTP][39m [90m{"implicit":50}[39m
[35m[HTTP][39m [37m<-- POST /wd/hub/session/aaaeb067-a856-4160-a5fd-5d9aab3b8198/timeouts [39m[32m200[39m [90m2 ms - 14[39m
[35m[HTTP][39m [90m[39m
[35m[HTTP][39m [37m-->[39m [37mGET[39m [37m/wd/hub/session/aaaeb067-a856-4160-a5fd-5d9aab3b8198/window/rect[39m
[35m[HTTP][39m [90m{}[39m
[35m[HTTP][39m [37m<-- GET /wd/hub/session/aaaeb067-a856-4160-a5fd-5d9aab3b8198/window/rect [39m[32m200[39m [90m47 ms - 50[39m
[35m[HTTP][39m [90m[39m
[35m[HTTP][39m [37m-->[39m [37mPOST[39m [37m/wd/hub/session/aaaeb067-a856-4160-a5fd-5d9aab3b8198/elements[39m
[35m[HTTP][39m [90m{"using":"xpath","value":"//*[@class = 'android.widget.Button' and (@text = 'Kirim' or . = 'Kirim') and @resource-id = 'com.vq.mbrochuregp.client.android:id/btn_stnk_send_email_send_email']"}[39m
[35m[HTTP][39m [37m<-- POST /wd/hub/session/aaaeb067-a856-4160-a5fd-5d9aab3b8198/elements [39m[32m200[39m [90m225 ms - 139[39m
[35m[HTTP][39m [90m[39m
[35m[HTTP][39m [37m-->[39m [37mGET[39m [37m/wd/hub/session/aaaeb067-a856-4160-a5fd-5d9aab3b8198/element/00000000-0000-0057-ffff-ffff00000580/location[39m
[35m[HTTP][39m [90m{}[39m
[35m[W3C (aaaeb067)][39m Driver proxy active, passing request on via HTTP proxy
[35m[WD Proxy][39m Replacing sessionId 385ff863-d913-4519-89e5-01651a37ae47 with aaaeb067-a856-4160-a5fd-5d9aab3b8198
[35m[HTTP][39m [37m<-- GET /wd/hub/session/aaaeb067-a856-4160-a5fd-5d9aab3b8198/element/00000000-0000-0057-ffff-ffff00000580/location [39m[32m200[39m [90m41 ms - 78[39m
[35m[HTTP][39m [90m[39m
[35m[HTTP][39m [37m-->[39m [37mPOST[39m [37m/wd/hub/session/aaaeb067-a856-4160-a5fd-5d9aab3b8198/timeouts[39m
[35m[HTTP][39m [90m{"implicit":30000}[39m
[35m[HTTP][39m [37m<-- POST /wd/hub/session/aaaeb067-a856-4160-a5fd-5d9aab3b8198/timeouts [39m[32m200[39m [90m2 ms - 14[39m
[35m[HTTP][39m [90m[39m
[35m[HTTP][39m [37m-->[39m [37mPOST[39m [37m/wd/hub/session/aaaeb067-a856-4160-a5fd-5d9aab3b8198/touch/perform[39m
[35m[HTTP][39m [90m{"actions":[{"action":"tap","options":{"x":1,"y":1,"element":"00000000-0000-0057-ffff-ffff00000580"}},{"action":"release","options":{}}]}[39m
[35m[UiAutomator2][39m calling get location: 00000000-0000-0057-ffff-ffff00000580
[35m[HTTP][39m [37m<-- POST /wd/hub/session/aaaeb067-a856-4160-a5fd-5d9aab3b8198/touch/perform [39m[32m200[39m [90m342 ms - 14[39m
[35m[HTTP][39m [90m[39m
[35m[HTTP][39m [37m-->[39m [37mGET[39m [37m/wd/hub/session/aaaeb067-a856-4160-a5fd-5d9aab3b8198/context[39m
[35m[HTTP][39m [90m{}[39m
[35m[HTTP][39m [37m<-- GET /wd/hub/session/aaaeb067-a856-4160-a5fd-5d9aab3b8198/context [39m[32m200[39m [90m2 ms - 22[39m
[35m[HTTP][39m [90m[39m
[35m[HTTP][39m [37m-->[39m [37mGET[39m [37m/wd/hub/session/aaaeb067-a856-4160-a5fd-5d9aab3b8198/contexts[39m
[35m[HTTP][39m [90m{}[39m
[35m[HTTP][39m [37m<-- GET /wd/hub/session/aaaeb067-a856-4160-a5fd-5d9aab3b8198/contexts [39m[32m200[39m [90m156 ms - 24[39m
[35m[HTTP][39m [90m[39m
[35m[HTTP][39m [37m-->[39m [37mPOST[39m [37m/wd/hub/session/aaaeb067-a856-4160-a5fd-5d9aab3b8198/context[39m
[35m[HTTP][39m [90m{"name":"NATIVE_APP"}[39m
[35m[HTTP][39m [37m<-- POST /wd/hub/session/aaaeb067-a856-4160-a5fd-5d9aab3b8198/context [39m[32m200[39m [90m1 ms - 14[39m
[35m[HTTP][39m [90m[39m
[35m[HTTP][39m [37m-->[39m [37mGET[39m [37m/wd/hub/session/aaaeb067-a856-4160-a5fd-5d9aab3b8198/window/rect[39m
[35m[HTTP][39m [90m{}[39m
[35m[HTTP][39m [37m<-- GET /wd/hub/session/aaaeb067-a856-4160-a5fd-5d9aab3b8198/window/rect [39m[32m200[39m [90m29 ms - 50[39m
[35m[HTTP][39m [90m[39m
[35m[HTTP][39m [37m-->[39m [37mPOST[39m [37m/wd/hub/session/aaaeb067-a856-4160-a5fd-5d9aab3b8198/execute/sync[39m
[35m[HTTP][39m [90m{"script":"mobile: viewportScreenshot","args":[]}[39m
[35m[AndroidDriver][39m Executing native command 'mobile: viewportScreenshot'
[35m[HTTP][39m [37m<-- POST /wd/hub/session/aaaeb067-a856-4160-a5fd-5d9aab3b8198/execute/sync [39m[32m200[39m [90m1573 ms - 183300[39m
[35m[HTTP][39m [90m[39m
[35m[HTTP][39m [37m-->[39m [37mPOST[39m [37m/wd/hub/session/aaaeb067-a856-4160-a5fd-5d9aab3b8198/context[39m
[35m[HTTP][39m [90m{"name":"NATIVE_APP"}[39m
[35m[HTTP][39m [37m<-- POST /wd/hub/session/aaaeb067-a856-4160-a5fd-5d9aab3b8198/context [39m[32m200[39m [90m2 ms - 14[39m
[35m[HTTP][39m [90m[39m
[35m[HTTP][39m [37m-->[39m [37mGET[39m [37m/wd/hub/session/aaaeb067-a856-4160-a5fd-5d9aab3b8198/context[39m
[35m[HTTP][39m [90m{}[39m
[35m[HTTP][39m [37m<-- GET /wd/hub/session/aaaeb067-a856-4160-a5fd-5d9aab3b8198/context [39m[32m200[39m [90m2 ms - 22[39m
[35m[HTTP][39m [90m[39m
[35m[HTTP][39m [37m-->[39m [37mGET[39m [37m/wd/hub/session/aaaeb067-a856-4160-a5fd-5d9aab3b8198/contexts[39m
[35m[HTTP][39m [90m{}[39m
[35m[HTTP][39m [37m<-- GET /wd/hub/session/aaaeb067-a856-4160-a5fd-5d9aab3b8198/contexts [39m[32m200[39m [90m123 ms - 24[39m
[35m[HTTP][39m [90m[39m
[35m[HTTP][39m [37m-->[39m [37mPOST[39m [37m/wd/hub/session/aaaeb067-a856-4160-a5fd-5d9aab3b8198/context[39m
[35m[HTTP][39m [90m{"name":"NATIVE_APP"}[39m
[35m[HTTP][39m [37m<-- POST /wd/hub/session/aaaeb067-a856-4160-a5fd-5d9aab3b8198/context [39m[32m200[39m [90m2 ms - 14[39m
[35m[HTTP][39m [90m[39m
[35m[HTTP][39m [37m-->[39m [37mPOST[39m [37m/wd/hub/session/aaaeb067-a856-4160-a5fd-5d9aab3b8198/appium/device/press_keycode[39m
[35m[HTTP][39m [90m{"keycode":4}[39m
[35m[HTTP][39m [37m<-- POST /wd/hub/session/aaaeb067-a856-4160-a5fd-5d9aab3b8198/appium/device/press_keycode [39m[32m200[39m [90m1093 ms - 14[39m
[35m[HTTP][39m [90m[39m
[35m[HTTP][39m [37m-->[39m [37mPOST[39m [37m/wd/hub/session/aaaeb067-a856-4160-a5fd-5d9aab3b8198/context[39m
[35m[HTTP][39m [90m{"name":"NATIVE_APP"}[39m
[35m[HTTP][39m [37m<-- POST /wd/hub/session/aaaeb067-a856-4160-a5fd-5d9aab3b8198/context [39m[32m200[39m [90m3 ms - 14[39m
[35m[HTTP][39m [90m[39m
[35m[HTTP][39m [37m-->[39m [37mGET[39m [37m/wd/hub/session/aaaeb067-a856-4160-a5fd-5d9aab3b8198/context[39m
[35m[HTTP][39m [90m{}[39m
[35m[HTTP][39m [37m<-- GET /wd/hub/session/aaaeb067-a856-4160-a5fd-5d9aab3b8198/context [39m[32m200[39m [90m2 ms - 22[39m
[35m[HTTP][39m [90m[39m
[35m[HTTP][39m [37m-->[39m [37mGET[39m [37m/wd/hub/session/aaaeb067-a856-4160-a5fd-5d9aab3b8198/contexts[39m
[35m[HTTP][39m [90m{}[39m
[35m[HTTP][39m [37m<-- GET /wd/hub/session/aaaeb067-a856-4160-a5fd-5d9aab3b8198/contexts [39m[32m200[39m [90m103 ms - 24[39m
[35m[HTTP][39m [90m[39m
[35m[HTTP][39m [37m-->[39m [37mPOST[39m [37m/wd/hub/session/aaaeb067-a856-4160-a5fd-5d9aab3b8198/context[39m
[35m[HTTP][39m [90m{"name":"NATIVE_APP"}[39m
[35m[HTTP][39m [37m<-- POST /wd/hub/session/aaaeb067-a856-4160-a5fd-5d9aab3b8198/context [39m[32m200[39m [90m1 ms - 14[39m
[35m[HTTP][39m [90m[39m
[35m[HTTP][39m [37m-->[39m [37mPOST[39m [37m/wd/hub/session/aaaeb067-a856-4160-a5fd-5d9aab3b8198/appium/device/press_keycode[39m
[35m[HTTP][39m [90m{"keycode":4}[39m
[35m[HTTP][39m [37m<-- POST /wd/hub/session/aaaeb067-a856-4160-a5fd-5d9aab3b8198/appium/device/press_keycode [39m[32m200[39m [90m734 ms - 14[39m
[35m[HTTP][39m [90m[39m
[35m[HTTP][39m [37m-->[39m [37mPOST[39m [37m/wd/hub/session/aaaeb067-a856-4160-a5fd-5d9aab3b8198/context[39m
[35m[HTTP][39m [90m{"name":"NATIVE_APP"}[39m
[35m[HTTP][39m [37m<-- POST /wd/hub/session/aaaeb067-a856-4160-a5fd-5d9aab3b8198/context [39m[32m200[39m [90m2 ms - 14[39m
[35m[HTTP][39m [90m[39m
[35m[HTTP][39m [37m-->[39m [37mGET[39m [37m/wd/hub/session/aaaeb067-a856-4160-a5fd-5d9aab3b8198/window/rect[39m
[35m[HTTP][39m [90m{}[39m
[35m[HTTP][39m [37m<-- GET /wd/hub/session/aaaeb067-a856-4160-a5fd-5d9aab3b8198/window/rect [39m[32m200[39m [90m27 ms - 50[39m
[35m[HTTP][39m [90m[39m
[35m[HTTP][39m [37m-->[39m [37mPOST[39m [37m/wd/hub/session/aaaeb067-a856-4160-a5fd-5d9aab3b8198/elements[39m
[35m[HTTP][39m [90m{"using":"xpath","value":"//*[@resource-id = 'com.vq.mbrochuregp.client.android:id/iv_home_profil_icon' and @package = 'com.vq.mbrochuregp.client.android']"}[39m
[35m[HTTP][39m [37m<-- POST /wd/hub/session/aaaeb067-a856-4160-a5fd-5d9aab3b8198/elements [39m[32m200[39m [90m1968 ms - 139[39m
[35m[HTTP][39m [90m[39m
[35m[HTTP][39m [37m-->[39m [37mGET[39m [37m/wd/hub/session/aaaeb067-a856-4160-a5fd-5d9aab3b8198/element/00000000-0000-0054-ffff-ffff000004db/location[39m
[35m[HTTP][39m [90m{}[39m
[35m[W3C (aaaeb067)][39m Driver proxy active, passing request on via HTTP proxy
[35m[WD Proxy][39m Replacing sessionId 385ff863-d913-4519-89e5-01651a37ae47 with aaaeb067-a856-4160-a5fd-5d9aab3b8198
[35m[HTTP][39m [37m<-- GET /wd/hub/session/aaaeb067-a856-4160-a5fd-5d9aab3b8198/element/00000000-0000-0054-ffff-ffff000004db/location [39m[32m200[39m [90m30 ms - 79[39m
[35m[HTTP][39m [90m[39m
[35m[HTTP][39m [37m-->[39m [37mPOST[39m [37m/wd/hub/session/aaaeb067-a856-4160-a5fd-5d9aab3b8198/element/00000000-0000-0054-ffff-ffff000004db/click[39m
[35m[HTTP][39m [90m{"id":"00000000-0000-0054-ffff-ffff000004db"}[39m
[35m[HTTP][39m [37m<-- POST /wd/hub/session/aaaeb067-a856-4160-a5fd-5d9aab3b8198/element/00000000-0000-0054-ffff-ffff000004db/click [39m[32m200[39m [90m528 ms - 14[39m
[35m[HTTP][39m [90m[39m
[35m[HTTP][39m [37m-->[39m [37mDELETE[39m [37m/wd/hub/session/aaaeb067-a856-4160-a5fd-5d9aab3b8198[39m
[35m[HTTP][39m [90m{}[39m
[35m[Appium][39m Removing session aaaeb067-a856-4160-a5fd-5d9aab3b8198 from our master session list
[35m[UiAutomator2][39m Restoring hidden api policy to the device default configuration
[35m[HTTP][39m [37m<-- DELETE /wd/hub/session/aaaeb067-a856-4160-a5fd-5d9aab3b8198 [39m[32m200[39m [90m688 ms - 14[39m
[35m[HTTP][39m [90m[39m
