[35m[Appium][39m Welcome to Appium v1.22.2
[35m[Appium][39m Non-default server args:
[35m[Appium][39m   port: 55514
[35m[Appium][39m   loglevel: info
[35m[Appium][39m   tmpDir: C:\Users\NIAYUS~1\AppData\Local\Temp\\Katalon\Appium\Temp1656398717875
[35m[Appium][39m   chromedriverPort: 55515
[35m[Appium][39m Deprecated server args:
[35m[Appium][39m   [31m--chromedriver-port[39m => --default-capabilities
[35m[Appium][39m Default capabilities, which will be added to each request unless overridden by desired capabilities:
[35m[Appium][39m   chromedriverPort: 55515
[35m[Appium][39m Appium REST http interface listener started on 0.0.0.0:55514
[35m[HTTP][39m [37m-->[39m [37mGET[39m [37m/wd/hub/status[39m
[35m[HTTP][39m [90m{}[39m
[35m[HTTP][39m [37m<-- GET /wd/hub/status [39m[32m200[39m [90m18 ms - 68[39m
[35m[HTTP][39m [90m[39m
[35m[HTTP][39m [37m-->[39m [37mPOST[39m [37m/wd/hub/session[39m
[35m[HTTP][39m [90m{"desiredCapabilities":{"appActivity":".Settings","appPackage":"com.android.settings","newCommandTimeout":1800,"platformVersion":"11","automationName":"uiautomator2","autoGrantPermissions":true,"platformName":"Android","udid":"RR8N605F11Y","deviceName":"samsung SM-M315F (Android 11)","platform":"ANDROID","systemPort":8294},"capabilities":{"firstMatch":[{"appium:appActivity":".Settings","appium:appPackage":"com.android.settings","appium:autoGrantPermissions":true,"appium:automationName":"uiautomator2","appium:deviceName":"samsung SM-M315F (Android 11)","appium:newCommandTimeout":1800,"platform":"ANDROID","platformName":"android","appium:platformVersion":"11","appium:systemPort":8294,"appium:udid":"RR8N605F11Y"}]}}[39m
[35m[BaseDriver][39m The following capabilities are not standard capabilities and should have an extension prefix:
[35m[BaseDriver][39m   platform
[35m[BaseDriver][39m   chromedriverPort
[35m[Appium][39m Appium v1.22.2 creating new AndroidUiautomator2Driver (v1.70.1) session
[35m[BaseDriver][39m The following capabilities were provided, but are not recognized by Appium:
[35m[BaseDriver][39m   platform
[35m[BaseDriver][39m Session created with session id: 48e7efd8-1d81-4c1f-8ba8-04d5078b5425
[35m[UiAutomator2][39m Starting 'com.android.settings' directly on the device
[35m[ADB][39m Cannot sort build-tools folders ["29.0.3","android-8.1.0"] by semantic version names.
[35m[ADB][39m Falling back to sorting by modification date. Original error: Invalid Version: android-8.1.0
[35m[ADB][39m Found 2 'build-tools' folders under 'C:\Users\Nia Yusniati\.katalon\tools\android_sdk' (newest first):
[35m[ADB][39m     C:/Users/Nia Yusniati/.katalon/tools/android_sdk/build-tools/29.0.3
[35m[ADB][39m     C:/Users/Nia Yusniati/.katalon/tools/android_sdk/build-tools/android-8.1.0
[35m[ADB][39m Using 'adb.exe' from 'C:\Users\Nia Yusniati\.katalon\tools\android_sdk\platform-tools\adb.exe'
[35m[AndroidDriver][39m Retrieving device list
[35m[AndroidDriver][39m Using device: RR8N605F11Y
[35m[ADB][39m Using 'adb.exe' from 'C:\Users\Nia Yusniati\.katalon\tools\android_sdk\platform-tools\adb.exe'
[35m[ADB][39m Getting device platform version
[35m[UiAutomator2][39m Relaxing hidden api policy
[35m[AndroidDriver][39m No app sent in, not parsing package/activity
[35m[ADB][39m Using 'apksigner.jar' from 'C:\Users\Nia Yusniati\.katalon\tools\android_sdk\build-tools\29.0.3\lib\apksigner.jar'
[35m[ADB][39m 'C:\Users\Nia Yusniati\AppData\Roaming\npm\node_modules\appium\node_modules\appium-uiautomator2-server\apks\appium-uiautomator2-server-v4.27.0.apk' is signed with the default certificate
[35m[ADB][39m 'C:\Users\Nia Yusniati\AppData\Roaming\npm\node_modules\appium\node_modules\appium-uiautomator2-server\apks\appium-uiautomator2-server-debug-androidTest.apk' is signed with the default certificate
[35m[UiAutomator2][39m Server packages are not going to be (re)installed
[35m[ADB][39m Adding packages ["io.appium.settings","io.appium.uiautomator2.server","io.appium.uiautomator2.server.test"] to Doze whitelist
[35m[UiAutomator2][39m Starting UIAutomator2 server 4.27.0
[35m[UiAutomator2][39m Using UIAutomator2 server from 'C:\Users\Nia Yusniati\AppData\Roaming\npm\node_modules\appium\node_modules\appium-uiautomator2-server\apks\appium-uiautomator2-server-v4.27.0.apk' and test from 'C:\Users\Nia Yusniati\AppData\Roaming\npm\node_modules\appium\node_modules\appium-uiautomator2-server\apks\appium-uiautomator2-server-debug-androidTest.apk'
[35m[UiAutomator2][39m Waiting up to 30000ms for UiAutomator2 to be online...
[35m[WD Proxy][39m socket hang up
[35m[WD Proxy][39m socket hang up
[35m[WD Proxy][39m socket hang up
[35m[WD Proxy][39m Determined the downstream protocol as 'W3C'
[35m[AndroidDriver][39m Screen already unlocked, doing nothing
[35m[UiAutomator2][39m Starting 'com.android.settings/.Settings and waiting for 'com.android.settings/.Settings'
[35m[Appium][39m New AndroidUiautomator2Driver session created successfully, session 48e7efd8-1d81-4c1f-8ba8-04d5078b5425 added to master session list
[35m[HTTP][39m [37m<-- POST /wd/hub/session [39m[32m200[39m [90m11048 ms - 1158[39m
[35m[HTTP][39m [90m[39m
[35m[HTTP][39m [37m-->[39m [37mGET[39m [37m/wd/hub/session/48e7efd8-1d81-4c1f-8ba8-04d5078b5425[39m
[35m[HTTP][39m [90m{}[39m
[35m[HTTP][39m [37m<-- GET /wd/hub/session/48e7efd8-1d81-4c1f-8ba8-04d5078b5425 [39m[32m200[39m [90m14 ms - 1112[39m
[35m[HTTP][39m [90m[39m
[35m[HTTP][39m [37m-->[39m [37mGET[39m [37m/wd/hub/session/48e7efd8-1d81-4c1f-8ba8-04d5078b5425[39m
[35m[HTTP][39m [90m{}[39m
[35m[HTTP][39m [37m<-- GET /wd/hub/session/48e7efd8-1d81-4c1f-8ba8-04d5078b5425 [39m[32m200[39m [90m11 ms - 1112[39m
[35m[HTTP][39m [90m[39m
[35m[HTTP][39m [37m-->[39m [37mGET[39m [37m/wd/hub/status[39m
[35m[HTTP][39m [90m{}[39m
[35m[HTTP][39m [37m<-- GET /wd/hub/status [39m[32m200[39m [90m1 ms - 68[39m
[35m[HTTP][39m [90m[39m
[35m[HTTP][39m [37m-->[39m [37mPOST[39m [37m/wd/hub/session/48e7efd8-1d81-4c1f-8ba8-04d5078b5425/timeouts[39m
[35m[HTTP][39m [90m{"implicit":30000}[39m
[35m[HTTP][39m [37m<-- POST /wd/hub/session/48e7efd8-1d81-4c1f-8ba8-04d5078b5425/timeouts [39m[32m200[39m [90m5 ms - 14[39m
[35m[HTTP][39m [90m[39m
[35m[HTTP][39m [37m-->[39m [37mGET[39m [37m/wd/hub/session/48e7efd8-1d81-4c1f-8ba8-04d5078b5425/screenshot[39m
[35m[HTTP][39m [90m{}[39m
[35m[HTTP][39m [37m<-- GET /wd/hub/session/48e7efd8-1d81-4c1f-8ba8-04d5078b5425/screenshot [39m[32m200[39m [90m649 ms - 220708[39m
[35m[HTTP][39m [90m[39m
[35m[HTTP][39m [37m-->[39m [37mGET[39m [37m/wd/hub/session/48e7efd8-1d81-4c1f-8ba8-04d5078b5425/window/rect[39m
[35m[HTTP][39m [90m{}[39m
[35m[HTTP][39m [37m<-- GET /wd/hub/session/48e7efd8-1d81-4c1f-8ba8-04d5078b5425/window/rect [39m[32m200[39m [90m38 ms - 50[39m
[35m[HTTP][39m [90m[39m
[35m[HTTP][39m [37m-->[39m [37mGET[39m [37m/wd/hub/session/48e7efd8-1d81-4c1f-8ba8-04d5078b5425/appium/device/system_bars[39m
[35m[HTTP][39m [90m{}[39m
[35m[HTTP][39m [37m<-- GET /wd/hub/session/48e7efd8-1d81-4c1f-8ba8-04d5078b5425/appium/device/system_bars [39m[32m200[39m [90m138 ms - 148[39m
[35m[HTTP][39m [90m[39m
[35m[HTTP][39m [37m-->[39m [37mPOST[39m [37m/wd/hub/session/48e7efd8-1d81-4c1f-8ba8-04d5078b5425/appium/device/activate_app[39m
[35m[HTTP][39m [90m{"bundleId":"com.vq.mbrochuregp.client.android"}[39m
[35m[HTTP][39m [37m<-- POST /wd/hub/session/48e7efd8-1d81-4c1f-8ba8-04d5078b5425/appium/device/activate_app [39m[32m200[39m [90m636 ms - 14[39m
[35m[HTTP][39m [90m[39m
[35m[HTTP][39m [37m-->[39m [37mGET[39m [37m/wd/hub/session/48e7efd8-1d81-4c1f-8ba8-04d5078b5425/window/rect[39m
[35m[HTTP][39m [90m{}[39m
[35m[HTTP][39m [37m<-- GET /wd/hub/session/48e7efd8-1d81-4c1f-8ba8-04d5078b5425/window/rect [39m[32m200[39m [90m54 ms - 50[39m
[35m[HTTP][39m [90m[39m
[35m[HTTP][39m [37m-->[39m [37mPOST[39m [37m/wd/hub/session/48e7efd8-1d81-4c1f-8ba8-04d5078b5425/elements[39m
[35m[HTTP][39m [90m{"using":"xpath","value":"//*[@resource-id = 'com.vq.mbrochuregp.client.android:id/iv_home_profil_icon' and @package = 'com.vq.mbrochuregp.client.android']"}[39m
[35m[HTTP][39m [37m<-- POST /wd/hub/session/48e7efd8-1d81-4c1f-8ba8-04d5078b5425/elements [39m[32m200[39m [90m1480 ms - 139[39m
[35m[HTTP][39m [90m[39m
[35m[HTTP][39m [37m-->[39m [37mGET[39m [37m/wd/hub/session/48e7efd8-1d81-4c1f-8ba8-04d5078b5425/element/00000000-0000-072f-ffff-ffff000019cf/location[39m
[35m[HTTP][39m [90m{}[39m
[35m[W3C (48e7efd8)][39m Driver proxy active, passing request on via HTTP proxy
[35m[WD Proxy][39m Replacing sessionId 54a95bec-3d67-483b-a3d7-89c00c60ce9e with 48e7efd8-1d81-4c1f-8ba8-04d5078b5425
[35m[HTTP][39m [37m<-- GET /wd/hub/session/48e7efd8-1d81-4c1f-8ba8-04d5078b5425/element/00000000-0000-072f-ffff-ffff000019cf/location [39m[32m200[39m [90m49 ms - 79[39m
[35m[HTTP][39m [90m[39m
[35m[HTTP][39m [37m-->[39m [37mPOST[39m [37m/wd/hub/session/48e7efd8-1d81-4c1f-8ba8-04d5078b5425/element/00000000-0000-072f-ffff-ffff000019cf/click[39m
[35m[HTTP][39m [90m{"id":"00000000-0000-072f-ffff-ffff000019cf"}[39m
[35m[HTTP][39m [37m<-- POST /wd/hub/session/48e7efd8-1d81-4c1f-8ba8-04d5078b5425/element/00000000-0000-072f-ffff-ffff000019cf/click [39m[32m200[39m [90m87 ms - 14[39m
[35m[HTTP][39m [90m[39m
[35m[HTTP][39m [37m-->[39m [37mPOST[39m [37m/wd/hub/session/48e7efd8-1d81-4c1f-8ba8-04d5078b5425/timeouts[39m
[35m[HTTP][39m [90m{"implicit":50}[39m
[35m[HTTP][39m [37m<-- POST /wd/hub/session/48e7efd8-1d81-4c1f-8ba8-04d5078b5425/timeouts [39m[32m200[39m [90m2 ms - 14[39m
[35m[HTTP][39m [90m[39m
[35m[HTTP][39m [37m-->[39m [37mGET[39m [37m/wd/hub/session/48e7efd8-1d81-4c1f-8ba8-04d5078b5425/window/rect[39m
[35m[HTTP][39m [90m{}[39m
[35m[HTTP][39m [37m<-- GET /wd/hub/session/48e7efd8-1d81-4c1f-8ba8-04d5078b5425/window/rect [39m[32m200[39m [90m31 ms - 50[39m
[35m[HTTP][39m [90m[39m
[35m[HTTP][39m [37m-->[39m [37mPOST[39m [37m/wd/hub/session/48e7efd8-1d81-4c1f-8ba8-04d5078b5425/elements[39m
[35m[HTTP][39m [90m{"using":"xpath","value":"//hierarchy/android.widget.FrameLayout[1]/android.widget.LinearLayout[1]/android.widget.FrameLayout[1]/android.widget.LinearLayout[1]/android.widget.FrameLayout[1]/android.view.ViewGroup[1]/android.widget.ScrollView[1]/android.widget.LinearLayout[1]/android.view.ViewGroup[1]/android.widget.LinearLayout[1]/android.widget.FrameLayout[1]/android.widget.EditText[1]"}[39m
[35m[HTTP][39m [37m<-- POST /wd/hub/session/48e7efd8-1d81-4c1f-8ba8-04d5078b5425/elements [39m[32m200[39m [90m228 ms - 139[39m
[35m[HTTP][39m [90m[39m
[35m[HTTP][39m [37m-->[39m [37mGET[39m [37m/wd/hub/session/48e7efd8-1d81-4c1f-8ba8-04d5078b5425/element/00000000-0000-073a-ffff-ffff000019ff/location[39m
[35m[HTTP][39m [90m{}[39m
[35m[W3C (48e7efd8)][39m Driver proxy active, passing request on via HTTP proxy
[35m[WD Proxy][39m Replacing sessionId 54a95bec-3d67-483b-a3d7-89c00c60ce9e with 48e7efd8-1d81-4c1f-8ba8-04d5078b5425
[35m[HTTP][39m [37m<-- GET /wd/hub/session/48e7efd8-1d81-4c1f-8ba8-04d5078b5425/element/00000000-0000-073a-ffff-ffff000019ff/location [39m[32m200[39m [90m40 ms - 77[39m
[35m[HTTP][39m [90m[39m
[35m[HTTP][39m [37m-->[39m [37mPOST[39m [37m/wd/hub/session/48e7efd8-1d81-4c1f-8ba8-04d5078b5425/timeouts[39m
[35m[HTTP][39m [90m{"implicit":30000}[39m
[35m[HTTP][39m [37m<-- POST /wd/hub/session/48e7efd8-1d81-4c1f-8ba8-04d5078b5425/timeouts [39m[32m200[39m [90m1 ms - 14[39m
[35m[HTTP][39m [90m[39m
[35m[HTTP][39m [37m-->[39m [37mPOST[39m [37m/wd/hub/session/48e7efd8-1d81-4c1f-8ba8-04d5078b5425/element/00000000-0000-073a-ffff-ffff000019ff/clear[39m
[35m[HTTP][39m [90m{"id":"00000000-0000-073a-ffff-ffff000019ff"}[39m
[35m[HTTP][39m [37m<-- POST /wd/hub/session/48e7efd8-1d81-4c1f-8ba8-04d5078b5425/element/00000000-0000-073a-ffff-ffff000019ff/clear [39m[32m200[39m [90m73 ms - 14[39m
[35m[HTTP][39m [90m[39m
[35m[HTTP][39m [37m-->[39m [37mPOST[39m [37m/wd/hub/session/48e7efd8-1d81-4c1f-8ba8-04d5078b5425/element/00000000-0000-073a-ffff-ffff000019ff/value[39m
[35m[HTTP][39m [90m{"id":"00000000-0000-073a-ffff-ffff000019ff","text":"triovita@mailinator.com","value":["t","r","i","o","v","i","t","a","@","m","a","i","l","i","n","a","t","o","r",".","c","o","m"]}[39m
[35m[HTTP][39m [37m<-- POST /wd/hub/session/48e7efd8-1d81-4c1f-8ba8-04d5078b5425/element/00000000-0000-073a-ffff-ffff000019ff/value [39m[32m200[39m [90m601 ms - 14[39m
[35m[HTTP][39m [90m[39m
[35m[HTTP][39m [37m-->[39m [37mPOST[39m [37m/wd/hub/session/48e7efd8-1d81-4c1f-8ba8-04d5078b5425/timeouts[39m
[35m[HTTP][39m [90m{"implicit":50}[39m
[35m[HTTP][39m [37m<-- POST /wd/hub/session/48e7efd8-1d81-4c1f-8ba8-04d5078b5425/timeouts [39m[32m200[39m [90m1 ms - 14[39m
[35m[HTTP][39m [90m[39m
[35m[HTTP][39m [37m-->[39m [37mGET[39m [37m/wd/hub/session/48e7efd8-1d81-4c1f-8ba8-04d5078b5425/window/rect[39m
[35m[HTTP][39m [90m{}[39m
[35m[HTTP][39m [37m<-- GET /wd/hub/session/48e7efd8-1d81-4c1f-8ba8-04d5078b5425/window/rect [39m[32m200[39m [90m46 ms - 50[39m
[35m[HTTP][39m [90m[39m
[35m[HTTP][39m [37m-->[39m [37mPOST[39m [37m/wd/hub/session/48e7efd8-1d81-4c1f-8ba8-04d5078b5425/elements[39m
[35m[HTTP][39m [90m{"using":"xpath","value":"//hierarchy/android.widget.FrameLayout[1]/android.widget.LinearLayout[1]/android.widget.FrameLayout[1]/android.widget.LinearLayout[1]/android.widget.FrameLayout[1]/android.view.ViewGroup[1]/android.widget.ScrollView[1]/android.widget.LinearLayout[1]/android.view.ViewGroup[1]/android.widget.LinearLayout[2]/android.widget.FrameLayout[1]/android.widget.EditText[1]"}[39m
[35m[HTTP][39m [37m<-- POST /wd/hub/session/48e7efd8-1d81-4c1f-8ba8-04d5078b5425/elements [39m[32m200[39m [90m247 ms - 139[39m
[35m[HTTP][39m [90m[39m
[35m[HTTP][39m [37m-->[39m [37mGET[39m [37m/wd/hub/session/48e7efd8-1d81-4c1f-8ba8-04d5078b5425/element/00000000-0000-073a-ffff-ffff00001a03/location[39m
[35m[HTTP][39m [90m{}[39m
[35m[W3C (48e7efd8)][39m Driver proxy active, passing request on via HTTP proxy
[35m[WD Proxy][39m Replacing sessionId 54a95bec-3d67-483b-a3d7-89c00c60ce9e with 48e7efd8-1d81-4c1f-8ba8-04d5078b5425
[35m[HTTP][39m [37m<-- GET /wd/hub/session/48e7efd8-1d81-4c1f-8ba8-04d5078b5425/element/00000000-0000-073a-ffff-ffff00001a03/location [39m[32m200[39m [90m46 ms - 78[39m
[35m[HTTP][39m [90m[39m
[35m[HTTP][39m [37m-->[39m [37mPOST[39m [37m/wd/hub/session/48e7efd8-1d81-4c1f-8ba8-04d5078b5425/timeouts[39m
[35m[HTTP][39m [90m{"implicit":30000}[39m
[35m[HTTP][39m [37m<-- POST /wd/hub/session/48e7efd8-1d81-4c1f-8ba8-04d5078b5425/timeouts [39m[32m200[39m [90m3 ms - 14[39m
[35m[HTTP][39m [90m[39m
[35m[HTTP][39m [37m-->[39m [37mPOST[39m [37m/wd/hub/session/48e7efd8-1d81-4c1f-8ba8-04d5078b5425/element/00000000-0000-073a-ffff-ffff00001a03/clear[39m
[35m[HTTP][39m [90m{"id":"00000000-0000-073a-ffff-ffff00001a03"}[39m
[35m[HTTP][39m [37m<-- POST /wd/hub/session/48e7efd8-1d81-4c1f-8ba8-04d5078b5425/element/00000000-0000-073a-ffff-ffff00001a03/clear [39m[32m200[39m [90m65 ms - 14[39m
[35m[HTTP][39m [90m[39m
[35m[HTTP][39m [37m-->[39m [37mPOST[39m [37m/wd/hub/session/48e7efd8-1d81-4c1f-8ba8-04d5078b5425/element/00000000-0000-073a-ffff-ffff00001a03/value[39m
[35m[HTTP][39m [90m{"id":"00000000-0000-073a-ffff-ffff00001a03","text":"123abc","value":["1","2","3","a","b","c"]}[39m
[35m[HTTP][39m [37m<-- POST /wd/hub/session/48e7efd8-1d81-4c1f-8ba8-04d5078b5425/element/00000000-0000-073a-ffff-ffff00001a03/value [39m[32m200[39m [90m1066 ms - 14[39m
[35m[HTTP][39m [90m[39m
[35m[HTTP][39m [37m-->[39m [37mGET[39m [37m/wd/hub/session/48e7efd8-1d81-4c1f-8ba8-04d5078b5425/context[39m
[35m[HTTP][39m [90m{}[39m
[35m[HTTP][39m [37m<-- GET /wd/hub/session/48e7efd8-1d81-4c1f-8ba8-04d5078b5425/context [39m[32m200[39m [90m5 ms - 22[39m
[35m[HTTP][39m [90m[39m
[35m[HTTP][39m [37m-->[39m [37mGET[39m [37m/wd/hub/session/48e7efd8-1d81-4c1f-8ba8-04d5078b5425/contexts[39m
[35m[HTTP][39m [90m{}[39m
[35m[HTTP][39m [37m<-- GET /wd/hub/session/48e7efd8-1d81-4c1f-8ba8-04d5078b5425/contexts [39m[32m200[39m [90m151 ms - 24[39m
[35m[HTTP][39m [90m[39m
[35m[HTTP][39m [37m-->[39m [37mPOST[39m [37m/wd/hub/session/48e7efd8-1d81-4c1f-8ba8-04d5078b5425/context[39m
[35m[HTTP][39m [90m{"name":"NATIVE_APP"}[39m
[35m[HTTP][39m [37m<-- POST /wd/hub/session/48e7efd8-1d81-4c1f-8ba8-04d5078b5425/context [39m[32m200[39m [90m1 ms - 14[39m
[35m[HTTP][39m [90m[39m
[35m[HTTP][39m [37m-->[39m [37mGET[39m [37m/wd/hub/session/48e7efd8-1d81-4c1f-8ba8-04d5078b5425/window/rect[39m
[35m[HTTP][39m [90m{}[39m
[35m[HTTP][39m [37m<-- GET /wd/hub/session/48e7efd8-1d81-4c1f-8ba8-04d5078b5425/window/rect [39m[32m200[39m [90m52 ms - 50[39m
[35m[HTTP][39m [90m[39m
[35m[HTTP][39m [37m-->[39m [37mPOST[39m [37m/wd/hub/session/48e7efd8-1d81-4c1f-8ba8-04d5078b5425/execute/sync[39m
[35m[HTTP][39m [90m{"script":"mobile: viewportScreenshot","args":[]}[39m
[35m[AndroidDriver][39m Executing native command 'mobile: viewportScreenshot'
[35m[HTTP][39m [37m<-- POST /wd/hub/session/48e7efd8-1d81-4c1f-8ba8-04d5078b5425/execute/sync [39m[32m200[39m [90m1644 ms - 155388[39m
[35m[HTTP][39m [90m[39m
[35m[HTTP][39m [37m-->[39m [37mPOST[39m [37m/wd/hub/session/48e7efd8-1d81-4c1f-8ba8-04d5078b5425/context[39m
[35m[HTTP][39m [90m{"name":"NATIVE_APP"}[39m
[35m[HTTP][39m [37m<-- POST /wd/hub/session/48e7efd8-1d81-4c1f-8ba8-04d5078b5425/context [39m[32m200[39m [90m1 ms - 14[39m
[35m[HTTP][39m [90m[39m
[35m[HTTP][39m [37m-->[39m [37mPOST[39m [37m/wd/hub/session/48e7efd8-1d81-4c1f-8ba8-04d5078b5425/timeouts[39m
[35m[HTTP][39m [90m{"implicit":50}[39m
[35m[HTTP][39m [37m<-- POST /wd/hub/session/48e7efd8-1d81-4c1f-8ba8-04d5078b5425/timeouts [39m[32m200[39m [90m2 ms - 14[39m
[35m[HTTP][39m [90m[39m
[35m[HTTP][39m [37m-->[39m [37mGET[39m [37m/wd/hub/session/48e7efd8-1d81-4c1f-8ba8-04d5078b5425/window/rect[39m
[35m[HTTP][39m [90m{}[39m
[35m[HTTP][39m [37m<-- GET /wd/hub/session/48e7efd8-1d81-4c1f-8ba8-04d5078b5425/window/rect [39m[32m200[39m [90m58 ms - 50[39m
[35m[HTTP][39m [90m[39m
[35m[HTTP][39m [37m-->[39m [37mPOST[39m [37m/wd/hub/session/48e7efd8-1d81-4c1f-8ba8-04d5078b5425/elements[39m
[35m[HTTP][39m [90m{"using":"xpath","value":"//hierarchy/android.widget.FrameLayout[1]/android.widget.LinearLayout[1]/android.widget.FrameLayout[1]/android.widget.LinearLayout[1]/android.widget.FrameLayout[1]/android.view.ViewGroup[1]/android.widget.ScrollView[1]/android.widget.LinearLayout[1]/android.view.ViewGroup[1]/android.widget.Button[1]"}[39m
[35m[HTTP][39m [37m<-- POST /wd/hub/session/48e7efd8-1d81-4c1f-8ba8-04d5078b5425/elements [39m[32m200[39m [90m278 ms - 139[39m
[35m[HTTP][39m [90m[39m
[35m[HTTP][39m [37m-->[39m [37mGET[39m [37m/wd/hub/session/48e7efd8-1d81-4c1f-8ba8-04d5078b5425/element/00000000-0000-073a-ffff-ffff00001a06/location[39m
[35m[HTTP][39m [90m{}[39m
[35m[W3C (48e7efd8)][39m Driver proxy active, passing request on via HTTP proxy
[35m[WD Proxy][39m Replacing sessionId 54a95bec-3d67-483b-a3d7-89c00c60ce9e with 48e7efd8-1d81-4c1f-8ba8-04d5078b5425
[35m[HTTP][39m [37m<-- GET /wd/hub/session/48e7efd8-1d81-4c1f-8ba8-04d5078b5425/element/00000000-0000-073a-ffff-ffff00001a06/location [39m[32m200[39m [90m37 ms - 78[39m
[35m[HTTP][39m [90m[39m
[35m[HTTP][39m [37m-->[39m [37mPOST[39m [37m/wd/hub/session/48e7efd8-1d81-4c1f-8ba8-04d5078b5425/timeouts[39m
[35m[HTTP][39m [90m{"implicit":30000}[39m
[35m[HTTP][39m [37m<-- POST /wd/hub/session/48e7efd8-1d81-4c1f-8ba8-04d5078b5425/timeouts [39m[32m200[39m [90m1 ms - 14[39m
[35m[HTTP][39m [90m[39m
[35m[HTTP][39m [37m-->[39m [37mPOST[39m [37m/wd/hub/session/48e7efd8-1d81-4c1f-8ba8-04d5078b5425/touch/perform[39m
[35m[HTTP][39m [90m{"actions":[{"action":"tap","options":{"x":1,"y":1,"element":"00000000-0000-073a-ffff-ffff00001a06"}},{"action":"release","options":{}}]}[39m
[35m[UiAutomator2][39m calling get location: 00000000-0000-073a-ffff-ffff00001a06
[35m[HTTP][39m [37m<-- POST /wd/hub/session/48e7efd8-1d81-4c1f-8ba8-04d5078b5425/touch/perform [39m[32m200[39m [90m290 ms - 14[39m
[35m[HTTP][39m [90m[39m
[35m[HTTP][39m [37m-->[39m [37mGET[39m [37m/wd/hub/session/48e7efd8-1d81-4c1f-8ba8-04d5078b5425/window/rect[39m
[35m[HTTP][39m [90m{}[39m
[35m[HTTP][39m [37m<-- GET /wd/hub/session/48e7efd8-1d81-4c1f-8ba8-04d5078b5425/window/rect [39m[32m200[39m [90m27 ms - 50[39m
[35m[HTTP][39m [90m[39m
[35m[HTTP][39m [37m-->[39m [37mPOST[39m [37m/wd/hub/session/48e7efd8-1d81-4c1f-8ba8-04d5078b5425/elements[39m
[35m[HTTP][39m [90m{"using":"xpath","value":"//*[@resource-id = 'com.vq.mbrochuregp.client.android:id/iv_home_profil_icon' and @package = 'com.vq.mbrochuregp.client.android']"}[39m
[35m[HTTP][39m [37m<-- POST /wd/hub/session/48e7efd8-1d81-4c1f-8ba8-04d5078b5425/elements [39m[32m200[39m [90m4186 ms - 139[39m
[35m[HTTP][39m [90m[39m
[35m[HTTP][39m [37m-->[39m [37mGET[39m [37m/wd/hub/session/48e7efd8-1d81-4c1f-8ba8-04d5078b5425/element/00000000-0000-073c-ffff-ffff00001a56/location[39m
[35m[HTTP][39m [90m{}[39m
[35m[W3C (48e7efd8)][39m Driver proxy active, passing request on via HTTP proxy
[35m[WD Proxy][39m Replacing sessionId 54a95bec-3d67-483b-a3d7-89c00c60ce9e with 48e7efd8-1d81-4c1f-8ba8-04d5078b5425
[35m[HTTP][39m [37m<-- GET /wd/hub/session/48e7efd8-1d81-4c1f-8ba8-04d5078b5425/element/00000000-0000-073c-ffff-ffff00001a56/location [39m[32m200[39m [90m49 ms - 79[39m
[35m[HTTP][39m [90m[39m
[35m[HTTP][39m [37m-->[39m [37mPOST[39m [37m/wd/hub/session/48e7efd8-1d81-4c1f-8ba8-04d5078b5425/element/00000000-0000-073c-ffff-ffff00001a56/click[39m
[35m[HTTP][39m [90m{"id":"00000000-0000-073c-ffff-ffff00001a56"}[39m
[35m[HTTP][39m [37m<-- POST /wd/hub/session/48e7efd8-1d81-4c1f-8ba8-04d5078b5425/element/00000000-0000-073c-ffff-ffff00001a56/click [39m[32m200[39m [90m91 ms - 14[39m
[35m[HTTP][39m [90m[39m
[35m[HTTP][39m [37m-->[39m [37mGET[39m [37m/wd/hub/session/48e7efd8-1d81-4c1f-8ba8-04d5078b5425/context[39m
[35m[HTTP][39m [90m{}[39m
[35m[HTTP][39m [37m<-- GET /wd/hub/session/48e7efd8-1d81-4c1f-8ba8-04d5078b5425/context [39m[32m200[39m [90m2 ms - 22[39m
[35m[HTTP][39m [90m[39m
[35m[HTTP][39m [37m-->[39m [37mGET[39m [37m/wd/hub/session/48e7efd8-1d81-4c1f-8ba8-04d5078b5425/contexts[39m
[35m[HTTP][39m [90m{}[39m
[35m[HTTP][39m [37m<-- GET /wd/hub/session/48e7efd8-1d81-4c1f-8ba8-04d5078b5425/contexts [39m[32m200[39m [90m93 ms - 24[39m
[35m[HTTP][39m [90m[39m
[35m[HTTP][39m [37m-->[39m [37mPOST[39m [37m/wd/hub/session/48e7efd8-1d81-4c1f-8ba8-04d5078b5425/context[39m
[35m[HTTP][39m [90m{"name":"NATIVE_APP"}[39m
[35m[HTTP][39m [37m<-- POST /wd/hub/session/48e7efd8-1d81-4c1f-8ba8-04d5078b5425/context [39m[32m200[39m [90m2 ms - 14[39m
[35m[HTTP][39m [90m[39m
[35m[HTTP][39m [37m-->[39m [37mGET[39m [37m/wd/hub/session/48e7efd8-1d81-4c1f-8ba8-04d5078b5425/window/rect[39m
[35m[HTTP][39m [90m{}[39m
[35m[HTTP][39m [37m<-- GET /wd/hub/session/48e7efd8-1d81-4c1f-8ba8-04d5078b5425/window/rect [39m[32m200[39m [90m42 ms - 50[39m
[35m[HTTP][39m [90m[39m
[35m[HTTP][39m [37m-->[39m [37mPOST[39m [37m/wd/hub/session/48e7efd8-1d81-4c1f-8ba8-04d5078b5425/execute/sync[39m
[35m[HTTP][39m [90m{"script":"mobile: viewportScreenshot","args":[]}[39m
[35m[AndroidDriver][39m Executing native command 'mobile: viewportScreenshot'
[35m[HTTP][39m [37m<-- POST /wd/hub/session/48e7efd8-1d81-4c1f-8ba8-04d5078b5425/execute/sync [39m[32m200[39m [90m1354 ms - 265616[39m
[35m[HTTP][39m [90m[39m
[35m[HTTP][39m [37m-->[39m [37mPOST[39m [37m/wd/hub/session/48e7efd8-1d81-4c1f-8ba8-04d5078b5425/context[39m
[35m[HTTP][39m [90m{"name":"NATIVE_APP"}[39m
[35m[HTTP][39m [37m<-- POST /wd/hub/session/48e7efd8-1d81-4c1f-8ba8-04d5078b5425/context [39m[32m200[39m [90m1 ms - 14[39m
[35m[HTTP][39m [90m[39m
[35m[HTTP][39m [37m-->[39m [37mGET[39m [37m/wd/hub/session/48e7efd8-1d81-4c1f-8ba8-04d5078b5425/window/rect[39m
[35m[HTTP][39m [90m{}[39m
[35m[HTTP][39m [37m<-- GET /wd/hub/session/48e7efd8-1d81-4c1f-8ba8-04d5078b5425/window/rect [39m[32m200[39m [90m48 ms - 50[39m
[35m[HTTP][39m [90m[39m
[35m[HTTP][39m [37m-->[39m [37mPOST[39m [37m/wd/hub/session/48e7efd8-1d81-4c1f-8ba8-04d5078b5425/elements[39m
[35m[HTTP][39m [90m{"using":"xpath","value":"//*[@class = 'android.widget.ImageView' and @resource-id = 'com.vq.mbrochuregp.client.android:id/iv_home_icon' and (@text = '' or . = '')]"}[39m
[35m[HTTP][39m [37m<-- POST /wd/hub/session/48e7efd8-1d81-4c1f-8ba8-04d5078b5425/elements [39m[32m200[39m [90m428 ms - 139[39m
[35m[HTTP][39m [90m[39m
[35m[HTTP][39m [37m-->[39m [37mGET[39m [37m/wd/hub/session/48e7efd8-1d81-4c1f-8ba8-04d5078b5425/element/00000000-0000-073e-ffff-ffff00001a9e/location[39m
[35m[HTTP][39m [90m{}[39m
[35m[W3C (48e7efd8)][39m Driver proxy active, passing request on via HTTP proxy
[35m[WD Proxy][39m Replacing sessionId 54a95bec-3d67-483b-a3d7-89c00c60ce9e with 48e7efd8-1d81-4c1f-8ba8-04d5078b5425
[35m[HTTP][39m [37m<-- GET /wd/hub/session/48e7efd8-1d81-4c1f-8ba8-04d5078b5425/element/00000000-0000-073e-ffff-ffff00001a9e/location [39m[32m200[39m [90m38 ms - 78[39m
[35m[HTTP][39m [90m[39m
[35m[HTTP][39m [37m-->[39m [37mPOST[39m [37m/wd/hub/session/48e7efd8-1d81-4c1f-8ba8-04d5078b5425/element/00000000-0000-073e-ffff-ffff00001a9e/click[39m
[35m[HTTP][39m [90m{"id":"00000000-0000-073e-ffff-ffff00001a9e"}[39m
[35m[HTTP][39m [37m<-- POST /wd/hub/session/48e7efd8-1d81-4c1f-8ba8-04d5078b5425/element/00000000-0000-073e-ffff-ffff00001a9e/click [39m[32m200[39m [90m85 ms - 14[39m
[35m[HTTP][39m [90m[39m
[35m[HTTP][39m [37m-->[39m [37mGET[39m [37m/wd/hub/status[39m
[35m[HTTP][39m [90m{}[39m
[35m[HTTP][39m [37m<-- GET /wd/hub/status [39m[32m200[39m [90m1 ms - 68[39m
[35m[HTTP][39m [90m[39m
[35m[HTTP][39m [37m-->[39m [37mPOST[39m [37m/wd/hub/session[39m
[35m[HTTP][39m [90m{"desiredCapabilities":{"appActivity":".Settings","appPackage":"com.android.settings","newCommandTimeout":1800,"platformVersion":"11","automationName":"uiautomator2","autoGrantPermissions":true,"platformName":"Android","udid":"RR8N605F11Y","deviceName":"samsung SM-M315F (Android 11)","platform":"ANDROID","systemPort":8269},"capabilities":{"firstMatch":[{"appium:appActivity":".Settings","appium:appPackage":"com.android.settings","appium:autoGrantPermissions":true,"appium:automationName":"uiautomator2","appium:deviceName":"samsung SM-M315F (Android 11)","appium:newCommandTimeout":1800,"platform":"ANDROID","platformName":"android","appium:platformVersion":"11","appium:systemPort":8269,"appium:udid":"RR8N605F11Y"}]}}[39m
[35m[BaseDriver][39m The following capabilities are not standard capabilities and should have an extension prefix:
[35m[BaseDriver][39m   platform
[35m[BaseDriver][39m   chromedriverPort
[35m[Appium][39m Appium v1.22.2 creating new AndroidUiautomator2Driver (v1.70.1) session
[35m[BaseDriver][39m The following capabilities were provided, but are not recognized by Appium:
[35m[BaseDriver][39m   platform
[35m[BaseDriver][39m Session created with session id: a0bb13a4-72f7-42f7-bb18-8d9a625c9c61
[35m[UiAutomator2][39m Starting 'com.android.settings' directly on the device
[35m[ADB][39m Using 'adb.exe' from 'C:\Users\Nia Yusniati\.katalon\tools\android_sdk\platform-tools\adb.exe'
[35m[AndroidDriver][39m Retrieving device list
[35m[AndroidDriver][39m Using device: RR8N605F11Y
[35m[ADB][39m Using 'adb.exe' from 'C:\Users\Nia Yusniati\.katalon\tools\android_sdk\platform-tools\adb.exe'
[35m[ADB][39m Getting device platform version
[35m[UiAutomator2][39m Relaxing hidden api policy
[35m[AndroidDriver][39m No app sent in, not parsing package/activity
[35m[UiAutomator2][39m Server packages are not going to be (re)installed
[35m[ADB][39m Adding packages ["io.appium.settings","io.appium.uiautomator2.server","io.appium.uiautomator2.server.test"] to Doze whitelist
[35m[UiAutomator2][39m Starting UIAutomator2 server 4.27.0
[35m[UiAutomator2][39m Using UIAutomator2 server from 'C:\Users\Nia Yusniati\AppData\Roaming\npm\node_modules\appium\node_modules\appium-uiautomator2-server\apks\appium-uiautomator2-server-v4.27.0.apk' and test from 'C:\Users\Nia Yusniati\AppData\Roaming\npm\node_modules\appium\node_modules\appium-uiautomator2-server\apks\appium-uiautomator2-server-debug-androidTest.apk'
[35m[UiAutomator2][39m Waiting up to 30000ms for UiAutomator2 to be online...
[35m[WD Proxy][39m socket hang up
[35m[WD Proxy][39m socket hang up
[35m[WD Proxy][39m socket hang up
[35m[WD Proxy][39m Determined the downstream protocol as 'W3C'
[35m[AndroidDriver][39m Screen already unlocked, doing nothing
[35m[UiAutomator2][39m Starting 'com.android.settings/.Settings and waiting for 'com.android.settings/.Settings'
[35m[Appium][39m New AndroidUiautomator2Driver session created successfully, session a0bb13a4-72f7-42f7-bb18-8d9a625c9c61 added to master session list
[35m[HTTP][39m [37m<-- POST /wd/hub/session [39m[32m200[39m [90m9548 ms - 1158[39m
[35m[HTTP][39m [90m[39m
[35m[HTTP][39m [37m-->[39m [37mGET[39m [37m/wd/hub/session/a0bb13a4-72f7-42f7-bb18-8d9a625c9c61[39m
[35m[HTTP][39m [90m{}[39m
[35m[HTTP][39m [37m<-- GET /wd/hub/session/a0bb13a4-72f7-42f7-bb18-8d9a625c9c61 [39m[32m200[39m [90m21 ms - 1112[39m
[35m[HTTP][39m [90m[39m
[35m[HTTP][39m [37m-->[39m [37mGET[39m [37m/wd/hub/session/a0bb13a4-72f7-42f7-bb18-8d9a625c9c61[39m
[35m[HTTP][39m [90m{}[39m
[35m[HTTP][39m [37m<-- GET /wd/hub/session/a0bb13a4-72f7-42f7-bb18-8d9a625c9c61 [39m[32m200[39m [90m11 ms - 1112[39m
[35m[HTTP][39m [90m[39m
[35m[HTTP][39m [37m-->[39m [37mGET[39m [37m/wd/hub/status[39m
[35m[HTTP][39m [90m{}[39m
[35m[HTTP][39m [37m<-- GET /wd/hub/status [39m[32m200[39m [90m1 ms - 68[39m
[35m[HTTP][39m [90m[39m
[35m[HTTP][39m [37m-->[39m [37mPOST[39m [37m/wd/hub/session/a0bb13a4-72f7-42f7-bb18-8d9a625c9c61/timeouts[39m
[35m[HTTP][39m [90m{"implicit":30000}[39m
[35m[HTTP][39m [37m<-- POST /wd/hub/session/a0bb13a4-72f7-42f7-bb18-8d9a625c9c61/timeouts [39m[32m200[39m [90m2 ms - 14[39m
[35m[HTTP][39m [90m[39m
[35m[HTTP][39m [37m-->[39m [37mGET[39m [37m/wd/hub/session/a0bb13a4-72f7-42f7-bb18-8d9a625c9c61/screenshot[39m
[35m[HTTP][39m [90m{}[39m
[35m[HTTP][39m [37m<-- GET /wd/hub/session/a0bb13a4-72f7-42f7-bb18-8d9a625c9c61/screenshot [39m[32m200[39m [90m554 ms - 227214[39m
[35m[HTTP][39m [90m[39m
[35m[HTTP][39m [37m-->[39m [37mGET[39m [37m/wd/hub/session/a0bb13a4-72f7-42f7-bb18-8d9a625c9c61/window/rect[39m
[35m[HTTP][39m [90m{}[39m
[35m[HTTP][39m [37m<-- GET /wd/hub/session/a0bb13a4-72f7-42f7-bb18-8d9a625c9c61/window/rect [39m[32m200[39m [90m15 ms - 50[39m
[35m[HTTP][39m [90m[39m
[35m[HTTP][39m [37m-->[39m [37mGET[39m [37m/wd/hub/session/a0bb13a4-72f7-42f7-bb18-8d9a625c9c61/appium/device/system_bars[39m
[35m[HTTP][39m [90m{}[39m
[35m[HTTP][39m [37m<-- GET /wd/hub/session/a0bb13a4-72f7-42f7-bb18-8d9a625c9c61/appium/device/system_bars [39m[32m200[39m [90m121 ms - 148[39m
[35m[HTTP][39m [90m[39m
[35m[HTTP][39m [37m-->[39m [37mPOST[39m [37m/wd/hub/session/a0bb13a4-72f7-42f7-bb18-8d9a625c9c61/appium/device/activate_app[39m
[35m[HTTP][39m [90m{"bundleId":"com.vq.mbrochuregp.client.android"}[39m
[35m[HTTP][39m [37m<-- POST /wd/hub/session/a0bb13a4-72f7-42f7-bb18-8d9a625c9c61/appium/device/activate_app [39m[32m200[39m [90m535 ms - 14[39m
[35m[HTTP][39m [90m[39m
[35m[HTTP][39m [37m-->[39m [37mGET[39m [37m/wd/hub/session/a0bb13a4-72f7-42f7-bb18-8d9a625c9c61/context[39m
[35m[HTTP][39m [90m{}[39m
[35m[HTTP][39m [37m<-- GET /wd/hub/session/a0bb13a4-72f7-42f7-bb18-8d9a625c9c61/context [39m[32m200[39m [90m4 ms - 22[39m
[35m[HTTP][39m [90m[39m
[35m[HTTP][39m [37m-->[39m [37mGET[39m [37m/wd/hub/session/a0bb13a4-72f7-42f7-bb18-8d9a625c9c61/contexts[39m
[35m[HTTP][39m [90m{}[39m
[35m[HTTP][39m [37m<-- GET /wd/hub/session/a0bb13a4-72f7-42f7-bb18-8d9a625c9c61/contexts [39m[32m200[39m [90m137 ms - 24[39m
[35m[HTTP][39m [90m[39m
[35m[HTTP][39m [37m-->[39m [37mPOST[39m [37m/wd/hub/session/a0bb13a4-72f7-42f7-bb18-8d9a625c9c61/context[39m
[35m[HTTP][39m [90m{"name":"NATIVE_APP"}[39m
[35m[HTTP][39m [37m<-- POST /wd/hub/session/a0bb13a4-72f7-42f7-bb18-8d9a625c9c61/context [39m[32m200[39m [90m2 ms - 14[39m
[35m[HTTP][39m [90m[39m
[35m[HTTP][39m [37m-->[39m [37mPOST[39m [37m/wd/hub/session/a0bb13a4-72f7-42f7-bb18-8d9a625c9c61/appium/device/press_keycode[39m
[35m[HTTP][39m [90m{"keycode":4}[39m
[35m[HTTP][39m [37m<-- POST /wd/hub/session/a0bb13a4-72f7-42f7-bb18-8d9a625c9c61/appium/device/press_keycode [39m[32m200[39m [90m159 ms - 14[39m
[35m[HTTP][39m [90m[39m
[35m[HTTP][39m [37m-->[39m [37mPOST[39m [37m/wd/hub/session/a0bb13a4-72f7-42f7-bb18-8d9a625c9c61/context[39m
[35m[HTTP][39m [90m{"name":"NATIVE_APP"}[39m
[35m[HTTP][39m [37m<-- POST /wd/hub/session/a0bb13a4-72f7-42f7-bb18-8d9a625c9c61/context [39m[32m200[39m [90m2 ms - 14[39m
[35m[HTTP][39m [90m[39m
[35m[HTTP][39m [37m-->[39m [37mPOST[39m [37m/wd/hub/session/a0bb13a4-72f7-42f7-bb18-8d9a625c9c61/timeouts[39m
[35m[HTTP][39m [90m{"implicit":50}[39m
[35m[HTTP][39m [37m<-- POST /wd/hub/session/a0bb13a4-72f7-42f7-bb18-8d9a625c9c61/timeouts [39m[32m200[39m [90m2 ms - 14[39m
[35m[HTTP][39m [90m[39m
[35m[HTTP][39m [37m-->[39m [37mGET[39m [37m/wd/hub/session/a0bb13a4-72f7-42f7-bb18-8d9a625c9c61/window/rect[39m
[35m[HTTP][39m [90m{}[39m
[35m[HTTP][39m [37m<-- GET /wd/hub/session/a0bb13a4-72f7-42f7-bb18-8d9a625c9c61/window/rect [39m[32m200[39m [90m30 ms - 50[39m
[35m[HTTP][39m [90m[39m
[35m[HTTP][39m [37m-->[39m [37mPOST[39m [37m/wd/hub/session/a0bb13a4-72f7-42f7-bb18-8d9a625c9c61/elements[39m
[35m[HTTP][39m [90m{"using":"xpath","value":"//*[@class = 'android.widget.Button' and (@text = 'TIDAK' or . = 'TIDAK') and @resource-id = 'android:id/button2']"}[39m
[35m[HTTP][39m [37m<-- POST /wd/hub/session/a0bb13a4-72f7-42f7-bb18-8d9a625c9c61/elements [39m[32m200[39m [90m888 ms - 139[39m
[35m[HTTP][39m [90m[39m
[35m[HTTP][39m [37m-->[39m [37mGET[39m [37m/wd/hub/session/a0bb13a4-72f7-42f7-bb18-8d9a625c9c61/element/00000000-0000-074f-ffff-ffff00001b4b/location[39m
[35m[HTTP][39m [90m{}[39m
[35m[W3C (a0bb13a4)][39m Driver proxy active, passing request on via HTTP proxy
[35m[WD Proxy][39m Replacing sessionId d690c7f8-b93c-448a-9bf8-2fe3dffb525e with a0bb13a4-72f7-42f7-bb18-8d9a625c9c61
[35m[HTTP][39m [37m<-- GET /wd/hub/session/a0bb13a4-72f7-42f7-bb18-8d9a625c9c61/element/00000000-0000-074f-ffff-ffff00001b4b/location [39m[32m200[39m [90m29 ms - 79[39m
[35m[HTTP][39m [90m[39m
[35m[HTTP][39m [37m-->[39m [37mPOST[39m [37m/wd/hub/session/a0bb13a4-72f7-42f7-bb18-8d9a625c9c61/timeouts[39m
[35m[HTTP][39m [90m{"implicit":30000}[39m
[35m[HTTP][39m [37m<-- POST /wd/hub/session/a0bb13a4-72f7-42f7-bb18-8d9a625c9c61/timeouts [39m[32m200[39m [90m2 ms - 14[39m
[35m[HTTP][39m [90m[39m
[35m[HTTP][39m [37m-->[39m [37mPOST[39m [37m/wd/hub/session/a0bb13a4-72f7-42f7-bb18-8d9a625c9c61/touch/perform[39m
[35m[HTTP][39m [90m{"actions":[{"action":"tap","options":{"x":1,"y":1,"element":"00000000-0000-074f-ffff-ffff00001b4b"}},{"action":"release","options":{}}]}[39m
[35m[UiAutomator2][39m calling get location: 00000000-0000-074f-ffff-ffff00001b4b
[35m[HTTP][39m [37m<-- POST /wd/hub/session/a0bb13a4-72f7-42f7-bb18-8d9a625c9c61/touch/perform [39m[32m200[39m [90m222 ms - 14[39m
[35m[HTTP][39m [90m[39m
[35m[HTTP][39m [37m-->[39m [37mPOST[39m [37m/wd/hub/session/a0bb13a4-72f7-42f7-bb18-8d9a625c9c61/timeouts[39m
[35m[HTTP][39m [90m{"implicit":50}[39m
[35m[HTTP][39m [37m<-- POST /wd/hub/session/a0bb13a4-72f7-42f7-bb18-8d9a625c9c61/timeouts [39m[32m200[39m [90m4 ms - 14[39m
[35m[HTTP][39m [90m[39m
[35m[HTTP][39m [37m-->[39m [37mGET[39m [37m/wd/hub/session/a0bb13a4-72f7-42f7-bb18-8d9a625c9c61/window/rect[39m
[35m[HTTP][39m [90m{}[39m
[35m[HTTP][39m [37m<-- GET /wd/hub/session/a0bb13a4-72f7-42f7-bb18-8d9a625c9c61/window/rect [39m[32m200[39m [90m18 ms - 50[39m
[35m[HTTP][39m [90m[39m
[35m[HTTP][39m [37m-->[39m [37mPOST[39m [37m/wd/hub/session/a0bb13a4-72f7-42f7-bb18-8d9a625c9c61/elements[39m
[35m[HTTP][39m [90m{"using":"xpath","value":"//*[@class = 'android.widget.ImageView' and @resource-id = 'com.vq.mbrochuregp.client.android:id/iv_home_billing_icon' and (@text = '' or . = '')]"}[39m
[35m[HTTP][39m [37m<-- POST /wd/hub/session/a0bb13a4-72f7-42f7-bb18-8d9a625c9c61/elements [39m[32m200[39m [90m1098 ms - 139[39m
[35m[HTTP][39m [90m[39m
[35m[HTTP][39m [37m-->[39m [37mGET[39m [37m/wd/hub/session/a0bb13a4-72f7-42f7-bb18-8d9a625c9c61/element/00000000-0000-0742-ffff-ffff00001b03/location[39m
[35m[HTTP][39m [90m{}[39m
[35m[W3C (a0bb13a4)][39m Driver proxy active, passing request on via HTTP proxy
[35m[WD Proxy][39m Replacing sessionId d690c7f8-b93c-448a-9bf8-2fe3dffb525e with a0bb13a4-72f7-42f7-bb18-8d9a625c9c61
[35m[HTTP][39m [37m<-- GET /wd/hub/session/a0bb13a4-72f7-42f7-bb18-8d9a625c9c61/element/00000000-0000-0742-ffff-ffff00001b03/location [39m[32m200[39m [90m37 ms - 79[39m
[35m[HTTP][39m [90m[39m
[35m[HTTP][39m [37m-->[39m [37mPOST[39m [37m/wd/hub/session/a0bb13a4-72f7-42f7-bb18-8d9a625c9c61/timeouts[39m
[35m[HTTP][39m [90m{"implicit":30000}[39m
[35m[HTTP][39m [37m<-- POST /wd/hub/session/a0bb13a4-72f7-42f7-bb18-8d9a625c9c61/timeouts [39m[32m200[39m [90m2 ms - 14[39m
[35m[HTTP][39m [90m[39m
[35m[HTTP][39m [37m-->[39m [37mPOST[39m [37m/wd/hub/session/a0bb13a4-72f7-42f7-bb18-8d9a625c9c61/touch/perform[39m
[35m[HTTP][39m [90m{"actions":[{"action":"tap","options":{"x":1,"y":1,"element":"00000000-0000-0742-ffff-ffff00001b03"}},{"action":"release","options":{}}]}[39m
[35m[UiAutomator2][39m calling get location: 00000000-0000-0742-ffff-ffff00001b03
[35m[HTTP][39m [37m<-- POST /wd/hub/session/a0bb13a4-72f7-42f7-bb18-8d9a625c9c61/touch/perform [39m[32m200[39m [90m284 ms - 14[39m
[35m[HTTP][39m [90m[39m
[35m[HTTP][39m [37m-->[39m [37mGET[39m [37m/wd/hub/session/a0bb13a4-72f7-42f7-bb18-8d9a625c9c61/context[39m
[35m[HTTP][39m [90m{}[39m
[35m[HTTP][39m [37m<-- GET /wd/hub/session/a0bb13a4-72f7-42f7-bb18-8d9a625c9c61/context [39m[32m200[39m [90m4 ms - 22[39m
[35m[HTTP][39m [90m[39m
[35m[HTTP][39m [37m-->[39m [37mGET[39m [37m/wd/hub/session/a0bb13a4-72f7-42f7-bb18-8d9a625c9c61/contexts[39m
[35m[HTTP][39m [90m{}[39m
[35m[HTTP][39m [37m<-- GET /wd/hub/session/a0bb13a4-72f7-42f7-bb18-8d9a625c9c61/contexts [39m[32m200[39m [90m133 ms - 24[39m
[35m[HTTP][39m [90m[39m
[35m[HTTP][39m [37m-->[39m [37mPOST[39m [37m/wd/hub/session/a0bb13a4-72f7-42f7-bb18-8d9a625c9c61/context[39m
[35m[HTTP][39m [90m{"name":"NATIVE_APP"}[39m
[35m[HTTP][39m [37m<-- POST /wd/hub/session/a0bb13a4-72f7-42f7-bb18-8d9a625c9c61/context [39m[32m200[39m [90m2 ms - 14[39m
[35m[HTTP][39m [90m[39m
[35m[HTTP][39m [37m-->[39m [37mGET[39m [37m/wd/hub/session/a0bb13a4-72f7-42f7-bb18-8d9a625c9c61/window/rect[39m
[35m[HTTP][39m [90m{}[39m
[35m[HTTP][39m [37m<-- GET /wd/hub/session/a0bb13a4-72f7-42f7-bb18-8d9a625c9c61/window/rect [39m[32m200[39m [90m60 ms - 50[39m
[35m[HTTP][39m [90m[39m
[35m[HTTP][39m [37m-->[39m [37mPOST[39m [37m/wd/hub/session/a0bb13a4-72f7-42f7-bb18-8d9a625c9c61/execute/sync[39m
[35m[HTTP][39m [90m{"script":"mobile: viewportScreenshot","args":[]}[39m
[35m[AndroidDriver][39m Executing native command 'mobile: viewportScreenshot'
[35m[HTTP][39m [37m<-- POST /wd/hub/session/a0bb13a4-72f7-42f7-bb18-8d9a625c9c61/execute/sync [39m[32m200[39m [90m1496 ms - 142932[39m
[35m[HTTP][39m [90m[39m
[35m[HTTP][39m [37m-->[39m [37mPOST[39m [37m/wd/hub/session/a0bb13a4-72f7-42f7-bb18-8d9a625c9c61/context[39m
[35m[HTTP][39m [90m{"name":"NATIVE_APP"}[39m
[35m[HTTP][39m [37m<-- POST /wd/hub/session/a0bb13a4-72f7-42f7-bb18-8d9a625c9c61/context [39m[32m200[39m [90m2 ms - 14[39m
[35m[HTTP][39m [90m[39m
[35m[HTTP][39m [37m-->[39m [37mPOST[39m [37m/wd/hub/session/a0bb13a4-72f7-42f7-bb18-8d9a625c9c61/timeouts[39m
[35m[HTTP][39m [90m{"implicit":50}[39m
[35m[HTTP][39m [37m<-- POST /wd/hub/session/a0bb13a4-72f7-42f7-bb18-8d9a625c9c61/timeouts [39m[32m200[39m [90m2 ms - 14[39m
[35m[HTTP][39m [90m[39m
[35m[HTTP][39m [37m-->[39m [37mGET[39m [37m/wd/hub/session/a0bb13a4-72f7-42f7-bb18-8d9a625c9c61/window/rect[39m
[35m[HTTP][39m [90m{}[39m
[35m[HTTP][39m [37m<-- GET /wd/hub/session/a0bb13a4-72f7-42f7-bb18-8d9a625c9c61/window/rect [39m[32m200[39m [90m54 ms - 50[39m
[35m[HTTP][39m [90m[39m
[35m[HTTP][39m [37m-->[39m [37mPOST[39m [37m/wd/hub/session/a0bb13a4-72f7-42f7-bb18-8d9a625c9c61/elements[39m
[35m[HTTP][39m [90m{"using":"xpath","value":"//*[@class = 'android.widget.TextView' and (@text = 'Sudah Dibayar' or . = 'Sudah Dibayar')]"}[39m
[35m[HTTP][39m [37m<-- POST /wd/hub/session/a0bb13a4-72f7-42f7-bb18-8d9a625c9c61/elements [39m[32m200[39m [90m779 ms - 139[39m
[35m[HTTP][39m [90m[39m
[35m[HTTP][39m [37m-->[39m [37mGET[39m [37m/wd/hub/session/a0bb13a4-72f7-42f7-bb18-8d9a625c9c61/element/00000000-0000-0751-ffff-ffff00001b63/location[39m
[35m[HTTP][39m [90m{}[39m
[35m[W3C (a0bb13a4)][39m Driver proxy active, passing request on via HTTP proxy
[35m[WD Proxy][39m Replacing sessionId d690c7f8-b93c-448a-9bf8-2fe3dffb525e with a0bb13a4-72f7-42f7-bb18-8d9a625c9c61
[35m[HTTP][39m [37m<-- GET /wd/hub/session/a0bb13a4-72f7-42f7-bb18-8d9a625c9c61/element/00000000-0000-0751-ffff-ffff00001b63/location [39m[32m200[39m [90m686 ms - 78[39m
[35m[HTTP][39m [90m[39m
[35m[HTTP][39m [37m-->[39m [37mPOST[39m [37m/wd/hub/session/a0bb13a4-72f7-42f7-bb18-8d9a625c9c61/timeouts[39m
[35m[HTTP][39m [90m{"implicit":30000}[39m
[35m[HTTP][39m [37m<-- POST /wd/hub/session/a0bb13a4-72f7-42f7-bb18-8d9a625c9c61/timeouts [39m[32m200[39m [90m2 ms - 14[39m
[35m[HTTP][39m [90m[39m
[35m[HTTP][39m [37m-->[39m [37mPOST[39m [37m/wd/hub/session/a0bb13a4-72f7-42f7-bb18-8d9a625c9c61/touch/perform[39m
[35m[HTTP][39m [90m{"actions":[{"action":"tap","options":{"x":1,"y":1,"element":"00000000-0000-0751-ffff-ffff00001b63"}},{"action":"release","options":{}}]}[39m
[35m[UiAutomator2][39m calling get location: 00000000-0000-0751-ffff-ffff00001b63
[35m[HTTP][39m [37m<-- POST /wd/hub/session/a0bb13a4-72f7-42f7-bb18-8d9a625c9c61/touch/perform [39m[32m200[39m [90m1022 ms - 14[39m
[35m[HTTP][39m [90m[39m
[35m[HTTP][39m [37m-->[39m [37mGET[39m [37m/wd/hub/session/a0bb13a4-72f7-42f7-bb18-8d9a625c9c61/context[39m
[35m[HTTP][39m [90m{}[39m
[35m[HTTP][39m [37m<-- GET /wd/hub/session/a0bb13a4-72f7-42f7-bb18-8d9a625c9c61/context [39m[32m200[39m [90m2 ms - 22[39m
[35m[HTTP][39m [90m[39m
[35m[HTTP][39m [37m-->[39m [37mGET[39m [37m/wd/hub/session/a0bb13a4-72f7-42f7-bb18-8d9a625c9c61/contexts[39m
[35m[HTTP][39m [90m{}[39m
[35m[HTTP][39m [37m<-- GET /wd/hub/session/a0bb13a4-72f7-42f7-bb18-8d9a625c9c61/contexts [39m[32m200[39m [90m122 ms - 24[39m
[35m[HTTP][39m [90m[39m
[35m[HTTP][39m [37m-->[39m [37mPOST[39m [37m/wd/hub/session/a0bb13a4-72f7-42f7-bb18-8d9a625c9c61/context[39m
[35m[HTTP][39m [90m{"name":"NATIVE_APP"}[39m
[35m[HTTP][39m [37m<-- POST /wd/hub/session/a0bb13a4-72f7-42f7-bb18-8d9a625c9c61/context [39m[32m200[39m [90m2 ms - 14[39m
[35m[HTTP][39m [90m[39m
[35m[HTTP][39m [37m-->[39m [37mGET[39m [37m/wd/hub/session/a0bb13a4-72f7-42f7-bb18-8d9a625c9c61/window/rect[39m
[35m[HTTP][39m [90m{}[39m
[35m[HTTP][39m [37m<-- GET /wd/hub/session/a0bb13a4-72f7-42f7-bb18-8d9a625c9c61/window/rect [39m[32m200[39m [90m43 ms - 50[39m
[35m[HTTP][39m [90m[39m
[35m[HTTP][39m [37m-->[39m [37mPOST[39m [37m/wd/hub/session/a0bb13a4-72f7-42f7-bb18-8d9a625c9c61/execute/sync[39m
[35m[HTTP][39m [90m{"script":"mobile: viewportScreenshot","args":[]}[39m
[35m[AndroidDriver][39m Executing native command 'mobile: viewportScreenshot'
[35m[HTTP][39m [37m<-- POST /wd/hub/session/a0bb13a4-72f7-42f7-bb18-8d9a625c9c61/execute/sync [39m[32m200[39m [90m1504 ms - 168432[39m
[35m[HTTP][39m [90m[39m
[35m[HTTP][39m [37m-->[39m [37mPOST[39m [37m/wd/hub/session/a0bb13a4-72f7-42f7-bb18-8d9a625c9c61/context[39m
[35m[HTTP][39m [90m{"name":"NATIVE_APP"}[39m
[35m[HTTP][39m [37m<-- POST /wd/hub/session/a0bb13a4-72f7-42f7-bb18-8d9a625c9c61/context [39m[32m200[39m [90m1 ms - 14[39m
[35m[HTTP][39m [90m[39m
[35m[HTTP][39m [37m-->[39m [37mPOST[39m [37m/wd/hub/session/a0bb13a4-72f7-42f7-bb18-8d9a625c9c61/timeouts[39m
[35m[HTTP][39m [90m{"implicit":50}[39m
[35m[HTTP][39m [37m<-- POST /wd/hub/session/a0bb13a4-72f7-42f7-bb18-8d9a625c9c61/timeouts [39m[32m200[39m [90m1 ms - 14[39m
[35m[HTTP][39m [90m[39m
[35m[HTTP][39m [37m-->[39m [37mGET[39m [37m/wd/hub/session/a0bb13a4-72f7-42f7-bb18-8d9a625c9c61/window/rect[39m
[35m[HTTP][39m [90m{}[39m
[35m[HTTP][39m [37m<-- GET /wd/hub/session/a0bb13a4-72f7-42f7-bb18-8d9a625c9c61/window/rect [39m[32m200[39m [90m50 ms - 50[39m
[35m[HTTP][39m [90m[39m
[35m[HTTP][39m [37m-->[39m [37mPOST[39m [37m/wd/hub/session/a0bb13a4-72f7-42f7-bb18-8d9a625c9c61/elements[39m
[35m[HTTP][39m [90m{"using":"xpath","value":"//*[@class = 'android.widget.TextView' and (@text = 'Belum Dibayar' or . = 'Belum Dibayar')]"}[39m
[35m[HTTP][39m [37m<-- POST /wd/hub/session/a0bb13a4-72f7-42f7-bb18-8d9a625c9c61/elements [39m[32m200[39m [90m761 ms - 139[39m
[35m[HTTP][39m [90m[39m
[35m[HTTP][39m [37m-->[39m [37mGET[39m [37m/wd/hub/session/a0bb13a4-72f7-42f7-bb18-8d9a625c9c61/element/00000000-0000-0751-ffff-ffff00001b60/location[39m
[35m[HTTP][39m [90m{}[39m
[35m[W3C (a0bb13a4)][39m Driver proxy active, passing request on via HTTP proxy
[35m[WD Proxy][39m Replacing sessionId d690c7f8-b93c-448a-9bf8-2fe3dffb525e with a0bb13a4-72f7-42f7-bb18-8d9a625c9c61
[35m[HTTP][39m [37m<-- GET /wd/hub/session/a0bb13a4-72f7-42f7-bb18-8d9a625c9c61/element/00000000-0000-0751-ffff-ffff00001b60/location [39m[32m200[39m [90m635 ms - 78[39m
[35m[HTTP][39m [90m[39m
[35m[HTTP][39m [37m-->[39m [37mPOST[39m [37m/wd/hub/session/a0bb13a4-72f7-42f7-bb18-8d9a625c9c61/timeouts[39m
[35m[HTTP][39m [90m{"implicit":30000}[39m
[35m[HTTP][39m [37m<-- POST /wd/hub/session/a0bb13a4-72f7-42f7-bb18-8d9a625c9c61/timeouts [39m[32m200[39m [90m3 ms - 14[39m
[35m[HTTP][39m [90m[39m
[35m[HTTP][39m [37m-->[39m [37mPOST[39m [37m/wd/hub/session/a0bb13a4-72f7-42f7-bb18-8d9a625c9c61/touch/perform[39m
[35m[HTTP][39m [90m{"actions":[{"action":"tap","options":{"x":1,"y":1,"element":"00000000-0000-0751-ffff-ffff00001b60"}},{"action":"release","options":{}}]}[39m
[35m[UiAutomator2][39m calling get location: 00000000-0000-0751-ffff-ffff00001b60
[35m[HTTP][39m [37m<-- POST /wd/hub/session/a0bb13a4-72f7-42f7-bb18-8d9a625c9c61/touch/perform [39m[32m200[39m [90m288 ms - 14[39m
[35m[HTTP][39m [90m[39m
[35m[HTTP][39m [37m-->[39m [37mPOST[39m [37m/wd/hub/session/a0bb13a4-72f7-42f7-bb18-8d9a625c9c61/timeouts[39m
[35m[HTTP][39m [90m{"implicit":50}[39m
[35m[HTTP][39m [37m<-- POST /wd/hub/session/a0bb13a4-72f7-42f7-bb18-8d9a625c9c61/timeouts [39m[32m200[39m [90m2 ms - 14[39m
[35m[HTTP][39m [90m[39m
[35m[HTTP][39m [37m-->[39m [37mGET[39m [37m/wd/hub/session/a0bb13a4-72f7-42f7-bb18-8d9a625c9c61/window/rect[39m
[35m[HTTP][39m [90m{}[39m
[35m[HTTP][39m [37m<-- GET /wd/hub/session/a0bb13a4-72f7-42f7-bb18-8d9a625c9c61/window/rect [39m[32m200[39m [90m29 ms - 50[39m
[35m[HTTP][39m [90m[39m
[35m[HTTP][39m [37m-->[39m [37mPOST[39m [37m/wd/hub/session/a0bb13a4-72f7-42f7-bb18-8d9a625c9c61/elements[39m
[35m[HTTP][39m [90m{"using":"xpath","value":"//hierarchy/android.widget.FrameLayout[1]/android.widget.LinearLayout[1]/android.widget.FrameLayout[1]/android.widget.LinearLayout[1]/android.widget.FrameLayout[1]/android.view.ViewGroup[1]/androidx.viewpager.widget.ViewPager[1]/android.widget.FrameLayout[1]/android.view.ViewGroup[1]/android.widget.ScrollView[1]/android.widget.LinearLayout[1]/androidx.recyclerview.widget.RecyclerView[1]/android.widget.LinearLayout[1]/android.widget.RelativeLayout[1]"}[39m
[35m[HTTP][39m [37m<-- POST /wd/hub/session/a0bb13a4-72f7-42f7-bb18-8d9a625c9c61/elements [39m[32m200[39m [90m820 ms - 139[39m
[35m[HTTP][39m [90m[39m
[35m[HTTP][39m [37m-->[39m [37mGET[39m [37m/wd/hub/session/a0bb13a4-72f7-42f7-bb18-8d9a625c9c61/element/00000000-0000-0751-ffff-ffff00001ba1/location[39m
[35m[HTTP][39m [90m{}[39m
[35m[W3C (a0bb13a4)][39m Driver proxy active, passing request on via HTTP proxy
[35m[WD Proxy][39m Replacing sessionId d690c7f8-b93c-448a-9bf8-2fe3dffb525e with a0bb13a4-72f7-42f7-bb18-8d9a625c9c61
[35m[HTTP][39m [37m<-- GET /wd/hub/session/a0bb13a4-72f7-42f7-bb18-8d9a625c9c61/element/00000000-0000-0751-ffff-ffff00001ba1/location [39m[32m200[39m [90m35 ms - 77[39m
[35m[HTTP][39m [90m[39m
[35m[HTTP][39m [37m-->[39m [37mPOST[39m [37m/wd/hub/session/a0bb13a4-72f7-42f7-bb18-8d9a625c9c61/timeouts[39m
[35m[HTTP][39m [90m{"implicit":30000}[39m
[35m[HTTP][39m [37m<-- POST /wd/hub/session/a0bb13a4-72f7-42f7-bb18-8d9a625c9c61/timeouts [39m[32m200[39m [90m2 ms - 14[39m
[35m[HTTP][39m [90m[39m
[35m[HTTP][39m [37m-->[39m [37mPOST[39m [37m/wd/hub/session/a0bb13a4-72f7-42f7-bb18-8d9a625c9c61/touch/perform[39m
[35m[HTTP][39m [90m{"actions":[{"action":"tap","options":{"x":1,"y":1,"element":"00000000-0000-0751-ffff-ffff00001ba1"}},{"action":"release","options":{}}]}[39m
[35m[UiAutomator2][39m calling get location: 00000000-0000-0751-ffff-ffff00001ba1
[35m[HTTP][39m [37m<-- POST /wd/hub/session/a0bb13a4-72f7-42f7-bb18-8d9a625c9c61/touch/perform [39m[32m200[39m [90m824 ms - 14[39m
[35m[HTTP][39m [90m[39m
[35m[HTTP][39m [37m-->[39m [37mGET[39m [37m/wd/hub/session/a0bb13a4-72f7-42f7-bb18-8d9a625c9c61/context[39m
[35m[HTTP][39m [90m{}[39m
[35m[HTTP][39m [37m<-- GET /wd/hub/session/a0bb13a4-72f7-42f7-bb18-8d9a625c9c61/context [39m[32m200[39m [90m2 ms - 22[39m
[35m[HTTP][39m [90m[39m
[35m[HTTP][39m [37m-->[39m [37mGET[39m [37m/wd/hub/session/a0bb13a4-72f7-42f7-bb18-8d9a625c9c61/contexts[39m
[35m[HTTP][39m [90m{}[39m
[35m[HTTP][39m [37m<-- GET /wd/hub/session/a0bb13a4-72f7-42f7-bb18-8d9a625c9c61/contexts [39m[32m200[39m [90m118 ms - 24[39m
[35m[HTTP][39m [90m[39m
[35m[HTTP][39m [37m-->[39m [37mPOST[39m [37m/wd/hub/session/a0bb13a4-72f7-42f7-bb18-8d9a625c9c61/context[39m
[35m[HTTP][39m [90m{"name":"NATIVE_APP"}[39m
[35m[HTTP][39m [37m<-- POST /wd/hub/session/a0bb13a4-72f7-42f7-bb18-8d9a625c9c61/context [39m[32m200[39m [90m2 ms - 14[39m
[35m[HTTP][39m [90m[39m
[35m[HTTP][39m [37m-->[39m [37mGET[39m [37m/wd/hub/session/a0bb13a4-72f7-42f7-bb18-8d9a625c9c61/window/rect[39m
[35m[HTTP][39m [90m{}[39m
[35m[HTTP][39m [37m<-- GET /wd/hub/session/a0bb13a4-72f7-42f7-bb18-8d9a625c9c61/window/rect [39m[32m200[39m [90m41 ms - 50[39m
[35m[HTTP][39m [90m[39m
[35m[HTTP][39m [37m-->[39m [37mPOST[39m [37m/wd/hub/session/a0bb13a4-72f7-42f7-bb18-8d9a625c9c61/execute/sync[39m
[35m[HTTP][39m [90m{"script":"mobile: viewportScreenshot","args":[]}[39m
[35m[AndroidDriver][39m Executing native command 'mobile: viewportScreenshot'
[35m[HTTP][39m [37m<-- POST /wd/hub/session/a0bb13a4-72f7-42f7-bb18-8d9a625c9c61/execute/sync [39m[32m200[39m [90m1362 ms - 212164[39m
[35m[HTTP][39m [90m[39m
[35m[HTTP][39m [37m-->[39m [37mPOST[39m [37m/wd/hub/session/a0bb13a4-72f7-42f7-bb18-8d9a625c9c61/context[39m
[35m[HTTP][39m [90m{"name":"NATIVE_APP"}[39m
[35m[HTTP][39m [37m<-- POST /wd/hub/session/a0bb13a4-72f7-42f7-bb18-8d9a625c9c61/context [39m[32m200[39m [90m2 ms - 14[39m
[35m[HTTP][39m [90m[39m
[35m[HTTP][39m [37m-->[39m [37mPOST[39m [37m/wd/hub/session/a0bb13a4-72f7-42f7-bb18-8d9a625c9c61/timeouts[39m
[35m[HTTP][39m [90m{"implicit":50}[39m
[35m[HTTP][39m [37m<-- POST /wd/hub/session/a0bb13a4-72f7-42f7-bb18-8d9a625c9c61/timeouts [39m[32m200[39m [90m2 ms - 14[39m
[35m[HTTP][39m [90m[39m
[35m[HTTP][39m [37m-->[39m [37mGET[39m [37m/wd/hub/session/a0bb13a4-72f7-42f7-bb18-8d9a625c9c61/window/rect[39m
[35m[HTTP][39m [90m{}[39m
[35m[HTTP][39m [37m<-- GET /wd/hub/session/a0bb13a4-72f7-42f7-bb18-8d9a625c9c61/window/rect [39m[32m200[39m [90m49 ms - 50[39m
[35m[HTTP][39m [90m[39m
[35m[HTTP][39m [37m-->[39m [37mPOST[39m [37m/wd/hub/session/a0bb13a4-72f7-42f7-bb18-8d9a625c9c61/elements[39m
[35m[HTTP][39m [90m{"using":"xpath","value":"//*[@class = 'android.widget.Button' and (@text = 'Email' or . = 'Email') and @resource-id = 'com.vq.mbrochuregp.client.android:id/btn_billing_detail_email']"}[39m
[35m[HTTP][39m [37m<-- POST /wd/hub/session/a0bb13a4-72f7-42f7-bb18-8d9a625c9c61/elements [39m[32m200[39m [90m374 ms - 139[39m
[35m[HTTP][39m [90m[39m
[35m[HTTP][39m [37m-->[39m [37mGET[39m [37m/wd/hub/session/a0bb13a4-72f7-42f7-bb18-8d9a625c9c61/element/00000000-0000-0752-ffff-ffff00001bfb/location[39m
[35m[HTTP][39m [90m{}[39m
[35m[W3C (a0bb13a4)][39m Driver proxy active, passing request on via HTTP proxy
[35m[WD Proxy][39m Replacing sessionId d690c7f8-b93c-448a-9bf8-2fe3dffb525e with a0bb13a4-72f7-42f7-bb18-8d9a625c9c61
[35m[HTTP][39m [37m<-- GET /wd/hub/session/a0bb13a4-72f7-42f7-bb18-8d9a625c9c61/element/00000000-0000-0752-ffff-ffff00001bfb/location [39m[32m200[39m [90m33 ms - 79[39m
[35m[HTTP][39m [90m[39m
[35m[HTTP][39m [37m-->[39m [37mPOST[39m [37m/wd/hub/session/a0bb13a4-72f7-42f7-bb18-8d9a625c9c61/timeouts[39m
[35m[HTTP][39m [90m{"implicit":30000}[39m
[35m[HTTP][39m [37m<-- POST /wd/hub/session/a0bb13a4-72f7-42f7-bb18-8d9a625c9c61/timeouts [39m[32m200[39m [90m2 ms - 14[39m
[35m[HTTP][39m [90m[39m
[35m[HTTP][39m [37m-->[39m [37mPOST[39m [37m/wd/hub/session/a0bb13a4-72f7-42f7-bb18-8d9a625c9c61/touch/perform[39m
[35m[HTTP][39m [90m{"actions":[{"action":"tap","options":{"x":1,"y":1,"element":"00000000-0000-0752-ffff-ffff00001bfb"}},{"action":"release","options":{}}]}[39m
[35m[UiAutomator2][39m calling get location: 00000000-0000-0752-ffff-ffff00001bfb
[35m[HTTP][39m [37m<-- POST /wd/hub/session/a0bb13a4-72f7-42f7-bb18-8d9a625c9c61/touch/perform [39m[32m200[39m [90m778 ms - 14[39m
[35m[HTTP][39m [90m[39m
[35m[HTTP][39m [37m-->[39m [37mGET[39m [37m/wd/hub/session/a0bb13a4-72f7-42f7-bb18-8d9a625c9c61/context[39m
[35m[HTTP][39m [90m{}[39m
[35m[HTTP][39m [37m<-- GET /wd/hub/session/a0bb13a4-72f7-42f7-bb18-8d9a625c9c61/context [39m[32m200[39m [90m1 ms - 22[39m
[35m[HTTP][39m [90m[39m
[35m[HTTP][39m [37m-->[39m [37mGET[39m [37m/wd/hub/session/a0bb13a4-72f7-42f7-bb18-8d9a625c9c61/contexts[39m
[35m[HTTP][39m [90m{}[39m
[35m[HTTP][39m [37m<-- GET /wd/hub/session/a0bb13a4-72f7-42f7-bb18-8d9a625c9c61/contexts [39m[32m200[39m [90m118 ms - 24[39m
[35m[HTTP][39m [90m[39m
[35m[HTTP][39m [37m-->[39m [37mPOST[39m [37m/wd/hub/session/a0bb13a4-72f7-42f7-bb18-8d9a625c9c61/context[39m
[35m[HTTP][39m [90m{"name":"NATIVE_APP"}[39m
[35m[HTTP][39m [37m<-- POST /wd/hub/session/a0bb13a4-72f7-42f7-bb18-8d9a625c9c61/context [39m[32m200[39m [90m2 ms - 14[39m
[35m[HTTP][39m [90m[39m
[35m[HTTP][39m [37m-->[39m [37mGET[39m [37m/wd/hub/session/a0bb13a4-72f7-42f7-bb18-8d9a625c9c61/window/rect[39m
[35m[HTTP][39m [90m{}[39m
[35m[HTTP][39m [37m<-- GET /wd/hub/session/a0bb13a4-72f7-42f7-bb18-8d9a625c9c61/window/rect [39m[32m200[39m [90m35 ms - 50[39m
[35m[HTTP][39m [90m[39m
[35m[HTTP][39m [37m-->[39m [37mPOST[39m [37m/wd/hub/session/a0bb13a4-72f7-42f7-bb18-8d9a625c9c61/execute/sync[39m
[35m[HTTP][39m [90m{"script":"mobile: viewportScreenshot","args":[]}[39m
[35m[AndroidDriver][39m Executing native command 'mobile: viewportScreenshot'
[35m[HTTP][39m [37m<-- POST /wd/hub/session/a0bb13a4-72f7-42f7-bb18-8d9a625c9c61/execute/sync [39m[32m200[39m [90m1234 ms - 206648[39m
[35m[HTTP][39m [90m[39m
[35m[HTTP][39m [37m-->[39m [37mPOST[39m [37m/wd/hub/session/a0bb13a4-72f7-42f7-bb18-8d9a625c9c61/context[39m
[35m[HTTP][39m [90m{"name":"NATIVE_APP"}[39m
[35m[HTTP][39m [37m<-- POST /wd/hub/session/a0bb13a4-72f7-42f7-bb18-8d9a625c9c61/context [39m[32m200[39m [90m1 ms - 14[39m
[35m[HTTP][39m [90m[39m
[35m[HTTP][39m [37m-->[39m [37mPOST[39m [37m/wd/hub/session/a0bb13a4-72f7-42f7-bb18-8d9a625c9c61/timeouts[39m
[35m[HTTP][39m [90m{"implicit":50}[39m
[35m[HTTP][39m [37m<-- POST /wd/hub/session/a0bb13a4-72f7-42f7-bb18-8d9a625c9c61/timeouts [39m[32m200[39m [90m1 ms - 14[39m
[35m[HTTP][39m [90m[39m
[35m[HTTP][39m [37m-->[39m [37mGET[39m [37m/wd/hub/session/a0bb13a4-72f7-42f7-bb18-8d9a625c9c61/window/rect[39m
[35m[HTTP][39m [90m{}[39m
[35m[HTTP][39m [37m<-- GET /wd/hub/session/a0bb13a4-72f7-42f7-bb18-8d9a625c9c61/window/rect [39m[32m200[39m [90m34 ms - 50[39m
[35m[HTTP][39m [90m[39m
[35m[HTTP][39m [37m-->[39m [37mPOST[39m [37m/wd/hub/session/a0bb13a4-72f7-42f7-bb18-8d9a625c9c61/elements[39m
[35m[HTTP][39m [90m{"using":"xpath","value":"//*[@class = 'android.widget.Button' and (@text = 'Kirim' or . = 'Kirim') and @resource-id = 'com.vq.mbrochuregp.client.android:id/btn_stnk_send_email_send_email']"}[39m
[35m[HTTP][39m [37m<-- POST /wd/hub/session/a0bb13a4-72f7-42f7-bb18-8d9a625c9c61/elements [39m[32m200[39m [90m195 ms - 139[39m
[35m[HTTP][39m [90m[39m
[35m[HTTP][39m [37m-->[39m [37mGET[39m [37m/wd/hub/session/a0bb13a4-72f7-42f7-bb18-8d9a625c9c61/element/00000000-0000-0753-ffff-ffff00001c16/location[39m
[35m[HTTP][39m [90m{}[39m
[35m[W3C (a0bb13a4)][39m Driver proxy active, passing request on via HTTP proxy
[35m[WD Proxy][39m Replacing sessionId d690c7f8-b93c-448a-9bf8-2fe3dffb525e with a0bb13a4-72f7-42f7-bb18-8d9a625c9c61
[35m[HTTP][39m [37m<-- GET /wd/hub/session/a0bb13a4-72f7-42f7-bb18-8d9a625c9c61/element/00000000-0000-0753-ffff-ffff00001c16/location [39m[32m200[39m [90m36 ms - 78[39m
[35m[HTTP][39m [90m[39m
[35m[HTTP][39m [37m-->[39m [37mPOST[39m [37m/wd/hub/session/a0bb13a4-72f7-42f7-bb18-8d9a625c9c61/timeouts[39m
[35m[HTTP][39m [90m{"implicit":30000}[39m
[35m[HTTP][39m [37m<-- POST /wd/hub/session/a0bb13a4-72f7-42f7-bb18-8d9a625c9c61/timeouts [39m[32m200[39m [90m2 ms - 14[39m
[35m[HTTP][39m [90m[39m
[35m[HTTP][39m [37m-->[39m [37mPOST[39m [37m/wd/hub/session/a0bb13a4-72f7-42f7-bb18-8d9a625c9c61/touch/perform[39m
[35m[HTTP][39m [90m{"actions":[{"action":"tap","options":{"x":1,"y":1,"element":"00000000-0000-0753-ffff-ffff00001c16"}},{"action":"release","options":{}}]}[39m
[35m[UiAutomator2][39m calling get location: 00000000-0000-0753-ffff-ffff00001c16
[35m[HTTP][39m [37m<-- POST /wd/hub/session/a0bb13a4-72f7-42f7-bb18-8d9a625c9c61/touch/perform [39m[32m200[39m [90m1474 ms - 14[39m
[35m[HTTP][39m [90m[39m
[35m[HTTP][39m [37m-->[39m [37mGET[39m [37m/wd/hub/session/a0bb13a4-72f7-42f7-bb18-8d9a625c9c61/context[39m
[35m[HTTP][39m [90m{}[39m
[35m[HTTP][39m [37m<-- GET /wd/hub/session/a0bb13a4-72f7-42f7-bb18-8d9a625c9c61/context [39m[32m200[39m [90m2 ms - 22[39m
[35m[HTTP][39m [90m[39m
[35m[HTTP][39m [37m-->[39m [37mGET[39m [37m/wd/hub/session/a0bb13a4-72f7-42f7-bb18-8d9a625c9c61/contexts[39m
[35m[HTTP][39m [90m{}[39m
[35m[HTTP][39m [37m<-- GET /wd/hub/session/a0bb13a4-72f7-42f7-bb18-8d9a625c9c61/contexts [39m[32m200[39m [90m128 ms - 24[39m
[35m[HTTP][39m [90m[39m
[35m[HTTP][39m [37m-->[39m [37mPOST[39m [37m/wd/hub/session/a0bb13a4-72f7-42f7-bb18-8d9a625c9c61/context[39m
[35m[HTTP][39m [90m{"name":"NATIVE_APP"}[39m
[35m[HTTP][39m [37m<-- POST /wd/hub/session/a0bb13a4-72f7-42f7-bb18-8d9a625c9c61/context [39m[32m200[39m [90m1 ms - 14[39m
[35m[HTTP][39m [90m[39m
[35m[HTTP][39m [37m-->[39m [37mGET[39m [37m/wd/hub/session/a0bb13a4-72f7-42f7-bb18-8d9a625c9c61/window/rect[39m
[35m[HTTP][39m [90m{}[39m
[35m[HTTP][39m [37m<-- GET /wd/hub/session/a0bb13a4-72f7-42f7-bb18-8d9a625c9c61/window/rect [39m[32m200[39m [90m23 ms - 50[39m
[35m[HTTP][39m [90m[39m
[35m[HTTP][39m [37m-->[39m [37mPOST[39m [37m/wd/hub/session/a0bb13a4-72f7-42f7-bb18-8d9a625c9c61/execute/sync[39m
[35m[HTTP][39m [90m{"script":"mobile: viewportScreenshot","args":[]}[39m
[35m[AndroidDriver][39m Executing native command 'mobile: viewportScreenshot'
[35m[HTTP][39m [37m<-- POST /wd/hub/session/a0bb13a4-72f7-42f7-bb18-8d9a625c9c61/execute/sync [39m[32m200[39m [90m1397 ms - 291116[39m
[35m[HTTP][39m [90m[39m
[35m[HTTP][39m [37m-->[39m [37mPOST[39m [37m/wd/hub/session/a0bb13a4-72f7-42f7-bb18-8d9a625c9c61/context[39m
[35m[HTTP][39m [90m{"name":"NATIVE_APP"}[39m
[35m[HTTP][39m [37m<-- POST /wd/hub/session/a0bb13a4-72f7-42f7-bb18-8d9a625c9c61/context [39m[32m200[39m [90m1 ms - 14[39m
[35m[HTTP][39m [90m[39m
[35m[HTTP][39m [37m-->[39m [37mGET[39m [37m/wd/hub/session/a0bb13a4-72f7-42f7-bb18-8d9a625c9c61/context[39m
[35m[HTTP][39m [90m{}[39m
[35m[HTTP][39m [37m<-- GET /wd/hub/session/a0bb13a4-72f7-42f7-bb18-8d9a625c9c61/context [39m[32m200[39m [90m1 ms - 22[39m
[35m[HTTP][39m [90m[39m
[35m[HTTP][39m [37m-->[39m [37mGET[39m [37m/wd/hub/session/a0bb13a4-72f7-42f7-bb18-8d9a625c9c61/contexts[39m
[35m[HTTP][39m [90m{}[39m
[35m[HTTP][39m [37m<-- GET /wd/hub/session/a0bb13a4-72f7-42f7-bb18-8d9a625c9c61/contexts [39m[32m200[39m [90m95 ms - 24[39m
[35m[HTTP][39m [90m[39m
[35m[HTTP][39m [37m-->[39m [37mPOST[39m [37m/wd/hub/session/a0bb13a4-72f7-42f7-bb18-8d9a625c9c61/context[39m
[35m[HTTP][39m [90m{"name":"NATIVE_APP"}[39m
[35m[HTTP][39m [37m<-- POST /wd/hub/session/a0bb13a4-72f7-42f7-bb18-8d9a625c9c61/context [39m[32m200[39m [90m1 ms - 14[39m
[35m[HTTP][39m [90m[39m
[35m[HTTP][39m [37m-->[39m [37mPOST[39m [37m/wd/hub/session/a0bb13a4-72f7-42f7-bb18-8d9a625c9c61/appium/device/press_keycode[39m
[35m[HTTP][39m [90m{"keycode":4}[39m
[35m[HTTP][39m [37m<-- POST /wd/hub/session/a0bb13a4-72f7-42f7-bb18-8d9a625c9c61/appium/device/press_keycode [39m[32m200[39m [90m777 ms - 14[39m
[35m[HTTP][39m [90m[39m
[35m[HTTP][39m [37m-->[39m [37mPOST[39m [37m/wd/hub/session/a0bb13a4-72f7-42f7-bb18-8d9a625c9c61/context[39m
[35m[HTTP][39m [90m{"name":"NATIVE_APP"}[39m
[35m[HTTP][39m [37m<-- POST /wd/hub/session/a0bb13a4-72f7-42f7-bb18-8d9a625c9c61/context [39m[32m200[39m [90m2 ms - 14[39m
[35m[HTTP][39m [90m[39m
[35m[HTTP][39m [37m-->[39m [37mGET[39m [37m/wd/hub/session/a0bb13a4-72f7-42f7-bb18-8d9a625c9c61/context[39m
[35m[HTTP][39m [90m{}[39m
[35m[HTTP][39m [37m<-- GET /wd/hub/session/a0bb13a4-72f7-42f7-bb18-8d9a625c9c61/context [39m[32m200[39m [90m2 ms - 22[39m
[35m[HTTP][39m [90m[39m
[35m[HTTP][39m [37m-->[39m [37mGET[39m [37m/wd/hub/session/a0bb13a4-72f7-42f7-bb18-8d9a625c9c61/contexts[39m
[35m[HTTP][39m [90m{}[39m
[35m[HTTP][39m [37m<-- GET /wd/hub/session/a0bb13a4-72f7-42f7-bb18-8d9a625c9c61/contexts [39m[32m200[39m [90m95 ms - 24[39m
[35m[HTTP][39m [90m[39m
[35m[HTTP][39m [37m-->[39m [37mPOST[39m [37m/wd/hub/session/a0bb13a4-72f7-42f7-bb18-8d9a625c9c61/context[39m
[35m[HTTP][39m [90m{"name":"NATIVE_APP"}[39m
[35m[HTTP][39m [37m<-- POST /wd/hub/session/a0bb13a4-72f7-42f7-bb18-8d9a625c9c61/context [39m[32m200[39m [90m1 ms - 14[39m
[35m[HTTP][39m [90m[39m
[35m[HTTP][39m [37m-->[39m [37mPOST[39m [37m/wd/hub/session/a0bb13a4-72f7-42f7-bb18-8d9a625c9c61/appium/device/press_keycode[39m
[35m[HTTP][39m [90m{"keycode":4}[39m
[35m[HTTP][39m [37m<-- POST /wd/hub/session/a0bb13a4-72f7-42f7-bb18-8d9a625c9c61/appium/device/press_keycode [39m[32m200[39m [90m994 ms - 14[39m
[35m[HTTP][39m [90m[39m
[35m[HTTP][39m [37m-->[39m [37mPOST[39m [37m/wd/hub/session/a0bb13a4-72f7-42f7-bb18-8d9a625c9c61/context[39m
[35m[HTTP][39m [90m{"name":"NATIVE_APP"}[39m
[35m[HTTP][39m [37m<-- POST /wd/hub/session/a0bb13a4-72f7-42f7-bb18-8d9a625c9c61/context [39m[32m200[39m [90m2 ms - 14[39m
[35m[HTTP][39m [90m[39m
[35m[HTTP][39m [37m-->[39m [37mGET[39m [37m/wd/hub/session/a0bb13a4-72f7-42f7-bb18-8d9a625c9c61/window/rect[39m
[35m[HTTP][39m [90m{}[39m
[35m[HTTP][39m [37m<-- GET /wd/hub/session/a0bb13a4-72f7-42f7-bb18-8d9a625c9c61/window/rect [39m[32m200[39m [90m19 ms - 50[39m
[35m[HTTP][39m [90m[39m
[35m[HTTP][39m [37m-->[39m [37mPOST[39m [37m/wd/hub/session/a0bb13a4-72f7-42f7-bb18-8d9a625c9c61/elements[39m
[35m[HTTP][39m [90m{"using":"xpath","value":"//*[@resource-id = 'com.vq.mbrochuregp.client.android:id/iv_home_profil_icon' and @package = 'com.vq.mbrochuregp.client.android']"}[39m
[35m[HTTP][39m [37m<-- POST /wd/hub/session/a0bb13a4-72f7-42f7-bb18-8d9a625c9c61/elements [39m[32m200[39m [90m1680 ms - 139[39m
[35m[HTTP][39m [90m[39m
[35m[HTTP][39m [37m-->[39m [37mGET[39m [37m/wd/hub/session/a0bb13a4-72f7-42f7-bb18-8d9a625c9c61/element/00000000-0000-0751-ffff-ffff00001b71/location[39m
[35m[HTTP][39m [90m{}[39m
[35m[W3C (a0bb13a4)][39m Driver proxy active, passing request on via HTTP proxy
[35m[WD Proxy][39m Replacing sessionId d690c7f8-b93c-448a-9bf8-2fe3dffb525e with a0bb13a4-72f7-42f7-bb18-8d9a625c9c61
[35m[HTTP][39m [37m<-- GET /wd/hub/session/a0bb13a4-72f7-42f7-bb18-8d9a625c9c61/element/00000000-0000-0751-ffff-ffff00001b71/location [39m[32m200[39m [90m26 ms - 79[39m
[35m[HTTP][39m [90m[39m
[35m[HTTP][39m [37m-->[39m [37mPOST[39m [37m/wd/hub/session/a0bb13a4-72f7-42f7-bb18-8d9a625c9c61/element/00000000-0000-0751-ffff-ffff00001b71/click[39m
[35m[HTTP][39m [90m{"id":"00000000-0000-0751-ffff-ffff00001b71"}[39m
[35m[HTTP][39m [37m<-- POST /wd/hub/session/a0bb13a4-72f7-42f7-bb18-8d9a625c9c61/element/00000000-0000-0751-ffff-ffff00001b71/click [39m[32m200[39m [90m531 ms - 14[39m
[35m[HTTP][39m [90m[39m
[35m[HTTP][39m [37m-->[39m [37mDELETE[39m [37m/wd/hub/session/a0bb13a4-72f7-42f7-bb18-8d9a625c9c61[39m
[35m[HTTP][39m [90m{}[39m
[35m[Appium][39m Removing session a0bb13a4-72f7-42f7-bb18-8d9a625c9c61 from our master session list
[35m[UiAutomator2][39m Restoring hidden api policy to the device default configuration
[35m[HTTP][39m [37m<-- DELETE /wd/hub/session/a0bb13a4-72f7-42f7-bb18-8d9a625c9c61 [39m[32m200[39m [90m628 ms - 14[39m
[35m[HTTP][39m [90m[39m
